#
# There is insufficient memory for the Java Runtime Environment to continue.
# Native memory allocation (malloc) failed to allocate 32744 bytes for ChunkPool::allocate
# Possible reasons:
#   The system is out of physical RAM or swap space
#   The process is running with CompressedOops enabled, and the Java Heap may be blocking the growth of the native heap
# Possible solutions:
#   Reduce memory load on the system
#   Increase physical memory or swap space
#   Check if swap backing store is full
#   Decrease Java heap size (-Xmx/-Xms)
#   Decrease number of Java threads
#   Decrease Java thread stack sizes (-Xss)
#   Set larger code cache with -XX:ReservedCodeCacheSize=
#   JVM is running with Unscaled Compressed Oops mode in which the Java heap is
#     placed in the first 4GB address space. The Java Heap base address is the
#     maximum limit for the native heap growth. Please use -XX:HeapBaseMinAddress
#     to set the Java Heap base and to place the Java Heap above 4GB virtual address.
# This output file may be truncated or incomplete.
#
#  Out of Memory Error (arena.cpp:79), pid=10420, tid=6472
#
# JRE version: Java(TM) SE Runtime Environment (16.0.2+7) (build 16.0.2+7-67)
# Java VM: Java HotSpot(TM) 64-Bit Server VM (16.0.2+7-67, mixed mode, sharing, tiered, compressed oops, compressed class ptrs, g1 gc, windows-amd64)
# No core dump will be written. Minidumps are not enabled by default on client versions of Windows
#

---------------  S U M M A R Y ------------

Command Line: -Dclassworlds.conf=C:\Program Files\NetBeans-12.5\netbeans\java\maven\bin\..\bin\m2.conf -Dmaven.home=C:\Program Files\NetBeans-12.5\netbeans\java\maven\bin\.. -Dlibrary.jansi.path=C:\Program Files\NetBeans-12.5\netbeans\java\maven\bin\..\lib\jansi-native -Dmaven.multiModuleProjectDirectory=C:\Users\dell\Documents\NetBeansProjects\ContadorDeMercadorias\api.rest org.codehaus.plexus.classworlds.launcher.Launcher -Dexec.vmArgs= -Dexec.args=${exec.vmArgs} -classpath %classpath ${exec.mainClass} ${exec.appArgs} -Dexec.executable=C:\Program Files\Java\jdk-16.0.2\bin\java.exe -Dexec.mainClass=com.project.api.controler.NewMain -Dexec.classpathScope=runtime -Dexec.appArgs= -Dmaven.ext.class.path=C:\Program Files\NetBeans-12.5\netbeans\java\maven-nblib\netbeans-eventspy.jar -Dfile.encoding=UTF-8 process-classes org.codehaus.mojo:exec-maven-plugin:3.0.0:exec

Host: Intel(R) Core(TM) i3-7020U CPU @ 2.30GHz, 4 cores, 3G,  Windows 10 , 64 bit Build 19041 (10.0.19041.1348)
Time: Mon Dec 13 11:09:44 2021 Hora oficial do Brasil elapsed time: 8.512475 seconds (0d 0h 0m 8s)

---------------  T H R E A D  ---------------

Current thread (0x00000228b96662b0):  JavaThread "C2 CompilerThread1" daemon [_thread_in_native, id=6472, stack(0x000000fb8cd00000,0x000000fb8ce00000)]


Current CompileTask:
C2:   8512 2986   !   4       org.codehaus.plexus.interpolation.StringSearchInterpolator::interpolate (650 bytes)

Stack: [0x000000fb8cd00000,0x000000fb8ce00000]
Native frames: (J=compiled Java code, j=interpreted, Vv=VM code, C=native code)
V  [jvm.dll+0x6681ca]
V  [jvm.dll+0x7c9e69]
V  [jvm.dll+0x7cb61e]
V  [jvm.dll+0x7cbc73]
V  [jvm.dll+0x242c55]
V  [jvm.dll+0xae10f]
V  [jvm.dll+0xae45c]
V  [jvm.dll+0x35fc8c]
V  [jvm.dll+0x558028]
V  [jvm.dll+0x557040]
V  [jvm.dll+0x557933]
V  [jvm.dll+0x324e10]
V  [jvm.dll+0x32428a]
V  [jvm.dll+0x215cec]
V  [jvm.dll+0x215100]
V  [jvm.dll+0x1a1beb]
V  [jvm.dll+0x225158]
V  [jvm.dll+0x22319c]
V  [jvm.dll+0x77fa62]
V  [jvm.dll+0x7795aa]
V  [jvm.dll+0x667066]
C  [ucrtbase.dll+0x21bb2]
C  [KERNEL32.DLL+0x17034]
C  [ntdll.dll+0x52651]


---------------  P R O C E S S  ---------------

Threads class SMR info:
_java_thread_list=0x00000228b9763d70, length=12, elements={
0x000002289cbc01c0, 0x00000228b7ca4a40, 0x00000228b7ca5810, 0x00000228b7cbcfb0,
0x00000228b7cbd9c0, 0x00000228b7cc02e0, 0x00000228b7cc0fd0, 0x00000228b7cc49f0,
0x00000228b7d2c9d0, 0x00000228b884b990, 0x00000228b88545c0, 0x00000228b96662b0
}

Java Threads: ( => current thread )
  0x000002289cbc01c0 JavaThread "main" [_thread_blocked, id=7272, stack(0x000000fb8b600000,0x000000fb8b700000)]
  0x00000228b7ca4a40 JavaThread "Reference Handler" daemon [_thread_blocked, id=9120, stack(0x000000fb8bd00000,0x000000fb8be00000)]
  0x00000228b7ca5810 JavaThread "Finalizer" daemon [_thread_blocked, id=3572, stack(0x000000fb8be00000,0x000000fb8bf00000)]
  0x00000228b7cbcfb0 JavaThread "Attach Listener" daemon [_thread_blocked, id=9304, stack(0x000000fb8c000000,0x000000fb8c100000)]
  0x00000228b7cbd9c0 JavaThread "Service Thread" daemon [_thread_blocked, id=5256, stack(0x000000fb8c100000,0x000000fb8c200000)]
  0x00000228b7cc02e0 JavaThread "Monitor Deflation Thread" daemon [_thread_blocked, id=4840, stack(0x000000fb8c200000,0x000000fb8c300000)]
  0x00000228b7cc0fd0 JavaThread "C2 CompilerThread0" daemon [_thread_in_native, id=4492, stack(0x000000fb8c300000,0x000000fb8c400000)]
  0x00000228b7cc49f0 JavaThread "C1 CompilerThread0" daemon [_thread_in_native, id=5480, stack(0x000000fb8c400000,0x000000fb8c500000)]
  0x00000228b7d2c9d0 JavaThread "Sweeper thread" daemon [_thread_blocked, id=4576, stack(0x000000fb8c500000,0x000000fb8c600000)]
  0x00000228b884b990 JavaThread "Notification Thread" daemon [_thread_blocked, id=3592, stack(0x000000fb8c600000,0x000000fb8c700000)]
  0x00000228b88545c0 JavaThread "Common-Cleaner" daemon [_thread_blocked, id=10276, stack(0x000000fb8c800000,0x000000fb8c900000)]
=>0x00000228b96662b0 JavaThread "C2 CompilerThread1" daemon [_thread_in_native, id=6472, stack(0x000000fb8cd00000,0x000000fb8ce00000)]

Other Threads:
  0x00000228b7ca0740 VMThread "VM Thread" [stack: 0x000000fb8bc00000,0x000000fb8bd00000] [id=9732] _threads_hazard_ptr=0x00000228b9763d70
  0x000002289cbeec70 GCTaskThread "GC Thread#0" [stack: 0x000000fb8b700000,0x000000fb8b800000] [id=11952]
  0x00000228b8f1a870 GCTaskThread "GC Thread#1" [stack: 0x000000fb8ca00000,0x000000fb8cb00000] [id=5604]
  0x00000228b9163950 GCTaskThread "GC Thread#2" [stack: 0x000000fb8cb00000,0x000000fb8cc00000] [id=9596]
  0x00000228b9163c60 GCTaskThread "GC Thread#3" [stack: 0x000000fb8cc00000,0x000000fb8cd00000] [id=3340]
  0x000002289cbf78c0 ConcurrentGCThread "G1 Main Marker" terminated
  0x000002289cbf8240 ConcurrentGCThread "G1 Conc#0" [stack: 0x000000fb8b900000,0x000000fb8ba00000] [id=4132]
  0x000002289cc467a0 ConcurrentGCThread "G1 Refine#0" terminated
  0x000002289cc47130 ConcurrentGCThread "G1 Service" terminated

Threads with active compile tasks:
C2 CompilerThread0     8926 3091   !   4       sun.nio.cs.StreamDecoder::read (196 bytes)
C1 CompilerThread0     8926 3215       1       org.eclipse.aether.resolution.ArtifactRequest::getDependencyNode (5 bytes)
C2 CompilerThread1     8926 2986   !   4       org.codehaus.plexus.interpolation.StringSearchInterpolator::interpolate (650 bytes)

VM state: at safepoint (normal execution)

VM Mutex/Monitor currently owned by a thread:  ([mutex/lock_event])
[0x000002289cbb9730] Threads_lock - owner thread: 0x00000228b7ca0740
[0x000002289cbb8fe0] Heap_lock - owner thread: 0x000002289cbc01c0

Heap address: 0x00000000c1800000, size: 1000 MB, Compressed Oops mode: 32-bit

CDS archive(s) mapped at: [0x0000000800000000-0x0000000800bb0000-0x0000000800bb0000), size 12255232, SharedBaseAddress: 0x0000000800000000, ArchiveRelocationMode: 0.
Compressed class space mapped at: 0x0000000800c00000-0x0000000840c00000, reserved size: 1073741824
Narrow klass base: 0x0000000800000000, Narrow klass shift: 3, Narrow klass range: 0x100000000

GC Precious Log:
 CPUs: 4 total, 4 available
 Memory: 3996M
 Large Page Support: Disabled
 NUMA Support: Disabled
 Compressed Oops: Enabled (32-bit)
 Heap Region Size: 1M
 Heap Min Capacity: 8M
 Heap Initial Capacity: 64M
 Heap Max Capacity: 1000M
 Pre-touch: Disabled
 Parallel Workers: 4
 Concurrent Workers: 1
 Concurrent Refinement Workers: 4
 Periodic GC: Disabled

Heap:
 garbage-first heap   total 65536K, used 36118K [0x00000000c1800000, 0x0000000100000000)
  region size 1024K, 32 young (32768K), 5 survivors (5120K)
 Metaspace       used 13330K, committed 13440K, reserved 1064960K
  class space    used 1483K, committed 1536K, reserved 1048576K

Heap Regions: E=young(eden), S=young(survivor), O=old, HS=humongous(starts), HC=humongous(continues), CS=collection set, F=free, OA=open archive, CA=closed archive, TAMS=top-at-mark-start (previous, next)
|   0|0x00000000c1800000, 0x00000000c1900000, 0x00000000c1900000|100%| O|  |TAMS 0x00000000c1800000, 0x00000000c1800000| Untracked 
|   1|0x00000000c1900000, 0x00000000c1a00000, 0x00000000c1a00000|100%| O|  |TAMS 0x00000000c1900000, 0x00000000c1900000| Untracked 
|   2|0x00000000c1a00000, 0x00000000c1b00000, 0x00000000c1b00000|100%| O|  |TAMS 0x00000000c1a00000, 0x00000000c1a00000| Untracked 
|   3|0x00000000c1b00000, 0x00000000c1c00000, 0x00000000c1c00000|100%| O|  |TAMS 0x00000000c1b00000, 0x00000000c1b00000| Untracked 
|   4|0x00000000c1c00000, 0x00000000c1c45a00, 0x00000000c1d00000| 27%| O|  |TAMS 0x00000000c1c00000, 0x00000000c1c00000| Untracked 
|   5|0x00000000c1d00000, 0x00000000c1d00000, 0x00000000c1e00000|  0%| F|  |TAMS 0x00000000c1d00000, 0x00000000c1d00000| Untracked 
|   6|0x00000000c1e00000, 0x00000000c1e00000, 0x00000000c1f00000|  0%| F|  |TAMS 0x00000000c1e00000, 0x00000000c1e00000| Untracked 
|   7|0x00000000c1f00000, 0x00000000c1f00000, 0x00000000c2000000|  0%| F|  |TAMS 0x00000000c1f00000, 0x00000000c1f00000| Untracked 
|   8|0x00000000c2000000, 0x00000000c2000000, 0x00000000c2100000|  0%| F|  |TAMS 0x00000000c2000000, 0x00000000c2000000| Untracked 
|   9|0x00000000c2100000, 0x00000000c2100000, 0x00000000c2200000|  0%| F|  |TAMS 0x00000000c2100000, 0x00000000c2100000| Untracked 
|  10|0x00000000c2200000, 0x00000000c2200000, 0x00000000c2300000|  0%| F|  |TAMS 0x00000000c2200000, 0x00000000c2200000| Untracked 
|  11|0x00000000c2300000, 0x00000000c2300000, 0x00000000c2400000|  0%| F|  |TAMS 0x00000000c2300000, 0x00000000c2300000| Untracked 
|  12|0x00000000c2400000, 0x00000000c2400000, 0x00000000c2500000|  0%| F|  |TAMS 0x00000000c2400000, 0x00000000c2400000| Untracked 
|  13|0x00000000c2500000, 0x00000000c2500000, 0x00000000c2600000|  0%| F|  |TAMS 0x00000000c2500000, 0x00000000c2500000| Untracked 
|  14|0x00000000c2600000, 0x00000000c2600000, 0x00000000c2700000|  0%| F|  |TAMS 0x00000000c2600000, 0x00000000c2600000| Untracked 
|  15|0x00000000c2700000, 0x00000000c2700000, 0x00000000c2800000|  0%| F|  |TAMS 0x00000000c2700000, 0x00000000c2700000| Untracked 
|  16|0x00000000c2800000, 0x00000000c2800000, 0x00000000c2900000|  0%| F|  |TAMS 0x00000000c2800000, 0x00000000c2800000| Untracked 
|  17|0x00000000c2900000, 0x00000000c2900000, 0x00000000c2a00000|  0%| F|  |TAMS 0x00000000c2900000, 0x00000000c2900000| Untracked 
|  18|0x00000000c2a00000, 0x00000000c2a00000, 0x00000000c2b00000|  0%| F|  |TAMS 0x00000000c2a00000, 0x00000000c2a00000| Untracked 
|  19|0x00000000c2b00000, 0x00000000c2b00000, 0x00000000c2c00000|  0%| F|  |TAMS 0x00000000c2b00000, 0x00000000c2b00000| Untracked 
|  20|0x00000000c2c00000, 0x00000000c2c00000, 0x00000000c2d00000|  0%| F|  |TAMS 0x00000000c2c00000, 0x00000000c2c00000| Untracked 
|  21|0x00000000c2d00000, 0x00000000c2e00000, 0x00000000c2e00000|100%| S|CS|TAMS 0x00000000c2d00000, 0x00000000c2d00000| Complete 
|  22|0x00000000c2e00000, 0x00000000c2f00000, 0x00000000c2f00000|100%| S|CS|TAMS 0x00000000c2e00000, 0x00000000c2e00000| Complete 
|  23|0x00000000c2f00000, 0x00000000c3000000, 0x00000000c3000000|100%| S|CS|TAMS 0x00000000c2f00000, 0x00000000c2f00000| Complete 
|  24|0x00000000c3000000, 0x00000000c3100000, 0x00000000c3100000|100%| S|CS|TAMS 0x00000000c3000000, 0x00000000c3000000| Complete 
|  25|0x00000000c3100000, 0x00000000c3200000, 0x00000000c3200000|100%| S|CS|TAMS 0x00000000c3100000, 0x00000000c3100000| Complete 
|  26|0x00000000c3200000, 0x00000000c3200000, 0x00000000c3300000|  0%| F|  |TAMS 0x00000000c3200000, 0x00000000c3200000| Untracked 
|  27|0x00000000c3300000, 0x00000000c3300000, 0x00000000c3400000|  0%| F|  |TAMS 0x00000000c3300000, 0x00000000c3300000| Untracked 
|  28|0x00000000c3400000, 0x00000000c3400000, 0x00000000c3500000|  0%| F|  |TAMS 0x00000000c3400000, 0x00000000c3400000| Untracked 
|  29|0x00000000c3500000, 0x00000000c3500000, 0x00000000c3600000|  0%| F|  |TAMS 0x00000000c3500000, 0x00000000c3500000| Untracked 
|  30|0x00000000c3600000, 0x00000000c3600000, 0x00000000c3700000|  0%| F|  |TAMS 0x00000000c3600000, 0x00000000c3600000| Untracked 
|  31|0x00000000c3700000, 0x00000000c3700000, 0x00000000c3800000|  0%| F|  |TAMS 0x00000000c3700000, 0x00000000c3700000| Untracked 
|  32|0x00000000c3800000, 0x00000000c3800000, 0x00000000c3900000|  0%| F|  |TAMS 0x00000000c3800000, 0x00000000c3800000| Untracked 
|  33|0x00000000c3900000, 0x00000000c3900000, 0x00000000c3a00000|  0%| F|  |TAMS 0x00000000c3900000, 0x00000000c3900000| Untracked 
|  34|0x00000000c3a00000, 0x00000000c3a00000, 0x00000000c3b00000|  0%| F|  |TAMS 0x00000000c3a00000, 0x00000000c3a00000| Untracked 
|  35|0x00000000c3b00000, 0x00000000c3b00000, 0x00000000c3c00000|  0%| F|  |TAMS 0x00000000c3b00000, 0x00000000c3b00000| Untracked 
|  36|0x00000000c3c00000, 0x00000000c3c00000, 0x00000000c3d00000|  0%| F|  |TAMS 0x00000000c3c00000, 0x00000000c3c00000| Untracked 
|  37|0x00000000c3d00000, 0x00000000c3dd4fe0, 0x00000000c3e00000| 83%| E|  |TAMS 0x00000000c3d00000, 0x00000000c3d00000| Complete 
|  38|0x00000000c3e00000, 0x00000000c3f00000, 0x00000000c3f00000|100%| E|CS|TAMS 0x00000000c3e00000, 0x00000000c3e00000| Complete 
|  39|0x00000000c3f00000, 0x00000000c4000000, 0x00000000c4000000|100%| E|CS|TAMS 0x00000000c3f00000, 0x00000000c3f00000| Complete 
|  40|0x00000000c4000000, 0x00000000c4100000, 0x00000000c4100000|100%| E|CS|TAMS 0x00000000c4000000, 0x00000000c4000000| Complete 
|  41|0x00000000c4100000, 0x00000000c4200000, 0x00000000c4200000|100%| E|CS|TAMS 0x00000000c4100000, 0x00000000c4100000| Complete 
|  42|0x00000000c4200000, 0x00000000c4300000, 0x00000000c4300000|100%| E|CS|TAMS 0x00000000c4200000, 0x00000000c4200000| Complete 
|  43|0x00000000c4300000, 0x00000000c4400000, 0x00000000c4400000|100%| E|CS|TAMS 0x00000000c4300000, 0x00000000c4300000| Complete 
|  44|0x00000000c4400000, 0x00000000c4500000, 0x00000000c4500000|100%| E|CS|TAMS 0x00000000c4400000, 0x00000000c4400000| Complete 
|  45|0x00000000c4500000, 0x00000000c4600000, 0x00000000c4600000|100%| E|CS|TAMS 0x00000000c4500000, 0x00000000c4500000| Complete 
|  46|0x00000000c4600000, 0x00000000c4700000, 0x00000000c4700000|100%| E|CS|TAMS 0x00000000c4600000, 0x00000000c4600000| Complete 
|  47|0x00000000c4700000, 0x00000000c4800000, 0x00000000c4800000|100%| E|CS|TAMS 0x00000000c4700000, 0x00000000c4700000| Complete 
|  48|0x00000000c4800000, 0x00000000c4900000, 0x00000000c4900000|100%| E|CS|TAMS 0x00000000c4800000, 0x00000000c4800000| Complete 
|  49|0x00000000c4900000, 0x00000000c4a00000, 0x00000000c4a00000|100%| E|CS|TAMS 0x00000000c4900000, 0x00000000c4900000| Complete 
|  50|0x00000000c4a00000, 0x00000000c4b00000, 0x00000000c4b00000|100%| E|CS|TAMS 0x00000000c4a00000, 0x00000000c4a00000| Complete 
|  51|0x00000000c4b00000, 0x00000000c4c00000, 0x00000000c4c00000|100%| E|CS|TAMS 0x00000000c4b00000, 0x00000000c4b00000| Complete 
|  52|0x00000000c4c00000, 0x00000000c4d00000, 0x00000000c4d00000|100%| E|CS|TAMS 0x00000000c4c00000, 0x00000000c4c00000| Complete 
|  53|0x00000000c4d00000, 0x00000000c4e00000, 0x00000000c4e00000|100%| E|CS|TAMS 0x00000000c4d00000, 0x00000000c4d00000| Complete 
|  54|0x00000000c4e00000, 0x00000000c4f00000, 0x00000000c4f00000|100%| E|CS|TAMS 0x00000000c4e00000, 0x00000000c4e00000| Complete 
|  55|0x00000000c4f00000, 0x00000000c5000000, 0x00000000c5000000|100%| E|CS|TAMS 0x00000000c4f00000, 0x00000000c4f00000| Complete 
|  56|0x00000000c5000000, 0x00000000c5100000, 0x00000000c5100000|100%| E|CS|TAMS 0x00000000c5000000, 0x00000000c5000000| Complete 
|  57|0x00000000c5100000, 0x00000000c5200000, 0x00000000c5200000|100%| E|CS|TAMS 0x00000000c5100000, 0x00000000c5100000| Complete 
|  58|0x00000000c5200000, 0x00000000c5300000, 0x00000000c5300000|100%| E|CS|TAMS 0x00000000c5200000, 0x00000000c5200000| Complete 
|  59|0x00000000c5300000, 0x00000000c5400000, 0x00000000c5400000|100%| E|CS|TAMS 0x00000000c5300000, 0x00000000c5300000| Complete 
|  60|0x00000000c5400000, 0x00000000c5500000, 0x00000000c5500000|100%| E|CS|TAMS 0x00000000c5400000, 0x00000000c5400000| Complete 
|  61|0x00000000c5500000, 0x00000000c5600000, 0x00000000c5600000|100%| E|CS|TAMS 0x00000000c5500000, 0x00000000c5500000| Complete 
|  62|0x00000000c5600000, 0x00000000c5700000, 0x00000000c5700000|100%| E|CS|TAMS 0x00000000c5600000, 0x00000000c5600000| Complete 
|  63|0x00000000c5700000, 0x00000000c5800000, 0x00000000c5800000|100%| E|CS|TAMS 0x00000000c5700000, 0x00000000c5700000| Complete 

Card table byte_map: [0x00000228b3540000,0x00000228b3740000] _byte_map_base: 0x00000228b2f34000

Marking Bits (Prev, Next): (CMBitMap*) 0x000002289cbef1f0, (CMBitMap*) 0x000002289cbef230
 Prev Bits: [0x00000228b3940000, 0x00000228b48e0000)
 Next Bits: [0x00000228b48e0000, 0x00000228b5880000)

Polling page: 0x000002289aa90000

Metaspace:

Usage:
  Non-class:     11.57 MB used.
      Class:      1.45 MB used.
       Both:     13.02 MB used.

Virtual space:
  Non-class space:       16.00 MB reserved,      11.62 MB ( 73%) committed,  2 nodes.
      Class space:        1.00 GB reserved,       1.50 MB ( <1%) committed,  1 nodes.
              Both:        1.02 GB reserved,      13.12 MB (  1%) committed. 

Chunk freelists:
   Non-Class:  3.31 MB
       Class:  2.50 MB
        Both:  5.82 MB

MaxMetaspaceSize: 17179869184.00 GB
CompressedClassSpaceSize: 1.00 GB
 - commit_granule_bytes: 65536.
 - commit_granule_words: 8192.
 - virtual_space_node_default_size: 1048576.
 - enlarge_chunks_in_place: 1.
 - new_chunks_are_fully_committed: 0.
 - uncommit_free_chunks: 1.
 - use_allocation_guard: 0.
 - handle_deallocations: 1.


Internal statistics:

num_allocs_failed_limit: 0.
num_arena_births: 72.
num_arena_deaths: 0.
num_vsnodes_births: 3.
num_vsnodes_deaths: 0.
num_space_committed: 210.
num_space_uncommitted: 0.
num_chunks_returned_to_freelist: 0.
num_chunks_taken_from_freelist: 517.
num_chunk_merges: 0.
num_chunk_splits: 374.
num_chunks_enlarged: 296.
num_purges: 0.

CodeHeap 'non-profiled nmethods': size=120000Kb used=1470Kb max_used=1470Kb free=118530Kb
 bounds [0x00000228abe10000, 0x00000228ac080000, 0x00000228b3340000]
CodeHeap 'profiled nmethods': size=120000Kb used=6372Kb max_used=6372Kb free=113627Kb
 bounds [0x00000228a48e0000, 0x00000228a4f20000, 0x00000228abe10000]
CodeHeap 'non-nmethods': size=5760Kb used=1205Kb max_used=1254Kb free=4554Kb
 bounds [0x00000228a4340000, 0x00000228a45b0000, 0x00000228a48e0000]
 total_blobs=3695 nmethods=3199 adapters=407
 compilation: enabled
              stopped_count=0, restarted_count=0
 full_count=0

Compilation events (20 events):
Event: 8.311 Thread 0x00000228b7cc49f0 nmethod 3205 0x00000228a4f14e90 code [0x00000228a4f15020, 0x00000228a4f15178]
Event: 8.311 Thread 0x00000228b7cc49f0 3206       3       org.eclipse.aether.RepositoryEvent$Builder::setArtifact (7 bytes)
Event: 8.311 Thread 0x00000228b7cc49f0 nmethod 3206 0x00000228a4f15210 code [0x00000228a4f153a0, 0x00000228a4f154f8]
Event: 8.311 Thread 0x00000228b7cc49f0 3207   !   3       java.lang.Thread::blockedOn (27 bytes)
Event: 8.311 Thread 0x00000228b7cc49f0 nmethod 3207 0x00000228a4f15590 code [0x00000228a4f15740, 0x00000228a4f15998]
Event: 8.311 Thread 0x00000228b7cc49f0 3208       3       java.io.FileInputStream::read (9 bytes)
Event: 8.311 Thread 0x00000228b7cc49f0 nmethod 3208 0x00000228a4f15a90 code [0x00000228a4f15c40, 0x00000228a4f15d88]
Event: 8.312 Thread 0x00000228b7cc49f0 3209       3       java.io.File::getParent (65 bytes)
Event: 8.313 Thread 0x00000228b7cc49f0 nmethod 3209 0x00000228a4f15e90 code [0x00000228a4f160c0, 0x00000228a4f167b8]
Event: 8.317 Thread 0x00000228b7cc49f0 3210       3       java.util.HashMap::clear (50 bytes)
Event: 8.318 Thread 0x00000228b7cc49f0 nmethod 3210 0x00000228a4f16a90 code [0x00000228a4f16c40, 0x00000228a4f17038]
Event: 8.321 Thread 0x00000228b7cc49f0 3211       3       org.eclipse.aether.internal.impl.EnhancedLocalRepositoryManager::getKey (27 bytes)
Event: 8.322 Thread 0x00000228b7cc49f0 nmethod 3211 0x00000228a4f17190 code [0x00000228a4f173e0, 0x00000228a4f17a28]
Event: 8.335 Thread 0x00000228b7cc49f0 3212   !   3       java.nio.channels.spi.AbstractInterruptibleChannel::close (37 bytes)
Event: 8.335 Thread 0x00000228b7cc49f0 nmethod 3212 0x00000228a4f17c90 code [0x00000228a4f17e40, 0x00000228a4f181a8]
Event: 8.337 Thread 0x00000228b7cc49f0 3213       3       java.io.File::getParentFile (41 bytes)
Event: 8.337 Thread 0x00000228b7cc49f0 nmethod 3213 0x00000228a4f18290 code [0x00000228a4f18480, 0x00000228a4f18898]
Event: 8.342 Thread 0x00000228b7cc49f0 3214       3       org.eclipse.aether.artifact.AbstractArtifact::newInstance (27 bytes)
Event: 8.342 Thread 0x00000228b7cc49f0 nmethod 3214 0x00000228a4f18a10 code [0x00000228a4f18c00, 0x00000228a4f19128]
Event: 8.347 Thread 0x00000228b7cc49f0 3215       1       org.eclipse.aether.resolution.ArtifactRequest::getDependencyNode (5 bytes)

GC Heap History (8 events):
Event: 2.584 GC heap before
{Heap before GC invocations=0 (full 0):
 garbage-first heap   total 65536K, used 12288K [0x00000000c1800000, 0x0000000100000000)
  region size 1024K, 13 young (13312K), 0 survivors (0K)
 Metaspace       used 3534K, committed 3712K, reserved 1056768K
  class space    used 350K, committed 448K, reserved 1048576K
}
Event: 2.593 GC heap after
{Heap after GC invocations=1 (full 0):
 garbage-first heap   total 65536K, used 3088K [0x00000000c1800000, 0x0000000100000000)
  region size 1024K, 2 young (2048K), 2 survivors (2048K)
 Metaspace       used 3534K, committed 3712K, reserved 1056768K
  class space    used 350K, committed 448K, reserved 1048576K
}
Event: 3.373 GC heap before
{Heap before GC invocations=1 (full 0):
 garbage-first heap   total 65536K, used 16400K [0x00000000c1800000, 0x0000000100000000)
  region size 1024K, 15 young (15360K), 2 survivors (2048K)
 Metaspace       used 5125K, committed 5312K, reserved 1056768K
  class space    used 581K, committed 640K, reserved 1048576K
}
Event: 3.379 GC heap after
{Heap after GC invocations=2 (full 0):
 garbage-first heap   total 65536K, used 3746K [0x00000000c1800000, 0x0000000100000000)
  region size 1024K, 1 young (1024K), 1 survivors (1024K)
 Metaspace       used 5125K, committed 5312K, reserved 1056768K
  class space    used 581K, committed 640K, reserved 1048576K
}
Event: 4.819 GC heap before
{Heap before GC invocations=2 (full 0):
 garbage-first heap   total 65536K, used 28322K [0x00000000c1800000, 0x0000000100000000)
  region size 1024K, 26 young (26624K), 1 survivors (1024K)
 Metaspace       used 9167K, committed 9280K, reserved 1064960K
  class space    used 1089K, committed 1152K, reserved 1048576K
}
Event: 4.824 GC heap after
{Heap after GC invocations=3 (full 0):
 garbage-first heap   total 65536K, used 5042K [0x00000000c1800000, 0x0000000100000000)
  region size 1024K, 2 young (2048K), 2 survivors (2048K)
 Metaspace       used 9167K, committed 9280K, reserved 1064960K
  class space    used 1089K, committed 1152K, reserved 1048576K
}
Event: 7.533 GC heap before
{Heap before GC invocations=3 (full 0):
 garbage-first heap   total 65536K, used 41906K [0x00000000c1800000, 0x0000000100000000)
  region size 1024K, 38 young (38912K), 2 survivors (2048K)
 Metaspace       used 12857K, committed 13056K, reserved 1064960K
  class space    used 1454K, committed 1536K, reserved 1048576K
}
Event: 7.554 GC heap after
{Heap after GC invocations=4 (full 0):
 garbage-first heap   total 65536K, used 9494K [0x00000000c1800000, 0x0000000100000000)
  region size 1024K, 5 young (5120K), 5 survivors (5120K)
 Metaspace       used 12857K, committed 13056K, reserved 1064960K
  class space    used 1454K, committed 1536K, reserved 1048576K
}

Deoptimization events (20 events):
Event: 8.017 Thread 0x000002289cbc01c0 Uncommon trap: trap_request=0xffffffde fr.pc=0x00000228abe8380c relative=0x000000000000014c
Event: 8.017 Thread 0x000002289cbc01c0 Uncommon trap: reason=class_check action=maybe_recompile pc=0x00000228abe8380c method=java.nio.charset.CharsetDecoder.decode(Ljava/nio/ByteBuffer;Ljava/nio/CharBuffer;Z)Ljava/nio/charset/CoderResult; @ 57 c2
Event: 8.017 Thread 0x000002289cbc01c0 DEOPT PACKING pc=0x00000228abe8380c sp=0x000000fb8b6fc940
Event: 8.017 Thread 0x000002289cbc01c0 DEOPT UNPACKING pc=0x00000228a438d72e sp=0x000000fb8b6fc8e8 mode 2
Event: 8.017 Thread 0x000002289cbc01c0 Uncommon trap: trap_request=0xffffff45 fr.pc=0x00000228abee84a8 relative=0x0000000000002348
Event: 8.017 Thread 0x000002289cbc01c0 Uncommon trap: reason=unstable_if action=reinterpret pc=0x00000228abee84a8 method=org.codehaus.plexus.util.xml.pull.MXParser.isS(C)Z @ 21 c2
Event: 8.017 Thread 0x000002289cbc01c0 DEOPT PACKING pc=0x00000228abee84a8 sp=0x000000fb8b6fcc40
Event: 8.017 Thread 0x000002289cbc01c0 DEOPT UNPACKING pc=0x00000228a438d72e sp=0x000000fb8b6fcb78 mode 2
Event: 8.224 Thread 0x000002289cbc01c0 Uncommon trap: trap_request=0xffffff45 fr.pc=0x00000228abf68630 relative=0x0000000000000290
Event: 8.224 Thread 0x000002289cbc01c0 Uncommon trap: reason=unstable_if action=reinterpret pc=0x00000228abf68630 method=java.util.HashMap.getNode(Ljava/lang/Object;)Ljava/util/HashMap$Node; @ 57 c2
Event: 8.224 Thread 0x000002289cbc01c0 DEOPT PACKING pc=0x00000228abf68630 sp=0x000000fb8b6fdd20
Event: 8.224 Thread 0x000002289cbc01c0 DEOPT UNPACKING pc=0x00000228a438d72e sp=0x000000fb8b6fdc30 mode 2
Event: 8.224 Thread 0x000002289cbc01c0 Uncommon trap: trap_request=0xffffff45 fr.pc=0x00000228abef46d4 relative=0x0000000000000234
Event: 8.224 Thread 0x000002289cbc01c0 Uncommon trap: reason=unstable_if action=reinterpret pc=0x00000228abef46d4 method=java.util.HashMap.hash(Ljava/lang/Object;)I @ 1 c2
Event: 8.224 Thread 0x000002289cbc01c0 DEOPT PACKING pc=0x00000228abef46d4 sp=0x000000fb8b6fdcb0
Event: 8.224 Thread 0x000002289cbc01c0 DEOPT UNPACKING pc=0x00000228a438d72e sp=0x000000fb8b6fdbb8 mode 2
Event: 8.224 Thread 0x000002289cbc01c0 Uncommon trap: trap_request=0xffffff45 fr.pc=0x00000228abe8f8bc relative=0x000000000000009c
Event: 8.224 Thread 0x000002289cbc01c0 Uncommon trap: reason=unstable_if action=reinterpret pc=0x00000228abe8f8bc method=java.util.HashMap.hash(Ljava/lang/Object;)I @ 1 c2
Event: 8.224 Thread 0x000002289cbc01c0 DEOPT PACKING pc=0x00000228abe8f8bc sp=0x000000fb8b6fdc20
Event: 8.224 Thread 0x000002289cbc01c0 DEOPT UNPACKING pc=0x00000228a438d72e sp=0x000000fb8b6fdbb8 mode 2

Classes unloaded (0 events):
No events

Classes redefined (0 events):
No events

Internal exceptions (14 events):
Event: 1.885 Thread 0x000002289cbc01c0 Exception <a 'java/lang/NoSuchMethodError'{0x00000000c4ec2538}: 'void java.lang.invoke.DirectMethodHandle$Holder.invokeSpecial(java.lang.Object, java.lang.Object, java.lang.Object)'> (0x00000000c4ec2538) 
thrown [t:\workspace\open\src\hotspot\share\interpreter\linkResolver.cpp, line 790]
Event: 2.869 Thread 0x000002289cbc01c0 Exception <a 'java/lang/NoSuchMethodError'{0x00000000c553e340}: 'java.lang.Object java.lang.invoke.DirectMethodHandle$Holder.newInvokeSpecial(java.lang.Object, java.lang.Object, java.lang.Object, java.lang.Object, java.lang.Object)'> (0x00000000c553e340) 
thrown [t:\workspace\open\src\hotspot\share\interpreter\linkResolver.cpp, line 790]
Event: 5.013 Thread 0x000002289cbc01c0 Exception <a 'java/lang/NoClassDefFoundError'{0x00000000c537ab98}: com/google/inject/servlet/ServletModuleTargetVisitor> (0x00000000c537ab98) 
thrown [t:\workspace\open\src\hotspot\share\classfile\systemDictionary.cpp, line 245]
Event: 5.014 Thread 0x000002289cbc01c0 Exception <a 'java/lang/NoClassDefFoundError'{0x00000000c537ca20}: javax/annotation/Priority> (0x00000000c537ca20) 
thrown [t:\workspace\open\src\hotspot\share\classfile\systemDictionary.cpp, line 245]
Event: 5.119 Thread 0x000002289cbc01c0 Exception <a 'java/lang/NoSuchMethodError'{0x00000000c51dee30}: 'java.lang.Object java.lang.invoke.DirectMethodHandle$Holder.invokeStatic(java.lang.Object)'> (0x00000000c51dee30) 
thrown [t:\workspace\open\src\hotspot\share\interpreter\linkResolver.cpp, line 790]
Event: 5.123 Thread 0x000002289cbc01c0 Exception <a 'java/lang/NoSuchMethodError'{0x00000000c51e9f38}: 'java.lang.Object java.lang.invoke.DirectMethodHandle$Holder.invokeStaticInit(java.lang.Object, int, int, int, int)'> (0x00000000c51e9f38) 
thrown [t:\workspace\open\src\hotspot\share\interpreter\linkResolver.cpp, line 790]
Event: 5.449 Thread 0x000002289cbc01c0 Implicit null exception at 0x00000228abe33bf2 to 0x00000228abe3418c
Event: 5.449 Thread 0x000002289cbc01c0 Implicit null exception at 0x00000228abe406f2 to 0x00000228abe40cac
Event: 7.516 Thread 0x000002289cbc01c0 Implicit null exception at 0x00000228abf16e4f to 0x00000228abf170e8
Event: 7.516 Thread 0x000002289cbc01c0 Implicit null exception at 0x00000228abf0cbe0 to 0x00000228abf0e188
Event: 7.517 Thread 0x000002289cbc01c0 Implicit null exception at 0x00000228abe9cbef to 0x00000228abe9cdb8
Event: 7.517 Thread 0x000002289cbc01c0 Implicit null exception at 0x00000228abe79f60 to 0x00000228abe79ffa
Event: 8.224 Thread 0x000002289cbc01c0 Implicit null exception at 0x00000228abef44ef to 0x00000228abef46b8
Event: 8.224 Thread 0x000002289cbc01c0 Implicit null exception at 0x00000228abe8f82f to 0x00000228abe8f8ad

Events (20 events):
Event: 5.938 loading class java/util/LinkedList$ListItr done
Event: 6.707 Thread 0x00000228b96662b0 Thread exited: 0x00000228b96662b0
Event: 6.722 Thread 0x00000228b96662b0 Thread added: 0x00000228b96662b0
Event: 6.815 Executing  VM operation: Cleanup
Event: 6.815 Executing  VM operation: Cleanup done
Event: 7.243 Thread 0x00000228b96662b0 Thread exited: 0x00000228b96662b0
Event: 7.322 Thread 0x00000228b96662b0 Thread added: 0x00000228b96662b0
Event: 7.533 Executing  VM operation: G1CollectForAllocation
Event: 7.554 Executing  VM operation: G1CollectForAllocation done
Event: 8.014 loading class sun/nio/cs/ISO_8859_1$Decoder
Event: 8.014 loading class sun/nio/cs/ISO_8859_1$Decoder done
Event: 8.027 Executing  VM operation: ICBufferFull
Event: 8.027 Executing  VM operation: ICBufferFull done
Event: 8.353 loading class java/net/UnknownHostException
Event: 8.353 loading class java/net/UnknownHostException done
Event: 8.357 Thread 0x00000228b9f0f510 Thread added: 0x00000228b9f0f510
Event: 8.357 Thread 0x00000228b9f0fa30 Thread added: 0x00000228b9f0fa30
Event: 8.358 Thread 0x00000228b9f0f510 Thread exited: 0x00000228b9f0f510
Event: 8.389 Thread 0x00000228b9f0fa30 Thread exited: 0x00000228b9f0fa30
Event: 8.406 Thread 0x00000228b7cbb190 Thread exited: 0x00000228b7cbb190


Dynamic libraries:
0x00007ff765640000 - 0x00007ff765650000 	C:\Program Files\Java\jdk-16.0.2\bin\java.exe
0x00007fffc4030000 - 0x00007fffc4225000 	C:\WINDOWS\SYSTEM32\ntdll.dll
0x00007fffc3990000 - 0x00007fffc3a4e000 	C:\WINDOWS\System32\KERNEL32.DLL
0x00007fffc1850000 - 0x00007fffc1b18000 	C:\WINDOWS\System32\KERNELBASE.dll
0x00007fffc1b50000 - 0x00007fffc1c50000 	C:\WINDOWS\System32\ucrtbase.dll
0x00007fffb6b00000 - 0x00007fffb6b19000 	C:\Program Files\Java\jdk-16.0.2\bin\VCRUNTIME140.dll
0x00007fff96650000 - 0x00007fff96668000 	C:\Program Files\Java\jdk-16.0.2\bin\jli.dll
0x00007fffc3e10000 - 0x00007fffc3ebc000 	C:\WINDOWS\System32\ADVAPI32.dll
0x00007fffc2e20000 - 0x00007fffc2ebe000 	C:\WINDOWS\System32\msvcrt.dll
0x00007fffc2b40000 - 0x00007fffc2bdb000 	C:\WINDOWS\System32\sechost.dll
0x00007fffc3ec0000 - 0x00007fffc3fea000 	C:\WINDOWS\System32\RPCRT4.dll
0x00007fffc3780000 - 0x00007fffc3921000 	C:\WINDOWS\System32\USER32.dll
0x00007fffc1b20000 - 0x00007fffc1b42000 	C:\WINDOWS\System32\win32u.dll
0x00007fffc2ae0000 - 0x00007fffc2b0b000 	C:\WINDOWS\System32\GDI32.dll
0x00007fffc1db0000 - 0x00007fffc1ebb000 	C:\WINDOWS\System32\gdi32full.dll
0x00007fffc1ef0000 - 0x00007fffc1f8d000 	C:\WINDOWS\System32\msvcp_win.dll
0x00007fffa69b0000 - 0x00007fffa6c4a000 	C:\WINDOWS\WinSxS\amd64_microsoft.windows.common-controls_6595b64144ccf1df_6.0.19041.1110_none_60b5254171f9507e\COMCTL32.dll
0x00007fffb4f40000 - 0x00007fffb4f4a000 	C:\WINDOWS\SYSTEM32\VERSION.dll
0x00007fffc2b10000 - 0x00007fffc2b40000 	C:\WINDOWS\System32\IMM32.DLL
0x00007fffafd80000 - 0x00007fffafd8c000 	C:\Program Files\Java\jdk-16.0.2\bin\vcruntime140_1.dll
0x00007fff96670000 - 0x00007fff96701000 	C:\Program Files\Java\jdk-16.0.2\bin\msvcp140.dll
0x00007fff7de60000 - 0x00007fff7ea0b000 	C:\Program Files\Java\jdk-16.0.2\bin\server\jvm.dll
0x00007fffc21a0000 - 0x00007fffc21a8000 	C:\WINDOWS\System32\PSAPI.DLL
0x00007fffb6b20000 - 0x00007fffb6b29000 	C:\WINDOWS\SYSTEM32\WSOCK32.dll
0x00007fffc21b0000 - 0x00007fffc221b000 	C:\WINDOWS\System32\WS2_32.dll
0x00007fffa8cd0000 - 0x00007fffa8cf7000 	C:\WINDOWS\SYSTEM32\WINMM.dll
0x00007fffc0020000 - 0x00007fffc0032000 	C:\WINDOWS\SYSTEM32\kernel.appcore.dll
0x00007fffad9c0000 - 0x00007fffad9ca000 	C:\Program Files\Java\jdk-16.0.2\bin\jimage.dll
0x00007fffbcca0000 - 0x00007fffbce84000 	C:\WINDOWS\SYSTEM32\DBGHELP.DLL
0x00007fffa91e0000 - 0x00007fffa920c000 	C:\WINDOWS\SYSTEM32\dbgcore.DLL
0x00007fffc1ff0000 - 0x00007fffc2073000 	C:\WINDOWS\System32\bcryptPrimitives.dll
0x00007fffa60f0000 - 0x00007fffa6115000 	C:\Program Files\Java\jdk-16.0.2\bin\java.dll
0x00007fffc22e0000 - 0x00007fffc2a1f000 	C:\WINDOWS\System32\SHELL32.dll
0x00007fffbc440000 - 0x00007fffbcbd0000 	C:\WINDOWS\SYSTEM32\windows.storage.dll
0x00007fffc3a50000 - 0x00007fffc3da5000 	C:\WINDOWS\System32\combase.dll
0x00007fffc11a0000 - 0x00007fffc11ce000 	C:\WINDOWS\SYSTEM32\Wldp.dll
0x00007fffc2a30000 - 0x00007fffc2add000 	C:\WINDOWS\System32\SHCORE.dll
0x00007fffc3930000 - 0x00007fffc3985000 	C:\WINDOWS\System32\shlwapi.dll
0x00007fffc1690000 - 0x00007fffc16af000 	C:\WINDOWS\SYSTEM32\profapi.dll
0x00007fff97750000 - 0x00007fff97769000 	C:\Program Files\Java\jdk-16.0.2\bin\net.dll
0x00007fffadf90000 - 0x00007fffae09c000 	C:\WINDOWS\SYSTEM32\WINHTTP.dll
0x00007fffc0e30000 - 0x00007fffc0e9a000 	C:\WINDOWS\system32\mswsock.dll
0x00007fff96790000 - 0x00007fff967a3000 	C:\Program Files\Java\jdk-16.0.2\bin\nio.dll
0x00007fff96770000 - 0x00007fff96788000 	C:\Program Files\Java\jdk-16.0.2\bin\zip.dll
0x00007fffad780000 - 0x00007fffad790000 	C:\Program Files\Java\jdk-16.0.2\bin\verify.dll
0x00007fffa6300000 - 0x00007fffa630a000 	C:\Program Files\NetBeans-12.5\netbeans\java\maven\lib\jansi-native\windows64\jansi.dll

dbghelp: loaded successfully - version: 4.0.5 - missing functions: none
symbol engine: initialized successfully - sym options: 0x614 - pdb path: .;C:\Program Files\Java\jdk-16.0.2\bin;C:\WINDOWS\SYSTEM32;C:\WINDOWS\WinSxS\amd64_microsoft.windows.common-controls_6595b64144ccf1df_6.0.19041.1110_none_60b5254171f9507e;C:\Program Files\Java\jdk-16.0.2\bin\server;C:\Program Files\NetBeans-12.5\netbeans\java\maven\lib\jansi-native\windows64

VM Arguments:
jvm_args: -Dclassworlds.conf=C:\Program Files\NetBeans-12.5\netbeans\java\maven\bin\..\bin\m2.conf -Dmaven.home=C:\Program Files\NetBeans-12.5\netbeans\java\maven\bin\.. -Dlibrary.jansi.path=C:\Program Files\NetBeans-12.5\netbeans\java\maven\bin\..\lib\jansi-native -Dmaven.multiModuleProjectDirectory=C:\Users\dell\Documents\NetBeansProjects\ContadorDeMercadorias\api.rest 
java_command: org.codehaus.plexus.classworlds.launcher.Launcher -Dexec.vmArgs= -Dexec.args=${exec.vmArgs} -classpath %classpath ${exec.mainClass} ${exec.appArgs} -Dexec.executable=C:\Program Files\Java\jdk-16.0.2\bin\java.exe -Dexec.mainClass=com.project.api.controler.NewMain -Dexec.classpathScope=runtime -Dexec.appArgs= -Dmaven.ext.class.path=C:\Program Files\NetBeans-12.5\netbeans\java\maven-nblib\netbeans-eventspy.jar -Dfile.encoding=UTF-8 process-classes org.codehaus.mojo:exec-maven-plugin:3.0.0:exec
java_class_path (initial): C:\Program Files\NetBeans-12.5\netbeans\java\maven\bin\..\boot\plexus-classworlds-2.6.0.jar
Launcher Type: SUN_STANDARD

[Global flags]
     intx CICompilerCount                          = 3                                         {product} {ergonomic}
     uint ConcGCThreads                            = 1                                         {product} {ergonomic}
     uint G1ConcRefinementThreads                  = 4                                         {product} {ergonomic}
   size_t G1HeapRegionSize                         = 1048576                                   {product} {ergonomic}
    uintx GCDrainStackTargetSize                   = 64                                        {product} {ergonomic}
   size_t InitialHeapSize                          = 67108864                                  {product} {ergonomic}
   size_t MarkStackSize                            = 4194304                                   {product} {ergonomic}
   size_t MaxHeapSize                              = 1048576000                                {product} {ergonomic}
   size_t MaxNewSize                               = 629145600                                 {product} {ergonomic}
   size_t MinHeapDeltaBytes                        = 1048576                                   {product} {ergonomic}
   size_t MinHeapSize                              = 8388608                                   {product} {ergonomic}
    uintx NonNMethodCodeHeapSize                   = 5832780                                {pd product} {ergonomic}
    uintx NonProfiledCodeHeapSize                  = 122912730                              {pd product} {ergonomic}
    uintx ProfiledCodeHeapSize                     = 122912730                              {pd product} {ergonomic}
    uintx ReservedCodeCacheSize                    = 251658240                              {pd product} {ergonomic}
     bool SegmentedCodeCache                       = true                                      {product} {ergonomic}
   size_t SoftMaxHeapSize                          = 1048576000                             {manageable} {ergonomic}
     bool UseCompressedClassPointers               = true                           {product lp64_product} {ergonomic}
     bool UseCompressedOops                        = true                           {product lp64_product} {ergonomic}
     bool UseG1GC                                  = true                                      {product} {ergonomic}
     bool UseLargePagesIndividualAllocation        = false                                  {pd product} {ergonomic}

Logging:
Log output configuration:
 #0: stdout all=warning uptime,level,tags
 #1: stderr all=off uptime,level,tags

Environment Variables:
JAVA_HOME=C:\Program Files\Java\jdk-16.0.2
PATH=C:\Program Files\Common Files\Oracle\Java\javapath;C:\Program Files (x86)\Common Files\Oracle\Java\javapath;C:\Program Files\AdoptOpenJDK\jdk-14.0.2.12-hotspot\bin;C:\WINDOWS\system32;C:\WINDOWS;C:\WINDOWS\System32\Wbem;C:\WINDOWS\System32\WindowsPowerShell\v1.0\;C:\WINDOWS\System32\OpenSSH\;C:\Program Files\nodejs\;C:\Program Files (x86)\Intel\Intel(R) Management Engine Components\DAL;C:\Program Files\Intel\Intel(R) Management Engine Components\DAL;C:\MinGW\bin;C:\Program Files\Java\jdk-15.0.2\bin;C:\Program Files\Git\cmd;C:\Program Files\Apache\maven\apache-maven-3.8.3\bin;C:\Program Files\MySQL\MySQL Shell 8.0\bin\;C:\Users\dell\AppData\Local\Microsoft\WindowsApps;C:\Users\dell\AppData\Roaming\npm;C:\MinGW\bin;;C:\Program Files\JetBrains\IntelliJ IDEA Community Edition 2021.2\bin;;C:\Users\dell\AppData\Local\Programs\mongosh\
USERNAME=dell
OS=Windows_NT
PROCESSOR_IDENTIFIER=Intel64 Family 6 Model 142 Stepping 9, GenuineIntel



---------------  S Y S T E M  ---------------

OS:
 Windows 10 , 64 bit Build 19041 (10.0.19041.1348)
OS uptime: 0 days 15:47 hours

CPU: total 4 (initial active 4) (2 cores per cpu, 2 threads per core) family 6 model 142 stepping 9 microcode 0xea, cx8, cmov, fxsr, ht, mmx, 3dnowpref, sse, sse2, sse3, ssse3, sse4.1, sse4.2, popcnt, lzcnt, tsc, tscinvbit, avx, avx2, aes, erms, clmul, bmi1, bmi2, adx, fma, vzeroupper, clflush, clflushopt

Memory: 4k page, system-wide physical 3996M (552M free)
TotalPageFile size 5396M (AvailPageFile size 3M)
current process WorkingSet (physical memory assigned to process): 133M, peak: 133M
current process commit charge ("private bytes"): 185M, peak: 185M

vm_info: Java HotSpot(TM) 64-Bit Server VM (16.0.2+7-67) for windows-amd64 JRE (16.0.2+7-67), built on Jun  8 2021 23:24:19 by "mach5one" with MS VC++ 16.7 (VS2019)

END.
