#
# There is insufficient memory for the Java Runtime Environment to continue.
# Native memory allocation (mmap) failed to map 65536 bytes for Failed to commit metaspace.
# Possible reasons:
#   The system is out of physical RAM or swap space
#   The process is running with CompressedOops enabled, and the Java Heap may be blocking the growth of the native heap
# Possible solutions:
#   Reduce memory load on the system
#   Increase physical memory or swap space
#   Check if swap backing store is full
#   Decrease Java heap size (-Xmx/-Xms)
#   Decrease number of Java threads
#   Decrease Java thread stack sizes (-Xss)
#   Set larger code cache with -XX:ReservedCodeCacheSize=
#   JVM is running with Unscaled Compressed Oops mode in which the Java heap is
#     placed in the first 4GB address space. The Java Heap base address is the
#     maximum limit for the native heap growth. Please use -XX:HeapBaseMinAddress
#     to set the Java Heap base and to place the Java Heap above 4GB virtual address.
# This output file may be truncated or incomplete.
#
#  Out of Memory Error (virtualSpaceNode.cpp:108), pid=7360, tid=6120
#
# JRE version: Java(TM) SE Runtime Environment (16.0.2+7) (build 16.0.2+7-67)
# Java VM: Java HotSpot(TM) 64-Bit Server VM (16.0.2+7-67, mixed mode, sharing, tiered, compressed oops, compressed class ptrs, g1 gc, windows-amd64)
# No core dump will be written. Minidumps are not enabled by default on client versions of Windows
#

---------------  S U M M A R Y ------------

Command Line: -Dclassworlds.conf=C:\Program Files\NetBeans-12.5\netbeans\java\maven\bin\..\bin\m2.conf -Dmaven.home=C:\Program Files\NetBeans-12.5\netbeans\java\maven\bin\.. -Dlibrary.jansi.path=C:\Program Files\NetBeans-12.5\netbeans\java\maven\bin\..\lib\jansi-native -Dmaven.multiModuleProjectDirectory=C:\Users\dell\Documents\NetBeansProjects\projetoGit\projetoN2 org.codehaus.plexus.classworlds.launcher.Launcher -Dexec.vmArgs= -Dexec.args=${exec.vmArgs} -classpath %classpath ${exec.mainClass} ${exec.appArgs} -Dexec.executable=C:\Program Files\Java\jdk-16.0.2\bin\java.exe -Dexec.mainClass=view.services.Tabela1 -Dexec.classpathScope=runtime -Dexec.appArgs= -Dmaven.ext.class.path=C:\Program Files\NetBeans-12.5\netbeans\java\maven-nblib\netbeans-eventspy.jar -Dfile.encoding=UTF-8 org.codehaus.mojo:exec-maven-plugin:3.0.0:exec

Host: Intel(R) Core(TM) i3-7020U CPU @ 2.30GHz, 4 cores, 3G,  Windows 10 , 64 bit Build 19041 (10.0.19041.1202)
Time: Sun Oct 17 20:51:49 2021 Hora oficial do Brasil elapsed time: 0.306084 seconds (0d 0h 0m 0s)

---------------  T H R E A D  ---------------

Current thread (0x000001677ec31700):  JavaThread "C1 CompilerThread0" daemon [_thread_in_vm, id=6120, stack(0x0000004571400000,0x0000004571500000)]


Current CompileTask:
C1:    306  344       3       java.net.URLStreamHandler::setURL (73 bytes)

Stack: [0x0000004571400000,0x0000004571500000]
Native frames: (J=compiled Java code, j=interpreted, Vv=VM code, C=native code)
V  [jvm.dll+0x6681ca]
V  [jvm.dll+0x7c9e69]
V  [jvm.dll+0x7cb61e]
V  [jvm.dll+0x7cbc73]
V  [jvm.dll+0x242c55]
V  [jvm.dll+0x7c64eb]
V  [jvm.dll+0x60ddd6]
V  [jvm.dll+0x60de3a]
V  [jvm.dll+0x61046a]
V  [jvm.dll+0x60e6d1]
V  [jvm.dll+0x62008a]
V  [jvm.dll+0x618f6a]
V  [jvm.dll+0x1cad9c]
V  [jvm.dll+0x1caf89]
V  [jvm.dll+0x1450a7]
V  [jvm.dll+0x144f18]
V  [jvm.dll+0x13c8f6]
V  [jvm.dll+0x13ee25]
V  [jvm.dll+0x13d104]
V  [jvm.dll+0x1459c1]
V  [jvm.dll+0x144f18]
V  [jvm.dll+0x13c8f6]
V  [jvm.dll+0x13ee25]
V  [jvm.dll+0x13d104]
V  [jvm.dll+0x136fdf]
V  [jvm.dll+0x146ac6]
V  [jvm.dll+0x132650]
V  [jvm.dll+0x1329d0]
V  [jvm.dll+0x132c99]
V  [jvm.dll+0x1320ff]
V  [jvm.dll+0x133ec1]
V  [jvm.dll+0x225158]
V  [jvm.dll+0x22319c]
V  [jvm.dll+0x77fa62]
V  [jvm.dll+0x7795aa]
V  [jvm.dll+0x667066]
C  [ucrtbase.dll+0x21bb2]
C  [KERNEL32.DLL+0x17034]
C  [ntdll.dll+0x52651]


---------------  P R O C E S S  ---------------

Threads class SMR info:
_java_thread_list=0x000001677f8438c0, length=12, elements={
0x0000016765b23e50, 0x000001677ec09290, 0x000001677ec0a060, 0x000001677ec1cd40,
0x000001677ec1e760, 0x000001677ec1f270, 0x000001677ec23ba0, 0x000001677ec2fda0,
0x000001677ec31700, 0x000001677ec34060, 0x000001677f8634f0, 0x000001677f888540
}

Java Threads: ( => current thread )
  0x0000016765b23e50 JavaThread "main" [_thread_in_vm, id=4324, stack(0x0000004570600000,0x0000004570700000)]
  0x000001677ec09290 JavaThread "Reference Handler" daemon [_thread_blocked, id=10028, stack(0x0000004570d00000,0x0000004570e00000)]
  0x000001677ec0a060 JavaThread "Finalizer" daemon [_thread_blocked, id=2808, stack(0x0000004570e00000,0x0000004570f00000)]
  0x000001677ec1cd40 JavaThread "Signal Dispatcher" daemon [_thread_blocked, id=7488, stack(0x0000004570f00000,0x0000004571000000)]
  0x000001677ec1e760 JavaThread "Attach Listener" daemon [_thread_blocked, id=9456, stack(0x0000004571000000,0x0000004571100000)]
  0x000001677ec1f270 JavaThread "Service Thread" daemon [_thread_blocked, id=4388, stack(0x0000004571100000,0x0000004571200000)]
  0x000001677ec23ba0 JavaThread "Monitor Deflation Thread" daemon [_thread_blocked, id=5668, stack(0x0000004571200000,0x0000004571300000)]
  0x000001677ec2fda0 JavaThread "C2 CompilerThread0" daemon [_thread_in_native, id=6032, stack(0x0000004571300000,0x0000004571400000)]
=>0x000001677ec31700 JavaThread "C1 CompilerThread0" daemon [_thread_in_vm, id=6120, stack(0x0000004571400000,0x0000004571500000)]
  0x000001677ec34060 JavaThread "Sweeper thread" daemon [_thread_blocked, id=8444, stack(0x0000004571500000,0x0000004571600000)]
  0x000001677f8634f0 JavaThread "Notification Thread" daemon [_thread_blocked, id=7192, stack(0x0000004571600000,0x0000004571700000)]
  0x000001677f888540 JavaThread "Common-Cleaner" daemon [_thread_blocked, id=8008, stack(0x0000004571800000,0x0000004571900000)]

Other Threads:
  0x000001677ec03830 VMThread "VM Thread" [stack: 0x0000004570c00000,0x0000004570d00000] [id=8156]
  0x000001677f888250 WatcherThread [stack: 0x0000004571700000,0x0000004571800000] [id=4488]
  0x0000016765b4dd90 GCTaskThread "GC Thread#0" [stack: 0x0000004570700000,0x0000004570800000] [id=10200]
  0x0000016765b579f0 ConcurrentGCThread "G1 Main Marker" [stack: 0x0000004570800000,0x0000004570900000] [id=9384]
  0x0000016765b58370 ConcurrentGCThread "G1 Conc#0" [stack: 0x0000004570900000,0x0000004570a00000] [id=7680]
  0x0000016765ba6740 ConcurrentGCThread "G1 Refine#0" [stack: 0x0000004570a00000,0x0000004570b00000] [id=2864]
  0x0000016765ba70d0 ConcurrentGCThread "G1 Service" [stack: 0x0000004570b00000,0x0000004570c00000] [id=6104]

Threads with active compile tasks:
C2 CompilerThread0      398  352       4       java.lang.StringLatin1::indexOf (121 bytes)
C1 CompilerThread0      398  344       3       java.net.URLStreamHandler::setURL (73 bytes)

VM state: not at safepoint (normal execution)

VM Mutex/Monitor currently owned by a thread:  ([mutex/lock_event])
[0x0000016763ad7200] MetaspaceExpand_lock - owner thread: 0x000001677ec31700
[0x0000016765b1eb10] MethodData_lock - owner thread: 0x000001677ec31700

Heap address: 0x00000000c1800000, size: 1000 MB, Compressed Oops mode: 32-bit

CDS archive(s) mapped at: [0x0000000800000000-0x0000000800bb0000-0x0000000800bb0000), size 12255232, SharedBaseAddress: 0x0000000800000000, ArchiveRelocationMode: 0.
Compressed class space mapped at: 0x0000000800c00000-0x0000000840c00000, reserved size: 1073741824
Narrow klass base: 0x0000000800000000, Narrow klass shift: 3, Narrow klass range: 0x100000000

GC Precious Log:
 CPUs: 4 total, 4 available
 Memory: 3996M
 Large Page Support: Disabled
 NUMA Support: Disabled
 Compressed Oops: Enabled (32-bit)
 Heap Region Size: 1M
 Heap Min Capacity: 8M
 Heap Initial Capacity: 64M
 Heap Max Capacity: 1000M
 Pre-touch: Disabled
 Parallel Workers: 4
 Concurrent Workers: 1
 Concurrent Refinement Workers: 4
 Periodic GC: Disabled

Heap:
 garbage-first heap   total 65536K, used 4096K [0x00000000c1800000, 0x0000000100000000)
  region size 1024K, 6 young (6144K), 0 survivors (0K)
 Metaspace       used 1449K, committed 1536K, reserved 1056768K
  class space    used 105K, committed 128K, reserved 1048576K

Heap Regions: E=young(eden), S=young(survivor), O=old, HS=humongous(starts), HC=humongous(continues), CS=collection set, F=free, OA=open archive, CA=closed archive, TAMS=top-at-mark-start (previous, next)
|   0|0x00000000c1800000, 0x00000000c1800000, 0x00000000c1900000|  0%| F|  |TAMS 0x00000000c1800000, 0x00000000c1800000| Untracked 
|   1|0x00000000c1900000, 0x00000000c1900000, 0x00000000c1a00000|  0%| F|  |TAMS 0x00000000c1900000, 0x00000000c1900000| Untracked 
|   2|0x00000000c1a00000, 0x00000000c1a00000, 0x00000000c1b00000|  0%| F|  |TAMS 0x00000000c1a00000, 0x00000000c1a00000| Untracked 
|   3|0x00000000c1b00000, 0x00000000c1b00000, 0x00000000c1c00000|  0%| F|  |TAMS 0x00000000c1b00000, 0x00000000c1b00000| Untracked 
|   4|0x00000000c1c00000, 0x00000000c1c00000, 0x00000000c1d00000|  0%| F|  |TAMS 0x00000000c1c00000, 0x00000000c1c00000| Untracked 
|   5|0x00000000c1d00000, 0x00000000c1d00000, 0x00000000c1e00000|  0%| F|  |TAMS 0x00000000c1d00000, 0x00000000c1d00000| Untracked 
|   6|0x00000000c1e00000, 0x00000000c1e00000, 0x00000000c1f00000|  0%| F|  |TAMS 0x00000000c1e00000, 0x00000000c1e00000| Untracked 
|   7|0x00000000c1f00000, 0x00000000c1f00000, 0x00000000c2000000|  0%| F|  |TAMS 0x00000000c1f00000, 0x00000000c1f00000| Untracked 
|   8|0x00000000c2000000, 0x00000000c2000000, 0x00000000c2100000|  0%| F|  |TAMS 0x00000000c2000000, 0x00000000c2000000| Untracked 
|   9|0x00000000c2100000, 0x00000000c2100000, 0x00000000c2200000|  0%| F|  |TAMS 0x00000000c2100000, 0x00000000c2100000| Untracked 
|  10|0x00000000c2200000, 0x00000000c2200000, 0x00000000c2300000|  0%| F|  |TAMS 0x00000000c2200000, 0x00000000c2200000| Untracked 
|  11|0x00000000c2300000, 0x00000000c2300000, 0x00000000c2400000|  0%| F|  |TAMS 0x00000000c2300000, 0x00000000c2300000| Untracked 
|  12|0x00000000c2400000, 0x00000000c2400000, 0x00000000c2500000|  0%| F|  |TAMS 0x00000000c2400000, 0x00000000c2400000| Untracked 
|  13|0x00000000c2500000, 0x00000000c2500000, 0x00000000c2600000|  0%| F|  |TAMS 0x00000000c2500000, 0x00000000c2500000| Untracked 
|  14|0x00000000c2600000, 0x00000000c2600000, 0x00000000c2700000|  0%| F|  |TAMS 0x00000000c2600000, 0x00000000c2600000| Untracked 
|  15|0x00000000c2700000, 0x00000000c2700000, 0x00000000c2800000|  0%| F|  |TAMS 0x00000000c2700000, 0x00000000c2700000| Untracked 
|  16|0x00000000c2800000, 0x00000000c2800000, 0x00000000c2900000|  0%| F|  |TAMS 0x00000000c2800000, 0x00000000c2800000| Untracked 
|  17|0x00000000c2900000, 0x00000000c2900000, 0x00000000c2a00000|  0%| F|  |TAMS 0x00000000c2900000, 0x00000000c2900000| Untracked 
|  18|0x00000000c2a00000, 0x00000000c2a00000, 0x00000000c2b00000|  0%| F|  |TAMS 0x00000000c2a00000, 0x00000000c2a00000| Untracked 
|  19|0x00000000c2b00000, 0x00000000c2b00000, 0x00000000c2c00000|  0%| F|  |TAMS 0x00000000c2b00000, 0x00000000c2b00000| Untracked 
|  20|0x00000000c2c00000, 0x00000000c2c00000, 0x00000000c2d00000|  0%| F|  |TAMS 0x00000000c2c00000, 0x00000000c2c00000| Untracked 
|  21|0x00000000c2d00000, 0x00000000c2d00000, 0x00000000c2e00000|  0%| F|  |TAMS 0x00000000c2d00000, 0x00000000c2d00000| Untracked 
|  22|0x00000000c2e00000, 0x00000000c2e00000, 0x00000000c2f00000|  0%| F|  |TAMS 0x00000000c2e00000, 0x00000000c2e00000| Untracked 
|  23|0x00000000c2f00000, 0x00000000c2f00000, 0x00000000c3000000|  0%| F|  |TAMS 0x00000000c2f00000, 0x00000000c2f00000| Untracked 
|  24|0x00000000c3000000, 0x00000000c3000000, 0x00000000c3100000|  0%| F|  |TAMS 0x00000000c3000000, 0x00000000c3000000| Untracked 
|  25|0x00000000c3100000, 0x00000000c3100000, 0x00000000c3200000|  0%| F|  |TAMS 0x00000000c3100000, 0x00000000c3100000| Untracked 
|  26|0x00000000c3200000, 0x00000000c3200000, 0x00000000c3300000|  0%| F|  |TAMS 0x00000000c3200000, 0x00000000c3200000| Untracked 
|  27|0x00000000c3300000, 0x00000000c3300000, 0x00000000c3400000|  0%| F|  |TAMS 0x00000000c3300000, 0x00000000c3300000| Untracked 
|  28|0x00000000c3400000, 0x00000000c3400000, 0x00000000c3500000|  0%| F|  |TAMS 0x00000000c3400000, 0x00000000c3400000| Untracked 
|  29|0x00000000c3500000, 0x00000000c3500000, 0x00000000c3600000|  0%| F|  |TAMS 0x00000000c3500000, 0x00000000c3500000| Untracked 
|  30|0x00000000c3600000, 0x00000000c3600000, 0x00000000c3700000|  0%| F|  |TAMS 0x00000000c3600000, 0x00000000c3600000| Untracked 
|  31|0x00000000c3700000, 0x00000000c3700000, 0x00000000c3800000|  0%| F|  |TAMS 0x00000000c3700000, 0x00000000c3700000| Untracked 
|  32|0x00000000c3800000, 0x00000000c3800000, 0x00000000c3900000|  0%| F|  |TAMS 0x00000000c3800000, 0x00000000c3800000| Untracked 
|  33|0x00000000c3900000, 0x00000000c3900000, 0x00000000c3a00000|  0%| F|  |TAMS 0x00000000c3900000, 0x00000000c3900000| Untracked 
|  34|0x00000000c3a00000, 0x00000000c3a00000, 0x00000000c3b00000|  0%| F|  |TAMS 0x00000000c3a00000, 0x00000000c3a00000| Untracked 
|  35|0x00000000c3b00000, 0x00000000c3b00000, 0x00000000c3c00000|  0%| F|  |TAMS 0x00000000c3b00000, 0x00000000c3b00000| Untracked 
|  36|0x00000000c3c00000, 0x00000000c3c00000, 0x00000000c3d00000|  0%| F|  |TAMS 0x00000000c3c00000, 0x00000000c3c00000| Untracked 
|  37|0x00000000c3d00000, 0x00000000c3d00000, 0x00000000c3e00000|  0%| F|  |TAMS 0x00000000c3d00000, 0x00000000c3d00000| Untracked 
|  38|0x00000000c3e00000, 0x00000000c3e00000, 0x00000000c3f00000|  0%| F|  |TAMS 0x00000000c3e00000, 0x00000000c3e00000| Untracked 
|  39|0x00000000c3f00000, 0x00000000c3f00000, 0x00000000c4000000|  0%| F|  |TAMS 0x00000000c3f00000, 0x00000000c3f00000| Untracked 
|  40|0x00000000c4000000, 0x00000000c4000000, 0x00000000c4100000|  0%| F|  |TAMS 0x00000000c4000000, 0x00000000c4000000| Untracked 
|  41|0x00000000c4100000, 0x00000000c4100000, 0x00000000c4200000|  0%| F|  |TAMS 0x00000000c4100000, 0x00000000c4100000| Untracked 
|  42|0x00000000c4200000, 0x00000000c4200000, 0x00000000c4300000|  0%| F|  |TAMS 0x00000000c4200000, 0x00000000c4200000| Untracked 
|  43|0x00000000c4300000, 0x00000000c4300000, 0x00000000c4400000|  0%| F|  |TAMS 0x00000000c4300000, 0x00000000c4300000| Untracked 
|  44|0x00000000c4400000, 0x00000000c4400000, 0x00000000c4500000|  0%| F|  |TAMS 0x00000000c4400000, 0x00000000c4400000| Untracked 
|  45|0x00000000c4500000, 0x00000000c4500000, 0x00000000c4600000|  0%| F|  |TAMS 0x00000000c4500000, 0x00000000c4500000| Untracked 
|  46|0x00000000c4600000, 0x00000000c4600000, 0x00000000c4700000|  0%| F|  |TAMS 0x00000000c4600000, 0x00000000c4600000| Untracked 
|  47|0x00000000c4700000, 0x00000000c4700000, 0x00000000c4800000|  0%| F|  |TAMS 0x00000000c4700000, 0x00000000c4700000| Untracked 
|  48|0x00000000c4800000, 0x00000000c4800000, 0x00000000c4900000|  0%| F|  |TAMS 0x00000000c4800000, 0x00000000c4800000| Untracked 
|  49|0x00000000c4900000, 0x00000000c4900000, 0x00000000c4a00000|  0%| F|  |TAMS 0x00000000c4900000, 0x00000000c4900000| Untracked 
|  50|0x00000000c4a00000, 0x00000000c4a00000, 0x00000000c4b00000|  0%| F|  |TAMS 0x00000000c4a00000, 0x00000000c4a00000| Untracked 
|  51|0x00000000c4b00000, 0x00000000c4b00000, 0x00000000c4c00000|  0%| F|  |TAMS 0x00000000c4b00000, 0x00000000c4b00000| Untracked 
|  52|0x00000000c4c00000, 0x00000000c4c00000, 0x00000000c4d00000|  0%| F|  |TAMS 0x00000000c4c00000, 0x00000000c4c00000| Untracked 
|  53|0x00000000c4d00000, 0x00000000c4d00000, 0x00000000c4e00000|  0%| F|  |TAMS 0x00000000c4d00000, 0x00000000c4d00000| Untracked 
|  54|0x00000000c4e00000, 0x00000000c4e00000, 0x00000000c4f00000|  0%| F|  |TAMS 0x00000000c4e00000, 0x00000000c4e00000| Untracked 
|  55|0x00000000c4f00000, 0x00000000c4f00000, 0x00000000c5000000|  0%| F|  |TAMS 0x00000000c4f00000, 0x00000000c4f00000| Untracked 
|  56|0x00000000c5000000, 0x00000000c5000000, 0x00000000c5100000|  0%| F|  |TAMS 0x00000000c5000000, 0x00000000c5000000| Untracked 
|  57|0x00000000c5100000, 0x00000000c5100000, 0x00000000c5200000|  0%| F|  |TAMS 0x00000000c5100000, 0x00000000c5100000| Untracked 
|  58|0x00000000c5200000, 0x00000000c522c4b8, 0x00000000c5300000| 17%| E|  |TAMS 0x00000000c5200000, 0x00000000c5200000| Complete 
|  59|0x00000000c5300000, 0x00000000c53f0f28, 0x00000000c5400000| 94%| E|  |TAMS 0x00000000c5300000, 0x00000000c5300000| Complete 
|  60|0x00000000c5400000, 0x00000000c5500000, 0x00000000c5500000|100%| E|CS|TAMS 0x00000000c5400000, 0x00000000c5400000| Complete 
|  61|0x00000000c5500000, 0x00000000c5600000, 0x00000000c5600000|100%| E|CS|TAMS 0x00000000c5500000, 0x00000000c5500000| Complete 
|  62|0x00000000c5600000, 0x00000000c5700000, 0x00000000c5700000|100%| E|CS|TAMS 0x00000000c5600000, 0x00000000c5600000| Complete 
|  63|0x00000000c5700000, 0x00000000c5800000, 0x00000000c5800000|100%| E|CS|TAMS 0x00000000c5700000, 0x00000000c5700000| Complete 

Card table byte_map: [0x000001677c4a0000,0x000001677c6a0000] _byte_map_base: 0x000001677be94000

Marking Bits (Prev, Next): (CMBitMap*) 0x0000016765b4f320, (CMBitMap*) 0x0000016765b4f360
 Prev Bits: [0x000001677c8a0000, 0x000001677d840000)
 Next Bits: [0x000001677d840000, 0x000001677e7e0000)

Polling page: 0x0000016765300000

Metaspace:

Usage:
  Non-class:      1.31 MB used.
      Class:    105.69 KB used.
       Both:      1.42 MB used.

Virtual space:
  Non-class space:        8.00 MB reserved,       1.38 MB ( 17%) committed,  1 nodes.
      Class space:        1.00 GB reserved,     128.00 KB ( <1%) committed,  1 nodes.
              Both:        1.01 GB reserved,       1.50 MB ( <1%) committed. 

Chunk freelists:
   Non-Class:  3.42 MB
       Class:  3.69 MB
        Both:  7.11 MB

MaxMetaspaceSize: 17179869184.00 GB
CompressedClassSpaceSize: 1.00 GB
 - commit_granule_bytes: 65536.
 - commit_granule_words: 8192.
 - virtual_space_node_default_size: 1048576.
 - enlarge_chunks_in_place: 1.
 - new_chunks_are_fully_committed: 0.
 - uncommit_free_chunks: 1.
 - use_allocation_guard: 0.
 - handle_deallocations: 1.


Internal statistics:

num_allocs_failed_limit: 0.
num_arena_births: 8.
num_arena_deaths: 0.
num_vsnodes_births: 2.
num_vsnodes_deaths: 0.
num_space_committed: 24.
num_space_uncommitted: 0.
num_chunks_returned_to_freelist: 0.
num_chunks_taken_from_freelist: 42.
num_chunk_merges: 0.
num_chunk_splits: 28.
num_chunks_enlarged: 24.
num_purges: 0.

CodeHeap 'non-profiled nmethods': size=120000Kb used=100Kb max_used=100Kb free=119900Kb
 bounds [0x0000016774d70000, 0x0000016774fe0000, 0x000001677c2a0000]
CodeHeap 'profiled nmethods': size=120000Kb used=521Kb max_used=521Kb free=119478Kb
 bounds [0x000001676d840000, 0x000001676dab0000, 0x0000016774d70000]
CodeHeap 'non-nmethods': size=5760Kb used=1117Kb max_used=1131Kb free=4642Kb
 bounds [0x000001676d2a0000, 0x000001676d510000, 0x000001676d840000]
 total_blobs=742 nmethods=351 adapters=304
 compilation: enabled
              stopped_count=0, restarted_count=0
 full_count=0

Compilation events (20 events):
Event: 0.293 Thread 0x000001677ec31700  343   !   3       java.net.URL::<init> (543 bytes)
Event: 0.299 Thread 0x000001677ec31700 nmethod 343 0x000001676d8b7590 code [0x000001676d8b7c40, 0x000001676d8bb708]
Event: 0.299 Thread 0x000001677ec31700  345   !   3       java.util.jar.JarFile::checkForSpecialAttributes (163 bytes)
Event: 0.300 Thread 0x000001677ec31700 nmethod 345 0x000001676d8bd810 code [0x000001676d8bdb20, 0x000001676d8bed28]
Event: 0.300 Thread 0x000001677ec31700  349   !   3       java.util.jar.JarFile::isMultiRelease (33 bytes)
Event: 0.300 Thread 0x000001677ec31700 nmethod 349 0x000001676d8bf510 code [0x000001676d8bf6c0, 0x000001676d8bf8c8]
Event: 0.300 Thread 0x000001677ec31700  346       3       java.util.jar.JarFile::getEntry (35 bytes)
Event: 0.300 Thread 0x000001677ec31700 nmethod 346 0x000001676d8bf990 code [0x000001676d8bfb80, 0x000001676d8c0018]
Event: 0.300 Thread 0x000001677ec31700  347   !   3       jdk.internal.loader.URLClassPath$JarLoader::getResource (65 bytes)
Event: 0.301 Thread 0x000001677ec2fda0  352       4       java.lang.StringLatin1::indexOf (121 bytes)
Event: 0.301 Thread 0x000001677ec31700 nmethod 347 0x000001676d8c0190 code [0x000001676d8c0400, 0x000001676d8c0ea8]
Event: 0.301 Thread 0x000001677ec31700  351       3       java.nio.Buffer::limit (65 bytes)
Event: 0.302 Thread 0x000001677ec31700 nmethod 351 0x000001676d8c1210 code [0x000001676d8c13c0, 0x000001676d8c1688]
Event: 0.302 Thread 0x000001677ec31700  348       3       java.util.jar.JarFile::getJarEntry (9 bytes)
Event: 0.302 Thread 0x000001677ec31700 nmethod 348 0x000001676d8c1790 code [0x000001676d8c1940, 0x000001676d8c1c08]
Event: 0.302 Thread 0x000001677ec31700  350       1       java.nio.DirectByteBuffer::attachment (5 bytes)
Event: 0.302 Thread 0x000001677ec31700 nmethod 350 0x0000016774d88d10 code [0x0000016774d88ea0, 0x0000016774d88f78]
Event: 0.302 Thread 0x000001677ec31700  353       3       java.util.ArrayList::add (25 bytes)
Event: 0.302 Thread 0x000001677ec31700 nmethod 353 0x000001676d8c1d10 code [0x000001676d8c1ee0, 0x000001676d8c2328]
Event: 0.302 Thread 0x000001677ec31700  344       3       java.net.URLStreamHandler::setURL (73 bytes)

GC Heap History (0 events):
No events

Deoptimization events (4 events):
Event: 0.201 Thread 0x0000016765b23e50 Uncommon trap: trap_request=0xffffff45 fr.pc=0x0000016774d7b584 relative=0x0000000000000064
Event: 0.201 Thread 0x0000016765b23e50 Uncommon trap: reason=unstable_if action=reinterpret pc=0x0000016774d7b584 method=java.io.WinNTFileSystem.isSlash(C)Z @ 9 c2
Event: 0.201 Thread 0x0000016765b23e50 DEOPT PACKING pc=0x0000016774d7b584 sp=0x00000045706fe6f0
Event: 0.201 Thread 0x0000016765b23e50 DEOPT UNPACKING pc=0x000001676d2ed72e sp=0x00000045706fe678 mode 2

Classes unloaded (0 events):
No events

Classes redefined (0 events):
No events

Internal exceptions (0 events):
No events

Events (20 events):
Event: 0.293 loading class java/lang/NoSuchFieldError
Event: 0.293 loading class java/lang/NoSuchFieldError done
Event: 0.295 loading class java/util/concurrent/LinkedBlockingQueue
Event: 0.296 loading class java/util/concurrent/BlockingQueue
Event: 0.296 loading class java/util/concurrent/BlockingQueue done
Event: 0.296 loading class java/util/AbstractQueue
Event: 0.296 loading class java/util/AbstractQueue done
Event: 0.296 loading class java/util/concurrent/LinkedBlockingQueue done
Event: 0.296 loading class java/util/concurrent/locks/AbstractQueuedSynchronizer$ConditionObject
Event: 0.296 loading class java/util/concurrent/locks/Condition
Event: 0.296 loading class java/util/concurrent/locks/Condition done
Event: 0.296 loading class java/util/concurrent/locks/AbstractQueuedSynchronizer$ConditionObject done
Event: 0.296 loading class java/util/concurrent/LinkedBlockingQueue$Node
Event: 0.297 loading class java/util/concurrent/LinkedBlockingQueue$Node done
Event: 0.298 loading class java/lang/SecurityException
Event: 0.298 loading class java/lang/SecurityException done
Event: 0.300 loading class java/net/URLClassLoader$3
Event: 0.301 loading class java/net/URLClassLoader$3 done
Event: 0.301 loading class java/net/URLClassLoader$3$1
Event: 0.301 loading class java/net/URLClassLoader$3$1 done


Dynamic libraries:
0x00007ff7d98a0000 - 0x00007ff7d98b0000 	C:\Program Files\Java\jdk-16.0.2\bin\java.exe
0x00007ffecdf70000 - 0x00007ffece165000 	C:\WINDOWS\SYSTEM32\ntdll.dll
0x00007ffecd600000 - 0x00007ffecd6be000 	C:\WINDOWS\System32\KERNEL32.DLL
0x00007ffecbb40000 - 0x00007ffecbe09000 	C:\WINDOWS\System32\KERNELBASE.dll
0x00007ffecb720000 - 0x00007ffecb820000 	C:\WINDOWS\System32\ucrtbase.dll
0x00007ffec32d0000 - 0x00007ffec32e9000 	C:\Program Files\Java\jdk-16.0.2\bin\VCRUNTIME140.dll
0x00007ffeb5020000 - 0x00007ffeb5038000 	C:\Program Files\Java\jdk-16.0.2\bin\jli.dll
0x00007ffecd6c0000 - 0x00007ffecd76c000 	C:\WINDOWS\System32\ADVAPI32.dll
0x00007ffecc080000 - 0x00007ffecc11e000 	C:\WINDOWS\System32\msvcrt.dll
0x00007ffecd7e0000 - 0x00007ffecd87b000 	C:\WINDOWS\System32\sechost.dll
0x00007ffecd220000 - 0x00007ffecd34a000 	C:\WINDOWS\System32\RPCRT4.dll
0x00007ffecd880000 - 0x00007ffecda21000 	C:\WINDOWS\System32\USER32.dll
0x00007ffeb1130000 - 0x00007ffeb13ca000 	C:\WINDOWS\WinSxS\amd64_microsoft.windows.common-controls_6595b64144ccf1df_6.0.19041.1110_none_60b5254171f9507e\COMCTL32.dll
0x00007ffecb920000 - 0x00007ffecb942000 	C:\WINDOWS\System32\win32u.dll
0x00007ffecbfc0000 - 0x00007ffecbfeb000 	C:\WINDOWS\System32\GDI32.dll
0x00007ffecb950000 - 0x00007ffecba5b000 	C:\WINDOWS\System32\gdi32full.dll
0x00007ffecb880000 - 0x00007ffecb91d000 	C:\WINDOWS\System32\msvcp_win.dll
0x00007ffec0700000 - 0x00007ffec070a000 	C:\WINDOWS\SYSTEM32\VERSION.dll
0x00007ffecd110000 - 0x00007ffecd140000 	C:\WINDOWS\System32\IMM32.DLL
0x00007ffec32c0000 - 0x00007ffec32cc000 	C:\Program Files\Java\jdk-16.0.2\bin\vcruntime140_1.dll
0x00007ffeb4ee0000 - 0x00007ffeb4f71000 	C:\Program Files\Java\jdk-16.0.2\bin\msvcp140.dll
0x00007ffea1800000 - 0x00007ffea23ab000 	C:\Program Files\Java\jdk-16.0.2\bin\server\jvm.dll
0x00007ffecc480000 - 0x00007ffecc488000 	C:\WINDOWS\System32\PSAPI.DLL
0x00007ffec32f0000 - 0x00007ffec32f9000 	C:\WINDOWS\SYSTEM32\WSOCK32.dll
0x00007ffeb3b30000 - 0x00007ffeb3b57000 	C:\WINDOWS\SYSTEM32\WINMM.dll
0x00007ffecd770000 - 0x00007ffecd7db000 	C:\WINDOWS\System32\WS2_32.dll
0x00007ffec9620000 - 0x00007ffec9632000 	C:\WINDOWS\SYSTEM32\kernel.appcore.dll
0x00007ffeb8af0000 - 0x00007ffeb8afa000 	C:\Program Files\Java\jdk-16.0.2\bin\jimage.dll
0x00007ffec62f0000 - 0x00007ffec64d4000 	C:\WINDOWS\SYSTEM32\DBGHELP.DLL
0x00007ffeb2fc0000 - 0x00007ffeb2fec000 	C:\WINDOWS\SYSTEM32\dbgcore.DLL
0x00007ffecb690000 - 0x00007ffecb713000 	C:\WINDOWS\System32\bcryptPrimitives.dll
0x00007ffec18c0000 - 0x00007ffec18e5000 	C:\Program Files\Java\jdk-16.0.2\bin\java.dll
0x00007ffecc5c0000 - 0x00007ffecccff000 	C:\WINDOWS\System32\SHELL32.dll
0x00007ffec9790000 - 0x00007ffec9f20000 	C:\WINDOWS\SYSTEM32\windows.storage.dll
0x00007ffecc120000 - 0x00007ffecc475000 	C:\WINDOWS\System32\combase.dll
0x00007ffecb010000 - 0x00007ffecb03c000 	C:\WINDOWS\SYSTEM32\Wldp.dll
0x00007ffecd3b0000 - 0x00007ffecd45d000 	C:\WINDOWS\System32\SHCORE.dll
0x00007ffecd0a0000 - 0x00007ffecd0f5000 	C:\WINDOWS\System32\shlwapi.dll
0x00007ffecb5d0000 - 0x00007ffecb5ef000 	C:\WINDOWS\SYSTEM32\profapi.dll
0x00007ffeb8ad0000 - 0x00007ffeb8ae9000 	C:\Program Files\Java\jdk-16.0.2\bin\net.dll
0x00007ffeb9e60000 - 0x00007ffeb9f68000 	C:\WINDOWS\SYSTEM32\WINHTTP.dll
0x00007ffecad70000 - 0x00007ffecadda000 	C:\WINDOWS\system32\mswsock.dll
0x00007ffeb8ab0000 - 0x00007ffeb8ac3000 	C:\Program Files\Java\jdk-16.0.2\bin\nio.dll
0x00007ffeb8a50000 - 0x00007ffeb8a68000 	C:\Program Files\Java\jdk-16.0.2\bin\zip.dll
0x00007ffeb8a40000 - 0x00007ffeb8a50000 	C:\Program Files\Java\jdk-16.0.2\bin\verify.dll
0x00007ffeb6460000 - 0x00007ffeb646a000 	C:\Program Files\NetBeans-12.5\netbeans\java\maven\lib\jansi-native\windows64\jansi.dll

dbghelp: loaded successfully - version: 4.0.5 - missing functions: none
symbol engine: initialized successfully - sym options: 0x614 - pdb path: .;C:\Program Files\Java\jdk-16.0.2\bin;C:\WINDOWS\SYSTEM32;C:\WINDOWS\WinSxS\amd64_microsoft.windows.common-controls_6595b64144ccf1df_6.0.19041.1110_none_60b5254171f9507e;C:\Program Files\Java\jdk-16.0.2\bin\server;C:\Program Files\NetBeans-12.5\netbeans\java\maven\lib\jansi-native\windows64

VM Arguments:
jvm_args: -Dclassworlds.conf=C:\Program Files\NetBeans-12.5\netbeans\java\maven\bin\..\bin\m2.conf -Dmaven.home=C:\Program Files\NetBeans-12.5\netbeans\java\maven\bin\.. -Dlibrary.jansi.path=C:\Program Files\NetBeans-12.5\netbeans\java\maven\bin\..\lib\jansi-native -Dmaven.multiModuleProjectDirectory=C:\Users\dell\Documents\NetBeansProjects\projetoGit\projetoN2 
java_command: org.codehaus.plexus.classworlds.launcher.Launcher -Dexec.vmArgs= -Dexec.args=${exec.vmArgs} -classpath %classpath ${exec.mainClass} ${exec.appArgs} -Dexec.executable=C:\Program Files\Java\jdk-16.0.2\bin\java.exe -Dexec.mainClass=view.services.Tabela1 -Dexec.classpathScope=runtime -Dexec.appArgs= -Dmaven.ext.class.path=C:\Program Files\NetBeans-12.5\netbeans\java\maven-nblib\netbeans-eventspy.jar -Dfile.encoding=UTF-8 org.codehaus.mojo:exec-maven-plugin:3.0.0:exec
java_class_path (initial): C:\Program Files\NetBeans-12.5\netbeans\java\maven\bin\..\boot\plexus-classworlds-2.6.0.jar
Launcher Type: SUN_STANDARD

[Global flags]
     intx CICompilerCount                          = 3                                         {product} {ergonomic}
     uint ConcGCThreads                            = 1                                         {product} {ergonomic}
     uint G1ConcRefinementThreads                  = 4                                         {product} {ergonomic}
   size_t G1HeapRegionSize                         = 1048576                                   {product} {ergonomic}
    uintx GCDrainStackTargetSize                   = 64                                        {product} {ergonomic}
   size_t InitialHeapSize                          = 67108864                                  {product} {ergonomic}
   size_t MarkStackSize                            = 4194304                                   {product} {ergonomic}
   size_t MaxHeapSize                              = 1048576000                                {product} {ergonomic}
   size_t MaxNewSize                               = 629145600                                 {product} {ergonomic}
   size_t MinHeapDeltaBytes                        = 1048576                                   {product} {ergonomic}
   size_t MinHeapSize                              = 8388608                                   {product} {ergonomic}
    uintx NonNMethodCodeHeapSize                   = 5832780                                {pd product} {ergonomic}
    uintx NonProfiledCodeHeapSize                  = 122912730                              {pd product} {ergonomic}
    uintx ProfiledCodeHeapSize                     = 122912730                              {pd product} {ergonomic}
    uintx ReservedCodeCacheSize                    = 251658240                              {pd product} {ergonomic}
     bool SegmentedCodeCache                       = true                                      {product} {ergonomic}
   size_t SoftMaxHeapSize                          = 1048576000                             {manageable} {ergonomic}
     bool UseCompressedClassPointers               = true                           {product lp64_product} {ergonomic}
     bool UseCompressedOops                        = true                           {product lp64_product} {ergonomic}
     bool UseG1GC                                  = true                                      {product} {ergonomic}
     bool UseLargePagesIndividualAllocation        = false                                  {pd product} {ergonomic}

Logging:
Log output configuration:
 #0: stdout all=warning uptime,level,tags
 #1: stderr all=off uptime,level,tags

Environment Variables:
JAVA_HOME=C:\Program Files\Java\jdk-16.0.2
PATH=C:\Program Files\Common Files\Oracle\Java\javapath;C:\Program Files (x86)\Common Files\Oracle\Java\javapath;C:\Program Files\AdoptOpenJDK\jdk-14.0.2.12-hotspot\bin;C:\WINDOWS\system32;C:\WINDOWS;C:\WINDOWS\System32\Wbem;C:\WINDOWS\System32\WindowsPowerShell\v1.0\;C:\WINDOWS\System32\OpenSSH\;C:\Program Files\nodejs\;C:\Program Files (x86)\Intel\Intel(R) Management Engine Components\DAL;C:\Program Files\Intel\Intel(R) Management Engine Components\DAL;C:\MinGW\bin;C:\Program Files\Java\jdk-15.0.2\bin;C:\Program Files\Git\cmd;C:\Program Files\Apache\maven\apache-maven-3.8.3\bin;C:\Program Files\MySQL\MySQL Shell 8.0\bin\;C:\Users\dell\AppData\Local\Microsoft\WindowsApps;C:\Users\dell\AppData\Roaming\npm;C:\MinGW\bin;;C:\Program Files\JetBrains\IntelliJ IDEA Community Edition 2021.2\bin;;C:\Users\dell\AppData\Local\Programs\mongosh\
USERNAME=dell
OS=Windows_NT
PROCESSOR_IDENTIFIER=Intel64 Family 6 Model 142 Stepping 9, GenuineIntel



---------------  S Y S T E M  ---------------

OS:
 Windows 10 , 64 bit Build 19041 (10.0.19041.1202)
OS uptime: 0 days 3:43 hours

CPU: total 4 (initial active 4) (2 cores per cpu, 2 threads per core) family 6 model 142 stepping 9 microcode 0xea, cx8, cmov, fxsr, ht, mmx, 3dnowpref, sse, sse2, sse3, ssse3, sse4.1, sse4.2, popcnt, lzcnt, tsc, tscinvbit, avx, avx2, aes, erms, clmul, bmi1, bmi2, adx, fma, vzeroupper, clflush, clflushopt

Memory: 4k page, system-wide physical 3996M (803M free)
TotalPageFile size 5391M (AvailPageFile size 4M)
current process WorkingSet (physical memory assigned to process): 38M, peak: 38M
current process commit charge ("private bytes"): 138M, peak: 138M

vm_info: Java HotSpot(TM) 64-Bit Server VM (16.0.2+7-67) for windows-amd64 JRE (16.0.2+7-67), built on Jun  8 2021 23:24:19 by "mach5one" with MS VC++ 16.7 (VS2019)

END.
