#
# There is insufficient memory for the Java Runtime Environment to continue.
# Native memory allocation (malloc) failed to allocate 32744 bytes for ChunkPool::allocate
# Possible reasons:
#   The system is out of physical RAM or swap space
#   The process is running with CompressedOops enabled, and the Java Heap may be blocking the growth of the native heap
# Possible solutions:
#   Reduce memory load on the system
#   Increase physical memory or swap space
#   Check if swap backing store is full
#   Decrease Java heap size (-Xmx/-Xms)
#   Decrease number of Java threads
#   Decrease Java thread stack sizes (-Xss)
#   Set larger code cache with -XX:ReservedCodeCacheSize=
#   JVM is running with Unscaled Compressed Oops mode in which the Java heap is
#     placed in the first 4GB address space. The Java Heap base address is the
#     maximum limit for the native heap growth. Please use -XX:HeapBaseMinAddress
#     to set the Java Heap base and to place the Java Heap above 4GB virtual address.
# This output file may be truncated or incomplete.
#
#  Out of Memory Error (arena.cpp:79), pid=4528, tid=10124
#
# JRE version: Java(TM) SE Runtime Environment (16.0.2+7) (build 16.0.2+7-67)
# Java VM: Java HotSpot(TM) 64-Bit Server VM (16.0.2+7-67, mixed mode, sharing, tiered, compressed oops, compressed class ptrs, g1 gc, windows-amd64)
# No core dump will be written. Minidumps are not enabled by default on client versions of Windows
#

---------------  S U M M A R Y ------------

Command Line: -Dclassworlds.conf=C:\Program Files\NetBeans-12.5\netbeans\java\maven\bin\..\bin\m2.conf -Dmaven.home=C:\Program Files\NetBeans-12.5\netbeans\java\maven\bin\.. -Dlibrary.jansi.path=C:\Program Files\NetBeans-12.5\netbeans\java\maven\bin\..\lib\jansi-native -Dmaven.multiModuleProjectDirectory=C:\Users\dell\Documents\NetBeansProjects\projetoGit\projetoN2 org.codehaus.plexus.classworlds.launcher.Launcher -DskipTests=true -Dmaven.ext.class.path=C:\Program Files\NetBeans-12.5\netbeans\java\maven-nblib\netbeans-eventspy.jar -Dfile.encoding=UTF-8 --fail-at-end package

Host: Intel(R) Core(TM) i3-7020U CPU @ 2.30GHz, 4 cores, 3G,  Windows 10 , 64 bit Build 19041 (10.0.19041.1202)
Time: Tue Nov  9 14:57:45 2021 Hora oficial do Brasil elapsed time: 0.728250 seconds (0d 0h 0m 0s)

---------------  T H R E A D  ---------------

Current thread (0x000001f0b22ee4c0):  JavaThread "main" [_thread_in_vm, id=10124, stack(0x0000009404600000,0x0000009404700000)]

Stack: [0x0000009404600000,0x0000009404700000]
Native frames: (J=compiled Java code, j=interpreted, Vv=VM code, C=native code)
V  [jvm.dll+0x6681ca]
V  [jvm.dll+0x7c9e69]
V  [jvm.dll+0x7cb61e]
V  [jvm.dll+0x7cbc73]
V  [jvm.dll+0x242c55]
V  [jvm.dll+0xae10f]
V  [jvm.dll+0xae45c]
V  [jvm.dll+0x3837df]
V  [jvm.dll+0x1e1adf]
V  [jvm.dll+0x1e0f05]
V  [jvm.dll+0x536022]
V  [jvm.dll+0x742a71]
V  [jvm.dll+0x40703f]
V  [jvm.dll+0x40d362]
C  [java.dll+0x17c8]

Java frames: (J=compiled Java code, j=interpreted, Vv=VM code)
j  java.lang.ClassLoader.defineClass1(Ljava/lang/ClassLoader;Ljava/lang/String;[BIILjava/security/ProtectionDomain;Ljava/lang/String;)Ljava/lang/Class;+0 java.base@16.0.2
j  java.lang.ClassLoader.defineClass(Ljava/lang/String;[BIILjava/security/ProtectionDomain;)Ljava/lang/Class;+27 java.base@16.0.2
j  java.security.SecureClassLoader.defineClass(Ljava/lang/String;[BIILjava/security/CodeSource;)Ljava/lang/Class;+12 java.base@16.0.2
j  java.net.URLClassLoader.defineClass(Ljava/lang/String;Ljdk/internal/loader/Resource;)Ljava/lang/Class;+220 java.base@16.0.2
j  java.net.URLClassLoader$1.run()Ljava/lang/Class;+43 java.base@16.0.2
j  java.net.URLClassLoader$1.run()Ljava/lang/Object;+1 java.base@16.0.2
j  java.security.AccessController.executePrivileged(Ljava/security/PrivilegedExceptionAction;Ljava/security/AccessControlContext;Ljava/lang/Class;)Ljava/lang/Object;+29 java.base@16.0.2
j  java.security.AccessController.doPrivileged(Ljava/security/PrivilegedExceptionAction;Ljava/security/AccessControlContext;)Ljava/lang/Object;+13 java.base@16.0.2
j  java.net.URLClassLoader.findClass(Ljava/lang/String;)Ljava/lang/Class;+13 java.base@16.0.2
j  org.codehaus.plexus.classworlds.realm.ClassRealm.loadClassFromSelf(Ljava/lang/String;)Ljava/lang/Class;+20
j  org.codehaus.plexus.classworlds.strategy.SelfFirstStrategy.loadClass(Ljava/lang/String;)Ljava/lang/Class;+18
J 489 c1 org.codehaus.plexus.classworlds.realm.ClassRealm.loadClass(Ljava/lang/String;Z)Ljava/lang/Class; (33 bytes) @ 0x000001f0bb8b0d14 [0x000001f0bb8b0b60+0x00000000000001b4]
J 488 c1 org.codehaus.plexus.classworlds.realm.ClassRealm.loadClass(Ljava/lang/String;)Ljava/lang/Class; (7 bytes) @ 0x000001f0bb8b084c [0x000001f0bb8b07c0+0x000000000000008c]
v  ~StubRoutines::call_stub
j  java.lang.Class.getDeclaredMethods0(Z)[Ljava/lang/reflect/Method;+0 java.base@16.0.2
j  java.lang.Class.privateGetDeclaredMethods(Z)[Ljava/lang/reflect/Method;+34 java.base@16.0.2
j  java.lang.Class.getMethodsRecursive(Ljava/lang/String;[Ljava/lang/Class;Z)Ljava/lang/PublicMethods$MethodList;+2 java.base@16.0.2
j  java.lang.Class.getMethod0(Ljava/lang/String;[Ljava/lang/Class;)Ljava/lang/reflect/Method;+14 java.base@16.0.2
j  java.lang.Class.getMethod(Ljava/lang/String;[Ljava/lang/Class;)Ljava/lang/reflect/Method;+26 java.base@16.0.2
j  org.eclipse.sisu.bean.BeanScheduler.<clinit>()V+34
v  ~StubRoutines::call_stub
j  org.codehaus.plexus.DefaultPlexusContainer.<init>(Lorg/codehaus/plexus/ContainerConfiguration;[Lcom/google/inject/Module;)V+234
j  org.apache.maven.cli.MavenCli.container(Lorg/apache/maven/cli/CliRequest;)Lorg/codehaus/plexus/PlexusContainer;+275
j  org.apache.maven.cli.MavenCli.doMain(Lorg/apache/maven/cli/CliRequest;)I+29
j  org.apache.maven.cli.MavenCli.main([Ljava/lang/String;Lorg/codehaus/plexus/classworlds/ClassWorld;)I+24
v  ~StubRoutines::call_stub
j  jdk.internal.reflect.NativeMethodAccessorImpl.invoke0(Ljava/lang/reflect/Method;Ljava/lang/Object;[Ljava/lang/Object;)Ljava/lang/Object;+0 java.base@16.0.2
j  jdk.internal.reflect.NativeMethodAccessorImpl.invoke(Ljava/lang/Object;[Ljava/lang/Object;)Ljava/lang/Object;+146 java.base@16.0.2
j  jdk.internal.reflect.DelegatingMethodAccessorImpl.invoke(Ljava/lang/Object;[Ljava/lang/Object;)Ljava/lang/Object;+6 java.base@16.0.2
j  java.lang.reflect.Method.invoke(Ljava/lang/Object;[Ljava/lang/Object;)Ljava/lang/Object;+59 java.base@16.0.2
j  org.codehaus.plexus.classworlds.launcher.Launcher.launchEnhanced([Ljava/lang/String;)V+45
j  org.codehaus.plexus.classworlds.launcher.Launcher.launch([Ljava/lang/String;)V+2
j  org.codehaus.plexus.classworlds.launcher.Launcher.mainWithExitCode([Ljava/lang/String;)I+101
j  org.codehaus.plexus.classworlds.launcher.Launcher.main([Ljava/lang/String;)V+1
v  ~StubRoutines::call_stub

---------------  P R O C E S S  ---------------

Threads class SMR info:
_java_thread_list=0x000001f0d0094690, length=12, elements={
0x000001f0b22ee4c0, 0x000001f0cf3619c0, 0x000001f0cf362880, 0x000001f0cf376280,
0x000001f0cf377e90, 0x000001f0cf37a9a0, 0x000001f0cf37b3a0, 0x000001f0cf37e190,
0x000001f0cf37ec80, 0x000001f0cf382410, 0x000001f0d00b3900, 0x000001f0d00b6300
}

Java Threads: ( => current thread )
=>0x000001f0b22ee4c0 JavaThread "main" [_thread_in_vm, id=10124, stack(0x0000009404600000,0x0000009404700000)]
  0x000001f0cf3619c0 JavaThread "Reference Handler" daemon [_thread_blocked, id=9368, stack(0x0000009404d00000,0x0000009404e00000)]
  0x000001f0cf362880 JavaThread "Finalizer" daemon [_thread_blocked, id=10656, stack(0x0000009404e00000,0x0000009404f00000)]
  0x000001f0cf376280 JavaThread "Signal Dispatcher" daemon [_thread_blocked, id=2960, stack(0x0000009404f00000,0x0000009405000000)]
  0x000001f0cf377e90 JavaThread "Attach Listener" daemon [_thread_blocked, id=6440, stack(0x0000009405000000,0x0000009405100000)]
  0x000001f0cf37a9a0 JavaThread "Service Thread" daemon [_thread_blocked, id=8184, stack(0x0000009405100000,0x0000009405200000)]
  0x000001f0cf37b3a0 JavaThread "Monitor Deflation Thread" daemon [_thread_blocked, id=9700, stack(0x0000009405200000,0x0000009405300000)]
  0x000001f0cf37e190 JavaThread "C2 CompilerThread0" daemon [_thread_blocked, id=11056, stack(0x0000009405300000,0x0000009405400000)]
  0x000001f0cf37ec80 JavaThread "C1 CompilerThread0" daemon [_thread_in_native, id=10916, stack(0x0000009405400000,0x0000009405500000)]
  0x000001f0cf382410 JavaThread "Sweeper thread" daemon [_thread_blocked, id=1420, stack(0x0000009405500000,0x0000009405600000)]
  0x000001f0d00b3900 JavaThread "Notification Thread" daemon [_thread_blocked, id=4548, stack(0x0000009405600000,0x0000009405700000)]
  0x000001f0d00b6300 JavaThread "Common-Cleaner" daemon [_thread_blocked, id=9340, stack(0x0000009405800000,0x0000009405900000)]

Other Threads:
  0x000001f0cf35dd70 VMThread "VM Thread" [stack: 0x0000009404c00000,0x0000009404d00000] [id=8684]
  0x000001f0d00b5240 WatcherThread [stack: 0x0000009405700000,0x0000009405800000] [id=9132]
  0x000001f0b231d0d0 GCTaskThread "GC Thread#0" [stack: 0x0000009404700000,0x0000009404800000] [id=5408]
  0x000001f0b2325e10 ConcurrentGCThread "G1 Main Marker" [stack: 0x0000009404800000,0x0000009404900000] [id=7704]
  0x000001f0b2327020 ConcurrentGCThread "G1 Conc#0" [stack: 0x0000009404900000,0x0000009404a00000] [id=1176]
  0x000001f0b23b15a0 ConcurrentGCThread "G1 Refine#0" [stack: 0x0000009404a00000,0x0000009404b00000] [id=5508]
  0x000001f0b23b2020 ConcurrentGCThread "G1 Service" [stack: 0x0000009404b00000,0x0000009404c00000] [id=11156]

Threads with active compile tasks:
C1 CompilerThread0      955  607       3       java.net.URLStreamHandler::parseURL (1201 bytes)

VM state: not at safepoint (normal execution)

VM Mutex/Monitor currently owned by a thread: None

Heap address: 0x00000000c1800000, size: 1000 MB, Compressed Oops mode: 32-bit

CDS archive(s) mapped at: [0x0000000800000000-0x0000000800bb0000-0x0000000800bb0000), size 12255232, SharedBaseAddress: 0x0000000800000000, ArchiveRelocationMode: 0.
Compressed class space mapped at: 0x0000000800c00000-0x0000000840c00000, reserved size: 1073741824
Narrow klass base: 0x0000000800000000, Narrow klass shift: 3, Narrow klass range: 0x100000000

GC Precious Log:
 CPUs: 4 total, 4 available
 Memory: 3996M
 Large Page Support: Disabled
 NUMA Support: Disabled
 Compressed Oops: Enabled (32-bit)
 Heap Region Size: 1M
 Heap Min Capacity: 8M
 Heap Initial Capacity: 64M
 Heap Max Capacity: 1000M
 Pre-touch: Disabled
 Parallel Workers: 4
 Concurrent Workers: 1
 Concurrent Refinement Workers: 4
 Periodic GC: Disabled

Heap:
 garbage-first heap   total 65536K, used 7168K [0x00000000c1800000, 0x0000000100000000)
  region size 1024K, 9 young (9216K), 0 survivors (0K)
 Metaspace       used 2369K, committed 2560K, reserved 1056768K
  class space    used 203K, committed 320K, reserved 1048576K

Heap Regions: E=young(eden), S=young(survivor), O=old, HS=humongous(starts), HC=humongous(continues), CS=collection set, F=free, OA=open archive, CA=closed archive, TAMS=top-at-mark-start (previous, next)
|   0|0x00000000c1800000, 0x00000000c1800000, 0x00000000c1900000|  0%| F|  |TAMS 0x00000000c1800000, 0x00000000c1800000| Untracked 
|   1|0x00000000c1900000, 0x00000000c1900000, 0x00000000c1a00000|  0%| F|  |TAMS 0x00000000c1900000, 0x00000000c1900000| Untracked 
|   2|0x00000000c1a00000, 0x00000000c1a00000, 0x00000000c1b00000|  0%| F|  |TAMS 0x00000000c1a00000, 0x00000000c1a00000| Untracked 
|   3|0x00000000c1b00000, 0x00000000c1b00000, 0x00000000c1c00000|  0%| F|  |TAMS 0x00000000c1b00000, 0x00000000c1b00000| Untracked 
|   4|0x00000000c1c00000, 0x00000000c1c00000, 0x00000000c1d00000|  0%| F|  |TAMS 0x00000000c1c00000, 0x00000000c1c00000| Untracked 
|   5|0x00000000c1d00000, 0x00000000c1d00000, 0x00000000c1e00000|  0%| F|  |TAMS 0x00000000c1d00000, 0x00000000c1d00000| Untracked 
|   6|0x00000000c1e00000, 0x00000000c1e00000, 0x00000000c1f00000|  0%| F|  |TAMS 0x00000000c1e00000, 0x00000000c1e00000| Untracked 
|   7|0x00000000c1f00000, 0x00000000c1f00000, 0x00000000c2000000|  0%| F|  |TAMS 0x00000000c1f00000, 0x00000000c1f00000| Untracked 
|   8|0x00000000c2000000, 0x00000000c2000000, 0x00000000c2100000|  0%| F|  |TAMS 0x00000000c2000000, 0x00000000c2000000| Untracked 
|   9|0x00000000c2100000, 0x00000000c2100000, 0x00000000c2200000|  0%| F|  |TAMS 0x00000000c2100000, 0x00000000c2100000| Untracked 
|  10|0x00000000c2200000, 0x00000000c2200000, 0x00000000c2300000|  0%| F|  |TAMS 0x00000000c2200000, 0x00000000c2200000| Untracked 
|  11|0x00000000c2300000, 0x00000000c2300000, 0x00000000c2400000|  0%| F|  |TAMS 0x00000000c2300000, 0x00000000c2300000| Untracked 
|  12|0x00000000c2400000, 0x00000000c2400000, 0x00000000c2500000|  0%| F|  |TAMS 0x00000000c2400000, 0x00000000c2400000| Untracked 
|  13|0x00000000c2500000, 0x00000000c2500000, 0x00000000c2600000|  0%| F|  |TAMS 0x00000000c2500000, 0x00000000c2500000| Untracked 
|  14|0x00000000c2600000, 0x00000000c2600000, 0x00000000c2700000|  0%| F|  |TAMS 0x00000000c2600000, 0x00000000c2600000| Untracked 
|  15|0x00000000c2700000, 0x00000000c2700000, 0x00000000c2800000|  0%| F|  |TAMS 0x00000000c2700000, 0x00000000c2700000| Untracked 
|  16|0x00000000c2800000, 0x00000000c2800000, 0x00000000c2900000|  0%| F|  |TAMS 0x00000000c2800000, 0x00000000c2800000| Untracked 
|  17|0x00000000c2900000, 0x00000000c2900000, 0x00000000c2a00000|  0%| F|  |TAMS 0x00000000c2900000, 0x00000000c2900000| Untracked 
|  18|0x00000000c2a00000, 0x00000000c2a00000, 0x00000000c2b00000|  0%| F|  |TAMS 0x00000000c2a00000, 0x00000000c2a00000| Untracked 
|  19|0x00000000c2b00000, 0x00000000c2b00000, 0x00000000c2c00000|  0%| F|  |TAMS 0x00000000c2b00000, 0x00000000c2b00000| Untracked 
|  20|0x00000000c2c00000, 0x00000000c2c00000, 0x00000000c2d00000|  0%| F|  |TAMS 0x00000000c2c00000, 0x00000000c2c00000| Untracked 
|  21|0x00000000c2d00000, 0x00000000c2d00000, 0x00000000c2e00000|  0%| F|  |TAMS 0x00000000c2d00000, 0x00000000c2d00000| Untracked 
|  22|0x00000000c2e00000, 0x00000000c2e00000, 0x00000000c2f00000|  0%| F|  |TAMS 0x00000000c2e00000, 0x00000000c2e00000| Untracked 
|  23|0x00000000c2f00000, 0x00000000c2f00000, 0x00000000c3000000|  0%| F|  |TAMS 0x00000000c2f00000, 0x00000000c2f00000| Untracked 
|  24|0x00000000c3000000, 0x00000000c3000000, 0x00000000c3100000|  0%| F|  |TAMS 0x00000000c3000000, 0x00000000c3000000| Untracked 
|  25|0x00000000c3100000, 0x00000000c3100000, 0x00000000c3200000|  0%| F|  |TAMS 0x00000000c3100000, 0x00000000c3100000| Untracked 
|  26|0x00000000c3200000, 0x00000000c3200000, 0x00000000c3300000|  0%| F|  |TAMS 0x00000000c3200000, 0x00000000c3200000| Untracked 
|  27|0x00000000c3300000, 0x00000000c3300000, 0x00000000c3400000|  0%| F|  |TAMS 0x00000000c3300000, 0x00000000c3300000| Untracked 
|  28|0x00000000c3400000, 0x00000000c3400000, 0x00000000c3500000|  0%| F|  |TAMS 0x00000000c3400000, 0x00000000c3400000| Untracked 
|  29|0x00000000c3500000, 0x00000000c3500000, 0x00000000c3600000|  0%| F|  |TAMS 0x00000000c3500000, 0x00000000c3500000| Untracked 
|  30|0x00000000c3600000, 0x00000000c3600000, 0x00000000c3700000|  0%| F|  |TAMS 0x00000000c3600000, 0x00000000c3600000| Untracked 
|  31|0x00000000c3700000, 0x00000000c3700000, 0x00000000c3800000|  0%| F|  |TAMS 0x00000000c3700000, 0x00000000c3700000| Untracked 
|  32|0x00000000c3800000, 0x00000000c3800000, 0x00000000c3900000|  0%| F|  |TAMS 0x00000000c3800000, 0x00000000c3800000| Untracked 
|  33|0x00000000c3900000, 0x00000000c3900000, 0x00000000c3a00000|  0%| F|  |TAMS 0x00000000c3900000, 0x00000000c3900000| Untracked 
|  34|0x00000000c3a00000, 0x00000000c3a00000, 0x00000000c3b00000|  0%| F|  |TAMS 0x00000000c3a00000, 0x00000000c3a00000| Untracked 
|  35|0x00000000c3b00000, 0x00000000c3b00000, 0x00000000c3c00000|  0%| F|  |TAMS 0x00000000c3b00000, 0x00000000c3b00000| Untracked 
|  36|0x00000000c3c00000, 0x00000000c3c00000, 0x00000000c3d00000|  0%| F|  |TAMS 0x00000000c3c00000, 0x00000000c3c00000| Untracked 
|  37|0x00000000c3d00000, 0x00000000c3d00000, 0x00000000c3e00000|  0%| F|  |TAMS 0x00000000c3d00000, 0x00000000c3d00000| Untracked 
|  38|0x00000000c3e00000, 0x00000000c3e00000, 0x00000000c3f00000|  0%| F|  |TAMS 0x00000000c3e00000, 0x00000000c3e00000| Untracked 
|  39|0x00000000c3f00000, 0x00000000c3f00000, 0x00000000c4000000|  0%| F|  |TAMS 0x00000000c3f00000, 0x00000000c3f00000| Untracked 
|  40|0x00000000c4000000, 0x00000000c4000000, 0x00000000c4100000|  0%| F|  |TAMS 0x00000000c4000000, 0x00000000c4000000| Untracked 
|  41|0x00000000c4100000, 0x00000000c4100000, 0x00000000c4200000|  0%| F|  |TAMS 0x00000000c4100000, 0x00000000c4100000| Untracked 
|  42|0x00000000c4200000, 0x00000000c4200000, 0x00000000c4300000|  0%| F|  |TAMS 0x00000000c4200000, 0x00000000c4200000| Untracked 
|  43|0x00000000c4300000, 0x00000000c4300000, 0x00000000c4400000|  0%| F|  |TAMS 0x00000000c4300000, 0x00000000c4300000| Untracked 
|  44|0x00000000c4400000, 0x00000000c4400000, 0x00000000c4500000|  0%| F|  |TAMS 0x00000000c4400000, 0x00000000c4400000| Untracked 
|  45|0x00000000c4500000, 0x00000000c4500000, 0x00000000c4600000|  0%| F|  |TAMS 0x00000000c4500000, 0x00000000c4500000| Untracked 
|  46|0x00000000c4600000, 0x00000000c4600000, 0x00000000c4700000|  0%| F|  |TAMS 0x00000000c4600000, 0x00000000c4600000| Untracked 
|  47|0x00000000c4700000, 0x00000000c4700000, 0x00000000c4800000|  0%| F|  |TAMS 0x00000000c4700000, 0x00000000c4700000| Untracked 
|  48|0x00000000c4800000, 0x00000000c4800000, 0x00000000c4900000|  0%| F|  |TAMS 0x00000000c4800000, 0x00000000c4800000| Untracked 
|  49|0x00000000c4900000, 0x00000000c4900000, 0x00000000c4a00000|  0%| F|  |TAMS 0x00000000c4900000, 0x00000000c4900000| Untracked 
|  50|0x00000000c4a00000, 0x00000000c4a00000, 0x00000000c4b00000|  0%| F|  |TAMS 0x00000000c4a00000, 0x00000000c4a00000| Untracked 
|  51|0x00000000c4b00000, 0x00000000c4b00000, 0x00000000c4c00000|  0%| F|  |TAMS 0x00000000c4b00000, 0x00000000c4b00000| Untracked 
|  52|0x00000000c4c00000, 0x00000000c4c00000, 0x00000000c4d00000|  0%| F|  |TAMS 0x00000000c4c00000, 0x00000000c4c00000| Untracked 
|  53|0x00000000c4d00000, 0x00000000c4d00000, 0x00000000c4e00000|  0%| F|  |TAMS 0x00000000c4d00000, 0x00000000c4d00000| Untracked 
|  54|0x00000000c4e00000, 0x00000000c4e00000, 0x00000000c4f00000|  0%| F|  |TAMS 0x00000000c4e00000, 0x00000000c4e00000| Untracked 
|  55|0x00000000c4f00000, 0x00000000c4fc83a8, 0x00000000c5000000| 78%| E|  |TAMS 0x00000000c4f00000, 0x00000000c4f00000| Complete 
|  56|0x00000000c5000000, 0x00000000c5100000, 0x00000000c5100000|100%| E|CS|TAMS 0x00000000c5000000, 0x00000000c5000000| Complete 
|  57|0x00000000c5100000, 0x00000000c5200000, 0x00000000c5200000|100%| E|CS|TAMS 0x00000000c5100000, 0x00000000c5100000| Complete 
|  58|0x00000000c5200000, 0x00000000c5300000, 0x00000000c5300000|100%| E|  |TAMS 0x00000000c5200000, 0x00000000c5200000| Complete 
|  59|0x00000000c5300000, 0x00000000c5400000, 0x00000000c5400000|100%| E|CS|TAMS 0x00000000c5300000, 0x00000000c5300000| Complete 
|  60|0x00000000c5400000, 0x00000000c5500000, 0x00000000c5500000|100%| E|CS|TAMS 0x00000000c5400000, 0x00000000c5400000| Complete 
|  61|0x00000000c5500000, 0x00000000c5600000, 0x00000000c5600000|100%| E|CS|TAMS 0x00000000c5500000, 0x00000000c5500000| Complete 
|  62|0x00000000c5600000, 0x00000000c5700000, 0x00000000c5700000|100%| E|CS|TAMS 0x00000000c5600000, 0x00000000c5600000| Complete 
|  63|0x00000000c5700000, 0x00000000c5800000, 0x00000000c5800000|100%| E|CS|TAMS 0x00000000c5700000, 0x00000000c5700000| Complete 

Card table byte_map: [0x000001f0caa70000,0x000001f0cac70000] _byte_map_base: 0x000001f0ca464000

Marking Bits (Prev, Next): (CMBitMap*) 0x000001f0b231d740, (CMBitMap*) 0x000001f0b231d780
 Prev Bits: [0x000001f0cae70000, 0x000001f0cbe10000)
 Next Bits: [0x000001f0cbe10000, 0x000001f0ccdb0000)

Polling page: 0x000001f0b21c0000

Metaspace:

Usage:
  Non-class:      2.12 MB used.
      Class:    203.07 KB used.
       Both:      2.31 MB used.

Virtual space:
  Non-class space:        8.00 MB reserved,       2.19 MB ( 27%) committed,  1 nodes.
      Class space:        1.00 GB reserved,     320.00 KB ( <1%) committed,  1 nodes.
              Both:        1.01 GB reserved,       2.50 MB ( <1%) committed. 

Chunk freelists:
   Non-Class:  2.97 MB
       Class:  3.62 MB
        Both:  6.59 MB

MaxMetaspaceSize: 17179869184.00 GB
CompressedClassSpaceSize: 1.00 GB
 - commit_granule_bytes: 65536.
 - commit_granule_words: 8192.
 - virtual_space_node_default_size: 1048576.
 - enlarge_chunks_in_place: 1.
 - new_chunks_are_fully_committed: 0.
 - uncommit_free_chunks: 1.
 - use_allocation_guard: 0.
 - handle_deallocations: 1.


Internal statistics:

num_allocs_failed_limit: 0.
num_arena_births: 10.
num_arena_deaths: 0.
num_vsnodes_births: 2.
num_vsnodes_deaths: 0.
num_space_committed: 40.
num_space_uncommitted: 0.
num_chunks_returned_to_freelist: 0.
num_chunks_taken_from_freelist: 63.
num_chunk_merges: 0.
num_chunk_splits: 46.
num_chunks_enlarged: 39.
num_purges: 0.

CodeHeap 'non-profiled nmethods': size=120000Kb used=168Kb max_used=168Kb free=119831Kb
 bounds [0x000001f0c2d20000, 0x000001f0c2f90000, 0x000001f0ca250000]
CodeHeap 'profiled nmethods': size=120000Kb used=1058Kb max_used=1058Kb free=118941Kb
 bounds [0x000001f0bb7f0000, 0x000001f0bba60000, 0x000001f0c2d20000]
CodeHeap 'non-nmethods': size=5760Kb used=1146Kb max_used=1154Kb free=4613Kb
 bounds [0x000001f0bb250000, 0x000001f0bb4c0000, 0x000001f0bb7f0000]
 total_blobs=1036 nmethods=606 adapters=343
 compilation: enabled
              stopped_count=0, restarted_count=0
 full_count=0

Compilation events (20 events):
Event: 0.612 Thread 0x000001f0cf37ec80 nmethod 588 0x000001f0bb8ef990 code [0x000001f0bb8efc00, 0x000001f0bb8f07c8]
Event: 0.612 Thread 0x000001f0cf37ec80  600       3       java.lang.StringUTF16::getChar (60 bytes)
Event: 0.612 Thread 0x000001f0cf37ec80 nmethod 600 0x000001f0bb8f0b10 code [0x000001f0bb8f0cc0, 0x000001f0bb8f0e38]
Event: 0.612 Thread 0x000001f0cf37ec80  565       3       sun.util.locale.LanguageTag::isScript (21 bytes)
Event: 0.612 Thread 0x000001f0cf37e190  601       4       java.lang.StringUTF16::getChar (60 bytes)
Event: 0.613 Thread 0x000001f0cf37ec80 nmethod 565 0x000001f0bb8f0f10 code [0x000001f0bb8f1140, 0x000001f0bb8f1ab8]
Event: 0.613 Thread 0x000001f0cf37ec80  591       3       java.util.Locale::stripExtensions (20 bytes)
Event: 0.614 Thread 0x000001f0cf37ec80 nmethod 591 0x000001f0bb8f1e10 code [0x000001f0bb8f1fe0, 0x000001f0bb8f2268]
Event: 0.614 Thread 0x000001f0cf37ec80  566       3       sun.util.locale.LanguageTag::isRegion (36 bytes)
Event: 0.614 Thread 0x000001f0cf37e190 nmethod 601 0x000001f0c2d49910 code [0x000001f0c2d49aa0, 0x000001f0c2d49b78]
Event: 0.616 Thread 0x000001f0cf37ec80 nmethod 566 0x000001f0bb8f2310 code [0x000001f0bb8f25e0, 0x000001f0bb8f3758]
Event: 0.616 Thread 0x000001f0cf37ec80  602       3       java.lang.StringBuilder::append (8 bytes)
Event: 0.616 Thread 0x000001f0cf37ec80 nmethod 602 0x000001f0bb8f3d10 code [0x000001f0bb8f3ec0, 0x000001f0bb8f4008]
Event: 0.616 Thread 0x000001f0cf37ec80  603   !   3       jdk.internal.loader.BuiltinClassLoader::loadClassOrNull (143 bytes)
Event: 0.618 Thread 0x000001f0cf37ec80 nmethod 603 0x000001f0bb8f4090 code [0x000001f0bb8f43c0, 0x000001f0bb8f5938]
Event: 0.618 Thread 0x000001f0cf37ec80  604       3       java.net.URL::toExternalForm (9 bytes)
Event: 0.618 Thread 0x000001f0cf37ec80 nmethod 604 0x000001f0bb8f6190 code [0x000001f0bb8f6340, 0x000001f0bb8f6528]
Event: 0.618 Thread 0x000001f0cf37ec80  605       3       java.net.URLStreamHandler::toExternalForm (156 bytes)
Event: 0.619 Thread 0x000001f0cf37ec80 nmethod 605 0x000001f0bb8f6610 code [0x000001f0bb8f6a40, 0x000001f0bb8f81f8]
Event: 0.619 Thread 0x000001f0cf37ec80  607       3       java.net.URLStreamHandler::parseURL (1201 bytes)

GC Heap History (0 events):
No events

Deoptimization events (20 events):
Event: 0.334 Thread 0x000001f0b22ee4c0 Uncommon trap: trap_request=0xffffff45 fr.pc=0x000001f0c2d2b684 relative=0x0000000000000064
Event: 0.334 Thread 0x000001f0b22ee4c0 Uncommon trap: reason=unstable_if action=reinterpret pc=0x000001f0c2d2b684 method=java.io.WinNTFileSystem.isSlash(C)Z @ 9 c2
Event: 0.334 Thread 0x000001f0b22ee4c0 DEOPT PACKING pc=0x000001f0c2d2b684 sp=0x00000094046fe530
Event: 0.334 Thread 0x000001f0b22ee4c0 DEOPT UNPACKING pc=0x000001f0bb29d72e sp=0x00000094046fe4b8 mode 2
Event: 0.605 Thread 0x000001f0b22ee4c0 Uncommon trap: trap_request=0xffffff45 fr.pc=0x000001f0c2d274c8 relative=0x0000000000000408
Event: 0.605 Thread 0x000001f0b22ee4c0 Uncommon trap: reason=unstable_if action=reinterpret pc=0x000001f0c2d274c8 method=java.lang.StringLatin1.canEncode(I)Z @ 4 c2
Event: 0.605 Thread 0x000001f0b22ee4c0 DEOPT PACKING pc=0x000001f0c2d274c8 sp=0x00000094046fdd70
Event: 0.605 Thread 0x000001f0b22ee4c0 DEOPT UNPACKING pc=0x000001f0bb29d72e sp=0x00000094046fdc98 mode 2
Event: 0.605 Thread 0x000001f0b22ee4c0 Uncommon trap: trap_request=0xffffff45 fr.pc=0x000001f0c2d282ac relative=0x00000000000003ec
Event: 0.605 Thread 0x000001f0b22ee4c0 Uncommon trap: reason=unstable_if action=reinterpret pc=0x000001f0c2d282ac method=java.lang.AbstractStringBuilder.isLatin1()Z @ 10 c2
Event: 0.605 Thread 0x000001f0b22ee4c0 DEOPT PACKING pc=0x000001f0c2d282ac sp=0x00000094046fdd80
Event: 0.605 Thread 0x000001f0b22ee4c0 DEOPT UNPACKING pc=0x000001f0bb29d72e sp=0x00000094046fdd00 mode 2
Event: 0.605 Thread 0x000001f0b22ee4c0 Uncommon trap: trap_request=0xffffff45 fr.pc=0x000001f0c2d28ffc relative=0x000000000000005c
Event: 0.605 Thread 0x000001f0b22ee4c0 Uncommon trap: reason=unstable_if action=reinterpret pc=0x000001f0c2d28ffc method=java.lang.AbstractStringBuilder.isLatin1()Z @ 10 c2
Event: 0.605 Thread 0x000001f0b22ee4c0 DEOPT PACKING pc=0x000001f0c2d28ffc sp=0x00000094046fdd60
Event: 0.605 Thread 0x000001f0b22ee4c0 DEOPT UNPACKING pc=0x000001f0bb29d72e sp=0x00000094046fdcf0 mode 2
Event: 0.615 Thread 0x000001f0b22ee4c0 Uncommon trap: trap_request=0xffffff45 fr.pc=0x000001f0c2d254b8 relative=0x0000000000000038
Event: 0.615 Thread 0x000001f0b22ee4c0 Uncommon trap: reason=unstable_if action=reinterpret pc=0x000001f0c2d254b8 method=java.lang.StringLatin1.canEncode(I)Z @ 4 c2
Event: 0.615 Thread 0x000001f0b22ee4c0 DEOPT PACKING pc=0x000001f0c2d254b8 sp=0x00000094046fdd00
Event: 0.615 Thread 0x000001f0b22ee4c0 DEOPT UNPACKING pc=0x000001f0bb29d72e sp=0x00000094046fdc90 mode 2

Classes unloaded (0 events):
No events

Classes redefined (0 events):
No events

Internal exceptions (0 events):
No events

Events (20 events):
Event: 0.545 Executing  VM operation: HandshakeAllThreads
Event: 0.545 Executing  VM operation: HandshakeAllThreads done
Event: 0.554 loading class java/text/ParseException
Event: 0.554 loading class java/text/ParseException done
Event: 0.560 loading class sun/util/calendar/ZoneInfoFile$Checksum
Event: 0.560 loading class java/util/zip/CRC32
Event: 0.560 loading class java/util/zip/Checksum
Event: 0.560 loading class java/util/zip/Checksum done
Event: 0.560 loading class java/util/zip/CRC32 done
Event: 0.560 loading class sun/util/calendar/ZoneInfoFile$Checksum done
Event: 0.560 loading class java/util/zip/Checksum$1
Event: 0.560 loading class java/util/zip/Checksum$1 done
Event: 0.563 loading class jdk/internal/module/ModulePatcher$PatchedModuleReader
Event: 0.563 loading class jdk/internal/module/ModulePatcher$PatchedModuleReader done
Event: 0.563 loading class sun/net/www/protocol/jrt/Handler
Event: 0.563 loading class sun/net/www/protocol/jrt/Handler done
Event: 0.603 loading class sun/text/resources/cldr/FormatData_en
Event: 0.603 loading class sun/text/resources/cldr/FormatData_en done
Event: 0.604 loading class sun/text/resources/cldr/FormatData_en_US
Event: 0.604 loading class sun/text/resources/cldr/FormatData_en_US done


Dynamic libraries:
0x00007ff7ea640000 - 0x00007ff7ea650000 	C:\Program Files\Java\jdk-16.0.2\bin\java.exe
0x00007ffb1b690000 - 0x00007ffb1b885000 	C:\WINDOWS\SYSTEM32\ntdll.dll
0x00007ffb1a780000 - 0x00007ffb1a83e000 	C:\WINDOWS\System32\KERNEL32.DLL
0x00007ffb18de0000 - 0x00007ffb190a9000 	C:\WINDOWS\System32\KERNELBASE.dll
0x00007ffb19100000 - 0x00007ffb19200000 	C:\WINDOWS\System32\ucrtbase.dll
0x00007ffb10f80000 - 0x00007ffb10f99000 	C:\Program Files\Java\jdk-16.0.2\bin\VCRUNTIME140.dll
0x00007ffaf9de0000 - 0x00007ffaf9df8000 	C:\Program Files\Java\jdk-16.0.2\bin\jli.dll
0x00007ffb1b310000 - 0x00007ffb1b3bc000 	C:\WINDOWS\System32\ADVAPI32.dll
0x00007ffb1a840000 - 0x00007ffb1a8de000 	C:\WINDOWS\System32\msvcrt.dll
0x00007ffb1a6e0000 - 0x00007ffb1a77b000 	C:\WINDOWS\System32\sechost.dll
0x00007ffb1b160000 - 0x00007ffb1b28a000 	C:\WINDOWS\System32\RPCRT4.dll
0x00007ffb1b3c0000 - 0x00007ffb1b561000 	C:\WINDOWS\System32\USER32.dll
0x00007ffb00120000 - 0x00007ffb003ba000 	C:\WINDOWS\WinSxS\amd64_microsoft.windows.common-controls_6595b64144ccf1df_6.0.19041.1110_none_60b5254171f9507e\COMCTL32.dll
0x00007ffb18db0000 - 0x00007ffb18dd2000 	C:\WINDOWS\System32\win32u.dll
0x00007ffb1a560000 - 0x00007ffb1a58b000 	C:\WINDOWS\System32\GDI32.dll
0x00007ffb19200000 - 0x00007ffb1930b000 	C:\WINDOWS\System32\gdi32full.dll
0x00007ffb19450000 - 0x00007ffb194ed000 	C:\WINDOWS\System32\msvcp_win.dll
0x00007ffb0cf10000 - 0x00007ffb0cf1a000 	C:\WINDOWS\SYSTEM32\VERSION.dll
0x00007ffb1a590000 - 0x00007ffb1a5c0000 	C:\WINDOWS\System32\IMM32.DLL
0x00007ffb10f30000 - 0x00007ffb10f3c000 	C:\Program Files\Java\jdk-16.0.2\bin\vcruntime140_1.dll
0x00007ffaf7200000 - 0x00007ffaf7291000 	C:\Program Files\Java\jdk-16.0.2\bin\msvcp140.dll
0x00007ffad76c0000 - 0x00007ffad826b000 	C:\Program Files\Java\jdk-16.0.2\bin\server\jvm.dll
0x00007ffb19960000 - 0x00007ffb19968000 	C:\WINDOWS\System32\PSAPI.DLL
0x00007ffb10fd0000 - 0x00007ffb10fd9000 	C:\WINDOWS\SYSTEM32\WSOCK32.dll
0x00007ffb00e80000 - 0x00007ffb00ea7000 	C:\WINDOWS\SYSTEM32\WINMM.dll
0x00007ffb1aa90000 - 0x00007ffb1aafb000 	C:\WINDOWS\System32\WS2_32.dll
0x00007ffb16e90000 - 0x00007ffb16ea2000 	C:\WINDOWS\SYSTEM32\kernel.appcore.dll
0x00007ffb10f20000 - 0x00007ffb10f2a000 	C:\Program Files\Java\jdk-16.0.2\bin\jimage.dll
0x00007ffb13b60000 - 0x00007ffb13d44000 	C:\WINDOWS\SYSTEM32\DBGHELP.DLL
0x00007ffb01080000 - 0x00007ffb010ac000 	C:\WINDOWS\SYSTEM32\dbgcore.DLL
0x00007ffb194f0000 - 0x00007ffb19573000 	C:\WINDOWS\System32\bcryptPrimitives.dll
0x00007ffb03c10000 - 0x00007ffb03c35000 	C:\Program Files\Java\jdk-16.0.2\bin\java.dll
0x00007ffb19970000 - 0x00007ffb1a0af000 	C:\WINDOWS\System32\SHELL32.dll
0x00007ffb16eb0000 - 0x00007ffb17640000 	C:\WINDOWS\SYSTEM32\windows.storage.dll
0x00007ffb1ab00000 - 0x00007ffb1ae55000 	C:\WINDOWS\System32\combase.dll
0x00007ffb18790000 - 0x00007ffb187bc000 	C:\WINDOWS\SYSTEM32\Wldp.dll
0x00007ffb1a5c0000 - 0x00007ffb1a66d000 	C:\WINDOWS\System32\SHCORE.dll
0x00007ffb196e0000 - 0x00007ffb19735000 	C:\WINDOWS\System32\shlwapi.dll
0x00007ffb18cf0000 - 0x00007ffb18d0f000 	C:\WINDOWS\SYSTEM32\profapi.dll
0x00007ffaf9f10000 - 0x00007ffaf9f29000 	C:\Program Files\Java\jdk-16.0.2\bin\net.dll
0x00007ffb068d0000 - 0x00007ffb069d8000 	C:\WINDOWS\SYSTEM32\WINHTTP.dll
0x00007ffb184f0000 - 0x00007ffb1855a000 	C:\WINDOWS\system32\mswsock.dll
0x00007ffaf9ef0000 - 0x00007ffaf9f03000 	C:\Program Files\Java\jdk-16.0.2\bin\nio.dll
0x00007ffaf9e50000 - 0x00007ffaf9e68000 	C:\Program Files\Java\jdk-16.0.2\bin\zip.dll
0x00007ffb10f00000 - 0x00007ffb10f10000 	C:\Program Files\Java\jdk-16.0.2\bin\verify.dll
0x00007ffb07320000 - 0x00007ffb0732a000 	C:\Program Files\NetBeans-12.5\netbeans\java\maven\lib\jansi-native\windows64\jansi.dll

dbghelp: loaded successfully - version: 4.0.5 - missing functions: none
symbol engine: initialized successfully - sym options: 0x614 - pdb path: .;C:\Program Files\Java\jdk-16.0.2\bin;C:\WINDOWS\SYSTEM32;C:\WINDOWS\WinSxS\amd64_microsoft.windows.common-controls_6595b64144ccf1df_6.0.19041.1110_none_60b5254171f9507e;C:\Program Files\Java\jdk-16.0.2\bin\server;C:\Program Files\NetBeans-12.5\netbeans\java\maven\lib\jansi-native\windows64

VM Arguments:
jvm_args: -Dclassworlds.conf=C:\Program Files\NetBeans-12.5\netbeans\java\maven\bin\..\bin\m2.conf -Dmaven.home=C:\Program Files\NetBeans-12.5\netbeans\java\maven\bin\.. -Dlibrary.jansi.path=C:\Program Files\NetBeans-12.5\netbeans\java\maven\bin\..\lib\jansi-native -Dmaven.multiModuleProjectDirectory=C:\Users\dell\Documents\NetBeansProjects\projetoGit\projetoN2 
java_command: org.codehaus.plexus.classworlds.launcher.Launcher -DskipTests=true -Dmaven.ext.class.path=C:\Program Files\NetBeans-12.5\netbeans\java\maven-nblib\netbeans-eventspy.jar -Dfile.encoding=UTF-8 --fail-at-end package
java_class_path (initial): C:\Program Files\NetBeans-12.5\netbeans\java\maven\bin\..\boot\plexus-classworlds-2.6.0.jar
Launcher Type: SUN_STANDARD

[Global flags]
     intx CICompilerCount                          = 3                                         {product} {ergonomic}
     uint ConcGCThreads                            = 1                                         {product} {ergonomic}
     uint G1ConcRefinementThreads                  = 4                                         {product} {ergonomic}
   size_t G1HeapRegionSize                         = 1048576                                   {product} {ergonomic}
    uintx GCDrainStackTargetSize                   = 64                                        {product} {ergonomic}
   size_t InitialHeapSize                          = 67108864                                  {product} {ergonomic}
   size_t MarkStackSize                            = 4194304                                   {product} {ergonomic}
   size_t MaxHeapSize                              = 1048576000                                {product} {ergonomic}
   size_t MaxNewSize                               = 629145600                                 {product} {ergonomic}
   size_t MinHeapDeltaBytes                        = 1048576                                   {product} {ergonomic}
   size_t MinHeapSize                              = 8388608                                   {product} {ergonomic}
    uintx NonNMethodCodeHeapSize                   = 5832780                                {pd product} {ergonomic}
    uintx NonProfiledCodeHeapSize                  = 122912730                              {pd product} {ergonomic}
    uintx ProfiledCodeHeapSize                     = 122912730                              {pd product} {ergonomic}
    uintx ReservedCodeCacheSize                    = 251658240                              {pd product} {ergonomic}
     bool SegmentedCodeCache                       = true                                      {product} {ergonomic}
   size_t SoftMaxHeapSize                          = 1048576000                             {manageable} {ergonomic}
     bool UseCompressedClassPointers               = true                           {product lp64_product} {ergonomic}
     bool UseCompressedOops                        = true                           {product lp64_product} {ergonomic}
     bool UseG1GC                                  = true                                      {product} {ergonomic}
     bool UseLargePagesIndividualAllocation        = false                                  {pd product} {ergonomic}

Logging:
Log output configuration:
 #0: stdout all=warning uptime,level,tags
 #1: stderr all=off uptime,level,tags

Environment Variables:
JAVA_HOME=C:\Program Files\Java\jdk-16.0.2
PATH=C:\Program Files\Common Files\Oracle\Java\javapath;C:\Program Files (x86)\Common Files\Oracle\Java\javapath;C:\Program Files\AdoptOpenJDK\jdk-14.0.2.12-hotspot\bin;C:\WINDOWS\system32;C:\WINDOWS;C:\WINDOWS\System32\Wbem;C:\WINDOWS\System32\WindowsPowerShell\v1.0\;C:\WINDOWS\System32\OpenSSH\;C:\Program Files\nodejs\;C:\Program Files (x86)\Intel\Intel(R) Management Engine Components\DAL;C:\Program Files\Intel\Intel(R) Management Engine Components\DAL;C:\MinGW\bin;C:\Program Files\Java\jdk-15.0.2\bin;C:\Program Files\Git\cmd;C:\Program Files\Apache\maven\apache-maven-3.8.3\bin;C:\Program Files\MySQL\MySQL Shell 8.0\bin\;C:\Users\dell\AppData\Local\Microsoft\WindowsApps;C:\Users\dell\AppData\Roaming\npm;C:\MinGW\bin;;C:\Program Files\JetBrains\IntelliJ IDEA Community Edition 2021.2\bin;;C:\Users\dell\AppData\Local\Programs\mongosh\
USERNAME=dell
OS=Windows_NT
PROCESSOR_IDENTIFIER=Intel64 Family 6 Model 142 Stepping 9, GenuineIntel



---------------  S Y S T E M  ---------------

OS:
 Windows 10 , 64 bit Build 19041 (10.0.19041.1202)
OS uptime: 0 days 1:16 hours

CPU: total 4 (initial active 4) (2 cores per cpu, 2 threads per core) family 6 model 142 stepping 9 microcode 0xea, cx8, cmov, fxsr, ht, mmx, 3dnowpref, sse, sse2, sse3, ssse3, sse4.1, sse4.2, popcnt, lzcnt, tsc, tscinvbit, avx, avx2, aes, erms, clmul, bmi1, bmi2, adx, fma, vzeroupper, clflush, clflushopt

Memory: 4k page, system-wide physical 3996M (266M free)
TotalPageFile size 5391M (AvailPageFile size 1M)
current process WorkingSet (physical memory assigned to process): 47M, peak: 47M
current process commit charge ("private bytes"): 142M, peak: 142M

vm_info: Java HotSpot(TM) 64-Bit Server VM (16.0.2+7-67) for windows-amd64 JRE (16.0.2+7-67), built on Jun  8 2021 23:24:19 by "mach5one" with MS VC++ 16.7 (VS2019)

END.
