#
# There is insufficient memory for the Java Runtime Environment to continue.
# Native memory allocation (malloc) failed to allocate 32744 bytes for ChunkPool::allocate
# Possible reasons:
#   The system is out of physical RAM or swap space
#   The process is running with CompressedOops enabled, and the Java Heap may be blocking the growth of the native heap
# Possible solutions:
#   Reduce memory load on the system
#   Increase physical memory or swap space
#   Check if swap backing store is full
#   Decrease Java heap size (-Xmx/-Xms)
#   Decrease number of Java threads
#   Decrease Java thread stack sizes (-Xss)
#   Set larger code cache with -XX:ReservedCodeCacheSize=
#   JVM is running with Unscaled Compressed Oops mode in which the Java heap is
#     placed in the first 4GB address space. The Java Heap base address is the
#     maximum limit for the native heap growth. Please use -XX:HeapBaseMinAddress
#     to set the Java Heap base and to place the Java Heap above 4GB virtual address.
# This output file may be truncated or incomplete.
#
#  Out of Memory Error (arena.cpp:79), pid=5476, tid=1668
#
# JRE version: Java(TM) SE Runtime Environment (16.0.2+7) (build 16.0.2+7-67)
# Java VM: Java HotSpot(TM) 64-Bit Server VM (16.0.2+7-67, mixed mode, sharing, tiered, compressed oops, compressed class ptrs, g1 gc, windows-amd64)
# No core dump will be written. Minidumps are not enabled by default on client versions of Windows
#

---------------  S U M M A R Y ------------

Command Line: -Dclassworlds.conf=C:\Program Files\NetBeans-12.5\netbeans\java\maven\bin\..\bin\m2.conf -Dmaven.home=C:\Program Files\NetBeans-12.5\netbeans\java\maven\bin\.. -Dlibrary.jansi.path=C:\Program Files\NetBeans-12.5\netbeans\java\maven\bin\..\lib\jansi-native -Dmaven.multiModuleProjectDirectory=C:\Users\dell\Documents\NetBeansProjects\projetoGit\projetoN2 org.codehaus.plexus.classworlds.launcher.Launcher -Dexec.vmArgs= -Dexec.args=${exec.vmArgs} -classpath %classpath ${exec.mainClass} ${exec.appArgs} -Dexec.executable=C:\Program Files\Java\jdk-16.0.2\bin\java.exe -Dexec.mainClass=view.services.TableSuppliers -Dexec.classpathScope=runtime -Dexec.appArgs= -Dmaven.ext.class.path=C:\Program Files\NetBeans-12.5\netbeans\java\maven-nblib\netbeans-eventspy.jar -Dfile.encoding=UTF-8 org.codehaus.mojo:exec-maven-plugin:3.0.0:exec

Host: Intel(R) Core(TM) i3-7020U CPU @ 2.30GHz, 4 cores, 3G,  Windows 10 , 64 bit Build 19041 (10.0.19041.1202)
Time: Sun Oct 17 21:01:39 2021 Hora oficial do Brasil elapsed time: 5.988935 seconds (0d 0h 0m 5s)

---------------  T H R E A D  ---------------

Current thread (0x000001f9ffe76a20):  JavaThread "C2 CompilerThread0" daemon [_thread_in_native, id=1668, stack(0x00000068cc800000,0x00000068cc900000)]


Current CompileTask:
C2:   5989 3051  s    4       org.fusesource.jansi.AnsiPrintStream::filter (948 bytes)

Stack: [0x00000068cc800000,0x00000068cc900000]
Native frames: (J=compiled Java code, j=interpreted, Vv=VM code, C=native code)
V  [jvm.dll+0x6681ca]
V  [jvm.dll+0x7c9e69]
V  [jvm.dll+0x7cb61e]
V  [jvm.dll+0x7cbc73]
V  [jvm.dll+0x242c55]
V  [jvm.dll+0xae10f]
V  [jvm.dll+0xae45c]
V  [jvm.dll+0x64860f]
V  [jvm.dll+0x7e2bc]
V  [jvm.dll+0x339b42]
V  [jvm.dll+0x33f18c]
V  [jvm.dll+0x33cea4]
V  [jvm.dll+0x53fde8]
V  [jvm.dll+0x55065b]
V  [jvm.dll+0x53d96b]
V  [jvm.dll+0x2a3e92]
V  [jvm.dll+0x680b54]
V  [jvm.dll+0x67886b]
V  [jvm.dll+0x677e97]
V  [jvm.dll+0x675d6a]
V  [jvm.dll+0x1a4d4c]
V  [jvm.dll+0x2a3e92]
V  [jvm.dll+0x680b54]
V  [jvm.dll+0x67886b]
V  [jvm.dll+0x677e97]
V  [jvm.dll+0x675d6a]
V  [jvm.dll+0x1a4d4c]
V  [jvm.dll+0x2a3e92]
V  [jvm.dll+0x680b54]
V  [jvm.dll+0x67886b]
V  [jvm.dll+0x677e97]
V  [jvm.dll+0x675d6a]
V  [jvm.dll+0x1a4d4c]
V  [jvm.dll+0x2a3e92]
V  [jvm.dll+0x680b54]
V  [jvm.dll+0x67886b]
V  [jvm.dll+0x677e97]
V  [jvm.dll+0x675d6a]
V  [jvm.dll+0x1a4d4c]
V  [jvm.dll+0x2a3e92]
V  [jvm.dll+0x680b54]
V  [jvm.dll+0x67886b]
V  [jvm.dll+0x677e97]
V  [jvm.dll+0x675d6a]
V  [jvm.dll+0x1a4d4c]
V  [jvm.dll+0x2a3e92]
V  [jvm.dll+0x680b54]
V  [jvm.dll+0x67886b]
V  [jvm.dll+0x677e97]
V  [jvm.dll+0x675d6a]
V  [jvm.dll+0x1a4d4c]
V  [jvm.dll+0x214d15]
V  [jvm.dll+0x1a1beb]
V  [jvm.dll+0x225158]
V  [jvm.dll+0x22319c]
V  [jvm.dll+0x77fa62]
V  [jvm.dll+0x7795aa]
V  [jvm.dll+0x667066]
C  [ucrtbase.dll+0x21bb2]
C  [KERNEL32.DLL+0x17034]
C  [ntdll.dll+0x52651]


---------------  P R O C E S S  ---------------

Threads class SMR info:
_java_thread_list=0x000001f990d1da90, length=15, elements={
0x000001f9f1e1eff0, 0x000001f9ffe55bb0, 0x000001f9ffe57120, 0x000001f9ffe6a470,
0x000001f9ffe6c290, 0x000001f9ffe6d540, 0x000001f9ffe6fe60, 0x000001f9ffe76a20,
0x000001f9ffe79040, 0x000001f9ffe92550, 0x000001f98f971450, 0x000001f98f9794b0,
0x000001f9902ef870, 0x000001f9902efd90, 0x000001f990a7c910
}

Java Threads: ( => current thread )
  0x000001f9f1e1eff0 JavaThread "main" [_thread_in_native, id=10228, stack(0x00000068cba00000,0x00000068cbb00000)]
  0x000001f9ffe55bb0 JavaThread "Reference Handler" daemon [_thread_blocked, id=9568, stack(0x00000068cc100000,0x00000068cc200000)]
  0x000001f9ffe57120 JavaThread "Finalizer" daemon [_thread_blocked, id=2516, stack(0x00000068cc200000,0x00000068cc300000)]
  0x000001f9ffe6a470 JavaThread "Signal Dispatcher" daemon [_thread_blocked, id=6728, stack(0x00000068cc400000,0x00000068cc500000)]
  0x000001f9ffe6c290 JavaThread "Attach Listener" daemon [_thread_blocked, id=7288, stack(0x00000068cc500000,0x00000068cc600000)]
  0x000001f9ffe6d540 JavaThread "Service Thread" daemon [_thread_blocked, id=1916, stack(0x00000068cc600000,0x00000068cc700000)]
  0x000001f9ffe6fe60 JavaThread "Monitor Deflation Thread" daemon [_thread_blocked, id=248, stack(0x00000068cc700000,0x00000068cc800000)]
=>0x000001f9ffe76a20 JavaThread "C2 CompilerThread0" daemon [_thread_in_native, id=1668, stack(0x00000068cc800000,0x00000068cc900000)]
  0x000001f9ffe79040 JavaThread "C1 CompilerThread0" daemon [_thread_blocked, id=3688, stack(0x00000068cc900000,0x00000068cca00000)]
  0x000001f9ffe92550 JavaThread "Sweeper thread" daemon [_thread_blocked, id=8464, stack(0x00000068cca00000,0x00000068ccb00000)]
  0x000001f98f971450 JavaThread "Notification Thread" daemon [_thread_blocked, id=8100, stack(0x00000068ccb00000,0x00000068ccc00000)]
  0x000001f98f9794b0 JavaThread "Common-Cleaner" daemon [_thread_blocked, id=9860, stack(0x00000068ccd00000,0x00000068cce00000)]
  0x000001f9902ef870 JavaThread "Exec Stream Pumper" daemon [_thread_in_native, id=1332, stack(0x00000068cd200000,0x00000068cd300000)]
  0x000001f9902efd90 JavaThread "Exec Stream Pumper" daemon [_thread_in_native, id=3316, stack(0x00000068cd300000,0x00000068cd400000)]
  0x000001f990a7c910 JavaThread "Exec Input Stream Pumper" daemon [_thread_blocked, id=4648, stack(0x00000068cd400000,0x00000068cd500000)]

Other Threads:
  0x000001f9ffe509c0 VMThread "VM Thread" [stack: 0x00000068cc000000,0x00000068cc100000] [id=6792]
  0x000001f98f976990 WatcherThread [stack: 0x00000068ccc00000,0x00000068ccd00000] [id=5940]
  0x000001f9f1e4df10 GCTaskThread "GC Thread#0" [stack: 0x00000068cbb00000,0x00000068cbc00000] [id=6704]
  0x000001f9900408c0 GCTaskThread "GC Thread#1" [stack: 0x00000068cce00000,0x00000068ccf00000] [id=1972]
  0x000001f9900356b0 GCTaskThread "GC Thread#2" [stack: 0x00000068ccf00000,0x00000068cd000000] [id=9388]
  0x000001f98ffc0f90 GCTaskThread "GC Thread#3" [stack: 0x00000068cd000000,0x00000068cd100000] [id=3520]
  0x000001f9f1e57b70 ConcurrentGCThread "G1 Main Marker" [stack: 0x00000068cbc00000,0x00000068cbd00000] [id=7956]
  0x000001f9f1e58c90 ConcurrentGCThread "G1 Conc#0" [stack: 0x00000068cbd00000,0x00000068cbe00000] [id=4912]
  0x000001f9f1ea6a40 ConcurrentGCThread "G1 Refine#0" [stack: 0x00000068cbe00000,0x00000068cbf00000] [id=3124]
  0x000001f9f1ea73d0 ConcurrentGCThread "G1 Service" [stack: 0x00000068cbf00000,0x00000068cc000000] [id=8232]

Threads with active compile tasks:
C2 CompilerThread0     6095 3051  s    4       org.fusesource.jansi.AnsiPrintStream::filter (948 bytes)

VM state: not at safepoint (normal execution)

VM Mutex/Monitor currently owned by a thread: None

Heap address: 0x00000000c1800000, size: 1000 MB, Compressed Oops mode: 32-bit

CDS archive(s) mapped at: [0x0000000800000000-0x0000000800bb0000-0x0000000800bb0000), size 12255232, SharedBaseAddress: 0x0000000800000000, ArchiveRelocationMode: 0.
Compressed class space mapped at: 0x0000000800c00000-0x0000000840c00000, reserved size: 1073741824
Narrow klass base: 0x0000000800000000, Narrow klass shift: 3, Narrow klass range: 0x100000000

GC Precious Log:
 CPUs: 4 total, 4 available
 Memory: 3996M
 Large Page Support: Disabled
 NUMA Support: Disabled
 Compressed Oops: Enabled (32-bit)
 Heap Region Size: 1M
 Heap Min Capacity: 8M
 Heap Initial Capacity: 64M
 Heap Max Capacity: 1000M
 Pre-touch: Disabled
 Parallel Workers: 4
 Concurrent Workers: 1
 Concurrent Refinement Workers: 4
 Periodic GC: Disabled

Heap:
 garbage-first heap   total 65536K, used 22152K [0x00000000c1800000, 0x0000000100000000)
  region size 1024K, 20 young (20480K), 5 survivors (5120K)
 Metaspace       used 14058K, committed 14272K, reserved 1064960K
  class space    used 1594K, committed 1728K, reserved 1048576K

Heap Regions: E=young(eden), S=young(survivor), O=old, HS=humongous(starts), HC=humongous(continues), CS=collection set, F=free, OA=open archive, CA=closed archive, TAMS=top-at-mark-start (previous, next)
|   0|0x00000000c1800000, 0x00000000c1900000, 0x00000000c1900000|100%| O|  |TAMS 0x00000000c1800000, 0x00000000c1800000| Untracked 
|   1|0x00000000c1900000, 0x00000000c1a00000, 0x00000000c1a00000|100%| O|  |TAMS 0x00000000c1900000, 0x00000000c1900000| Untracked 
|   2|0x00000000c1a00000, 0x00000000c1b00000, 0x00000000c1b00000|100%| O|  |TAMS 0x00000000c1a00000, 0x00000000c1a00000| Untracked 
|   3|0x00000000c1b00000, 0x00000000c1b30200, 0x00000000c1c00000| 18%| O|  |TAMS 0x00000000c1b00000, 0x00000000c1b00000| Untracked 
|   4|0x00000000c1c00000, 0x00000000c1c00000, 0x00000000c1d00000|  0%| F|  |TAMS 0x00000000c1c00000, 0x00000000c1c00000| Untracked 
|   5|0x00000000c1d00000, 0x00000000c1d00000, 0x00000000c1e00000|  0%| F|  |TAMS 0x00000000c1d00000, 0x00000000c1d00000| Untracked 
|   6|0x00000000c1e00000, 0x00000000c1e00000, 0x00000000c1f00000|  0%| F|  |TAMS 0x00000000c1e00000, 0x00000000c1e00000| Untracked 
|   7|0x00000000c1f00000, 0x00000000c1f00000, 0x00000000c2000000|  0%| F|  |TAMS 0x00000000c1f00000, 0x00000000c1f00000| Untracked 
|   8|0x00000000c2000000, 0x00000000c2000000, 0x00000000c2100000|  0%| F|  |TAMS 0x00000000c2000000, 0x00000000c2000000| Untracked 
|   9|0x00000000c2100000, 0x00000000c2100000, 0x00000000c2200000|  0%| F|  |TAMS 0x00000000c2100000, 0x00000000c2100000| Untracked 
|  10|0x00000000c2200000, 0x00000000c2200000, 0x00000000c2300000|  0%| F|  |TAMS 0x00000000c2200000, 0x00000000c2200000| Untracked 
|  11|0x00000000c2300000, 0x00000000c2300000, 0x00000000c2400000|  0%| F|  |TAMS 0x00000000c2300000, 0x00000000c2300000| Untracked 
|  12|0x00000000c2400000, 0x00000000c2400000, 0x00000000c2500000|  0%| F|  |TAMS 0x00000000c2400000, 0x00000000c2400000| Untracked 
|  13|0x00000000c2500000, 0x00000000c2500000, 0x00000000c2600000|  0%| F|  |TAMS 0x00000000c2500000, 0x00000000c2500000| Untracked 
|  14|0x00000000c2600000, 0x00000000c2600000, 0x00000000c2700000|  0%| F|  |TAMS 0x00000000c2600000, 0x00000000c2600000| Untracked 
|  15|0x00000000c2700000, 0x00000000c2700000, 0x00000000c2800000|  0%| F|  |TAMS 0x00000000c2700000, 0x00000000c2700000| Untracked 
|  16|0x00000000c2800000, 0x00000000c2800000, 0x00000000c2900000|  0%| F|  |TAMS 0x00000000c2800000, 0x00000000c2800000| Untracked 
|  17|0x00000000c2900000, 0x00000000c2900000, 0x00000000c2a00000|  0%| F|  |TAMS 0x00000000c2900000, 0x00000000c2900000| Untracked 
|  18|0x00000000c2a00000, 0x00000000c2a00000, 0x00000000c2b00000|  0%| F|  |TAMS 0x00000000c2a00000, 0x00000000c2a00000| Untracked 
|  19|0x00000000c2b00000, 0x00000000c2b00000, 0x00000000c2c00000|  0%| F|  |TAMS 0x00000000c2b00000, 0x00000000c2b00000| Untracked 
|  20|0x00000000c2c00000, 0x00000000c2c00000, 0x00000000c2d00000|  0%| F|  |TAMS 0x00000000c2c00000, 0x00000000c2c00000| Untracked 
|  21|0x00000000c2d00000, 0x00000000c2d71e98, 0x00000000c2e00000| 44%| S|CS|TAMS 0x00000000c2d00000, 0x00000000c2d00000| Complete 
|  22|0x00000000c2e00000, 0x00000000c2f00000, 0x00000000c2f00000|100%| S|CS|TAMS 0x00000000c2e00000, 0x00000000c2e00000| Complete 
|  23|0x00000000c2f00000, 0x00000000c3000000, 0x00000000c3000000|100%| S|CS|TAMS 0x00000000c2f00000, 0x00000000c2f00000| Complete 
|  24|0x00000000c3000000, 0x00000000c3100000, 0x00000000c3100000|100%| S|CS|TAMS 0x00000000c3000000, 0x00000000c3000000| Complete 
|  25|0x00000000c3100000, 0x00000000c3200000, 0x00000000c3200000|100%| S|CS|TAMS 0x00000000c3100000, 0x00000000c3100000| Complete 
|  26|0x00000000c3200000, 0x00000000c3200000, 0x00000000c3300000|  0%| F|  |TAMS 0x00000000c3200000, 0x00000000c3200000| Untracked 
|  27|0x00000000c3300000, 0x00000000c3300000, 0x00000000c3400000|  0%| F|  |TAMS 0x00000000c3300000, 0x00000000c3300000| Untracked 
|  28|0x00000000c3400000, 0x00000000c3400000, 0x00000000c3500000|  0%| F|  |TAMS 0x00000000c3400000, 0x00000000c3400000| Untracked 
|  29|0x00000000c3500000, 0x00000000c3500000, 0x00000000c3600000|  0%| F|  |TAMS 0x00000000c3500000, 0x00000000c3500000| Untracked 
|  30|0x00000000c3600000, 0x00000000c3600000, 0x00000000c3700000|  0%| F|  |TAMS 0x00000000c3600000, 0x00000000c3600000| Untracked 
|  31|0x00000000c3700000, 0x00000000c3700000, 0x00000000c3800000|  0%| F|  |TAMS 0x00000000c3700000, 0x00000000c3700000| Untracked 
|  32|0x00000000c3800000, 0x00000000c3800000, 0x00000000c3900000|  0%| F|  |TAMS 0x00000000c3800000, 0x00000000c3800000| Untracked 
|  33|0x00000000c3900000, 0x00000000c3900000, 0x00000000c3a00000|  0%| F|  |TAMS 0x00000000c3900000, 0x00000000c3900000| Untracked 
|  34|0x00000000c3a00000, 0x00000000c3a00000, 0x00000000c3b00000|  0%| F|  |TAMS 0x00000000c3a00000, 0x00000000c3a00000| Untracked 
|  35|0x00000000c3b00000, 0x00000000c3b00000, 0x00000000c3c00000|  0%| F|  |TAMS 0x00000000c3b00000, 0x00000000c3b00000| Untracked 
|  36|0x00000000c3c00000, 0x00000000c3c00000, 0x00000000c3d00000|  0%| F|  |TAMS 0x00000000c3c00000, 0x00000000c3c00000| Untracked 
|  37|0x00000000c3d00000, 0x00000000c3d00000, 0x00000000c3e00000|  0%| F|  |TAMS 0x00000000c3d00000, 0x00000000c3d00000| Untracked 
|  38|0x00000000c3e00000, 0x00000000c3e00000, 0x00000000c3f00000|  0%| F|  |TAMS 0x00000000c3e00000, 0x00000000c3e00000| Untracked 
|  39|0x00000000c3f00000, 0x00000000c3f00000, 0x00000000c4000000|  0%| F|  |TAMS 0x00000000c3f00000, 0x00000000c3f00000| Untracked 
|  40|0x00000000c4000000, 0x00000000c4000000, 0x00000000c4100000|  0%| F|  |TAMS 0x00000000c4000000, 0x00000000c4000000| Untracked 
|  41|0x00000000c4100000, 0x00000000c4100000, 0x00000000c4200000|  0%| F|  |TAMS 0x00000000c4100000, 0x00000000c4100000| Untracked 
|  42|0x00000000c4200000, 0x00000000c4200000, 0x00000000c4300000|  0%| F|  |TAMS 0x00000000c4200000, 0x00000000c4200000| Untracked 
|  43|0x00000000c4300000, 0x00000000c4300000, 0x00000000c4400000|  0%| F|  |TAMS 0x00000000c4300000, 0x00000000c4300000| Untracked 
|  44|0x00000000c4400000, 0x00000000c4400000, 0x00000000c4500000|  0%| F|  |TAMS 0x00000000c4400000, 0x00000000c4400000| Untracked 
|  45|0x00000000c4500000, 0x00000000c4500000, 0x00000000c4600000|  0%| F|  |TAMS 0x00000000c4500000, 0x00000000c4500000| Untracked 
|  46|0x00000000c4600000, 0x00000000c4600000, 0x00000000c4700000|  0%| F|  |TAMS 0x00000000c4600000, 0x00000000c4600000| Untracked 
|  47|0x00000000c4700000, 0x00000000c4700000, 0x00000000c4800000|  0%| F|  |TAMS 0x00000000c4700000, 0x00000000c4700000| Untracked 
|  48|0x00000000c4800000, 0x00000000c4800000, 0x00000000c4900000|  0%| F|  |TAMS 0x00000000c4800000, 0x00000000c4800000| Untracked 
|  49|0x00000000c4900000, 0x00000000c49553b8, 0x00000000c4a00000| 33%| E|  |TAMS 0x00000000c4900000, 0x00000000c4900000| Complete 
|  50|0x00000000c4a00000, 0x00000000c4b00000, 0x00000000c4b00000|100%| E|CS|TAMS 0x00000000c4a00000, 0x00000000c4a00000| Complete 
|  51|0x00000000c4b00000, 0x00000000c4c00000, 0x00000000c4c00000|100%| E|CS|TAMS 0x00000000c4b00000, 0x00000000c4b00000| Complete 
|  52|0x00000000c4c00000, 0x00000000c4d00000, 0x00000000c4d00000|100%| E|CS|TAMS 0x00000000c4c00000, 0x00000000c4c00000| Complete 
|  53|0x00000000c4d00000, 0x00000000c4e00000, 0x00000000c4e00000|100%| E|CS|TAMS 0x00000000c4d00000, 0x00000000c4d00000| Complete 
|  54|0x00000000c4e00000, 0x00000000c4f00000, 0x00000000c4f00000|100%| E|CS|TAMS 0x00000000c4e00000, 0x00000000c4e00000| Complete 
|  55|0x00000000c4f00000, 0x00000000c5000000, 0x00000000c5000000|100%| E|CS|TAMS 0x00000000c4f00000, 0x00000000c4f00000| Complete 
|  56|0x00000000c5000000, 0x00000000c5100000, 0x00000000c5100000|100%| E|CS|TAMS 0x00000000c5000000, 0x00000000c5000000| Complete 
|  57|0x00000000c5100000, 0x00000000c5200000, 0x00000000c5200000|100%| E|CS|TAMS 0x00000000c5100000, 0x00000000c5100000| Complete 
|  58|0x00000000c5200000, 0x00000000c5300000, 0x00000000c5300000|100%| E|CS|TAMS 0x00000000c5200000, 0x00000000c5200000| Complete 
|  59|0x00000000c5300000, 0x00000000c5400000, 0x00000000c5400000|100%| E|CS|TAMS 0x00000000c5300000, 0x00000000c5300000| Complete 
|  60|0x00000000c5400000, 0x00000000c5500000, 0x00000000c5500000|100%| E|CS|TAMS 0x00000000c5400000, 0x00000000c5400000| Complete 
|  61|0x00000000c5500000, 0x00000000c5600000, 0x00000000c5600000|100%| E|CS|TAMS 0x00000000c5500000, 0x00000000c5500000| Complete 
|  62|0x00000000c5600000, 0x00000000c5700000, 0x00000000c5700000|100%| E|CS|TAMS 0x00000000c5600000, 0x00000000c5600000| Complete 
|  63|0x00000000c5700000, 0x00000000c5800000, 0x00000000c5800000|100%| E|CS|TAMS 0x00000000c5700000, 0x00000000c5700000| Complete 

Card table byte_map: [0x000001f9fb5d0000,0x000001f9fb7d0000] _byte_map_base: 0x000001f9fafc4000

Marking Bits (Prev, Next): (CMBitMap*) 0x000001f9f1e4f4a0, (CMBitMap*) 0x000001f9f1e4f4e0
 Prev Bits: [0x000001f9fb9d0000, 0x000001f9fc970000)
 Next Bits: [0x000001f9fc970000, 0x000001f9fd910000)

Polling page: 0x000001f9f1cb0000

Metaspace:

Usage:
  Non-class:     12.17 MB used.
      Class:      1.56 MB used.
       Both:     13.73 MB used.

Virtual space:
  Non-class space:       16.00 MB reserved,      12.25 MB ( 77%) committed,  2 nodes.
      Class space:        1.00 GB reserved,       1.69 MB ( <1%) committed,  1 nodes.
              Both:        1.02 GB reserved,      13.94 MB (  1%) committed. 

Chunk freelists:
   Non-Class:  2.88 MB
       Class:  2.15 MB
        Both:  5.03 MB

MaxMetaspaceSize: 17179869184.00 GB
CompressedClassSpaceSize: 1.00 GB
 - commit_granule_bytes: 65536.
 - commit_granule_words: 8192.
 - virtual_space_node_default_size: 1048576.
 - enlarge_chunks_in_place: 1.
 - new_chunks_are_fully_committed: 0.
 - uncommit_free_chunks: 1.
 - use_allocation_guard: 0.
 - handle_deallocations: 1.


Internal statistics:

num_allocs_failed_limit: 0.
num_arena_births: 82.
num_arena_deaths: 0.
num_vsnodes_births: 3.
num_vsnodes_deaths: 0.
num_space_committed: 223.
num_space_uncommitted: 0.
num_chunks_returned_to_freelist: 0.
num_chunks_taken_from_freelist: 556.
num_chunk_merges: 0.
num_chunk_splits: 403.
num_chunks_enlarged: 317.
num_purges: 0.

CodeHeap 'non-profiled nmethods': size=120000Kb used=1414Kb max_used=1414Kb free=118586Kb
 bounds [0x000001f987ad0000, 0x000001f987d40000, 0x000001f98f000000]
CodeHeap 'profiled nmethods': size=120000Kb used=5998Kb max_used=5998Kb free=114001Kb
 bounds [0x000001f9805a0000, 0x000001f980b80000, 0x000001f987ad0000]
CodeHeap 'non-nmethods': size=5760Kb used=1201Kb max_used=1257Kb free=4558Kb
 bounds [0x000001f980000000, 0x000001f980270000, 0x000001f9805a0000]
 total_blobs=3542 nmethods=3049 adapters=405
 compilation: enabled
              stopped_count=0, restarted_count=0
 full_count=0

Compilation events (20 events):
Event: 4.095 Thread 0x000001f9ffe76a20 3040       4       jdk.internal.org.objectweb.asm.ByteVector::putByte (39 bytes)
Event: 4.096 Thread 0x000001f9ffe79040 3041       3       java.lang.invoke.MemberName::flagsMods (73 bytes)
Event: 4.096 Thread 0x000001f9ffe79040 nmethod 3041 0x000001f980b77310 code [0x000001f980b774a0, 0x000001f980b775d8]
Event: 4.096 Thread 0x000001f9ffe79040 3042       3       java.lang.invoke.MemberName::init (67 bytes)
Event: 4.096 Thread 0x000001f9ffe79040 nmethod 3042 0x000001f980b77690 code [0x000001f980b77840, 0x000001f980b77a78]
Event: 4.096 Thread 0x000001f9ffe79040 3046       3       sun.invoke.util.Wrapper::forPrimitiveType (49 bytes)
Event: 4.097 Thread 0x000001f9ffe76a20 nmethod 3040 0x000001f987c2ff10 code [0x000001f987c300a0, 0x000001f987c301e8]
Event: 4.099 Thread 0x000001f9ffe79040 nmethod 3046 0x000001f980b77b10 code [0x000001f980b77e80, 0x000001f980b79248]
Event: 4.099 Thread 0x000001f9ffe79040 3047       3       java.lang.invoke.MemberName::isResolved (13 bytes)
Event: 4.099 Thread 0x000001f9ffe79040 nmethod 3047 0x000001f980b79990 code [0x000001f980b79b20, 0x000001f980b79c98]
Event: 4.099 Thread 0x000001f9ffe79040 3045       3       java.lang.invoke.MethodType::toMethodDescriptorString (28 bytes)
Event: 4.099 Thread 0x000001f9ffe79040 nmethod 3045 0x000001f980b79d10 code [0x000001f980b79ec0, 0x000001f980b7a0a8]
Event: 4.108 Thread 0x000001f9ffe7ac10 nmethod 3020 0x000001f987c30310 code [0x000001f987c304e0, 0x000001f987c31188]
Event: 5.925 Thread 0x000001f9ffe79040 3048       3       org.fusesource.jansi.FilterPrintStream::write (17 bytes)
Event: 5.926 Thread 0x000001f9ffe79040 nmethod 3048 0x000001f980b7a190 code [0x000001f980b7a340, 0x000001f980b7a638]
Event: 5.926 Thread 0x000001f9ffe79040 3049   !   3       java.io.PrintStream::write (66 bytes)
Event: 5.927 Thread 0x000001f9ffe79040 nmethod 3049 0x000001f980b7a710 code [0x000001f980b7a940, 0x000001f980b7b058]
Event: 5.927 Thread 0x000001f9ffe79040 3050  s    3       java.io.BufferedOutputStream::write (35 bytes)
Event: 5.927 Thread 0x000001f9ffe79040 nmethod 3050 0x000001f980b7b390 code [0x000001f980b7b560, 0x000001f980b7b928]
Event: 5.967 Thread 0x000001f9ffe76a20 3051  s    4       org.fusesource.jansi.AnsiPrintStream::filter (948 bytes)

GC Heap History (8 events):
Event: 0.666 GC heap before
{Heap before GC invocations=0 (full 0):
 garbage-first heap   total 65536K, used 12288K [0x00000000c1800000, 0x0000000100000000)
  region size 1024K, 13 young (13312K), 0 survivors (0K)
 Metaspace       used 3515K, committed 3712K, reserved 1056768K
  class space    used 350K, committed 448K, reserved 1048576K
}
Event: 0.672 GC heap after
{Heap after GC invocations=1 (full 0):
 garbage-first heap   total 65536K, used 3089K [0x00000000c1800000, 0x0000000100000000)
  region size 1024K, 2 young (2048K), 2 survivors (2048K)
 Metaspace       used 3515K, committed 3712K, reserved 1056768K
  class space    used 350K, committed 448K, reserved 1048576K
}
Event: 0.992 GC heap before
{Heap before GC invocations=1 (full 0):
 garbage-first heap   total 65536K, used 16401K [0x00000000c1800000, 0x0000000100000000)
  region size 1024K, 15 young (15360K), 2 survivors (2048K)
 Metaspace       used 5145K, committed 5312K, reserved 1056768K
  class space    used 585K, committed 640K, reserved 1048576K
}
Event: 0.997 GC heap after
{Heap after GC invocations=2 (full 0):
 garbage-first heap   total 65536K, used 3847K [0x00000000c1800000, 0x0000000100000000)
  region size 1024K, 1 young (1024K), 1 survivors (1024K)
 Metaspace       used 5145K, committed 5312K, reserved 1056768K
  class space    used 585K, committed 640K, reserved 1048576K
}
Event: 1.791 GC heap before
{Heap before GC invocations=2 (full 0):
 garbage-first heap   total 65536K, used 28423K [0x00000000c1800000, 0x0000000100000000)
  region size 1024K, 26 young (26624K), 1 survivors (1024K)
 Metaspace       used 9223K, committed 9344K, reserved 1064960K
  class space    used 1098K, committed 1152K, reserved 1048576K
}
Event: 1.800 GC heap after
{Heap after GC invocations=3 (full 0):
 garbage-first heap   total 65536K, used 5143K [0x00000000c1800000, 0x0000000100000000)
  region size 1024K, 2 young (2048K), 2 survivors (2048K)
 Metaspace       used 9223K, committed 9344K, reserved 1064960K
  class space    used 1098K, committed 1152K, reserved 1048576K
}
Event: 3.557 GC heap before
{Heap before GC invocations=3 (full 0):
 garbage-first heap   total 65536K, used 42007K [0x00000000c1800000, 0x0000000100000000)
  region size 1024K, 38 young (38912K), 2 survivors (2048K)
 Metaspace       used 13032K, committed 13184K, reserved 1064960K
  class space    used 1472K, committed 1536K, reserved 1048576K
}
Event: 3.578 GC heap after
{Heap after GC invocations=4 (full 0):
 garbage-first heap   total 65536K, used 7816K [0x00000000c1800000, 0x0000000100000000)
  region size 1024K, 5 young (5120K), 5 survivors (5120K)
 Metaspace       used 13032K, committed 13184K, reserved 1064960K
  class space    used 1472K, committed 1536K, reserved 1048576K
}

Deoptimization events (20 events):
Event: 3.987 Thread 0x000001f9f1e1eff0 Uncommon trap: trap_request=0xffffffde fr.pc=0x000001f987b81d90 relative=0x0000000000000070
Event: 3.987 Thread 0x000001f9f1e1eff0 Uncommon trap: reason=class_check action=maybe_recompile pc=0x000001f987b81d90 method=com.google.inject.internal.LinkedBindingImpl.acceptTargetVisitor(Lcom/google/inject/spi/BindingTargetVisitor;)Ljava/lang/Object; @ 2 c2
Event: 3.987 Thread 0x000001f9f1e1eff0 DEOPT PACKING pc=0x000001f987b81d90 sp=0x00000068cbafd6e0
Event: 3.987 Thread 0x000001f9f1e1eff0 DEOPT UNPACKING pc=0x000001f98004d72e sp=0x00000068cbafd678 mode 2
Event: 3.987 Thread 0x000001f9f1e1eff0 Uncommon trap: trap_request=0xffffffde fr.pc=0x000001f987b81d90 relative=0x0000000000000070
Event: 3.987 Thread 0x000001f9f1e1eff0 Uncommon trap: reason=class_check action=maybe_recompile pc=0x000001f987b81d90 method=com.google.inject.internal.LinkedBindingImpl.acceptTargetVisitor(Lcom/google/inject/spi/BindingTargetVisitor;)Ljava/lang/Object; @ 2 c2
Event: 3.987 Thread 0x000001f9f1e1eff0 DEOPT PACKING pc=0x000001f987b81d90 sp=0x00000068cbafd6e0
Event: 3.987 Thread 0x000001f9f1e1eff0 DEOPT UNPACKING pc=0x000001f98004d72e sp=0x00000068cbafd678 mode 2
Event: 4.012 Thread 0x000001f9f1e1eff0 Uncommon trap: trap_request=0xffffff54 fr.pc=0x000001f987c17ccc relative=0x000000000000034c
Event: 4.012 Thread 0x000001f9f1e1eff0 Uncommon trap: reason=speculate_null_assert action=make_not_entrant pc=0x000001f987c17ccc method=org.eclipse.sisu.inject.RankedBindings$Itr.hasNext()Z @ 80 c2
Event: 4.012 Thread 0x000001f9f1e1eff0 DEOPT PACKING pc=0x000001f987c17ccc sp=0x00000068cbafdb70
Event: 4.012 Thread 0x000001f9f1e1eff0 DEOPT UNPACKING pc=0x000001f98004d72e sp=0x00000068cbafdb40 mode 2
Event: 4.022 Thread 0x000001f9f1e1eff0 Uncommon trap: trap_request=0xffffffcc fr.pc=0x000001f987c24f68 relative=0x00000000000001c8
Event: 4.022 Thread 0x000001f9f1e1eff0 Uncommon trap: reason=intrinsic_or_type_checked_inlining action=make_not_entrant pc=0x000001f987c24f68 method=java.util.Arrays.copyOf([Ljava/lang/Object;ILjava/lang/Class;)[Ljava/lang/Object; @ 35 c2
Event: 4.022 Thread 0x000001f9f1e1eff0 DEOPT PACKING pc=0x000001f987c24f68 sp=0x00000068cbafdd90
Event: 4.022 Thread 0x000001f9f1e1eff0 DEOPT UNPACKING pc=0x000001f98004d72e sp=0x00000068cbafdd20 mode 2
Event: 4.046 Thread 0x000001f9f1e1eff0 DEOPT PACKING pc=0x000001f9806676b4 sp=0x00000068cbaf7e20
Event: 4.046 Thread 0x000001f9f1e1eff0 DEOPT UNPACKING pc=0x000001f98004dece sp=0x00000068cbaf7258 mode 0
Event: 4.046 Thread 0x000001f9f1e1eff0 DEOPT PACKING pc=0x000001f9806672cc sp=0x00000068cbaf7e90
Event: 4.046 Thread 0x000001f9f1e1eff0 DEOPT UNPACKING pc=0x000001f98004dece sp=0x00000068cbaf7338 mode 0

Classes unloaded (0 events):
No events

Classes redefined (0 events):
No events

Internal exceptions (20 events):
Event: 2.000 Thread 0x000001f9f1e1eff0 Exception <a 'java/lang/NoClassDefFoundError'{0x00000000c532cb00}: com/google/inject/servlet/ServletModuleTargetVisitor> (0x00000000c532cb00) 
thrown [t:\workspace\open\src\hotspot\share\classfile\systemDictionary.cpp, line 245]
Event: 2.000 Thread 0x000001f9f1e1eff0 Exception <a 'java/lang/NoClassDefFoundError'{0x00000000c532e988}: javax/annotation/Priority> (0x00000000c532e988) 
thrown [t:\workspace\open\src\hotspot\share\classfile\systemDictionary.cpp, line 245]
Event: 2.140 Thread 0x000001f9f1e1eff0 Exception <a 'java/lang/NoSuchMethodError'{0x00000000c5190780}: 'java.lang.Object java.lang.invoke.DirectMethodHandle$Holder.invokeStatic(java.lang.Object)'> (0x00000000c5190780) 
thrown [t:\workspace\open\src\hotspot\share\interpreter\linkResolver.cpp, line 790]
Event: 2.144 Thread 0x000001f9f1e1eff0 Exception <a 'java/lang/NoSuchMethodError'{0x00000000c519b888}: 'java.lang.Object java.lang.invoke.DirectMethodHandle$Holder.invokeStaticInit(java.lang.Object, int, int, int, int)'> (0x00000000c519b888) 
thrown [t:\workspace\open\src\hotspot\share\interpreter\linkResolver.cpp, line 790]
Event: 2.962 Thread 0x000001f9f1e1eff0 Implicit null exception at 0x000001f987b4dd60 to 0x000001f987b4ddfa
Event: 2.962 Thread 0x000001f9f1e1eff0 Implicit null exception at 0x000001f987b6270f to 0x000001f987b62ab8
Event: 3.048 Thread 0x000001f9f1e1eff0 Implicit null exception at 0x000001f987b35e8f to 0x000001f987b36220
Event: 3.919 Thread 0x000001f9f1e1eff0 Exception <a 'java/lang/NoClassDefFoundError'{0x00000000c4ea3d58}: org/sonatype/aether/collection/DependencyCollectionException> (0x00000000c4ea3d58) 
thrown [t:\workspace\open\src\hotspot\share\classfile\systemDictionary.cpp, line 245]
Event: 3.923 Thread 0x000001f9f1e1eff0 Exception <a 'java/lang/NoClassDefFoundError'{0x00000000c4eb9a98}: org/sonatype/aether/metadata/Metadata> (0x00000000c4eb9a98) 
thrown [t:\workspace\open\src\hotspot\share\classfile\systemDictionary.cpp, line 245]
Event: 3.933 Thread 0x000001f9f1e1eff0 Exception <a 'java/lang/NoClassDefFoundError'{0x00000000c4d0add8}: org/sonatype/aether/resolution/ArtifactResolutionException> (0x00000000c4d0add8) 
thrown [t:\workspace\open\src\hotspot\share\classfile\systemDictionary.cpp, line 245]
Event: 3.960 Thread 0x000001f9f1e1eff0 Exception <a 'java/lang/NoClassDefFoundError'{0x00000000c4dad828}: org/sonatype/aether/resolution/ArtifactDescriptorException> (0x00000000c4dad828) 
thrown [t:\workspace\open\src\hotspot\share\classfile\systemDictionary.cpp, line 245]
Event: 3.969 Thread 0x000001f9f1e1eff0 Exception <a 'java/lang/NoClassDefFoundError'{0x00000000c4de3760}: org/sonatype/aether/metadata/Metadata> (0x00000000c4de3760) 
thrown [t:\workspace\open\src\hotspot\share\classfile\systemDictionary.cpp, line 245]
Event: 3.970 Thread 0x000001f9f1e1eff0 Exception <a 'java/lang/NoClassDefFoundError'{0x00000000c4dee250}: org/sonatype/aether/installation/InstallationException> (0x00000000c4dee250) 
thrown [t:\workspace\open\src\hotspot\share\classfile\systemDictionary.cpp, line 245]
Event: 3.976 Thread 0x000001f9f1e1eff0 Exception <a 'java/lang/NoClassDefFoundError'{0x00000000c4c2c4b8}: org/sonatype/aether/deployment/DeploymentException> (0x00000000c4c2c4b8) 
thrown [t:\workspace\open\src\hotspot\share\classfile\systemDictionary.cpp, line 245]
Event: 4.088 Thread 0x000001f9f1e1eff0 Exception <a 'java/lang/NoSuchMethodError'{0x00000000c4a67f80}: 'void java.lang.invoke.DirectMethodHandle$Holder.invokeStatic(java.lang.Object, long)'> (0x00000000c4a67f80) 
thrown [t:\workspace\open\src\hotspot\share\interpreter\linkResolver.cpp, line 790]
Event: 4.089 Thread 0x000001f9f1e1eff0 Exception <a 'java/lang/NoSuchMethodError'{0x00000000c4a6db48}: 'java.lang.Object java.lang.invoke.DirectMethodHandle$Holder.newInvokeSpecial(java.lang.Object, long)'> (0x00000000c4a6db48) 
thrown [t:\workspace\open\src\hotspot\share\interpreter\linkResolver.cpp, line 790]
Event: 4.091 Thread 0x000001f9f1e1eff0 Exception <a 'java/lang/NoSuchMethodError'{0x00000000c4a72778}: 'java.lang.Object java.lang.invoke.DirectMethodHandle$Holder.invokeStaticInit(java.lang.Object)'> (0x00000000c4a72778) 
thrown [t:\workspace\open\src\hotspot\share\interpreter\linkResolver.cpp, line 790]
Event: 4.093 Thread 0x000001f9f1e1eff0 Exception <a 'java/lang/NoSuchMethodError'{0x00000000c4a7c4f8}: 'java.lang.Object java.lang.invoke.DirectMethodHandle$Holder.invokeStaticInit(java.lang.Object, java.lang.Object, long, java.lang.Object)'> (0x00000000c4a7c4f8) 
thrown [t:\workspace\open\src\hotspot\share\interpreter\linkResolver.cpp, line 790]
Event: 4.095 Thread 0x000001f9f1e1eff0 Exception <a 'java/lang/NoSuchMethodError'{0x00000000c4a83398}: 'java.lang.Object java.lang.invoke.DirectMethodHandle$Holder.newInvokeSpecial(java.lang.Object, java.lang.Object, long)'> (0x00000000c4a83398) 
thrown [t:\workspace\open\src\hotspot\share\interpreter\linkResolver.cpp, line 790]
Event: 4.096 Thread 0x000001f9f1e1eff0 Exception <a 'java/lang/NoSuchMethodError'{0x00000000c4a87798}: 'java.lang.Object java.lang.invoke.Invokers$Holder.linkToTargetMethod(java.lang.Object, long, java.lang.Object)'> (0x00000000c4a87798) 
thrown [t:\workspace\open\src\hotspot\share\interpreter\linkResolver.cpp, line 790]

Events (20 events):
Event: 4.098 loading class java/util/concurrent/SynchronousQueue$TransferStack$SNode
Event: 4.098 loading class java/util/concurrent/SynchronousQueue$TransferStack$SNode done
Event: 4.098 loading class java/lang/ProcessImpl$2
Event: 4.098 loading class java/lang/ProcessImpl$2 done
Event: 4.098 loading class java/lang/Process$PipeInputStream
Event: 4.098 loading class java/lang/Process$PipeInputStream done
Event: 4.099 Executing  VM operation: HandshakeAllThreads
Event: 4.099 Executing  VM operation: HandshakeAllThreads done
Event: 4.099 loading class jdk/internal/event/ProcessStartEvent
Event: 4.099 loading class jdk/internal/event/Event
Event: 4.099 loading class jdk/internal/event/Event done
Event: 4.099 loading class jdk/internal/event/ProcessStartEvent done
Event: 4.100 loading class java/io/PipedOutputStream
Event: 4.100 loading class java/io/PipedOutputStream done
Event: 4.101 Thread 0x000001f9902ef870 Thread added: 0x000001f9902ef870
Event: 4.102 Thread 0x000001f9902efd90 Thread added: 0x000001f9902efd90
Event: 4.102 Thread 0x000001f990a7c910 Thread added: 0x000001f990a7c910
Event: 5.101 Executing  VM operation: Cleanup
Event: 5.101 Executing  VM operation: Cleanup done
Event: 5.925 Thread 0x000001f9ffe7ac10 Thread exited: 0x000001f9ffe7ac10


Dynamic libraries:
0x00007ff7d98a0000 - 0x00007ff7d98b0000 	C:\Program Files\Java\jdk-16.0.2\bin\java.exe
0x00007ffecdf70000 - 0x00007ffece165000 	C:\WINDOWS\SYSTEM32\ntdll.dll
0x00007ffecd600000 - 0x00007ffecd6be000 	C:\WINDOWS\System32\KERNEL32.DLL
0x00007ffecbb40000 - 0x00007ffecbe09000 	C:\WINDOWS\System32\KERNELBASE.dll
0x00007ffecb720000 - 0x00007ffecb820000 	C:\WINDOWS\System32\ucrtbase.dll
0x00007ffeb6460000 - 0x00007ffeb6478000 	C:\Program Files\Java\jdk-16.0.2\bin\jli.dll
0x00007ffecd6c0000 - 0x00007ffecd76c000 	C:\WINDOWS\System32\ADVAPI32.dll
0x00007ffecc080000 - 0x00007ffecc11e000 	C:\WINDOWS\System32\msvcrt.dll
0x00007ffecd7e0000 - 0x00007ffecd87b000 	C:\WINDOWS\System32\sechost.dll
0x00007ffecd220000 - 0x00007ffecd34a000 	C:\WINDOWS\System32\RPCRT4.dll
0x00007ffecd880000 - 0x00007ffecda21000 	C:\WINDOWS\System32\USER32.dll
0x00007ffecb920000 - 0x00007ffecb942000 	C:\WINDOWS\System32\win32u.dll
0x00007ffecbfc0000 - 0x00007ffecbfeb000 	C:\WINDOWS\System32\GDI32.dll
0x00007ffecb950000 - 0x00007ffecba5b000 	C:\WINDOWS\System32\gdi32full.dll
0x00007ffecb880000 - 0x00007ffecb91d000 	C:\WINDOWS\System32\msvcp_win.dll
0x00007ffec32d0000 - 0x00007ffec32e9000 	C:\Program Files\Java\jdk-16.0.2\bin\VCRUNTIME140.dll
0x00007ffeb1130000 - 0x00007ffeb13ca000 	C:\WINDOWS\WinSxS\amd64_microsoft.windows.common-controls_6595b64144ccf1df_6.0.19041.1110_none_60b5254171f9507e\COMCTL32.dll
0x00007ffec0700000 - 0x00007ffec070a000 	C:\WINDOWS\SYSTEM32\VERSION.dll
0x00007ffecd110000 - 0x00007ffecd140000 	C:\WINDOWS\System32\IMM32.DLL
0x00007ffec32c0000 - 0x00007ffec32cc000 	C:\Program Files\Java\jdk-16.0.2\bin\vcruntime140_1.dll
0x00007ffeb4ee0000 - 0x00007ffeb4f71000 	C:\Program Files\Java\jdk-16.0.2\bin\msvcp140.dll
0x00007ffea1800000 - 0x00007ffea23ab000 	C:\Program Files\Java\jdk-16.0.2\bin\server\jvm.dll
0x00007ffecc480000 - 0x00007ffecc488000 	C:\WINDOWS\System32\PSAPI.DLL
0x00007ffec32f0000 - 0x00007ffec32f9000 	C:\WINDOWS\SYSTEM32\WSOCK32.dll
0x00007ffeb3b30000 - 0x00007ffeb3b57000 	C:\WINDOWS\SYSTEM32\WINMM.dll
0x00007ffecd770000 - 0x00007ffecd7db000 	C:\WINDOWS\System32\WS2_32.dll
0x00007ffec9620000 - 0x00007ffec9632000 	C:\WINDOWS\SYSTEM32\kernel.appcore.dll
0x00007ffeb8af0000 - 0x00007ffeb8afa000 	C:\Program Files\Java\jdk-16.0.2\bin\jimage.dll
0x00007ffec62f0000 - 0x00007ffec64d4000 	C:\WINDOWS\SYSTEM32\DBGHELP.DLL
0x00007ffeb2fc0000 - 0x00007ffeb2fec000 	C:\WINDOWS\SYSTEM32\dbgcore.DLL
0x00007ffecb690000 - 0x00007ffecb713000 	C:\WINDOWS\System32\bcryptPrimitives.dll
0x00007ffec18c0000 - 0x00007ffec18e5000 	C:\Program Files\Java\jdk-16.0.2\bin\java.dll
0x00007ffecc5c0000 - 0x00007ffecccff000 	C:\WINDOWS\System32\SHELL32.dll
0x00007ffec9790000 - 0x00007ffec9f20000 	C:\WINDOWS\SYSTEM32\windows.storage.dll
0x00007ffecc120000 - 0x00007ffecc475000 	C:\WINDOWS\System32\combase.dll
0x00007ffecb010000 - 0x00007ffecb03c000 	C:\WINDOWS\SYSTEM32\Wldp.dll
0x00007ffecd3b0000 - 0x00007ffecd45d000 	C:\WINDOWS\System32\SHCORE.dll
0x00007ffecd0a0000 - 0x00007ffecd0f5000 	C:\WINDOWS\System32\shlwapi.dll
0x00007ffecb5d0000 - 0x00007ffecb5ef000 	C:\WINDOWS\SYSTEM32\profapi.dll
0x00007ffeb8ad0000 - 0x00007ffeb8ae9000 	C:\Program Files\Java\jdk-16.0.2\bin\net.dll
0x00007ffeb9e60000 - 0x00007ffeb9f68000 	C:\WINDOWS\SYSTEM32\WINHTTP.dll
0x00007ffecad70000 - 0x00007ffecadda000 	C:\WINDOWS\system32\mswsock.dll
0x00007ffeb8ab0000 - 0x00007ffeb8ac3000 	C:\Program Files\Java\jdk-16.0.2\bin\nio.dll
0x00007ffeb8a50000 - 0x00007ffeb8a68000 	C:\Program Files\Java\jdk-16.0.2\bin\zip.dll
0x00007ffeb8a40000 - 0x00007ffeb8a50000 	C:\Program Files\Java\jdk-16.0.2\bin\verify.dll
0x00007ffeb8570000 - 0x00007ffeb857a000 	C:\Program Files\NetBeans-12.5\netbeans\java\maven\lib\jansi-native\windows64\jansi.dll

dbghelp: loaded successfully - version: 4.0.5 - missing functions: none
symbol engine: initialized successfully - sym options: 0x614 - pdb path: .;C:\Program Files\Java\jdk-16.0.2\bin;C:\WINDOWS\SYSTEM32;C:\WINDOWS\WinSxS\amd64_microsoft.windows.common-controls_6595b64144ccf1df_6.0.19041.1110_none_60b5254171f9507e;C:\Program Files\Java\jdk-16.0.2\bin\server;C:\Program Files\NetBeans-12.5\netbeans\java\maven\lib\jansi-native\windows64

VM Arguments:
jvm_args: -Dclassworlds.conf=C:\Program Files\NetBeans-12.5\netbeans\java\maven\bin\..\bin\m2.conf -Dmaven.home=C:\Program Files\NetBeans-12.5\netbeans\java\maven\bin\.. -Dlibrary.jansi.path=C:\Program Files\NetBeans-12.5\netbeans\java\maven\bin\..\lib\jansi-native -Dmaven.multiModuleProjectDirectory=C:\Users\dell\Documents\NetBeansProjects\projetoGit\projetoN2 
java_command: org.codehaus.plexus.classworlds.launcher.Launcher -Dexec.vmArgs= -Dexec.args=${exec.vmArgs} -classpath %classpath ${exec.mainClass} ${exec.appArgs} -Dexec.executable=C:\Program Files\Java\jdk-16.0.2\bin\java.exe -Dexec.mainClass=view.services.TableSuppliers -Dexec.classpathScope=runtime -Dexec.appArgs= -Dmaven.ext.class.path=C:\Program Files\NetBeans-12.5\netbeans\java\maven-nblib\netbeans-eventspy.jar -Dfile.encoding=UTF-8 org.codehaus.mojo:exec-maven-plugin:3.0.0:exec
java_class_path (initial): C:\Program Files\NetBeans-12.5\netbeans\java\maven\bin\..\boot\plexus-classworlds-2.6.0.jar
Launcher Type: SUN_STANDARD

[Global flags]
     intx CICompilerCount                          = 3                                         {product} {ergonomic}
     uint ConcGCThreads                            = 1                                         {product} {ergonomic}
     uint G1ConcRefinementThreads                  = 4                                         {product} {ergonomic}
   size_t G1HeapRegionSize                         = 1048576                                   {product} {ergonomic}
    uintx GCDrainStackTargetSize                   = 64                                        {product} {ergonomic}
   size_t InitialHeapSize                          = 67108864                                  {product} {ergonomic}
   size_t MarkStackSize                            = 4194304                                   {product} {ergonomic}
   size_t MaxHeapSize                              = 1048576000                                {product} {ergonomic}
   size_t MaxNewSize                               = 629145600                                 {product} {ergonomic}
   size_t MinHeapDeltaBytes                        = 1048576                                   {product} {ergonomic}
   size_t MinHeapSize                              = 8388608                                   {product} {ergonomic}
    uintx NonNMethodCodeHeapSize                   = 5832780                                {pd product} {ergonomic}
    uintx NonProfiledCodeHeapSize                  = 122912730                              {pd product} {ergonomic}
    uintx ProfiledCodeHeapSize                     = 122912730                              {pd product} {ergonomic}
    uintx ReservedCodeCacheSize                    = 251658240                              {pd product} {ergonomic}
     bool SegmentedCodeCache                       = true                                      {product} {ergonomic}
   size_t SoftMaxHeapSize                          = 1048576000                             {manageable} {ergonomic}
     bool UseCompressedClassPointers               = true                           {product lp64_product} {ergonomic}
     bool UseCompressedOops                        = true                           {product lp64_product} {ergonomic}
     bool UseG1GC                                  = true                                      {product} {ergonomic}
     bool UseLargePagesIndividualAllocation        = false                                  {pd product} {ergonomic}

Logging:
Log output configuration:
 #0: stdout all=warning uptime,level,tags
 #1: stderr all=off uptime,level,tags

Environment Variables:
JAVA_HOME=C:\Program Files\Java\jdk-16.0.2
PATH=C:\Program Files\Common Files\Oracle\Java\javapath;C:\Program Files (x86)\Common Files\Oracle\Java\javapath;C:\Program Files\AdoptOpenJDK\jdk-14.0.2.12-hotspot\bin;C:\WINDOWS\system32;C:\WINDOWS;C:\WINDOWS\System32\Wbem;C:\WINDOWS\System32\WindowsPowerShell\v1.0\;C:\WINDOWS\System32\OpenSSH\;C:\Program Files\nodejs\;C:\Program Files (x86)\Intel\Intel(R) Management Engine Components\DAL;C:\Program Files\Intel\Intel(R) Management Engine Components\DAL;C:\MinGW\bin;C:\Program Files\Java\jdk-15.0.2\bin;C:\Program Files\Git\cmd;C:\Program Files\Apache\maven\apache-maven-3.8.3\bin;C:\Program Files\MySQL\MySQL Shell 8.0\bin\;C:\Users\dell\AppData\Local\Microsoft\WindowsApps;C:\Users\dell\AppData\Roaming\npm;C:\MinGW\bin;;C:\Program Files\JetBrains\IntelliJ IDEA Community Edition 2021.2\bin;;C:\Users\dell\AppData\Local\Programs\mongosh\
USERNAME=dell
OS=Windows_NT
PROCESSOR_IDENTIFIER=Intel64 Family 6 Model 142 Stepping 9, GenuineIntel



---------------  S Y S T E M  ---------------

OS:
 Windows 10 , 64 bit Build 19041 (10.0.19041.1202)
OS uptime: 0 days 3:53 hours

CPU: total 4 (initial active 4) (2 cores per cpu, 2 threads per core) family 6 model 142 stepping 9 microcode 0xea, cx8, cmov, fxsr, ht, mmx, 3dnowpref, sse, sse2, sse3, ssse3, sse4.1, sse4.2, popcnt, lzcnt, tsc, tscinvbit, avx, avx2, aes, erms, clmul, bmi1, bmi2, adx, fma, vzeroupper, clflush, clflushopt

Memory: 4k page, system-wide physical 3996M (939M free)
TotalPageFile size 5391M (AvailPageFile size 3M)
current process WorkingSet (physical memory assigned to process): 89M, peak: 106M
current process commit charge ("private bytes"): 164M, peak: 178M

vm_info: Java HotSpot(TM) 64-Bit Server VM (16.0.2+7-67) for windows-amd64 JRE (16.0.2+7-67), built on Jun  8 2021 23:24:19 by "mach5one" with MS VC++ 16.7 (VS2019)

END.
