#
# There is insufficient memory for the Java Runtime Environment to continue.
# Native memory allocation (malloc) failed to allocate 124656 bytes for Chunk::new
# Possible reasons:
#   The system is out of physical RAM or swap space
#   The process is running with CompressedOops enabled, and the Java Heap may be blocking the growth of the native heap
# Possible solutions:
#   Reduce memory load on the system
#   Increase physical memory or swap space
#   Check if swap backing store is full
#   Decrease Java heap size (-Xmx/-Xms)
#   Decrease number of Java threads
#   Decrease Java thread stack sizes (-Xss)
#   Set larger code cache with -XX:ReservedCodeCacheSize=
#   JVM is running with Unscaled Compressed Oops mode in which the Java heap is
#     placed in the first 4GB address space. The Java Heap base address is the
#     maximum limit for the native heap growth. Please use -XX:HeapBaseMinAddress
#     to set the Java Heap base and to place the Java Heap above 4GB virtual address.
# This output file may be truncated or incomplete.
#
#  Out of Memory Error (arena.cpp:195), pid=11220, tid=10696
#
# JRE version: Java(TM) SE Runtime Environment (16.0.2+7) (build 16.0.2+7-67)
# Java VM: Java HotSpot(TM) 64-Bit Server VM (16.0.2+7-67, mixed mode, sharing, tiered, compressed oops, compressed class ptrs, g1 gc, windows-amd64)
# No core dump will be written. Minidumps are not enabled by default on client versions of Windows
#

---------------  S U M M A R Y ------------

Command Line: -Dclassworlds.conf=C:\Program Files\NetBeans-12.5\netbeans\java\maven\bin\..\bin\m2.conf -Dmaven.home=C:\Program Files\NetBeans-12.5\netbeans\java\maven\bin\.. -Dlibrary.jansi.path=C:\Program Files\NetBeans-12.5\netbeans\java\maven\bin\..\lib\jansi-native -Dmaven.multiModuleProjectDirectory=C:\Users\dell\Documents\NetBeansProjects\po\projetoN2 org.codehaus.plexus.classworlds.launcher.Launcher -Dexec.vmArgs= -Dexec.args=${exec.vmArgs} -classpath %classpath ${exec.mainClass} ${exec.appArgs} -Dexec.executable=C:\Program Files\Java\jdk-16.0.2\bin\java.exe -Dexec.mainClass=view.Tabela -Dexec.classpathScope=runtime -Dexec.appArgs= -Dmaven.ext.class.path=C:\Program Files\NetBeans-12.5\netbeans\java\maven-nblib\netbeans-eventspy.jar -Dfile.encoding=UTF-8 org.codehaus.mojo:exec-maven-plugin:3.0.0:exec

Host: Intel(R) Core(TM) i3-7020U CPU @ 2.30GHz, 4 cores, 3G,  Windows 10 , 64 bit Build 19041 (10.0.19041.1202)
Time: Fri Oct 15 13:16:36 2021 Hora oficial do Brasil elapsed time: 3.253640 seconds (0d 0h 0m 3s)

---------------  T H R E A D  ---------------

Current thread (0x000001fae73de690):  JavaThread "C2 CompilerThread1" daemon [_thread_in_native, id=10696, stack(0x00000031b8400000,0x00000031b8500000)]


Current CompileTask:
C2:   3253 1332   !   4       java.util.zip.ZipFile$Source::getEntryPos (174 bytes)

Stack: [0x00000031b8400000,0x00000031b8500000]
Native frames: (J=compiled Java code, j=interpreted, Vv=VM code, C=native code)
V  [jvm.dll+0x6681ca]
V  [jvm.dll+0x7c9e69]
V  [jvm.dll+0x7cb61e]
V  [jvm.dll+0x7cbc73]
V  [jvm.dll+0x242c55]
V  [jvm.dll+0xadeba]
V  [jvm.dll+0xae45c]
V  [jvm.dll+0x35a882]
V  [jvm.dll+0x324de1]
V  [jvm.dll+0x32428a]
V  [jvm.dll+0x215cec]
V  [jvm.dll+0x215100]
V  [jvm.dll+0x1a1beb]
V  [jvm.dll+0x225158]
V  [jvm.dll+0x22319c]
V  [jvm.dll+0x77fa62]
V  [jvm.dll+0x7795aa]
V  [jvm.dll+0x667066]
C  [ucrtbase.dll+0x21bb2]
C  [KERNEL32.DLL+0x17034]
C  [ntdll.dll+0x52651]


---------------  P R O C E S S  ---------------

Threads class SMR info:
_java_thread_list=0x000001fae743bf00, length=13, elements={
0x000001facaf4fff0, 0x000001fae603a5c0, 0x000001fae603b0d0, 0x000001fae604eb10,
0x000001fae604f520, 0x000001fae6050030, 0x000001fae6054960, 0x000001fae605a680,
0x000001fae60685a0, 0x000001fae6080ad0, 0x000001fae6c56530, 0x000001fae6c5c570,
0x000001fae73de690
}

Java Threads: ( => current thread )
  0x000001facaf4fff0 JavaThread "main" [_thread_in_vm, id=4272, stack(0x00000031b6e00000,0x00000031b6f00000)]
  0x000001fae603a5c0 JavaThread "Reference Handler" daemon [_thread_blocked, id=3164, stack(0x00000031b7500000,0x00000031b7600000)]
  0x000001fae603b0d0 JavaThread "Finalizer" daemon [_thread_blocked, id=7452, stack(0x00000031b7600000,0x00000031b7700000)]
  0x000001fae604eb10 JavaThread "Signal Dispatcher" daemon [_thread_blocked, id=4192, stack(0x00000031b7700000,0x00000031b7800000)]
  0x000001fae604f520 JavaThread "Attach Listener" daemon [_thread_blocked, id=9048, stack(0x00000031b7800000,0x00000031b7900000)]
  0x000001fae6050030 JavaThread "Service Thread" daemon [_thread_blocked, id=9440, stack(0x00000031b7900000,0x00000031b7a00000)]
  0x000001fae6054960 JavaThread "Monitor Deflation Thread" daemon [_thread_blocked, id=9300, stack(0x00000031b7a00000,0x00000031b7b00000)]
  0x000001fae605a680 JavaThread "C2 CompilerThread0" daemon [_thread_in_native, id=5820, stack(0x00000031b7b00000,0x00000031b7c00000)]
  0x000001fae60685a0 JavaThread "C1 CompilerThread0" daemon [_thread_blocked, id=2568, stack(0x00000031b7c00000,0x00000031b7d00000)]
  0x000001fae6080ad0 JavaThread "Sweeper thread" daemon [_thread_blocked, id=9584, stack(0x00000031b7d00000,0x00000031b7e00000)]
  0x000001fae6c56530 JavaThread "Notification Thread" daemon [_thread_blocked, id=3432, stack(0x00000031b7e00000,0x00000031b7f00000)]
  0x000001fae6c5c570 JavaThread "Common-Cleaner" daemon [_thread_blocked, id=9832, stack(0x00000031b8000000,0x00000031b8100000)]
=>0x000001fae73de690 JavaThread "C2 CompilerThread1" daemon [_thread_in_native, id=10696, stack(0x00000031b8400000,0x00000031b8500000)]

Other Threads:
  0x000001fae6035cc0 VMThread "VM Thread" [stack: 0x00000031b7400000,0x00000031b7500000] [id=8032]
  0x000001fae6c58270 WatcherThread [stack: 0x00000031b7f00000,0x00000031b8000000] [id=6820]
  0x000001facaf7fb10 GCTaskThread "GC Thread#0" [stack: 0x00000031b6f00000,0x00000031b7000000] [id=5196]
  0x000001fae73a6980 GCTaskThread "GC Thread#1" [stack: 0x00000031b8100000,0x00000031b8200000] [id=9280]
  0x000001fae73dd050 GCTaskThread "GC Thread#2" [stack: 0x00000031b8200000,0x00000031b8300000] [id=960]
  0x000001fae73dd360 GCTaskThread "GC Thread#3" [stack: 0x00000031b8300000,0x00000031b8400000] [id=9976]
  0x000001facaf88760 ConcurrentGCThread "G1 Main Marker" [stack: 0x00000031b7000000,0x00000031b7100000] [id=1628]
  0x000001facaf89880 ConcurrentGCThread "G1 Conc#0" [stack: 0x00000031b7100000,0x00000031b7200000] [id=8844]
  0x000001facafd80a0 ConcurrentGCThread "G1 Refine#0" [stack: 0x00000031b7200000,0x00000031b7300000] [id=1772]
  0x000001facafd98e0 ConcurrentGCThread "G1 Service" [stack: 0x00000031b7300000,0x00000031b7400000] [id=8608]

Threads with active compile tasks:
C2 CompilerThread0     3397 1308       4       jdk.internal.module.SystemModuleFinders$SystemModuleReader::findImageLocation (42 bytes)
C2 CompilerThread1     3397 1332   !   4       java.util.zip.ZipFile$Source::getEntryPos (174 bytes)

VM state: not at safepoint (normal execution)

VM Mutex/Monitor currently owned by a thread:  ([mutex/lock_event])
[0x000001facaf49580] MetaspaceExpand_lock - owner thread: 0x000001facaf4fff0

Heap address: 0x00000000c1800000, size: 1000 MB, Compressed Oops mode: 32-bit

CDS archive(s) mapped at: [0x0000000800000000-0x0000000800bb0000-0x0000000800bb0000), size 12255232, SharedBaseAddress: 0x0000000800000000, ArchiveRelocationMode: 0.
Compressed class space mapped at: 0x0000000800c00000-0x0000000840c00000, reserved size: 1073741824
Narrow klass base: 0x0000000800000000, Narrow klass shift: 3, Narrow klass range: 0x100000000

GC Precious Log:
 CPUs: 4 total, 4 available
 Memory: 3996M
 Large Page Support: Disabled
 NUMA Support: Disabled
 Compressed Oops: Enabled (32-bit)
 Heap Region Size: 1M
 Heap Min Capacity: 8M
 Heap Initial Capacity: 64M
 Heap Max Capacity: 1000M
 Pre-touch: Disabled
 Parallel Workers: 4
 Concurrent Workers: 1
 Concurrent Refinement Workers: 4
 Periodic GC: Disabled

Heap:
 garbage-first heap   total 65536K, used 13054K [0x00000000c1800000, 0x0000000100000000)
  region size 1024K, 12 young (12288K), 1 survivors (1024K)
 Metaspace       used 6438K, committed 6528K, reserved 1056768K
  class space    used 723K, committed 768K, reserved 1048576K

Heap Regions: E=young(eden), S=young(survivor), O=old, HS=humongous(starts), HC=humongous(continues), CS=collection set, F=free, OA=open archive, CA=closed archive, TAMS=top-at-mark-start (previous, next)
|   0|0x00000000c1800000, 0x00000000c1900000, 0x00000000c1900000|100%| O|  |TAMS 0x00000000c1800000, 0x00000000c1800000| Untracked 
|   1|0x00000000c1900000, 0x00000000c1a00000, 0x00000000c1a00000|100%| O|  |TAMS 0x00000000c1900000, 0x00000000c1900000| Untracked 
|   2|0x00000000c1a00000, 0x00000000c1b00000, 0x00000000c1b00000|100%| O|  |TAMS 0x00000000c1a00000, 0x00000000c1a00000| Untracked 
|   3|0x00000000c1b00000, 0x00000000c1b18400, 0x00000000c1c00000|  9%| O|  |TAMS 0x00000000c1b00000, 0x00000000c1b00000| Untracked 
|   4|0x00000000c1c00000, 0x00000000c1c00000, 0x00000000c1d00000|  0%| F|  |TAMS 0x00000000c1c00000, 0x00000000c1c00000| Untracked 
|   5|0x00000000c1d00000, 0x00000000c1d00000, 0x00000000c1e00000|  0%| F|  |TAMS 0x00000000c1d00000, 0x00000000c1d00000| Untracked 
|   6|0x00000000c1e00000, 0x00000000c1e00000, 0x00000000c1f00000|  0%| F|  |TAMS 0x00000000c1e00000, 0x00000000c1e00000| Untracked 
|   7|0x00000000c1f00000, 0x00000000c1f00000, 0x00000000c2000000|  0%| F|  |TAMS 0x00000000c1f00000, 0x00000000c1f00000| Untracked 
|   8|0x00000000c2000000, 0x00000000c2000000, 0x00000000c2100000|  0%| F|  |TAMS 0x00000000c2000000, 0x00000000c2000000| Untracked 
|   9|0x00000000c2100000, 0x00000000c2100000, 0x00000000c2200000|  0%| F|  |TAMS 0x00000000c2100000, 0x00000000c2100000| Untracked 
|  10|0x00000000c2200000, 0x00000000c2200000, 0x00000000c2300000|  0%| F|  |TAMS 0x00000000c2200000, 0x00000000c2200000| Untracked 
|  11|0x00000000c2300000, 0x00000000c2300000, 0x00000000c2400000|  0%| F|  |TAMS 0x00000000c2300000, 0x00000000c2300000| Untracked 
|  12|0x00000000c2400000, 0x00000000c2400000, 0x00000000c2500000|  0%| F|  |TAMS 0x00000000c2400000, 0x00000000c2400000| Untracked 
|  13|0x00000000c2500000, 0x00000000c2500000, 0x00000000c2600000|  0%| F|  |TAMS 0x00000000c2500000, 0x00000000c2500000| Untracked 
|  14|0x00000000c2600000, 0x00000000c2600000, 0x00000000c2700000|  0%| F|  |TAMS 0x00000000c2600000, 0x00000000c2600000| Untracked 
|  15|0x00000000c2700000, 0x00000000c2700000, 0x00000000c2800000|  0%| F|  |TAMS 0x00000000c2700000, 0x00000000c2700000| Untracked 
|  16|0x00000000c2800000, 0x00000000c2800000, 0x00000000c2900000|  0%| F|  |TAMS 0x00000000c2800000, 0x00000000c2800000| Untracked 
|  17|0x00000000c2900000, 0x00000000c2900000, 0x00000000c2a00000|  0%| F|  |TAMS 0x00000000c2900000, 0x00000000c2900000| Untracked 
|  18|0x00000000c2a00000, 0x00000000c2a00000, 0x00000000c2b00000|  0%| F|  |TAMS 0x00000000c2a00000, 0x00000000c2a00000| Untracked 
|  19|0x00000000c2b00000, 0x00000000c2b00000, 0x00000000c2c00000|  0%| F|  |TAMS 0x00000000c2b00000, 0x00000000c2b00000| Untracked 
|  20|0x00000000c2c00000, 0x00000000c2c00000, 0x00000000c2d00000|  0%| F|  |TAMS 0x00000000c2c00000, 0x00000000c2c00000| Untracked 
|  21|0x00000000c2d00000, 0x00000000c2d00000, 0x00000000c2e00000|  0%| F|  |TAMS 0x00000000c2d00000, 0x00000000c2d00000| Untracked 
|  22|0x00000000c2e00000, 0x00000000c2e00000, 0x00000000c2f00000|  0%| F|  |TAMS 0x00000000c2e00000, 0x00000000c2e00000| Untracked 
|  23|0x00000000c2f00000, 0x00000000c2f00000, 0x00000000c3000000|  0%| F|  |TAMS 0x00000000c2f00000, 0x00000000c2f00000| Untracked 
|  24|0x00000000c3000000, 0x00000000c3000000, 0x00000000c3100000|  0%| F|  |TAMS 0x00000000c3000000, 0x00000000c3000000| Untracked 
|  25|0x00000000c3100000, 0x00000000c3100000, 0x00000000c3200000|  0%| F|  |TAMS 0x00000000c3100000, 0x00000000c3100000| Untracked 
|  26|0x00000000c3200000, 0x00000000c3200000, 0x00000000c3300000|  0%| F|  |TAMS 0x00000000c3200000, 0x00000000c3200000| Untracked 
|  27|0x00000000c3300000, 0x00000000c3300000, 0x00000000c3400000|  0%| F|  |TAMS 0x00000000c3300000, 0x00000000c3300000| Untracked 
|  28|0x00000000c3400000, 0x00000000c3400000, 0x00000000c3500000|  0%| F|  |TAMS 0x00000000c3400000, 0x00000000c3400000| Untracked 
|  29|0x00000000c3500000, 0x00000000c3500000, 0x00000000c3600000|  0%| F|  |TAMS 0x00000000c3500000, 0x00000000c3500000| Untracked 
|  30|0x00000000c3600000, 0x00000000c3600000, 0x00000000c3700000|  0%| F|  |TAMS 0x00000000c3600000, 0x00000000c3600000| Untracked 
|  31|0x00000000c3700000, 0x00000000c3700000, 0x00000000c3800000|  0%| F|  |TAMS 0x00000000c3700000, 0x00000000c3700000| Untracked 
|  32|0x00000000c3800000, 0x00000000c3800000, 0x00000000c3900000|  0%| F|  |TAMS 0x00000000c3800000, 0x00000000c3800000| Untracked 
|  33|0x00000000c3900000, 0x00000000c3900000, 0x00000000c3a00000|  0%| F|  |TAMS 0x00000000c3900000, 0x00000000c3900000| Untracked 
|  34|0x00000000c3a00000, 0x00000000c3a00000, 0x00000000c3b00000|  0%| F|  |TAMS 0x00000000c3a00000, 0x00000000c3a00000| Untracked 
|  35|0x00000000c3b00000, 0x00000000c3b00000, 0x00000000c3c00000|  0%| F|  |TAMS 0x00000000c3b00000, 0x00000000c3b00000| Untracked 
|  36|0x00000000c3c00000, 0x00000000c3c00000, 0x00000000c3d00000|  0%| F|  |TAMS 0x00000000c3c00000, 0x00000000c3c00000| Untracked 
|  37|0x00000000c3d00000, 0x00000000c3d00000, 0x00000000c3e00000|  0%| F|  |TAMS 0x00000000c3d00000, 0x00000000c3d00000| Untracked 
|  38|0x00000000c3e00000, 0x00000000c3e00000, 0x00000000c3f00000|  0%| F|  |TAMS 0x00000000c3e00000, 0x00000000c3e00000| Untracked 
|  39|0x00000000c3f00000, 0x00000000c3f00000, 0x00000000c4000000|  0%| F|  |TAMS 0x00000000c3f00000, 0x00000000c3f00000| Untracked 
|  40|0x00000000c4000000, 0x00000000c4000000, 0x00000000c4100000|  0%| F|  |TAMS 0x00000000c4000000, 0x00000000c4000000| Untracked 
|  41|0x00000000c4100000, 0x00000000c4100000, 0x00000000c4200000|  0%| F|  |TAMS 0x00000000c4100000, 0x00000000c4100000| Untracked 
|  42|0x00000000c4200000, 0x00000000c4200000, 0x00000000c4300000|  0%| F|  |TAMS 0x00000000c4200000, 0x00000000c4200000| Untracked 
|  43|0x00000000c4300000, 0x00000000c4300000, 0x00000000c4400000|  0%| F|  |TAMS 0x00000000c4300000, 0x00000000c4300000| Untracked 
|  44|0x00000000c4400000, 0x00000000c4400000, 0x00000000c4500000|  0%| F|  |TAMS 0x00000000c4400000, 0x00000000c4400000| Untracked 
|  45|0x00000000c4500000, 0x00000000c4500000, 0x00000000c4600000|  0%| F|  |TAMS 0x00000000c4500000, 0x00000000c4500000| Untracked 
|  46|0x00000000c4600000, 0x00000000c4600000, 0x00000000c4700000|  0%| F|  |TAMS 0x00000000c4600000, 0x00000000c4600000| Untracked 
|  47|0x00000000c4700000, 0x00000000c4700000, 0x00000000c4800000|  0%| F|  |TAMS 0x00000000c4700000, 0x00000000c4700000| Untracked 
|  48|0x00000000c4800000, 0x00000000c48a77f0, 0x00000000c4900000| 65%| S|CS|TAMS 0x00000000c4800000, 0x00000000c4800000| Complete 
|  49|0x00000000c4900000, 0x00000000c4900000, 0x00000000c4a00000|  0%| F|  |TAMS 0x00000000c4900000, 0x00000000c4900000| Untracked 
|  50|0x00000000c4a00000, 0x00000000c4a00000, 0x00000000c4b00000|  0%| F|  |TAMS 0x00000000c4a00000, 0x00000000c4a00000| Untracked 
|  51|0x00000000c4b00000, 0x00000000c4b00000, 0x00000000c4c00000|  0%| F|  |TAMS 0x00000000c4b00000, 0x00000000c4b00000| Untracked 
|  52|0x00000000c4c00000, 0x00000000c4c00000, 0x00000000c4d00000|  0%| F|  |TAMS 0x00000000c4c00000, 0x00000000c4c00000| Untracked 
|  53|0x00000000c4d00000, 0x00000000c4dfba90, 0x00000000c4e00000| 98%| E|  |TAMS 0x00000000c4d00000, 0x00000000c4d00000| Complete 
|  54|0x00000000c4e00000, 0x00000000c4f00000, 0x00000000c4f00000|100%| E|CS|TAMS 0x00000000c4e00000, 0x00000000c4e00000| Complete 
|  55|0x00000000c4f00000, 0x00000000c5000000, 0x00000000c5000000|100%| E|CS|TAMS 0x00000000c4f00000, 0x00000000c4f00000| Complete 
|  56|0x00000000c5000000, 0x00000000c5100000, 0x00000000c5100000|100%| E|CS|TAMS 0x00000000c5000000, 0x00000000c5000000| Complete 
|  57|0x00000000c5100000, 0x00000000c5200000, 0x00000000c5200000|100%| E|CS|TAMS 0x00000000c5100000, 0x00000000c5100000| Complete 
|  58|0x00000000c5200000, 0x00000000c5300000, 0x00000000c5300000|100%| E|  |TAMS 0x00000000c5200000, 0x00000000c5200000| Complete 
|  59|0x00000000c5300000, 0x00000000c5400000, 0x00000000c5400000|100%| E|CS|TAMS 0x00000000c5300000, 0x00000000c5300000| Complete 
|  60|0x00000000c5400000, 0x00000000c5500000, 0x00000000c5500000|100%| E|CS|TAMS 0x00000000c5400000, 0x00000000c5400000| Complete 
|  61|0x00000000c5500000, 0x00000000c5600000, 0x00000000c5600000|100%| E|CS|TAMS 0x00000000c5500000, 0x00000000c5500000| Complete 
|  62|0x00000000c5600000, 0x00000000c5700000, 0x00000000c5700000|100%| E|CS|TAMS 0x00000000c5600000, 0x00000000c5600000| Complete 
|  63|0x00000000c5700000, 0x00000000c5800000, 0x00000000c5800000|100%| E|CS|TAMS 0x00000000c5700000, 0x00000000c5700000| Complete 

Card table byte_map: [0x000001fae18d0000,0x000001fae1ad0000] _byte_map_base: 0x000001fae12c4000

Marking Bits (Prev, Next): (CMBitMap*) 0x000001facaf80090, (CMBitMap*) 0x000001facaf800d0
 Prev Bits: [0x000001fae1cd0000, 0x000001fae2c70000)
 Next Bits: [0x000001fae2c70000, 0x000001fae3c10000)

Polling page: 0x000001fac8f70000

Metaspace:

Usage:
  Non-class:      5.58 MB used.
      Class:    723.91 KB used.
       Both:      6.29 MB used.

Virtual space:
  Non-class space:        8.00 MB reserved,       5.62 MB ( 70%) committed,  1 nodes.
      Class space:        1.00 GB reserved,     768.00 KB ( <1%) committed,  1 nodes.
              Both:        1.01 GB reserved,       6.38 MB ( <1%) committed. 

Chunk freelists:
   Non-Class:  384.00 KB
       Class:  3.17 MB
        Both:  3.55 MB

MaxMetaspaceSize: 17179869184.00 GB
CompressedClassSpaceSize: 1.00 GB
 - commit_granule_bytes: 65536.
 - commit_granule_words: 8192.
 - virtual_space_node_default_size: 1048576.
 - enlarge_chunks_in_place: 1.
 - new_chunks_are_fully_committed: 0.
 - uncommit_free_chunks: 1.
 - use_allocation_guard: 0.
 - handle_deallocations: 1.


Internal statistics:

num_allocs_failed_limit: 0.
num_arena_births: 22.
num_arena_deaths: 0.
num_vsnodes_births: 2.
num_vsnodes_deaths: 0.
num_space_committed: 102.
num_space_uncommitted: 0.
num_chunks_returned_to_freelist: 0.
num_chunks_taken_from_freelist: 202.
num_chunk_merges: 0.
num_chunk_splits: 151.
num_chunks_enlarged: 131.
num_purges: 0.

CodeHeap 'non-profiled nmethods': size=120000Kb used=519Kb max_used=519Kb free=119480Kb
 bounds [0x000001fada1a0000, 0x000001fada410000, 0x000001fae16d0000]
CodeHeap 'profiled nmethods': size=120000Kb used=2678Kb max_used=2678Kb free=117322Kb
 bounds [0x000001fad2c70000, 0x000001fad2f10000, 0x000001fada1a0000]
CodeHeap 'non-nmethods': size=5760Kb used=1160Kb max_used=1197Kb free=4599Kb
 bounds [0x000001fad26d0000, 0x000001fad2940000, 0x000001fad2c70000]
 total_blobs=1785 nmethods=1339 adapters=359
 compilation: enabled
              stopped_count=0, restarted_count=0
 full_count=0

Compilation events (20 events):
Event: 3.234 Thread 0x000001fae60685a0 1331       3       java.util.HashMap::tableSizeFor (32 bytes)
Event: 3.235 Thread 0x000001fae60685a0 nmethod 1331 0x000001fad2f0a610 code [0x000001fad2f0a7c0, 0x000001fad2f0a9e8]
Event: 3.235 Thread 0x000001fae73de690 nmethod 1330 0x000001fada21d490 code [0x000001fada21d620, 0x000001fada21d6d8]
Event: 3.236 Thread 0x000001fae73de690 1332   !   4       java.util.zip.ZipFile$Source::getEntryPos (174 bytes)
Event: 3.240 Thread 0x000001fae60685a0 1334       3       java.util.Arrays$ArrayItr::hasNext (18 bytes)
Event: 3.241 Thread 0x000001fae60685a0 nmethod 1334 0x000001fad2f0aa90 code [0x000001fad2f0ac20, 0x000001fad2f0ad98]
Event: 3.241 Thread 0x000001fae60685a0 1335       3       java.util.Arrays$ArrayItr::next (36 bytes)
Event: 3.241 Thread 0x000001fae60685a0 nmethod 1335 0x000001fad2f0ae90 code [0x000001fad2f0b040, 0x000001fad2f0b288]
Event: 3.242 Thread 0x000001fae60685a0 1336       3       com.google.inject.internal.Errors::hasErrors (16 bytes)
Event: 3.243 Thread 0x000001fae60685a0 nmethod 1336 0x000001fad2f0b390 code [0x000001fad2f0b520, 0x000001fad2f0b698]
Event: 3.243 Thread 0x000001fae60685a0 1337       3       com.google.inject.TypeLiteral::getSupertype (35 bytes)
Event: 3.243 Thread 0x000001fae60685a0 nmethod 1337 0x000001fad2f0b790 code [0x000001fad2f0b980, 0x000001fad2f0bd08]
Event: 3.244 Thread 0x000001fae60685a0 1338       3       java.lang.Class::getDeclaredFields (27 bytes)
Event: 3.244 Thread 0x000001fae60685a0 nmethod 1338 0x000001fad2f0be90 code [0x000001fad2f0c080, 0x000001fad2f0c398]
Event: 3.244 Thread 0x000001fae60685a0 1339       3       com.google.inject.spi.InjectionPoint::getDeclaredFields (17 bytes)
Event: 3.244 Thread 0x000001fae60685a0 nmethod 1339 0x000001fad2f0c510 code [0x000001fad2f0c6c0, 0x000001fad2f0c838]
Event: 3.244 Thread 0x000001fae60685a0 1340       3       com.google.inject.spi.InjectionPoint::getDeclaredMethods (17 bytes)
Event: 3.245 Thread 0x000001fae60685a0 nmethod 1340 0x000001fad2f0c990 code [0x000001fad2f0cb40, 0x000001fad2f0ccb8]
Event: 3.245 Thread 0x000001fae60685a0 1341   !   3       com.google.inject.spi.InjectionPoint::getInjectionPoints (489 bytes)
Event: 3.251 Thread 0x000001fae60685a0 nmethod 1341 0x000001fada21d790 code [0x000001fada21dd00, 0x000001fada220c08]

GC Heap History (4 events):
Event: 1.562 GC heap before
{Heap before GC invocations=0 (full 0):
 garbage-first heap   total 65536K, used 12288K [0x00000000c1800000, 0x0000000100000000)
  region size 1024K, 13 young (13312K), 0 survivors (0K)
 Metaspace       used 3501K, committed 3648K, reserved 1056768K
  class space    used 350K, committed 448K, reserved 1048576K
}
Event: 1.606 GC heap after
{Heap after GC invocations=1 (full 0):
 garbage-first heap   total 65536K, used 3100K [0x00000000c1800000, 0x0000000100000000)
  region size 1024K, 2 young (2048K), 2 survivors (2048K)
 Metaspace       used 3501K, committed 3648K, reserved 1056768K
  class space    used 350K, committed 448K, reserved 1048576K
}
Event: 2.683 GC heap before
{Heap before GC invocations=1 (full 0):
 garbage-first heap   total 65536K, used 16412K [0x00000000c1800000, 0x0000000100000000)
  region size 1024K, 15 young (15360K), 2 survivors (2048K)
 Metaspace       used 5154K, committed 5312K, reserved 1056768K
  class space    used 581K, committed 640K, reserved 1048576K
}
Event: 2.691 GC heap after
{Heap after GC invocations=2 (full 0):
 garbage-first heap   total 65536K, used 3838K [0x00000000c1800000, 0x0000000100000000)
  region size 1024K, 1 young (1024K), 1 survivors (1024K)
 Metaspace       used 5154K, committed 5312K, reserved 1056768K
  class space    used 581K, committed 640K, reserved 1048576K
}

Deoptimization events (20 events):
Event: 3.132 Thread 0x000001facaf4fff0 Uncommon trap: trap_request=0xffffff45 fr.pc=0x000001fada20dcd8 relative=0x0000000000000438
Event: 3.132 Thread 0x000001facaf4fff0 Uncommon trap: reason=unstable_if action=reinterpret pc=0x000001fada20dcd8 method=java.lang.String.<init>([CIILjava/lang/Void;)V @ 5 c2
Event: 3.132 Thread 0x000001facaf4fff0 DEOPT PACKING pc=0x000001fada20dcd8 sp=0x00000031b6efd590
Event: 3.132 Thread 0x000001facaf4fff0 DEOPT UNPACKING pc=0x000001fad271d72e sp=0x00000031b6efd4d8 mode 2
Event: 3.205 Thread 0x000001facaf4fff0 Uncommon trap: trap_request=0xffffffc6 fr.pc=0x000001fada1fc3e8 relative=0x00000000000002a8
Event: 3.205 Thread 0x000001facaf4fff0 Uncommon trap: reason=bimorphic_or_optimized_type_check action=maybe_recompile pc=0x000001fada1fc3e8 method=java.util.HashMap.getNode(Ljava/lang/Object;)Ljava/util/HashMap$Node; @ 128 c2
Event: 3.205 Thread 0x000001facaf4fff0 DEOPT PACKING pc=0x000001fada1fc3e8 sp=0x00000031b6efdbe0
Event: 3.205 Thread 0x000001facaf4fff0 DEOPT UNPACKING pc=0x000001fad271d72e sp=0x00000031b6efdb48 mode 2
Event: 3.205 Thread 0x000001facaf4fff0 Uncommon trap: trap_request=0xffffffde fr.pc=0x000001fada1ef430 relative=0x00000000000009b0
Event: 3.205 Thread 0x000001facaf4fff0 Uncommon trap: reason=class_check action=maybe_recompile pc=0x000001fada1ef430 method=java.util.HashMap.putVal(ILjava/lang/Object;Ljava/lang/Object;ZZ)Ljava/lang/Object; @ 203 c2
Event: 3.205 Thread 0x000001facaf4fff0 DEOPT PACKING pc=0x000001fada1ef430 sp=0x00000031b6efdb70
Event: 3.205 Thread 0x000001facaf4fff0 DEOPT UNPACKING pc=0x000001fad271d72e sp=0x00000031b6efdb10 mode 2
Event: 3.209 Thread 0x000001facaf4fff0 Uncommon trap: trap_request=0xffffffc6 fr.pc=0x000001fada1fc3e8 relative=0x00000000000002a8
Event: 3.209 Thread 0x000001facaf4fff0 Uncommon trap: reason=bimorphic_or_optimized_type_check action=maybe_recompile pc=0x000001fada1fc3e8 method=java.util.HashMap.getNode(Ljava/lang/Object;)Ljava/util/HashMap$Node; @ 128 c2
Event: 3.209 Thread 0x000001facaf4fff0 DEOPT PACKING pc=0x000001fada1fc3e8 sp=0x00000031b6efdbe0
Event: 3.209 Thread 0x000001facaf4fff0 DEOPT UNPACKING pc=0x000001fad271d72e sp=0x00000031b6efdb48 mode 2
Event: 3.209 Thread 0x000001facaf4fff0 Uncommon trap: trap_request=0xffffffde fr.pc=0x000001fada1ef430 relative=0x00000000000009b0
Event: 3.209 Thread 0x000001facaf4fff0 Uncommon trap: reason=class_check action=maybe_recompile pc=0x000001fada1ef430 method=java.util.HashMap.putVal(ILjava/lang/Object;Ljava/lang/Object;ZZ)Ljava/lang/Object; @ 203 c2
Event: 3.209 Thread 0x000001facaf4fff0 DEOPT PACKING pc=0x000001fada1ef430 sp=0x00000031b6efdb70
Event: 3.209 Thread 0x000001facaf4fff0 DEOPT UNPACKING pc=0x000001fad271d72e sp=0x00000031b6efdb10 mode 2

Classes unloaded (0 events):
No events

Classes redefined (0 events):
No events

Internal exceptions (2 events):
Event: 1.107 Thread 0x000001facaf4fff0 Exception <a 'java/lang/NoSuchMethodError'{0x00000000c4ec2190}: 'void java.lang.invoke.DirectMethodHandle$Holder.invokeSpecial(java.lang.Object, java.lang.Object, java.lang.Object)'> (0x00000000c4ec2190) 
thrown [t:\workspace\open\src\hotspot\share\interpreter\linkResolver.cpp, line 790]
Event: 1.948 Thread 0x000001facaf4fff0 Exception <a 'java/lang/NoSuchMethodError'{0x00000000c553e2d8}: 'java.lang.Object java.lang.invoke.DirectMethodHandle$Holder.newInvokeSpecial(java.lang.Object, java.lang.Object, java.lang.Object, java.lang.Object, java.lang.Object)'> (0x00000000c553e2d8) 
thrown [t:\workspace\open\src\hotspot\share\interpreter\linkResolver.cpp, line 790]

Events (20 events):
Event: 2.927 loading class jdk/internal/reflect/ClassFileAssembler
Event: 2.928 loading class jdk/internal/reflect/ClassFileAssembler done
Event: 2.928 loading class jdk/internal/reflect/UTF8
Event: 2.928 loading class jdk/internal/reflect/UTF8 done
Event: 2.930 loading class jdk/internal/reflect/Label
Event: 2.930 loading class jdk/internal/reflect/Label done
Event: 2.930 loading class jdk/internal/reflect/Label$PatchInfo
Event: 2.930 loading class jdk/internal/reflect/Label$PatchInfo done
Event: 2.931 loading class jdk/internal/reflect/MethodAccessorGenerator$1
Event: 2.931 loading class jdk/internal/reflect/MethodAccessorGenerator$1 done
Event: 2.931 loading class jdk/internal/reflect/ClassDefiner
Event: 2.931 loading class jdk/internal/reflect/ClassDefiner done
Event: 2.931 loading class jdk/internal/reflect/ClassDefiner$1
Event: 2.931 loading class jdk/internal/reflect/ClassDefiner$1 done
Event: 2.931 loading class jdk/internal/reflect/BootstrapConstructorAccessorImpl
Event: 2.931 loading class jdk/internal/reflect/BootstrapConstructorAccessorImpl done
Event: 3.228 loading class java/lang/NumberFormatException
Event: 3.228 loading class java/lang/NumberFormatException done
Event: 3.228 Executing  VM operation: HandshakeAllThreads
Event: 3.228 Executing  VM operation: HandshakeAllThreads done


Dynamic libraries:
0x00007ff7a5d20000 - 0x00007ff7a5d30000 	C:\Program Files\Java\jdk-16.0.2\bin\java.exe
0x00007ffdb5eb0000 - 0x00007ffdb60a5000 	C:\WINDOWS\SYSTEM32\ntdll.dll
0x00007ffdb5b50000 - 0x00007ffdb5c0e000 	C:\WINDOWS\System32\KERNEL32.DLL
0x00007ffdb3700000 - 0x00007ffdb39c9000 	C:\WINDOWS\System32\KERNELBASE.dll
0x00007ffdb35d0000 - 0x00007ffdb36d0000 	C:\WINDOWS\System32\ucrtbase.dll
0x00007ffda8e80000 - 0x00007ffda8e99000 	C:\Program Files\Java\jdk-16.0.2\bin\VCRUNTIME140.dll
0x00007ffd9c8d0000 - 0x00007ffd9c8e8000 	C:\Program Files\Java\jdk-16.0.2\bin\jli.dll
0x00007ffdb4950000 - 0x00007ffdb49fc000 	C:\WINDOWS\System32\ADVAPI32.dll
0x00007ffdb5280000 - 0x00007ffdb531e000 	C:\WINDOWS\System32\msvcrt.dll
0x00007ffdb4030000 - 0x00007ffdb40cb000 	C:\WINDOWS\System32\sechost.dll
0x00007ffdb3f00000 - 0x00007ffdb402a000 	C:\WINDOWS\System32\RPCRT4.dll
0x00007ffdb5c10000 - 0x00007ffdb5db1000 	C:\WINDOWS\System32\USER32.dll
0x00007ffdb36d0000 - 0x00007ffdb36f2000 	C:\WINDOWS\System32\win32u.dll
0x00007ffdb5e40000 - 0x00007ffdb5e6b000 	C:\WINDOWS\System32\GDI32.dll
0x00007ffdb3d40000 - 0x00007ffdb3e4b000 	C:\WINDOWS\System32\gdi32full.dll
0x00007ffdb3bf0000 - 0x00007ffdb3c8d000 	C:\WINDOWS\System32\msvcp_win.dll
0x00007ffd993a0000 - 0x00007ffd9963a000 	C:\WINDOWS\WinSxS\amd64_microsoft.windows.common-controls_6595b64144ccf1df_6.0.19041.1110_none_60b5254171f9507e\COMCTL32.dll
0x00007ffda9520000 - 0x00007ffda952a000 	C:\WINDOWS\SYSTEM32\VERSION.dll
0x00007ffdb4250000 - 0x00007ffdb4280000 	C:\WINDOWS\System32\IMM32.DLL
0x00007ffdabc00000 - 0x00007ffdabc0c000 	C:\Program Files\Java\jdk-16.0.2\bin\vcruntime140_1.dll
0x00007ffda8c90000 - 0x00007ffda8d21000 	C:\Program Files\Java\jdk-16.0.2\bin\msvcp140.dll
0x00007ffd73c00000 - 0x00007ffd747ab000 	C:\Program Files\Java\jdk-16.0.2\bin\server\jvm.dll
0x00007ffdb4290000 - 0x00007ffdb4298000 	C:\WINDOWS\System32\PSAPI.DLL
0x00007ffdabc60000 - 0x00007ffdabc69000 	C:\WINDOWS\SYSTEM32\WSOCK32.dll
0x00007ffdb46c0000 - 0x00007ffdb472b000 	C:\WINDOWS\System32\WS2_32.dll
0x00007ffd9b760000 - 0x00007ffd9b787000 	C:\WINDOWS\SYSTEM32\WINMM.dll
0x00007ffdb1e40000 - 0x00007ffdb1e52000 	C:\WINDOWS\SYSTEM32\kernel.appcore.dll
0x00007ffdab650000 - 0x00007ffdab65a000 	C:\Program Files\Java\jdk-16.0.2\bin\jimage.dll
0x00007ffdae1f0000 - 0x00007ffdae3d4000 	C:\WINDOWS\SYSTEM32\DBGHELP.DLL
0x00007ffd9a210000 - 0x00007ffd9a23c000 	C:\WINDOWS\SYSTEM32\dbgcore.DLL
0x00007ffdb3b60000 - 0x00007ffdb3be3000 	C:\WINDOWS\System32\bcryptPrimitives.dll
0x00007ffda8d90000 - 0x00007ffda8db5000 	C:\Program Files\Java\jdk-16.0.2\bin\java.dll
0x00007ffdb5320000 - 0x00007ffdb5a5f000 	C:\WINDOWS\System32\SHELL32.dll
0x00007ffdb16b0000 - 0x00007ffdb1e40000 	C:\WINDOWS\SYSTEM32\windows.storage.dll
0x00007ffdb4360000 - 0x00007ffdb46b5000 	C:\WINDOWS\System32\combase.dll
0x00007ffdb2fb0000 - 0x00007ffdb2fdc000 	C:\WINDOWS\SYSTEM32\Wldp.dll
0x00007ffdb4ba0000 - 0x00007ffdb4c4e000 	C:\WINDOWS\System32\SHCORE.dll
0x00007ffdb42a0000 - 0x00007ffdb42f5000 	C:\WINDOWS\System32\shlwapi.dll
0x00007ffdb3510000 - 0x00007ffdb352f000 	C:\WINDOWS\SYSTEM32\profapi.dll
0x00007ffda8d70000 - 0x00007ffda8d89000 	C:\Program Files\Java\jdk-16.0.2\bin\net.dll
0x00007ffda42c0000 - 0x00007ffda43c8000 	C:\WINDOWS\SYSTEM32\WINHTTP.dll
0x00007ffdb2cb0000 - 0x00007ffdb2d1a000 	C:\WINDOWS\system32\mswsock.dll
0x00007ffda8d50000 - 0x00007ffda8d63000 	C:\Program Files\Java\jdk-16.0.2\bin\nio.dll
0x00007ffda8d30000 - 0x00007ffda8d48000 	C:\Program Files\Java\jdk-16.0.2\bin\zip.dll
0x00007ffdaabd0000 - 0x00007ffdaabe0000 	C:\Program Files\Java\jdk-16.0.2\bin\verify.dll
0x00007ffd9e360000 - 0x00007ffd9e36a000 	C:\Program Files\NetBeans-12.5\netbeans\java\maven\lib\jansi-native\windows64\jansi.dll

dbghelp: loaded successfully - version: 4.0.5 - missing functions: none
symbol engine: initialized successfully - sym options: 0x614 - pdb path: .;C:\Program Files\Java\jdk-16.0.2\bin;C:\WINDOWS\SYSTEM32;C:\WINDOWS\WinSxS\amd64_microsoft.windows.common-controls_6595b64144ccf1df_6.0.19041.1110_none_60b5254171f9507e;C:\Program Files\Java\jdk-16.0.2\bin\server;C:\Program Files\NetBeans-12.5\netbeans\java\maven\lib\jansi-native\windows64

VM Arguments:
jvm_args: -Dclassworlds.conf=C:\Program Files\NetBeans-12.5\netbeans\java\maven\bin\..\bin\m2.conf -Dmaven.home=C:\Program Files\NetBeans-12.5\netbeans\java\maven\bin\.. -Dlibrary.jansi.path=C:\Program Files\NetBeans-12.5\netbeans\java\maven\bin\..\lib\jansi-native -Dmaven.multiModuleProjectDirectory=C:\Users\dell\Documents\NetBeansProjects\po\projetoN2 
java_command: org.codehaus.plexus.classworlds.launcher.Launcher -Dexec.vmArgs= -Dexec.args=${exec.vmArgs} -classpath %classpath ${exec.mainClass} ${exec.appArgs} -Dexec.executable=C:\Program Files\Java\jdk-16.0.2\bin\java.exe -Dexec.mainClass=view.Tabela -Dexec.classpathScope=runtime -Dexec.appArgs= -Dmaven.ext.class.path=C:\Program Files\NetBeans-12.5\netbeans\java\maven-nblib\netbeans-eventspy.jar -Dfile.encoding=UTF-8 org.codehaus.mojo:exec-maven-plugin:3.0.0:exec
java_class_path (initial): C:\Program Files\NetBeans-12.5\netbeans\java\maven\bin\..\boot\plexus-classworlds-2.6.0.jar
Launcher Type: SUN_STANDARD

[Global flags]
     intx CICompilerCount                          = 3                                         {product} {ergonomic}
     uint ConcGCThreads                            = 1                                         {product} {ergonomic}
     uint G1ConcRefinementThreads                  = 4                                         {product} {ergonomic}
   size_t G1HeapRegionSize                         = 1048576                                   {product} {ergonomic}
    uintx GCDrainStackTargetSize                   = 64                                        {product} {ergonomic}
   size_t InitialHeapSize                          = 67108864                                  {product} {ergonomic}
   size_t MarkStackSize                            = 4194304                                   {product} {ergonomic}
   size_t MaxHeapSize                              = 1048576000                                {product} {ergonomic}
   size_t MaxNewSize                               = 629145600                                 {product} {ergonomic}
   size_t MinHeapDeltaBytes                        = 1048576                                   {product} {ergonomic}
   size_t MinHeapSize                              = 8388608                                   {product} {ergonomic}
    uintx NonNMethodCodeHeapSize                   = 5832780                                {pd product} {ergonomic}
    uintx NonProfiledCodeHeapSize                  = 122912730                              {pd product} {ergonomic}
    uintx ProfiledCodeHeapSize                     = 122912730                              {pd product} {ergonomic}
    uintx ReservedCodeCacheSize                    = 251658240                              {pd product} {ergonomic}
     bool SegmentedCodeCache                       = true                                      {product} {ergonomic}
   size_t SoftMaxHeapSize                          = 1048576000                             {manageable} {ergonomic}
     bool UseCompressedClassPointers               = true                           {product lp64_product} {ergonomic}
     bool UseCompressedOops                        = true                           {product lp64_product} {ergonomic}
     bool UseG1GC                                  = true                                      {product} {ergonomic}
     bool UseLargePagesIndividualAllocation        = false                                  {pd product} {ergonomic}

Logging:
Log output configuration:
 #0: stdout all=warning uptime,level,tags
 #1: stderr all=off uptime,level,tags

Environment Variables:
JAVA_HOME=C:\Program Files\Java\jdk-16.0.2
PATH=C:\Program Files\Common Files\Oracle\Java\javapath;C:\Program Files (x86)\Common Files\Oracle\Java\javapath;C:\Program Files\AdoptOpenJDK\jdk-14.0.2.12-hotspot\bin;C:\WINDOWS\system32;C:\WINDOWS;C:\WINDOWS\System32\Wbem;C:\WINDOWS\System32\WindowsPowerShell\v1.0\;C:\WINDOWS\System32\OpenSSH\;C:\Program Files\nodejs\;C:\Program Files (x86)\Intel\Intel(R) Management Engine Components\DAL;C:\Program Files\Intel\Intel(R) Management Engine Components\DAL;C:\MinGW\bin;C:\Program Files\Java\jdk-15.0.2\bin;C:\Program Files\Git\cmd;C:\Program Files\Apache\maven\apache-maven-3.8.3\bin;C:\Program Files\MySQL\MySQL Shell 8.0\bin\;C:\Users\dell\AppData\Local\Microsoft\WindowsApps;C:\Users\dell\AppData\Roaming\npm;C:\MinGW\bin;;C:\Program Files\JetBrains\IntelliJ IDEA Community Edition 2021.2\bin;;C:\Users\dell\AppData\Local\Programs\mongosh\
USERNAME=dell
OS=Windows_NT
PROCESSOR_IDENTIFIER=Intel64 Family 6 Model 142 Stepping 9, GenuineIntel



---------------  S Y S T E M  ---------------

OS:
 Windows 10 , 64 bit Build 19041 (10.0.19041.1202)
OS uptime: 0 days 8:39 hours

CPU: total 4 (initial active 4) (2 cores per cpu, 2 threads per core) family 6 model 142 stepping 9 microcode 0xea, cx8, cmov, fxsr, ht, mmx, 3dnowpref, sse, sse2, sse3, ssse3, sse4.1, sse4.2, popcnt, lzcnt, tsc, tscinvbit, avx, avx2, aes, erms, clmul, bmi1, bmi2, adx, fma, vzeroupper, clflush, clflushopt

Memory: 4k page, system-wide physical 3996M (412M free)
TotalPageFile size 5391M (AvailPageFile size 5M)
current process WorkingSet (physical memory assigned to process): 71M, peak: 71M
current process commit charge ("private bytes"): 152M, peak: 153M

vm_info: Java HotSpot(TM) 64-Bit Server VM (16.0.2+7-67) for windows-amd64 JRE (16.0.2+7-67), built on Jun  8 2021 23:24:19 by "mach5one" with MS VC++ 16.7 (VS2019)

END.
