#
# There is insufficient memory for the Java Runtime Environment to continue.
# Native memory allocation (malloc) failed to allocate 419072 bytes for Chunk::new
# Possible reasons:
#   The system is out of physical RAM or swap space
#   The process is running with CompressedOops enabled, and the Java Heap may be blocking the growth of the native heap
# Possible solutions:
#   Reduce memory load on the system
#   Increase physical memory or swap space
#   Check if swap backing store is full
#   Decrease Java heap size (-Xmx/-Xms)
#   Decrease number of Java threads
#   Decrease Java thread stack sizes (-Xss)
#   Set larger code cache with -XX:ReservedCodeCacheSize=
#   JVM is running with Unscaled Compressed Oops mode in which the Java heap is
#     placed in the first 4GB address space. The Java Heap base address is the
#     maximum limit for the native heap growth. Please use -XX:HeapBaseMinAddress
#     to set the Java Heap base and to place the Java Heap above 4GB virtual address.
# This output file may be truncated or incomplete.
#
#  Out of Memory Error (arena.cpp:195), pid=3376, tid=9336
#
# JRE version: Java(TM) SE Runtime Environment (16.0.2+7) (build 16.0.2+7-67)
# Java VM: Java HotSpot(TM) 64-Bit Server VM (16.0.2+7-67, mixed mode, sharing, tiered, compressed oops, compressed class ptrs, g1 gc, windows-amd64)
# No core dump will be written. Minidumps are not enabled by default on client versions of Windows
#

---------------  S U M M A R Y ------------

Command Line: -Dclassworlds.conf=C:\Program Files\NetBeans-12.5\netbeans\java\maven\bin\..\bin\m2.conf -Dmaven.home=C:\Program Files\NetBeans-12.5\netbeans\java\maven\bin\.. -Dlibrary.jansi.path=C:\Program Files\NetBeans-12.5\netbeans\java\maven\bin\..\lib\jansi-native -Dmaven.multiModuleProjectDirectory=C:\Users\dell\Documents\NetBeansProjects\po\projetoN2 org.codehaus.plexus.classworlds.launcher.Launcher -Dexec.vmArgs= -Dexec.args=${exec.vmArgs} -classpath %classpath ${exec.mainClass} ${exec.appArgs} -Dexec.executable=C:\Program Files\Java\jdk-16.0.2\bin\java.exe -Dexec.mainClass=view.Tabela -Dexec.classpathScope=runtime -Dexec.appArgs= -Dmaven.ext.class.path=C:\Program Files\NetBeans-12.5\netbeans\java\maven-nblib\netbeans-eventspy.jar -Dfile.encoding=UTF-8 org.codehaus.mojo:exec-maven-plugin:3.0.0:exec

Host: Intel(R) Core(TM) i3-7020U CPU @ 2.30GHz, 4 cores, 3G,  Windows 10 , 64 bit Build 19041 (10.0.19041.1202)
Time: Fri Oct 15 13:16:57 2021 Hora oficial do Brasil elapsed time: 2.050782 seconds (0d 0h 0m 2s)

---------------  T H R E A D  ---------------

Current thread (0x000001cd778883e0):  JavaThread "C2 CompilerThread1" daemon [_thread_in_native, id=9336, stack(0x0000001ba5200000,0x0000001ba5300000)]


Current CompileTask:
C2:   2050 1333       4       java.util.jar.JarFile::getJarEntry (9 bytes)

Stack: [0x0000001ba5200000,0x0000001ba5300000]
Native frames: (J=compiled Java code, j=interpreted, Vv=VM code, C=native code)
V  [jvm.dll+0x6681ca]
V  [jvm.dll+0x7c9e69]
V  [jvm.dll+0x7cb61e]
V  [jvm.dll+0x7cbc73]
V  [jvm.dll+0x242c55]
V  [jvm.dll+0xadeba]
V  [jvm.dll+0xae45c]
V  [jvm.dll+0x35a8d7]
V  [jvm.dll+0x324de1]
V  [jvm.dll+0x32428a]
V  [jvm.dll+0x215cec]
V  [jvm.dll+0x215100]
V  [jvm.dll+0x1a1beb]
V  [jvm.dll+0x225158]
V  [jvm.dll+0x22319c]
V  [jvm.dll+0x77fa62]
V  [jvm.dll+0x7795aa]
V  [jvm.dll+0x667066]
C  [ucrtbase.dll+0x21bb2]
C  [KERNEL32.DLL+0x17034]
C  [ntdll.dll+0x52651]


---------------  P R O C E S S  ---------------

Threads class SMR info:
_java_thread_list=0x000001cd777e6130, length=13, elements={
0x000001cd5b280740, 0x000001cd7636b960, 0x000001cd7636c730, 0x000001cd7637e030,
0x000001cd7637ea40, 0x000001cd7637f550, 0x000001cd76384e90, 0x000001cd76389080,
0x000001cd76391a90, 0x000001cd7639e000, 0x000001cd77061300, 0x000001cd77064550,
0x000001cd778883e0
}

Java Threads: ( => current thread )
  0x000001cd5b280740 JavaThread "main" [_thread_in_vm, id=820, stack(0x0000001ba3c00000,0x0000001ba3d00000)]
  0x000001cd7636b960 JavaThread "Reference Handler" daemon [_thread_blocked, id=5180, stack(0x0000001ba4300000,0x0000001ba4400000)]
  0x000001cd7636c730 JavaThread "Finalizer" daemon [_thread_blocked, id=8460, stack(0x0000001ba4400000,0x0000001ba4500000)]
  0x000001cd7637e030 JavaThread "Signal Dispatcher" daemon [_thread_blocked, id=10800, stack(0x0000001ba4500000,0x0000001ba4600000)]
  0x000001cd7637ea40 JavaThread "Attach Listener" daemon [_thread_blocked, id=10184, stack(0x0000001ba4600000,0x0000001ba4700000)]
  0x000001cd7637f550 JavaThread "Service Thread" daemon [_thread_blocked, id=8180, stack(0x0000001ba4700000,0x0000001ba4800000)]
  0x000001cd76384e90 JavaThread "Monitor Deflation Thread" daemon [_thread_blocked, id=6796, stack(0x0000001ba4800000,0x0000001ba4900000)]
  0x000001cd76389080 JavaThread "C2 CompilerThread0" daemon [_thread_in_native, id=5176, stack(0x0000001ba4900000,0x0000001ba4a00000)]
  0x000001cd76391a90 JavaThread "C1 CompilerThread0" daemon [_thread_blocked, id=9816, stack(0x0000001ba4a00000,0x0000001ba4b00000)]
  0x000001cd7639e000 JavaThread "Sweeper thread" daemon [_thread_blocked, id=9512, stack(0x0000001ba4b00000,0x0000001ba4c00000)]
  0x000001cd77061300 JavaThread "Notification Thread" daemon [_thread_blocked, id=10356, stack(0x0000001ba4c00000,0x0000001ba4d00000)]
  0x000001cd77064550 JavaThread "Common-Cleaner" daemon [_thread_blocked, id=2484, stack(0x0000001ba4e00000,0x0000001ba4f00000)]
=>0x000001cd778883e0 JavaThread "C2 CompilerThread1" daemon [_thread_in_native, id=9336, stack(0x0000001ba5200000,0x0000001ba5300000)]

Other Threads:
  0x000001cd76366f10 VMThread "VM Thread" [stack: 0x0000001ba4200000,0x0000001ba4300000] [id=10676]
  0x000001cd77061a30 WatcherThread [stack: 0x0000001ba4d00000,0x0000001ba4e00000] [id=9028]
  0x000001cd5b2ae9e0 GCTaskThread "GC Thread#0" [stack: 0x0000001ba3d00000,0x0000001ba3e00000] [id=4572]
  0x000001cd775739d0 GCTaskThread "GC Thread#1" [stack: 0x0000001ba4f00000,0x0000001ba5000000] [id=3792]
  0x000001cd7786fa20 GCTaskThread "GC Thread#2" [stack: 0x0000001ba5000000,0x0000001ba5100000] [id=2664]
  0x000001cd7786b1a0 GCTaskThread "GC Thread#3" [stack: 0x0000001ba5100000,0x0000001ba5200000] [id=4700]
  0x000001cd5b2b7630 ConcurrentGCThread "G1 Main Marker" [stack: 0x0000001ba3e00000,0x0000001ba3f00000] [id=9888]
  0x000001cd5b2b8750 ConcurrentGCThread "G1 Conc#0" [stack: 0x0000001ba3f00000,0x0000001ba4000000] [id=6388]
  0x000001cd5b307390 ConcurrentGCThread "G1 Refine#0" [stack: 0x0000001ba4000000,0x0000001ba4100000] [id=3048]
  0x000001cd5b307d20 ConcurrentGCThread "G1 Service" [stack: 0x0000001ba4100000,0x0000001ba4200000] [id=5688]

Threads with active compile tasks:
C2 CompilerThread0     2101 1335   !   4       jdk.internal.loader.URLClassPath$JarLoader::getResource (65 bytes)
C2 CompilerThread1     2102 1333       4       java.util.jar.JarFile::getJarEntry (9 bytes)

VM state: not at safepoint (normal execution)

VM Mutex/Monitor currently owned by a thread:  ([mutex/lock_event])
[0x000001cd5920d150] MetaspaceExpand_lock - owner thread: 0x000001cd5b280740

Heap address: 0x00000000c1800000, size: 1000 MB, Compressed Oops mode: 32-bit

CDS archive(s) mapped at: [0x0000000800000000-0x0000000800bb0000-0x0000000800bb0000), size 12255232, SharedBaseAddress: 0x0000000800000000, ArchiveRelocationMode: 0.
Compressed class space mapped at: 0x0000000800c00000-0x0000000840c00000, reserved size: 1073741824
Narrow klass base: 0x0000000800000000, Narrow klass shift: 3, Narrow klass range: 0x100000000

GC Precious Log:
 CPUs: 4 total, 4 available
 Memory: 3996M
 Large Page Support: Disabled
 NUMA Support: Disabled
 Compressed Oops: Enabled (32-bit)
 Heap Region Size: 1M
 Heap Min Capacity: 8M
 Heap Initial Capacity: 64M
 Heap Max Capacity: 1000M
 Pre-touch: Disabled
 Parallel Workers: 4
 Concurrent Workers: 1
 Concurrent Refinement Workers: 4
 Periodic GC: Disabled

Heap:
 garbage-first heap   total 65536K, used 12922K [0x00000000c1800000, 0x0000000100000000)
  region size 1024K, 12 young (12288K), 1 survivors (1024K)
 Metaspace       used 6431K, committed 6528K, reserved 1056768K
  class space    used 723K, committed 768K, reserved 1048576K

Heap Regions: E=young(eden), S=young(survivor), O=old, HS=humongous(starts), HC=humongous(continues), CS=collection set, F=free, OA=open archive, CA=closed archive, TAMS=top-at-mark-start (previous, next)
|   0|0x00000000c1800000, 0x00000000c1900000, 0x00000000c1900000|100%| O|  |TAMS 0x00000000c1800000, 0x00000000c1800000| Untracked 
|   1|0x00000000c1900000, 0x00000000c1a00000, 0x00000000c1a00000|100%| O|  |TAMS 0x00000000c1900000, 0x00000000c1900000| Untracked 
|   2|0x00000000c1a00000, 0x00000000c1b00000, 0x00000000c1b00000|100%| O|  |TAMS 0x00000000c1a00000, 0x00000000c1a00000| Untracked 
|   3|0x00000000c1b00000, 0x00000000c1b19600, 0x00000000c1c00000|  9%| O|  |TAMS 0x00000000c1b00000, 0x00000000c1b00000| Untracked 
|   4|0x00000000c1c00000, 0x00000000c1c00000, 0x00000000c1d00000|  0%| F|  |TAMS 0x00000000c1c00000, 0x00000000c1c00000| Untracked 
|   5|0x00000000c1d00000, 0x00000000c1d00000, 0x00000000c1e00000|  0%| F|  |TAMS 0x00000000c1d00000, 0x00000000c1d00000| Untracked 
|   6|0x00000000c1e00000, 0x00000000c1e00000, 0x00000000c1f00000|  0%| F|  |TAMS 0x00000000c1e00000, 0x00000000c1e00000| Untracked 
|   7|0x00000000c1f00000, 0x00000000c1f00000, 0x00000000c2000000|  0%| F|  |TAMS 0x00000000c1f00000, 0x00000000c1f00000| Untracked 
|   8|0x00000000c2000000, 0x00000000c2000000, 0x00000000c2100000|  0%| F|  |TAMS 0x00000000c2000000, 0x00000000c2000000| Untracked 
|   9|0x00000000c2100000, 0x00000000c2100000, 0x00000000c2200000|  0%| F|  |TAMS 0x00000000c2100000, 0x00000000c2100000| Untracked 
|  10|0x00000000c2200000, 0x00000000c2200000, 0x00000000c2300000|  0%| F|  |TAMS 0x00000000c2200000, 0x00000000c2200000| Untracked 
|  11|0x00000000c2300000, 0x00000000c2300000, 0x00000000c2400000|  0%| F|  |TAMS 0x00000000c2300000, 0x00000000c2300000| Untracked 
|  12|0x00000000c2400000, 0x00000000c2400000, 0x00000000c2500000|  0%| F|  |TAMS 0x00000000c2400000, 0x00000000c2400000| Untracked 
|  13|0x00000000c2500000, 0x00000000c2500000, 0x00000000c2600000|  0%| F|  |TAMS 0x00000000c2500000, 0x00000000c2500000| Untracked 
|  14|0x00000000c2600000, 0x00000000c2600000, 0x00000000c2700000|  0%| F|  |TAMS 0x00000000c2600000, 0x00000000c2600000| Untracked 
|  15|0x00000000c2700000, 0x00000000c2700000, 0x00000000c2800000|  0%| F|  |TAMS 0x00000000c2700000, 0x00000000c2700000| Untracked 
|  16|0x00000000c2800000, 0x00000000c2800000, 0x00000000c2900000|  0%| F|  |TAMS 0x00000000c2800000, 0x00000000c2800000| Untracked 
|  17|0x00000000c2900000, 0x00000000c2900000, 0x00000000c2a00000|  0%| F|  |TAMS 0x00000000c2900000, 0x00000000c2900000| Untracked 
|  18|0x00000000c2a00000, 0x00000000c2a00000, 0x00000000c2b00000|  0%| F|  |TAMS 0x00000000c2a00000, 0x00000000c2a00000| Untracked 
|  19|0x00000000c2b00000, 0x00000000c2b00000, 0x00000000c2c00000|  0%| F|  |TAMS 0x00000000c2b00000, 0x00000000c2b00000| Untracked 
|  20|0x00000000c2c00000, 0x00000000c2c00000, 0x00000000c2d00000|  0%| F|  |TAMS 0x00000000c2c00000, 0x00000000c2c00000| Untracked 
|  21|0x00000000c2d00000, 0x00000000c2d00000, 0x00000000c2e00000|  0%| F|  |TAMS 0x00000000c2d00000, 0x00000000c2d00000| Untracked 
|  22|0x00000000c2e00000, 0x00000000c2e00000, 0x00000000c2f00000|  0%| F|  |TAMS 0x00000000c2e00000, 0x00000000c2e00000| Untracked 
|  23|0x00000000c2f00000, 0x00000000c2f00000, 0x00000000c3000000|  0%| F|  |TAMS 0x00000000c2f00000, 0x00000000c2f00000| Untracked 
|  24|0x00000000c3000000, 0x00000000c3000000, 0x00000000c3100000|  0%| F|  |TAMS 0x00000000c3000000, 0x00000000c3000000| Untracked 
|  25|0x00000000c3100000, 0x00000000c3100000, 0x00000000c3200000|  0%| F|  |TAMS 0x00000000c3100000, 0x00000000c3100000| Untracked 
|  26|0x00000000c3200000, 0x00000000c3200000, 0x00000000c3300000|  0%| F|  |TAMS 0x00000000c3200000, 0x00000000c3200000| Untracked 
|  27|0x00000000c3300000, 0x00000000c3300000, 0x00000000c3400000|  0%| F|  |TAMS 0x00000000c3300000, 0x00000000c3300000| Untracked 
|  28|0x00000000c3400000, 0x00000000c3400000, 0x00000000c3500000|  0%| F|  |TAMS 0x00000000c3400000, 0x00000000c3400000| Untracked 
|  29|0x00000000c3500000, 0x00000000c3500000, 0x00000000c3600000|  0%| F|  |TAMS 0x00000000c3500000, 0x00000000c3500000| Untracked 
|  30|0x00000000c3600000, 0x00000000c3600000, 0x00000000c3700000|  0%| F|  |TAMS 0x00000000c3600000, 0x00000000c3600000| Untracked 
|  31|0x00000000c3700000, 0x00000000c3700000, 0x00000000c3800000|  0%| F|  |TAMS 0x00000000c3700000, 0x00000000c3700000| Untracked 
|  32|0x00000000c3800000, 0x00000000c3800000, 0x00000000c3900000|  0%| F|  |TAMS 0x00000000c3800000, 0x00000000c3800000| Untracked 
|  33|0x00000000c3900000, 0x00000000c3900000, 0x00000000c3a00000|  0%| F|  |TAMS 0x00000000c3900000, 0x00000000c3900000| Untracked 
|  34|0x00000000c3a00000, 0x00000000c3a00000, 0x00000000c3b00000|  0%| F|  |TAMS 0x00000000c3a00000, 0x00000000c3a00000| Untracked 
|  35|0x00000000c3b00000, 0x00000000c3b00000, 0x00000000c3c00000|  0%| F|  |TAMS 0x00000000c3b00000, 0x00000000c3b00000| Untracked 
|  36|0x00000000c3c00000, 0x00000000c3c00000, 0x00000000c3d00000|  0%| F|  |TAMS 0x00000000c3c00000, 0x00000000c3c00000| Untracked 
|  37|0x00000000c3d00000, 0x00000000c3d00000, 0x00000000c3e00000|  0%| F|  |TAMS 0x00000000c3d00000, 0x00000000c3d00000| Untracked 
|  38|0x00000000c3e00000, 0x00000000c3e00000, 0x00000000c3f00000|  0%| F|  |TAMS 0x00000000c3e00000, 0x00000000c3e00000| Untracked 
|  39|0x00000000c3f00000, 0x00000000c3f00000, 0x00000000c4000000|  0%| F|  |TAMS 0x00000000c3f00000, 0x00000000c3f00000| Untracked 
|  40|0x00000000c4000000, 0x00000000c4000000, 0x00000000c4100000|  0%| F|  |TAMS 0x00000000c4000000, 0x00000000c4000000| Untracked 
|  41|0x00000000c4100000, 0x00000000c4100000, 0x00000000c4200000|  0%| F|  |TAMS 0x00000000c4100000, 0x00000000c4100000| Untracked 
|  42|0x00000000c4200000, 0x00000000c4200000, 0x00000000c4300000|  0%| F|  |TAMS 0x00000000c4200000, 0x00000000c4200000| Untracked 
|  43|0x00000000c4300000, 0x00000000c4300000, 0x00000000c4400000|  0%| F|  |TAMS 0x00000000c4300000, 0x00000000c4300000| Untracked 
|  44|0x00000000c4400000, 0x00000000c4400000, 0x00000000c4500000|  0%| F|  |TAMS 0x00000000c4400000, 0x00000000c4400000| Untracked 
|  45|0x00000000c4500000, 0x00000000c4500000, 0x00000000c4600000|  0%| F|  |TAMS 0x00000000c4500000, 0x00000000c4500000| Untracked 
|  46|0x00000000c4600000, 0x00000000c4600000, 0x00000000c4700000|  0%| F|  |TAMS 0x00000000c4600000, 0x00000000c4600000| Untracked 
|  47|0x00000000c4700000, 0x00000000c4700000, 0x00000000c4800000|  0%| F|  |TAMS 0x00000000c4700000, 0x00000000c4700000| Untracked 
|  48|0x00000000c4800000, 0x00000000c4885200, 0x00000000c4900000| 52%| S|CS|TAMS 0x00000000c4800000, 0x00000000c4800000| Complete 
|  49|0x00000000c4900000, 0x00000000c4900000, 0x00000000c4a00000|  0%| F|  |TAMS 0x00000000c4900000, 0x00000000c4900000| Untracked 
|  50|0x00000000c4a00000, 0x00000000c4a00000, 0x00000000c4b00000|  0%| F|  |TAMS 0x00000000c4a00000, 0x00000000c4a00000| Untracked 
|  51|0x00000000c4b00000, 0x00000000c4b00000, 0x00000000c4c00000|  0%| F|  |TAMS 0x00000000c4b00000, 0x00000000c4b00000| Untracked 
|  52|0x00000000c4c00000, 0x00000000c4c00000, 0x00000000c4d00000|  0%| F|  |TAMS 0x00000000c4c00000, 0x00000000c4c00000| Untracked 
|  53|0x00000000c4d00000, 0x00000000c4dfb478, 0x00000000c4e00000| 98%| E|  |TAMS 0x00000000c4d00000, 0x00000000c4d00000| Complete 
|  54|0x00000000c4e00000, 0x00000000c4f00000, 0x00000000c4f00000|100%| E|CS|TAMS 0x00000000c4e00000, 0x00000000c4e00000| Complete 
|  55|0x00000000c4f00000, 0x00000000c5000000, 0x00000000c5000000|100%| E|CS|TAMS 0x00000000c4f00000, 0x00000000c4f00000| Complete 
|  56|0x00000000c5000000, 0x00000000c5100000, 0x00000000c5100000|100%| E|  |TAMS 0x00000000c5000000, 0x00000000c5000000| Complete 
|  57|0x00000000c5100000, 0x00000000c5200000, 0x00000000c5200000|100%| E|CS|TAMS 0x00000000c5100000, 0x00000000c5100000| Complete 
|  58|0x00000000c5200000, 0x00000000c5300000, 0x00000000c5300000|100%| E|CS|TAMS 0x00000000c5200000, 0x00000000c5200000| Complete 
|  59|0x00000000c5300000, 0x00000000c5400000, 0x00000000c5400000|100%| E|CS|TAMS 0x00000000c5300000, 0x00000000c5300000| Complete 
|  60|0x00000000c5400000, 0x00000000c5500000, 0x00000000c5500000|100%| E|CS|TAMS 0x00000000c5400000, 0x00000000c5400000| Complete 
|  61|0x00000000c5500000, 0x00000000c5600000, 0x00000000c5600000|100%| E|CS|TAMS 0x00000000c5500000, 0x00000000c5500000| Complete 
|  62|0x00000000c5600000, 0x00000000c5700000, 0x00000000c5700000|100%| E|CS|TAMS 0x00000000c5600000, 0x00000000c5600000| Complete 
|  63|0x00000000c5700000, 0x00000000c5800000, 0x00000000c5800000|100%| E|CS|TAMS 0x00000000c5700000, 0x00000000c5700000| Complete 

Card table byte_map: [0x000001cd71c00000,0x000001cd71e00000] _byte_map_base: 0x000001cd715f4000

Marking Bits (Prev, Next): (CMBitMap*) 0x000001cd5b2aef60, (CMBitMap*) 0x000001cd5b2aefa0
 Prev Bits: [0x000001cd72000000, 0x000001cd72fa0000)
 Next Bits: [0x000001cd72fa0000, 0x000001cd73f40000)

Polling page: 0x000001cd59220000

Metaspace:

Usage:
  Non-class:      5.57 MB used.
      Class:    723.91 KB used.
       Both:      6.28 MB used.

Virtual space:
  Non-class space:        8.00 MB reserved,       5.62 MB ( 70%) committed,  1 nodes.
      Class space:        1.00 GB reserved,     768.00 KB ( <1%) committed,  1 nodes.
              Both:        1.01 GB reserved,       6.38 MB ( <1%) committed. 

Chunk freelists:
   Non-Class:  384.00 KB
       Class:  3.17 MB
        Both:  3.55 MB

MaxMetaspaceSize: 17179869184.00 GB
CompressedClassSpaceSize: 1.00 GB
 - commit_granule_bytes: 65536.
 - commit_granule_words: 8192.
 - virtual_space_node_default_size: 1048576.
 - enlarge_chunks_in_place: 1.
 - new_chunks_are_fully_committed: 0.
 - uncommit_free_chunks: 1.
 - use_allocation_guard: 0.
 - handle_deallocations: 1.


Internal statistics:

num_allocs_failed_limit: 0.
num_arena_births: 22.
num_arena_deaths: 0.
num_vsnodes_births: 2.
num_vsnodes_deaths: 0.
num_space_committed: 102.
num_space_uncommitted: 0.
num_chunks_returned_to_freelist: 0.
num_chunks_taken_from_freelist: 202.
num_chunk_merges: 0.
num_chunk_splits: 152.
num_chunks_enlarged: 131.
num_purges: 0.

CodeHeap 'non-profiled nmethods': size=120000Kb used=525Kb max_used=525Kb free=119475Kb
 bounds [0x000001cd6a4d0000, 0x000001cd6a740000, 0x000001cd71a00000]
CodeHeap 'profiled nmethods': size=120000Kb used=2650Kb max_used=2650Kb free=117349Kb
 bounds [0x000001cd62fa0000, 0x000001cd63240000, 0x000001cd6a4d0000]
CodeHeap 'non-nmethods': size=5760Kb used=1160Kb max_used=1205Kb free=4599Kb
 bounds [0x000001cd62a00000, 0x000001cd62c70000, 0x000001cd62fa0000]
 total_blobs=1791 nmethods=1345 adapters=359
 compilation: enabled
              stopped_count=0, restarted_count=0
 full_count=0

Compilation events (20 events):
Event: 2.007 Thread 0x000001cd76391a90 1339       3       com.google.inject.internal.Errors::hasErrors (16 bytes)
Event: 2.007 Thread 0x000001cd76391a90 nmethod 1339 0x000001cd6322d210 code [0x000001cd6322d3a0, 0x000001cd6322d518]
Event: 2.008 Thread 0x000001cd76391a90 1340       3       com.google.inject.TypeLiteral::getSupertype (35 bytes)
Event: 2.008 Thread 0x000001cd76391a90 nmethod 1340 0x000001cd6322d610 code [0x000001cd6322d800, 0x000001cd6322db88]
Event: 2.008 Thread 0x000001cd76391a90 1341       3       java.lang.Class::getGenericSuperclass (28 bytes)
Event: 2.009 Thread 0x000001cd76391a90 nmethod 1341 0x000001cd6322dd10 code [0x000001cd6322df60, 0x000001cd6322e978]
Event: 2.009 Thread 0x000001cd76391a90 1343       3       java.lang.Class::copyFields (36 bytes)
Event: 2.010 Thread 0x000001cd76391a90 nmethod 1343 0x000001cd6322ec90 code [0x000001cd6322eee0, 0x000001cd6322f9a8]
Event: 2.010 Thread 0x000001cd76391a90 1342       3       java.lang.Class::getDeclaredFields (27 bytes)
Event: 2.011 Thread 0x000001cd76391a90 nmethod 1342 0x000001cd6322fe10 code [0x000001cd63230000, 0x000001cd63230318]
Event: 2.011 Thread 0x000001cd76391a90 1344       3       com.google.inject.spi.InjectionPoint::getDeclaredFields (17 bytes)
Event: 2.011 Thread 0x000001cd76391a90 nmethod 1344 0x000001cd63230490 code [0x000001cd63230640, 0x000001cd632307b8]
Event: 2.011 Thread 0x000001cd76391a90 1345       3       java.util.TimSort::sort (229 bytes)
Event: 2.012 Thread 0x000001cd76391a90 nmethod 1345 0x000001cd63230910 code [0x000001cd63230b60, 0x000001cd63231278]
Event: 2.012 Thread 0x000001cd76391a90 1346       3       com.google.inject.spi.InjectionPoint::getDeclaredMethods (17 bytes)
Event: 2.012 Thread 0x000001cd76391a90 nmethod 1346 0x000001cd63231610 code [0x000001cd632317c0, 0x000001cd63231938]
Event: 2.012 Thread 0x000001cd76391a90 1347   !   3       com.google.inject.spi.InjectionPoint::getInjectionPoints (489 bytes)
Event: 2.017 Thread 0x000001cd76391a90 nmethod 1347 0x000001cd63231a90 code [0x000001cd63232000, 0x000001cd63234f08]
Event: 2.023 Thread 0x000001cd76391a90 1348       3       com.google.common.collect.ImmutableSet::copyOf (42 bytes)
Event: 2.023 Thread 0x000001cd76391a90 nmethod 1348 0x000001cd63236110 code [0x000001cd63236300, 0x000001cd632369c8]

GC Heap History (4 events):
Event: 0.936 GC heap before
{Heap before GC invocations=0 (full 0):
 garbage-first heap   total 65536K, used 12288K [0x00000000c1800000, 0x0000000100000000)
  region size 1024K, 13 young (13312K), 0 survivors (0K)
 Metaspace       used 3423K, committed 3648K, reserved 1056768K
  class space    used 343K, committed 448K, reserved 1048576K
}
Event: 0.944 GC heap after
{Heap after GC invocations=1 (full 0):
 garbage-first heap   total 65536K, used 3145K [0x00000000c1800000, 0x0000000100000000)
  region size 1024K, 2 young (2048K), 2 survivors (2048K)
 Metaspace       used 3423K, committed 3648K, reserved 1056768K
  class space    used 343K, committed 448K, reserved 1048576K
}
Event: 1.602 GC heap before
{Heap before GC invocations=1 (full 0):
 garbage-first heap   total 65536K, used 16457K [0x00000000c1800000, 0x0000000100000000)
  region size 1024K, 15 young (15360K), 2 survivors (2048K)
 Metaspace       used 5108K, committed 5248K, reserved 1056768K
  class space    used 581K, committed 640K, reserved 1048576K
}
Event: 1.608 GC heap after
{Heap after GC invocations=2 (full 0):
 garbage-first heap   total 65536K, used 3706K [0x00000000c1800000, 0x0000000100000000)
  region size 1024K, 1 young (1024K), 1 survivors (1024K)
 Metaspace       used 5108K, committed 5248K, reserved 1056768K
  class space    used 581K, committed 640K, reserved 1048576K
}

Deoptimization events (20 events):
Event: 1.871 Thread 0x000001cd5b280740 Uncommon trap: trap_request=0xffffff45 fr.pc=0x000001cd6a542858 relative=0x0000000000000438
Event: 1.871 Thread 0x000001cd5b280740 Uncommon trap: reason=unstable_if action=reinterpret pc=0x000001cd6a542858 method=java.lang.String.<init>([CIILjava/lang/Void;)V @ 5 c2
Event: 1.871 Thread 0x000001cd5b280740 DEOPT PACKING pc=0x000001cd6a542858 sp=0x0000001ba3cfd8c0
Event: 1.871 Thread 0x000001cd5b280740 DEOPT UNPACKING pc=0x000001cd62a4d72e sp=0x0000001ba3cfd808 mode 2
Event: 1.972 Thread 0x000001cd5b280740 Uncommon trap: trap_request=0xffffffc6 fr.pc=0x000001cd6a5366e8 relative=0x00000000000002a8
Event: 1.972 Thread 0x000001cd5b280740 Uncommon trap: reason=bimorphic_or_optimized_type_check action=maybe_recompile pc=0x000001cd6a5366e8 method=java.util.HashMap.getNode(Ljava/lang/Object;)Ljava/util/HashMap$Node; @ 128 c2
Event: 1.972 Thread 0x000001cd5b280740 DEOPT PACKING pc=0x000001cd6a5366e8 sp=0x0000001ba3cfdee0
Event: 1.972 Thread 0x000001cd5b280740 DEOPT UNPACKING pc=0x000001cd62a4d72e sp=0x0000001ba3cfde58 mode 2
Event: 1.972 Thread 0x000001cd5b280740 Uncommon trap: trap_request=0xffffffde fr.pc=0x000001cd6a51f830 relative=0x00000000000009b0
Event: 1.972 Thread 0x000001cd5b280740 Uncommon trap: reason=class_check action=maybe_recompile pc=0x000001cd6a51f830 method=java.util.HashMap.putVal(ILjava/lang/Object;Ljava/lang/Object;ZZ)Ljava/lang/Object; @ 203 c2
Event: 1.972 Thread 0x000001cd5b280740 DEOPT PACKING pc=0x000001cd6a51f830 sp=0x0000001ba3cfdea0
Event: 1.972 Thread 0x000001cd5b280740 DEOPT UNPACKING pc=0x000001cd62a4d72e sp=0x0000001ba3cfde40 mode 2
Event: 1.976 Thread 0x000001cd5b280740 Uncommon trap: trap_request=0xffffffc6 fr.pc=0x000001cd6a5366e8 relative=0x00000000000002a8
Event: 1.976 Thread 0x000001cd5b280740 Uncommon trap: reason=bimorphic_or_optimized_type_check action=maybe_recompile pc=0x000001cd6a5366e8 method=java.util.HashMap.getNode(Ljava/lang/Object;)Ljava/util/HashMap$Node; @ 128 c2
Event: 1.976 Thread 0x000001cd5b280740 DEOPT PACKING pc=0x000001cd6a5366e8 sp=0x0000001ba3cfdf10
Event: 1.976 Thread 0x000001cd5b280740 DEOPT UNPACKING pc=0x000001cd62a4d72e sp=0x0000001ba3cfde78 mode 2
Event: 1.976 Thread 0x000001cd5b280740 Uncommon trap: trap_request=0xffffffde fr.pc=0x000001cd6a51f830 relative=0x00000000000009b0
Event: 1.976 Thread 0x000001cd5b280740 Uncommon trap: reason=class_check action=maybe_recompile pc=0x000001cd6a51f830 method=java.util.HashMap.putVal(ILjava/lang/Object;Ljava/lang/Object;ZZ)Ljava/lang/Object; @ 203 c2
Event: 1.976 Thread 0x000001cd5b280740 DEOPT PACKING pc=0x000001cd6a51f830 sp=0x0000001ba3cfdea0
Event: 1.976 Thread 0x000001cd5b280740 DEOPT UNPACKING pc=0x000001cd62a4d72e sp=0x0000001ba3cfde40 mode 2

Classes unloaded (0 events):
No events

Classes redefined (0 events):
No events

Internal exceptions (2 events):
Event: 0.800 Thread 0x000001cd5b280740 Exception <a 'java/lang/NoSuchMethodError'{0x00000000c4ec2490}: 'void java.lang.invoke.DirectMethodHandle$Holder.invokeSpecial(java.lang.Object, java.lang.Object, java.lang.Object)'> (0x00000000c4ec2490) 
thrown [t:\workspace\open\src\hotspot\share\interpreter\linkResolver.cpp, line 790]
Event: 1.068 Thread 0x000001cd5b280740 Exception <a 'java/lang/NoSuchMethodError'{0x00000000c557a840}: 'java.lang.Object java.lang.invoke.DirectMethodHandle$Holder.newInvokeSpecial(java.lang.Object, java.lang.Object, java.lang.Object, java.lang.Object, java.lang.Object)'> (0x00000000c557a840) 
thrown [t:\workspace\open\src\hotspot\share\interpreter\linkResolver.cpp, line 790]

Events (20 events):
Event: 1.734 loading class jdk/internal/reflect/ClassFileAssembler
Event: 1.734 loading class jdk/internal/reflect/ClassFileAssembler done
Event: 1.735 loading class jdk/internal/reflect/UTF8
Event: 1.735 loading class jdk/internal/reflect/UTF8 done
Event: 1.736 loading class jdk/internal/reflect/Label
Event: 1.736 loading class jdk/internal/reflect/Label done
Event: 1.736 loading class jdk/internal/reflect/Label$PatchInfo
Event: 1.736 loading class jdk/internal/reflect/Label$PatchInfo done
Event: 1.736 loading class jdk/internal/reflect/MethodAccessorGenerator$1
Event: 1.736 loading class jdk/internal/reflect/MethodAccessorGenerator$1 done
Event: 1.736 loading class jdk/internal/reflect/ClassDefiner
Event: 1.736 loading class jdk/internal/reflect/ClassDefiner done
Event: 1.736 loading class jdk/internal/reflect/ClassDefiner$1
Event: 1.736 loading class jdk/internal/reflect/ClassDefiner$1 done
Event: 1.737 loading class jdk/internal/reflect/BootstrapConstructorAccessorImpl
Event: 1.737 loading class jdk/internal/reflect/BootstrapConstructorAccessorImpl done
Event: 1.993 loading class java/lang/NumberFormatException
Event: 1.993 loading class java/lang/NumberFormatException done
Event: 1.993 Executing  VM operation: HandshakeAllThreads
Event: 1.993 Executing  VM operation: HandshakeAllThreads done


Dynamic libraries:
0x00007ff7a5d20000 - 0x00007ff7a5d30000 	C:\Program Files\Java\jdk-16.0.2\bin\java.exe
0x00007ffdb5eb0000 - 0x00007ffdb60a5000 	C:\WINDOWS\SYSTEM32\ntdll.dll
0x00007ffdb5b50000 - 0x00007ffdb5c0e000 	C:\WINDOWS\System32\KERNEL32.DLL
0x00007ffdb3700000 - 0x00007ffdb39c9000 	C:\WINDOWS\System32\KERNELBASE.dll
0x00007ffdb35d0000 - 0x00007ffdb36d0000 	C:\WINDOWS\System32\ucrtbase.dll
0x00007ffd9c8d0000 - 0x00007ffd9c8e8000 	C:\Program Files\Java\jdk-16.0.2\bin\jli.dll
0x00007ffda8e80000 - 0x00007ffda8e99000 	C:\Program Files\Java\jdk-16.0.2\bin\VCRUNTIME140.dll
0x00007ffdb4950000 - 0x00007ffdb49fc000 	C:\WINDOWS\System32\ADVAPI32.dll
0x00007ffdb5280000 - 0x00007ffdb531e000 	C:\WINDOWS\System32\msvcrt.dll
0x00007ffdb4030000 - 0x00007ffdb40cb000 	C:\WINDOWS\System32\sechost.dll
0x00007ffdb3f00000 - 0x00007ffdb402a000 	C:\WINDOWS\System32\RPCRT4.dll
0x00007ffdb5c10000 - 0x00007ffdb5db1000 	C:\WINDOWS\System32\USER32.dll
0x00007ffd993a0000 - 0x00007ffd9963a000 	C:\WINDOWS\WinSxS\amd64_microsoft.windows.common-controls_6595b64144ccf1df_6.0.19041.1110_none_60b5254171f9507e\COMCTL32.dll
0x00007ffdb36d0000 - 0x00007ffdb36f2000 	C:\WINDOWS\System32\win32u.dll
0x00007ffdb5e40000 - 0x00007ffdb5e6b000 	C:\WINDOWS\System32\GDI32.dll
0x00007ffdb3d40000 - 0x00007ffdb3e4b000 	C:\WINDOWS\System32\gdi32full.dll
0x00007ffdb3bf0000 - 0x00007ffdb3c8d000 	C:\WINDOWS\System32\msvcp_win.dll
0x00007ffda9520000 - 0x00007ffda952a000 	C:\WINDOWS\SYSTEM32\VERSION.dll
0x00007ffdb4250000 - 0x00007ffdb4280000 	C:\WINDOWS\System32\IMM32.DLL
0x00007ffdabc00000 - 0x00007ffdabc0c000 	C:\Program Files\Java\jdk-16.0.2\bin\vcruntime140_1.dll
0x00007ffda8c90000 - 0x00007ffda8d21000 	C:\Program Files\Java\jdk-16.0.2\bin\msvcp140.dll
0x00007ffd73c00000 - 0x00007ffd747ab000 	C:\Program Files\Java\jdk-16.0.2\bin\server\jvm.dll
0x00007ffdb4290000 - 0x00007ffdb4298000 	C:\WINDOWS\System32\PSAPI.DLL
0x00007ffdabc60000 - 0x00007ffdabc69000 	C:\WINDOWS\SYSTEM32\WSOCK32.dll
0x00007ffd9b760000 - 0x00007ffd9b787000 	C:\WINDOWS\SYSTEM32\WINMM.dll
0x00007ffdb46c0000 - 0x00007ffdb472b000 	C:\WINDOWS\System32\WS2_32.dll
0x00007ffdb1e40000 - 0x00007ffdb1e52000 	C:\WINDOWS\SYSTEM32\kernel.appcore.dll
0x00007ffdab650000 - 0x00007ffdab65a000 	C:\Program Files\Java\jdk-16.0.2\bin\jimage.dll
0x00007ffdae1f0000 - 0x00007ffdae3d4000 	C:\WINDOWS\SYSTEM32\DBGHELP.DLL
0x00007ffd9a210000 - 0x00007ffd9a23c000 	C:\WINDOWS\SYSTEM32\dbgcore.DLL
0x00007ffdb3b60000 - 0x00007ffdb3be3000 	C:\WINDOWS\System32\bcryptPrimitives.dll
0x00007ffda8d90000 - 0x00007ffda8db5000 	C:\Program Files\Java\jdk-16.0.2\bin\java.dll
0x00007ffdb5320000 - 0x00007ffdb5a5f000 	C:\WINDOWS\System32\SHELL32.dll
0x00007ffdb16b0000 - 0x00007ffdb1e40000 	C:\WINDOWS\SYSTEM32\windows.storage.dll
0x00007ffdb4360000 - 0x00007ffdb46b5000 	C:\WINDOWS\System32\combase.dll
0x00007ffdb2fb0000 - 0x00007ffdb2fdc000 	C:\WINDOWS\SYSTEM32\Wldp.dll
0x00007ffdb4ba0000 - 0x00007ffdb4c4e000 	C:\WINDOWS\System32\SHCORE.dll
0x00007ffdb42a0000 - 0x00007ffdb42f5000 	C:\WINDOWS\System32\shlwapi.dll
0x00007ffdb3510000 - 0x00007ffdb352f000 	C:\WINDOWS\SYSTEM32\profapi.dll
0x00007ffda8d70000 - 0x00007ffda8d89000 	C:\Program Files\Java\jdk-16.0.2\bin\net.dll
0x00007ffda42c0000 - 0x00007ffda43c8000 	C:\WINDOWS\SYSTEM32\WINHTTP.dll
0x00007ffdb2cb0000 - 0x00007ffdb2d1a000 	C:\WINDOWS\system32\mswsock.dll
0x00007ffda8d50000 - 0x00007ffda8d63000 	C:\Program Files\Java\jdk-16.0.2\bin\nio.dll
0x00007ffda8d30000 - 0x00007ffda8d48000 	C:\Program Files\Java\jdk-16.0.2\bin\zip.dll
0x00007ffdaabd0000 - 0x00007ffdaabe0000 	C:\Program Files\Java\jdk-16.0.2\bin\verify.dll
0x00007ffd9e360000 - 0x00007ffd9e36a000 	C:\Program Files\NetBeans-12.5\netbeans\java\maven\lib\jansi-native\windows64\jansi.dll

dbghelp: loaded successfully - version: 4.0.5 - missing functions: none
symbol engine: initialized successfully - sym options: 0x614 - pdb path: .;C:\Program Files\Java\jdk-16.0.2\bin;C:\WINDOWS\SYSTEM32;C:\WINDOWS\WinSxS\amd64_microsoft.windows.common-controls_6595b64144ccf1df_6.0.19041.1110_none_60b5254171f9507e;C:\Program Files\Java\jdk-16.0.2\bin\server;C:\Program Files\NetBeans-12.5\netbeans\java\maven\lib\jansi-native\windows64

VM Arguments:
jvm_args: -Dclassworlds.conf=C:\Program Files\NetBeans-12.5\netbeans\java\maven\bin\..\bin\m2.conf -Dmaven.home=C:\Program Files\NetBeans-12.5\netbeans\java\maven\bin\.. -Dlibrary.jansi.path=C:\Program Files\NetBeans-12.5\netbeans\java\maven\bin\..\lib\jansi-native -Dmaven.multiModuleProjectDirectory=C:\Users\dell\Documents\NetBeansProjects\po\projetoN2 
java_command: org.codehaus.plexus.classworlds.launcher.Launcher -Dexec.vmArgs= -Dexec.args=${exec.vmArgs} -classpath %classpath ${exec.mainClass} ${exec.appArgs} -Dexec.executable=C:\Program Files\Java\jdk-16.0.2\bin\java.exe -Dexec.mainClass=view.Tabela -Dexec.classpathScope=runtime -Dexec.appArgs= -Dmaven.ext.class.path=C:\Program Files\NetBeans-12.5\netbeans\java\maven-nblib\netbeans-eventspy.jar -Dfile.encoding=UTF-8 org.codehaus.mojo:exec-maven-plugin:3.0.0:exec
java_class_path (initial): C:\Program Files\NetBeans-12.5\netbeans\java\maven\bin\..\boot\plexus-classworlds-2.6.0.jar
Launcher Type: SUN_STANDARD

[Global flags]
     intx CICompilerCount                          = 3                                         {product} {ergonomic}
     uint ConcGCThreads                            = 1                                         {product} {ergonomic}
     uint G1ConcRefinementThreads                  = 4                                         {product} {ergonomic}
   size_t G1HeapRegionSize                         = 1048576                                   {product} {ergonomic}
    uintx GCDrainStackTargetSize                   = 64                                        {product} {ergonomic}
   size_t InitialHeapSize                          = 67108864                                  {product} {ergonomic}
   size_t MarkStackSize                            = 4194304                                   {product} {ergonomic}
   size_t MaxHeapSize                              = 1048576000                                {product} {ergonomic}
   size_t MaxNewSize                               = 629145600                                 {product} {ergonomic}
   size_t MinHeapDeltaBytes                        = 1048576                                   {product} {ergonomic}
   size_t MinHeapSize                              = 8388608                                   {product} {ergonomic}
    uintx NonNMethodCodeHeapSize                   = 5832780                                {pd product} {ergonomic}
    uintx NonProfiledCodeHeapSize                  = 122912730                              {pd product} {ergonomic}
    uintx ProfiledCodeHeapSize                     = 122912730                              {pd product} {ergonomic}
    uintx ReservedCodeCacheSize                    = 251658240                              {pd product} {ergonomic}
     bool SegmentedCodeCache                       = true                                      {product} {ergonomic}
   size_t SoftMaxHeapSize                          = 1048576000                             {manageable} {ergonomic}
     bool UseCompressedClassPointers               = true                           {product lp64_product} {ergonomic}
     bool UseCompressedOops                        = true                           {product lp64_product} {ergonomic}
     bool UseG1GC                                  = true                                      {product} {ergonomic}
     bool UseLargePagesIndividualAllocation        = false                                  {pd product} {ergonomic}

Logging:
Log output configuration:
 #0: stdout all=warning uptime,level,tags
 #1: stderr all=off uptime,level,tags

Environment Variables:
JAVA_HOME=C:\Program Files\Java\jdk-16.0.2
PATH=C:\Program Files\Common Files\Oracle\Java\javapath;C:\Program Files (x86)\Common Files\Oracle\Java\javapath;C:\Program Files\AdoptOpenJDK\jdk-14.0.2.12-hotspot\bin;C:\WINDOWS\system32;C:\WINDOWS;C:\WINDOWS\System32\Wbem;C:\WINDOWS\System32\WindowsPowerShell\v1.0\;C:\WINDOWS\System32\OpenSSH\;C:\Program Files\nodejs\;C:\Program Files (x86)\Intel\Intel(R) Management Engine Components\DAL;C:\Program Files\Intel\Intel(R) Management Engine Components\DAL;C:\MinGW\bin;C:\Program Files\Java\jdk-15.0.2\bin;C:\Program Files\Git\cmd;C:\Program Files\Apache\maven\apache-maven-3.8.3\bin;C:\Program Files\MySQL\MySQL Shell 8.0\bin\;C:\Users\dell\AppData\Local\Microsoft\WindowsApps;C:\Users\dell\AppData\Roaming\npm;C:\MinGW\bin;;C:\Program Files\JetBrains\IntelliJ IDEA Community Edition 2021.2\bin;;C:\Users\dell\AppData\Local\Programs\mongosh\
USERNAME=dell
OS=Windows_NT
PROCESSOR_IDENTIFIER=Intel64 Family 6 Model 142 Stepping 9, GenuineIntel



---------------  S Y S T E M  ---------------

OS:
 Windows 10 , 64 bit Build 19041 (10.0.19041.1202)
OS uptime: 0 days 8:39 hours

CPU: total 4 (initial active 4) (2 cores per cpu, 2 threads per core) family 6 model 142 stepping 9 microcode 0xea, cx8, cmov, fxsr, ht, mmx, 3dnowpref, sse, sse2, sse3, ssse3, sse4.1, sse4.2, popcnt, lzcnt, tsc, tscinvbit, avx, avx2, aes, erms, clmul, bmi1, bmi2, adx, fma, vzeroupper, clflush, clflushopt

Memory: 4k page, system-wide physical 3996M (414M free)
TotalPageFile size 5391M (AvailPageFile size 5M)
current process WorkingSet (physical memory assigned to process): 70M, peak: 70M
current process commit charge ("private bytes"): 152M, peak: 153M

vm_info: Java HotSpot(TM) 64-Bit Server VM (16.0.2+7-67) for windows-amd64 JRE (16.0.2+7-67), built on Jun  8 2021 23:24:19 by "mach5one" with MS VC++ 16.7 (VS2019)

END.
