#
# There is insufficient memory for the Java Runtime Environment to continue.
# Native memory allocation (mmap) failed to map 65536 bytes for Failed to commit metaspace.
# Possible reasons:
#   The system is out of physical RAM or swap space
#   The process is running with CompressedOops enabled, and the Java Heap may be blocking the growth of the native heap
# Possible solutions:
#   Reduce memory load on the system
#   Increase physical memory or swap space
#   Check if swap backing store is full
#   Decrease Java heap size (-Xmx/-Xms)
#   Decrease number of Java threads
#   Decrease Java thread stack sizes (-Xss)
#   Set larger code cache with -XX:ReservedCodeCacheSize=
#   JVM is running with Unscaled Compressed Oops mode in which the Java heap is
#     placed in the first 4GB address space. The Java Heap base address is the
#     maximum limit for the native heap growth. Please use -XX:HeapBaseMinAddress
#     to set the Java Heap base and to place the Java Heap above 4GB virtual address.
# This output file may be truncated or incomplete.
#
#  Out of Memory Error (virtualSpaceNode.cpp:108), pid=5208, tid=6448
#
# JRE version: Java(TM) SE Runtime Environment (16.0.2+7) (build 16.0.2+7-67)
# Java VM: Java HotSpot(TM) 64-Bit Server VM (16.0.2+7-67, mixed mode, sharing, tiered, compressed oops, compressed class ptrs, g1 gc, windows-amd64)
# No core dump will be written. Minidumps are not enabled by default on client versions of Windows
#

---------------  S U M M A R Y ------------

Command Line: -Dclassworlds.conf=C:\Program Files\NetBeans-12.5\netbeans\java\maven\bin\..\bin\m2.conf -Dmaven.home=C:\Program Files\NetBeans-12.5\netbeans\java\maven\bin\.. -Dlibrary.jansi.path=C:\Program Files\NetBeans-12.5\netbeans\java\maven\bin\..\lib\jansi-native -Dmaven.multiModuleProjectDirectory=C:\Users\dell\Documents\NetBeansProjects\projetoGit\projetoN2 org.codehaus.plexus.classworlds.launcher.Launcher -Dexec.vmArgs= -Dexec.args=${exec.vmArgs} -classpath %classpath ${exec.mainClass} ${exec.appArgs} -Dexec.appArgs= -Dexec.mainClass=view.MainFrame -Dexec.executable=C:\Program Files\Java\jdk-16.0.2\bin\java.exe -Dmaven.ext.class.path=C:\Program Files\NetBeans-12.5\netbeans\java\maven-nblib\netbeans-eventspy.jar -Dfile.encoding=UTF-8 org.codehaus.mojo:exec-maven-plugin:3.0.0:exec

Host: Intel(R) Core(TM) i3-7020U CPU @ 2.30GHz, 4 cores, 3G,  Windows 10 , 64 bit Build 19041 (10.0.19041.1202)
Time: Sun Oct 17 12:15:21 2021 Hora oficial do Brasil elapsed time: 1.667906 seconds (0d 0h 0m 1s)

---------------  T H R E A D  ---------------

Current thread (0x00000220356aafe0):  JavaThread "main" [_thread_in_vm, id=6448, stack(0x000000b85e400000,0x000000b85e500000)]

Stack: [0x000000b85e400000,0x000000b85e500000]
Native frames: (J=compiled Java code, j=interpreted, Vv=VM code, C=native code)
V  [jvm.dll+0x6681ca]
V  [jvm.dll+0x7c9e69]
V  [jvm.dll+0x7cb61e]
V  [jvm.dll+0x7cbc73]
V  [jvm.dll+0x242c55]
V  [jvm.dll+0x7c64eb]
V  [jvm.dll+0x60ddd6]
V  [jvm.dll+0x1be6ce]
V  [jvm.dll+0x610531]
V  [jvm.dll+0x60e6d1]
V  [jvm.dll+0x238440]
V  [jvm.dll+0x1ea2df]
V  [jvm.dll+0x1df631]
V  [jvm.dll+0x535ff8]
V  [jvm.dll+0x742a71]
V  [jvm.dll+0x40703f]
V  [jvm.dll+0x40d362]
C  [java.dll+0x17c8]

Java frames: (J=compiled Java code, j=interpreted, Vv=VM code)
j  java.lang.ClassLoader.defineClass1(Ljava/lang/ClassLoader;Ljava/lang/String;[BIILjava/security/ProtectionDomain;Ljava/lang/String;)Ljava/lang/Class;+0 java.base@16.0.2
j  java.lang.ClassLoader.defineClass(Ljava/lang/String;[BIILjava/security/ProtectionDomain;)Ljava/lang/Class;+27 java.base@16.0.2
j  java.security.SecureClassLoader.defineClass(Ljava/lang/String;[BIILjava/security/CodeSource;)Ljava/lang/Class;+12 java.base@16.0.2
j  java.net.URLClassLoader.defineClass(Ljava/lang/String;Ljdk/internal/loader/Resource;)Ljava/lang/Class;+220 java.base@16.0.2
j  java.net.URLClassLoader$1.run()Ljava/lang/Class;+43 java.base@16.0.2
j  java.net.URLClassLoader$1.run()Ljava/lang/Object;+1 java.base@16.0.2
j  java.security.AccessController.executePrivileged(Ljava/security/PrivilegedExceptionAction;Ljava/security/AccessControlContext;Ljava/lang/Class;)Ljava/lang/Object;+29 java.base@16.0.2
j  java.security.AccessController.doPrivileged(Ljava/security/PrivilegedExceptionAction;Ljava/security/AccessControlContext;)Ljava/lang/Object;+13 java.base@16.0.2
j  java.net.URLClassLoader.findClass(Ljava/lang/String;)Ljava/lang/Class;+13 java.base@16.0.2
j  org.codehaus.plexus.classworlds.realm.ClassRealm.loadClassFromSelf(Ljava/lang/String;)Ljava/lang/Class;+20
j  org.codehaus.plexus.classworlds.strategy.SelfFirstStrategy.loadClass(Ljava/lang/String;)Ljava/lang/Class;+18
j  org.codehaus.plexus.classworlds.realm.ClassRealm.unsynchronizedLoadClass(Ljava/lang/String;Z)Ljava/lang/Class;+13
j  org.codehaus.plexus.classworlds.realm.ClassRealm.loadClass(Ljava/lang/String;Z)Ljava/lang/Class;+9
j  org.codehaus.plexus.classworlds.realm.ClassRealm.loadClass(Ljava/lang/String;)Ljava/lang/Class;+3
v  ~StubRoutines::call_stub
j  org.codehaus.plexus.util.xml.Xpp3DomBuilder.build(Ljava/io/Reader;ZLorg/codehaus/plexus/util/xml/Xpp3DomBuilder$InputLocationBuilder;)Lorg/codehaus/plexus/util/xml/Xpp3Dom;+0
j  org.codehaus.plexus.util.xml.Xpp3DomBuilder.build(Ljava/io/Reader;Lorg/codehaus/plexus/util/xml/Xpp3DomBuilder$InputLocationBuilder;)Lorg/codehaus/plexus/util/xml/Xpp3Dom;+3
j  org.codehaus.plexus.util.xml.Xpp3DomBuilder.build(Ljava/io/Reader;)Lorg/codehaus/plexus/util/xml/Xpp3Dom;+2
j  org.apache.maven.project.ExtensionDescriptorBuilder.build(Ljava/io/InputStream;)Lorg/apache/maven/project/ExtensionDescriptor;+12
j  org.apache.maven.extension.internal.CoreExtensionEntry.discoverFrom(Lorg/codehaus/plexus/classworlds/realm/ClassRealm;)Lorg/apache/maven/extension/internal/CoreExtensionEntry;+58
j  org.apache.maven.cli.MavenCli.container(Lorg/apache/maven/cli/CliRequest;)Lorg/codehaus/plexus/PlexusContainer;+68
j  org.apache.maven.cli.MavenCli.doMain(Lorg/apache/maven/cli/CliRequest;)I+29
j  org.apache.maven.cli.MavenCli.main([Ljava/lang/String;Lorg/codehaus/plexus/classworlds/ClassWorld;)I+24
v  ~StubRoutines::call_stub
j  jdk.internal.reflect.NativeMethodAccessorImpl.invoke0(Ljava/lang/reflect/Method;Ljava/lang/Object;[Ljava/lang/Object;)Ljava/lang/Object;+0 java.base@16.0.2
j  jdk.internal.reflect.NativeMethodAccessorImpl.invoke(Ljava/lang/Object;[Ljava/lang/Object;)Ljava/lang/Object;+146 java.base@16.0.2
j  jdk.internal.reflect.DelegatingMethodAccessorImpl.invoke(Ljava/lang/Object;[Ljava/lang/Object;)Ljava/lang/Object;+6 java.base@16.0.2
j  java.lang.reflect.Method.invoke(Ljava/lang/Object;[Ljava/lang/Object;)Ljava/lang/Object;+59 java.base@16.0.2
j  org.codehaus.plexus.classworlds.launcher.Launcher.launchEnhanced([Ljava/lang/String;)V+45
j  org.codehaus.plexus.classworlds.launcher.Launcher.launch([Ljava/lang/String;)V+2
j  org.codehaus.plexus.classworlds.launcher.Launcher.mainWithExitCode([Ljava/lang/String;)I+101
j  org.codehaus.plexus.classworlds.launcher.Launcher.main([Ljava/lang/String;)V+1
v  ~StubRoutines::call_stub

---------------  P R O C E S S  ---------------

Threads class SMR info:
_java_thread_list=0x0000022053462990, length=12, elements={
0x00000220356aafe0, 0x00000220527b4ea0, 0x00000220527b6410, 0x00000220527ceee0,
0x00000220527d0900, 0x00000220527d3ac0, 0x00000220527d5f90, 0x00000220527da0d0,
0x00000220527daa20, 0x00000220527e0c30, 0x000002205345d0a0, 0x0000022053467910
}

Java Threads: ( => current thread )
=>0x00000220356aafe0 JavaThread "main" [_thread_in_vm, id=6448, stack(0x000000b85e400000,0x000000b85e500000)]
  0x00000220527b4ea0 JavaThread "Reference Handler" daemon [_thread_blocked, id=12164, stack(0x000000b85eb00000,0x000000b85ec00000)]
  0x00000220527b6410 JavaThread "Finalizer" daemon [_thread_blocked, id=6344, stack(0x000000b85ec00000,0x000000b85ed00000)]
  0x00000220527ceee0 JavaThread "Signal Dispatcher" daemon [_thread_blocked, id=11092, stack(0x000000b85ed00000,0x000000b85ee00000)]
  0x00000220527d0900 JavaThread "Attach Listener" daemon [_thread_blocked, id=8488, stack(0x000000b85ee00000,0x000000b85ef00000)]
  0x00000220527d3ac0 JavaThread "Service Thread" daemon [_thread_blocked, id=256, stack(0x000000b85ef00000,0x000000b85f000000)]
  0x00000220527d5f90 JavaThread "Monitor Deflation Thread" daemon [_thread_blocked, id=3340, stack(0x000000b85f000000,0x000000b85f100000)]
  0x00000220527da0d0 JavaThread "C2 CompilerThread0" daemon [_thread_blocked, id=6008, stack(0x000000b85f100000,0x000000b85f200000)]
  0x00000220527daa20 JavaThread "C1 CompilerThread0" daemon [_thread_blocked, id=9616, stack(0x000000b85f200000,0x000000b85f300000)]
  0x00000220527e0c30 JavaThread "Sweeper thread" daemon [_thread_blocked, id=252, stack(0x000000b85f300000,0x000000b85f400000)]
  0x000002205345d0a0 JavaThread "Notification Thread" daemon [_thread_blocked, id=10192, stack(0x000000b85f400000,0x000000b85f500000)]
  0x0000022053467910 JavaThread "Common-Cleaner" daemon [_thread_blocked, id=12080, stack(0x000000b85f600000,0x000000b85f700000)]

Other Threads:
  0x00000220527b0ba0 VMThread "VM Thread" [stack: 0x000000b85ea00000,0x000000b85eb00000] [id=5812]
  0x0000022053466a00 WatcherThread [stack: 0x000000b85f500000,0x000000b85f600000] [id=3456]
  0x00000220357d0a10 GCTaskThread "GC Thread#0" [stack: 0x000000b85e500000,0x000000b85e600000] [id=4584]
  0x00000220357d9660 ConcurrentGCThread "G1 Main Marker" [stack: 0x000000b85e600000,0x000000b85e700000] [id=1648]
  0x00000220357da780 ConcurrentGCThread "G1 Conc#0" [stack: 0x000000b85e700000,0x000000b85e800000] [id=10708]
  0x0000022035828120 ConcurrentGCThread "G1 Refine#0" [stack: 0x000000b85e800000,0x000000b85e900000] [id=11952]
  0x0000022035828ab0 ConcurrentGCThread "G1 Service" [stack: 0x000000b85e900000,0x000000b85ea00000] [id=11828]

Threads with active compile tasks:

VM state: not at safepoint (normal execution)

VM Mutex/Monitor currently owned by a thread:  ([mutex/lock_event])
[0x00000220356a8140] MetaspaceExpand_lock - owner thread: 0x00000220356aafe0

Heap address: 0x00000000c1800000, size: 1000 MB, Compressed Oops mode: 32-bit

CDS archive(s) mapped at: [0x0000000800000000-0x0000000800bb0000-0x0000000800bb0000), size 12255232, SharedBaseAddress: 0x0000000800000000, ArchiveRelocationMode: 0.
Compressed class space mapped at: 0x0000000800c00000-0x0000000840c00000, reserved size: 1073741824
Narrow klass base: 0x0000000800000000, Narrow klass shift: 3, Narrow klass range: 0x100000000

GC Precious Log:
 CPUs: 4 total, 4 available
 Memory: 3996M
 Large Page Support: Disabled
 NUMA Support: Disabled
 Compressed Oops: Enabled (32-bit)
 Heap Region Size: 1M
 Heap Min Capacity: 8M
 Heap Initial Capacity: 64M
 Heap Max Capacity: 1000M
 Pre-touch: Disabled
 Parallel Workers: 4
 Concurrent Workers: 1
 Concurrent Refinement Workers: 4
 Periodic GC: Disabled

Heap:
 garbage-first heap   total 65536K, used 5120K [0x00000000c1800000, 0x0000000100000000)
  region size 1024K, 7 young (7168K), 0 survivors (0K)
 Metaspace       used 1814K, committed 1920K, reserved 1056768K
  class space    used 143K, committed 192K, reserved 1048576K

Heap Regions: E=young(eden), S=young(survivor), O=old, HS=humongous(starts), HC=humongous(continues), CS=collection set, F=free, OA=open archive, CA=closed archive, TAMS=top-at-mark-start (previous, next)
|   0|0x00000000c1800000, 0x00000000c1800000, 0x00000000c1900000|  0%| F|  |TAMS 0x00000000c1800000, 0x00000000c1800000| Untracked 
|   1|0x00000000c1900000, 0x00000000c1900000, 0x00000000c1a00000|  0%| F|  |TAMS 0x00000000c1900000, 0x00000000c1900000| Untracked 
|   2|0x00000000c1a00000, 0x00000000c1a00000, 0x00000000c1b00000|  0%| F|  |TAMS 0x00000000c1a00000, 0x00000000c1a00000| Untracked 
|   3|0x00000000c1b00000, 0x00000000c1b00000, 0x00000000c1c00000|  0%| F|  |TAMS 0x00000000c1b00000, 0x00000000c1b00000| Untracked 
|   4|0x00000000c1c00000, 0x00000000c1c00000, 0x00000000c1d00000|  0%| F|  |TAMS 0x00000000c1c00000, 0x00000000c1c00000| Untracked 
|   5|0x00000000c1d00000, 0x00000000c1d00000, 0x00000000c1e00000|  0%| F|  |TAMS 0x00000000c1d00000, 0x00000000c1d00000| Untracked 
|   6|0x00000000c1e00000, 0x00000000c1e00000, 0x00000000c1f00000|  0%| F|  |TAMS 0x00000000c1e00000, 0x00000000c1e00000| Untracked 
|   7|0x00000000c1f00000, 0x00000000c1f00000, 0x00000000c2000000|  0%| F|  |TAMS 0x00000000c1f00000, 0x00000000c1f00000| Untracked 
|   8|0x00000000c2000000, 0x00000000c2000000, 0x00000000c2100000|  0%| F|  |TAMS 0x00000000c2000000, 0x00000000c2000000| Untracked 
|   9|0x00000000c2100000, 0x00000000c2100000, 0x00000000c2200000|  0%| F|  |TAMS 0x00000000c2100000, 0x00000000c2100000| Untracked 
|  10|0x00000000c2200000, 0x00000000c2200000, 0x00000000c2300000|  0%| F|  |TAMS 0x00000000c2200000, 0x00000000c2200000| Untracked 
|  11|0x00000000c2300000, 0x00000000c2300000, 0x00000000c2400000|  0%| F|  |TAMS 0x00000000c2300000, 0x00000000c2300000| Untracked 
|  12|0x00000000c2400000, 0x00000000c2400000, 0x00000000c2500000|  0%| F|  |TAMS 0x00000000c2400000, 0x00000000c2400000| Untracked 
|  13|0x00000000c2500000, 0x00000000c2500000, 0x00000000c2600000|  0%| F|  |TAMS 0x00000000c2500000, 0x00000000c2500000| Untracked 
|  14|0x00000000c2600000, 0x00000000c2600000, 0x00000000c2700000|  0%| F|  |TAMS 0x00000000c2600000, 0x00000000c2600000| Untracked 
|  15|0x00000000c2700000, 0x00000000c2700000, 0x00000000c2800000|  0%| F|  |TAMS 0x00000000c2700000, 0x00000000c2700000| Untracked 
|  16|0x00000000c2800000, 0x00000000c2800000, 0x00000000c2900000|  0%| F|  |TAMS 0x00000000c2800000, 0x00000000c2800000| Untracked 
|  17|0x00000000c2900000, 0x00000000c2900000, 0x00000000c2a00000|  0%| F|  |TAMS 0x00000000c2900000, 0x00000000c2900000| Untracked 
|  18|0x00000000c2a00000, 0x00000000c2a00000, 0x00000000c2b00000|  0%| F|  |TAMS 0x00000000c2a00000, 0x00000000c2a00000| Untracked 
|  19|0x00000000c2b00000, 0x00000000c2b00000, 0x00000000c2c00000|  0%| F|  |TAMS 0x00000000c2b00000, 0x00000000c2b00000| Untracked 
|  20|0x00000000c2c00000, 0x00000000c2c00000, 0x00000000c2d00000|  0%| F|  |TAMS 0x00000000c2c00000, 0x00000000c2c00000| Untracked 
|  21|0x00000000c2d00000, 0x00000000c2d00000, 0x00000000c2e00000|  0%| F|  |TAMS 0x00000000c2d00000, 0x00000000c2d00000| Untracked 
|  22|0x00000000c2e00000, 0x00000000c2e00000, 0x00000000c2f00000|  0%| F|  |TAMS 0x00000000c2e00000, 0x00000000c2e00000| Untracked 
|  23|0x00000000c2f00000, 0x00000000c2f00000, 0x00000000c3000000|  0%| F|  |TAMS 0x00000000c2f00000, 0x00000000c2f00000| Untracked 
|  24|0x00000000c3000000, 0x00000000c3000000, 0x00000000c3100000|  0%| F|  |TAMS 0x00000000c3000000, 0x00000000c3000000| Untracked 
|  25|0x00000000c3100000, 0x00000000c3100000, 0x00000000c3200000|  0%| F|  |TAMS 0x00000000c3100000, 0x00000000c3100000| Untracked 
|  26|0x00000000c3200000, 0x00000000c3200000, 0x00000000c3300000|  0%| F|  |TAMS 0x00000000c3200000, 0x00000000c3200000| Untracked 
|  27|0x00000000c3300000, 0x00000000c3300000, 0x00000000c3400000|  0%| F|  |TAMS 0x00000000c3300000, 0x00000000c3300000| Untracked 
|  28|0x00000000c3400000, 0x00000000c3400000, 0x00000000c3500000|  0%| F|  |TAMS 0x00000000c3400000, 0x00000000c3400000| Untracked 
|  29|0x00000000c3500000, 0x00000000c3500000, 0x00000000c3600000|  0%| F|  |TAMS 0x00000000c3500000, 0x00000000c3500000| Untracked 
|  30|0x00000000c3600000, 0x00000000c3600000, 0x00000000c3700000|  0%| F|  |TAMS 0x00000000c3600000, 0x00000000c3600000| Untracked 
|  31|0x00000000c3700000, 0x00000000c3700000, 0x00000000c3800000|  0%| F|  |TAMS 0x00000000c3700000, 0x00000000c3700000| Untracked 
|  32|0x00000000c3800000, 0x00000000c3800000, 0x00000000c3900000|  0%| F|  |TAMS 0x00000000c3800000, 0x00000000c3800000| Untracked 
|  33|0x00000000c3900000, 0x00000000c3900000, 0x00000000c3a00000|  0%| F|  |TAMS 0x00000000c3900000, 0x00000000c3900000| Untracked 
|  34|0x00000000c3a00000, 0x00000000c3a00000, 0x00000000c3b00000|  0%| F|  |TAMS 0x00000000c3a00000, 0x00000000c3a00000| Untracked 
|  35|0x00000000c3b00000, 0x00000000c3b00000, 0x00000000c3c00000|  0%| F|  |TAMS 0x00000000c3b00000, 0x00000000c3b00000| Untracked 
|  36|0x00000000c3c00000, 0x00000000c3c00000, 0x00000000c3d00000|  0%| F|  |TAMS 0x00000000c3c00000, 0x00000000c3c00000| Untracked 
|  37|0x00000000c3d00000, 0x00000000c3d00000, 0x00000000c3e00000|  0%| F|  |TAMS 0x00000000c3d00000, 0x00000000c3d00000| Untracked 
|  38|0x00000000c3e00000, 0x00000000c3e00000, 0x00000000c3f00000|  0%| F|  |TAMS 0x00000000c3e00000, 0x00000000c3e00000| Untracked 
|  39|0x00000000c3f00000, 0x00000000c3f00000, 0x00000000c4000000|  0%| F|  |TAMS 0x00000000c3f00000, 0x00000000c3f00000| Untracked 
|  40|0x00000000c4000000, 0x00000000c4000000, 0x00000000c4100000|  0%| F|  |TAMS 0x00000000c4000000, 0x00000000c4000000| Untracked 
|  41|0x00000000c4100000, 0x00000000c4100000, 0x00000000c4200000|  0%| F|  |TAMS 0x00000000c4100000, 0x00000000c4100000| Untracked 
|  42|0x00000000c4200000, 0x00000000c4200000, 0x00000000c4300000|  0%| F|  |TAMS 0x00000000c4200000, 0x00000000c4200000| Untracked 
|  43|0x00000000c4300000, 0x00000000c4300000, 0x00000000c4400000|  0%| F|  |TAMS 0x00000000c4300000, 0x00000000c4300000| Untracked 
|  44|0x00000000c4400000, 0x00000000c4400000, 0x00000000c4500000|  0%| F|  |TAMS 0x00000000c4400000, 0x00000000c4400000| Untracked 
|  45|0x00000000c4500000, 0x00000000c4500000, 0x00000000c4600000|  0%| F|  |TAMS 0x00000000c4500000, 0x00000000c4500000| Untracked 
|  46|0x00000000c4600000, 0x00000000c4600000, 0x00000000c4700000|  0%| F|  |TAMS 0x00000000c4600000, 0x00000000c4600000| Untracked 
|  47|0x00000000c4700000, 0x00000000c4700000, 0x00000000c4800000|  0%| F|  |TAMS 0x00000000c4700000, 0x00000000c4700000| Untracked 
|  48|0x00000000c4800000, 0x00000000c4800000, 0x00000000c4900000|  0%| F|  |TAMS 0x00000000c4800000, 0x00000000c4800000| Untracked 
|  49|0x00000000c4900000, 0x00000000c4900000, 0x00000000c4a00000|  0%| F|  |TAMS 0x00000000c4900000, 0x00000000c4900000| Untracked 
|  50|0x00000000c4a00000, 0x00000000c4a00000, 0x00000000c4b00000|  0%| F|  |TAMS 0x00000000c4a00000, 0x00000000c4a00000| Untracked 
|  51|0x00000000c4b00000, 0x00000000c4b00000, 0x00000000c4c00000|  0%| F|  |TAMS 0x00000000c4b00000, 0x00000000c4b00000| Untracked 
|  52|0x00000000c4c00000, 0x00000000c4c00000, 0x00000000c4d00000|  0%| F|  |TAMS 0x00000000c4c00000, 0x00000000c4c00000| Untracked 
|  53|0x00000000c4d00000, 0x00000000c4d00000, 0x00000000c4e00000|  0%| F|  |TAMS 0x00000000c4d00000, 0x00000000c4d00000| Untracked 
|  54|0x00000000c4e00000, 0x00000000c4e00000, 0x00000000c4f00000|  0%| F|  |TAMS 0x00000000c4e00000, 0x00000000c4e00000| Untracked 
|  55|0x00000000c4f00000, 0x00000000c4f00000, 0x00000000c5000000|  0%| F|  |TAMS 0x00000000c4f00000, 0x00000000c4f00000| Untracked 
|  56|0x00000000c5000000, 0x00000000c5000000, 0x00000000c5100000|  0%| F|  |TAMS 0x00000000c5000000, 0x00000000c5000000| Untracked 
|  57|0x00000000c5100000, 0x00000000c511ff20, 0x00000000c5200000| 12%| E|  |TAMS 0x00000000c5100000, 0x00000000c5100000| Complete 
|  58|0x00000000c5200000, 0x00000000c52fd918, 0x00000000c5300000| 99%| E|  |TAMS 0x00000000c5200000, 0x00000000c5200000| Complete 
|  59|0x00000000c5300000, 0x00000000c5400000, 0x00000000c5400000|100%| E|CS|TAMS 0x00000000c5300000, 0x00000000c5300000| Complete 
|  60|0x00000000c5400000, 0x00000000c5500000, 0x00000000c5500000|100%| E|CS|TAMS 0x00000000c5400000, 0x00000000c5400000| Complete 
|  61|0x00000000c5500000, 0x00000000c5600000, 0x00000000c5600000|100%| E|CS|TAMS 0x00000000c5500000, 0x00000000c5500000| Complete 
|  62|0x00000000c5600000, 0x00000000c5700000, 0x00000000c5700000|100%| E|CS|TAMS 0x00000000c5600000, 0x00000000c5600000| Complete 
|  63|0x00000000c5700000, 0x00000000c5800000, 0x00000000c5800000|100%| E|CS|TAMS 0x00000000c5700000, 0x00000000c5700000| Complete 

Card table byte_map: [0x000002204df30000,0x000002204e130000] _byte_map_base: 0x000002204d924000

Marking Bits (Prev, Next): (CMBitMap*) 0x00000220357d0f90, (CMBitMap*) 0x00000220357d0fd0
 Prev Bits: [0x000002204e330000, 0x000002204f2d0000)
 Next Bits: [0x000002204f2d0000, 0x0000022050270000)

Polling page: 0x0000022035590000

Metaspace:

Usage:
  Non-class:      1.63 MB used.
      Class:    143.70 KB used.
       Both:      1.77 MB used.

Virtual space:
  Non-class space:        8.00 MB reserved,       1.69 MB ( 21%) committed,  1 nodes.
      Class space:        1.00 GB reserved,     192.00 KB ( <1%) committed,  1 nodes.
              Both:        1.01 GB reserved,       1.88 MB ( <1%) committed. 

Chunk freelists:
   Non-Class:  3.23 MB
       Class:  3.66 MB
        Both:  6.89 MB

MaxMetaspaceSize: 17179869184.00 GB
CompressedClassSpaceSize: 1.00 GB
 - commit_granule_bytes: 65536.
 - commit_granule_words: 8192.
 - virtual_space_node_default_size: 1048576.
 - enlarge_chunks_in_place: 1.
 - new_chunks_are_fully_committed: 0.
 - uncommit_free_chunks: 1.
 - use_allocation_guard: 0.
 - handle_deallocations: 1.


Internal statistics:

num_allocs_failed_limit: 0.
num_arena_births: 8.
num_arena_deaths: 0.
num_vsnodes_births: 2.
num_vsnodes_deaths: 0.
num_space_committed: 30.
num_space_uncommitted: 0.
num_chunks_returned_to_freelist: 0.
num_chunks_taken_from_freelist: 49.
num_chunk_merges: 0.
num_chunk_splits: 35.
num_chunks_enlarged: 30.
num_purges: 0.

CodeHeap 'non-profiled nmethods': size=120000Kb used=129Kb max_used=129Kb free=119870Kb
 bounds [0x00000220461e0000, 0x0000022046450000, 0x000002204d710000]
CodeHeap 'profiled nmethods': size=120000Kb used=711Kb max_used=711Kb free=119288Kb
 bounds [0x000002203ecb0000, 0x000002203ef20000, 0x00000220461e0000]
CodeHeap 'non-nmethods': size=5760Kb used=1120Kb max_used=1136Kb free=4639Kb
 bounds [0x000002203e710000, 0x000002203e980000, 0x000002203ecb0000]
 total_blobs=844 nmethods=449 adapters=308
 compilation: enabled
              stopped_count=0, restarted_count=0
 full_count=0

Compilation events (20 events):
Event: 1.576 Thread 0x00000220527daa20 nmethod 437 0x000002203ed5e190 code [0x000002203ed5e320, 0x000002203ed5e498]
Event: 1.576 Thread 0x00000220527daa20  436       3       jdk.internal.loader.BuiltinClassLoader::loadClass (22 bytes)
Event: 1.577 Thread 0x00000220527daa20 nmethod 436 0x000002203ed5e510 code [0x000002203ed5e6c0, 0x000002203ed5e978]
Event: 1.582 Thread 0x00000220527daa20  438       1       java.lang.invoke.MethodType::form (5 bytes)
Event: 1.582 Thread 0x00000220527daa20 nmethod 438 0x00000220461fe490 code [0x00000220461fe620, 0x00000220461fe6f8]
Event: 1.585 Thread 0x00000220527daa20  441       3       java.lang.invoke.MethodType::parameterType (7 bytes)
Event: 1.586 Thread 0x00000220527daa20 nmethod 441 0x000002203ed5ea90 code [0x000002203ed5ec20, 0x000002203ed5ed58]
Event: 1.586 Thread 0x00000220527daa20  442       3       java.lang.invoke.MethodType::checkSlotCount (33 bytes)
Event: 1.588 Thread 0x00000220527daa20 nmethod 442 0x000002203ed5ee10 code [0x000002203ed5f040, 0x000002203ed5f6f8]
Event: 1.588 Thread 0x00000220527daa20  446       3       java.lang.invoke.MethodType::makeImpl (108 bytes)
Event: 1.592 Thread 0x00000220527daa20 nmethod 446 0x000002203ed5f990 code [0x000002203ed5fc40, 0x000002203ed60af8]
Event: 1.592 Thread 0x00000220527daa20  444       1       java.lang.invoke.MethodType$ConcurrentWeakInternSet$WeakEntry::hashCode (5 bytes)
Event: 1.592 Thread 0x00000220527daa20 nmethod 444 0x00000220461ff790 code [0x00000220461ff920, 0x00000220461ff9f8]
Event: 1.595 Thread 0x00000220527daa20  448       3       jdk.internal.loader.URLClassPath::getResource (74 bytes)
Event: 1.596 Thread 0x00000220527daa20 nmethod 448 0x000002203ed60f90 code [0x000002203ed61160, 0x000002203ed614b8]
Event: 1.598 Thread 0x00000220527daa20  449       3       java.lang.ClassLoader::getClassLoadingLock (35 bytes)
Event: 1.599 Thread 0x00000220527daa20 nmethod 449 0x000002203ed61610 code [0x000002203ed617e0, 0x000002203ed61ae8]
Event: 1.608 Thread 0x00000220527da0d0 nmethod 434 0x00000220461ffa90 code [0x00000220461ffc40, 0x0000022046200168]
Event: 1.608 Thread 0x00000220527da0d0  423       4       java.lang.Math::min (11 bytes)
Event: 1.609 Thread 0x00000220527da0d0 nmethod 423 0x0000022046200410 code [0x0000022046200580, 0x00000220462005d8]

GC Heap History (0 events):
No events

Deoptimization events (4 events):
Event: 0.752 Thread 0x00000220356aafe0 Uncommon trap: trap_request=0xffffff45 fr.pc=0x00000220461ebf04 relative=0x0000000000000064
Event: 0.752 Thread 0x00000220356aafe0 Uncommon trap: reason=unstable_if action=reinterpret pc=0x00000220461ebf04 method=java.io.WinNTFileSystem.isSlash(C)Z @ 9 c2
Event: 0.752 Thread 0x00000220356aafe0 DEOPT PACKING pc=0x00000220461ebf04 sp=0x000000b85e4fe080
Event: 0.752 Thread 0x00000220356aafe0 DEOPT UNPACKING pc=0x000002203e75d72e sp=0x000000b85e4fe008 mode 2

Classes unloaded (0 events):
No events

Classes redefined (0 events):
No events

Internal exceptions (0 events):
No events

Events (20 events):
Event: 1.456 loading class jdk/internal/misc/ScopedMemoryAccess$Scope
Event: 1.456 loading class jdk/internal/misc/ScopedMemoryAccess$Scope done
Event: 1.470 loading class java/io/StringWriter
Event: 1.470 loading class java/io/StringWriter done
Event: 1.470 loading class java/io/StringReader
Event: 1.470 loading class java/io/StringReader done
Event: 1.494 loading class java/lang/AssertionError
Event: 1.495 loading class java/lang/AssertionError done
Event: 1.529 loading class java/lang/StringIndexOutOfBoundsException
Event: 1.529 loading class java/lang/IndexOutOfBoundsException
Event: 1.529 loading class java/lang/IndexOutOfBoundsException done
Event: 1.529 loading class java/lang/StringIndexOutOfBoundsException done
Event: 1.572 loading class java/io/FileReader
Event: 1.572 loading class java/io/FileReader done
Event: 1.582 loading class java/util/regex/Pattern$BnM
Event: 1.582 loading class java/util/regex/Pattern$BnM done
Event: 1.582 loading class java/util/regex/Pattern$SliceS
Event: 1.582 loading class java/util/regex/Pattern$SliceS done
Event: 1.588 loading class java/text/MessageFormat
Event: 1.589 loading class java/text/MessageFormat done


Dynamic libraries:
0x00007ff61f910000 - 0x00007ff61f920000 	C:\Program Files\Java\jdk-16.0.2\bin\java.exe
0x00007ff9c7110000 - 0x00007ff9c7305000 	C:\WINDOWS\SYSTEM32\ntdll.dll
0x00007ff9c5460000 - 0x00007ff9c551e000 	C:\WINDOWS\System32\KERNEL32.DLL
0x00007ff9c4830000 - 0x00007ff9c4af9000 	C:\WINDOWS\System32\KERNELBASE.dll
0x00007ff9c4b00000 - 0x00007ff9c4c00000 	C:\WINDOWS\System32\ucrtbase.dll
0x00007ff9bd1a0000 - 0x00007ff9bd1b9000 	C:\Program Files\Java\jdk-16.0.2\bin\VCRUNTIME140.dll
0x00007ff99fcf0000 - 0x00007ff99fd08000 	C:\Program Files\Java\jdk-16.0.2\bin\jli.dll
0x00007ff9c6d10000 - 0x00007ff9c6dbc000 	C:\WINDOWS\System32\ADVAPI32.dll
0x00007ff9c6c00000 - 0x00007ff9c6c9e000 	C:\WINDOWS\System32\msvcrt.dll
0x00007ff9c6ef0000 - 0x00007ff9c6f8b000 	C:\WINDOWS\System32\sechost.dll
0x00007ff9c6dc0000 - 0x00007ff9c6eea000 	C:\WINDOWS\System32\RPCRT4.dll
0x00007ff9c59a0000 - 0x00007ff9c5b41000 	C:\WINDOWS\System32\USER32.dll
0x00007ff9aa3a0000 - 0x00007ff9aa63a000 	C:\WINDOWS\WinSxS\amd64_microsoft.windows.common-controls_6595b64144ccf1df_6.0.19041.1110_none_60b5254171f9507e\COMCTL32.dll
0x00007ff9c4c00000 - 0x00007ff9c4c22000 	C:\WINDOWS\System32\win32u.dll
0x00007ff9c68d0000 - 0x00007ff9c68fb000 	C:\WINDOWS\System32\GDI32.dll
0x00007ff9c5050000 - 0x00007ff9c515b000 	C:\WINDOWS\System32\gdi32full.dll
0x00007ff9c4c30000 - 0x00007ff9c4ccd000 	C:\WINDOWS\System32\msvcp_win.dll
0x00007ff9ba9c0000 - 0x00007ff9ba9ca000 	C:\WINDOWS\SYSTEM32\VERSION.dll
0x00007ff9c6af0000 - 0x00007ff9c6b20000 	C:\WINDOWS\System32\IMM32.DLL
0x00007ff9bdcf0000 - 0x00007ff9bdcfc000 	C:\Program Files\Java\jdk-16.0.2\bin\vcruntime140_1.dll
0x00007ff998260000 - 0x00007ff9982f1000 	C:\Program Files\Java\jdk-16.0.2\bin\msvcp140.dll
0x00007ff9839e0000 - 0x00007ff98458b000 	C:\Program Files\Java\jdk-16.0.2\bin\server\jvm.dll
0x00007ff9c5c00000 - 0x00007ff9c5c08000 	C:\WINDOWS\System32\PSAPI.DLL
0x00007ff9bde50000 - 0x00007ff9bde59000 	C:\WINDOWS\SYSTEM32\WSOCK32.dll
0x00007ff9ad120000 - 0x00007ff9ad147000 	C:\WINDOWS\SYSTEM32\WINMM.dll
0x00007ff9c6ca0000 - 0x00007ff9c6d0b000 	C:\WINDOWS\System32\WS2_32.dll
0x00007ff9c27c0000 - 0x00007ff9c27d2000 	C:\WINDOWS\SYSTEM32\kernel.appcore.dll
0x00007ff9bd140000 - 0x00007ff9bd14a000 	C:\Program Files\Java\jdk-16.0.2\bin\jimage.dll
0x00007ff9bf490000 - 0x00007ff9bf674000 	C:\WINDOWS\SYSTEM32\DBGHELP.DLL
0x00007ff9ac570000 - 0x00007ff9ac59c000 	C:\WINDOWS\SYSTEM32\dbgcore.DLL
0x00007ff9c4cd0000 - 0x00007ff9c4d53000 	C:\WINDOWS\System32\bcryptPrimitives.dll
0x00007ff9b2ab0000 - 0x00007ff9b2ad5000 	C:\Program Files\Java\jdk-16.0.2\bin\java.dll
0x00007ff9c5c10000 - 0x00007ff9c634f000 	C:\WINDOWS\System32\SHELL32.dll
0x00007ff9c2930000 - 0x00007ff9c30c0000 	C:\WINDOWS\SYSTEM32\windows.storage.dll
0x00007ff9c6570000 - 0x00007ff9c68c5000 	C:\WINDOWS\System32\combase.dll
0x00007ff9c4210000 - 0x00007ff9c423c000 	C:\WINDOWS\SYSTEM32\Wldp.dll
0x00007ff9c5b50000 - 0x00007ff9c5bfd000 	C:\WINDOWS\System32\SHCORE.dll
0x00007ff9c53f0000 - 0x00007ff9c5445000 	C:\WINDOWS\System32\shlwapi.dll
0x00007ff9c4770000 - 0x00007ff9c478f000 	C:\WINDOWS\SYSTEM32\profapi.dll
0x00007ff9b24f0000 - 0x00007ff9b2509000 	C:\Program Files\Java\jdk-16.0.2\bin\net.dll
0x00007ff9b8bf0000 - 0x00007ff9b8cf8000 	C:\WINDOWS\SYSTEM32\WINHTTP.dll
0x00007ff9c3f10000 - 0x00007ff9c3f7a000 	C:\WINDOWS\system32\mswsock.dll
0x00007ff9b2030000 - 0x00007ff9b2043000 	C:\Program Files\Java\jdk-16.0.2\bin\nio.dll
0x00007ff9b1150000 - 0x00007ff9b1168000 	C:\Program Files\Java\jdk-16.0.2\bin\zip.dll
0x00007ff9bd130000 - 0x00007ff9bd140000 	C:\Program Files\Java\jdk-16.0.2\bin\verify.dll
0x00007ff9aa8a0000 - 0x00007ff9aa8aa000 	C:\Program Files\NetBeans-12.5\netbeans\java\maven\lib\jansi-native\windows64\jansi.dll

dbghelp: loaded successfully - version: 4.0.5 - missing functions: none
symbol engine: initialized successfully - sym options: 0x614 - pdb path: .;C:\Program Files\Java\jdk-16.0.2\bin;C:\WINDOWS\SYSTEM32;C:\WINDOWS\WinSxS\amd64_microsoft.windows.common-controls_6595b64144ccf1df_6.0.19041.1110_none_60b5254171f9507e;C:\Program Files\Java\jdk-16.0.2\bin\server;C:\Program Files\NetBeans-12.5\netbeans\java\maven\lib\jansi-native\windows64

VM Arguments:
jvm_args: -Dclassworlds.conf=C:\Program Files\NetBeans-12.5\netbeans\java\maven\bin\..\bin\m2.conf -Dmaven.home=C:\Program Files\NetBeans-12.5\netbeans\java\maven\bin\.. -Dlibrary.jansi.path=C:\Program Files\NetBeans-12.5\netbeans\java\maven\bin\..\lib\jansi-native -Dmaven.multiModuleProjectDirectory=C:\Users\dell\Documents\NetBeansProjects\projetoGit\projetoN2 
java_command: org.codehaus.plexus.classworlds.launcher.Launcher -Dexec.vmArgs= -Dexec.args=${exec.vmArgs} -classpath %classpath ${exec.mainClass} ${exec.appArgs} -Dexec.appArgs= -Dexec.mainClass=view.MainFrame -Dexec.executable=C:\Program Files\Java\jdk-16.0.2\bin\java.exe -Dmaven.ext.class.path=C:\Program Files\NetBeans-12.5\netbeans\java\maven-nblib\netbeans-eventspy.jar -Dfile.encoding=UTF-8 org.codehaus.mojo:exec-maven-plugin:3.0.0:exec
java_class_path (initial): C:\Program Files\NetBeans-12.5\netbeans\java\maven\bin\..\boot\plexus-classworlds-2.6.0.jar
Launcher Type: SUN_STANDARD

[Global flags]
     intx CICompilerCount                          = 3                                         {product} {ergonomic}
     uint ConcGCThreads                            = 1                                         {product} {ergonomic}
     uint G1ConcRefinementThreads                  = 4                                         {product} {ergonomic}
   size_t G1HeapRegionSize                         = 1048576                                   {product} {ergonomic}
    uintx GCDrainStackTargetSize                   = 64                                        {product} {ergonomic}
   size_t InitialHeapSize                          = 67108864                                  {product} {ergonomic}
   size_t MarkStackSize                            = 4194304                                   {product} {ergonomic}
   size_t MaxHeapSize                              = 1048576000                                {product} {ergonomic}
   size_t MaxNewSize                               = 629145600                                 {product} {ergonomic}
   size_t MinHeapDeltaBytes                        = 1048576                                   {product} {ergonomic}
   size_t MinHeapSize                              = 8388608                                   {product} {ergonomic}
    uintx NonNMethodCodeHeapSize                   = 5832780                                {pd product} {ergonomic}
    uintx NonProfiledCodeHeapSize                  = 122912730                              {pd product} {ergonomic}
    uintx ProfiledCodeHeapSize                     = 122912730                              {pd product} {ergonomic}
    uintx ReservedCodeCacheSize                    = 251658240                              {pd product} {ergonomic}
     bool SegmentedCodeCache                       = true                                      {product} {ergonomic}
   size_t SoftMaxHeapSize                          = 1048576000                             {manageable} {ergonomic}
     bool UseCompressedClassPointers               = true                           {product lp64_product} {ergonomic}
     bool UseCompressedOops                        = true                           {product lp64_product} {ergonomic}
     bool UseG1GC                                  = true                                      {product} {ergonomic}
     bool UseLargePagesIndividualAllocation        = false                                  {pd product} {ergonomic}

Logging:
Log output configuration:
 #0: stdout all=warning uptime,level,tags
 #1: stderr all=off uptime,level,tags

Environment Variables:
JAVA_HOME=C:\Program Files\Java\jdk-16.0.2
PATH=C:\Program Files\Common Files\Oracle\Java\javapath;C:\Program Files (x86)\Common Files\Oracle\Java\javapath;C:\Program Files\AdoptOpenJDK\jdk-14.0.2.12-hotspot\bin;C:\WINDOWS\system32;C:\WINDOWS;C:\WINDOWS\System32\Wbem;C:\WINDOWS\System32\WindowsPowerShell\v1.0\;C:\WINDOWS\System32\OpenSSH\;C:\Program Files\nodejs\;C:\Program Files (x86)\Intel\Intel(R) Management Engine Components\DAL;C:\Program Files\Intel\Intel(R) Management Engine Components\DAL;C:\MinGW\bin;C:\Program Files\Java\jdk-15.0.2\bin;C:\Program Files\Git\cmd;C:\Program Files\Apache\maven\apache-maven-3.8.3\bin;C:\Program Files\MySQL\MySQL Shell 8.0\bin\;C:\Users\dell\AppData\Local\Microsoft\WindowsApps;C:\Users\dell\AppData\Roaming\npm;C:\MinGW\bin;;C:\Program Files\JetBrains\IntelliJ IDEA Community Edition 2021.2\bin;;C:\Users\dell\AppData\Local\Programs\mongosh\
USERNAME=dell
OS=Windows_NT
PROCESSOR_IDENTIFIER=Intel64 Family 6 Model 142 Stepping 9, GenuineIntel



---------------  S Y S T E M  ---------------

OS:
 Windows 10 , 64 bit Build 19041 (10.0.19041.1202)
OS uptime: 1 days 2:29 hours

CPU: total 4 (initial active 4) (2 cores per cpu, 2 threads per core) family 6 model 142 stepping 9 microcode 0xea, cx8, cmov, fxsr, ht, mmx, 3dnowpref, sse, sse2, sse3, ssse3, sse4.1, sse4.2, popcnt, lzcnt, tsc, tscinvbit, avx, avx2, aes, erms, clmul, bmi1, bmi2, adx, fma, vzeroupper, clflush, clflushopt

Memory: 4k page, system-wide physical 3996M (344M free)
TotalPageFile size 5391M (AvailPageFile size 1M)
current process WorkingSet (physical memory assigned to process): 40M, peak: 40M
current process commit charge ("private bytes"): 139M, peak: 139M

vm_info: Java HotSpot(TM) 64-Bit Server VM (16.0.2+7-67) for windows-amd64 JRE (16.0.2+7-67), built on Jun  8 2021 23:24:19 by "mach5one" with MS VC++ 16.7 (VS2019)

END.
