#
# There is insufficient memory for the Java Runtime Environment to continue.
# Native memory allocation (malloc) failed to allocate 346912 bytes for Chunk::new
# Possible reasons:
#   The system is out of physical RAM or swap space
#   The process is running with CompressedOops enabled, and the Java Heap may be blocking the growth of the native heap
# Possible solutions:
#   Reduce memory load on the system
#   Increase physical memory or swap space
#   Check if swap backing store is full
#   Decrease Java heap size (-Xmx/-Xms)
#   Decrease number of Java threads
#   Decrease Java thread stack sizes (-Xss)
#   Set larger code cache with -XX:ReservedCodeCacheSize=
#   JVM is running with Unscaled Compressed Oops mode in which the Java heap is
#     placed in the first 4GB address space. The Java Heap base address is the
#     maximum limit for the native heap growth. Please use -XX:HeapBaseMinAddress
#     to set the Java Heap base and to place the Java Heap above 4GB virtual address.
# This output file may be truncated or incomplete.
#
#  Out of Memory Error (arena.cpp:195), pid=6140, tid=4372
#
# JRE version: Java(TM) SE Runtime Environment (16.0.2+7) (build 16.0.2+7-67)
# Java VM: Java HotSpot(TM) 64-Bit Server VM (16.0.2+7-67, mixed mode, sharing, tiered, compressed oops, compressed class ptrs, g1 gc, windows-amd64)
# No core dump will be written. Minidumps are not enabled by default on client versions of Windows
#

---------------  S U M M A R Y ------------

Command Line: -Dclassworlds.conf=C:\Program Files\NetBeans-12.5\netbeans\java\maven\bin\..\bin\m2.conf -Dmaven.home=C:\Program Files\NetBeans-12.5\netbeans\java\maven\bin\.. -Dlibrary.jansi.path=C:\Program Files\NetBeans-12.5\netbeans\java\maven\bin\..\lib\jansi-native -Dmaven.multiModuleProjectDirectory=C:\Users\dell\Documents\NetBeansProjects\po\projetoN2 org.codehaus.plexus.classworlds.launcher.Launcher -Dexec.vmArgs= -Dexec.args=${exec.vmArgs} -classpath %classpath ${exec.mainClass} ${exec.appArgs} -Dexec.executable=C:\Program Files\Java\jdk-16.0.2\bin\java.exe -Dexec.mainClass=view.MainFrame -Dexec.classpathScope=runtime -Dexec.appArgs= -Dmaven.ext.class.path=C:\Program Files\NetBeans-12.5\netbeans\java\maven-nblib\netbeans-eventspy.jar -Dfile.encoding=UTF-8 org.codehaus.mojo:exec-maven-plugin:3.0.0:exec

Host: Intel(R) Core(TM) i3-7020U CPU @ 2.30GHz, 4 cores, 3G,  Windows 10 , 64 bit Build 19041 (10.0.19041.1202)
Time: Sat Oct 16 08:52:11 2021 Hora oficial do Brasil elapsed time: 0.990146 seconds (0d 0h 0m 0s)

---------------  T H R E A D  ---------------

Current thread (0x0000014e7f797ba0):  JavaThread "C2 CompilerThread0" daemon [_thread_in_native, id=4372, stack(0x0000000f88400000,0x0000000f88500000)]


Current CompileTask:
C2:    990  668  s!   4       jdk.internal.loader.URLClassPath::getLoader (194 bytes)

Stack: [0x0000000f88400000,0x0000000f88500000]
Native frames: (J=compiled Java code, j=interpreted, Vv=VM code, C=native code)
V  [jvm.dll+0x6681ca]
V  [jvm.dll+0x7c9e69]
V  [jvm.dll+0x7cb61e]
V  [jvm.dll+0x7cbc73]
V  [jvm.dll+0x242c55]
V  [jvm.dll+0xadeba]
V  [jvm.dll+0xae45c]
V  [jvm.dll+0x35a8d7]
V  [jvm.dll+0x324de1]
V  [jvm.dll+0x32428a]
V  [jvm.dll+0x215cec]
V  [jvm.dll+0x215100]
V  [jvm.dll+0x1a1beb]
V  [jvm.dll+0x225158]
V  [jvm.dll+0x22319c]
V  [jvm.dll+0x77fa62]
V  [jvm.dll+0x7795aa]
V  [jvm.dll+0x667066]
C  [ucrtbase.dll+0x21bb2]
C  [KERNEL32.DLL+0x17034]
C  [ntdll.dll+0x52651]


---------------  P R O C E S S  ---------------

Threads class SMR info:
_java_thread_list=0x0000014e04950540, length=12, elements={
0x0000014e685cf850, 0x0000014e7f7768f0, 0x0000014e7f777e60, 0x0000014e7f78b370,
0x0000014e7f78ce90, 0x0000014e7f78e140, 0x0000014e7f793210, 0x0000014e7f797ba0,
0x0000014e7f79b100, 0x0000014e7f7a5660, 0x0000014e0496e760, 0x0000014e04972560
}

Java Threads: ( => current thread )
  0x0000014e685cf850 JavaThread "main" [_thread_in_vm, id=10688, stack(0x0000000f87700000,0x0000000f87800000)]
  0x0000014e7f7768f0 JavaThread "Reference Handler" daemon [_thread_blocked, id=3928, stack(0x0000000f87e00000,0x0000000f87f00000)]
  0x0000014e7f777e60 JavaThread "Finalizer" daemon [_thread_blocked, id=8416, stack(0x0000000f87f00000,0x0000000f88000000)]
  0x0000014e7f78b370 JavaThread "Signal Dispatcher" daemon [_thread_blocked, id=8504, stack(0x0000000f88000000,0x0000000f88100000)]
  0x0000014e7f78ce90 JavaThread "Attach Listener" daemon [_thread_blocked, id=8360, stack(0x0000000f88100000,0x0000000f88200000)]
  0x0000014e7f78e140 JavaThread "Service Thread" daemon [_thread_blocked, id=4628, stack(0x0000000f88200000,0x0000000f88300000)]
  0x0000014e7f793210 JavaThread "Monitor Deflation Thread" daemon [_thread_blocked, id=3984, stack(0x0000000f88300000,0x0000000f88400000)]
=>0x0000014e7f797ba0 JavaThread "C2 CompilerThread0" daemon [_thread_in_native, id=4372, stack(0x0000000f88400000,0x0000000f88500000)]
  0x0000014e7f79b100 JavaThread "C1 CompilerThread0" daemon [_thread_blocked, id=6652, stack(0x0000000f88500000,0x0000000f88600000)]
  0x0000014e7f7a5660 JavaThread "Sweeper thread" daemon [_thread_blocked, id=5424, stack(0x0000000f88600000,0x0000000f88700000)]
  0x0000014e0496e760 JavaThread "Notification Thread" daemon [_thread_blocked, id=7884, stack(0x0000000f88700000,0x0000000f88800000)]
  0x0000014e04972560 JavaThread "Common-Cleaner" daemon [_thread_blocked, id=10456, stack(0x0000000f88900000,0x0000000f88a00000)]

Other Threads:
  0x0000014e7f7706f0 VMThread "VM Thread" [stack: 0x0000000f87d00000,0x0000000f87e00000] [id=5660]
  0x0000014e049718c0 WatcherThread [stack: 0x0000000f88800000,0x0000000f88900000] [id=1476]
  0x0000014e685ff440 GCTaskThread "GC Thread#0" [stack: 0x0000000f87800000,0x0000000f87900000] [id=2992]
  0x0000014e68608090 ConcurrentGCThread "G1 Main Marker" [stack: 0x0000000f87900000,0x0000000f87a00000] [id=6296]
  0x0000014e686091b0 ConcurrentGCThread "G1 Conc#0" [stack: 0x0000000f87a00000,0x0000000f87b00000] [id=9952]
  0x0000014e68656350 ConcurrentGCThread "G1 Refine#0" [stack: 0x0000000f87b00000,0x0000000f87c00000] [id=6640]
  0x0000014e68656ce0 ConcurrentGCThread "G1 Service" [stack: 0x0000000f87c00000,0x0000000f87d00000] [id=5764]

Threads with active compile tasks:
C2 CompilerThread0     1147  668  s!   4       jdk.internal.loader.URLClassPath::getLoader (194 bytes)

VM state: not at safepoint (normal execution)

VM Mutex/Monitor currently owned by a thread:  ([mutex/lock_event])
[0x0000014e685c89f0] MetaspaceExpand_lock - owner thread: 0x0000014e685cf850

Heap address: 0x00000000c1800000, size: 1000 MB, Compressed Oops mode: 32-bit

CDS archive(s) mapped at: [0x0000000800000000-0x0000000800bb0000-0x0000000800bb0000), size 12255232, SharedBaseAddress: 0x0000000800000000, ArchiveRelocationMode: 0.
Compressed class space mapped at: 0x0000000800c00000-0x0000000840c00000, reserved size: 1073741824
Narrow klass base: 0x0000000800000000, Narrow klass shift: 3, Narrow klass range: 0x100000000

GC Precious Log:
 CPUs: 4 total, 4 available
 Memory: 3996M
 Large Page Support: Disabled
 NUMA Support: Disabled
 Compressed Oops: Enabled (32-bit)
 Heap Region Size: 1M
 Heap Min Capacity: 8M
 Heap Initial Capacity: 64M
 Heap Max Capacity: 1000M
 Pre-touch: Disabled
 Parallel Workers: 4
 Concurrent Workers: 1
 Concurrent Refinement Workers: 4
 Periodic GC: Disabled

Heap:
 garbage-first heap   total 65536K, used 10240K [0x00000000c1800000, 0x0000000100000000)
  region size 1024K, 12 young (12288K), 0 survivors (0K)
 Metaspace       used 3190K, committed 3328K, reserved 1056768K
  class space    used 305K, committed 384K, reserved 1048576K

Heap Regions: E=young(eden), S=young(survivor), O=old, HS=humongous(starts), HC=humongous(continues), CS=collection set, F=free, OA=open archive, CA=closed archive, TAMS=top-at-mark-start (previous, next)
|   0|0x00000000c1800000, 0x00000000c1800000, 0x00000000c1900000|  0%| F|  |TAMS 0x00000000c1800000, 0x00000000c1800000| Untracked 
|   1|0x00000000c1900000, 0x00000000c1900000, 0x00000000c1a00000|  0%| F|  |TAMS 0x00000000c1900000, 0x00000000c1900000| Untracked 
|   2|0x00000000c1a00000, 0x00000000c1a00000, 0x00000000c1b00000|  0%| F|  |TAMS 0x00000000c1a00000, 0x00000000c1a00000| Untracked 
|   3|0x00000000c1b00000, 0x00000000c1b00000, 0x00000000c1c00000|  0%| F|  |TAMS 0x00000000c1b00000, 0x00000000c1b00000| Untracked 
|   4|0x00000000c1c00000, 0x00000000c1c00000, 0x00000000c1d00000|  0%| F|  |TAMS 0x00000000c1c00000, 0x00000000c1c00000| Untracked 
|   5|0x00000000c1d00000, 0x00000000c1d00000, 0x00000000c1e00000|  0%| F|  |TAMS 0x00000000c1d00000, 0x00000000c1d00000| Untracked 
|   6|0x00000000c1e00000, 0x00000000c1e00000, 0x00000000c1f00000|  0%| F|  |TAMS 0x00000000c1e00000, 0x00000000c1e00000| Untracked 
|   7|0x00000000c1f00000, 0x00000000c1f00000, 0x00000000c2000000|  0%| F|  |TAMS 0x00000000c1f00000, 0x00000000c1f00000| Untracked 
|   8|0x00000000c2000000, 0x00000000c2000000, 0x00000000c2100000|  0%| F|  |TAMS 0x00000000c2000000, 0x00000000c2000000| Untracked 
|   9|0x00000000c2100000, 0x00000000c2100000, 0x00000000c2200000|  0%| F|  |TAMS 0x00000000c2100000, 0x00000000c2100000| Untracked 
|  10|0x00000000c2200000, 0x00000000c2200000, 0x00000000c2300000|  0%| F|  |TAMS 0x00000000c2200000, 0x00000000c2200000| Untracked 
|  11|0x00000000c2300000, 0x00000000c2300000, 0x00000000c2400000|  0%| F|  |TAMS 0x00000000c2300000, 0x00000000c2300000| Untracked 
|  12|0x00000000c2400000, 0x00000000c2400000, 0x00000000c2500000|  0%| F|  |TAMS 0x00000000c2400000, 0x00000000c2400000| Untracked 
|  13|0x00000000c2500000, 0x00000000c2500000, 0x00000000c2600000|  0%| F|  |TAMS 0x00000000c2500000, 0x00000000c2500000| Untracked 
|  14|0x00000000c2600000, 0x00000000c2600000, 0x00000000c2700000|  0%| F|  |TAMS 0x00000000c2600000, 0x00000000c2600000| Untracked 
|  15|0x00000000c2700000, 0x00000000c2700000, 0x00000000c2800000|  0%| F|  |TAMS 0x00000000c2700000, 0x00000000c2700000| Untracked 
|  16|0x00000000c2800000, 0x00000000c2800000, 0x00000000c2900000|  0%| F|  |TAMS 0x00000000c2800000, 0x00000000c2800000| Untracked 
|  17|0x00000000c2900000, 0x00000000c2900000, 0x00000000c2a00000|  0%| F|  |TAMS 0x00000000c2900000, 0x00000000c2900000| Untracked 
|  18|0x00000000c2a00000, 0x00000000c2a00000, 0x00000000c2b00000|  0%| F|  |TAMS 0x00000000c2a00000, 0x00000000c2a00000| Untracked 
|  19|0x00000000c2b00000, 0x00000000c2b00000, 0x00000000c2c00000|  0%| F|  |TAMS 0x00000000c2b00000, 0x00000000c2b00000| Untracked 
|  20|0x00000000c2c00000, 0x00000000c2c00000, 0x00000000c2d00000|  0%| F|  |TAMS 0x00000000c2c00000, 0x00000000c2c00000| Untracked 
|  21|0x00000000c2d00000, 0x00000000c2d00000, 0x00000000c2e00000|  0%| F|  |TAMS 0x00000000c2d00000, 0x00000000c2d00000| Untracked 
|  22|0x00000000c2e00000, 0x00000000c2e00000, 0x00000000c2f00000|  0%| F|  |TAMS 0x00000000c2e00000, 0x00000000c2e00000| Untracked 
|  23|0x00000000c2f00000, 0x00000000c2f00000, 0x00000000c3000000|  0%| F|  |TAMS 0x00000000c2f00000, 0x00000000c2f00000| Untracked 
|  24|0x00000000c3000000, 0x00000000c3000000, 0x00000000c3100000|  0%| F|  |TAMS 0x00000000c3000000, 0x00000000c3000000| Untracked 
|  25|0x00000000c3100000, 0x00000000c3100000, 0x00000000c3200000|  0%| F|  |TAMS 0x00000000c3100000, 0x00000000c3100000| Untracked 
|  26|0x00000000c3200000, 0x00000000c3200000, 0x00000000c3300000|  0%| F|  |TAMS 0x00000000c3200000, 0x00000000c3200000| Untracked 
|  27|0x00000000c3300000, 0x00000000c3300000, 0x00000000c3400000|  0%| F|  |TAMS 0x00000000c3300000, 0x00000000c3300000| Untracked 
|  28|0x00000000c3400000, 0x00000000c3400000, 0x00000000c3500000|  0%| F|  |TAMS 0x00000000c3400000, 0x00000000c3400000| Untracked 
|  29|0x00000000c3500000, 0x00000000c3500000, 0x00000000c3600000|  0%| F|  |TAMS 0x00000000c3500000, 0x00000000c3500000| Untracked 
|  30|0x00000000c3600000, 0x00000000c3600000, 0x00000000c3700000|  0%| F|  |TAMS 0x00000000c3600000, 0x00000000c3600000| Untracked 
|  31|0x00000000c3700000, 0x00000000c3700000, 0x00000000c3800000|  0%| F|  |TAMS 0x00000000c3700000, 0x00000000c3700000| Untracked 
|  32|0x00000000c3800000, 0x00000000c3800000, 0x00000000c3900000|  0%| F|  |TAMS 0x00000000c3800000, 0x00000000c3800000| Untracked 
|  33|0x00000000c3900000, 0x00000000c3900000, 0x00000000c3a00000|  0%| F|  |TAMS 0x00000000c3900000, 0x00000000c3900000| Untracked 
|  34|0x00000000c3a00000, 0x00000000c3a00000, 0x00000000c3b00000|  0%| F|  |TAMS 0x00000000c3a00000, 0x00000000c3a00000| Untracked 
|  35|0x00000000c3b00000, 0x00000000c3b00000, 0x00000000c3c00000|  0%| F|  |TAMS 0x00000000c3b00000, 0x00000000c3b00000| Untracked 
|  36|0x00000000c3c00000, 0x00000000c3c00000, 0x00000000c3d00000|  0%| F|  |TAMS 0x00000000c3c00000, 0x00000000c3c00000| Untracked 
|  37|0x00000000c3d00000, 0x00000000c3d00000, 0x00000000c3e00000|  0%| F|  |TAMS 0x00000000c3d00000, 0x00000000c3d00000| Untracked 
|  38|0x00000000c3e00000, 0x00000000c3e00000, 0x00000000c3f00000|  0%| F|  |TAMS 0x00000000c3e00000, 0x00000000c3e00000| Untracked 
|  39|0x00000000c3f00000, 0x00000000c3f00000, 0x00000000c4000000|  0%| F|  |TAMS 0x00000000c3f00000, 0x00000000c3f00000| Untracked 
|  40|0x00000000c4000000, 0x00000000c4000000, 0x00000000c4100000|  0%| F|  |TAMS 0x00000000c4000000, 0x00000000c4000000| Untracked 
|  41|0x00000000c4100000, 0x00000000c4100000, 0x00000000c4200000|  0%| F|  |TAMS 0x00000000c4100000, 0x00000000c4100000| Untracked 
|  42|0x00000000c4200000, 0x00000000c4200000, 0x00000000c4300000|  0%| F|  |TAMS 0x00000000c4200000, 0x00000000c4200000| Untracked 
|  43|0x00000000c4300000, 0x00000000c4300000, 0x00000000c4400000|  0%| F|  |TAMS 0x00000000c4300000, 0x00000000c4300000| Untracked 
|  44|0x00000000c4400000, 0x00000000c4400000, 0x00000000c4500000|  0%| F|  |TAMS 0x00000000c4400000, 0x00000000c4400000| Untracked 
|  45|0x00000000c4500000, 0x00000000c4500000, 0x00000000c4600000|  0%| F|  |TAMS 0x00000000c4500000, 0x00000000c4500000| Untracked 
|  46|0x00000000c4600000, 0x00000000c4600000, 0x00000000c4700000|  0%| F|  |TAMS 0x00000000c4600000, 0x00000000c4600000| Untracked 
|  47|0x00000000c4700000, 0x00000000c4700000, 0x00000000c4800000|  0%| F|  |TAMS 0x00000000c4700000, 0x00000000c4700000| Untracked 
|  48|0x00000000c4800000, 0x00000000c4800000, 0x00000000c4900000|  0%| F|  |TAMS 0x00000000c4800000, 0x00000000c4800000| Untracked 
|  49|0x00000000c4900000, 0x00000000c4900000, 0x00000000c4a00000|  0%| F|  |TAMS 0x00000000c4900000, 0x00000000c4900000| Untracked 
|  50|0x00000000c4a00000, 0x00000000c4a00000, 0x00000000c4b00000|  0%| F|  |TAMS 0x00000000c4a00000, 0x00000000c4a00000| Untracked 
|  51|0x00000000c4b00000, 0x00000000c4b00000, 0x00000000c4c00000|  0%| F|  |TAMS 0x00000000c4b00000, 0x00000000c4b00000| Untracked 
|  52|0x00000000c4c00000, 0x00000000c4ccf6c0, 0x00000000c4d00000| 81%| E|  |TAMS 0x00000000c4c00000, 0x00000000c4c00000| Complete 
|  53|0x00000000c4d00000, 0x00000000c4e00000, 0x00000000c4e00000|100%| E|CS|TAMS 0x00000000c4d00000, 0x00000000c4d00000| Complete 
|  54|0x00000000c4e00000, 0x00000000c4f00000, 0x00000000c4f00000|100%| E|CS|TAMS 0x00000000c4e00000, 0x00000000c4e00000| Complete 
|  55|0x00000000c4f00000, 0x00000000c5000000, 0x00000000c5000000|100%| E|CS|TAMS 0x00000000c4f00000, 0x00000000c4f00000| Complete 
|  56|0x00000000c5000000, 0x00000000c5100000, 0x00000000c5100000|100%| E|CS|TAMS 0x00000000c5000000, 0x00000000c5000000| Complete 
|  57|0x00000000c5100000, 0x00000000c5200000, 0x00000000c5200000|100%| E|CS|TAMS 0x00000000c5100000, 0x00000000c5100000| Complete 
|  58|0x00000000c5200000, 0x00000000c5300000, 0x00000000c5300000|100%| E|  |TAMS 0x00000000c5200000, 0x00000000c5200000| Complete 
|  59|0x00000000c5300000, 0x00000000c5400000, 0x00000000c5400000|100%| E|CS|TAMS 0x00000000c5300000, 0x00000000c5300000| Complete 
|  60|0x00000000c5400000, 0x00000000c5500000, 0x00000000c5500000|100%| E|CS|TAMS 0x00000000c5400000, 0x00000000c5400000| Complete 
|  61|0x00000000c5500000, 0x00000000c5600000, 0x00000000c5600000|100%| E|CS|TAMS 0x00000000c5500000, 0x00000000c5500000| Complete 
|  62|0x00000000c5600000, 0x00000000c5700000, 0x00000000c5700000|100%| E|CS|TAMS 0x00000000c5600000, 0x00000000c5600000| Complete 
|  63|0x00000000c5700000, 0x00000000c5800000, 0x00000000c5800000|100%| E|CS|TAMS 0x00000000c5700000, 0x00000000c5700000| Complete 

Card table byte_map: [0x0000014e7ef50000,0x0000014e7f150000] _byte_map_base: 0x0000014e7e944000

Marking Bits (Prev, Next): (CMBitMap*) 0x0000014e685ff9c0, (CMBitMap*) 0x0000014e685ffa00
 Prev Bits: [0x0000014e00000000, 0x0000014e00fa0000)
 Next Bits: [0x0000014e00fa0000, 0x0000014e01f40000)

Polling page: 0x0000014e66360000

Metaspace:

Usage:
  Non-class:      2.82 MB used.
      Class:    305.42 KB used.
       Both:      3.12 MB used.

Virtual space:
  Non-class space:        8.00 MB reserved,       2.88 MB ( 36%) committed,  1 nodes.
      Class space:        1.00 GB reserved,     384.00 KB ( <1%) committed,  1 nodes.
              Both:        1.01 GB reserved,       3.25 MB ( <1%) committed. 

Chunk freelists:
   Non-Class:  2.36 MB
       Class:  3.52 MB
        Both:  5.88 MB

MaxMetaspaceSize: 17179869184.00 GB
CompressedClassSpaceSize: 1.00 GB
 - commit_granule_bytes: 65536.
 - commit_granule_words: 8192.
 - virtual_space_node_default_size: 1048576.
 - enlarge_chunks_in_place: 1.
 - new_chunks_are_fully_committed: 0.
 - uncommit_free_chunks: 1.
 - use_allocation_guard: 0.
 - handle_deallocations: 1.


Internal statistics:

num_allocs_failed_limit: 0.
num_arena_births: 14.
num_arena_deaths: 0.
num_vsnodes_births: 2.
num_vsnodes_deaths: 0.
num_space_committed: 52.
num_space_uncommitted: 0.
num_chunks_returned_to_freelist: 0.
num_chunks_taken_from_freelist: 98.
num_chunk_merges: 0.
num_chunk_splits: 72.
num_chunks_enlarged: 60.
num_purges: 0.

CodeHeap 'non-profiled nmethods': size=120000Kb used=188Kb max_used=188Kb free=119811Kb
 bounds [0x0000014e77820000, 0x0000014e77a90000, 0x0000014e7ed50000]
CodeHeap 'profiled nmethods': size=120000Kb used=1353Kb max_used=1353Kb free=118646Kb
 bounds [0x0000014e702f0000, 0x0000014e70560000, 0x0000014e77820000]
CodeHeap 'non-nmethods': size=5760Kb used=1155Kb max_used=1164Kb free=4604Kb
 bounds [0x0000014e6fd50000, 0x0000014e6ffc0000, 0x0000014e702f0000]
 total_blobs=1135 nmethods=696 adapters=352
 compilation: enabled
              stopped_count=0, restarted_count=0
 full_count=0

Compilation events (20 events):
Event: 0.931 Thread 0x0000014e7f79b100 nmethod 676 0x0000014e70429890 code [0x0000014e70429a80, 0x0000014e7042a018]
Event: 0.931 Thread 0x0000014e7f79b100  677       3       java.security.SecureClassLoader$CodeSourceKey::equals (56 bytes)
Event: 0.932 Thread 0x0000014e7f79b100 nmethod 677 0x0000014e7042a210 code [0x0000014e7042a420, 0x0000014e7042aab8]
Event: 0.934 Thread 0x0000014e7f79b100  678   !   3       jdk.internal.loader.URLClassPath$JarLoader::checkResource (78 bytes)
Event: 0.935 Thread 0x0000014e7f79b100 nmethod 678 0x0000014e7042ac90 code [0x0000014e7042aee0, 0x0000014e7042b928]
Event: 0.936 Thread 0x0000014e7f79b100  679       3       sun.net.util.URLUtil::urlNoFragString (114 bytes)
Event: 0.939 Thread 0x0000014e7f79b100 nmethod 679 0x0000014e7042bd90 code [0x0000014e7042c0c0, 0x0000014e7042d128]
Event: 0.943 Thread 0x0000014e7f79b100  680       3       java.lang.StringCoding::newStringUTF8NoRepl (56 bytes)
Event: 0.944 Thread 0x0000014e7f79b100 nmethod 680 0x0000014e7042d710 code [0x0000014e7042d920, 0x0000014e7042df98]
Event: 0.948 Thread 0x0000014e7f79b100  681   !   3       jdk.internal.loader.BuiltinClassLoader::findClassOnClassPathOrNull (64 bytes)
Event: 0.951 Thread 0x0000014e7f79b100 nmethod 681 0x0000014e7042e210 code [0x0000014e7042e5e0, 0x0000014e7042fde8]
Event: 0.959 Thread 0x0000014e7f79b100  683       3       java.lang.ClassLoader::definePackage (85 bytes)
Event: 0.961 Thread 0x0000014e7f79b100 nmethod 683 0x0000014e70430690 code [0x0000014e70430960, 0x0000014e704318d8]
Event: 0.961 Thread 0x0000014e7f79b100  684   !   3       java.nio.DirectLongBufferU::get (36 bytes)
Event: 0.962 Thread 0x0000014e7f79b100 nmethod 684 0x0000014e70431d90 code [0x0000014e70431fe0, 0x0000014e70432918]
Event: 0.962 Thread 0x0000014e7f79b100  685   !   3       jdk.internal.misc.ScopedMemoryAccess::getLong (20 bytes)
Event: 0.962 Thread 0x0000014e7f79b100 nmethod 685 0x0000014e70432e90 code [0x0000014e70433080, 0x0000014e704335d8]
Event: 0.962 Thread 0x0000014e7f79b100  686   !   3       jdk.internal.misc.ScopedMemoryAccess::getLongInternal (36 bytes)
Event: 0.963 Thread 0x0000014e7f79b100 nmethod 686 0x0000014e70433890 code [0x0000014e70433a60, 0x0000014e70433d88]
Event: 0.963 Thread 0x0000014e7f79b100  687   !   3       java.nio.DirectLongBufferU::put (39 bytes)

GC Heap History (0 events):
No events

Deoptimization events (20 events):
Event: 0.228 Thread 0x0000014e685cf850 Uncommon trap: trap_request=0xffffff45 fr.pc=0x0000014e7782b904 relative=0x0000000000000064
Event: 0.228 Thread 0x0000014e685cf850 Uncommon trap: reason=unstable_if action=reinterpret pc=0x0000014e7782b904 method=java.io.WinNTFileSystem.isSlash(C)Z @ 9 c2
Event: 0.228 Thread 0x0000014e685cf850 DEOPT PACKING pc=0x0000014e7782b904 sp=0x0000000f877fe260
Event: 0.228 Thread 0x0000014e685cf850 DEOPT UNPACKING pc=0x0000014e6fd9d72e sp=0x0000000f877fe1e8 mode 2
Event: 0.786 Thread 0x0000014e685cf850 Uncommon trap: trap_request=0xffffff45 fr.pc=0x0000014e77827e48 relative=0x0000000000000408
Event: 0.786 Thread 0x0000014e685cf850 Uncommon trap: reason=unstable_if action=reinterpret pc=0x0000014e77827e48 method=java.lang.StringLatin1.canEncode(I)Z @ 4 c2
Event: 0.786 Thread 0x0000014e685cf850 DEOPT PACKING pc=0x0000014e77827e48 sp=0x0000000f877fdaa0
Event: 0.786 Thread 0x0000014e685cf850 DEOPT UNPACKING pc=0x0000014e6fd9d72e sp=0x0000000f877fd9c8 mode 2
Event: 0.786 Thread 0x0000014e685cf850 Uncommon trap: trap_request=0xffffff45 fr.pc=0x0000014e77828c2c relative=0x00000000000003ec
Event: 0.786 Thread 0x0000014e685cf850 Uncommon trap: reason=unstable_if action=reinterpret pc=0x0000014e77828c2c method=java.lang.AbstractStringBuilder.isLatin1()Z @ 10 c2
Event: 0.786 Thread 0x0000014e685cf850 DEOPT PACKING pc=0x0000014e77828c2c sp=0x0000000f877fdab0
Event: 0.786 Thread 0x0000014e685cf850 DEOPT UNPACKING pc=0x0000014e6fd9d72e sp=0x0000000f877fda30 mode 2
Event: 0.786 Thread 0x0000014e685cf850 Uncommon trap: trap_request=0xffffff45 fr.pc=0x0000014e778291fc relative=0x000000000000005c
Event: 0.786 Thread 0x0000014e685cf850 Uncommon trap: reason=unstable_if action=reinterpret pc=0x0000014e778291fc method=java.lang.AbstractStringBuilder.isLatin1()Z @ 10 c2
Event: 0.786 Thread 0x0000014e685cf850 DEOPT PACKING pc=0x0000014e778291fc sp=0x0000000f877fda90
Event: 0.786 Thread 0x0000014e685cf850 DEOPT UNPACKING pc=0x0000014e6fd9d72e sp=0x0000000f877fda20 mode 2
Event: 0.795 Thread 0x0000014e685cf850 Uncommon trap: trap_request=0xffffff45 fr.pc=0x0000014e778273b8 relative=0x0000000000000038
Event: 0.795 Thread 0x0000014e685cf850 Uncommon trap: reason=unstable_if action=reinterpret pc=0x0000014e778273b8 method=java.lang.StringLatin1.canEncode(I)Z @ 4 c2
Event: 0.795 Thread 0x0000014e685cf850 DEOPT PACKING pc=0x0000014e778273b8 sp=0x0000000f877fda30
Event: 0.795 Thread 0x0000014e685cf850 DEOPT UNPACKING pc=0x0000014e6fd9d72e sp=0x0000000f877fd9c0 mode 2

Classes unloaded (0 events):
No events

Classes redefined (0 events):
No events

Internal exceptions (1 events):
Event: 0.886 Thread 0x0000014e685cf850 Exception <a 'java/lang/NoSuchMethodError'{0x00000000c4ec2380}: 'void java.lang.invoke.DirectMethodHandle$Holder.invokeSpecial(java.lang.Object, java.lang.Object, java.lang.Object)'> (0x00000000c4ec2380) 
thrown [t:\workspace\open\src\hotspot\share\interpreter\linkResolver.cpp, line 790]

Events (20 events):
Event: 0.737 loading class java/util/zip/Checksum
Event: 0.737 loading class java/util/zip/Checksum done
Event: 0.737 loading class java/util/zip/CRC32 done
Event: 0.738 loading class sun/util/calendar/ZoneInfoFile$Checksum done
Event: 0.738 loading class java/util/zip/Checksum$1
Event: 0.738 loading class java/util/zip/Checksum$1 done
Event: 0.742 loading class jdk/internal/module/ModulePatcher$PatchedModuleReader
Event: 0.742 loading class jdk/internal/module/ModulePatcher$PatchedModuleReader done
Event: 0.742 loading class sun/net/www/protocol/jrt/Handler
Event: 0.742 loading class sun/net/www/protocol/jrt/Handler done
Event: 0.784 loading class sun/text/resources/cldr/FormatData_en
Event: 0.784 loading class sun/text/resources/cldr/FormatData_en done
Event: 0.785 loading class sun/text/resources/cldr/FormatData_en_US
Event: 0.785 loading class sun/text/resources/cldr/FormatData_en_US done
Event: 0.847 loading class java/lang/ArrayIndexOutOfBoundsException
Event: 0.847 loading class java/lang/ArrayIndexOutOfBoundsException done
Event: 0.857 loading class java/io/FilterReader
Event: 0.857 loading class java/io/FilterReader done
Event: 0.928 loading class java/util/NoSuchElementException
Event: 0.932 loading class java/util/NoSuchElementException done


Dynamic libraries:
0x00007ff67f760000 - 0x00007ff67f770000 	C:\Program Files\Java\jdk-16.0.2\bin\java.exe
0x00007ffa40550000 - 0x00007ffa40745000 	C:\WINDOWS\SYSTEM32\ntdll.dll
0x00007ffa40170000 - 0x00007ffa4022e000 	C:\WINDOWS\System32\KERNEL32.DLL
0x00007ffa3ddd0000 - 0x00007ffa3e099000 	C:\WINDOWS\System32\KERNELBASE.dll
0x00007ffa3dcd0000 - 0x00007ffa3ddd0000 	C:\WINDOWS\System32\ucrtbase.dll
0x00007ffa2dfc0000 - 0x00007ffa2dfd8000 	C:\Program Files\Java\jdk-16.0.2\bin\jli.dll
0x00007ffa3f050000 - 0x00007ffa3f0fc000 	C:\WINDOWS\System32\ADVAPI32.dll
0x00007ffa40470000 - 0x00007ffa4050e000 	C:\WINDOWS\System32\msvcrt.dll
0x00007ffa3eac0000 - 0x00007ffa3eb5b000 	C:\WINDOWS\System32\sechost.dll
0x00007ffa3f340000 - 0x00007ffa3f46a000 	C:\WINDOWS\System32\RPCRT4.dll
0x00007ffa3f160000 - 0x00007ffa3f301000 	C:\WINDOWS\System32\USER32.dll
0x00007ffa3dca0000 - 0x00007ffa3dcc2000 	C:\WINDOWS\System32\win32u.dll
0x00007ffa32e00000 - 0x00007ffa32e19000 	C:\Program Files\Java\jdk-16.0.2\bin\VCRUNTIME140.dll
0x00007ffa3ea90000 - 0x00007ffa3eabb000 	C:\WINDOWS\System32\GDI32.dll
0x00007ffa3e0a0000 - 0x00007ffa3e1ab000 	C:\WINDOWS\System32\gdi32full.dll
0x00007ffa3e1b0000 - 0x00007ffa3e24d000 	C:\WINDOWS\System32\msvcp_win.dll
0x00007ffa29cd0000 - 0x00007ffa29f6a000 	C:\WINDOWS\WinSxS\amd64_microsoft.windows.common-controls_6595b64144ccf1df_6.0.19041.1110_none_60b5254171f9507e\COMCTL32.dll
0x00007ffa36bd0000 - 0x00007ffa36bda000 	C:\WINDOWS\SYSTEM32\VERSION.dll
0x00007ffa40430000 - 0x00007ffa40460000 	C:\WINDOWS\System32\IMM32.DLL
0x00007ffa32e50000 - 0x00007ffa32e5c000 	C:\Program Files\Java\jdk-16.0.2\bin\vcruntime140_1.dll
0x00007ffa26500000 - 0x00007ffa26591000 	C:\Program Files\Java\jdk-16.0.2\bin\msvcp140.dll
0x00007ff9f8260000 - 0x00007ff9f8e0b000 	C:\Program Files\Java\jdk-16.0.2\bin\server\jvm.dll
0x00007ffa40460000 - 0x00007ffa40468000 	C:\WINDOWS\System32\PSAPI.DLL
0x00007ffa32e60000 - 0x00007ffa32e69000 	C:\WINDOWS\SYSTEM32\WSOCK32.dll
0x00007ffa40230000 - 0x00007ffa4029b000 	C:\WINDOWS\System32\WS2_32.dll
0x00007ffa2ca10000 - 0x00007ffa2ca37000 	C:\WINDOWS\SYSTEM32\WINMM.dll
0x00007ffa3bb70000 - 0x00007ffa3bb82000 	C:\WINDOWS\SYSTEM32\kernel.appcore.dll
0x00007ffa32630000 - 0x00007ffa3263a000 	C:\Program Files\Java\jdk-16.0.2\bin\jimage.dll
0x00007ffa36d30000 - 0x00007ffa36f14000 	C:\WINDOWS\SYSTEM32\DBGHELP.DLL
0x00007ffa348d0000 - 0x00007ffa348fc000 	C:\WINDOWS\SYSTEM32\dbgcore.DLL
0x00007ffa3e350000 - 0x00007ffa3e3d3000 	C:\WINDOWS\System32\bcryptPrimitives.dll
0x00007ffa327f0000 - 0x00007ffa32815000 	C:\Program Files\Java\jdk-16.0.2\bin\java.dll
0x00007ffa3f470000 - 0x00007ffa3fbaf000 	C:\WINDOWS\System32\SHELL32.dll
0x00007ffa3bd70000 - 0x00007ffa3c500000 	C:\WINDOWS\SYSTEM32\windows.storage.dll
0x00007ffa3e6d0000 - 0x00007ffa3ea25000 	C:\WINDOWS\System32\combase.dll
0x00007ffa3d5f0000 - 0x00007ffa3d61c000 	C:\WINDOWS\SYSTEM32\Wldp.dll
0x00007ffa3eda0000 - 0x00007ffa3ee4d000 	C:\WINDOWS\System32\SHCORE.dll
0x00007ffa3f100000 - 0x00007ffa3f155000 	C:\WINDOWS\System32\shlwapi.dll
0x00007ffa3dbb0000 - 0x00007ffa3dbcf000 	C:\WINDOWS\SYSTEM32\profapi.dll
0x00007ffa2d7c0000 - 0x00007ffa2d7d9000 	C:\Program Files\Java\jdk-16.0.2\bin\net.dll
0x00007ffa315e0000 - 0x00007ffa316e8000 	C:\WINDOWS\SYSTEM32\WINHTTP.dll
0x00007ffa3d350000 - 0x00007ffa3d3ba000 	C:\WINDOWS\system32\mswsock.dll
0x00007ffa2cb20000 - 0x00007ffa2cb33000 	C:\Program Files\Java\jdk-16.0.2\bin\nio.dll
0x00007ffa2b7a0000 - 0x00007ffa2b7b8000 	C:\Program Files\Java\jdk-16.0.2\bin\zip.dll
0x00007ffa314d0000 - 0x00007ffa314e0000 	C:\Program Files\Java\jdk-16.0.2\bin\verify.dll
0x00007ffa32f40000 - 0x00007ffa32f4a000 	C:\Program Files\NetBeans-12.5\netbeans\java\maven\lib\jansi-native\windows64\jansi.dll

dbghelp: loaded successfully - version: 4.0.5 - missing functions: none
symbol engine: initialized successfully - sym options: 0x614 - pdb path: .;C:\Program Files\Java\jdk-16.0.2\bin;C:\WINDOWS\SYSTEM32;C:\WINDOWS\WinSxS\amd64_microsoft.windows.common-controls_6595b64144ccf1df_6.0.19041.1110_none_60b5254171f9507e;C:\Program Files\Java\jdk-16.0.2\bin\server;C:\Program Files\NetBeans-12.5\netbeans\java\maven\lib\jansi-native\windows64

VM Arguments:
jvm_args: -Dclassworlds.conf=C:\Program Files\NetBeans-12.5\netbeans\java\maven\bin\..\bin\m2.conf -Dmaven.home=C:\Program Files\NetBeans-12.5\netbeans\java\maven\bin\.. -Dlibrary.jansi.path=C:\Program Files\NetBeans-12.5\netbeans\java\maven\bin\..\lib\jansi-native -Dmaven.multiModuleProjectDirectory=C:\Users\dell\Documents\NetBeansProjects\po\projetoN2 
java_command: org.codehaus.plexus.classworlds.launcher.Launcher -Dexec.vmArgs= -Dexec.args=${exec.vmArgs} -classpath %classpath ${exec.mainClass} ${exec.appArgs} -Dexec.executable=C:\Program Files\Java\jdk-16.0.2\bin\java.exe -Dexec.mainClass=view.MainFrame -Dexec.classpathScope=runtime -Dexec.appArgs= -Dmaven.ext.class.path=C:\Program Files\NetBeans-12.5\netbeans\java\maven-nblib\netbeans-eventspy.jar -Dfile.encoding=UTF-8 org.codehaus.mojo:exec-maven-plugin:3.0.0:exec
java_class_path (initial): C:\Program Files\NetBeans-12.5\netbeans\java\maven\bin\..\boot\plexus-classworlds-2.6.0.jar
Launcher Type: SUN_STANDARD

[Global flags]
     intx CICompilerCount                          = 3                                         {product} {ergonomic}
     uint ConcGCThreads                            = 1                                         {product} {ergonomic}
     uint G1ConcRefinementThreads                  = 4                                         {product} {ergonomic}
   size_t G1HeapRegionSize                         = 1048576                                   {product} {ergonomic}
    uintx GCDrainStackTargetSize                   = 64                                        {product} {ergonomic}
   size_t InitialHeapSize                          = 67108864                                  {product} {ergonomic}
   size_t MarkStackSize                            = 4194304                                   {product} {ergonomic}
   size_t MaxHeapSize                              = 1048576000                                {product} {ergonomic}
   size_t MaxNewSize                               = 629145600                                 {product} {ergonomic}
   size_t MinHeapDeltaBytes                        = 1048576                                   {product} {ergonomic}
   size_t MinHeapSize                              = 8388608                                   {product} {ergonomic}
    uintx NonNMethodCodeHeapSize                   = 5832780                                {pd product} {ergonomic}
    uintx NonProfiledCodeHeapSize                  = 122912730                              {pd product} {ergonomic}
    uintx ProfiledCodeHeapSize                     = 122912730                              {pd product} {ergonomic}
    uintx ReservedCodeCacheSize                    = 251658240                              {pd product} {ergonomic}
     bool SegmentedCodeCache                       = true                                      {product} {ergonomic}
   size_t SoftMaxHeapSize                          = 1048576000                             {manageable} {ergonomic}
     bool UseCompressedClassPointers               = true                           {product lp64_product} {ergonomic}
     bool UseCompressedOops                        = true                           {product lp64_product} {ergonomic}
     bool UseG1GC                                  = true                                      {product} {ergonomic}
     bool UseLargePagesIndividualAllocation        = false                                  {pd product} {ergonomic}

Logging:
Log output configuration:
 #0: stdout all=warning uptime,level,tags
 #1: stderr all=off uptime,level,tags

Environment Variables:
JAVA_HOME=C:\Program Files\Java\jdk-16.0.2
PATH=C:\Program Files\Common Files\Oracle\Java\javapath;C:\Program Files (x86)\Common Files\Oracle\Java\javapath;C:\Program Files\AdoptOpenJDK\jdk-14.0.2.12-hotspot\bin;C:\WINDOWS\system32;C:\WINDOWS;C:\WINDOWS\System32\Wbem;C:\WINDOWS\System32\WindowsPowerShell\v1.0\;C:\WINDOWS\System32\OpenSSH\;C:\Program Files\nodejs\;C:\Program Files (x86)\Intel\Intel(R) Management Engine Components\DAL;C:\Program Files\Intel\Intel(R) Management Engine Components\DAL;C:\MinGW\bin;C:\Program Files\Java\jdk-15.0.2\bin;C:\Program Files\Git\cmd;C:\Program Files\Apache\maven\apache-maven-3.8.3\bin;C:\Program Files\MySQL\MySQL Shell 8.0\bin\;C:\Users\dell\AppData\Local\Microsoft\WindowsApps;C:\Users\dell\AppData\Roaming\npm;C:\MinGW\bin;;C:\Program Files\JetBrains\IntelliJ IDEA Community Edition 2021.2\bin;;C:\Users\dell\AppData\Local\Programs\mongosh\
USERNAME=dell
OS=Windows_NT
PROCESSOR_IDENTIFIER=Intel64 Family 6 Model 142 Stepping 9, GenuineIntel



---------------  S Y S T E M  ---------------

OS:
 Windows 10 , 64 bit Build 19041 (10.0.19041.1202)
OS uptime: 0 days 7:24 hours

CPU: total 4 (initial active 4) (2 cores per cpu, 2 threads per core) family 6 model 142 stepping 9 microcode 0xea, cx8, cmov, fxsr, ht, mmx, 3dnowpref, sse, sse2, sse3, ssse3, sse4.1, sse4.2, popcnt, lzcnt, tsc, tscinvbit, avx, avx2, aes, erms, clmul, bmi1, bmi2, adx, fma, vzeroupper, clflush, clflushopt

Memory: 4k page, system-wide physical 3996M (368M free)
TotalPageFile size 5391M (AvailPageFile size 3M)
current process WorkingSet (physical memory assigned to process): 54M, peak: 54M
current process commit charge ("private bytes"): 145M, peak: 145M

vm_info: Java HotSpot(TM) 64-Bit Server VM (16.0.2+7-67) for windows-amd64 JRE (16.0.2+7-67), built on Jun  8 2021 23:24:19 by "mach5one" with MS VC++ 16.7 (VS2019)

END.
