#
# There is insufficient memory for the Java Runtime Environment to continue.
# Native memory allocation (malloc) failed to allocate 519920 bytes for Chunk::new
# Possible reasons:
#   The system is out of physical RAM or swap space
#   The process is running with CompressedOops enabled, and the Java Heap may be blocking the growth of the native heap
# Possible solutions:
#   Reduce memory load on the system
#   Increase physical memory or swap space
#   Check if swap backing store is full
#   Decrease Java heap size (-Xmx/-Xms)
#   Decrease number of Java threads
#   Decrease Java thread stack sizes (-Xss)
#   Set larger code cache with -XX:ReservedCodeCacheSize=
#   JVM is running with Unscaled Compressed Oops mode in which the Java heap is
#     placed in the first 4GB address space. The Java Heap base address is the
#     maximum limit for the native heap growth. Please use -XX:HeapBaseMinAddress
#     to set the Java Heap base and to place the Java Heap above 4GB virtual address.
# This output file may be truncated or incomplete.
#
#  Out of Memory Error (arena.cpp:195), pid=2180, tid=9364
#
# JRE version: Java(TM) SE Runtime Environment (16.0.2+7) (build 16.0.2+7-67)
# Java VM: Java HotSpot(TM) 64-Bit Server VM (16.0.2+7-67, mixed mode, sharing, tiered, compressed oops, compressed class ptrs, g1 gc, windows-amd64)
# No core dump will be written. Minidumps are not enabled by default on client versions of Windows
#

---------------  S U M M A R Y ------------

Command Line: -Dclassworlds.conf=C:\Program Files\NetBeans-12.5\netbeans\java\maven\bin\..\bin\m2.conf -Dmaven.home=C:\Program Files\NetBeans-12.5\netbeans\java\maven\bin\.. -Dlibrary.jansi.path=C:\Program Files\NetBeans-12.5\netbeans\java\maven\bin\..\lib\jansi-native -Dmaven.multiModuleProjectDirectory=C:\Users\dell\Documents\NetBeansProjects\projetoGit\projetoN2 org.codehaus.plexus.classworlds.launcher.Launcher -Dexec.vmArgs= -Dexec.args=${exec.vmArgs} -classpath %classpath ${exec.mainClass} ${exec.appArgs} -Dexec.executable=C:\Program Files\Java\jdk-16.0.2\bin\java.exe -Dexec.mainClass=view.services.TableSuppliers -Dexec.classpathScope=runtime -Dexec.appArgs= -Dmaven.ext.class.path=C:\Program Files\NetBeans-12.5\netbeans\java\maven-nblib\netbeans-eventspy.jar -Dfile.encoding=UTF-8 org.codehaus.mojo:exec-maven-plugin:3.0.0:exec

Host: Intel(R) Core(TM) i3-7020U CPU @ 2.30GHz, 4 cores, 3G,  Windows 10 , 64 bit Build 19041 (10.0.19041.1202)
Time: Sun Oct 17 21:18:48 2021 Hora oficial do Brasil elapsed time: 2.446982 seconds (0d 0h 0m 2s)

---------------  T H R E A D  ---------------

Current thread (0x00000130ec5a23c0):  JavaThread "C2 CompilerThread1" daemon [_thread_in_native, id=9364, stack(0x0000001d81e00000,0x0000001d81f00000)]


Current CompileTask:
C2:   2447 1786   !   4       java.net.URL::<init> (543 bytes)

Stack: [0x0000001d81e00000,0x0000001d81f00000]
Native frames: (J=compiled Java code, j=interpreted, Vv=VM code, C=native code)
V  [jvm.dll+0x6681ca]
V  [jvm.dll+0x7c9e69]
V  [jvm.dll+0x7cb61e]
V  [jvm.dll+0x7cbc73]
V  [jvm.dll+0x242c55]
V  [jvm.dll+0xadeba]
V  [jvm.dll+0xae45c]
V  [jvm.dll+0x35a8d7]
V  [jvm.dll+0x1b9785]
V  [jvm.dll+0x215e16]
V  [jvm.dll+0x215100]
V  [jvm.dll+0x1a1beb]
V  [jvm.dll+0x225158]
V  [jvm.dll+0x22319c]
V  [jvm.dll+0x77fa62]
V  [jvm.dll+0x7795aa]
V  [jvm.dll+0x667066]
C  [ucrtbase.dll+0x21bb2]
C  [KERNEL32.DLL+0x17034]
C  [ntdll.dll+0x52651]


---------------  P R O C E S S  ---------------

Threads class SMR info:
_java_thread_list=0x00000130ec88fd90, length=13, elements={
0x00000130cfedf2c0, 0x00000130eafc79f0, 0x00000130eafc87c0, 0x00000130eafe14d0,
0x00000130eafe1de0, 0x00000130eafe4700, 0x00000130eafe9030, 0x00000130eb01c510,
0x00000130eb01cf10, 0x00000130eb02f850, 0x00000130ebc79370, 0x00000130ebc81b80,
0x00000130ec5a23c0
}

Java Threads: ( => current thread )
  0x00000130cfedf2c0 JavaThread "main" [_thread_in_native, id=6328, stack(0x0000001d80800000,0x0000001d80900000)]
  0x00000130eafc79f0 JavaThread "Reference Handler" daemon [_thread_blocked, id=8704, stack(0x0000001d80f00000,0x0000001d81000000)]
  0x00000130eafc87c0 JavaThread "Finalizer" daemon [_thread_blocked, id=5408, stack(0x0000001d81000000,0x0000001d81100000)]
  0x00000130eafe14d0 JavaThread "Signal Dispatcher" daemon [_thread_blocked, id=10184, stack(0x0000001d81100000,0x0000001d81200000)]
  0x00000130eafe1de0 JavaThread "Attach Listener" daemon [_thread_blocked, id=6880, stack(0x0000001d81200000,0x0000001d81300000)]
  0x00000130eafe4700 JavaThread "Service Thread" daemon [_thread_blocked, id=5916, stack(0x0000001d81300000,0x0000001d81400000)]
  0x00000130eafe9030 JavaThread "Monitor Deflation Thread" daemon [_thread_blocked, id=1532, stack(0x0000001d81400000,0x0000001d81500000)]
  0x00000130eb01c510 JavaThread "C2 CompilerThread0" daemon [_thread_in_native, id=9272, stack(0x0000001d81500000,0x0000001d81600000)]
  0x00000130eb01cf10 JavaThread "C1 CompilerThread0" daemon [_thread_blocked, id=7936, stack(0x0000001d81600000,0x0000001d81700000)]
  0x00000130eb02f850 JavaThread "Sweeper thread" daemon [_thread_blocked, id=7948, stack(0x0000001d81700000,0x0000001d81800000)]
  0x00000130ebc79370 JavaThread "Notification Thread" daemon [_thread_blocked, id=8756, stack(0x0000001d81800000,0x0000001d81900000)]
  0x00000130ebc81b80 JavaThread "Common-Cleaner" daemon [_thread_blocked, id=4436, stack(0x0000001d81a00000,0x0000001d81b00000)]
=>0x00000130ec5a23c0 JavaThread "C2 CompilerThread1" daemon [_thread_in_native, id=9364, stack(0x0000001d81e00000,0x0000001d81f00000)]

Other Threads:
  0x00000130eafc2fa0 VMThread "VM Thread" [stack: 0x0000001d80e00000,0x0000001d80f00000] [id=6104]
  0x00000130ebc7ecc0 WatcherThread [stack: 0x0000001d81900000,0x0000001d81a00000] [id=9764]
  0x00000130cff0f1d0 GCTaskThread "GC Thread#0" [stack: 0x0000001d80900000,0x0000001d80a00000] [id=7164]
  0x00000130ec43d8a0 GCTaskThread "GC Thread#1" [stack: 0x0000001d81b00000,0x0000001d81c00000] [id=3544]
  0x00000130ec440740 GCTaskThread "GC Thread#2" [stack: 0x0000001d81c00000,0x0000001d81d00000] [id=10092]
  0x00000130ec3f75e0 GCTaskThread "GC Thread#3" [stack: 0x0000001d81d00000,0x0000001d81e00000] [id=5284]
  0x00000130cff19650 ConcurrentGCThread "G1 Main Marker" [stack: 0x0000001d80a00000,0x0000001d80b00000] [id=4928]
  0x00000130cff19fd0 ConcurrentGCThread "G1 Conc#0" [stack: 0x0000001d80b00000,0x0000001d80c00000] [id=1832]
  0x00000130cff69e40 ConcurrentGCThread "G1 Refine#0" [stack: 0x0000001d80c00000,0x0000001d80d00000] [id=6948]
  0x00000130cff6a7d0 ConcurrentGCThread "G1 Service" [stack: 0x0000001d80d00000,0x0000001d80e00000] [id=3364]

Threads with active compile tasks:
C2 CompilerThread0     2610 2022       4       jdk.internal.module.SystemModuleFinders$SystemModuleReader::findImageLocation (42 bytes)
C2 CompilerThread1     2611 1786   !   4       java.net.URL::<init> (543 bytes)

VM state: not at safepoint (normal execution)

VM Mutex/Monitor currently owned by a thread: None

Heap address: 0x00000000c1800000, size: 1000 MB, Compressed Oops mode: 32-bit

CDS archive(s) mapped at: [0x0000000800000000-0x0000000800bb0000-0x0000000800bb0000), size 12255232, SharedBaseAddress: 0x0000000800000000, ArchiveRelocationMode: 0.
Compressed class space mapped at: 0x0000000800c00000-0x0000000840c00000, reserved size: 1073741824
Narrow klass base: 0x0000000800000000, Narrow klass shift: 3, Narrow klass range: 0x100000000

GC Precious Log:
 CPUs: 4 total, 4 available
 Memory: 3996M
 Large Page Support: Disabled
 NUMA Support: Disabled
 Compressed Oops: Enabled (32-bit)
 Heap Region Size: 1M
 Heap Min Capacity: 8M
 Heap Initial Capacity: 64M
 Heap Max Capacity: 1000M
 Pre-touch: Disabled
 Parallel Workers: 4
 Concurrent Workers: 1
 Concurrent Refinement Workers: 4
 Periodic GC: Disabled

Heap:
 garbage-first heap   total 65536K, used 19349K [0x00000000c1800000, 0x0000000100000000)
  region size 1024K, 17 young (17408K), 2 survivors (2048K)
 Metaspace       used 11998K, committed 12160K, reserved 1064960K
  class space    used 1400K, committed 1472K, reserved 1048576K

Heap Regions: E=young(eden), S=young(survivor), O=old, HS=humongous(starts), HC=humongous(continues), CS=collection set, F=free, OA=open archive, CA=closed archive, TAMS=top-at-mark-start (previous, next)
|   0|0x00000000c1800000, 0x00000000c1900000, 0x00000000c1900000|100%| O|  |TAMS 0x00000000c1800000, 0x00000000c1800000| Untracked 
|   1|0x00000000c1900000, 0x00000000c1a00000, 0x00000000c1a00000|100%| O|  |TAMS 0x00000000c1900000, 0x00000000c1900000| Untracked 
|   2|0x00000000c1a00000, 0x00000000c1b00000, 0x00000000c1b00000|100%| O|  |TAMS 0x00000000c1a00000, 0x00000000c1a00000| Untracked 
|   3|0x00000000c1b00000, 0x00000000c1b18200, 0x00000000c1c00000|  9%| O|  |TAMS 0x00000000c1b00000, 0x00000000c1b00000| Untracked 
|   4|0x00000000c1c00000, 0x00000000c1c00000, 0x00000000c1d00000|  0%| F|  |TAMS 0x00000000c1c00000, 0x00000000c1c00000| Untracked 
|   5|0x00000000c1d00000, 0x00000000c1d00000, 0x00000000c1e00000|  0%| F|  |TAMS 0x00000000c1d00000, 0x00000000c1d00000| Untracked 
|   6|0x00000000c1e00000, 0x00000000c1e00000, 0x00000000c1f00000|  0%| F|  |TAMS 0x00000000c1e00000, 0x00000000c1e00000| Untracked 
|   7|0x00000000c1f00000, 0x00000000c1f00000, 0x00000000c2000000|  0%| F|  |TAMS 0x00000000c1f00000, 0x00000000c1f00000| Untracked 
|   8|0x00000000c2000000, 0x00000000c2000000, 0x00000000c2100000|  0%| F|  |TAMS 0x00000000c2000000, 0x00000000c2000000| Untracked 
|   9|0x00000000c2100000, 0x00000000c2100000, 0x00000000c2200000|  0%| F|  |TAMS 0x00000000c2100000, 0x00000000c2100000| Untracked 
|  10|0x00000000c2200000, 0x00000000c2200000, 0x00000000c2300000|  0%| F|  |TAMS 0x00000000c2200000, 0x00000000c2200000| Untracked 
|  11|0x00000000c2300000, 0x00000000c2300000, 0x00000000c2400000|  0%| F|  |TAMS 0x00000000c2300000, 0x00000000c2300000| Untracked 
|  12|0x00000000c2400000, 0x00000000c2400000, 0x00000000c2500000|  0%| F|  |TAMS 0x00000000c2400000, 0x00000000c2400000| Untracked 
|  13|0x00000000c2500000, 0x00000000c2500000, 0x00000000c2600000|  0%| F|  |TAMS 0x00000000c2500000, 0x00000000c2500000| Untracked 
|  14|0x00000000c2600000, 0x00000000c2600000, 0x00000000c2700000|  0%| F|  |TAMS 0x00000000c2600000, 0x00000000c2600000| Untracked 
|  15|0x00000000c2700000, 0x00000000c2700000, 0x00000000c2800000|  0%| F|  |TAMS 0x00000000c2700000, 0x00000000c2700000| Untracked 
|  16|0x00000000c2800000, 0x00000000c2800000, 0x00000000c2900000|  0%| F|  |TAMS 0x00000000c2800000, 0x00000000c2800000| Untracked 
|  17|0x00000000c2900000, 0x00000000c2900000, 0x00000000c2a00000|  0%| F|  |TAMS 0x00000000c2900000, 0x00000000c2900000| Untracked 
|  18|0x00000000c2a00000, 0x00000000c2a00000, 0x00000000c2b00000|  0%| F|  |TAMS 0x00000000c2a00000, 0x00000000c2a00000| Untracked 
|  19|0x00000000c2b00000, 0x00000000c2b00000, 0x00000000c2c00000|  0%| F|  |TAMS 0x00000000c2b00000, 0x00000000c2b00000| Untracked 
|  20|0x00000000c2c00000, 0x00000000c2c00000, 0x00000000c2d00000|  0%| F|  |TAMS 0x00000000c2c00000, 0x00000000c2c00000| Untracked 
|  21|0x00000000c2d00000, 0x00000000c2d00000, 0x00000000c2e00000|  0%| F|  |TAMS 0x00000000c2d00000, 0x00000000c2d00000| Untracked 
|  22|0x00000000c2e00000, 0x00000000c2e00000, 0x00000000c2f00000|  0%| F|  |TAMS 0x00000000c2e00000, 0x00000000c2e00000| Untracked 
|  23|0x00000000c2f00000, 0x00000000c2f00000, 0x00000000c3000000|  0%| F|  |TAMS 0x00000000c2f00000, 0x00000000c2f00000| Untracked 
|  24|0x00000000c3000000, 0x00000000c3000000, 0x00000000c3100000|  0%| F|  |TAMS 0x00000000c3000000, 0x00000000c3000000| Untracked 
|  25|0x00000000c3100000, 0x00000000c3100000, 0x00000000c3200000|  0%| F|  |TAMS 0x00000000c3100000, 0x00000000c3100000| Untracked 
|  26|0x00000000c3200000, 0x00000000c3200000, 0x00000000c3300000|  0%| F|  |TAMS 0x00000000c3200000, 0x00000000c3200000| Untracked 
|  27|0x00000000c3300000, 0x00000000c3300000, 0x00000000c3400000|  0%| F|  |TAMS 0x00000000c3300000, 0x00000000c3300000| Untracked 
|  28|0x00000000c3400000, 0x00000000c3400000, 0x00000000c3500000|  0%| F|  |TAMS 0x00000000c3400000, 0x00000000c3400000| Untracked 
|  29|0x00000000c3500000, 0x00000000c3500000, 0x00000000c3600000|  0%| F|  |TAMS 0x00000000c3500000, 0x00000000c3500000| Untracked 
|  30|0x00000000c3600000, 0x00000000c3600000, 0x00000000c3700000|  0%| F|  |TAMS 0x00000000c3600000, 0x00000000c3600000| Untracked 
|  31|0x00000000c3700000, 0x00000000c3700000, 0x00000000c3800000|  0%| F|  |TAMS 0x00000000c3700000, 0x00000000c3700000| Untracked 
|  32|0x00000000c3800000, 0x00000000c3800000, 0x00000000c3900000|  0%| F|  |TAMS 0x00000000c3800000, 0x00000000c3800000| Untracked 
|  33|0x00000000c3900000, 0x00000000c3900000, 0x00000000c3a00000|  0%| F|  |TAMS 0x00000000c3900000, 0x00000000c3900000| Untracked 
|  34|0x00000000c3a00000, 0x00000000c3a00000, 0x00000000c3b00000|  0%| F|  |TAMS 0x00000000c3a00000, 0x00000000c3a00000| Untracked 
|  35|0x00000000c3b00000, 0x00000000c3b00000, 0x00000000c3c00000|  0%| F|  |TAMS 0x00000000c3b00000, 0x00000000c3b00000| Untracked 
|  36|0x00000000c3c00000, 0x00000000c3ccd210, 0x00000000c3d00000| 80%| S|CS|TAMS 0x00000000c3c00000, 0x00000000c3c00000| Complete 
|  37|0x00000000c3d00000, 0x00000000c3e00000, 0x00000000c3e00000|100%| S|CS|TAMS 0x00000000c3d00000, 0x00000000c3d00000| Complete 
|  38|0x00000000c3e00000, 0x00000000c3e00000, 0x00000000c3f00000|  0%| F|  |TAMS 0x00000000c3e00000, 0x00000000c3e00000| Untracked 
|  39|0x00000000c3f00000, 0x00000000c3f00000, 0x00000000c4000000|  0%| F|  |TAMS 0x00000000c3f00000, 0x00000000c3f00000| Untracked 
|  40|0x00000000c4000000, 0x00000000c4000000, 0x00000000c4100000|  0%| F|  |TAMS 0x00000000c4000000, 0x00000000c4000000| Untracked 
|  41|0x00000000c4100000, 0x00000000c4100000, 0x00000000c4200000|  0%| F|  |TAMS 0x00000000c4100000, 0x00000000c4100000| Untracked 
|  42|0x00000000c4200000, 0x00000000c4200000, 0x00000000c4300000|  0%| F|  |TAMS 0x00000000c4200000, 0x00000000c4200000| Untracked 
|  43|0x00000000c4300000, 0x00000000c4300000, 0x00000000c4400000|  0%| F|  |TAMS 0x00000000c4300000, 0x00000000c4300000| Untracked 
|  44|0x00000000c4400000, 0x00000000c4400000, 0x00000000c4500000|  0%| F|  |TAMS 0x00000000c4400000, 0x00000000c4400000| Untracked 
|  45|0x00000000c4500000, 0x00000000c4500000, 0x00000000c4600000|  0%| F|  |TAMS 0x00000000c4500000, 0x00000000c4500000| Untracked 
|  46|0x00000000c4600000, 0x00000000c4600000, 0x00000000c4700000|  0%| F|  |TAMS 0x00000000c4600000, 0x00000000c4600000| Untracked 
|  47|0x00000000c4700000, 0x00000000c4700000, 0x00000000c4800000|  0%| F|  |TAMS 0x00000000c4700000, 0x00000000c4700000| Untracked 
|  48|0x00000000c4800000, 0x00000000c4800000, 0x00000000c4900000|  0%| F|  |TAMS 0x00000000c4800000, 0x00000000c4800000| Untracked 
|  49|0x00000000c4900000, 0x00000000c4a00000, 0x00000000c4a00000|100%| E|  |TAMS 0x00000000c4900000, 0x00000000c4900000| Complete 
|  50|0x00000000c4a00000, 0x00000000c4b00000, 0x00000000c4b00000|100%| E|CS|TAMS 0x00000000c4a00000, 0x00000000c4a00000| Complete 
|  51|0x00000000c4b00000, 0x00000000c4c00000, 0x00000000c4c00000|100%| E|CS|TAMS 0x00000000c4b00000, 0x00000000c4b00000| Complete 
|  52|0x00000000c4c00000, 0x00000000c4d00000, 0x00000000c4d00000|100%| E|CS|TAMS 0x00000000c4c00000, 0x00000000c4c00000| Complete 
|  53|0x00000000c4d00000, 0x00000000c4e00000, 0x00000000c4e00000|100%| E|CS|TAMS 0x00000000c4d00000, 0x00000000c4d00000| Complete 
|  54|0x00000000c4e00000, 0x00000000c4f00000, 0x00000000c4f00000|100%| E|CS|TAMS 0x00000000c4e00000, 0x00000000c4e00000| Complete 
|  55|0x00000000c4f00000, 0x00000000c5000000, 0x00000000c5000000|100%| E|CS|TAMS 0x00000000c4f00000, 0x00000000c4f00000| Complete 
|  56|0x00000000c5000000, 0x00000000c5100000, 0x00000000c5100000|100%| E|CS|TAMS 0x00000000c5000000, 0x00000000c5000000| Complete 
|  57|0x00000000c5100000, 0x00000000c5200000, 0x00000000c5200000|100%| E|CS|TAMS 0x00000000c5100000, 0x00000000c5100000| Complete 
|  58|0x00000000c5200000, 0x00000000c5300000, 0x00000000c5300000|100%| E|CS|TAMS 0x00000000c5200000, 0x00000000c5200000| Complete 
|  59|0x00000000c5300000, 0x00000000c5400000, 0x00000000c5400000|100%| E|CS|TAMS 0x00000000c5300000, 0x00000000c5300000| Complete 
|  60|0x00000000c5400000, 0x00000000c5500000, 0x00000000c5500000|100%| E|CS|TAMS 0x00000000c5400000, 0x00000000c5400000| Complete 
|  61|0x00000000c5500000, 0x00000000c5600000, 0x00000000c5600000|100%| E|CS|TAMS 0x00000000c5500000, 0x00000000c5500000| Complete 
|  62|0x00000000c5600000, 0x00000000c5700000, 0x00000000c5700000|100%| E|CS|TAMS 0x00000000c5600000, 0x00000000c5600000| Complete 
|  63|0x00000000c5700000, 0x00000000c5800000, 0x00000000c5800000|100%| E|CS|TAMS 0x00000000c5700000, 0x00000000c5700000| Complete 

Card table byte_map: [0x00000130e6860000,0x00000130e6a60000] _byte_map_base: 0x00000130e6254000

Marking Bits (Prev, Next): (CMBitMap*) 0x00000130cff0f7d0, (CMBitMap*) 0x00000130cff0f810
 Prev Bits: [0x00000130e6c60000, 0x00000130e7c00000)
 Next Bits: [0x00000130e7c00000, 0x00000130e8ba0000)

Polling page: 0x00000130cdef0000

Metaspace:

Usage:
  Non-class:     10.35 MB used.
      Class:      1.37 MB used.
       Both:     11.72 MB used.

Virtual space:
  Non-class space:       16.00 MB reserved,      10.44 MB ( 65%) committed,  2 nodes.
      Class space:        1.00 GB reserved,       1.44 MB ( <1%) committed,  1 nodes.
              Both:        1.02 GB reserved,      11.88 MB (  1%) committed. 

Chunk freelists:
   Non-Class:  256.00 KB
       Class:  2.57 MB
        Both:  2.82 MB

MaxMetaspaceSize: 17179869184.00 GB
CompressedClassSpaceSize: 1.00 GB
 - commit_granule_bytes: 65536.
 - commit_granule_words: 8192.
 - virtual_space_node_default_size: 1048576.
 - enlarge_chunks_in_place: 1.
 - new_chunks_are_fully_committed: 0.
 - uncommit_free_chunks: 1.
 - use_allocation_guard: 0.
 - handle_deallocations: 1.


Internal statistics:

num_allocs_failed_limit: 0.
num_arena_births: 58.
num_arena_deaths: 0.
num_vsnodes_births: 3.
num_vsnodes_deaths: 0.
num_space_committed: 190.
num_space_uncommitted: 0.
num_chunks_returned_to_freelist: 0.
num_chunks_taken_from_freelist: 457.
num_chunk_merges: 0.
num_chunk_splits: 338.
num_chunks_enlarged: 270.
num_purges: 0.

CodeHeap 'non-profiled nmethods': size=120000Kb used=783Kb max_used=783Kb free=119216Kb
 bounds [0x00000130df130000, 0x00000130df3a0000, 0x00000130e6660000]
CodeHeap 'profiled nmethods': size=120000Kb used=4170Kb max_used=4170Kb free=115829Kb
 bounds [0x00000130d7c00000, 0x00000130d8020000, 0x00000130df130000]
CodeHeap 'non-nmethods': size=5760Kb used=1194Kb max_used=1207Kb free=4565Kb
 bounds [0x00000130d7660000, 0x00000130d78d0000, 0x00000130d7c00000]
 total_blobs=2591 nmethods=2107 adapters=396
 compilation: enabled
              stopped_count=0, restarted_count=0
 full_count=0

Compilation events (20 events):
Event: 2.399 Thread 0x00000130eb01cf10 nmethod 2034 0x00000130d7fe1110 code [0x00000130d7fe12c0, 0x00000130d7fe1518]
Event: 2.399 Thread 0x00000130eb01cf10 2033       3       java.io.BufferedOutputStream::flushBuffer (29 bytes)
Event: 2.400 Thread 0x00000130eb01cf10 nmethod 2033 0x00000130d7fe1610 code [0x00000130d7fe17c0, 0x00000130d7fe19e8]
Event: 2.400 Thread 0x00000130eb01cf10 2035       3       java.io.Writer::write (11 bytes)
Event: 2.400 Thread 0x00000130eb01cf10 nmethod 2035 0x00000130d7fe1a90 code [0x00000130d7fe1c60, 0x00000130d7fe1f48]
Event: 2.400 Thread 0x00000130eb01cf10 2037       3       java.io.BufferedWriter::min (9 bytes)
Event: 2.400 Thread 0x00000130eb01cf10 nmethod 2037 0x00000130d7fe2090 code [0x00000130d7fe2240, 0x00000130d7fe23b8]
Event: 2.415 Thread 0x00000130eb01cf10 2038   !   3       sun.nio.fs.WindowsPath::initOffsets (153 bytes)
Event: 2.417 Thread 0x00000130eb01cf10 nmethod 2038 0x00000130d7fe2490 code [0x00000130d7fe28a0, 0x00000130d7fe4e98]
Event: 2.418 Thread 0x00000130eb01cf10 2039       3       org.apache.maven.model.io.xpp3.MavenXpp3ReaderEx::checkFieldWithDuplicate (75 bytes)
Event: 2.418 Thread 0x00000130eb01cf10 nmethod 2039 0x00000130d7fe5c90 code [0x00000130d7fe5f40, 0x00000130d7fe69b8]
Event: 2.420 Thread 0x00000130eb01cf10 2040       3       java.util.LinkedHashMap$LinkedEntryIterator::next (5 bytes)
Event: 2.421 Thread 0x00000130eb01cf10 nmethod 2040 0x00000130d7fe6e10 code [0x00000130d7fe6fc0, 0x00000130d7fe7148]
Event: 2.421 Thread 0x00000130eb01cf10 2041       3       java.util.LinkedHashMap$LinkedEntryIterator::next (5 bytes)
Event: 2.421 Thread 0x00000130eb01cf10 nmethod 2041 0x00000130d7fe7210 code [0x00000130d7fe73c0, 0x00000130d7fe7508]
Event: 2.429 Thread 0x00000130eb01cf10 2042       3       sun.util.locale.LanguageTag::getVariants (24 bytes)
Event: 2.430 Thread 0x00000130eb01cf10 nmethod 2042 0x00000130d7fe7590 code [0x00000130d7fe7800, 0x00000130d7fe83c8]
Event: 2.430 Thread 0x00000130eb01cf10 2043       3       sun.util.locale.LanguageTag::getExtensions (24 bytes)
Event: 2.431 Thread 0x00000130eb01cf10 nmethod 2043 0x00000130d7fe8710 code [0x00000130d7fe8980, 0x00000130d7fe9548]
Event: 2.431 Thread 0x00000130eb01cf10 2053       3       sun.util.locale.LocaleUtils::caseIgnoreMatch (73 bytes)

GC Heap History (6 events):
Event: 0.793 GC heap before
{Heap before GC invocations=0 (full 0):
 garbage-first heap   total 65536K, used 12288K [0x00000000c1800000, 0x0000000100000000)
  region size 1024K, 13 young (13312K), 0 survivors (0K)
 Metaspace       used 3516K, committed 3712K, reserved 1056768K
  class space    used 350K, committed 448K, reserved 1048576K
}
Event: 0.802 GC heap after
{Heap after GC invocations=1 (full 0):
 garbage-first heap   total 65536K, used 3102K [0x00000000c1800000, 0x0000000100000000)
  region size 1024K, 2 young (2048K), 2 survivors (2048K)
 Metaspace       used 3516K, committed 3712K, reserved 1056768K
  class space    used 350K, committed 448K, reserved 1048576K
}
Event: 1.159 GC heap before
{Heap before GC invocations=1 (full 0):
 garbage-first heap   total 65536K, used 16414K [0x00000000c1800000, 0x0000000100000000)
  region size 1024K, 15 young (15360K), 2 survivors (2048K)
 Metaspace       used 5152K, committed 5312K, reserved 1056768K
  class space    used 585K, committed 640K, reserved 1048576K
}
Event: 1.165 GC heap after
{Heap after GC invocations=2 (full 0):
 garbage-first heap   total 65536K, used 3850K [0x00000000c1800000, 0x0000000100000000)
  region size 1024K, 1 young (1024K), 1 survivors (1024K)
 Metaspace       used 5152K, committed 5312K, reserved 1056768K
  class space    used 585K, committed 640K, reserved 1048576K
}
Event: 1.897 GC heap before
{Heap before GC invocations=2 (full 0):
 garbage-first heap   total 65536K, used 28426K [0x00000000c1800000, 0x0000000100000000)
  region size 1024K, 26 young (26624K), 1 survivors (1024K)
 Metaspace       used 9184K, committed 9344K, reserved 1064960K
  class space    used 1093K, committed 1152K, reserved 1048576K
}
Event: 1.904 GC heap after
{Heap after GC invocations=3 (full 0):
 garbage-first heap   total 65536K, used 5013K [0x00000000c1800000, 0x0000000100000000)
  region size 1024K, 2 young (2048K), 2 survivors (2048K)
 Metaspace       used 9184K, committed 9344K, reserved 1064960K
  class space    used 1093K, committed 1152K, reserved 1048576K
}

Deoptimization events (20 events):
Event: 1.319 Thread 0x00000130cfedf2c0 Uncommon trap: trap_request=0xffffff45 fr.pc=0x00000130df18e154 relative=0x0000000000000334
Event: 1.319 Thread 0x00000130cfedf2c0 Uncommon trap: reason=unstable_if action=reinterpret pc=0x00000130df18e154 method=java.lang.String.<init>([CIILjava/lang/Void;)V @ 5 c2
Event: 1.319 Thread 0x00000130cfedf2c0 DEOPT PACKING pc=0x00000130df18e154 sp=0x0000001d808fdad0
Event: 1.319 Thread 0x00000130cfedf2c0 DEOPT UNPACKING pc=0x00000130d76ad72e sp=0x0000001d808fda90 mode 2
Event: 1.359 Thread 0x00000130cfedf2c0 DEOPT PACKING pc=0x00000130d7de2213 sp=0x0000001d808fdba0
Event: 1.359 Thread 0x00000130cfedf2c0 DEOPT UNPACKING pc=0x00000130d76adece sp=0x0000001d808fd0f0 mode 0
Event: 1.363 Thread 0x00000130cfedf2c0 Uncommon trap: trap_request=0xffffff45 fr.pc=0x00000130df19f684 relative=0x00000000000004c4
Event: 1.363 Thread 0x00000130cfedf2c0 Uncommon trap: reason=unstable_if action=reinterpret pc=0x00000130df19f684 method=java.lang.String.<init>([CIILjava/lang/Void;)V @ 5 c2
Event: 1.363 Thread 0x00000130cfedf2c0 DEOPT PACKING pc=0x00000130df19f684 sp=0x0000001d808fdbb0
Event: 1.363 Thread 0x00000130cfedf2c0 DEOPT UNPACKING pc=0x00000130d76ad72e sp=0x0000001d808fda48 mode 2
Event: 1.415 Thread 0x00000130cfedf2c0 DEOPT PACKING pc=0x00000130d7e51291 sp=0x0000001d808fdb80
Event: 1.415 Thread 0x00000130cfedf2c0 DEOPT UNPACKING pc=0x00000130d76adece sp=0x0000001d808fcfd8 mode 0
Event: 2.209 Thread 0x00000130cfedf2c0 Uncommon trap: trap_request=0xffffff45 fr.pc=0x00000130df14d97c relative=0x00000000000001dc
Event: 2.209 Thread 0x00000130cfedf2c0 Uncommon trap: reason=unstable_if action=reinterpret pc=0x00000130df14d97c method=java.lang.String.startsWith(Ljava/lang/String;I)Z @ 1 c2
Event: 2.210 Thread 0x00000130cfedf2c0 DEOPT PACKING pc=0x00000130df14d97c sp=0x0000001d808f7190
Event: 2.210 Thread 0x00000130cfedf2c0 DEOPT UNPACKING pc=0x00000130d76ad72e sp=0x0000001d808f70f8 mode 2
Event: 2.283 Thread 0x00000130cfedf2c0 Uncommon trap: trap_request=0xffffff45 fr.pc=0x00000130df1d99dc relative=0x000000000000035c
Event: 2.283 Thread 0x00000130cfedf2c0 Uncommon trap: reason=unstable_if action=reinterpret pc=0x00000130df1d99dc method=org.eclipse.sisu.inject.InjectorBindings.isAssignableFrom(Lcom/google/inject/TypeLiteral;Lcom/google/inject/Binding;)Z @ 14 c2
Event: 2.283 Thread 0x00000130cfedf2c0 DEOPT PACKING pc=0x00000130df1d99dc sp=0x0000001d808fd5c0
Event: 2.283 Thread 0x00000130cfedf2c0 DEOPT UNPACKING pc=0x00000130d76ad72e sp=0x0000001d808fd580 mode 2

Classes unloaded (0 events):
No events

Classes redefined (0 events):
No events

Internal exceptions (6 events):
Event: 0.644 Thread 0x00000130cfedf2c0 Exception <a 'java/lang/NoSuchMethodError'{0x00000000c4ec2788}: 'void java.lang.invoke.DirectMethodHandle$Holder.invokeSpecial(java.lang.Object, java.lang.Object, java.lang.Object)'> (0x00000000c4ec2788) 
thrown [t:\workspace\open\src\hotspot\share\interpreter\linkResolver.cpp, line 790]
Event: 0.913 Thread 0x00000130cfedf2c0 Exception <a 'java/lang/NoSuchMethodError'{0x00000000c551b498}: 'java.lang.Object java.lang.invoke.DirectMethodHandle$Holder.newInvokeSpecial(java.lang.Object, java.lang.Object, java.lang.Object, java.lang.Object, java.lang.Object)'> (0x00000000c551b498) 
thrown [t:\workspace\open\src\hotspot\share\interpreter\linkResolver.cpp, line 790]
Event: 2.099 Thread 0x00000130cfedf2c0 Exception <a 'java/lang/NoClassDefFoundError'{0x00000000c537d3d0}: com/google/inject/servlet/ServletModuleTargetVisitor> (0x00000000c537d3d0) 
thrown [t:\workspace\open\src\hotspot\share\classfile\systemDictionary.cpp, line 245]
Event: 2.100 Thread 0x00000130cfedf2c0 Exception <a 'java/lang/NoClassDefFoundError'{0x00000000c537f258}: javax/annotation/Priority> (0x00000000c537f258) 
thrown [t:\workspace\open\src\hotspot\share\classfile\systemDictionary.cpp, line 245]
Event: 2.227 Thread 0x00000130cfedf2c0 Exception <a 'java/lang/NoSuchMethodError'{0x00000000c51e12c0}: 'java.lang.Object java.lang.invoke.DirectMethodHandle$Holder.invokeStatic(java.lang.Object)'> (0x00000000c51e12c0) 
thrown [t:\workspace\open\src\hotspot\share\interpreter\linkResolver.cpp, line 790]
Event: 2.231 Thread 0x00000130cfedf2c0 Exception <a 'java/lang/NoSuchMethodError'{0x00000000c51ec3c8}: 'java.lang.Object java.lang.invoke.DirectMethodHandle$Holder.invokeStaticInit(java.lang.Object, int, int, int, int)'> (0x00000000c51ec3c8) 
thrown [t:\workspace\open\src\hotspot\share\interpreter\linkResolver.cpp, line 790]

Events (20 events):
Event: 2.229 loading class sun/security/provider/AbstractDrbg
Event: 2.230 loading class sun/security/provider/AbstractDrbg done
Event: 2.230 loading class sun/security/provider/AbstractHashDrbg done
Event: 2.230 loading class sun/security/provider/HashDrbg done
Event: 2.230 loading class sun/security/provider/EntropySource
Event: 2.230 loading class sun/security/provider/EntropySource done
Event: 2.255 Executing  VM operation: HandshakeAllThreads
Event: 2.255 Executing  VM operation: HandshakeAllThreads done
Event: 2.305 Executing  VM operation: ICBufferFull
Event: 2.306 Executing  VM operation: ICBufferFull done
Event: 2.313 loading class java/lang/ProcessEnvironment$CheckedKeySet
Event: 2.313 loading class java/lang/ProcessEnvironment$CheckedKeySet done
Event: 2.314 loading class java/util/Stack
Event: 2.314 loading class java/util/Stack done
Event: 2.369 loading class java/util/ArrayList$SubList$1
Event: 2.369 loading class java/util/ArrayList$SubList$1 done
Event: 2.374 loading class java/nio/channels/OverlappingFileLockException
Event: 2.374 loading class java/nio/channels/OverlappingFileLockException done
Event: 2.390 loading class java/util/regex/Pattern$Pos
Event: 2.390 loading class java/util/regex/Pattern$Pos done


Dynamic libraries:
0x00007ff7d98a0000 - 0x00007ff7d98b0000 	C:\Program Files\Java\jdk-16.0.2\bin\java.exe
0x00007ffecdf70000 - 0x00007ffece165000 	C:\WINDOWS\SYSTEM32\ntdll.dll
0x00007ffecd600000 - 0x00007ffecd6be000 	C:\WINDOWS\System32\KERNEL32.DLL
0x00007ffecbb40000 - 0x00007ffecbe09000 	C:\WINDOWS\System32\KERNELBASE.dll
0x00007ffecb720000 - 0x00007ffecb820000 	C:\WINDOWS\System32\ucrtbase.dll
0x00007ffec32d0000 - 0x00007ffec32e9000 	C:\Program Files\Java\jdk-16.0.2\bin\VCRUNTIME140.dll
0x00007ffeb64a0000 - 0x00007ffeb64b8000 	C:\Program Files\Java\jdk-16.0.2\bin\jli.dll
0x00007ffecd6c0000 - 0x00007ffecd76c000 	C:\WINDOWS\System32\ADVAPI32.dll
0x00007ffecc080000 - 0x00007ffecc11e000 	C:\WINDOWS\System32\msvcrt.dll
0x00007ffecd7e0000 - 0x00007ffecd87b000 	C:\WINDOWS\System32\sechost.dll
0x00007ffecd220000 - 0x00007ffecd34a000 	C:\WINDOWS\System32\RPCRT4.dll
0x00007ffecd880000 - 0x00007ffecda21000 	C:\WINDOWS\System32\USER32.dll
0x00007ffeb1130000 - 0x00007ffeb13ca000 	C:\WINDOWS\WinSxS\amd64_microsoft.windows.common-controls_6595b64144ccf1df_6.0.19041.1110_none_60b5254171f9507e\COMCTL32.dll
0x00007ffecb920000 - 0x00007ffecb942000 	C:\WINDOWS\System32\win32u.dll
0x00007ffecbfc0000 - 0x00007ffecbfeb000 	C:\WINDOWS\System32\GDI32.dll
0x00007ffecb950000 - 0x00007ffecba5b000 	C:\WINDOWS\System32\gdi32full.dll
0x00007ffecb880000 - 0x00007ffecb91d000 	C:\WINDOWS\System32\msvcp_win.dll
0x00007ffec0700000 - 0x00007ffec070a000 	C:\WINDOWS\SYSTEM32\VERSION.dll
0x00007ffecd110000 - 0x00007ffecd140000 	C:\WINDOWS\System32\IMM32.DLL
0x00007ffec32c0000 - 0x00007ffec32cc000 	C:\Program Files\Java\jdk-16.0.2\bin\vcruntime140_1.dll
0x00007ffeb4ee0000 - 0x00007ffeb4f71000 	C:\Program Files\Java\jdk-16.0.2\bin\msvcp140.dll
0x00007ffea1800000 - 0x00007ffea23ab000 	C:\Program Files\Java\jdk-16.0.2\bin\server\jvm.dll
0x00007ffecc480000 - 0x00007ffecc488000 	C:\WINDOWS\System32\PSAPI.DLL
0x00007ffec32f0000 - 0x00007ffec32f9000 	C:\WINDOWS\SYSTEM32\WSOCK32.dll
0x00007ffeb3b30000 - 0x00007ffeb3b57000 	C:\WINDOWS\SYSTEM32\WINMM.dll
0x00007ffecd770000 - 0x00007ffecd7db000 	C:\WINDOWS\System32\WS2_32.dll
0x00007ffec9620000 - 0x00007ffec9632000 	C:\WINDOWS\SYSTEM32\kernel.appcore.dll
0x00007ffeb8af0000 - 0x00007ffeb8afa000 	C:\Program Files\Java\jdk-16.0.2\bin\jimage.dll
0x00007ffec62f0000 - 0x00007ffec64d4000 	C:\WINDOWS\SYSTEM32\DBGHELP.DLL
0x00007ffeb2fc0000 - 0x00007ffeb2fec000 	C:\WINDOWS\SYSTEM32\dbgcore.DLL
0x00007ffecb690000 - 0x00007ffecb713000 	C:\WINDOWS\System32\bcryptPrimitives.dll
0x00007ffec18c0000 - 0x00007ffec18e5000 	C:\Program Files\Java\jdk-16.0.2\bin\java.dll
0x00007ffecc5c0000 - 0x00007ffecccff000 	C:\WINDOWS\System32\SHELL32.dll
0x00007ffec9790000 - 0x00007ffec9f20000 	C:\WINDOWS\SYSTEM32\windows.storage.dll
0x00007ffecc120000 - 0x00007ffecc475000 	C:\WINDOWS\System32\combase.dll
0x00007ffecb010000 - 0x00007ffecb03c000 	C:\WINDOWS\SYSTEM32\Wldp.dll
0x00007ffecd3b0000 - 0x00007ffecd45d000 	C:\WINDOWS\System32\SHCORE.dll
0x00007ffecd0a0000 - 0x00007ffecd0f5000 	C:\WINDOWS\System32\shlwapi.dll
0x00007ffecb5d0000 - 0x00007ffecb5ef000 	C:\WINDOWS\SYSTEM32\profapi.dll
0x00007ffeb8ad0000 - 0x00007ffeb8ae9000 	C:\Program Files\Java\jdk-16.0.2\bin\net.dll
0x00007ffeb9e60000 - 0x00007ffeb9f68000 	C:\WINDOWS\SYSTEM32\WINHTTP.dll
0x00007ffecad70000 - 0x00007ffecadda000 	C:\WINDOWS\system32\mswsock.dll
0x00007ffeb8ab0000 - 0x00007ffeb8ac3000 	C:\Program Files\Java\jdk-16.0.2\bin\nio.dll
0x00007ffeb8a50000 - 0x00007ffeb8a68000 	C:\Program Files\Java\jdk-16.0.2\bin\zip.dll
0x00007ffeb8a40000 - 0x00007ffeb8a50000 	C:\Program Files\Java\jdk-16.0.2\bin\verify.dll
0x00007ffeb37c0000 - 0x00007ffeb37ca000 	C:\Program Files\NetBeans-12.5\netbeans\java\maven\lib\jansi-native\windows64\jansi.dll

dbghelp: loaded successfully - version: 4.0.5 - missing functions: none
symbol engine: initialized successfully - sym options: 0x614 - pdb path: .;C:\Program Files\Java\jdk-16.0.2\bin;C:\WINDOWS\SYSTEM32;C:\WINDOWS\WinSxS\amd64_microsoft.windows.common-controls_6595b64144ccf1df_6.0.19041.1110_none_60b5254171f9507e;C:\Program Files\Java\jdk-16.0.2\bin\server;C:\Program Files\NetBeans-12.5\netbeans\java\maven\lib\jansi-native\windows64

VM Arguments:
jvm_args: -Dclassworlds.conf=C:\Program Files\NetBeans-12.5\netbeans\java\maven\bin\..\bin\m2.conf -Dmaven.home=C:\Program Files\NetBeans-12.5\netbeans\java\maven\bin\.. -Dlibrary.jansi.path=C:\Program Files\NetBeans-12.5\netbeans\java\maven\bin\..\lib\jansi-native -Dmaven.multiModuleProjectDirectory=C:\Users\dell\Documents\NetBeansProjects\projetoGit\projetoN2 
java_command: org.codehaus.plexus.classworlds.launcher.Launcher -Dexec.vmArgs= -Dexec.args=${exec.vmArgs} -classpath %classpath ${exec.mainClass} ${exec.appArgs} -Dexec.executable=C:\Program Files\Java\jdk-16.0.2\bin\java.exe -Dexec.mainClass=view.services.TableSuppliers -Dexec.classpathScope=runtime -Dexec.appArgs= -Dmaven.ext.class.path=C:\Program Files\NetBeans-12.5\netbeans\java\maven-nblib\netbeans-eventspy.jar -Dfile.encoding=UTF-8 org.codehaus.mojo:exec-maven-plugin:3.0.0:exec
java_class_path (initial): C:\Program Files\NetBeans-12.5\netbeans\java\maven\bin\..\boot\plexus-classworlds-2.6.0.jar
Launcher Type: SUN_STANDARD

[Global flags]
     intx CICompilerCount                          = 3                                         {product} {ergonomic}
     uint ConcGCThreads                            = 1                                         {product} {ergonomic}
     uint G1ConcRefinementThreads                  = 4                                         {product} {ergonomic}
   size_t G1HeapRegionSize                         = 1048576                                   {product} {ergonomic}
    uintx GCDrainStackTargetSize                   = 64                                        {product} {ergonomic}
   size_t InitialHeapSize                          = 67108864                                  {product} {ergonomic}
   size_t MarkStackSize                            = 4194304                                   {product} {ergonomic}
   size_t MaxHeapSize                              = 1048576000                                {product} {ergonomic}
   size_t MaxNewSize                               = 629145600                                 {product} {ergonomic}
   size_t MinHeapDeltaBytes                        = 1048576                                   {product} {ergonomic}
   size_t MinHeapSize                              = 8388608                                   {product} {ergonomic}
    uintx NonNMethodCodeHeapSize                   = 5832780                                {pd product} {ergonomic}
    uintx NonProfiledCodeHeapSize                  = 122912730                              {pd product} {ergonomic}
    uintx ProfiledCodeHeapSize                     = 122912730                              {pd product} {ergonomic}
    uintx ReservedCodeCacheSize                    = 251658240                              {pd product} {ergonomic}
     bool SegmentedCodeCache                       = true                                      {product} {ergonomic}
   size_t SoftMaxHeapSize                          = 1048576000                             {manageable} {ergonomic}
     bool UseCompressedClassPointers               = true                           {product lp64_product} {ergonomic}
     bool UseCompressedOops                        = true                           {product lp64_product} {ergonomic}
     bool UseG1GC                                  = true                                      {product} {ergonomic}
     bool UseLargePagesIndividualAllocation        = false                                  {pd product} {ergonomic}

Logging:
Log output configuration:
 #0: stdout all=warning uptime,level,tags
 #1: stderr all=off uptime,level,tags

Environment Variables:
JAVA_HOME=C:\Program Files\Java\jdk-16.0.2
PATH=C:\Program Files\Common Files\Oracle\Java\javapath;C:\Program Files (x86)\Common Files\Oracle\Java\javapath;C:\Program Files\AdoptOpenJDK\jdk-14.0.2.12-hotspot\bin;C:\WINDOWS\system32;C:\WINDOWS;C:\WINDOWS\System32\Wbem;C:\WINDOWS\System32\WindowsPowerShell\v1.0\;C:\WINDOWS\System32\OpenSSH\;C:\Program Files\nodejs\;C:\Program Files (x86)\Intel\Intel(R) Management Engine Components\DAL;C:\Program Files\Intel\Intel(R) Management Engine Components\DAL;C:\MinGW\bin;C:\Program Files\Java\jdk-15.0.2\bin;C:\Program Files\Git\cmd;C:\Program Files\Apache\maven\apache-maven-3.8.3\bin;C:\Program Files\MySQL\MySQL Shell 8.0\bin\;C:\Users\dell\AppData\Local\Microsoft\WindowsApps;C:\Users\dell\AppData\Roaming\npm;C:\MinGW\bin;;C:\Program Files\JetBrains\IntelliJ IDEA Community Edition 2021.2\bin;;C:\Users\dell\AppData\Local\Programs\mongosh\
USERNAME=dell
OS=Windows_NT
PROCESSOR_IDENTIFIER=Intel64 Family 6 Model 142 Stepping 9, GenuineIntel



---------------  S Y S T E M  ---------------

OS:
 Windows 10 , 64 bit Build 19041 (10.0.19041.1202)
OS uptime: 0 days 4:10 hours

CPU: total 4 (initial active 4) (2 cores per cpu, 2 threads per core) family 6 model 142 stepping 9 microcode 0xea, cx8, cmov, fxsr, ht, mmx, 3dnowpref, sse, sse2, sse3, ssse3, sse4.1, sse4.2, popcnt, lzcnt, tsc, tscinvbit, avx, avx2, aes, erms, clmul, bmi1, bmi2, adx, fma, vzeroupper, clflush, clflushopt

Memory: 4k page, system-wide physical 3996M (448M free)
TotalPageFile size 5391M (AvailPageFile size 3M)
current process WorkingSet (physical memory assigned to process): 104M, peak: 105M
current process commit charge ("private bytes"): 173M, peak: 174M

vm_info: Java HotSpot(TM) 64-Bit Server VM (16.0.2+7-67) for windows-amd64 JRE (16.0.2+7-67), built on Jun  8 2021 23:24:19 by "mach5one" with MS VC++ 16.7 (VS2019)

END.
