#
# There is insufficient memory for the Java Runtime Environment to continue.
# Native memory allocation (malloc) failed to allocate 65552 bytes for Chunk::new
# Possible reasons:
#   The system is out of physical RAM or swap space
#   The process is running with CompressedOops enabled, and the Java Heap may be blocking the growth of the native heap
# Possible solutions:
#   Reduce memory load on the system
#   Increase physical memory or swap space
#   Check if swap backing store is full
#   Decrease Java heap size (-Xmx/-Xms)
#   Decrease number of Java threads
#   Decrease Java thread stack sizes (-Xss)
#   Set larger code cache with -XX:ReservedCodeCacheSize=
#   JVM is running with Unscaled Compressed Oops mode in which the Java heap is
#     placed in the first 4GB address space. The Java Heap base address is the
#     maximum limit for the native heap growth. Please use -XX:HeapBaseMinAddress
#     to set the Java Heap base and to place the Java Heap above 4GB virtual address.
# This output file may be truncated or incomplete.
#
#  Out of Memory Error (arena.cpp:195), pid=8012, tid=1636
#
# JRE version: Java(TM) SE Runtime Environment (16.0.2+7) (build 16.0.2+7-67)
# Java VM: Java HotSpot(TM) 64-Bit Server VM (16.0.2+7-67, mixed mode, sharing, tiered, compressed oops, compressed class ptrs, g1 gc, windows-amd64)
# No core dump will be written. Minidumps are not enabled by default on client versions of Windows
#

---------------  S U M M A R Y ------------

Command Line: -Dclassworlds.conf=C:\Program Files\NetBeans-12.5\netbeans\java\maven\bin\..\bin\m2.conf -Dmaven.home=C:\Program Files\NetBeans-12.5\netbeans\java\maven\bin\.. -Dlibrary.jansi.path=C:\Program Files\NetBeans-12.5\netbeans\java\maven\bin\..\lib\jansi-native -Dmaven.multiModuleProjectDirectory=C:\Users\dell\Documents\NetBeansProjects\projetoGit\projetoN2 org.codehaus.plexus.classworlds.launcher.Launcher -Dexec.vmArgs= -Dexec.args=${exec.vmArgs} -classpath %classpath ${exec.mainClass} ${exec.appArgs} -Dexec.executable=C:\Program Files\Java\jdk-16.0.2\bin\java.exe -Dexec.mainClass=view.services.TableSuppliers -Dexec.classpathScope=runtime -Dexec.appArgs= -Dmaven.ext.class.path=C:\Program Files\NetBeans-12.5\netbeans\java\maven-nblib\netbeans-eventspy.jar -Dfile.encoding=UTF-8 org.codehaus.mojo:exec-maven-plugin:3.0.0:exec

Host: Intel(R) Core(TM) i3-7020U CPU @ 2.30GHz, 4 cores, 3G,  Windows 10 , 64 bit Build 19041 (10.0.19041.1202)
Time: Thu Oct 21 16:31:14 2021 Hora oficial do Brasil elapsed time: 5.994167 seconds (0d 0h 0m 5s)

---------------  T H R E A D  ---------------

Current thread (0x0000019ed80dd0b0):  JavaThread "C2 CompilerThread0" daemon [_thread_in_native, id=1636, stack(0x000000773fc00000,0x000000773fd00000)]


Current CompileTask:
C2:   5994 3017  s    4       org.fusesource.jansi.AnsiPrintStream::filter (948 bytes)

Stack: [0x000000773fc00000,0x000000773fd00000]
Native frames: (J=compiled Java code, j=interpreted, Vv=VM code, C=native code)
V  [jvm.dll+0x6681ca]
V  [jvm.dll+0x7c9e69]
V  [jvm.dll+0x7cb61e]
V  [jvm.dll+0x7cbc73]
V  [jvm.dll+0x242c55]
V  [jvm.dll+0xadeba]
V  [jvm.dll+0xae45c]
V  [jvm.dll+0x68c41f]
V  [jvm.dll+0x2149c1]
V  [jvm.dll+0x1a1beb]
V  [jvm.dll+0x225158]
V  [jvm.dll+0x22319c]
V  [jvm.dll+0x77fa62]
V  [jvm.dll+0x7795aa]
V  [jvm.dll+0x667066]
C  [ucrtbase.dll+0x21bb2]
C  [KERNEL32.DLL+0x17034]
C  [ntdll.dll+0x52651]


---------------  P R O C E S S  ---------------

Threads class SMR info:
_java_thread_list=0x0000019ed95b9420, length=15, elements={
0x0000019ebd0beca0, 0x0000019ed80b5720, 0x0000019ed80b6c90, 0x0000019ed80c9d20,
0x0000019ed80cbb40, 0x0000019ed80ccdf0, 0x0000019ed80d9c10, 0x0000019ed80dd0b0,
0x0000019ed80e1ac0, 0x0000019ed80f6410, 0x0000019ed8c59970, 0x0000019ed8c58ed0,
0x0000019ed8c5a960, 0x0000019ed8c59420, 0x0000019ed8c59ec0
}

Java Threads: ( => current thread )
  0x0000019ebd0beca0 JavaThread "main" [_thread_in_native, id=2120, stack(0x000000773ef00000,0x000000773f000000)]
  0x0000019ed80b5720 JavaThread "Reference Handler" daemon [_thread_blocked, id=6356, stack(0x000000773f600000,0x000000773f700000)]
  0x0000019ed80b6c90 JavaThread "Finalizer" daemon [_thread_blocked, id=6056, stack(0x000000773f700000,0x000000773f800000)]
  0x0000019ed80c9d20 JavaThread "Signal Dispatcher" daemon [_thread_blocked, id=3556, stack(0x000000773f800000,0x000000773f900000)]
  0x0000019ed80cbb40 JavaThread "Attach Listener" daemon [_thread_blocked, id=6544, stack(0x000000773f900000,0x000000773fa00000)]
  0x0000019ed80ccdf0 JavaThread "Service Thread" daemon [_thread_blocked, id=2688, stack(0x000000773fa00000,0x000000773fb00000)]
  0x0000019ed80d9c10 JavaThread "Monitor Deflation Thread" daemon [_thread_blocked, id=9468, stack(0x000000773fb00000,0x000000773fc00000)]
=>0x0000019ed80dd0b0 JavaThread "C2 CompilerThread0" daemon [_thread_in_native, id=1636, stack(0x000000773fc00000,0x000000773fd00000)]
  0x0000019ed80e1ac0 JavaThread "C1 CompilerThread0" daemon [_thread_in_native, id=9600, stack(0x000000773fd00000,0x000000773fe00000)]
  0x0000019ed80f6410 JavaThread "Sweeper thread" daemon [_thread_blocked, id=7980, stack(0x000000773fe00000,0x000000773ff00000)]
  0x0000019ed8c59970 JavaThread "Notification Thread" daemon [_thread_blocked, id=2108, stack(0x000000773ff00000,0x0000007740000000)]
  0x0000019ed8c58ed0 JavaThread "Common-Cleaner" daemon [_thread_blocked, id=1060, stack(0x0000007740100000,0x0000007740200000)]
  0x0000019ed8c5a960 JavaThread "Exec Stream Pumper" daemon [_thread_in_native, id=10188, stack(0x0000007740600000,0x0000007740700000)]
  0x0000019ed8c59420 JavaThread "Exec Stream Pumper" daemon [_thread_in_native, id=9928, stack(0x0000007740700000,0x0000007740800000)]
  0x0000019ed8c59ec0 JavaThread "Exec Input Stream Pumper" daemon [_thread_blocked, id=7208, stack(0x0000007740800000,0x0000007740900000)]

Other Threads:
  0x0000019ed80b0530 VMThread "VM Thread" [stack: 0x000000773f500000,0x000000773f600000] [id=3024]
  0x0000019ed8c5c170 WatcherThread [stack: 0x0000007740000000,0x0000007740100000] [id=6464]
  0x0000019ebd0eeb40 GCTaskThread "GC Thread#0" [stack: 0x000000773f000000,0x000000773f100000] [id=8524]
  0x0000019ed957e1c0 GCTaskThread "GC Thread#1" [stack: 0x0000007740200000,0x0000007740300000] [id=1028]
  0x0000019ed95765c0 GCTaskThread "GC Thread#2" [stack: 0x0000007740300000,0x0000007740400000] [id=5288]
  0x0000019ed95768d0 GCTaskThread "GC Thread#3" [stack: 0x0000007740400000,0x0000007740500000] [id=7380]
  0x0000019ebd0f7790 ConcurrentGCThread "G1 Main Marker" [stack: 0x000000773f100000,0x000000773f200000] [id=5132]
  0x0000019ebd0f88b0 ConcurrentGCThread "G1 Conc#0" [stack: 0x000000773f200000,0x000000773f300000] [id=644]
  0x0000019ebd146660 ConcurrentGCThread "G1 Refine#0" [stack: 0x000000773f300000,0x000000773f400000] [id=9268]
  0x0000019ebd146ff0 ConcurrentGCThread "G1 Service" [stack: 0x000000773f400000,0x000000773f500000] [id=7228]

Threads with active compile tasks:
C2 CompilerThread0     6035 3017  s    4       org.fusesource.jansi.AnsiPrintStream::filter (948 bytes)
C1 CompilerThread0     6035 3015   !   3       java.io.PrintStream::write (66 bytes)

VM state: not at safepoint (normal execution)

VM Mutex/Monitor currently owned by a thread: None

Heap address: 0x00000000c1800000, size: 1000 MB, Compressed Oops mode: 32-bit

CDS archive(s) mapped at: [0x0000000800000000-0x0000000800bb0000-0x0000000800bb0000), size 12255232, SharedBaseAddress: 0x0000000800000000, ArchiveRelocationMode: 0.
Compressed class space mapped at: 0x0000000800c00000-0x0000000840c00000, reserved size: 1073741824
Narrow klass base: 0x0000000800000000, Narrow klass shift: 3, Narrow klass range: 0x100000000

GC Precious Log:
 CPUs: 4 total, 4 available
 Memory: 3996M
 Large Page Support: Disabled
 NUMA Support: Disabled
 Compressed Oops: Enabled (32-bit)
 Heap Region Size: 1M
 Heap Min Capacity: 8M
 Heap Initial Capacity: 64M
 Heap Max Capacity: 1000M
 Pre-touch: Disabled
 Parallel Workers: 4
 Concurrent Workers: 1
 Concurrent Refinement Workers: 4
 Periodic GC: Disabled

Heap:
 garbage-first heap   total 65536K, used 20147K [0x00000000c1800000, 0x0000000100000000)
  region size 1024K, 19 young (19456K), 5 survivors (5120K)
 Metaspace       used 14003K, committed 14272K, reserved 1064960K
  class space    used 1594K, committed 1728K, reserved 1048576K

Heap Regions: E=young(eden), S=young(survivor), O=old, HS=humongous(starts), HC=humongous(continues), CS=collection set, F=free, OA=open archive, CA=closed archive, TAMS=top-at-mark-start (previous, next)
|   0|0x00000000c1800000, 0x00000000c1900000, 0x00000000c1900000|100%| O|  |TAMS 0x00000000c1800000, 0x00000000c1800000| Untracked 
|   1|0x00000000c1900000, 0x00000000c1a00000, 0x00000000c1a00000|100%| O|  |TAMS 0x00000000c1900000, 0x00000000c1900000| Untracked 
|   2|0x00000000c1a00000, 0x00000000c1b00000, 0x00000000c1b00000|100%| O|  |TAMS 0x00000000c1a00000, 0x00000000c1a00000| Untracked 
|   3|0x00000000c1b00000, 0x00000000c1b17800, 0x00000000c1c00000|  9%| O|  |TAMS 0x00000000c1b00000, 0x00000000c1b00000| Untracked 
|   4|0x00000000c1c00000, 0x00000000c1c00000, 0x00000000c1d00000|  0%| F|  |TAMS 0x00000000c1c00000, 0x00000000c1c00000| Untracked 
|   5|0x00000000c1d00000, 0x00000000c1d00000, 0x00000000c1e00000|  0%| F|  |TAMS 0x00000000c1d00000, 0x00000000c1d00000| Untracked 
|   6|0x00000000c1e00000, 0x00000000c1e00000, 0x00000000c1f00000|  0%| F|  |TAMS 0x00000000c1e00000, 0x00000000c1e00000| Untracked 
|   7|0x00000000c1f00000, 0x00000000c1f00000, 0x00000000c2000000|  0%| F|  |TAMS 0x00000000c1f00000, 0x00000000c1f00000| Untracked 
|   8|0x00000000c2000000, 0x00000000c2000000, 0x00000000c2100000|  0%| F|  |TAMS 0x00000000c2000000, 0x00000000c2000000| Untracked 
|   9|0x00000000c2100000, 0x00000000c2100000, 0x00000000c2200000|  0%| F|  |TAMS 0x00000000c2100000, 0x00000000c2100000| Untracked 
|  10|0x00000000c2200000, 0x00000000c2200000, 0x00000000c2300000|  0%| F|  |TAMS 0x00000000c2200000, 0x00000000c2200000| Untracked 
|  11|0x00000000c2300000, 0x00000000c2300000, 0x00000000c2400000|  0%| F|  |TAMS 0x00000000c2300000, 0x00000000c2300000| Untracked 
|  12|0x00000000c2400000, 0x00000000c2400000, 0x00000000c2500000|  0%| F|  |TAMS 0x00000000c2400000, 0x00000000c2400000| Untracked 
|  13|0x00000000c2500000, 0x00000000c2500000, 0x00000000c2600000|  0%| F|  |TAMS 0x00000000c2500000, 0x00000000c2500000| Untracked 
|  14|0x00000000c2600000, 0x00000000c2600000, 0x00000000c2700000|  0%| F|  |TAMS 0x00000000c2600000, 0x00000000c2600000| Untracked 
|  15|0x00000000c2700000, 0x00000000c2700000, 0x00000000c2800000|  0%| F|  |TAMS 0x00000000c2700000, 0x00000000c2700000| Untracked 
|  16|0x00000000c2800000, 0x00000000c2800000, 0x00000000c2900000|  0%| F|  |TAMS 0x00000000c2800000, 0x00000000c2800000| Untracked 
|  17|0x00000000c2900000, 0x00000000c2900000, 0x00000000c2a00000|  0%| F|  |TAMS 0x00000000c2900000, 0x00000000c2900000| Untracked 
|  18|0x00000000c2a00000, 0x00000000c2a00000, 0x00000000c2b00000|  0%| F|  |TAMS 0x00000000c2a00000, 0x00000000c2a00000| Untracked 
|  19|0x00000000c2b00000, 0x00000000c2b00000, 0x00000000c2c00000|  0%| F|  |TAMS 0x00000000c2b00000, 0x00000000c2b00000| Untracked 
|  20|0x00000000c2c00000, 0x00000000c2c00000, 0x00000000c2d00000|  0%| F|  |TAMS 0x00000000c2c00000, 0x00000000c2c00000| Untracked 
|  21|0x00000000c2d00000, 0x00000000c2d95440, 0x00000000c2e00000| 58%| S|CS|TAMS 0x00000000c2d00000, 0x00000000c2d00000| Complete 
|  22|0x00000000c2e00000, 0x00000000c2f00000, 0x00000000c2f00000|100%| S|CS|TAMS 0x00000000c2e00000, 0x00000000c2e00000| Complete 
|  23|0x00000000c2f00000, 0x00000000c3000000, 0x00000000c3000000|100%| S|CS|TAMS 0x00000000c2f00000, 0x00000000c2f00000| Complete 
|  24|0x00000000c3000000, 0x00000000c3100000, 0x00000000c3100000|100%| S|CS|TAMS 0x00000000c3000000, 0x00000000c3000000| Complete 
|  25|0x00000000c3100000, 0x00000000c3200000, 0x00000000c3200000|100%| S|CS|TAMS 0x00000000c3100000, 0x00000000c3100000| Complete 
|  26|0x00000000c3200000, 0x00000000c3200000, 0x00000000c3300000|  0%| F|  |TAMS 0x00000000c3200000, 0x00000000c3200000| Untracked 
|  27|0x00000000c3300000, 0x00000000c3300000, 0x00000000c3400000|  0%| F|  |TAMS 0x00000000c3300000, 0x00000000c3300000| Untracked 
|  28|0x00000000c3400000, 0x00000000c3400000, 0x00000000c3500000|  0%| F|  |TAMS 0x00000000c3400000, 0x00000000c3400000| Untracked 
|  29|0x00000000c3500000, 0x00000000c3500000, 0x00000000c3600000|  0%| F|  |TAMS 0x00000000c3500000, 0x00000000c3500000| Untracked 
|  30|0x00000000c3600000, 0x00000000c3600000, 0x00000000c3700000|  0%| F|  |TAMS 0x00000000c3600000, 0x00000000c3600000| Untracked 
|  31|0x00000000c3700000, 0x00000000c3700000, 0x00000000c3800000|  0%| F|  |TAMS 0x00000000c3700000, 0x00000000c3700000| Untracked 
|  32|0x00000000c3800000, 0x00000000c3800000, 0x00000000c3900000|  0%| F|  |TAMS 0x00000000c3800000, 0x00000000c3800000| Untracked 
|  33|0x00000000c3900000, 0x00000000c3900000, 0x00000000c3a00000|  0%| F|  |TAMS 0x00000000c3900000, 0x00000000c3900000| Untracked 
|  34|0x00000000c3a00000, 0x00000000c3a00000, 0x00000000c3b00000|  0%| F|  |TAMS 0x00000000c3a00000, 0x00000000c3a00000| Untracked 
|  35|0x00000000c3b00000, 0x00000000c3b00000, 0x00000000c3c00000|  0%| F|  |TAMS 0x00000000c3b00000, 0x00000000c3b00000| Untracked 
|  36|0x00000000c3c00000, 0x00000000c3c00000, 0x00000000c3d00000|  0%| F|  |TAMS 0x00000000c3c00000, 0x00000000c3c00000| Untracked 
|  37|0x00000000c3d00000, 0x00000000c3d00000, 0x00000000c3e00000|  0%| F|  |TAMS 0x00000000c3d00000, 0x00000000c3d00000| Untracked 
|  38|0x00000000c3e00000, 0x00000000c3e00000, 0x00000000c3f00000|  0%| F|  |TAMS 0x00000000c3e00000, 0x00000000c3e00000| Untracked 
|  39|0x00000000c3f00000, 0x00000000c3f00000, 0x00000000c4000000|  0%| F|  |TAMS 0x00000000c3f00000, 0x00000000c3f00000| Untracked 
|  40|0x00000000c4000000, 0x00000000c4000000, 0x00000000c4100000|  0%| F|  |TAMS 0x00000000c4000000, 0x00000000c4000000| Untracked 
|  41|0x00000000c4100000, 0x00000000c4100000, 0x00000000c4200000|  0%| F|  |TAMS 0x00000000c4100000, 0x00000000c4100000| Untracked 
|  42|0x00000000c4200000, 0x00000000c4200000, 0x00000000c4300000|  0%| F|  |TAMS 0x00000000c4200000, 0x00000000c4200000| Untracked 
|  43|0x00000000c4300000, 0x00000000c4300000, 0x00000000c4400000|  0%| F|  |TAMS 0x00000000c4300000, 0x00000000c4300000| Untracked 
|  44|0x00000000c4400000, 0x00000000c4400000, 0x00000000c4500000|  0%| F|  |TAMS 0x00000000c4400000, 0x00000000c4400000| Untracked 
|  45|0x00000000c4500000, 0x00000000c4500000, 0x00000000c4600000|  0%| F|  |TAMS 0x00000000c4500000, 0x00000000c4500000| Untracked 
|  46|0x00000000c4600000, 0x00000000c4600000, 0x00000000c4700000|  0%| F|  |TAMS 0x00000000c4600000, 0x00000000c4600000| Untracked 
|  47|0x00000000c4700000, 0x00000000c4700000, 0x00000000c4800000|  0%| F|  |TAMS 0x00000000c4700000, 0x00000000c4700000| Untracked 
|  48|0x00000000c4800000, 0x00000000c4800000, 0x00000000c4900000|  0%| F|  |TAMS 0x00000000c4800000, 0x00000000c4800000| Untracked 
|  49|0x00000000c4900000, 0x00000000c4900000, 0x00000000c4a00000|  0%| F|  |TAMS 0x00000000c4900000, 0x00000000c4900000| Untracked 
|  50|0x00000000c4a00000, 0x00000000c4b00000, 0x00000000c4b00000|100%| E|  |TAMS 0x00000000c4a00000, 0x00000000c4a00000| Complete 
|  51|0x00000000c4b00000, 0x00000000c4c00000, 0x00000000c4c00000|100%| E|CS|TAMS 0x00000000c4b00000, 0x00000000c4b00000| Complete 
|  52|0x00000000c4c00000, 0x00000000c4d00000, 0x00000000c4d00000|100%| E|CS|TAMS 0x00000000c4c00000, 0x00000000c4c00000| Complete 
|  53|0x00000000c4d00000, 0x00000000c4e00000, 0x00000000c4e00000|100%| E|CS|TAMS 0x00000000c4d00000, 0x00000000c4d00000| Complete 
|  54|0x00000000c4e00000, 0x00000000c4f00000, 0x00000000c4f00000|100%| E|CS|TAMS 0x00000000c4e00000, 0x00000000c4e00000| Complete 
|  55|0x00000000c4f00000, 0x00000000c5000000, 0x00000000c5000000|100%| E|CS|TAMS 0x00000000c4f00000, 0x00000000c4f00000| Complete 
|  56|0x00000000c5000000, 0x00000000c5100000, 0x00000000c5100000|100%| E|CS|TAMS 0x00000000c5000000, 0x00000000c5000000| Complete 
|  57|0x00000000c5100000, 0x00000000c5200000, 0x00000000c5200000|100%| E|CS|TAMS 0x00000000c5100000, 0x00000000c5100000| Complete 
|  58|0x00000000c5200000, 0x00000000c5300000, 0x00000000c5300000|100%| E|  |TAMS 0x00000000c5200000, 0x00000000c5200000| Complete 
|  59|0x00000000c5300000, 0x00000000c5400000, 0x00000000c5400000|100%| E|CS|TAMS 0x00000000c5300000, 0x00000000c5300000| Complete 
|  60|0x00000000c5400000, 0x00000000c5500000, 0x00000000c5500000|100%| E|CS|TAMS 0x00000000c5400000, 0x00000000c5400000| Complete 
|  61|0x00000000c5500000, 0x00000000c5600000, 0x00000000c5600000|100%| E|CS|TAMS 0x00000000c5500000, 0x00000000c5500000| Complete 
|  62|0x00000000c5600000, 0x00000000c5700000, 0x00000000c5700000|100%| E|CS|TAMS 0x00000000c5600000, 0x00000000c5600000| Complete 
|  63|0x00000000c5700000, 0x00000000c5800000, 0x00000000c5800000|100%| E|CS|TAMS 0x00000000c5700000, 0x00000000c5700000| Complete 

Card table byte_map: [0x0000019ed3840000,0x0000019ed3a40000] _byte_map_base: 0x0000019ed3234000

Marking Bits (Prev, Next): (CMBitMap*) 0x0000019ebd0ef0c0, (CMBitMap*) 0x0000019ebd0ef100
 Prev Bits: [0x0000019ed3c40000, 0x0000019ed4be0000)
 Next Bits: [0x0000019ed4be0000, 0x0000019ed5b80000)

Polling page: 0x0000019ebaed0000

Metaspace:

Usage:
  Non-class:     12.12 MB used.
      Class:      1.56 MB used.
       Both:     13.68 MB used.

Virtual space:
  Non-class space:       16.00 MB reserved,      12.25 MB ( 77%) committed,  2 nodes.
      Class space:        1.00 GB reserved,       1.69 MB ( <1%) committed,  1 nodes.
              Both:        1.02 GB reserved,      13.94 MB (  1%) committed. 

Chunk freelists:
   Non-Class:  2.91 MB
       Class:  2.15 MB
        Both:  5.06 MB

MaxMetaspaceSize: 17179869184.00 GB
CompressedClassSpaceSize: 1.00 GB
 - commit_granule_bytes: 65536.
 - commit_granule_words: 8192.
 - virtual_space_node_default_size: 1048576.
 - enlarge_chunks_in_place: 1.
 - new_chunks_are_fully_committed: 0.
 - uncommit_free_chunks: 1.
 - use_allocation_guard: 0.
 - handle_deallocations: 1.


Internal statistics:

num_allocs_failed_limit: 0.
num_arena_births: 82.
num_arena_deaths: 0.
num_vsnodes_births: 3.
num_vsnodes_deaths: 0.
num_space_committed: 223.
num_space_uncommitted: 0.
num_chunks_returned_to_freelist: 0.
num_chunks_taken_from_freelist: 550.
num_chunk_merges: 0.
num_chunk_splits: 403.
num_chunks_enlarged: 318.
num_purges: 0.

CodeHeap 'non-profiled nmethods': size=120000Kb used=1374Kb max_used=1374Kb free=118625Kb
 bounds [0x0000019ecc310000, 0x0000019ecc580000, 0x0000019ed3840000]
CodeHeap 'profiled nmethods': size=120000Kb used=5983Kb max_used=5983Kb free=114016Kb
 bounds [0x0000019ec4de0000, 0x0000019ec53c0000, 0x0000019ecc310000]
CodeHeap 'non-nmethods': size=5760Kb used=1197Kb max_used=1252Kb free=4562Kb
 bounds [0x0000019ec4840000, 0x0000019ec4ab0000, 0x0000019ec4de0000]
 total_blobs=3501 nmethods=3008 adapters=405
 compilation: enabled
              stopped_count=0, restarted_count=0
 full_count=0

Compilation events (20 events):
Event: 4.124 Thread 0x0000019ed80e1ac0 3008       3       sun.invoke.util.Wrapper::forPrimitiveType (49 bytes)
Event: 4.126 Thread 0x0000019ed80e1ac0 nmethod 3008 0x0000019ec53b4d90 code [0x0000019ec53b5100, 0x0000019ec53b64c8]
Event: 4.127 Thread 0x0000019ed80e1ac0 3009       3       java.lang.invoke.MemberName::flagsMods (73 bytes)
Event: 4.127 Thread 0x0000019ed80e1ac0 nmethod 3009 0x0000019ec53b6c10 code [0x0000019ec53b6da0, 0x0000019ec53b6ed8]
Event: 4.127 Thread 0x0000019ed80e1ac0 3010       3       java.lang.invoke.MemberName::init (67 bytes)
Event: 4.127 Thread 0x0000019ed80e1ac0 nmethod 3010 0x0000019ec53b6f90 code [0x0000019ec53b7140, 0x0000019ec53b7378]
Event: 4.127 Thread 0x0000019ed80e1ac0 3013       3       java.lang.invoke.MethodType::toMethodDescriptorString (28 bytes)
Event: 4.127 Thread 0x0000019ed80e1ac0 nmethod 3013 0x0000019ec53b7410 code [0x0000019ec53b75c0, 0x0000019ec53b77a8]
Event: 4.136 Thread 0x0000019ed8f979c0 nmethod 2987 0x0000019ecc460090 code [0x0000019ecc460260, 0x0000019ecc460ee8]
Event: 4.136 Thread 0x0000019ed8f979c0 2991       4       java.util.TreeMap::successor (66 bytes)
Event: 4.139 Thread 0x0000019ed8f979c0 nmethod 2991 0x0000019ecc461590 code [0x0000019ecc461720, 0x0000019ecc461818]
Event: 4.139 Thread 0x0000019ed8f979c0 2990       4       java.util.TreeMap$PrivateEntryIterator::nextEntry (54 bytes)
Event: 4.144 Thread 0x0000019ed8f979c0 nmethod 2990 0x0000019ecc461910 code [0x0000019ecc461aa0, 0x0000019ecc461db8]
Event: 4.144 Thread 0x0000019ed8f979c0 2989       4       org.codehaus.plexus.classworlds.realm.ClassRealm::getClassLoadingLock (38 bytes)
Event: 4.147 Thread 0x0000019ed8f979c0 nmethod 2989 0x0000019ecc461f10 code [0x0000019ecc4620a0, 0x0000019ecc4621e8]
Event: 4.152 Thread 0x0000019ed80dd0b0 nmethod 2904 0x0000019ecc462390 code [0x0000019ecc4626a0, 0x0000019ecc465870]
Event: 5.991 Thread 0x0000019ed80e1ac0 3014       3       org.fusesource.jansi.FilterPrintStream::write (17 bytes)
Event: 5.992 Thread 0x0000019ed80e1ac0 nmethod 3014 0x0000019ec53b7890 code [0x0000019ec53b7a40, 0x0000019ec53b7d38]
Event: 5.992 Thread 0x0000019ed80e1ac0 3015   !   3       java.io.PrintStream::write (66 bytes)
Event: 5.992 Thread 0x0000019ed80dd0b0 3017  s    4       org.fusesource.jansi.AnsiPrintStream::filter (948 bytes)

GC Heap History (8 events):
Event: 1.151 GC heap before
{Heap before GC invocations=0 (full 0):
 garbage-first heap   total 65536K, used 12288K [0x00000000c1800000, 0x0000000100000000)
  region size 1024K, 13 young (13312K), 0 survivors (0K)
 Metaspace       used 3565K, committed 3712K, reserved 1056768K
  class space    used 350K, committed 448K, reserved 1048576K
}
Event: 1.158 GC heap after
{Heap after GC invocations=1 (full 0):
 garbage-first heap   total 65536K, used 3088K [0x00000000c1800000, 0x0000000100000000)
  region size 1024K, 2 young (2048K), 2 survivors (2048K)
 Metaspace       used 3565K, committed 3712K, reserved 1056768K
  class space    used 350K, committed 448K, reserved 1048576K
}
Event: 1.481 GC heap before
{Heap before GC invocations=1 (full 0):
 garbage-first heap   total 65536K, used 16400K [0x00000000c1800000, 0x0000000100000000)
  region size 1024K, 15 young (15360K), 2 survivors (2048K)
 Metaspace       used 5146K, committed 5312K, reserved 1056768K
  class space    used 581K, committed 640K, reserved 1048576K
}
Event: 1.486 GC heap after
{Heap after GC invocations=2 (full 0):
 garbage-first heap   total 65536K, used 3753K [0x00000000c1800000, 0x0000000100000000)
  region size 1024K, 1 young (1024K), 1 survivors (1024K)
 Metaspace       used 5146K, committed 5312K, reserved 1056768K
  class space    used 581K, committed 640K, reserved 1048576K
}
Event: 2.190 GC heap before
{Heap before GC invocations=2 (full 0):
 garbage-first heap   total 65536K, used 28329K [0x00000000c1800000, 0x0000000100000000)
  region size 1024K, 26 young (26624K), 1 survivors (1024K)
 Metaspace       used 9177K, committed 9280K, reserved 1064960K
  class space    used 1089K, committed 1152K, reserved 1048576K
}
Event: 2.195 GC heap after
{Heap after GC invocations=3 (full 0):
 garbage-first heap   total 65536K, used 4980K [0x00000000c1800000, 0x0000000100000000)
  region size 1024K, 2 young (2048K), 2 survivors (2048K)
 Metaspace       used 9177K, committed 9280K, reserved 1064960K
  class space    used 1089K, committed 1152K, reserved 1048576K
}
Event: 3.754 GC heap before
{Heap before GC invocations=3 (full 0):
 garbage-first heap   total 65536K, used 41844K [0x00000000c1800000, 0x0000000100000000)
  region size 1024K, 38 young (38912K), 2 survivors (2048K)
 Metaspace       used 13016K, committed 13184K, reserved 1064960K
  class space    used 1472K, committed 1536K, reserved 1048576K
}
Event: 3.767 GC heap after
{Heap after GC invocations=4 (full 0):
 garbage-first heap   total 65536K, used 7859K [0x00000000c1800000, 0x0000000100000000)
  region size 1024K, 5 young (5120K), 5 survivors (5120K)
 Metaspace       used 13016K, committed 13184K, reserved 1064960K
  class space    used 1472K, committed 1536K, reserved 1048576K
}

Deoptimization events (20 events):
Event: 3.975 Thread 0x0000019ebd0beca0 Uncommon trap: trap_request=0xffffffde fr.pc=0x0000019ecc3bdd10 relative=0x0000000000000070
Event: 3.975 Thread 0x0000019ebd0beca0 Uncommon trap: reason=class_check action=maybe_recompile pc=0x0000019ecc3bdd10 method=com.google.inject.internal.LinkedBindingImpl.acceptTargetVisitor(Lcom/google/inject/spi/BindingTargetVisitor;)Ljava/lang/Object; @ 2 c2
Event: 3.975 Thread 0x0000019ebd0beca0 DEOPT PACKING pc=0x0000019ecc3bdd10 sp=0x000000773effda20
Event: 3.975 Thread 0x0000019ebd0beca0 DEOPT UNPACKING pc=0x0000019ec488d72e sp=0x000000773effd9b8 mode 2
Event: 4.038 Thread 0x0000019ebd0beca0 Uncommon trap: trap_request=0xffffffde fr.pc=0x0000019ecc3bdd10 relative=0x0000000000000070
Event: 4.038 Thread 0x0000019ebd0beca0 Uncommon trap: reason=class_check action=maybe_recompile pc=0x0000019ecc3bdd10 method=com.google.inject.internal.LinkedBindingImpl.acceptTargetVisitor(Lcom/google/inject/spi/BindingTargetVisitor;)Ljava/lang/Object; @ 2 c2
Event: 4.038 Thread 0x0000019ebd0beca0 DEOPT PACKING pc=0x0000019ecc3bdd10 sp=0x000000773effda20
Event: 4.038 Thread 0x0000019ebd0beca0 DEOPT UNPACKING pc=0x0000019ec488d72e sp=0x000000773effd9b8 mode 2
Event: 4.038 Thread 0x0000019ebd0beca0 Uncommon trap: trap_request=0xffffffde fr.pc=0x0000019ecc3bdd10 relative=0x0000000000000070
Event: 4.038 Thread 0x0000019ebd0beca0 Uncommon trap: reason=class_check action=maybe_recompile pc=0x0000019ecc3bdd10 method=com.google.inject.internal.LinkedBindingImpl.acceptTargetVisitor(Lcom/google/inject/spi/BindingTargetVisitor;)Ljava/lang/Object; @ 2 c2
Event: 4.038 Thread 0x0000019ebd0beca0 DEOPT PACKING pc=0x0000019ecc3bdd10 sp=0x000000773effda20
Event: 4.038 Thread 0x0000019ebd0beca0 DEOPT UNPACKING pc=0x0000019ec488d72e sp=0x000000773effd9b8 mode 2
Event: 4.047 Thread 0x0000019ebd0beca0 Uncommon trap: trap_request=0xffffff54 fr.pc=0x0000019ecc4501c8 relative=0x0000000000000348
Event: 4.047 Thread 0x0000019ebd0beca0 Uncommon trap: reason=speculate_null_assert action=make_not_entrant pc=0x0000019ecc4501c8 method=org.eclipse.sisu.inject.RankedBindings$Itr.hasNext()Z @ 80 c2
Event: 4.047 Thread 0x0000019ebd0beca0 DEOPT PACKING pc=0x0000019ecc4501c8 sp=0x000000773effdeb0
Event: 4.047 Thread 0x0000019ebd0beca0 DEOPT UNPACKING pc=0x0000019ec488d72e sp=0x000000773effde80 mode 2
Event: 4.073 Thread 0x0000019ebd0beca0 DEOPT PACKING pc=0x0000019ec4f327b4 sp=0x000000773eff8160
Event: 4.073 Thread 0x0000019ebd0beca0 DEOPT UNPACKING pc=0x0000019ec488dece sp=0x000000773eff7598 mode 0
Event: 4.073 Thread 0x0000019ebd0beca0 DEOPT PACKING pc=0x0000019ec4ea6d4c sp=0x000000773eff81d0
Event: 4.073 Thread 0x0000019ebd0beca0 DEOPT UNPACKING pc=0x0000019ec488dece sp=0x000000773eff7678 mode 0

Classes unloaded (0 events):
No events

Classes redefined (0 events):
No events

Internal exceptions (20 events):
Event: 2.342 Thread 0x0000019ebd0beca0 Exception <a 'java/lang/NoClassDefFoundError'{0x00000000c53a5db8}: javax/annotation/Priority> (0x00000000c53a5db8) 
thrown [t:\workspace\open\src\hotspot\share\classfile\systemDictionary.cpp, line 245]
Event: 2.450 Thread 0x0000019ebd0beca0 Exception <a 'java/lang/NoSuchMethodError'{0x00000000c5008338}: 'java.lang.Object java.lang.invoke.DirectMethodHandle$Holder.invokeStatic(java.lang.Object)'> (0x00000000c5008338) 
thrown [t:\workspace\open\src\hotspot\share\interpreter\linkResolver.cpp, line 790]
Event: 2.453 Thread 0x0000019ebd0beca0 Exception <a 'java/lang/NoSuchMethodError'{0x00000000c5013440}: 'java.lang.Object java.lang.invoke.DirectMethodHandle$Holder.invokeStaticInit(java.lang.Object, int, int, int, int)'> (0x00000000c5013440) 
thrown [t:\workspace\open\src\hotspot\share\interpreter\linkResolver.cpp, line 790]
Event: 3.189 Thread 0x0000019ebd0beca0 Implicit null exception at 0x0000019ecc3894e0 to 0x0000019ecc38957a
Event: 3.189 Thread 0x0000019ebd0beca0 Implicit null exception at 0x0000019ecc39fd8f to 0x0000019ecc3a0138
Event: 3.190 Thread 0x0000019ebd0beca0 Implicit null exception at 0x0000019ecc39cc2f to 0x0000019ecc39ccad
Event: 3.248 Thread 0x0000019ebd0beca0 Implicit null exception at 0x0000019ecc378d8f to 0x0000019ecc379120
Event: 3.997 Thread 0x0000019ebd0beca0 Exception <a 'java/lang/NoClassDefFoundError'{0x00000000c4e7b040}: org/sonatype/aether/artifact/Artifact> (0x00000000c4e7b040) 
thrown [t:\workspace\open\src\hotspot\share\classfile\systemDictionary.cpp, line 245]
Event: 3.999 Thread 0x0000019ebd0beca0 Exception <a 'java/lang/NoClassDefFoundError'{0x00000000c4e8d970}: org/sonatype/aether/artifact/Artifact> (0x00000000c4e8d970) 
thrown [t:\workspace\open\src\hotspot\share\classfile\systemDictionary.cpp, line 245]
Event: 4.005 Thread 0x0000019ebd0beca0 Exception <a 'java/lang/NoClassDefFoundError'{0x00000000c4edd9c8}: org/sonatype/aether/artifact/ArtifactType> (0x00000000c4edd9c8) 
thrown [t:\workspace\open\src\hotspot\share\classfile\systemDictionary.cpp, line 245]
Event: 4.019 Thread 0x0000019ebd0beca0 Exception <a 'java/lang/NoClassDefFoundError'{0x00000000c4d80600}: org/sonatype/aether/resolution/ArtifactDescriptorException> (0x00000000c4d80600) 
thrown [t:\workspace\open\src\hotspot\share\classfile\systemDictionary.cpp, line 245]
Event: 4.023 Thread 0x0000019ebd0beca0 Exception <a 'java/lang/NoClassDefFoundError'{0x00000000c4db6780}: org/sonatype/aether/artifact/Artifact> (0x00000000c4db6780) 
thrown [t:\workspace\open\src\hotspot\share\classfile\systemDictionary.cpp, line 245]
Event: 4.024 Thread 0x0000019ebd0beca0 Exception <a 'java/lang/NoClassDefFoundError'{0x00000000c4dc1270}: org/sonatype/aether/installation/InstallationException> (0x00000000c4dc1270) 
thrown [t:\workspace\open\src\hotspot\share\classfile\systemDictionary.cpp, line 245]
Event: 4.030 Thread 0x0000019ebd0beca0 Exception <a 'java/lang/NoClassDefFoundError'{0x00000000c4c01478}: org/sonatype/aether/deployment/DeploymentException> (0x00000000c4c01478) 
thrown [t:\workspace\open\src\hotspot\share\classfile\systemDictionary.cpp, line 245]
Event: 4.115 Thread 0x0000019ebd0beca0 Exception <a 'java/lang/NoSuchMethodError'{0x00000000c4a3dd08}: 'void java.lang.invoke.DirectMethodHandle$Holder.invokeStatic(java.lang.Object, long)'> (0x00000000c4a3dd08) 
thrown [t:\workspace\open\src\hotspot\share\interpreter\linkResolver.cpp, line 790]
Event: 4.117 Thread 0x0000019ebd0beca0 Exception <a 'java/lang/NoSuchMethodError'{0x00000000c4a438d0}: 'java.lang.Object java.lang.invoke.DirectMethodHandle$Holder.newInvokeSpecial(java.lang.Object, long)'> (0x00000000c4a438d0) 
thrown [t:\workspace\open\src\hotspot\share\interpreter\linkResolver.cpp, line 790]
Event: 4.120 Thread 0x0000019ebd0beca0 Exception <a 'java/lang/NoSuchMethodError'{0x00000000c4a48500}: 'java.lang.Object java.lang.invoke.DirectMethodHandle$Holder.invokeStaticInit(java.lang.Object)'> (0x00000000c4a48500) 
thrown [t:\workspace\open\src\hotspot\share\interpreter\linkResolver.cpp, line 790]
Event: 4.122 Thread 0x0000019ebd0beca0 Exception <a 'java/lang/NoSuchMethodError'{0x00000000c4a52280}: 'java.lang.Object java.lang.invoke.DirectMethodHandle$Holder.invokeStaticInit(java.lang.Object, java.lang.Object, long, java.lang.Object)'> (0x00000000c4a52280) 
thrown [t:\workspace\open\src\hotspot\share\interpreter\linkResolver.cpp, line 790]
Event: 4.126 Thread 0x0000019ebd0beca0 Exception <a 'java/lang/NoSuchMethodError'{0x00000000c4a58c90}: 'java.lang.Object java.lang.invoke.DirectMethodHandle$Holder.newInvokeSpecial(java.lang.Object, java.lang.Object, long)'> (0x00000000c4a58c90) 
thrown [t:\workspace\open\src\hotspot\share\interpreter\linkResolver.cpp, line 790]
Event: 4.127 Thread 0x0000019ebd0beca0 Exception <a 'java/lang/NoSuchMethodError'{0x00000000c4a5d090}: 'java.lang.Object java.lang.invoke.Invokers$Holder.linkToTargetMethod(java.lang.Object, long, java.lang.Object)'> (0x00000000c4a5d090) 
thrown [t:\workspace\open\src\hotspot\share\interpreter\linkResolver.cpp, line 790]

Events (20 events):
Event: 4.128 loading class java/util/concurrent/SynchronousQueue$TransferStack$SNode
Event: 4.128 loading class java/util/concurrent/SynchronousQueue$TransferStack$SNode done
Event: 4.129 loading class java/lang/ProcessImpl$2
Event: 4.129 loading class java/lang/ProcessImpl$2 done
Event: 4.129 loading class java/lang/Process$PipeInputStream
Event: 4.129 loading class java/lang/Process$PipeInputStream done
Event: 4.129 Executing  VM operation: HandshakeAllThreads
Event: 4.129 Executing  VM operation: HandshakeAllThreads done
Event: 4.130 loading class jdk/internal/event/ProcessStartEvent
Event: 4.130 loading class jdk/internal/event/Event
Event: 4.130 loading class jdk/internal/event/Event done
Event: 4.130 loading class jdk/internal/event/ProcessStartEvent done
Event: 4.131 loading class java/io/PipedOutputStream
Event: 4.131 loading class java/io/PipedOutputStream done
Event: 4.132 Thread 0x0000019ed8c5a960 Thread added: 0x0000019ed8c5a960
Event: 4.132 Thread 0x0000019ed8c59420 Thread added: 0x0000019ed8c59420
Event: 4.132 Thread 0x0000019ed8c59ec0 Thread added: 0x0000019ed8c59ec0
Event: 5.130 Executing  VM operation: Cleanup
Event: 5.131 Executing  VM operation: Cleanup done
Event: 5.992 Thread 0x0000019ed8f979c0 Thread exited: 0x0000019ed8f979c0


Dynamic libraries:
0x00007ff64c610000 - 0x00007ff64c620000 	C:\Program Files\Java\jdk-16.0.2\bin\java.exe
0x00007ffb703b0000 - 0x00007ffb705a5000 	C:\WINDOWS\SYSTEM32\ntdll.dll
0x00007ffb6fec0000 - 0x00007ffb6ff7e000 	C:\WINDOWS\System32\KERNEL32.DLL
0x00007ffb6e130000 - 0x00007ffb6e3f9000 	C:\WINDOWS\System32\KERNELBASE.dll
0x00007ffb6dd10000 - 0x00007ffb6de10000 	C:\WINDOWS\System32\ucrtbase.dll
0x00007ffb65d10000 - 0x00007ffb65d28000 	C:\Program Files\Java\jdk-16.0.2\bin\jli.dll
0x00007ffb6e7d0000 - 0x00007ffb6e87c000 	C:\WINDOWS\System32\ADVAPI32.dll
0x00007ffb6f760000 - 0x00007ffb6f7fe000 	C:\WINDOWS\System32\msvcrt.dll
0x00007ffb6ea70000 - 0x00007ffb6eb0b000 	C:\WINDOWS\System32\sechost.dll
0x00007ffb6ee60000 - 0x00007ffb6ef8a000 	C:\WINDOWS\System32\RPCRT4.dll
0x00007ffb6e620000 - 0x00007ffb6e7c1000 	C:\WINDOWS\System32\USER32.dll
0x00007ffb6dec0000 - 0x00007ffb6dee2000 	C:\WINDOWS\System32\win32u.dll
0x00007ffb6f6d0000 - 0x00007ffb6f6fb000 	C:\WINDOWS\System32\GDI32.dll
0x00007ffb6dad0000 - 0x00007ffb6dbdb000 	C:\WINDOWS\System32\gdi32full.dll
0x00007ffb6dbe0000 - 0x00007ffb6dc7d000 	C:\WINDOWS\System32\msvcp_win.dll
0x00007ffb66d10000 - 0x00007ffb66d29000 	C:\Program Files\Java\jdk-16.0.2\bin\VCRUNTIME140.dll
0x00007ffb52f50000 - 0x00007ffb531ea000 	C:\WINDOWS\WinSxS\amd64_microsoft.windows.common-controls_6595b64144ccf1df_6.0.19041.1110_none_60b5254171f9507e\COMCTL32.dll
0x00007ffb62e60000 - 0x00007ffb62e6a000 	C:\WINDOWS\SYSTEM32\VERSION.dll
0x00007ffb6f8e0000 - 0x00007ffb6f910000 	C:\WINDOWS\System32\IMM32.DLL
0x00007ffb66e00000 - 0x00007ffb66e0c000 	C:\Program Files\Java\jdk-16.0.2\bin\vcruntime140_1.dll
0x00007ffb58770000 - 0x00007ffb58801000 	C:\Program Files\Java\jdk-16.0.2\bin\msvcp140.dll
0x00007ffb439c0000 - 0x00007ffb4456b000 	C:\Program Files\Java\jdk-16.0.2\bin\server\jvm.dll
0x00007ffb6e590000 - 0x00007ffb6e598000 	C:\WINDOWS\System32\PSAPI.DLL
0x00007ffb67910000 - 0x00007ffb67919000 	C:\WINDOWS\SYSTEM32\WSOCK32.dll
0x00007ffb6e9e0000 - 0x00007ffb6ea4b000 	C:\WINDOWS\System32\WS2_32.dll
0x00007ffb55140000 - 0x00007ffb55167000 	C:\WINDOWS\SYSTEM32\WINMM.dll
0x00007ffb6ba60000 - 0x00007ffb6ba72000 	C:\WINDOWS\SYSTEM32\kernel.appcore.dll
0x00007ffb66d00000 - 0x00007ffb66d0a000 	C:\Program Files\Java\jdk-16.0.2\bin\jimage.dll
0x00007ffb67a20000 - 0x00007ffb67c04000 	C:\WINDOWS\SYSTEM32\DBGHELP.DLL
0x00007ffb54820000 - 0x00007ffb5484c000 	C:\WINDOWS\SYSTEM32\dbgcore.DLL
0x00007ffb6df40000 - 0x00007ffb6dfc3000 	C:\WINDOWS\System32\bcryptPrimitives.dll
0x00007ffb65cb0000 - 0x00007ffb65cd5000 	C:\Program Files\Java\jdk-16.0.2\bin\java.dll
0x00007ffb6ef90000 - 0x00007ffb6f6cf000 	C:\WINDOWS\System32\SHELL32.dll
0x00007ffb6bbd0000 - 0x00007ffb6c360000 	C:\WINDOWS\SYSTEM32\windows.storage.dll
0x00007ffb70010000 - 0x00007ffb70365000 	C:\WINDOWS\System32\combase.dll
0x00007ffb6d450000 - 0x00007ffb6d47c000 	C:\WINDOWS\SYSTEM32\Wldp.dll
0x00007ffb6e930000 - 0x00007ffb6e9dd000 	C:\WINDOWS\System32\SHCORE.dll
0x00007ffb6e530000 - 0x00007ffb6e585000 	C:\WINDOWS\System32\shlwapi.dll
0x00007ffb6da10000 - 0x00007ffb6da2f000 	C:\WINDOWS\SYSTEM32\profapi.dll
0x00007ffb65c90000 - 0x00007ffb65ca9000 	C:\Program Files\Java\jdk-16.0.2\bin\net.dll
0x00007ffb610b0000 - 0x00007ffb611b8000 	C:\WINDOWS\SYSTEM32\WINHTTP.dll
0x00007ffb6d1b0000 - 0x00007ffb6d21a000 	C:\WINDOWS\system32\mswsock.dll
0x00007ffb65c70000 - 0x00007ffb65c83000 	C:\Program Files\Java\jdk-16.0.2\bin\nio.dll
0x00007ffb65c50000 - 0x00007ffb65c68000 	C:\Program Files\Java\jdk-16.0.2\bin\zip.dll
0x00007ffb66cf0000 - 0x00007ffb66d00000 	C:\Program Files\Java\jdk-16.0.2\bin\verify.dll
0x00007ffb65d00000 - 0x00007ffb65d0a000 	C:\Program Files\NetBeans-12.5\netbeans\java\maven\lib\jansi-native\windows64\jansi.dll

dbghelp: loaded successfully - version: 4.0.5 - missing functions: none
symbol engine: initialized successfully - sym options: 0x614 - pdb path: .;C:\Program Files\Java\jdk-16.0.2\bin;C:\WINDOWS\SYSTEM32;C:\WINDOWS\WinSxS\amd64_microsoft.windows.common-controls_6595b64144ccf1df_6.0.19041.1110_none_60b5254171f9507e;C:\Program Files\Java\jdk-16.0.2\bin\server;C:\Program Files\NetBeans-12.5\netbeans\java\maven\lib\jansi-native\windows64

VM Arguments:
jvm_args: -Dclassworlds.conf=C:\Program Files\NetBeans-12.5\netbeans\java\maven\bin\..\bin\m2.conf -Dmaven.home=C:\Program Files\NetBeans-12.5\netbeans\java\maven\bin\.. -Dlibrary.jansi.path=C:\Program Files\NetBeans-12.5\netbeans\java\maven\bin\..\lib\jansi-native -Dmaven.multiModuleProjectDirectory=C:\Users\dell\Documents\NetBeansProjects\projetoGit\projetoN2 
java_command: org.codehaus.plexus.classworlds.launcher.Launcher -Dexec.vmArgs= -Dexec.args=${exec.vmArgs} -classpath %classpath ${exec.mainClass} ${exec.appArgs} -Dexec.executable=C:\Program Files\Java\jdk-16.0.2\bin\java.exe -Dexec.mainClass=view.services.TableSuppliers -Dexec.classpathScope=runtime -Dexec.appArgs= -Dmaven.ext.class.path=C:\Program Files\NetBeans-12.5\netbeans\java\maven-nblib\netbeans-eventspy.jar -Dfile.encoding=UTF-8 org.codehaus.mojo:exec-maven-plugin:3.0.0:exec
java_class_path (initial): C:\Program Files\NetBeans-12.5\netbeans\java\maven\bin\..\boot\plexus-classworlds-2.6.0.jar
Launcher Type: SUN_STANDARD

[Global flags]
     intx CICompilerCount                          = 3                                         {product} {ergonomic}
     uint ConcGCThreads                            = 1                                         {product} {ergonomic}
     uint G1ConcRefinementThreads                  = 4                                         {product} {ergonomic}
   size_t G1HeapRegionSize                         = 1048576                                   {product} {ergonomic}
    uintx GCDrainStackTargetSize                   = 64                                        {product} {ergonomic}
   size_t InitialHeapSize                          = 67108864                                  {product} {ergonomic}
   size_t MarkStackSize                            = 4194304                                   {product} {ergonomic}
   size_t MaxHeapSize                              = 1048576000                                {product} {ergonomic}
   size_t MaxNewSize                               = 629145600                                 {product} {ergonomic}
   size_t MinHeapDeltaBytes                        = 1048576                                   {product} {ergonomic}
   size_t MinHeapSize                              = 8388608                                   {product} {ergonomic}
    uintx NonNMethodCodeHeapSize                   = 5832780                                {pd product} {ergonomic}
    uintx NonProfiledCodeHeapSize                  = 122912730                              {pd product} {ergonomic}
    uintx ProfiledCodeHeapSize                     = 122912730                              {pd product} {ergonomic}
    uintx ReservedCodeCacheSize                    = 251658240                              {pd product} {ergonomic}
     bool SegmentedCodeCache                       = true                                      {product} {ergonomic}
   size_t SoftMaxHeapSize                          = 1048576000                             {manageable} {ergonomic}
     bool UseCompressedClassPointers               = true                           {product lp64_product} {ergonomic}
     bool UseCompressedOops                        = true                           {product lp64_product} {ergonomic}
     bool UseG1GC                                  = true                                      {product} {ergonomic}
     bool UseLargePagesIndividualAllocation        = false                                  {pd product} {ergonomic}

Logging:
Log output configuration:
 #0: stdout all=warning uptime,level,tags
 #1: stderr all=off uptime,level,tags

Environment Variables:
JAVA_HOME=C:\Program Files\Java\jdk-16.0.2
PATH=C:\Program Files\Common Files\Oracle\Java\javapath;C:\Program Files (x86)\Common Files\Oracle\Java\javapath;C:\Program Files\AdoptOpenJDK\jdk-14.0.2.12-hotspot\bin;C:\WINDOWS\system32;C:\WINDOWS;C:\WINDOWS\System32\Wbem;C:\WINDOWS\System32\WindowsPowerShell\v1.0\;C:\WINDOWS\System32\OpenSSH\;C:\Program Files\nodejs\;C:\Program Files (x86)\Intel\Intel(R) Management Engine Components\DAL;C:\Program Files\Intel\Intel(R) Management Engine Components\DAL;C:\MinGW\bin;C:\Program Files\Java\jdk-15.0.2\bin;C:\Program Files\Git\cmd;C:\Program Files\Apache\maven\apache-maven-3.8.3\bin;C:\Program Files\MySQL\MySQL Shell 8.0\bin\;C:\Users\dell\AppData\Local\Microsoft\WindowsApps;C:\Users\dell\AppData\Roaming\npm;C:\MinGW\bin;;C:\Program Files\JetBrains\IntelliJ IDEA Community Edition 2021.2\bin;;C:\Users\dell\AppData\Local\Programs\mongosh\
USERNAME=dell
OS=Windows_NT
PROCESSOR_IDENTIFIER=Intel64 Family 6 Model 142 Stepping 9, GenuineIntel



---------------  S Y S T E M  ---------------

OS:
 Windows 10 , 64 bit Build 19041 (10.0.19041.1202)
OS uptime: 0 days 4:22 hours

CPU: total 4 (initial active 4) (2 cores per cpu, 2 threads per core) family 6 model 142 stepping 9 microcode 0xea, cx8, cmov, fxsr, ht, mmx, 3dnowpref, sse, sse2, sse3, ssse3, sse4.1, sse4.2, popcnt, lzcnt, tsc, tscinvbit, avx, avx2, aes, erms, clmul, bmi1, bmi2, adx, fma, vzeroupper, clflush, clflushopt

Memory: 4k page, system-wide physical 3996M (521M free)
TotalPageFile size 5391M (AvailPageFile size 4M)
current process WorkingSet (physical memory assigned to process): 106M, peak: 124M
current process commit charge ("private bytes"): 163M, peak: 179M

vm_info: Java HotSpot(TM) 64-Bit Server VM (16.0.2+7-67) for windows-amd64 JRE (16.0.2+7-67), built on Jun  8 2021 23:24:19 by "mach5one" with MS VC++ 16.7 (VS2019)

END.
