#
# There is insufficient memory for the Java Runtime Environment to continue.
# Native memory allocation (malloc) failed to allocate 342576 bytes for Chunk::new
# Possible reasons:
#   The system is out of physical RAM or swap space
#   The process is running with CompressedOops enabled, and the Java Heap may be blocking the growth of the native heap
# Possible solutions:
#   Reduce memory load on the system
#   Increase physical memory or swap space
#   Check if swap backing store is full
#   Decrease Java heap size (-Xmx/-Xms)
#   Decrease number of Java threads
#   Decrease Java thread stack sizes (-Xss)
#   Set larger code cache with -XX:ReservedCodeCacheSize=
#   JVM is running with Unscaled Compressed Oops mode in which the Java heap is
#     placed in the first 4GB address space. The Java Heap base address is the
#     maximum limit for the native heap growth. Please use -XX:HeapBaseMinAddress
#     to set the Java Heap base and to place the Java Heap above 4GB virtual address.
# This output file may be truncated or incomplete.
#
#  Out of Memory Error (arena.cpp:195), pid=5096, tid=7976
#
# JRE version: Java(TM) SE Runtime Environment (16.0.2+7) (build 16.0.2+7-67)
# Java VM: Java HotSpot(TM) 64-Bit Server VM (16.0.2+7-67, mixed mode, sharing, tiered, compressed oops, compressed class ptrs, g1 gc, windows-amd64)
# No core dump will be written. Minidumps are not enabled by default on client versions of Windows
#

---------------  S U M M A R Y ------------

Command Line: -Dclassworlds.conf=C:\Program Files\NetBeans-12.5\netbeans\java\maven\bin\..\bin\m2.conf -Dmaven.home=C:\Program Files\NetBeans-12.5\netbeans\java\maven\bin\.. -Dlibrary.jansi.path=C:\Program Files\NetBeans-12.5\netbeans\java\maven\bin\..\lib\jansi-native -Dmaven.multiModuleProjectDirectory=C:\Users\dell\Documents\NetBeansProjects\po\projetoN2 org.codehaus.plexus.classworlds.launcher.Launcher -Dexec.vmArgs= -Dexec.args=${exec.vmArgs} -classpath %classpath ${exec.mainClass} ${exec.appArgs} -Dexec.executable=C:\Program Files\Java\jdk-16.0.2\bin\java.exe -Dexec.mainClass=view.MainFrame -Dexec.classpathScope=runtime -Dexec.appArgs= -Dmaven.ext.class.path=C:\Program Files\NetBeans-12.5\netbeans\java\maven-nblib\netbeans-eventspy.jar -Dfile.encoding=UTF-8 org.codehaus.mojo:exec-maven-plugin:3.0.0:exec

Host: Intel(R) Core(TM) i3-7020U CPU @ 2.30GHz, 4 cores, 3G,  Windows 10 , 64 bit Build 19041 (10.0.19041.1202)
Time: Fri Oct 15 16:48:22 2021 Hora oficial do Brasil elapsed time: 3.286084 seconds (0d 0h 0m 3s)

---------------  T H R E A D  ---------------

Current thread (0x000001fe6bd36ff0):  JavaThread "C2 CompilerThread0" daemon [_thread_in_native, id=7976, stack(0x0000003e2b500000,0x0000003e2b600000)]


Current CompileTask:
C2:   3286  658   !   4       java.util.zip.ZipFile::getEntry (59 bytes)

Stack: [0x0000003e2b500000,0x0000003e2b600000]
Native frames: (J=compiled Java code, j=interpreted, Vv=VM code, C=native code)
V  [jvm.dll+0x6681ca]
V  [jvm.dll+0x7c9e69]
V  [jvm.dll+0x7cb61e]
V  [jvm.dll+0x7cbc73]
V  [jvm.dll+0x242c55]
V  [jvm.dll+0xadeba]
V  [jvm.dll+0xae45c]
V  [jvm.dll+0x35a882]
V  [jvm.dll+0x324de1]
V  [jvm.dll+0x32428a]
V  [jvm.dll+0x215cec]
V  [jvm.dll+0x215100]
V  [jvm.dll+0x1a1beb]
V  [jvm.dll+0x225158]
V  [jvm.dll+0x22319c]
V  [jvm.dll+0x77fa62]
V  [jvm.dll+0x7795aa]
V  [jvm.dll+0x667066]
C  [ucrtbase.dll+0x21bb2]
C  [KERNEL32.DLL+0x17034]
C  [ntdll.dll+0x52651]


---------------  P R O C E S S  ---------------

Threads class SMR info:
_java_thread_list=0x000001fe6c82a500, length=12, elements={
0x000001fe50c36740, 0x000001fe6bd10250, 0x000001fe6bd139f0, 0x000001fe6bd27f40,
0x000001fe6bd29570, 0x000001fe6bd2dca0, 0x000001fe6bd331f0, 0x000001fe6bd36ff0,
0x000001fe6bd37600, 0x000001fe6bd4bb90, 0x000001fe6c8469e0, 0x000001fe6c850a20
}

Java Threads: ( => current thread )
  0x000001fe50c36740 JavaThread "main" [_thread_in_native, id=5624, stack(0x0000003e2a800000,0x0000003e2a900000)]
  0x000001fe6bd10250 JavaThread "Reference Handler" daemon [_thread_blocked, id=5692, stack(0x0000003e2af00000,0x0000003e2b000000)]
  0x000001fe6bd139f0 JavaThread "Finalizer" daemon [_thread_blocked, id=7504, stack(0x0000003e2b000000,0x0000003e2b100000)]
  0x000001fe6bd27f40 JavaThread "Signal Dispatcher" daemon [_thread_blocked, id=8776, stack(0x0000003e2b100000,0x0000003e2b200000)]
  0x000001fe6bd29570 JavaThread "Attach Listener" daemon [_thread_blocked, id=1088, stack(0x0000003e2b200000,0x0000003e2b300000)]
  0x000001fe6bd2dca0 JavaThread "Service Thread" daemon [_thread_blocked, id=3828, stack(0x0000003e2b300000,0x0000003e2b400000)]
  0x000001fe6bd331f0 JavaThread "Monitor Deflation Thread" daemon [_thread_blocked, id=1552, stack(0x0000003e2b400000,0x0000003e2b500000)]
=>0x000001fe6bd36ff0 JavaThread "C2 CompilerThread0" daemon [_thread_in_native, id=7976, stack(0x0000003e2b500000,0x0000003e2b600000)]
  0x000001fe6bd37600 JavaThread "C1 CompilerThread0" daemon [_thread_blocked, id=7156, stack(0x0000003e2b600000,0x0000003e2b700000)]
  0x000001fe6bd4bb90 JavaThread "Sweeper thread" daemon [_thread_blocked, id=9980, stack(0x0000003e2b700000,0x0000003e2b800000)]
  0x000001fe6c8469e0 JavaThread "Notification Thread" daemon [_thread_blocked, id=2620, stack(0x0000003e2b800000,0x0000003e2b900000)]
  0x000001fe6c850a20 JavaThread "Common-Cleaner" daemon [_thread_blocked, id=6628, stack(0x0000003e2ba00000,0x0000003e2bb00000)]

Other Threads:
  0x000001fe50d0ea40 VMThread "VM Thread" [stack: 0x0000003e2ae00000,0x0000003e2af00000] [id=1360]
  0x000001fe6c848720 WatcherThread [stack: 0x0000003e2b900000,0x0000003e2ba00000] [id=5216]
  0x000001fe50c672a0 GCTaskThread "GC Thread#0" [stack: 0x0000003e2a900000,0x0000003e2aa00000] [id=4852]
  0x000001fe50c70f00 ConcurrentGCThread "G1 Main Marker" [stack: 0x0000003e2aa00000,0x0000003e2ab00000] [id=7916]
  0x000001fe50c72020 ConcurrentGCThread "G1 Conc#0" [stack: 0x0000003e2ab00000,0x0000003e2ac00000] [id=1356]
  0x000001fe50cb43d0 ConcurrentGCThread "G1 Refine#0" [stack: 0x0000003e2ac00000,0x0000003e2ad00000] [id=4296]
  0x000001fe50cb4970 ConcurrentGCThread "G1 Service" [stack: 0x0000003e2ad00000,0x0000003e2ae00000] [id=7340]

Threads with active compile tasks:
C2 CompilerThread0     3538  658   !   4       java.util.zip.ZipFile::getEntry (59 bytes)

VM state: not at safepoint (normal execution)

VM Mutex/Monitor currently owned by a thread: None

Heap address: 0x00000000c1800000, size: 1000 MB, Compressed Oops mode: 32-bit

CDS archive(s) mapped at: [0x0000000800000000-0x0000000800bb0000-0x0000000800bb0000), size 12255232, SharedBaseAddress: 0x0000000800000000, ArchiveRelocationMode: 0.
Compressed class space mapped at: 0x0000000800c00000-0x0000000840c00000, reserved size: 1073741824
Narrow klass base: 0x0000000800000000, Narrow klass shift: 3, Narrow klass range: 0x100000000

GC Precious Log:
 CPUs: 4 total, 4 available
 Memory: 3996M
 Large Page Support: Disabled
 NUMA Support: Disabled
 Compressed Oops: Enabled (32-bit)
 Heap Region Size: 1M
 Heap Min Capacity: 8M
 Heap Initial Capacity: 64M
 Heap Max Capacity: 1000M
 Pre-touch: Disabled
 Parallel Workers: 4
 Concurrent Workers: 1
 Concurrent Refinement Workers: 4
 Periodic GC: Disabled

Heap:
 garbage-first heap   total 65536K, used 9216K [0x00000000c1800000, 0x0000000100000000)
  region size 1024K, 11 young (11264K), 0 survivors (0K)
 Metaspace       used 2773K, committed 2944K, reserved 1056768K
  class space    used 254K, committed 320K, reserved 1048576K

Heap Regions: E=young(eden), S=young(survivor), O=old, HS=humongous(starts), HC=humongous(continues), CS=collection set, F=free, OA=open archive, CA=closed archive, TAMS=top-at-mark-start (previous, next)
|   0|0x00000000c1800000, 0x00000000c1800000, 0x00000000c1900000|  0%| F|  |TAMS 0x00000000c1800000, 0x00000000c1800000| Untracked 
|   1|0x00000000c1900000, 0x00000000c1900000, 0x00000000c1a00000|  0%| F|  |TAMS 0x00000000c1900000, 0x00000000c1900000| Untracked 
|   2|0x00000000c1a00000, 0x00000000c1a00000, 0x00000000c1b00000|  0%| F|  |TAMS 0x00000000c1a00000, 0x00000000c1a00000| Untracked 
|   3|0x00000000c1b00000, 0x00000000c1b00000, 0x00000000c1c00000|  0%| F|  |TAMS 0x00000000c1b00000, 0x00000000c1b00000| Untracked 
|   4|0x00000000c1c00000, 0x00000000c1c00000, 0x00000000c1d00000|  0%| F|  |TAMS 0x00000000c1c00000, 0x00000000c1c00000| Untracked 
|   5|0x00000000c1d00000, 0x00000000c1d00000, 0x00000000c1e00000|  0%| F|  |TAMS 0x00000000c1d00000, 0x00000000c1d00000| Untracked 
|   6|0x00000000c1e00000, 0x00000000c1e00000, 0x00000000c1f00000|  0%| F|  |TAMS 0x00000000c1e00000, 0x00000000c1e00000| Untracked 
|   7|0x00000000c1f00000, 0x00000000c1f00000, 0x00000000c2000000|  0%| F|  |TAMS 0x00000000c1f00000, 0x00000000c1f00000| Untracked 
|   8|0x00000000c2000000, 0x00000000c2000000, 0x00000000c2100000|  0%| F|  |TAMS 0x00000000c2000000, 0x00000000c2000000| Untracked 
|   9|0x00000000c2100000, 0x00000000c2100000, 0x00000000c2200000|  0%| F|  |TAMS 0x00000000c2100000, 0x00000000c2100000| Untracked 
|  10|0x00000000c2200000, 0x00000000c2200000, 0x00000000c2300000|  0%| F|  |TAMS 0x00000000c2200000, 0x00000000c2200000| Untracked 
|  11|0x00000000c2300000, 0x00000000c2300000, 0x00000000c2400000|  0%| F|  |TAMS 0x00000000c2300000, 0x00000000c2300000| Untracked 
|  12|0x00000000c2400000, 0x00000000c2400000, 0x00000000c2500000|  0%| F|  |TAMS 0x00000000c2400000, 0x00000000c2400000| Untracked 
|  13|0x00000000c2500000, 0x00000000c2500000, 0x00000000c2600000|  0%| F|  |TAMS 0x00000000c2500000, 0x00000000c2500000| Untracked 
|  14|0x00000000c2600000, 0x00000000c2600000, 0x00000000c2700000|  0%| F|  |TAMS 0x00000000c2600000, 0x00000000c2600000| Untracked 
|  15|0x00000000c2700000, 0x00000000c2700000, 0x00000000c2800000|  0%| F|  |TAMS 0x00000000c2700000, 0x00000000c2700000| Untracked 
|  16|0x00000000c2800000, 0x00000000c2800000, 0x00000000c2900000|  0%| F|  |TAMS 0x00000000c2800000, 0x00000000c2800000| Untracked 
|  17|0x00000000c2900000, 0x00000000c2900000, 0x00000000c2a00000|  0%| F|  |TAMS 0x00000000c2900000, 0x00000000c2900000| Untracked 
|  18|0x00000000c2a00000, 0x00000000c2a00000, 0x00000000c2b00000|  0%| F|  |TAMS 0x00000000c2a00000, 0x00000000c2a00000| Untracked 
|  19|0x00000000c2b00000, 0x00000000c2b00000, 0x00000000c2c00000|  0%| F|  |TAMS 0x00000000c2b00000, 0x00000000c2b00000| Untracked 
|  20|0x00000000c2c00000, 0x00000000c2c00000, 0x00000000c2d00000|  0%| F|  |TAMS 0x00000000c2c00000, 0x00000000c2c00000| Untracked 
|  21|0x00000000c2d00000, 0x00000000c2d00000, 0x00000000c2e00000|  0%| F|  |TAMS 0x00000000c2d00000, 0x00000000c2d00000| Untracked 
|  22|0x00000000c2e00000, 0x00000000c2e00000, 0x00000000c2f00000|  0%| F|  |TAMS 0x00000000c2e00000, 0x00000000c2e00000| Untracked 
|  23|0x00000000c2f00000, 0x00000000c2f00000, 0x00000000c3000000|  0%| F|  |TAMS 0x00000000c2f00000, 0x00000000c2f00000| Untracked 
|  24|0x00000000c3000000, 0x00000000c3000000, 0x00000000c3100000|  0%| F|  |TAMS 0x00000000c3000000, 0x00000000c3000000| Untracked 
|  25|0x00000000c3100000, 0x00000000c3100000, 0x00000000c3200000|  0%| F|  |TAMS 0x00000000c3100000, 0x00000000c3100000| Untracked 
|  26|0x00000000c3200000, 0x00000000c3200000, 0x00000000c3300000|  0%| F|  |TAMS 0x00000000c3200000, 0x00000000c3200000| Untracked 
|  27|0x00000000c3300000, 0x00000000c3300000, 0x00000000c3400000|  0%| F|  |TAMS 0x00000000c3300000, 0x00000000c3300000| Untracked 
|  28|0x00000000c3400000, 0x00000000c3400000, 0x00000000c3500000|  0%| F|  |TAMS 0x00000000c3400000, 0x00000000c3400000| Untracked 
|  29|0x00000000c3500000, 0x00000000c3500000, 0x00000000c3600000|  0%| F|  |TAMS 0x00000000c3500000, 0x00000000c3500000| Untracked 
|  30|0x00000000c3600000, 0x00000000c3600000, 0x00000000c3700000|  0%| F|  |TAMS 0x00000000c3600000, 0x00000000c3600000| Untracked 
|  31|0x00000000c3700000, 0x00000000c3700000, 0x00000000c3800000|  0%| F|  |TAMS 0x00000000c3700000, 0x00000000c3700000| Untracked 
|  32|0x00000000c3800000, 0x00000000c3800000, 0x00000000c3900000|  0%| F|  |TAMS 0x00000000c3800000, 0x00000000c3800000| Untracked 
|  33|0x00000000c3900000, 0x00000000c3900000, 0x00000000c3a00000|  0%| F|  |TAMS 0x00000000c3900000, 0x00000000c3900000| Untracked 
|  34|0x00000000c3a00000, 0x00000000c3a00000, 0x00000000c3b00000|  0%| F|  |TAMS 0x00000000c3a00000, 0x00000000c3a00000| Untracked 
|  35|0x00000000c3b00000, 0x00000000c3b00000, 0x00000000c3c00000|  0%| F|  |TAMS 0x00000000c3b00000, 0x00000000c3b00000| Untracked 
|  36|0x00000000c3c00000, 0x00000000c3c00000, 0x00000000c3d00000|  0%| F|  |TAMS 0x00000000c3c00000, 0x00000000c3c00000| Untracked 
|  37|0x00000000c3d00000, 0x00000000c3d00000, 0x00000000c3e00000|  0%| F|  |TAMS 0x00000000c3d00000, 0x00000000c3d00000| Untracked 
|  38|0x00000000c3e00000, 0x00000000c3e00000, 0x00000000c3f00000|  0%| F|  |TAMS 0x00000000c3e00000, 0x00000000c3e00000| Untracked 
|  39|0x00000000c3f00000, 0x00000000c3f00000, 0x00000000c4000000|  0%| F|  |TAMS 0x00000000c3f00000, 0x00000000c3f00000| Untracked 
|  40|0x00000000c4000000, 0x00000000c4000000, 0x00000000c4100000|  0%| F|  |TAMS 0x00000000c4000000, 0x00000000c4000000| Untracked 
|  41|0x00000000c4100000, 0x00000000c4100000, 0x00000000c4200000|  0%| F|  |TAMS 0x00000000c4100000, 0x00000000c4100000| Untracked 
|  42|0x00000000c4200000, 0x00000000c4200000, 0x00000000c4300000|  0%| F|  |TAMS 0x00000000c4200000, 0x00000000c4200000| Untracked 
|  43|0x00000000c4300000, 0x00000000c4300000, 0x00000000c4400000|  0%| F|  |TAMS 0x00000000c4300000, 0x00000000c4300000| Untracked 
|  44|0x00000000c4400000, 0x00000000c4400000, 0x00000000c4500000|  0%| F|  |TAMS 0x00000000c4400000, 0x00000000c4400000| Untracked 
|  45|0x00000000c4500000, 0x00000000c4500000, 0x00000000c4600000|  0%| F|  |TAMS 0x00000000c4500000, 0x00000000c4500000| Untracked 
|  46|0x00000000c4600000, 0x00000000c4600000, 0x00000000c4700000|  0%| F|  |TAMS 0x00000000c4600000, 0x00000000c4600000| Untracked 
|  47|0x00000000c4700000, 0x00000000c4700000, 0x00000000c4800000|  0%| F|  |TAMS 0x00000000c4700000, 0x00000000c4700000| Untracked 
|  48|0x00000000c4800000, 0x00000000c4800000, 0x00000000c4900000|  0%| F|  |TAMS 0x00000000c4800000, 0x00000000c4800000| Untracked 
|  49|0x00000000c4900000, 0x00000000c4900000, 0x00000000c4a00000|  0%| F|  |TAMS 0x00000000c4900000, 0x00000000c4900000| Untracked 
|  50|0x00000000c4a00000, 0x00000000c4a00000, 0x00000000c4b00000|  0%| F|  |TAMS 0x00000000c4a00000, 0x00000000c4a00000| Untracked 
|  51|0x00000000c4b00000, 0x00000000c4b00000, 0x00000000c4c00000|  0%| F|  |TAMS 0x00000000c4b00000, 0x00000000c4b00000| Untracked 
|  52|0x00000000c4c00000, 0x00000000c4c00000, 0x00000000c4d00000|  0%| F|  |TAMS 0x00000000c4c00000, 0x00000000c4c00000| Untracked 
|  53|0x00000000c4d00000, 0x00000000c4d45328, 0x00000000c4e00000| 27%| E|  |TAMS 0x00000000c4d00000, 0x00000000c4d00000| Complete 
|  54|0x00000000c4e00000, 0x00000000c4f00000, 0x00000000c4f00000|100%| E|CS|TAMS 0x00000000c4e00000, 0x00000000c4e00000| Complete 
|  55|0x00000000c4f00000, 0x00000000c5000000, 0x00000000c5000000|100%| E|CS|TAMS 0x00000000c4f00000, 0x00000000c4f00000| Complete 
|  56|0x00000000c5000000, 0x00000000c5100000, 0x00000000c5100000|100%| E|CS|TAMS 0x00000000c5000000, 0x00000000c5000000| Complete 
|  57|0x00000000c5100000, 0x00000000c5200000, 0x00000000c5200000|100%| E|CS|TAMS 0x00000000c5100000, 0x00000000c5100000| Complete 
|  58|0x00000000c5200000, 0x00000000c5300000, 0x00000000c5300000|100%| E|  |TAMS 0x00000000c5200000, 0x00000000c5200000| Complete 
|  59|0x00000000c5300000, 0x00000000c5400000, 0x00000000c5400000|100%| E|CS|TAMS 0x00000000c5300000, 0x00000000c5300000| Complete 
|  60|0x00000000c5400000, 0x00000000c5500000, 0x00000000c5500000|100%| E|CS|TAMS 0x00000000c5400000, 0x00000000c5400000| Complete 
|  61|0x00000000c5500000, 0x00000000c5600000, 0x00000000c5600000|100%| E|CS|TAMS 0x00000000c5500000, 0x00000000c5500000| Complete 
|  62|0x00000000c5600000, 0x00000000c5700000, 0x00000000c5700000|100%| E|CS|TAMS 0x00000000c5600000, 0x00000000c5600000| Complete 
|  63|0x00000000c5700000, 0x00000000c5800000, 0x00000000c5800000|100%| E|CS|TAMS 0x00000000c5700000, 0x00000000c5700000| Complete 

Card table byte_map: [0x000001fe675b0000,0x000001fe677b0000] _byte_map_base: 0x000001fe66fa4000

Marking Bits (Prev, Next): (CMBitMap*) 0x000001fe50c68830, (CMBitMap*) 0x000001fe50c68870
 Prev Bits: [0x000001fe679b0000, 0x000001fe68950000)
 Next Bits: [0x000001fe68950000, 0x000001fe698f0000)

Polling page: 0x000001fe4eb50000

Metaspace:

Usage:
  Non-class:      2.48 MB used.
      Class:    255.31 KB used.
       Both:      2.73 MB used.

Virtual space:
  Non-class space:        8.00 MB reserved,       2.56 MB ( 32%) committed,  1 nodes.
      Class space:        1.00 GB reserved,     320.00 KB ( <1%) committed,  1 nodes.
              Both:        1.01 GB reserved,       2.88 MB ( <1%) committed. 

Chunk freelists:
   Non-Class:  2.70 MB
       Class:  3.58 MB
        Both:  6.28 MB

MaxMetaspaceSize: 17179869184.00 GB
CompressedClassSpaceSize: 1.00 GB
 - commit_granule_bytes: 65536.
 - commit_granule_words: 8192.
 - virtual_space_node_default_size: 1048576.
 - enlarge_chunks_in_place: 1.
 - new_chunks_are_fully_committed: 0.
 - uncommit_free_chunks: 1.
 - use_allocation_guard: 0.
 - handle_deallocations: 1.


Internal statistics:

num_allocs_failed_limit: 0.
num_arena_births: 14.
num_arena_deaths: 0.
num_vsnodes_births: 2.
num_vsnodes_deaths: 0.
num_space_committed: 46.
num_space_uncommitted: 0.
num_chunks_returned_to_freelist: 0.
num_chunks_taken_from_freelist: 83.
num_chunk_merges: 0.
num_chunk_splits: 59.
num_chunks_enlarged: 48.
num_purges: 0.

CodeHeap 'non-profiled nmethods': size=120000Kb used=188Kb max_used=188Kb free=119811Kb
 bounds [0x000001fe5fe80000, 0x000001fe600f0000, 0x000001fe673b0000]
CodeHeap 'profiled nmethods': size=120000Kb used=1331Kb max_used=1331Kb free=118668Kb
 bounds [0x000001fe58950000, 0x000001fe58bc0000, 0x000001fe5fe80000]
CodeHeap 'non-nmethods': size=5760Kb used=1152Kb max_used=1163Kb free=4607Kb
 bounds [0x000001fe583b0000, 0x000001fe58620000, 0x000001fe58950000]
 total_blobs=1141 nmethods=704 adapters=350
 compilation: enabled
              stopped_count=0, restarted_count=0
 full_count=0

Compilation events (20 events):
Event: 3.186 Thread 0x000001fe6bd36ff0 nmethod 654 0x000001fe5feabd10 code [0x000001fe5feabee0, 0x000001fe5feac3b0]
Event: 3.189 Thread 0x000001fe6bd37600  655       3       java.lang.String::checkIndex (48 bytes)
Event: 3.191 Thread 0x000001fe6bd37600 nmethod 655 0x000001fe58a82110 code [0x000001fe58a82380, 0x000001fe58a82b58]
Event: 3.191 Thread 0x000001fe6bd37600  656       3       java.util.regex.Pattern::has (15 bytes)
Event: 3.191 Thread 0x000001fe6bd37600 nmethod 656 0x000001fe58a82e90 code [0x000001fe58a83020, 0x000001fe58a83198]
Event: 3.204 Thread 0x000001fe6bd37600  657       3       jdk.internal.perf.PerfCounter::addElapsedTimeFrom (10 bytes)
Event: 3.205 Thread 0x000001fe6bd37600 nmethod 657 0x000001fe58a83210 code [0x000001fe58a833c0, 0x000001fe58a83548]
Event: 3.205 Thread 0x000001fe6bd36ff0  658   !   4       java.util.zip.ZipFile::getEntry (59 bytes)
Event: 3.226 Thread 0x000001fe6bd37600  660       3       java.io.FilterInputStream::<init> (10 bytes)
Event: 3.226 Thread 0x000001fe6bd37600 nmethod 660 0x000001fe58a83610 code [0x000001fe58a837c0, 0x000001fe58a839f8]
Event: 3.235 Thread 0x000001fe6bd37600  661       3       java.io.File::<init> (111 bytes)
Event: 3.238 Thread 0x000001fe6bd37600 nmethod 661 0x000001fe58a83b10 code [0x000001fe58a83dc0, 0x000001fe58a84808]
Event: 3.248 Thread 0x000001fe6bd37600  662       3       jdk.internal.loader.Resource::<init> (5 bytes)
Event: 3.248 Thread 0x000001fe6bd37600 nmethod 662 0x000001fe58a84b90 code [0x000001fe58a84d40, 0x000001fe58a84e98]
Event: 3.250 Thread 0x000001fe6bd37600  663       3       sun.net.www.protocol.jar.Handler::parseURL (212 bytes)
Event: 3.255 Thread 0x000001fe6bd37600 nmethod 663 0x000001fe58a84f90 code [0x000001fe58a85300, 0x000001fe58a86548]
Event: 3.255 Thread 0x000001fe6bd37600  664       3       sun.net.www.protocol.jar.Handler::parseContextSpec (150 bytes)
Event: 3.261 Thread 0x000001fe6bd37600 nmethod 664 0x000001fe58a86d90 code [0x000001fe58a87220, 0x000001fe58a88f18]
Event: 3.261 Thread 0x000001fe6bd37600  665       3       sun.net.www.ParseUtil::canonizeString (38 bytes)
Event: 3.263 Thread 0x000001fe6bd37600 nmethod 665 0x000001fe58a89990 code [0x000001fe58a89be0, 0x000001fe58a8a438]

GC Heap History (0 events):
No events

Deoptimization events (20 events):
Event: 1.799 Thread 0x000001fe50c36740 Uncommon trap: trap_request=0xffffff45 fr.pc=0x000001fe5fe8be84 relative=0x0000000000000064
Event: 1.800 Thread 0x000001fe50c36740 Uncommon trap: reason=unstable_if action=reinterpret pc=0x000001fe5fe8be84 method=java.io.WinNTFileSystem.isSlash(C)Z @ 9 c2
Event: 1.800 Thread 0x000001fe50c36740 DEOPT PACKING pc=0x000001fe5fe8be84 sp=0x0000003e2a8fe0c0
Event: 1.800 Thread 0x000001fe50c36740 DEOPT UNPACKING pc=0x000001fe583fd72e sp=0x0000003e2a8fe048 mode 2
Event: 3.068 Thread 0x000001fe50c36740 Uncommon trap: trap_request=0xffffff45 fr.pc=0x000001fe5fe87ac8 relative=0x0000000000000408
Event: 3.068 Thread 0x000001fe50c36740 Uncommon trap: reason=unstable_if action=reinterpret pc=0x000001fe5fe87ac8 method=java.lang.StringLatin1.canEncode(I)Z @ 4 c2
Event: 3.068 Thread 0x000001fe50c36740 DEOPT PACKING pc=0x000001fe5fe87ac8 sp=0x0000003e2a8fd900
Event: 3.068 Thread 0x000001fe50c36740 DEOPT UNPACKING pc=0x000001fe583fd72e sp=0x0000003e2a8fd828 mode 2
Event: 3.068 Thread 0x000001fe50c36740 Uncommon trap: trap_request=0xffffff45 fr.pc=0x000001fe5fe884ac relative=0x00000000000003ec
Event: 3.069 Thread 0x000001fe50c36740 Uncommon trap: reason=unstable_if action=reinterpret pc=0x000001fe5fe884ac method=java.lang.AbstractStringBuilder.isLatin1()Z @ 10 c2
Event: 3.069 Thread 0x000001fe50c36740 DEOPT PACKING pc=0x000001fe5fe884ac sp=0x0000003e2a8fd910
Event: 3.069 Thread 0x000001fe50c36740 DEOPT UNPACKING pc=0x000001fe583fd72e sp=0x0000003e2a8fd890 mode 2
Event: 3.069 Thread 0x000001fe50c36740 Uncommon trap: trap_request=0xffffff45 fr.pc=0x000001fe5fe88a7c relative=0x000000000000005c
Event: 3.069 Thread 0x000001fe50c36740 Uncommon trap: reason=unstable_if action=reinterpret pc=0x000001fe5fe88a7c method=java.lang.AbstractStringBuilder.isLatin1()Z @ 10 c2
Event: 3.069 Thread 0x000001fe50c36740 DEOPT PACKING pc=0x000001fe5fe88a7c sp=0x0000003e2a8fd8f0
Event: 3.069 Thread 0x000001fe50c36740 DEOPT UNPACKING pc=0x000001fe583fd72e sp=0x0000003e2a8fd880 mode 2
Event: 3.083 Thread 0x000001fe50c36740 Uncommon trap: trap_request=0xffffff45 fr.pc=0x000001fe5fe86238 relative=0x0000000000000038
Event: 3.083 Thread 0x000001fe50c36740 Uncommon trap: reason=unstable_if action=reinterpret pc=0x000001fe5fe86238 method=java.lang.StringLatin1.canEncode(I)Z @ 4 c2
Event: 3.083 Thread 0x000001fe50c36740 DEOPT PACKING pc=0x000001fe5fe86238 sp=0x0000003e2a8fd890
Event: 3.083 Thread 0x000001fe50c36740 DEOPT UNPACKING pc=0x000001fe583fd72e sp=0x0000003e2a8fd820 mode 2

Classes unloaded (0 events):
No events

Classes redefined (0 events):
No events

Internal exceptions (0 events):
No events

Events (20 events):
Event: 2.918 loading class sun/util/calendar/ZoneInfoFile$Checksum
Event: 2.918 loading class java/util/zip/CRC32
Event: 2.943 loading class java/util/zip/Checksum
Event: 2.944 loading class java/util/zip/Checksum done
Event: 2.944 loading class java/util/zip/CRC32 done
Event: 2.944 loading class sun/util/calendar/ZoneInfoFile$Checksum done
Event: 2.944 loading class java/util/zip/Checksum$1
Event: 2.944 loading class java/util/zip/Checksum$1 done
Event: 2.957 loading class jdk/internal/module/ModulePatcher$PatchedModuleReader
Event: 2.961 loading class jdk/internal/module/ModulePatcher$PatchedModuleReader done
Event: 2.961 loading class sun/net/www/protocol/jrt/Handler
Event: 2.961 loading class sun/net/www/protocol/jrt/Handler done
Event: 3.038 loading class sun/text/resources/cldr/FormatData_en
Event: 3.067 loading class sun/text/resources/cldr/FormatData_en done
Event: 3.067 loading class sun/text/resources/cldr/FormatData_en_US
Event: 3.067 loading class sun/text/resources/cldr/FormatData_en_US done
Event: 3.191 loading class java/lang/ArrayIndexOutOfBoundsException
Event: 3.191 loading class java/lang/ArrayIndexOutOfBoundsException done
Event: 3.225 loading class java/io/FilterReader
Event: 3.225 loading class java/io/FilterReader done


Dynamic libraries:
0x00007ff664650000 - 0x00007ff664660000 	C:\Program Files\Java\jdk-16.0.2\bin\java.exe
0x00007ffb3d550000 - 0x00007ffb3d745000 	C:\WINDOWS\SYSTEM32\ntdll.dll
0x00007ffb3d380000 - 0x00007ffb3d43e000 	C:\WINDOWS\System32\KERNEL32.DLL
0x00007ffb3aec0000 - 0x00007ffb3b189000 	C:\WINDOWS\System32\KERNELBASE.dll
0x00007ffb3b4a0000 - 0x00007ffb3b5a0000 	C:\WINDOWS\System32\ucrtbase.dll
0x00007ffb17360000 - 0x00007ffb17379000 	C:\Program Files\Java\jdk-16.0.2\bin\VCRUNTIME140.dll
0x00007ffb27ee0000 - 0x00007ffb27ef8000 	C:\Program Files\Java\jdk-16.0.2\bin\jli.dll
0x00007ffb3ba90000 - 0x00007ffb3bb3c000 	C:\WINDOWS\System32\ADVAPI32.dll
0x00007ffb3c7e0000 - 0x00007ffb3c87e000 	C:\WINDOWS\System32\msvcrt.dll
0x00007ffb3bf80000 - 0x00007ffb3c01b000 	C:\WINDOWS\System32\sechost.dll
0x00007ffb3b5a0000 - 0x00007ffb3b6ca000 	C:\WINDOWS\System32\RPCRT4.dll
0x00007ffb3d1d0000 - 0x00007ffb3d371000 	C:\WINDOWS\System32\USER32.dll
0x00007ffb20660000 - 0x00007ffb208fa000 	C:\WINDOWS\WinSxS\amd64_microsoft.windows.common-controls_6595b64144ccf1df_6.0.19041.1110_none_60b5254171f9507e\COMCTL32.dll
0x00007ffb3b190000 - 0x00007ffb3b1b2000 	C:\WINDOWS\System32\win32u.dll
0x00007ffb3c0e0000 - 0x00007ffb3c10b000 	C:\WINDOWS\System32\GDI32.dll
0x00007ffb3b390000 - 0x00007ffb3b49b000 	C:\WINDOWS\System32\gdi32full.dll
0x00007ffb3ac70000 - 0x00007ffb3ad0d000 	C:\WINDOWS\System32\msvcp_win.dll
0x00007ffb30270000 - 0x00007ffb3027a000 	C:\WINDOWS\SYSTEM32\VERSION.dll
0x00007ffb3d1a0000 - 0x00007ffb3d1d0000 	C:\WINDOWS\System32\IMM32.DLL
0x00007ffb25a10000 - 0x00007ffb25a1c000 	C:\Program Files\Java\jdk-16.0.2\bin\vcruntime140_1.dll
0x00007ffaf5320000 - 0x00007ffaf53b1000 	C:\Program Files\Java\jdk-16.0.2\bin\msvcp140.dll
0x00007ffae9100000 - 0x00007ffae9cab000 	C:\Program Files\Java\jdk-16.0.2\bin\server\jvm.dll
0x00007ffb3c020000 - 0x00007ffb3c028000 	C:\WINDOWS\System32\PSAPI.DLL
0x00007ffb27cf0000 - 0x00007ffb27cf9000 	C:\WINDOWS\SYSTEM32\WSOCK32.dll
0x00007ffb23a60000 - 0x00007ffb23a87000 	C:\WINDOWS\SYSTEM32\WINMM.dll
0x00007ffb3c760000 - 0x00007ffb3c7cb000 	C:\WINDOWS\System32\WS2_32.dll
0x00007ffb394f0000 - 0x00007ffb39502000 	C:\WINDOWS\SYSTEM32\kernel.appcore.dll
0x00007ffb258b0000 - 0x00007ffb258ba000 	C:\Program Files\Java\jdk-16.0.2\bin\jimage.dll
0x00007ffb358d0000 - 0x00007ffb35ab4000 	C:\WINDOWS\SYSTEM32\DBGHELP.DLL
0x00007ffb23270000 - 0x00007ffb2329c000 	C:\WINDOWS\SYSTEM32\dbgcore.DLL
0x00007ffb3b2d0000 - 0x00007ffb3b353000 	C:\WINDOWS\System32\bcryptPrimitives.dll
0x00007ffb023e0000 - 0x00007ffb02405000 	C:\Program Files\Java\jdk-16.0.2\bin\java.dll
0x00007ffb3c880000 - 0x00007ffb3cfbf000 	C:\WINDOWS\System32\SHELL32.dll
0x00007ffb38d50000 - 0x00007ffb394e0000 	C:\WINDOWS\SYSTEM32\windows.storage.dll
0x00007ffb3bc20000 - 0x00007ffb3bf75000 	C:\WINDOWS\System32\combase.dll
0x00007ffb3a5f0000 - 0x00007ffb3a61c000 	C:\WINDOWS\SYSTEM32\Wldp.dll
0x00007ffb3c030000 - 0x00007ffb3c0de000 	C:\WINDOWS\System32\SHCORE.dll
0x00007ffb3b960000 - 0x00007ffb3b9b5000 	C:\WINDOWS\System32\shlwapi.dll
0x00007ffb3abb0000 - 0x00007ffb3abcf000 	C:\WINDOWS\SYSTEM32\profapi.dll
0x00007ffb17340000 - 0x00007ffb17359000 	C:\Program Files\Java\jdk-16.0.2\bin\net.dll
0x00007ffb298d0000 - 0x00007ffb299d8000 	C:\WINDOWS\SYSTEM32\WINHTTP.dll
0x00007ffb3a350000 - 0x00007ffb3a3ba000 	C:\WINDOWS\system32\mswsock.dll
0x00007ffb023c0000 - 0x00007ffb023d3000 	C:\Program Files\Java\jdk-16.0.2\bin\nio.dll
0x00007ffb023a0000 - 0x00007ffb023b8000 	C:\Program Files\Java\jdk-16.0.2\bin\zip.dll
0x00007ffb20930000 - 0x00007ffb20940000 	C:\Program Files\Java\jdk-16.0.2\bin\verify.dll
0x00007ffb27ea0000 - 0x00007ffb27eaa000 	C:\Program Files\NetBeans-12.5\netbeans\java\maven\lib\jansi-native\windows64\jansi.dll

dbghelp: loaded successfully - version: 4.0.5 - missing functions: none
symbol engine: initialized successfully - sym options: 0x614 - pdb path: .;C:\Program Files\Java\jdk-16.0.2\bin;C:\WINDOWS\SYSTEM32;C:\WINDOWS\WinSxS\amd64_microsoft.windows.common-controls_6595b64144ccf1df_6.0.19041.1110_none_60b5254171f9507e;C:\Program Files\Java\jdk-16.0.2\bin\server;C:\Program Files\NetBeans-12.5\netbeans\java\maven\lib\jansi-native\windows64

VM Arguments:
jvm_args: -Dclassworlds.conf=C:\Program Files\NetBeans-12.5\netbeans\java\maven\bin\..\bin\m2.conf -Dmaven.home=C:\Program Files\NetBeans-12.5\netbeans\java\maven\bin\.. -Dlibrary.jansi.path=C:\Program Files\NetBeans-12.5\netbeans\java\maven\bin\..\lib\jansi-native -Dmaven.multiModuleProjectDirectory=C:\Users\dell\Documents\NetBeansProjects\po\projetoN2 
java_command: org.codehaus.plexus.classworlds.launcher.Launcher -Dexec.vmArgs= -Dexec.args=${exec.vmArgs} -classpath %classpath ${exec.mainClass} ${exec.appArgs} -Dexec.executable=C:\Program Files\Java\jdk-16.0.2\bin\java.exe -Dexec.mainClass=view.MainFrame -Dexec.classpathScope=runtime -Dexec.appArgs= -Dmaven.ext.class.path=C:\Program Files\NetBeans-12.5\netbeans\java\maven-nblib\netbeans-eventspy.jar -Dfile.encoding=UTF-8 org.codehaus.mojo:exec-maven-plugin:3.0.0:exec
java_class_path (initial): C:\Program Files\NetBeans-12.5\netbeans\java\maven\bin\..\boot\plexus-classworlds-2.6.0.jar
Launcher Type: SUN_STANDARD

[Global flags]
     intx CICompilerCount                          = 3                                         {product} {ergonomic}
     uint ConcGCThreads                            = 1                                         {product} {ergonomic}
     uint G1ConcRefinementThreads                  = 4                                         {product} {ergonomic}
   size_t G1HeapRegionSize                         = 1048576                                   {product} {ergonomic}
    uintx GCDrainStackTargetSize                   = 64                                        {product} {ergonomic}
   size_t InitialHeapSize                          = 67108864                                  {product} {ergonomic}
   size_t MarkStackSize                            = 4194304                                   {product} {ergonomic}
   size_t MaxHeapSize                              = 1048576000                                {product} {ergonomic}
   size_t MaxNewSize                               = 629145600                                 {product} {ergonomic}
   size_t MinHeapDeltaBytes                        = 1048576                                   {product} {ergonomic}
   size_t MinHeapSize                              = 8388608                                   {product} {ergonomic}
    uintx NonNMethodCodeHeapSize                   = 5832780                                {pd product} {ergonomic}
    uintx NonProfiledCodeHeapSize                  = 122912730                              {pd product} {ergonomic}
    uintx ProfiledCodeHeapSize                     = 122912730                              {pd product} {ergonomic}
    uintx ReservedCodeCacheSize                    = 251658240                              {pd product} {ergonomic}
     bool SegmentedCodeCache                       = true                                      {product} {ergonomic}
   size_t SoftMaxHeapSize                          = 1048576000                             {manageable} {ergonomic}
     bool UseCompressedClassPointers               = true                           {product lp64_product} {ergonomic}
     bool UseCompressedOops                        = true                           {product lp64_product} {ergonomic}
     bool UseG1GC                                  = true                                      {product} {ergonomic}
     bool UseLargePagesIndividualAllocation        = false                                  {pd product} {ergonomic}

Logging:
Log output configuration:
 #0: stdout all=warning uptime,level,tags
 #1: stderr all=off uptime,level,tags

Environment Variables:
JAVA_HOME=C:\Program Files\Java\jdk-16.0.2
PATH=C:\Program Files\Common Files\Oracle\Java\javapath;C:\Program Files (x86)\Common Files\Oracle\Java\javapath;C:\Program Files\AdoptOpenJDK\jdk-14.0.2.12-hotspot\bin;C:\WINDOWS\system32;C:\WINDOWS;C:\WINDOWS\System32\Wbem;C:\WINDOWS\System32\WindowsPowerShell\v1.0\;C:\WINDOWS\System32\OpenSSH\;C:\Program Files\nodejs\;C:\Program Files (x86)\Intel\Intel(R) Management Engine Components\DAL;C:\Program Files\Intel\Intel(R) Management Engine Components\DAL;C:\MinGW\bin;C:\Program Files\Java\jdk-15.0.2\bin;C:\Program Files\Git\cmd;C:\Program Files\Apache\maven\apache-maven-3.8.3\bin;C:\Program Files\MySQL\MySQL Shell 8.0\bin\;C:\Users\dell\AppData\Local\Microsoft\WindowsApps;C:\Users\dell\AppData\Roaming\npm;C:\MinGW\bin;;C:\Program Files\JetBrains\IntelliJ IDEA Community Edition 2021.2\bin;;C:\Users\dell\AppData\Local\Programs\mongosh\
USERNAME=dell
OS=Windows_NT
PROCESSOR_IDENTIFIER=Intel64 Family 6 Model 142 Stepping 9, GenuineIntel



---------------  S Y S T E M  ---------------

OS:
 Windows 10 , 64 bit Build 19041 (10.0.19041.1202)
OS uptime: 0 days 0:56 hours

CPU: total 4 (initial active 4) (2 cores per cpu, 2 threads per core) family 6 model 142 stepping 9 microcode 0xea, cx8, cmov, fxsr, ht, mmx, 3dnowpref, sse, sse2, sse3, ssse3, sse4.1, sse4.2, popcnt, lzcnt, tsc, tscinvbit, avx, avx2, aes, erms, clmul, bmi1, bmi2, adx, fma, vzeroupper, clflush, clflushopt

Memory: 4k page, system-wide physical 3996M (288M free)
TotalPageFile size 5391M (AvailPageFile size 2M)
current process WorkingSet (physical memory assigned to process): 52M, peak: 52M
current process commit charge ("private bytes"): 144M, peak: 144M

vm_info: Java HotSpot(TM) 64-Bit Server VM (16.0.2+7-67) for windows-amd64 JRE (16.0.2+7-67), built on Jun  8 2021 23:24:19 by "mach5one" with MS VC++ 16.7 (VS2019)

END.
