#
# There is insufficient memory for the Java Runtime Environment to continue.
# Native memory allocation (malloc) failed to allocate 2565744 bytes for Chunk::new
# Possible reasons:
#   The system is out of physical RAM or swap space
#   The process is running with CompressedOops enabled, and the Java Heap may be blocking the growth of the native heap
# Possible solutions:
#   Reduce memory load on the system
#   Increase physical memory or swap space
#   Check if swap backing store is full
#   Decrease Java heap size (-Xmx/-Xms)
#   Decrease number of Java threads
#   Decrease Java thread stack sizes (-Xss)
#   Set larger code cache with -XX:ReservedCodeCacheSize=
#   JVM is running with Unscaled Compressed Oops mode in which the Java heap is
#     placed in the first 4GB address space. The Java Heap base address is the
#     maximum limit for the native heap growth. Please use -XX:HeapBaseMinAddress
#     to set the Java Heap base and to place the Java Heap above 4GB virtual address.
# This output file may be truncated or incomplete.
#
#  Out of Memory Error (arena.cpp:195), pid=5984, tid=6880
#
# JRE version: Java(TM) SE Runtime Environment (16.0.2+7) (build 16.0.2+7-67)
# Java VM: Java HotSpot(TM) 64-Bit Server VM (16.0.2+7-67, mixed mode, sharing, tiered, compressed oops, compressed class ptrs, g1 gc, windows-amd64)
# No core dump will be written. Minidumps are not enabled by default on client versions of Windows
#

---------------  S U M M A R Y ------------

Command Line: -Dclassworlds.conf=C:\Program Files\NetBeans-12.5\netbeans\java\maven\bin\..\bin\m2.conf -Dmaven.home=C:\Program Files\NetBeans-12.5\netbeans\java\maven\bin\.. -Dlibrary.jansi.path=C:\Program Files\NetBeans-12.5\netbeans\java\maven\bin\..\lib\jansi-native -Dmaven.multiModuleProjectDirectory=C:\Users\dell\Documents\NetBeansProjects\projetoGit\projetoN2 org.codehaus.plexus.classworlds.launcher.Launcher -Dmaven.ext.class.path=C:\Program Files\NetBeans-12.5\netbeans\java\maven-nblib\netbeans-eventspy.jar -Dfile.encoding=UTF-8 clean install

Host: Intel(R) Core(TM) i3-7020U CPU @ 2.30GHz, 4 cores, 3G,  Windows 10 , 64 bit Build 19041 (10.0.19041.1202)
Time: Sun Oct 17 20:12:52 2021 Hora oficial do Brasil elapsed time: 10.901204 seconds (0d 0h 0m 10s)

---------------  T H R E A D  ---------------

Current thread (0x00000250b6b50780):  JavaThread "C2 CompilerThread0" daemon [_thread_in_native, id=6880, stack(0x000000fe90700000,0x000000fe90800000)]


Current CompileTask:
C2:  10901 5091       4       lombok.core.AST::buildWithField (21 bytes)

Stack: [0x000000fe90700000,0x000000fe90800000]
Native frames: (J=compiled Java code, j=interpreted, Vv=VM code, C=native code)
V  [jvm.dll+0x6681ca]
V  [jvm.dll+0x7c9e69]
V  [jvm.dll+0x7cb61e]
V  [jvm.dll+0x7cbc73]
V  [jvm.dll+0x242c55]
V  [jvm.dll+0xadeba]
V  [jvm.dll+0xae45c]
V  [jvm.dll+0x35a8d7]
V  [jvm.dll+0x324de1]
V  [jvm.dll+0x32428a]
V  [jvm.dll+0x215cec]
V  [jvm.dll+0x215100]
V  [jvm.dll+0x1a1beb]
V  [jvm.dll+0x225158]
V  [jvm.dll+0x22319c]
V  [jvm.dll+0x77fa62]
V  [jvm.dll+0x7795aa]
V  [jvm.dll+0x667066]
C  [ucrtbase.dll+0x21bb2]
C  [KERNEL32.DLL+0x17034]
C  [ntdll.dll+0x52651]


---------------  P R O C E S S  ---------------

Threads class SMR info:
_java_thread_list=0x00000250b7863200, length=12, elements={
0x000002509ba3c900, 0x00000250b6b26ab0, 0x00000250b6b27970, 0x00000250b6b3b880,
0x00000250b6b3d490, 0x00000250b6b3fea0, 0x00000250b6b418b0, 0x00000250b6b50780,
0x00000250b6b456c0, 0x00000250b6b46100, 0x00000250b787f070, 0x00000250b78858e0
}

Java Threads: ( => current thread )
  0x000002509ba3c900 JavaThread "main" [_thread_in_native, id=7152, stack(0x000000fe8fa00000,0x000000fe8fb00000)]
  0x00000250b6b26ab0 JavaThread "Reference Handler" daemon [_thread_blocked, id=980, stack(0x000000fe90100000,0x000000fe90200000)]
  0x00000250b6b27970 JavaThread "Finalizer" daemon [_thread_blocked, id=9696, stack(0x000000fe90200000,0x000000fe90300000)]
  0x00000250b6b3b880 JavaThread "Signal Dispatcher" daemon [_thread_blocked, id=7620, stack(0x000000fe90300000,0x000000fe90400000)]
  0x00000250b6b3d490 JavaThread "Attach Listener" daemon [_thread_blocked, id=4540, stack(0x000000fe90400000,0x000000fe90500000)]
  0x00000250b6b3fea0 JavaThread "Service Thread" daemon [_thread_blocked, id=9284, stack(0x000000fe90500000,0x000000fe90600000)]
  0x00000250b6b418b0 JavaThread "Monitor Deflation Thread" daemon [_thread_blocked, id=4900, stack(0x000000fe90600000,0x000000fe90700000)]
=>0x00000250b6b50780 JavaThread "C2 CompilerThread0" daemon [_thread_in_native, id=6880, stack(0x000000fe90700000,0x000000fe90800000)]
  0x00000250b6b456c0 JavaThread "C1 CompilerThread0" daemon [_thread_blocked, id=9628, stack(0x000000fe90800000,0x000000fe90900000)]
  0x00000250b6b46100 JavaThread "Sweeper thread" daemon [_thread_blocked, id=3028, stack(0x000000fe90900000,0x000000fe90a00000)]
  0x00000250b787f070 JavaThread "Notification Thread" daemon [_thread_blocked, id=9860, stack(0x000000fe90a00000,0x000000fe90b00000)]
  0x00000250b78858e0 JavaThread "Common-Cleaner" daemon [_thread_blocked, id=2200, stack(0x000000fe90c00000,0x000000fe90d00000)]

Other Threads:
  0x00000250b6b22e60 VMThread "VM Thread" [stack: 0x000000fe90000000,0x000000fe90100000] [id=8668]
  0x00000250b78855f0 WatcherThread [stack: 0x000000fe90b00000,0x000000fe90c00000] [id=6040]
  0x000002509ba6c890 GCTaskThread "GC Thread#0" [stack: 0x000000fe8fb00000,0x000000fe8fc00000] [id=10116]
  0x00000250b7fc9e70 GCTaskThread "GC Thread#1" [stack: 0x000000fe90d00000,0x000000fe90e00000] [id=5172]
  0x00000250b7fcd980 GCTaskThread "GC Thread#2" [stack: 0x000000fe90e00000,0x000000fe90f00000] [id=9100]
  0x00000250b7d6ce30 GCTaskThread "GC Thread#3" [stack: 0x000000fe90f00000,0x000000fe91000000] [id=3460]
  0x000002509ba755d0 ConcurrentGCThread "G1 Main Marker" [stack: 0x000000fe8fc00000,0x000000fe8fd00000] [id=6396]
  0x000002509ba767e0 ConcurrentGCThread "G1 Conc#0" [stack: 0x000000fe8fd00000,0x000000fe8fe00000] [id=1524]
  0x000002509bac5ee0 ConcurrentGCThread "G1 Refine#0" [stack: 0x000000fe8fe00000,0x000000fe8ff00000] [id=7556]
  0x00000250b96d7040 ConcurrentGCThread "G1 Refine#1" [stack: 0x000000fe91000000,0x000000fe91100000] [id=9688]
  0x00000250b7838010 ConcurrentGCThread "G1 Refine#2" [stack: 0x000000fe91100000,0x000000fe91200000] [id=3736]
  0x000002509bac6960 ConcurrentGCThread "G1 Service" [stack: 0x000000fe8ff00000,0x000000fe90000000] [id=3944]

Threads with active compile tasks:
C2 CompilerThread0    11077 5091       4       lombok.core.AST::buildWithField (21 bytes)

VM state: not at safepoint (normal execution)

VM Mutex/Monitor currently owned by a thread: None

Heap address: 0x00000000c1800000, size: 1000 MB, Compressed Oops mode: 32-bit

CDS archive(s) mapped at: [0x0000000800000000-0x0000000800bb0000-0x0000000800bb0000), size 12255232, SharedBaseAddress: 0x0000000800000000, ArchiveRelocationMode: 0.
Compressed class space mapped at: 0x0000000800c00000-0x0000000840c00000, reserved size: 1073741824
Narrow klass base: 0x0000000800000000, Narrow klass shift: 3, Narrow klass range: 0x100000000

GC Precious Log:
 CPUs: 4 total, 4 available
 Memory: 3996M
 Large Page Support: Disabled
 NUMA Support: Disabled
 Compressed Oops: Enabled (32-bit)
 Heap Region Size: 1M
 Heap Min Capacity: 8M
 Heap Initial Capacity: 64M
 Heap Max Capacity: 1000M
 Pre-touch: Disabled
 Parallel Workers: 4
 Concurrent Workers: 1
 Concurrent Refinement Workers: 4
 Periodic GC: Disabled

Heap:
 garbage-first heap   total 64512K, used 42752K [0x00000000c1800000, 0x0000000100000000)
  region size 1024K, 23 young (23552K), 3 survivors (3072K)
 Metaspace       used 27273K, committed 27584K, reserved 1081344K
  class space    used 2999K, committed 3136K, reserved 1048576K

Heap Regions: E=young(eden), S=young(survivor), O=old, HS=humongous(starts), HC=humongous(continues), CS=collection set, F=free, OA=open archive, CA=closed archive, TAMS=top-at-mark-start (previous, next)
|   0|0x00000000c1800000, 0x00000000c1900000, 0x00000000c1900000|100%| O|  |TAMS 0x00000000c1900000, 0x00000000c1800000| Untracked 
|   1|0x00000000c1900000, 0x00000000c1a00000, 0x00000000c1a00000|100%| O|  |TAMS 0x00000000c1a00000, 0x00000000c1900000| Untracked 
|   2|0x00000000c1a00000, 0x00000000c1b00000, 0x00000000c1b00000|100%| O|  |TAMS 0x00000000c1b00000, 0x00000000c1a00000| Untracked 
|   3|0x00000000c1b00000, 0x00000000c1c00000, 0x00000000c1c00000|100%| O|  |TAMS 0x00000000c1b87200, 0x00000000c1b00000| Untracked 
|   4|0x00000000c1c00000, 0x00000000c1d00000, 0x00000000c1d00000|100%| O|  |TAMS 0x00000000c1c00000, 0x00000000c1c00000| Untracked 
|   5|0x00000000c1d00000, 0x00000000c1ddc800, 0x00000000c1e00000| 86%| O|  |TAMS 0x00000000c1d00000, 0x00000000c1d00000| Untracked 
|   6|0x00000000c1e00000, 0x00000000c1f00000, 0x00000000c1f00000|100%| O|  |TAMS 0x00000000c1e00000, 0x00000000c1e00000| Untracked 
|   7|0x00000000c1f00000, 0x00000000c2000000, 0x00000000c2000000|100%| O|  |TAMS 0x00000000c1f00000, 0x00000000c1f00000| Untracked 
|   8|0x00000000c2000000, 0x00000000c2100000, 0x00000000c2100000|100%| O|  |TAMS 0x00000000c2000000, 0x00000000c2000000| Untracked 
|   9|0x00000000c2100000, 0x00000000c2200000, 0x00000000c2200000|100%| O|  |TAMS 0x00000000c2100000, 0x00000000c2100000| Untracked 
|  10|0x00000000c2200000, 0x00000000c2300000, 0x00000000c2300000|100%| O|  |TAMS 0x00000000c2200000, 0x00000000c2200000| Untracked 
|  11|0x00000000c2300000, 0x00000000c2400000, 0x00000000c2400000|100%| O|  |TAMS 0x00000000c2300000, 0x00000000c2300000| Untracked 
|  12|0x00000000c2400000, 0x00000000c2500000, 0x00000000c2500000|100%| O|  |TAMS 0x00000000c2400000, 0x00000000c2400000| Untracked 
|  13|0x00000000c2500000, 0x00000000c2600000, 0x00000000c2600000|100%|HS|  |TAMS 0x00000000c2500000, 0x00000000c2500000| Complete 
|  14|0x00000000c2600000, 0x00000000c2700000, 0x00000000c2700000|100%| O|  |TAMS 0x00000000c2600000, 0x00000000c2600000| Untracked 
|  15|0x00000000c2700000, 0x00000000c2800000, 0x00000000c2800000|100%| O|  |TAMS 0x00000000c2700000, 0x00000000c2700000| Untracked 
|  16|0x00000000c2800000, 0x00000000c2900000, 0x00000000c2900000|100%| O|  |TAMS 0x00000000c2800000, 0x00000000c2800000| Untracked 
|  17|0x00000000c2900000, 0x00000000c2a00000, 0x00000000c2a00000|100%| O|  |TAMS 0x00000000c2900000, 0x00000000c2900000| Untracked 
|  18|0x00000000c2a00000, 0x00000000c2b00000, 0x00000000c2b00000|100%| O|  |TAMS 0x00000000c2a00000, 0x00000000c2a00000| Untracked 
|  19|0x00000000c2b00000, 0x00000000c2c00000, 0x00000000c2c00000|100%| O|  |TAMS 0x00000000c2b00000, 0x00000000c2b00000| Untracked 
|  20|0x00000000c2c00000, 0x00000000c2c00000, 0x00000000c2d00000|  0%| F|  |TAMS 0x00000000c2c00000, 0x00000000c2c00000| Untracked 
|  21|0x00000000c2d00000, 0x00000000c2d00000, 0x00000000c2e00000|  0%| F|  |TAMS 0x00000000c2d00000, 0x00000000c2d00000| Untracked 
|  22|0x00000000c2e00000, 0x00000000c2e00000, 0x00000000c2f00000|  0%| F|  |TAMS 0x00000000c2e00000, 0x00000000c2e00000| Untracked 
|  23|0x00000000c2f00000, 0x00000000c2f00000, 0x00000000c3000000|  0%| F|  |TAMS 0x00000000c2f00000, 0x00000000c2f00000| Untracked 
|  24|0x00000000c3000000, 0x00000000c3000000, 0x00000000c3100000|  0%| F|  |TAMS 0x00000000c3000000, 0x00000000c3000000| Untracked 
|  25|0x00000000c3100000, 0x00000000c3100000, 0x00000000c3200000|  0%| F|  |TAMS 0x00000000c3100000, 0x00000000c3100000| Untracked 
|  26|0x00000000c3200000, 0x00000000c3200000, 0x00000000c3300000|  0%| F|  |TAMS 0x00000000c3200000, 0x00000000c3200000| Untracked 
|  27|0x00000000c3300000, 0x00000000c3300000, 0x00000000c3400000|  0%| F|  |TAMS 0x00000000c3300000, 0x00000000c3300000| Untracked 
|  28|0x00000000c3400000, 0x00000000c34e3aa0, 0x00000000c3500000| 88%| S|CS|TAMS 0x00000000c3400000, 0x00000000c3400000| Complete 
|  29|0x00000000c3500000, 0x00000000c3600000, 0x00000000c3600000|100%| S|CS|TAMS 0x00000000c3500000, 0x00000000c3500000| Complete 
|  30|0x00000000c3600000, 0x00000000c3600000, 0x00000000c3700000|  0%| F|  |TAMS 0x00000000c3600000, 0x00000000c3600000| Untracked 
|  31|0x00000000c3700000, 0x00000000c3800000, 0x00000000c3800000|100%| S|CS|TAMS 0x00000000c3700000, 0x00000000c3700000| Complete 
|  32|0x00000000c3800000, 0x00000000c3800000, 0x00000000c3900000|  0%| F|  |TAMS 0x00000000c3800000, 0x00000000c3800000| Untracked 
|  33|0x00000000c3900000, 0x00000000c3900000, 0x00000000c3a00000|  0%| F|  |TAMS 0x00000000c3900000, 0x00000000c3900000| Untracked 
|  34|0x00000000c3a00000, 0x00000000c3a00000, 0x00000000c3b00000|  0%| F|  |TAMS 0x00000000c3a00000, 0x00000000c3a00000| Untracked 
|  35|0x00000000c3b00000, 0x00000000c3b00000, 0x00000000c3c00000|  0%| F|  |TAMS 0x00000000c3b00000, 0x00000000c3b00000| Untracked 
|  36|0x00000000c3c00000, 0x00000000c3c00000, 0x00000000c3d00000|  0%| F|  |TAMS 0x00000000c3c00000, 0x00000000c3c00000| Untracked 
|  37|0x00000000c3d00000, 0x00000000c3d00000, 0x00000000c3e00000|  0%| F|  |TAMS 0x00000000c3d00000, 0x00000000c3d00000| Untracked 
|  38|0x00000000c3e00000, 0x00000000c3e00000, 0x00000000c3f00000|  0%| F|  |TAMS 0x00000000c3e00000, 0x00000000c3e00000| Untracked 
|  39|0x00000000c3f00000, 0x00000000c3f00000, 0x00000000c4000000|  0%| F|  |TAMS 0x00000000c3f00000, 0x00000000c3f00000| Untracked 
|  40|0x00000000c4000000, 0x00000000c4000000, 0x00000000c4100000|  0%| F|  |TAMS 0x00000000c4000000, 0x00000000c4000000| Untracked 
|  41|0x00000000c4100000, 0x00000000c4100000, 0x00000000c4200000|  0%| F|  |TAMS 0x00000000c4100000, 0x00000000c4100000| Untracked 
|  42|0x00000000c4200000, 0x00000000c4200000, 0x00000000c4300000|  0%| F|  |TAMS 0x00000000c4200000, 0x00000000c4200000| Untracked 
|  43|0x00000000c4300000, 0x00000000c4400000, 0x00000000c4400000|100%| E|  |TAMS 0x00000000c4300000, 0x00000000c4300000| Complete 
|  44|0x00000000c4400000, 0x00000000c4500000, 0x00000000c4500000|100%| E|CS|TAMS 0x00000000c4400000, 0x00000000c4400000| Complete 
|  45|0x00000000c4500000, 0x00000000c4600000, 0x00000000c4600000|100%| E|CS|TAMS 0x00000000c4500000, 0x00000000c4500000| Complete 
|  46|0x00000000c4600000, 0x00000000c4700000, 0x00000000c4700000|100%| E|CS|TAMS 0x00000000c4600000, 0x00000000c4600000| Complete 
|  47|0x00000000c4700000, 0x00000000c4800000, 0x00000000c4800000|100%| E|CS|TAMS 0x00000000c4700000, 0x00000000c4700000| Complete 
|  48|0x00000000c4800000, 0x00000000c4900000, 0x00000000c4900000|100%| E|CS|TAMS 0x00000000c4800000, 0x00000000c4800000| Complete 
|  49|0x00000000c4900000, 0x00000000c4a00000, 0x00000000c4a00000|100%| E|CS|TAMS 0x00000000c4900000, 0x00000000c4900000| Complete 
|  50|0x00000000c4a00000, 0x00000000c4b00000, 0x00000000c4b00000|100%| E|CS|TAMS 0x00000000c4a00000, 0x00000000c4a00000| Complete 
|  51|0x00000000c4b00000, 0x00000000c4c00000, 0x00000000c4c00000|100%| E|CS|TAMS 0x00000000c4b00000, 0x00000000c4b00000| Complete 
|  52|0x00000000c4c00000, 0x00000000c4d00000, 0x00000000c4d00000|100%| E|CS|TAMS 0x00000000c4c00000, 0x00000000c4c00000| Complete 
|  53|0x00000000c4d00000, 0x00000000c4e00000, 0x00000000c4e00000|100%| E|CS|TAMS 0x00000000c4d00000, 0x00000000c4d00000| Complete 
|  54|0x00000000c4e00000, 0x00000000c4f00000, 0x00000000c4f00000|100%| E|CS|TAMS 0x00000000c4e00000, 0x00000000c4e00000| Complete 
|  55|0x00000000c4f00000, 0x00000000c5000000, 0x00000000c5000000|100%| E|CS|TAMS 0x00000000c4f00000, 0x00000000c4f00000| Complete 
|  56|0x00000000c5000000, 0x00000000c5100000, 0x00000000c5100000|100%| E|CS|TAMS 0x00000000c5000000, 0x00000000c5000000| Complete 
|  57|0x00000000c5100000, 0x00000000c5200000, 0x00000000c5200000|100%| E|CS|TAMS 0x00000000c5100000, 0x00000000c5100000| Complete 
|  58|0x00000000c5200000, 0x00000000c5300000, 0x00000000c5300000|100%| E|CS|TAMS 0x00000000c5200000, 0x00000000c5200000| Complete 
|  59|0x00000000c5300000, 0x00000000c5400000, 0x00000000c5400000|100%| E|CS|TAMS 0x00000000c5300000, 0x00000000c5300000| Complete 
|  60|0x00000000c5400000, 0x00000000c5500000, 0x00000000c5500000|100%| E|CS|TAMS 0x00000000c5400000, 0x00000000c5400000| Complete 
|  61|0x00000000c5500000, 0x00000000c5600000, 0x00000000c5600000|100%| E|CS|TAMS 0x00000000c5500000, 0x00000000c5500000| Complete 
|  63|0x00000000c5700000, 0x00000000c5800000, 0x00000000c5800000|100%| E|CS|TAMS 0x00000000c5700000, 0x00000000c5700000| Complete 

Card table byte_map: [0x00000250b23c0000,0x00000250b25c0000] _byte_map_base: 0x00000250b1db4000

Marking Bits (Prev, Next): (CMBitMap*) 0x000002509ba6cf40, (CMBitMap*) 0x000002509ba6cf00
 Prev Bits: [0x00000250b3760000, 0x00000250b4700000)
 Next Bits: [0x00000250b27c0000, 0x00000250b3760000)

Polling page: 0x000002509b220000

Metaspace:

Usage:
  Non-class:     23.71 MB used.
      Class:      2.93 MB used.
       Both:     26.63 MB used.

Virtual space:
  Non-class space:       32.00 MB reserved,      23.88 MB ( 75%) committed,  4 nodes.
      Class space:        1.00 GB reserved,       3.06 MB ( <1%) committed,  1 nodes.
              Both:        1.03 GB reserved,      26.94 MB (  3%) committed. 

Chunk freelists:
   Non-Class:  3.29 MB
       Class:  902.00 KB
        Both:  4.18 MB

MaxMetaspaceSize: 17179869184.00 GB
CompressedClassSpaceSize: 1.00 GB
 - commit_granule_bytes: 65536.
 - commit_granule_words: 8192.
 - virtual_space_node_default_size: 1048576.
 - enlarge_chunks_in_place: 1.
 - new_chunks_are_fully_committed: 0.
 - uncommit_free_chunks: 1.
 - use_allocation_guard: 0.
 - handle_deallocations: 1.


Internal statistics:

num_allocs_failed_limit: 3.
num_arena_births: 182.
num_arena_deaths: 0.
num_vsnodes_births: 5.
num_vsnodes_deaths: 0.
num_space_committed: 431.
num_space_uncommitted: 0.
num_chunks_returned_to_freelist: 3.
num_chunks_taken_from_freelist: 1201.
num_chunk_merges: 3.
num_chunk_splits: 840.
num_chunks_enlarged: 631.
num_purges: 0.

CodeHeap 'non-profiled nmethods': size=120000Kb used=2277Kb max_used=2277Kb free=117722Kb
 bounds [0x00000250aac90000, 0x00000250aaf00000, 0x00000250b21c0000]
CodeHeap 'profiled nmethods': size=120000Kb used=12720Kb max_used=12720Kb free=107279Kb
 bounds [0x00000250a3760000, 0x00000250a43d0000, 0x00000250aac90000]
CodeHeap 'non-nmethods': size=5760Kb used=1242Kb max_used=1334Kb free=4517Kb
 bounds [0x00000250a31c0000, 0x00000250a3430000, 0x00000250a3760000]
 total_blobs=6733 nmethods=6188 adapters=456
 compilation: enabled
              stopped_count=0, restarted_count=0
 full_count=0

Compilation events (20 events):
Event: 10.884 Thread 0x00000250b6b456c0 nmethod 6272 0x00000250aaec8810 code [0x00000250aaec89a0, 0x00000250aaec8a78]
Event: 10.884 Thread 0x00000250b6b456c0 6276       2       java.util.concurrent.ConcurrentHashMap::putAll (63 bytes)
Event: 10.885 Thread 0x00000250b6b456c0 nmethod 6276 0x00000250a43c8d90 code [0x00000250a43c8fa0, 0x00000250a43c92e8]
Event: 10.894 Thread 0x00000250b6b456c0 6277       2       java.lang.reflect.Constructor::getDeclaredAnnotations (5 bytes)
Event: 10.894 Thread 0x00000250b6b456c0 nmethod 6277 0x00000250a43c9490 code [0x00000250a43c9660, 0x00000250a43c9828]
Event: 10.894 Thread 0x00000250b6b456c0 6278       1       org.eclipse.sisu.plexus.ComponentDescriptorBeanModule$ComponentMetadata::getConfiguration (2 bytes)
Event: 10.894 Thread 0x00000250b6b456c0 nmethod 6278 0x00000250aaec8b10 code [0x00000250aaec8ca0, 0x00000250aaec8d78]
Event: 10.895 Thread 0x00000250b6b456c0 6279       2       org.eclipse.sisu.inject.InjectorBindings::maxBindingRank (10 bytes)
Event: 10.895 Thread 0x00000250b6b456c0 nmethod 6279 0x00000250a43c9910 code [0x00000250a43c9aa0, 0x00000250a43c9bf8]
Event: 10.895 Thread 0x00000250b6b456c0 6280       1       org.eclipse.sisu.inject.DefaultRankingFunction::maxRank (3 bytes)
Event: 10.895 Thread 0x00000250b6b456c0 nmethod 6280 0x00000250aaec8e10 code [0x00000250aaec8fa0, 0x00000250aaec9078]
Event: 10.895 Thread 0x00000250b6b456c0 6281       2       org.eclipse.sisu.inject.RankedSequence$Itr::hasNext (116 bytes)
Event: 10.895 Thread 0x00000250b6b456c0 nmethod 6281 0x00000250a43c9d10 code [0x00000250a43c9ee0, 0x00000250a43ca248]
Event: 10.896 Thread 0x00000250b6b456c0 6282       1       org.apache.maven.plugin.descriptor.Parameter::isRequired (5 bytes)
Event: 10.896 Thread 0x00000250b6b456c0 nmethod 6282 0x00000250aaec9110 code [0x00000250aaec92a0, 0x00000250aaec9378]
Event: 10.896 Thread 0x00000250b6b456c0 6283       2       org.eclipse.sisu.inject.MildKeys$Weak::equals (40 bytes)
Event: 10.896 Thread 0x00000250b6b456c0 nmethod 6283 0x00000250a43ca390 code [0x00000250a43ca560, 0x00000250a43ca808]
Event: 10.897 Thread 0x00000250b6b456c0 6284       2       java.lang.Class::getMethods (26 bytes)
Event: 10.897 Thread 0x00000250b6b456c0 nmethod 6284 0x00000250a43ca910 code [0x00000250a43caae0, 0x00000250a43cac78]
Event: 10.897 Thread 0x00000250b6b456c0 6285       2       org.eclipse.sisu.plexus.CompositeBeanHelper::findMethod (77 bytes)

GC Heap History (20 events):
Event: 2.129 GC heap before
{Heap before GC invocations=2 (full 0):
 garbage-first heap   total 65536K, used 41751K [0x00000000c1800000, 0x0000000100000000)
  region size 1024K, 38 young (38912K), 1 survivors (1024K)
 Metaspace       used 11705K, committed 11904K, reserved 1064960K
  class space    used 1373K, committed 1472K, reserved 1048576K
}
Event: 2.139 GC heap after
{Heap after GC invocations=3 (full 0):
 garbage-first heap   total 65536K, used 6048K [0x00000000c1800000, 0x0000000100000000)
  region size 1024K, 3 young (3072K), 3 survivors (3072K)
 Metaspace       used 11705K, committed 11904K, reserved 1064960K
  class space    used 1373K, committed 1472K, reserved 1048576K
}
Event: 4.834 GC heap before
{Heap before GC invocations=3 (full 0):
 garbage-first heap   total 65536K, used 41888K [0x00000000c1800000, 0x0000000100000000)
  region size 1024K, 38 young (38912K), 3 survivors (3072K)
 Metaspace       used 13689K, committed 13824K, reserved 1064960K
  class space    used 1548K, committed 1600K, reserved 1048576K
}
Event: 4.849 GC heap after
{Heap after GC invocations=4 (full 0):
 garbage-first heap   total 65536K, used 8388K [0x00000000c1800000, 0x0000000100000000)
  region size 1024K, 5 young (5120K), 5 survivors (5120K)
 Metaspace       used 13689K, committed 13824K, reserved 1064960K
  class space    used 1548K, committed 1600K, reserved 1048576K
}
Event: 7.600 GC heap before
{Heap before GC invocations=4 (full 0):
 garbage-first heap   total 65536K, used 35012K [0x00000000c1800000, 0x0000000100000000)
  region size 1024K, 32 young (32768K), 5 survivors (5120K)
 Metaspace       used 21063K, committed 21248K, reserved 1073152K
  class space    used 2392K, committed 2496K, reserved 1048576K
}
Event: 7.612 GC heap after
{Heap after GC invocations=5 (full 0):
 garbage-first heap   total 65536K, used 11122K [0x00000000c1800000, 0x0000000100000000)
  region size 1024K, 5 young (5120K), 5 survivors (5120K)
 Metaspace       used 21063K, committed 21248K, reserved 1073152K
  class space    used 2392K, committed 2496K, reserved 1048576K
}
Event: 8.291 GC heap before
{Heap before GC invocations=6 (full 0):
 garbage-first heap   total 40960K, used 30578K [0x00000000c1800000, 0x0000000100000000)
  region size 1024K, 24 young (24576K), 5 survivors (5120K)
 Metaspace       used 22669K, committed 22976K, reserved 1073152K
  class space    used 2557K, committed 2688K, reserved 1048576K
}
Event: 8.311 GC heap after
{Heap after GC invocations=7 (full 0):
 garbage-first heap   total 40960K, used 15585K [0x00000000c1800000, 0x0000000100000000)
  region size 1024K, 3 young (3072K), 3 survivors (3072K)
 Metaspace       used 22669K, committed 22976K, reserved 1073152K
  class space    used 2557K, committed 2688K, reserved 1048576K
}
Event: 8.459 GC heap before
{Heap before GC invocations=7 (full 0):
 garbage-first heap   total 40960K, used 28897K [0x00000000c1800000, 0x0000000100000000)
  region size 1024K, 16 young (16384K), 3 survivors (3072K)
 Metaspace       used 22864K, committed 23168K, reserved 1073152K
  class space    used 2559K, committed 2688K, reserved 1048576K
}
Event: 8.469 GC heap after
{Heap after GC invocations=8 (full 0):
 garbage-first heap   total 40960K, used 18773K [0x00000000c1800000, 0x0000000100000000)
  region size 1024K, 2 young (2048K), 2 survivors (2048K)
 Metaspace       used 22864K, committed 23168K, reserved 1073152K
  class space    used 2559K, committed 2688K, reserved 1048576K
}
Event: 8.870 GC heap before
{Heap before GC invocations=8 (full 0):
 garbage-first heap   total 40960K, used 30037K [0x00000000c1800000, 0x0000000100000000)
  region size 1024K, 13 young (13312K), 2 survivors (2048K)
 Metaspace       used 23736K, committed 24000K, reserved 1073152K
  class space    used 2657K, committed 2752K, reserved 1048576K
}
Event: 8.879 GC heap after
{Heap after GC invocations=9 (full 0):
 garbage-first heap   total 53248K, used 21238K [0x00000000c1800000, 0x0000000100000000)
  region size 1024K, 1 young (1024K), 1 survivors (1024K)
 Metaspace       used 23736K, committed 24000K, reserved 1073152K
  class space    used 2657K, committed 2752K, reserved 1048576K
}
Event: 9.521 GC heap before
{Heap before GC invocations=9 (full 0):
 garbage-first heap   total 53248K, used 36598K [0x00000000c1800000, 0x0000000100000000)
  region size 1024K, 17 young (17408K), 1 survivors (1024K)
 Metaspace       used 24783K, committed 25088K, reserved 1073152K
  class space    used 2767K, committed 2880K, reserved 1048576K
}
Event: 9.528 GC heap after
{Heap after GC invocations=10 (full 0):
 garbage-first heap   total 53248K, used 21587K [0x00000000c1800000, 0x0000000100000000)
  region size 1024K, 2 young (2048K), 2 survivors (2048K)
 Metaspace       used 24783K, committed 25088K, reserved 1073152K
  class space    used 2767K, committed 2880K, reserved 1048576K
}
Event: 9.791 GC heap before
{Heap before GC invocations=10 (full 0):
 garbage-first heap   total 53248K, used 38995K [0x00000000c1800000, 0x0000000100000000)
  region size 1024K, 19 young (19456K), 2 survivors (2048K)
 Metaspace       used 25084K, committed 25344K, reserved 1073152K
  class space    used 2802K, committed 2880K, reserved 1048576K
}
Event: 9.795 GC heap after
{Heap after GC invocations=11 (full 0):
 garbage-first heap   total 53248K, used 21586K [0x00000000c1800000, 0x0000000100000000)
  region size 1024K, 2 young (2048K), 2 survivors (2048K)
 Metaspace       used 25084K, committed 25344K, reserved 1073152K
  class space    used 2802K, committed 2880K, reserved 1048576K
}
Event: 9.994 GC heap before
{Heap before GC invocations=11 (full 0):
 garbage-first heap   total 53248K, used 40018K [0x00000000c1800000, 0x0000000100000000)
  region size 1024K, 20 young (20480K), 2 survivors (2048K)
 Metaspace       used 25298K, committed 25600K, reserved 1073152K
  class space    used 2808K, committed 2944K, reserved 1048576K
}
Event: 9.999 GC heap after
{Heap after GC invocations=12 (full 0):
 garbage-first heap   total 53248K, used 21823K [0x00000000c1800000, 0x0000000100000000)
  region size 1024K, 2 young (2048K), 2 survivors (2048K)
 Metaspace       used 25298K, committed 25600K, reserved 1073152K
  class space    used 2808K, committed 2944K, reserved 1048576K
}
Event: 10.490 GC heap before
{Heap before GC invocations=12 (full 0):
 garbage-first heap   total 53248K, used 41279K [0x00000000c1800000, 0x0000000100000000)
  region size 1024K, 21 young (21504K), 2 survivors (2048K)
 Metaspace       used 26861K, committed 27200K, reserved 1081344K
  class space    used 2983K, committed 3136K, reserved 1048576K
}
Event: 10.500 GC heap after
{Heap after GC invocations=13 (full 0):
 garbage-first heap   total 64512K, used 23296K [0x00000000c1800000, 0x0000000100000000)
  region size 1024K, 3 young (3072K), 3 survivors (3072K)
 Metaspace       used 26861K, committed 27200K, reserved 1081344K
  class space    used 2983K, committed 3136K, reserved 1048576K
}

Deoptimization events (20 events):
Event: 10.677 Thread 0x000002509ba3c900 Uncommon trap: trap_request=0xffffff3d fr.pc=0x00000250aae302c4 relative=0x0000000000000224
Event: 10.677 Thread 0x000002509ba3c900 Uncommon trap: reason=unstable_fused_if action=reinterpret pc=0x00000250aae302c4 method=com.sun.tools.javac.util.Convert.chars2utf([CI[BII)I @ 28 c2
Event: 10.677 Thread 0x000002509ba3c900 DEOPT PACKING pc=0x00000250aae302c4 sp=0x000000fe8fafbf90
Event: 10.677 Thread 0x000002509ba3c900 DEOPT UNPACKING pc=0x00000250a320d72e sp=0x000000fe8fafbef0 mode 2
Event: 10.751 Thread 0x000002509ba3c900 Uncommon trap: trap_request=0xffffff45 fr.pc=0x00000250aaebd328 relative=0x00000000000001c8
Event: 10.751 Thread 0x000002509ba3c900 Uncommon trap: reason=unstable_if action=reinterpret pc=0x00000250aaebd328 method=java.util.HashMap.putVal(ILjava/lang/Object;Ljava/lang/Object;ZZ)Ljava/lang/Object; @ 162 c2
Event: 10.751 Thread 0x000002509ba3c900 DEOPT PACKING pc=0x00000250aaebd328 sp=0x000000fe8faf8510
Event: 10.751 Thread 0x000002509ba3c900 DEOPT UNPACKING pc=0x00000250a320d72e sp=0x000000fe8faf8490 mode 2
Event: 10.756 Thread 0x000002509ba3c900 Uncommon trap: trap_request=0xffffff45 fr.pc=0x00000250aad2602c relative=0x00000000000003ec
Event: 10.756 Thread 0x000002509ba3c900 Uncommon trap: reason=unstable_if action=reinterpret pc=0x00000250aad2602c method=java.util.HashMap.getNode(Ljava/lang/Object;)Ljava/util/HashMap$Node; @ 85 c2
Event: 10.756 Thread 0x000002509ba3c900 DEOPT PACKING pc=0x00000250aad2602c sp=0x000000fe8faf9920
Event: 10.756 Thread 0x000002509ba3c900 DEOPT UNPACKING pc=0x00000250a320d72e sp=0x000000fe8faf9840 mode 2
Event: 10.756 Thread 0x000002509ba3c900 Uncommon trap: trap_request=0xffffff45 fr.pc=0x00000250aadadb0c relative=0x000000000000026c
Event: 10.756 Thread 0x000002509ba3c900 Uncommon trap: reason=unstable_if action=reinterpret pc=0x00000250aadadb0c method=java.util.HashMap.getNode(Ljava/lang/Object;)Ljava/util/HashMap$Node; @ 85 c2
Event: 10.756 Thread 0x000002509ba3c900 DEOPT PACKING pc=0x00000250aadadb0c sp=0x000000fe8faf7e70
Event: 10.757 Thread 0x000002509ba3c900 DEOPT UNPACKING pc=0x00000250a320d72e sp=0x000000fe8faf7df0 mode 2
Event: 10.881 Thread 0x000002509ba3c900 Uncommon trap: trap_request=0xffffffbe fr.pc=0x00000250aadfa1d8 relative=0x00000000000010f8
Event: 10.881 Thread 0x000002509ba3c900 Uncommon trap: reason=profile_predicate action=maybe_recompile pc=0x00000250aadfa1d8 method=java.util.concurrent.ConcurrentHashMap.putAll(Ljava/util/Map;)V @ 28 c2
Event: 10.882 Thread 0x000002509ba3c900 DEOPT PACKING pc=0x00000250aadfa1d8 sp=0x000000fe8fafdb20
Event: 10.882 Thread 0x000002509ba3c900 DEOPT UNPACKING pc=0x00000250a320d72e sp=0x000000fe8fafdaf0 mode 2

Classes unloaded (0 events):
No events

Classes redefined (0 events):
No events

Internal exceptions (20 events):
Event: 10.824 Thread 0x000002509ba3c900 Exception <a 'sun/nio/fs/WindowsException'{0x00000000c4579fe8}> (0x00000000c4579fe8) 
thrown [t:\workspace\open\src\hotspot\share\prims\jni.cpp, line 579]
Event: 10.825 Thread 0x000002509ba3c900 Exception <a 'sun/nio/fs/WindowsException'{0x00000000c457a878}> (0x00000000c457a878) 
thrown [t:\workspace\open\src\hotspot\share\prims\jni.cpp, line 579]
Event: 10.827 Thread 0x000002509ba3c900 Exception <a 'sun/nio/fs/WindowsException'{0x00000000c4580900}> (0x00000000c4580900) 
thrown [t:\workspace\open\src\hotspot\share\prims\jni.cpp, line 579]
Event: 10.827 Thread 0x000002509ba3c900 Exception <a 'sun/nio/fs/WindowsException'{0x00000000c4580fb8}> (0x00000000c4580fb8) 
thrown [t:\workspace\open\src\hotspot\share\prims\jni.cpp, line 579]
Event: 10.827 Thread 0x000002509ba3c900 Exception <a 'sun/nio/fs/WindowsException'{0x00000000c4581848}> (0x00000000c4581848) 
thrown [t:\workspace\open\src\hotspot\share\prims\jni.cpp, line 579]
Event: 10.830 Thread 0x000002509ba3c900 Exception <a 'sun/nio/fs/WindowsException'{0x00000000c4587dc0}> (0x00000000c4587dc0) 
thrown [t:\workspace\open\src\hotspot\share\prims\jni.cpp, line 579]
Event: 10.831 Thread 0x000002509ba3c900 Exception <a 'sun/nio/fs/WindowsException'{0x00000000c4588478}> (0x00000000c4588478) 
thrown [t:\workspace\open\src\hotspot\share\prims\jni.cpp, line 579]
Event: 10.831 Thread 0x000002509ba3c900 Exception <a 'sun/nio/fs/WindowsException'{0x00000000c4588d08}> (0x00000000c4588d08) 
thrown [t:\workspace\open\src\hotspot\share\prims\jni.cpp, line 579]
Event: 10.834 Thread 0x000002509ba3c900 Exception <a 'sun/nio/fs/WindowsException'{0x00000000c458f510}> (0x00000000c458f510) 
thrown [t:\workspace\open\src\hotspot\share\prims\jni.cpp, line 579]
Event: 10.834 Thread 0x000002509ba3c900 Exception <a 'sun/nio/fs/WindowsException'{0x00000000c458fbc8}> (0x00000000c458fbc8) 
thrown [t:\workspace\open\src\hotspot\share\prims\jni.cpp, line 579]
Event: 10.834 Thread 0x000002509ba3c900 Exception <a 'sun/nio/fs/WindowsException'{0x00000000c4590458}> (0x00000000c4590458) 
thrown [t:\workspace\open\src\hotspot\share\prims\jni.cpp, line 579]
Event: 10.837 Thread 0x000002509ba3c900 Exception <a 'sun/nio/fs/WindowsException'{0x00000000c4596020}> (0x00000000c4596020) 
thrown [t:\workspace\open\src\hotspot\share\prims\jni.cpp, line 579]
Event: 10.837 Thread 0x000002509ba3c900 Exception <a 'sun/nio/fs/WindowsException'{0x00000000c45966d8}> (0x00000000c45966d8) 
thrown [t:\workspace\open\src\hotspot\share\prims\jni.cpp, line 579]
Event: 10.837 Thread 0x000002509ba3c900 Exception <a 'sun/nio/fs/WindowsException'{0x00000000c4596f68}> (0x00000000c4596f68) 
thrown [t:\workspace\open\src\hotspot\share\prims\jni.cpp, line 579]
Event: 10.839 Thread 0x000002509ba3c900 Exception <a 'sun/nio/fs/WindowsException'{0x00000000c459da60}> (0x00000000c459da60) 
thrown [t:\workspace\open\src\hotspot\share\prims\jni.cpp, line 579]
Event: 10.840 Thread 0x000002509ba3c900 Exception <a 'sun/nio/fs/WindowsException'{0x00000000c459e118}> (0x00000000c459e118) 
thrown [t:\workspace\open\src\hotspot\share\prims\jni.cpp, line 579]
Event: 10.840 Thread 0x000002509ba3c900 Exception <a 'sun/nio/fs/WindowsException'{0x00000000c459e9a8}> (0x00000000c459e9a8) 
thrown [t:\workspace\open\src\hotspot\share\prims\jni.cpp, line 579]
Event: 10.848 Thread 0x000002509ba3c900 Exception <a 'sun/nio/fs/WindowsException'{0x00000000c45d4fd0}> (0x00000000c45d4fd0) 
thrown [t:\workspace\open\src\hotspot\share\prims\jni.cpp, line 579]
Event: 10.849 Thread 0x000002509ba3c900 Exception <a 'sun/nio/fs/WindowsException'{0x00000000c45d5680}> (0x00000000c45d5680) 
thrown [t:\workspace\open\src\hotspot\share\prims\jni.cpp, line 579]
Event: 10.849 Thread 0x000002509ba3c900 Exception <a 'sun/nio/fs/WindowsException'{0x00000000c45d5ed8}> (0x00000000c45d5ed8) 
thrown [t:\workspace\open\src\hotspot\share\prims\jni.cpp, line 579]

Events (20 events):
Event: 10.192 Executing  VM operation: ICBufferFull
Event: 10.192 Executing  VM operation: ICBufferFull done
Event: 10.274 loading class java/nio/file/Path$1
Event: 10.275 loading class java/nio/file/Path$1 done
Event: 10.374 Executing  VM operation: ICBufferFull
Event: 10.374 Executing  VM operation: ICBufferFull done
Event: 10.490 Executing  VM operation: G1CollectForAllocation
Event: 10.500 Executing  VM operation: G1CollectForAllocation done
Event: 10.666 Executing  VM operation: HandshakeAllThreads
Event: 10.666 Executing  VM operation: HandshakeAllThreads done
Event: 10.676 Executing  VM operation: ICBufferFull
Event: 10.676 Executing  VM operation: ICBufferFull done
Event: 10.852 loading class java/util/EnumMap$Values
Event: 10.852 loading class java/util/EnumMap$Values done
Event: 10.853 loading class java/util/EnumMap$ValueIterator
Event: 10.853 loading class java/util/EnumMap$ValueIterator done
Event: 10.853 loading class java/util/WeakHashMap$KeyIterator
Event: 10.853 loading class java/util/WeakHashMap$KeyIterator done
Event: 10.868 loading class java/io/FileOutputStream$1
Event: 10.868 loading class java/io/FileOutputStream$1 done


Dynamic libraries:
0x00007ff7d98a0000 - 0x00007ff7d98b0000 	C:\Program Files\Java\jdk-16.0.2\bin\java.exe
0x00007ffecdf70000 - 0x00007ffece165000 	C:\WINDOWS\SYSTEM32\ntdll.dll
0x00007ffecd600000 - 0x00007ffecd6be000 	C:\WINDOWS\System32\KERNEL32.DLL
0x00007ffecbb40000 - 0x00007ffecbe09000 	C:\WINDOWS\System32\KERNELBASE.dll
0x00007ffecb720000 - 0x00007ffecb820000 	C:\WINDOWS\System32\ucrtbase.dll
0x00007ffea4b80000 - 0x00007ffea4b99000 	C:\Program Files\Java\jdk-16.0.2\bin\VCRUNTIME140.dll
0x00007ffeb38d0000 - 0x00007ffeb38e8000 	C:\Program Files\Java\jdk-16.0.2\bin\jli.dll
0x00007ffecd6c0000 - 0x00007ffecd76c000 	C:\WINDOWS\System32\ADVAPI32.dll
0x00007ffecc080000 - 0x00007ffecc11e000 	C:\WINDOWS\System32\msvcrt.dll
0x00007ffecd7e0000 - 0x00007ffecd87b000 	C:\WINDOWS\System32\sechost.dll
0x00007ffecd220000 - 0x00007ffecd34a000 	C:\WINDOWS\System32\RPCRT4.dll
0x00007ffecd880000 - 0x00007ffecda21000 	C:\WINDOWS\System32\USER32.dll
0x00007ffeb1130000 - 0x00007ffeb13ca000 	C:\WINDOWS\WinSxS\amd64_microsoft.windows.common-controls_6595b64144ccf1df_6.0.19041.1110_none_60b5254171f9507e\COMCTL32.dll
0x00007ffecb920000 - 0x00007ffecb942000 	C:\WINDOWS\System32\win32u.dll
0x00007ffecbfc0000 - 0x00007ffecbfeb000 	C:\WINDOWS\System32\GDI32.dll
0x00007ffecb950000 - 0x00007ffecba5b000 	C:\WINDOWS\System32\gdi32full.dll
0x00007ffecb880000 - 0x00007ffecb91d000 	C:\WINDOWS\System32\msvcp_win.dll
0x00007ffec0700000 - 0x00007ffec070a000 	C:\WINDOWS\SYSTEM32\VERSION.dll
0x00007ffecd110000 - 0x00007ffecd140000 	C:\WINDOWS\System32\IMM32.DLL
0x00007ffeb8a40000 - 0x00007ffeb8a4c000 	C:\Program Files\Java\jdk-16.0.2\bin\vcruntime140_1.dll
0x00007ffea1e50000 - 0x00007ffea1ee1000 	C:\Program Files\Java\jdk-16.0.2\bin\msvcp140.dll
0x00007ffe89760000 - 0x00007ffe8a30b000 	C:\Program Files\Java\jdk-16.0.2\bin\server\jvm.dll
0x00007ffecc480000 - 0x00007ffecc488000 	C:\WINDOWS\System32\PSAPI.DLL
0x00007ffeb3b30000 - 0x00007ffeb3b57000 	C:\WINDOWS\SYSTEM32\WINMM.dll
0x00007ffeb8ad0000 - 0x00007ffeb8ad9000 	C:\WINDOWS\SYSTEM32\WSOCK32.dll
0x00007ffecd770000 - 0x00007ffecd7db000 	C:\WINDOWS\System32\WS2_32.dll
0x00007ffec9620000 - 0x00007ffec9632000 	C:\WINDOWS\SYSTEM32\kernel.appcore.dll
0x00007ffeb89f0000 - 0x00007ffeb89fa000 	C:\Program Files\Java\jdk-16.0.2\bin\jimage.dll
0x00007ffec62f0000 - 0x00007ffec64d4000 	C:\WINDOWS\SYSTEM32\DBGHELP.DLL
0x00007ffeb2fc0000 - 0x00007ffeb2fec000 	C:\WINDOWS\SYSTEM32\dbgcore.DLL
0x00007ffecb690000 - 0x00007ffecb713000 	C:\WINDOWS\System32\bcryptPrimitives.dll
0x00007ffea30b0000 - 0x00007ffea30d5000 	C:\Program Files\Java\jdk-16.0.2\bin\java.dll
0x00007ffecc5c0000 - 0x00007ffecccff000 	C:\WINDOWS\System32\SHELL32.dll
0x00007ffec9790000 - 0x00007ffec9f20000 	C:\WINDOWS\SYSTEM32\windows.storage.dll
0x00007ffecc120000 - 0x00007ffecc475000 	C:\WINDOWS\System32\combase.dll
0x00007ffecb010000 - 0x00007ffecb03c000 	C:\WINDOWS\SYSTEM32\Wldp.dll
0x00007ffecd3b0000 - 0x00007ffecd45d000 	C:\WINDOWS\System32\SHCORE.dll
0x00007ffecd0a0000 - 0x00007ffecd0f5000 	C:\WINDOWS\System32\shlwapi.dll
0x00007ffecb5d0000 - 0x00007ffecb5ef000 	C:\WINDOWS\SYSTEM32\profapi.dll
0x00007ffea3430000 - 0x00007ffea3449000 	C:\Program Files\Java\jdk-16.0.2\bin\net.dll
0x00007ffeb9e60000 - 0x00007ffeb9f68000 	C:\WINDOWS\SYSTEM32\WINHTTP.dll
0x00007ffecad70000 - 0x00007ffecadda000 	C:\WINDOWS\system32\mswsock.dll
0x00007ffea2ce0000 - 0x00007ffea2cf3000 	C:\Program Files\Java\jdk-16.0.2\bin\nio.dll
0x00007ffea2cc0000 - 0x00007ffea2cd8000 	C:\Program Files\Java\jdk-16.0.2\bin\zip.dll
0x00007ffeb8920000 - 0x00007ffeb8930000 	C:\Program Files\Java\jdk-16.0.2\bin\verify.dll
0x00007ffeb38c0000 - 0x00007ffeb38ca000 	C:\Program Files\NetBeans-12.5\netbeans\java\maven\lib\jansi-native\windows64\jansi.dll

dbghelp: loaded successfully - version: 4.0.5 - missing functions: none
symbol engine: initialized successfully - sym options: 0x614 - pdb path: .;C:\Program Files\Java\jdk-16.0.2\bin;C:\WINDOWS\SYSTEM32;C:\WINDOWS\WinSxS\amd64_microsoft.windows.common-controls_6595b64144ccf1df_6.0.19041.1110_none_60b5254171f9507e;C:\Program Files\Java\jdk-16.0.2\bin\server;C:\Program Files\NetBeans-12.5\netbeans\java\maven\lib\jansi-native\windows64

VM Arguments:
jvm_args: -Dclassworlds.conf=C:\Program Files\NetBeans-12.5\netbeans\java\maven\bin\..\bin\m2.conf -Dmaven.home=C:\Program Files\NetBeans-12.5\netbeans\java\maven\bin\.. -Dlibrary.jansi.path=C:\Program Files\NetBeans-12.5\netbeans\java\maven\bin\..\lib\jansi-native -Dmaven.multiModuleProjectDirectory=C:\Users\dell\Documents\NetBeansProjects\projetoGit\projetoN2 
java_command: org.codehaus.plexus.classworlds.launcher.Launcher -Dmaven.ext.class.path=C:\Program Files\NetBeans-12.5\netbeans\java\maven-nblib\netbeans-eventspy.jar -Dfile.encoding=UTF-8 clean install
java_class_path (initial): C:\Program Files\NetBeans-12.5\netbeans\java\maven\bin\..\boot\plexus-classworlds-2.6.0.jar
Launcher Type: SUN_STANDARD

[Global flags]
     intx CICompilerCount                          = 3                                         {product} {ergonomic}
     uint ConcGCThreads                            = 1                                         {product} {ergonomic}
     uint G1ConcRefinementThreads                  = 4                                         {product} {ergonomic}
   size_t G1HeapRegionSize                         = 1048576                                   {product} {ergonomic}
    uintx GCDrainStackTargetSize                   = 64                                        {product} {ergonomic}
   size_t InitialHeapSize                          = 67108864                                  {product} {ergonomic}
   size_t MarkStackSize                            = 4194304                                   {product} {ergonomic}
   size_t MaxHeapSize                              = 1048576000                                {product} {ergonomic}
   size_t MaxNewSize                               = 629145600                                 {product} {ergonomic}
   size_t MinHeapDeltaBytes                        = 1048576                                   {product} {ergonomic}
   size_t MinHeapSize                              = 8388608                                   {product} {ergonomic}
    uintx NonNMethodCodeHeapSize                   = 5832780                                {pd product} {ergonomic}
    uintx NonProfiledCodeHeapSize                  = 122912730                              {pd product} {ergonomic}
    uintx ProfiledCodeHeapSize                     = 122912730                              {pd product} {ergonomic}
    uintx ReservedCodeCacheSize                    = 251658240                              {pd product} {ergonomic}
     bool SegmentedCodeCache                       = true                                      {product} {ergonomic}
   size_t SoftMaxHeapSize                          = 1048576000                             {manageable} {ergonomic}
     bool UseCompressedClassPointers               = true                           {product lp64_product} {ergonomic}
     bool UseCompressedOops                        = true                           {product lp64_product} {ergonomic}
     bool UseG1GC                                  = true                                      {product} {ergonomic}
     bool UseLargePagesIndividualAllocation        = false                                  {pd product} {ergonomic}

Logging:
Log output configuration:
 #0: stdout all=warning uptime,level,tags
 #1: stderr all=off uptime,level,tags

Environment Variables:
JAVA_HOME=C:\Program Files\Java\jdk-16.0.2
PATH=C:\Program Files\Common Files\Oracle\Java\javapath;C:\Program Files (x86)\Common Files\Oracle\Java\javapath;C:\Program Files\AdoptOpenJDK\jdk-14.0.2.12-hotspot\bin;C:\WINDOWS\system32;C:\WINDOWS;C:\WINDOWS\System32\Wbem;C:\WINDOWS\System32\WindowsPowerShell\v1.0\;C:\WINDOWS\System32\OpenSSH\;C:\Program Files\nodejs\;C:\Program Files (x86)\Intel\Intel(R) Management Engine Components\DAL;C:\Program Files\Intel\Intel(R) Management Engine Components\DAL;C:\MinGW\bin;C:\Program Files\Java\jdk-15.0.2\bin;C:\Program Files\Git\cmd;C:\Program Files\Apache\maven\apache-maven-3.8.3\bin;C:\Program Files\MySQL\MySQL Shell 8.0\bin\;C:\Users\dell\AppData\Local\Microsoft\WindowsApps;C:\Users\dell\AppData\Roaming\npm;C:\MinGW\bin;;C:\Program Files\JetBrains\IntelliJ IDEA Community Edition 2021.2\bin;;C:\Users\dell\AppData\Local\Programs\mongosh\
USERNAME=dell
OS=Windows_NT
PROCESSOR_IDENTIFIER=Intel64 Family 6 Model 142 Stepping 9, GenuineIntel



---------------  S Y S T E M  ---------------

OS:
 Windows 10 , 64 bit Build 19041 (10.0.19041.1202)
OS uptime: 0 days 3:04 hours

CPU: total 4 (initial active 4) (2 cores per cpu, 2 threads per core) family 6 model 142 stepping 9 microcode 0xea, cx8, cmov, fxsr, ht, mmx, 3dnowpref, sse, sse2, sse3, ssse3, sse4.1, sse4.2, popcnt, lzcnt, tsc, tscinvbit, avx, avx2, aes, erms, clmul, bmi1, bmi2, adx, fma, vzeroupper, clflush, clflushopt

Memory: 4k page, system-wide physical 3996M (281M free)
TotalPageFile size 5391M (AvailPageFile size 5M)
current process WorkingSet (physical memory assigned to process): 190M, peak: 190M
current process commit charge ("private bytes"): 217M, peak: 219M

vm_info: Java HotSpot(TM) 64-Bit Server VM (16.0.2+7-67) for windows-amd64 JRE (16.0.2+7-67), built on Jun  8 2021 23:24:19 by "mach5one" with MS VC++ 16.7 (VS2019)

END.
