#
# There is insufficient memory for the Java Runtime Environment to continue.
# Native memory allocation (mmap) failed to map 65536 bytes for Failed to commit metaspace.
# Possible reasons:
#   The system is out of physical RAM or swap space
#   The process is running with CompressedOops enabled, and the Java Heap may be blocking the growth of the native heap
# Possible solutions:
#   Reduce memory load on the system
#   Increase physical memory or swap space
#   Check if swap backing store is full
#   Decrease Java heap size (-Xmx/-Xms)
#   Decrease number of Java threads
#   Decrease Java thread stack sizes (-Xss)
#   Set larger code cache with -XX:ReservedCodeCacheSize=
#   JVM is running with Unscaled Compressed Oops mode in which the Java heap is
#     placed in the first 4GB address space. The Java Heap base address is the
#     maximum limit for the native heap growth. Please use -XX:HeapBaseMinAddress
#     to set the Java Heap base and to place the Java Heap above 4GB virtual address.
# This output file may be truncated or incomplete.
#
#  Out of Memory Error (virtualSpaceNode.cpp:108), pid=252, tid=7576
#
# JRE version: Java(TM) SE Runtime Environment (16.0.2+7) (build 16.0.2+7-67)
# Java VM: Java HotSpot(TM) 64-Bit Server VM (16.0.2+7-67, mixed mode, sharing, tiered, compressed oops, compressed class ptrs, g1 gc, windows-amd64)
# No core dump will be written. Minidumps are not enabled by default on client versions of Windows
#

---------------  S U M M A R Y ------------

Command Line: view.services.TableSuppliers

Host: Intel(R) Core(TM) i3-7020U CPU @ 2.30GHz, 4 cores, 3G,  Windows 10 , 64 bit Build 19041 (10.0.19041.1202)
Time: Sun Oct 17 21:01:39 2021 Hora oficial do Brasil elapsed time: 1.789085 seconds (0d 0h 0m 1s)

---------------  T H R E A D  ---------------

Current thread (0x0000014500bfc9e0):  JavaThread "AWT-EventQueue-0" [_thread_in_vm, id=7576, stack(0x00000008f2f00000,0x00000008f3000000)]

Stack: [0x00000008f2f00000,0x00000008f3000000]
Native frames: (J=compiled Java code, j=interpreted, Vv=VM code, C=native code)
V  [jvm.dll+0x6681ca]
V  [jvm.dll+0x7c9e69]
V  [jvm.dll+0x7cb61e]
V  [jvm.dll+0x7cbc73]
V  [jvm.dll+0x242c55]
V  [jvm.dll+0x7c64eb]
V  [jvm.dll+0x60ddd6]
V  [jvm.dll+0x60de3a]
V  [jvm.dll+0x61046a]
V  [jvm.dll+0x60e6d1]
V  [jvm.dll+0x2406bc]
V  [jvm.dll+0x6bf02d]
V  [jvm.dll+0x6bfa4f]
V  [jvm.dll+0x367023]
V  [jvm.dll+0x366252]
V  [jvm.dll+0x3661f8]
V  [jvm.dll+0x553f5b]
V  [jvm.dll+0x554008]
V  [jvm.dll+0x37953e]
V  [jvm.dll+0x378fd2]
C  0x000001456b399568

Java frames: (J=compiled Java code, j=interpreted, Vv=VM code)
j  sun.security.ssl.PskKeyExchangeModesExtension$PskKeyExchangeModesProducer.produce(Lsun/security/ssl/ConnectionContext;Lsun/security/ssl/SSLHandshake$HandshakeMessage;)[B+63 java.base@16.0.2
j  sun.security.ssl.SSLExtension.produce(Lsun/security/ssl/ConnectionContext;Lsun/security/ssl/SSLHandshake$HandshakeMessage;)[B+13 java.base@16.0.2
j  sun.security.ssl.SSLExtensions.produce(Lsun/security/ssl/HandshakeContext;[Lsun/security/ssl/SSLExtension;)V+145 java.base@16.0.2
j  sun.security.ssl.ClientHello$ClientHelloKickstartProducer.produce(Lsun/security/ssl/ConnectionContext;)[B+983 java.base@16.0.2
j  sun.security.ssl.SSLHandshake.kickstart(Lsun/security/ssl/HandshakeContext;)V+47 java.base@16.0.2
j  sun.security.ssl.ClientHandshakeContext.kickstart()V+9 java.base@16.0.2
j  sun.security.ssl.TransportContext.kickstart()V+186 java.base@16.0.2
j  sun.security.ssl.SSLSocketImpl.startHandshake(Z)V+108 java.base@16.0.2
j  sun.security.ssl.SSLSocketImpl.startHandshake()V+2 java.base@16.0.2
j  com.mysql.cj.protocol.ExportControlled.performTlsHandshake(Ljava/net/Socket;Lcom/mysql/cj/protocol/SocketConnection;Lcom/mysql/cj/ServerVersion;Lcom/mysql/cj/log/Log;)Ljava/net/Socket;+235
j  com.mysql.cj.protocol.StandardSocketFactory.performTlsHandshake(Lcom/mysql/cj/protocol/SocketConnection;Lcom/mysql/cj/protocol/ServerSession;Lcom/mysql/cj/log/Log;)Ljava/io/Closeable;+21
j  com.mysql.cj.protocol.a.NativeSocketConnection.performTlsHandshake(Lcom/mysql/cj/protocol/ServerSession;Lcom/mysql/cj/log/Log;)V+8
j  com.mysql.cj.protocol.a.NativeProtocol.negotiateSSLConnection()V+116
j  com.mysql.cj.protocol.a.NativeAuthenticationProvider.connect(Ljava/lang/String;Ljava/lang/String;Ljava/lang/String;)V+756
j  com.mysql.cj.protocol.a.NativeProtocol.connect(Ljava/lang/String;Ljava/lang/String;Ljava/lang/String;)V+11
j  com.mysql.cj.NativeSession.connect(Lcom/mysql/cj/conf/HostInfo;Ljava/lang/String;Ljava/lang/String;Ljava/lang/String;ILcom/mysql/cj/TransactionEventHandler;)V+110
j  com.mysql.cj.jdbc.ConnectionImpl.connectOneTryOnly(Z)V+32
j  com.mysql.cj.jdbc.ConnectionImpl.createNewIO(Z)V+27
j  com.mysql.cj.jdbc.ConnectionImpl.<init>(Lcom/mysql/cj/conf/HostInfo;)V+753
j  com.mysql.cj.jdbc.ConnectionImpl.getInstance(Lcom/mysql/cj/conf/HostInfo;)Lcom/mysql/cj/jdbc/JdbcConnection;+5
j  com.mysql.cj.jdbc.NonRegisteringDriver.connect(Ljava/lang/String;Ljava/util/Properties;)Ljava/sql/Connection;+72
j  java.sql.DriverManager.getConnection(Ljava/lang/String;Ljava/util/Properties;Ljava/lang/Class;)Ljava/sql/Connection;+131 java.sql@16.0.2
j  java.sql.DriverManager.getConnection(Ljava/lang/String;Ljava/lang/String;Ljava/lang/String;)Ljava/sql/Connection;+37 java.sql@16.0.2
j  connection.ConnectionFactory.getConnction()Ljava/sql/Connection;+12
j  model.bean.supplier.ReadBD.read()Ljava/util/List;+0
j  model.dao.SupplierDao.read()Ljava/util/List;+8
j  view.services.TableSuppliers.readJtable()V+25
j  view.services.TableSuppliers.<init>(Ljava/awt/Frame;Z)V+11
j  view.services.TableSuppliers$4.run()V+12
j  java.awt.event.InvocationEvent.dispatch()V+47 java.desktop@16.0.2
j  java.awt.EventQueue.dispatchEventImpl(Ljava/awt/AWTEvent;Ljava/lang/Object;)V+21 java.desktop@16.0.2
j  java.awt.EventQueue$4.run()Ljava/lang/Void;+32 java.desktop@16.0.2
j  java.awt.EventQueue$4.run()Ljava/lang/Object;+1 java.desktop@16.0.2
j  java.security.AccessController.executePrivileged(Ljava/security/PrivilegedAction;Ljava/security/AccessControlContext;Ljava/lang/Class;)Ljava/lang/Object;+29 java.base@16.0.2
j  java.security.AccessController.doPrivileged(Ljava/security/PrivilegedAction;Ljava/security/AccessControlContext;)Ljava/lang/Object;+13 java.base@16.0.2
j  java.security.ProtectionDomain$JavaSecurityAccessImpl.doIntersectionPrivilege(Ljava/security/PrivilegedAction;Ljava/security/AccessControlContext;Ljava/security/AccessControlContext;)Ljava/lang/Object;+18 java.base@16.0.2
j  java.awt.EventQueue.dispatchEvent(Ljava/awt/AWTEvent;)V+46 java.desktop@16.0.2
j  java.awt.EventDispatchThread.pumpOneEventForFilters(I)V+78 java.desktop@16.0.2
j  java.awt.EventDispatchThread.pumpEventsForFilter(ILjava/awt/Conditional;Ljava/awt/EventFilter;)V+35 java.desktop@16.0.2
j  java.awt.EventDispatchThread.pumpEventsForHierarchy(ILjava/awt/Conditional;Ljava/awt/Component;)V+11 java.desktop@16.0.2
j  java.awt.EventDispatchThread.pumpEvents(ILjava/awt/Conditional;)V+4 java.desktop@16.0.2
j  java.awt.EventDispatchThread.pumpEvents(Ljava/awt/Conditional;)V+3 java.desktop@16.0.2
j  java.awt.EventDispatchThread.run()V+9 java.desktop@16.0.2
v  ~StubRoutines::call_stub

---------------  P R O C E S S  ---------------

Threads class SMR info:
_java_thread_list=0x0000014500d0f020, length=18, elements={
0x000001457f413440, 0x000001457f414aa0, 0x000001457f42a140, 0x000001457f42bd50,
0x000001457f42f000, 0x000001457f4301a0, 0x000001457f435370, 0x000001457f436cb0,
0x000001457f43b900, 0x0000014500978730, 0x0000014500982780, 0x0000014500ba5020,
0x0000014500ba5540, 0x0000014500ba5a60, 0x0000014500bfc9e0, 0x00000145623ea740,
0x00000145017f0a90, 0x000001450186bed0
}

Java Threads: ( => current thread )
  0x000001457f413440 JavaThread "Reference Handler" daemon [_thread_blocked, id=6936, stack(0x00000008f2000000,0x00000008f2100000)]
  0x000001457f414aa0 JavaThread "Finalizer" daemon [_thread_blocked, id=8620, stack(0x00000008f2100000,0x00000008f2200000)]
  0x000001457f42a140 JavaThread "Signal Dispatcher" daemon [_thread_blocked, id=7452, stack(0x00000008f2200000,0x00000008f2300000)]
  0x000001457f42bd50 JavaThread "Attach Listener" daemon [_thread_blocked, id=4796, stack(0x00000008f2300000,0x00000008f2400000)]
  0x000001457f42f000 JavaThread "Service Thread" daemon [_thread_blocked, id=8220, stack(0x00000008f2400000,0x00000008f2500000)]
  0x000001457f4301a0 JavaThread "Monitor Deflation Thread" daemon [_thread_blocked, id=2704, stack(0x00000008f2500000,0x00000008f2600000)]
  0x000001457f435370 JavaThread "C2 CompilerThread0" daemon [_thread_blocked, id=3068, stack(0x00000008f2600000,0x00000008f2700000)]
  0x000001457f436cb0 JavaThread "C1 CompilerThread0" daemon [_thread_in_vm, id=9380, stack(0x00000008f2700000,0x00000008f2800000)]
  0x000001457f43b900 JavaThread "Sweeper thread" daemon [_thread_blocked, id=9288, stack(0x00000008f2800000,0x00000008f2900000)]
  0x0000014500978730 JavaThread "Notification Thread" daemon [_thread_blocked, id=5872, stack(0x00000008f2900000,0x00000008f2a00000)]
  0x0000014500982780 JavaThread "Common-Cleaner" daemon [_thread_blocked, id=9248, stack(0x00000008f2b00000,0x00000008f2c00000)]
  0x0000014500ba5020 JavaThread "Java2D Disposer" daemon [_thread_blocked, id=9348, stack(0x00000008f2c00000,0x00000008f2d00000)]
  0x0000014500ba5540 JavaThread "AWT-Shutdown" [_thread_blocked, id=6380, stack(0x00000008f2d00000,0x00000008f2e00000)]
  0x0000014500ba5a60 JavaThread "AWT-Windows" daemon [_thread_in_native, id=7284, stack(0x00000008f2e00000,0x00000008f2f00000)]
=>0x0000014500bfc9e0 JavaThread "AWT-EventQueue-0" [_thread_in_vm, id=7576, stack(0x00000008f2f00000,0x00000008f3000000)]
  0x00000145623ea740 JavaThread "DestroyJavaVM" [_thread_blocked, id=7200, stack(0x00000008f1900000,0x00000008f1a00000)]
  0x00000145017f0a90 JavaThread "mysql-cj-abandoned-connection-cleanup" daemon [_thread_blocked, id=9856, stack(0x00000008f3300000,0x00000008f3400000)]
  0x000001450186bed0 JavaThread "C2 CompilerThread1" daemon [_thread_in_native, id=6300, stack(0x00000008f3400000,0x00000008f3500000)]

Other Threads:
  0x000001457f40f050 VMThread "VM Thread" [stack: 0x00000008f1f00000,0x00000008f2000000] [id=6032]
  0x0000014500982490 WatcherThread [stack: 0x00000008f2a00000,0x00000008f2b00000] [id=9592]
  0x000001456241a810 GCTaskThread "GC Thread#0" [stack: 0x00000008f1a00000,0x00000008f1b00000] [id=10080]
  0x00000145018b5a00 GCTaskThread "GC Thread#1" [stack: 0x00000008f3500000,0x00000008f3600000] [id=4100]
  0x00000145017a7ac0 GCTaskThread "GC Thread#2" [stack: 0x00000008f3600000,0x00000008f3700000] [id=9468]
  0x00000145019114a0 GCTaskThread "GC Thread#3" [stack: 0x00000008f3700000,0x00000008f3800000] [id=8340]
  0x0000014562423650 ConcurrentGCThread "G1 Main Marker" [stack: 0x00000008f1b00000,0x00000008f1c00000] [id=6572]
  0x00000145624248e0 ConcurrentGCThread "G1 Conc#0" [stack: 0x00000008f1c00000,0x00000008f1d00000] [id=10120]
  0x0000014562473070 ConcurrentGCThread "G1 Refine#0" [stack: 0x00000008f1d00000,0x00000008f1e00000] [id=3808]
  0x00000145018e4bf0 ConcurrentGCThread "G1 Refine#1" [stack: 0x00000008f3800000,0x00000008f3900000] [id=6484]
  0x0000014562474b00 ConcurrentGCThread "G1 Service" [stack: 0x00000008f1e00000,0x00000008f1f00000] [id=4268]

Threads with active compile tasks:
C1 CompilerThread0     1895 1451       3       java.util.ArrayList$SubList::toArray (79 bytes)
C2 CompilerThread1     1895 1453       4       java.util.regex.Pattern$Branch::match (66 bytes)

VM state: not at safepoint (normal execution)

VM Mutex/Monitor currently owned by a thread:  ([mutex/lock_event])
[0x00000145623db200] MetaspaceExpand_lock - owner thread: 0x0000014500bfc9e0
[0x00000145623e6830] MethodData_lock - owner thread: 0x000001457f436cb0

Heap address: 0x00000000c1800000, size: 1000 MB, Compressed Oops mode: 32-bit

CDS archive(s) mapped at: [0x0000000800000000-0x0000000800bb0000-0x0000000800bb0000), size 12255232, SharedBaseAddress: 0x0000000800000000, ArchiveRelocationMode: 0.
Compressed class space mapped at: 0x0000000800c00000-0x0000000840c00000, reserved size: 1073741824
Narrow klass base: 0x0000000800000000, Narrow klass shift: 3, Narrow klass range: 0x100000000

GC Precious Log:
 CPUs: 4 total, 4 available
 Memory: 3996M
 Large Page Support: Disabled
 NUMA Support: Disabled
 Compressed Oops: Enabled (32-bit)
 Heap Region Size: 1M
 Heap Min Capacity: 8M
 Heap Initial Capacity: 64M
 Heap Max Capacity: 1000M
 Pre-touch: Disabled
 Parallel Workers: 4
 Concurrent Workers: 1
 Concurrent Refinement Workers: 4
 Periodic GC: Disabled

Heap:
 garbage-first heap   total 65536K, used 9917K [0x00000000c1800000, 0x0000000100000000)
  region size 1024K, 9 young (9216K), 2 survivors (2048K)
 Metaspace       used 16306K, committed 16448K, reserved 1064960K
  class space    used 1903K, committed 1984K, reserved 1048576K

Heap Regions: E=young(eden), S=young(survivor), O=old, HS=humongous(starts), HC=humongous(continues), CS=collection set, F=free, OA=open archive, CA=closed archive, TAMS=top-at-mark-start (previous, next)
|   0|0x00000000c1800000, 0x00000000c1900000, 0x00000000c1900000|100%| O|  |TAMS 0x00000000c1800000, 0x00000000c1800000| Untracked 
|   1|0x00000000c1900000, 0x00000000c19af400, 0x00000000c1a00000| 68%| O|  |TAMS 0x00000000c1900000, 0x00000000c1900000| Untracked 
|   2|0x00000000c1a00000, 0x00000000c1a00000, 0x00000000c1b00000|  0%| F|  |TAMS 0x00000000c1a00000, 0x00000000c1a00000| Untracked 
|   3|0x00000000c1b00000, 0x00000000c1b00000, 0x00000000c1c00000|  0%| F|  |TAMS 0x00000000c1b00000, 0x00000000c1b00000| Untracked 
|   4|0x00000000c1c00000, 0x00000000c1c00000, 0x00000000c1d00000|  0%| F|  |TAMS 0x00000000c1c00000, 0x00000000c1c00000| Untracked 
|   5|0x00000000c1d00000, 0x00000000c1d00000, 0x00000000c1e00000|  0%| F|  |TAMS 0x00000000c1d00000, 0x00000000c1d00000| Untracked 
|   6|0x00000000c1e00000, 0x00000000c1e00000, 0x00000000c1f00000|  0%| F|  |TAMS 0x00000000c1e00000, 0x00000000c1e00000| Untracked 
|   7|0x00000000c1f00000, 0x00000000c1f00000, 0x00000000c2000000|  0%| F|  |TAMS 0x00000000c1f00000, 0x00000000c1f00000| Untracked 
|   8|0x00000000c2000000, 0x00000000c2000000, 0x00000000c2100000|  0%| F|  |TAMS 0x00000000c2000000, 0x00000000c2000000| Untracked 
|   9|0x00000000c2100000, 0x00000000c2100000, 0x00000000c2200000|  0%| F|  |TAMS 0x00000000c2100000, 0x00000000c2100000| Untracked 
|  10|0x00000000c2200000, 0x00000000c2200000, 0x00000000c2300000|  0%| F|  |TAMS 0x00000000c2200000, 0x00000000c2200000| Untracked 
|  11|0x00000000c2300000, 0x00000000c2300000, 0x00000000c2400000|  0%| F|  |TAMS 0x00000000c2300000, 0x00000000c2300000| Untracked 
|  12|0x00000000c2400000, 0x00000000c2400000, 0x00000000c2500000|  0%| F|  |TAMS 0x00000000c2400000, 0x00000000c2400000| Untracked 
|  13|0x00000000c2500000, 0x00000000c2500000, 0x00000000c2600000|  0%| F|  |TAMS 0x00000000c2500000, 0x00000000c2500000| Untracked 
|  14|0x00000000c2600000, 0x00000000c2600000, 0x00000000c2700000|  0%| F|  |TAMS 0x00000000c2600000, 0x00000000c2600000| Untracked 
|  15|0x00000000c2700000, 0x00000000c2700000, 0x00000000c2800000|  0%| F|  |TAMS 0x00000000c2700000, 0x00000000c2700000| Untracked 
|  16|0x00000000c2800000, 0x00000000c2800000, 0x00000000c2900000|  0%| F|  |TAMS 0x00000000c2800000, 0x00000000c2800000| Untracked 
|  17|0x00000000c2900000, 0x00000000c2900000, 0x00000000c2a00000|  0%| F|  |TAMS 0x00000000c2900000, 0x00000000c2900000| Untracked 
|  18|0x00000000c2a00000, 0x00000000c2a00000, 0x00000000c2b00000|  0%| F|  |TAMS 0x00000000c2a00000, 0x00000000c2a00000| Untracked 
|  19|0x00000000c2b00000, 0x00000000c2b00000, 0x00000000c2c00000|  0%| F|  |TAMS 0x00000000c2b00000, 0x00000000c2b00000| Untracked 
|  20|0x00000000c2c00000, 0x00000000c2c00000, 0x00000000c2d00000|  0%| F|  |TAMS 0x00000000c2c00000, 0x00000000c2c00000| Untracked 
|  21|0x00000000c2d00000, 0x00000000c2d00000, 0x00000000c2e00000|  0%| F|  |TAMS 0x00000000c2d00000, 0x00000000c2d00000| Untracked 
|  22|0x00000000c2e00000, 0x00000000c2e00000, 0x00000000c2f00000|  0%| F|  |TAMS 0x00000000c2e00000, 0x00000000c2e00000| Untracked 
|  23|0x00000000c2f00000, 0x00000000c2f00000, 0x00000000c3000000|  0%| F|  |TAMS 0x00000000c2f00000, 0x00000000c2f00000| Untracked 
|  24|0x00000000c3000000, 0x00000000c3000000, 0x00000000c3100000|  0%| F|  |TAMS 0x00000000c3000000, 0x00000000c3000000| Untracked 
|  25|0x00000000c3100000, 0x00000000c3100000, 0x00000000c3200000|  0%| F|  |TAMS 0x00000000c3100000, 0x00000000c3100000| Untracked 
|  26|0x00000000c3200000, 0x00000000c3200000, 0x00000000c3300000|  0%| F|  |TAMS 0x00000000c3200000, 0x00000000c3200000| Untracked 
|  27|0x00000000c3300000, 0x00000000c3300000, 0x00000000c3400000|  0%| F|  |TAMS 0x00000000c3300000, 0x00000000c3300000| Untracked 
|  28|0x00000000c3400000, 0x00000000c3400000, 0x00000000c3500000|  0%| F|  |TAMS 0x00000000c3400000, 0x00000000c3400000| Untracked 
|  29|0x00000000c3500000, 0x00000000c3500000, 0x00000000c3600000|  0%| F|  |TAMS 0x00000000c3500000, 0x00000000c3500000| Untracked 
|  30|0x00000000c3600000, 0x00000000c3600000, 0x00000000c3700000|  0%| F|  |TAMS 0x00000000c3600000, 0x00000000c3600000| Untracked 
|  31|0x00000000c3700000, 0x00000000c3700000, 0x00000000c3800000|  0%| F|  |TAMS 0x00000000c3700000, 0x00000000c3700000| Untracked 
|  32|0x00000000c3800000, 0x00000000c3800000, 0x00000000c3900000|  0%| F|  |TAMS 0x00000000c3800000, 0x00000000c3800000| Untracked 
|  33|0x00000000c3900000, 0x00000000c3900000, 0x00000000c3a00000|  0%| F|  |TAMS 0x00000000c3900000, 0x00000000c3900000| Untracked 
|  34|0x00000000c3a00000, 0x00000000c3a00000, 0x00000000c3b00000|  0%| F|  |TAMS 0x00000000c3a00000, 0x00000000c3a00000| Untracked 
|  35|0x00000000c3b00000, 0x00000000c3b00000, 0x00000000c3c00000|  0%| F|  |TAMS 0x00000000c3b00000, 0x00000000c3b00000| Untracked 
|  36|0x00000000c3c00000, 0x00000000c3c00000, 0x00000000c3d00000|  0%| F|  |TAMS 0x00000000c3c00000, 0x00000000c3c00000| Untracked 
|  37|0x00000000c3d00000, 0x00000000c3d00000, 0x00000000c3e00000|  0%| F|  |TAMS 0x00000000c3d00000, 0x00000000c3d00000| Untracked 
|  38|0x00000000c3e00000, 0x00000000c3e00000, 0x00000000c3f00000|  0%| F|  |TAMS 0x00000000c3e00000, 0x00000000c3e00000| Untracked 
|  39|0x00000000c3f00000, 0x00000000c3f00000, 0x00000000c4000000|  0%| F|  |TAMS 0x00000000c3f00000, 0x00000000c3f00000| Untracked 
|  40|0x00000000c4000000, 0x00000000c4000000, 0x00000000c4100000|  0%| F|  |TAMS 0x00000000c4000000, 0x00000000c4000000| Untracked 
|  41|0x00000000c4100000, 0x00000000c4100000, 0x00000000c4200000|  0%| F|  |TAMS 0x00000000c4100000, 0x00000000c4100000| Untracked 
|  42|0x00000000c4200000, 0x00000000c4200000, 0x00000000c4300000|  0%| F|  |TAMS 0x00000000c4200000, 0x00000000c4200000| Untracked 
|  43|0x00000000c4300000, 0x00000000c4300000, 0x00000000c4400000|  0%| F|  |TAMS 0x00000000c4300000, 0x00000000c4300000| Untracked 
|  44|0x00000000c4400000, 0x00000000c4400000, 0x00000000c4500000|  0%| F|  |TAMS 0x00000000c4400000, 0x00000000c4400000| Untracked 
|  45|0x00000000c4500000, 0x00000000c4500000, 0x00000000c4600000|  0%| F|  |TAMS 0x00000000c4500000, 0x00000000c4500000| Untracked 
|  46|0x00000000c4600000, 0x00000000c4600000, 0x00000000c4700000|  0%| F|  |TAMS 0x00000000c4600000, 0x00000000c4600000| Untracked 
|  47|0x00000000c4700000, 0x00000000c4700000, 0x00000000c4800000|  0%| F|  |TAMS 0x00000000c4700000, 0x00000000c4700000| Untracked 
|  48|0x00000000c4800000, 0x00000000c4800000, 0x00000000c4900000|  0%| F|  |TAMS 0x00000000c4800000, 0x00000000c4800000| Untracked 
|  49|0x00000000c4900000, 0x00000000c4a00000, 0x00000000c4a00000|100%| S|CS|TAMS 0x00000000c4900000, 0x00000000c4900000| Complete 
|  50|0x00000000c4a00000, 0x00000000c4b00000, 0x00000000c4b00000|100%| S|CS|TAMS 0x00000000c4a00000, 0x00000000c4a00000| Complete 
|  51|0x00000000c4b00000, 0x00000000c4b00000, 0x00000000c4c00000|  0%| F|  |TAMS 0x00000000c4b00000, 0x00000000c4b00000| Untracked 
|  52|0x00000000c4c00000, 0x00000000c4c00000, 0x00000000c4d00000|  0%| F|  |TAMS 0x00000000c4c00000, 0x00000000c4c00000| Untracked 
|  53|0x00000000c4d00000, 0x00000000c4d00000, 0x00000000c4e00000|  0%| F|  |TAMS 0x00000000c4d00000, 0x00000000c4d00000| Untracked 
|  54|0x00000000c4e00000, 0x00000000c4e00000, 0x00000000c4f00000|  0%| F|  |TAMS 0x00000000c4e00000, 0x00000000c4e00000| Untracked 
|  55|0x00000000c4f00000, 0x00000000c4f00000, 0x00000000c5000000|  0%| F|  |TAMS 0x00000000c4f00000, 0x00000000c4f00000| Untracked 
|  56|0x00000000c5000000, 0x00000000c5000000, 0x00000000c5100000|  0%| F|  |TAMS 0x00000000c5000000, 0x00000000c5000000| Untracked 
|  57|0x00000000c5100000, 0x00000000c5200000, 0x00000000c5200000|100%| E|  |TAMS 0x00000000c5100000, 0x00000000c5100000| Complete 
|  58|0x00000000c5200000, 0x00000000c5300000, 0x00000000c5300000|100%| E|CS|TAMS 0x00000000c5200000, 0x00000000c5200000| Complete 
|  59|0x00000000c5300000, 0x00000000c5400000, 0x00000000c5400000|100%| E|CS|TAMS 0x00000000c5300000, 0x00000000c5300000| Complete 
|  60|0x00000000c5400000, 0x00000000c5500000, 0x00000000c5500000|100%| E|CS|TAMS 0x00000000c5400000, 0x00000000c5400000| Complete 
|  61|0x00000000c5500000, 0x00000000c5600000, 0x00000000c5600000|100%| E|CS|TAMS 0x00000000c5500000, 0x00000000c5500000| Complete 
|  62|0x00000000c5600000, 0x00000000c5700000, 0x00000000c5700000|100%| E|CS|TAMS 0x00000000c5600000, 0x00000000c5600000| Complete 
|  63|0x00000000c5700000, 0x00000000c5800000, 0x00000000c5800000|100%| E|CS|TAMS 0x00000000c5700000, 0x00000000c5700000| Complete 

Card table byte_map: [0x000001457aba0000,0x000001457ada0000] _byte_map_base: 0x000001457a594000

Marking Bits (Prev, Next): (CMBitMap*) 0x000001456241af00, (CMBitMap*) 0x000001456241af40
 Prev Bits: [0x000001457afa0000, 0x000001457bf40000)
 Next Bits: [0x000001457bf40000, 0x000001457cee0000)

Polling page: 0x0000014562260000

Metaspace:

Usage:
  Non-class:     14.07 MB used.
      Class:      1.86 MB used.
       Both:     15.92 MB used.

Virtual space:
  Non-class space:       16.00 MB reserved,      14.12 MB ( 88%) committed,  2 nodes.
      Class space:        1.00 GB reserved,       1.94 MB ( <1%) committed,  1 nodes.
              Both:        1.02 GB reserved,      16.06 MB (  2%) committed. 

Chunk freelists:
   Non-Class:  1.00 MB
       Class:  2.06 MB
        Both:  3.06 MB

MaxMetaspaceSize: 17179869184.00 GB
CompressedClassSpaceSize: 1.00 GB
 - commit_granule_bytes: 65536.
 - commit_granule_words: 8192.
 - virtual_space_node_default_size: 1048576.
 - enlarge_chunks_in_place: 1.
 - new_chunks_are_fully_committed: 0.
 - uncommit_free_chunks: 1.
 - use_allocation_guard: 0.
 - handle_deallocations: 1.


Internal statistics:

num_allocs_failed_limit: 0.
num_arena_births: 148.
num_arena_deaths: 0.
num_vsnodes_births: 3.
num_vsnodes_deaths: 0.
num_space_committed: 257.
num_space_uncommitted: 0.
num_chunks_returned_to_freelist: 0.
num_chunks_taken_from_freelist: 304.
num_chunk_merges: 0.
num_chunk_splits: 189.
num_chunks_enlarged: 115.
num_purges: 0.

CodeHeap 'non-profiled nmethods': size=120000Kb used=523Kb max_used=523Kb free=119476Kb
 bounds [0x0000014572e50000, 0x00000145730c0000, 0x000001457a380000]
CodeHeap 'profiled nmethods': size=120000Kb used=2666Kb max_used=2666Kb free=117333Kb
 bounds [0x000001456b920000, 0x000001456bbc0000, 0x0000014572e50000]
CodeHeap 'non-nmethods': size=5760Kb used=1333Kb max_used=1359Kb free=4426Kb
 bounds [0x000001456b380000, 0x000001456b5f0000, 0x000001456b920000]
 total_blobs=2116 nmethods=1446 adapters=583
 compilation: enabled
              stopped_count=0, restarted_count=0
 full_count=0

Compilation events (20 events):
Event: 1.765 Thread 0x000001450186bed0 1428       4       java.util.HashMap::containsKey (14 bytes)
Event: 1.772 Thread 0x000001450186bed0 nmethod 1428 0x0000014572ecd910 code [0x0000014572ecdac0, 0x0000014572ecdd88]
Event: 1.772 Thread 0x000001457f436cb0 1438       3       java.nio.ByteBuffer::limit (8 bytes)
Event: 1.772 Thread 0x000001457f436cb0 nmethod 1438 0x000001456bbb5910 code [0x000001456bbb5ac0, 0x000001456bbb5c08]
Event: 1.772 Thread 0x000001457f436cb0 1439       3       sun.security.util.AlgorithmDecomposer::decomposeImpl (128 bytes)
Event: 1.772 Thread 0x000001450186bed0 1440       4       java.util.HashMap::keySet (25 bytes)
Event: 1.773 Thread 0x000001457f436cb0 nmethod 1439 0x000001456bbb5c90 code [0x000001456bbb5f00, 0x000001456bbb6be8]
Event: 1.774 Thread 0x000001457f436cb0 1443       3       java.math.BigInteger::bitLength (140 bytes)
Event: 1.774 Thread 0x000001457f436cb0 nmethod 1443 0x000001456bbb7190 code [0x000001456bbb7380, 0x000001456bbb78d8]
Event: 1.775 Thread 0x000001457f436cb0 1445       1       java.security.AlgorithmParameters::getAlgorithm (5 bytes)
Event: 1.775 Thread 0x000001457f436cb0 nmethod 1445 0x0000014572ece010 code [0x0000014572ece1a0, 0x0000014572ece278]
Event: 1.775 Thread 0x000001450186bed0 nmethod 1440 0x0000014572ece310 code [0x0000014572ece4a0, 0x0000014572ece658]
Event: 1.775 Thread 0x000001450186bed0 1446       4       java.util.regex.Pattern$SliceI::match (96 bytes)
Event: 1.776 Thread 0x000001457f436cb0 1447       3       java.util.Collections$UnmodifiableCollection::isEmpty (10 bytes)
Event: 1.776 Thread 0x000001457f436cb0 nmethod 1447 0x000001456bbb7b10 code [0x000001456bbb7cc0, 0x000001456bbb7ea8]
Event: 1.776 Thread 0x000001457f436cb0 1448       3       java.util.ArrayList::subList (20 bytes)
Event: 1.776 Thread 0x000001457f436cb0 nmethod 1448 0x000001456bbb7f90 code [0x000001456bbb8160, 0x000001456bbb8528]
Event: 1.776 Thread 0x000001457f436cb0 1449       3       java.util.AbstractList::subListRangeCheck (110 bytes)
Event: 1.778 Thread 0x000001457f436cb0 nmethod 1449 0x000001456bbb8690 code [0x000001456bbb8a40, 0x000001456bbb9da8]
Event: 1.778 Thread 0x000001457f436cb0 1450       3       java.util.ArrayList$SubList::<init> (35 bytes)

GC Heap History (2 events):
Event: 1.307 GC heap before
{Heap before GC invocations=0 (full 0):
 garbage-first heap   total 65536K, used 12288K [0x00000000c1800000, 0x0000000100000000)
  region size 1024K, 13 young (13312K), 0 survivors (0K)
 Metaspace       used 12442K, committed 12736K, reserved 1064960K
  class space    used 1437K, committed 1600K, reserved 1048576K
}
Event: 1.315 GC heap after
{Heap after GC invocations=1 (full 0):
 garbage-first heap   total 65536K, used 3773K [0x00000000c1800000, 0x0000000100000000)
  region size 1024K, 2 young (2048K), 2 survivors (2048K)
 Metaspace       used 12442K, committed 12736K, reserved 1064960K
  class space    used 1437K, committed 1600K, reserved 1048576K
}

Deoptimization events (20 events):
Event: 1.512 Thread 0x0000014500bfc9e0 Uncommon trap: trap_request=0xffffffc6 fr.pc=0x0000014572eab0e4 relative=0x0000000000000604
Event: 1.512 Thread 0x0000014500bfc9e0 Uncommon trap: reason=bimorphic_or_optimized_type_check action=maybe_recompile pc=0x0000014572eab0e4 method=java.util.concurrent.ConcurrentHashMap.get(Ljava/lang/Object;)Ljava/lang/Object; @ 149 c2
Event: 1.512 Thread 0x0000014500bfc9e0 DEOPT PACKING pc=0x0000014572eab0e4 sp=0x00000008f2ffbf70
Event: 1.512 Thread 0x0000014500bfc9e0 DEOPT UNPACKING pc=0x000001456b3cd72e sp=0x00000008f2ffbf10 mode 2
Event: 1.515 Thread 0x0000014500bfc9e0 Uncommon trap: trap_request=0xffffffc6 fr.pc=0x0000014572eab0e4 relative=0x0000000000000604
Event: 1.515 Thread 0x0000014500bfc9e0 Uncommon trap: reason=bimorphic_or_optimized_type_check action=maybe_recompile pc=0x0000014572eab0e4 method=java.util.concurrent.ConcurrentHashMap.get(Ljava/lang/Object;)Ljava/lang/Object; @ 149 c2
Event: 1.515 Thread 0x0000014500bfc9e0 DEOPT PACKING pc=0x0000014572eab0e4 sp=0x00000008f2ffc300
Event: 1.515 Thread 0x0000014500bfc9e0 DEOPT UNPACKING pc=0x000001456b3cd72e sp=0x00000008f2ffc2a0 mode 2
Event: 1.705 Thread 0x0000014500bfc9e0 Uncommon trap: trap_request=0xffffffc6 fr.pc=0x0000014572eab0e4 relative=0x0000000000000604
Event: 1.705 Thread 0x0000014500bfc9e0 Uncommon trap: reason=bimorphic_or_optimized_type_check action=maybe_recompile pc=0x0000014572eab0e4 method=java.util.concurrent.ConcurrentHashMap.get(Ljava/lang/Object;)Ljava/lang/Object; @ 149 c2
Event: 1.705 Thread 0x0000014500bfc9e0 DEOPT PACKING pc=0x0000014572eab0e4 sp=0x00000008f2ffca00
Event: 1.705 Thread 0x0000014500bfc9e0 DEOPT UNPACKING pc=0x000001456b3cd72e sp=0x00000008f2ffc990 mode 2
Event: 1.705 Thread 0x0000014500bfc9e0 Uncommon trap: trap_request=0xffffffc6 fr.pc=0x0000014572eab0e4 relative=0x0000000000000604
Event: 1.705 Thread 0x0000014500bfc9e0 Uncommon trap: reason=bimorphic_or_optimized_type_check action=maybe_recompile pc=0x0000014572eab0e4 method=java.util.concurrent.ConcurrentHashMap.get(Ljava/lang/Object;)Ljava/lang/Object; @ 149 c2
Event: 1.705 Thread 0x0000014500bfc9e0 DEOPT PACKING pc=0x0000014572eab0e4 sp=0x00000008f2ffc680
Event: 1.705 Thread 0x0000014500bfc9e0 DEOPT UNPACKING pc=0x000001456b3cd72e sp=0x00000008f2ffc610 mode 2
Event: 1.743 Thread 0x0000014500bfc9e0 Uncommon trap: trap_request=0xffffff45 fr.pc=0x0000014572ebda1c relative=0x000000000000025c
Event: 1.743 Thread 0x0000014500bfc9e0 Uncommon trap: reason=unstable_if action=reinterpret pc=0x0000014572ebda1c method=java.util.regex.Pattern$SliceI.match(Ljava/util/regex/Matcher;ILjava/lang/CharSequence;)Z @ 29 c2
Event: 1.743 Thread 0x0000014500bfc9e0 DEOPT PACKING pc=0x0000014572ebda1c sp=0x00000008f2ffd890
Event: 1.743 Thread 0x0000014500bfc9e0 DEOPT UNPACKING pc=0x000001456b3cd72e sp=0x00000008f2ffd828 mode 2

Classes unloaded (0 events):
No events

Classes redefined (0 events):
No events

Internal exceptions (20 events):
Event: 0.480 Thread 0x00000145623ea740 Exception <a 'java/lang/ClassNotFoundException'{0x00000000c5359f80}: Tree> (0x00000000c5359f80) 
thrown [t:\workspace\open\src\hotspot\share\classfile\systemDictionary.cpp, line 256]
Event: 0.480 Thread 0x00000145623ea740 Exception <a 'java/lang/ClassNotFoundException'{0x00000000c535a2f0}: javax/swing/JTreeCell> (0x00000000c535a2f0) 
thrown [t:\workspace\open\src\hotspot\share\classfile\systemDictionary.cpp, line 256]
Event: 0.480 Thread 0x00000145623ea740 Exception <a 'java/lang/ClassNotFoundException'{0x00000000c535a5f0}: TreeCell> (0x00000000c535a5f0) 
thrown [t:\workspace\open\src\hotspot\share\classfile\systemDictionary.cpp, line 256]
Event: 0.480 Thread 0x00000145623ea740 Exception <a 'java/lang/ClassNotFoundException'{0x00000000c535adb0}: RootPane> (0x00000000c535adb0) 
thrown [t:\workspace\open\src\hotspot\share\classfile\systemDictionary.cpp, line 256]
Event: 0.483 Thread 0x00000145623ea740 Exception <a 'java/lang/ClassNotFoundException'{0x00000000c535dc00}: com/sun/swing/internal/plaf/metal/resources/spi/metalProvider> (0x00000000c535dc00) 
thrown [t:\workspace\open\src\hotspot\share\classfile\systemDictionary.cpp, line 256]
Event: 0.484 Thread 0x00000145623ea740 Exception <a 'java/lang/ClassNotFoundException'{0x00000000c5361760}: com/sun/swing/internal/plaf/basic/resources/spi/basicProvider> (0x00000000c5361760) 
thrown [t:\workspace\open\src\hotspot\share\classfile\systemDictionary.cpp, line 256]
Event: 0.519 Thread 0x0000014500bfc9e0 Exception <a 'java/lang/ClassNotFoundException'{0x00000000c53d5558}: com/sun/swing/internal/plaf/synth/resources/spi/synthProvider> (0x00000000c53d5558) 
thrown [t:\workspace\open\src\hotspot\share\classfile\systemDictionary.cpp, line 256]
Event: 0.673 Thread 0x0000014500bfc9e0 Exception <a 'java/lang/NoSuchMethodError'{0x00000000c52a9bc0}: 'void java.lang.invoke.DirectMethodHandle$Holder.invokeStatic(java.lang.Object, java.lang.Object, java.lang.Object)'> (0x00000000c52a9bc0) 
thrown [t:\workspace\open\src\hotspot\share\interpreter\linkResolver.cpp, line 790]
Event: 0.675 Thread 0x0000014500bfc9e0 Exception <a 'java/lang/NoSuchMethodError'{0x00000000c52b03c0}: 'void java.lang.invoke.DirectMethodHandle$Holder.invokeStatic(java.lang.Object, java.lang.Object)'> (0x00000000c52b03c0) 
thrown [t:\workspace\open\src\hotspot\share\interpreter\linkResolver.cpp, line 790]
Event: 0.724 Thread 0x0000014500ba5a60 Exception <a 'java/lang/NoSuchMethodError'{0x00000000c55d7b80}: 'void java.lang.invoke.DirectMethodHandle$Holder.invokeVirtual(java.lang.Object, java.lang.Object)'> (0x00000000c55d7b80) 
thrown [t:\workspace\open\src\hotspot\share\interpreter\linkResolver.cpp, line 790]
Event: 0.746 Thread 0x0000014500bfc9e0 Exception <a 'java/lang/NoSuchMethodError'{0x00000000c52f7b20}: 'void java.lang.invoke.DirectMethodHandle$Holder.invokeStaticInit(java.lang.Object)'> (0x00000000c52f7b20) 
thrown [t:\workspace\open\src\hotspot\share\interpreter\linkResolver.cpp, line 790]
Event: 0.935 Thread 0x0000014500bfc9e0 Exception <a 'java/lang/NoSuchMethodError'{0x00000000c508ff60}: 'java.lang.Object java.lang.invoke.DirectMethodHandle$Holder.invokeInterface(java.lang.Object, java.lang.Object)'> (0x00000000c508ff60) 
thrown [t:\workspace\open\src\hotspot\share\interpreter\linkResolver.cpp, line 790]
Event: 1.022 Thread 0x0000014500bfc9e0 Exception <a 'java/lang/NoSuchMethodError'{0x00000000c4f28c48}: 'java.lang.Object java.lang.invoke.DirectMethodHandle$Holder.invokeVirtual(java.lang.Object, java.lang.Object, java.lang.Object)'> (0x00000000c4f28c48) 
thrown [t:\workspace\open\src\hotspot\share\interpreter\linkResolver.cpp, line 790]
Event: 1.363 Thread 0x0000014500bfc9e0 Exception <a 'java/lang/NoSuchMethodError'{0x00000000c5622778}: 'void java.lang.invoke.DirectMethodHandle$Holder.invokeStaticInit(java.lang.Object, java.lang.Object)'> (0x00000000c5622778) 
thrown [t:\workspace\open\src\hotspot\share\interpreter\linkResolver.cpp, line 790]
Event: 1.451 Thread 0x0000014500bfc9e0 Exception <a 'sun/nio/fs/WindowsException'{0x00000000c55470a8}> (0x00000000c55470a8) 
thrown [t:\workspace\open\src\hotspot\share\prims\jni.cpp, line 579]
Event: 1.469 Thread 0x0000014500bfc9e0 Exception <a 'java/lang/NoSuchMethodError'{0x00000000c5571488}: 'int java.lang.invoke.DirectMethodHandle$Holder.invokeStaticInit(java.lang.Object, java.lang.Object, java.lang.Object, java.lang.Object)'> (0x00000000c5571488) 
thrown [t:\workspace\open\src\hotspot\share\interpreter\linkResolver.cpp, line 790]
Event: 1.470 Thread 0x0000014500bfc9e0 Exception <a 'java/lang/IncompatibleClassChangeError'{0x00000000c557b1d0}: Found class java.lang.Object, but interface was expected> (0x00000000c557b1d0) 
thrown [t:\workspace\open\src\hotspot\share\interpreter\linkResolver.cpp, line 857]
Event: 1.472 Thread 0x0000014500bfc9e0 Exception <a 'java/lang/NoSuchMethodError'{0x00000000c5580f30}: 'int java.lang.invoke.DirectMethodHandle$Holder.invokeStaticInit(java.lang.Object, java.lang.Object)'> (0x00000000c5580f30) 
thrown [t:\workspace\open\src\hotspot\share\interpreter\linkResolver.cpp, line 790]
Event: 1.550 Thread 0x0000014500bfc9e0 Exception <a 'java/lang/NoSuchMethodError'{0x00000000c538b540}: 'java.lang.Object java.lang.invoke.DirectMethodHandle$Holder.invokeStaticInit(java.lang.Object, int, int, int, int)'> (0x00000000c538b540) 
thrown [t:\workspace\open\src\hotspot\share\interpreter\linkResolver.cpp, line 790]
Event: 1.652 Thread 0x0000014500bfc9e0 Exception <a 'java/lang/NoSuchMethodError'{0x00000000c5255148}: 'java.lang.Object java.lang.invoke.DirectMethodHandle$Holder.invokeStaticInit(java.lang.Object, java.lang.Object, int, int, int, int)'> (0x00000000c5255148) 
thrown [t:\workspace\open\src\hotspot\share\interpreter\linkResolver.cpp, line 790]

Events (20 events):
Event: 1.772 loading class sun/security/ssl/CertStatusExtension$CertStatusRequestType
Event: 1.772 loading class sun/security/ssl/CertStatusExtension$CertStatusRequestType done
Event: 1.773 loading class sun/security/ssl/SupportedGroupsExtension$SupportedGroupsSpec
Event: 1.773 loading class sun/security/ssl/SupportedGroupsExtension$SupportedGroupsSpec done
Event: 1.773 loading class sun/security/ssl/ECPointFormatsExtension$ECPointFormatsSpec
Event: 1.774 loading class sun/security/ssl/ECPointFormatsExtension$ECPointFormatsSpec done
Event: 1.774 loading class sun/security/ssl/ECPointFormatsExtension$ECPointFormat
Event: 1.774 loading class sun/security/ssl/ECPointFormatsExtension$ECPointFormat done
Event: 1.777 loading class sun/security/ssl/SignatureAlgorithmsExtension$SignatureSchemesSpec
Event: 1.777 loading class sun/security/ssl/SignatureAlgorithmsExtension$SignatureSchemesSpec done
Event: 1.777 loading class sun/security/ssl/CertStatusExtension$CertStatusRequestV2Spec
Event: 1.777 loading class sun/security/ssl/CertStatusExtension$CertStatusRequestV2Spec done
Event: 1.777 loading class sun/security/ssl/ExtendedMasterSecretExtension$ExtendedMasterSecretSpec
Event: 1.778 loading class sun/security/ssl/ExtendedMasterSecretExtension$ExtendedMasterSecretSpec done
Event: 1.778 loading class sun/security/ssl/SessionTicketExtension$SessionTicketSpec
Event: 1.778 loading class sun/security/ssl/SessionTicketExtension$SessionTicketSpec done
Event: 1.778 loading class sun/security/ssl/SupportedVersionsExtension$CHSupportedVersionsSpec
Event: 1.778 loading class sun/security/ssl/SupportedVersionsExtension$CHSupportedVersionsSpec done
Event: 1.778 loading class sun/security/ssl/PskKeyExchangeModesExtension$PskKeyExchangeModesSpec
Event: 1.778 loading class sun/security/ssl/PskKeyExchangeModesExtension$PskKeyExchangeModesSpec done


Dynamic libraries:
0x00007ff7d98a0000 - 0x00007ff7d98b0000 	C:\Program Files\Java\jdk-16.0.2\bin\java.exe
0x00007ffecdf70000 - 0x00007ffece165000 	C:\WINDOWS\SYSTEM32\ntdll.dll
0x00007ffecd600000 - 0x00007ffecd6be000 	C:\WINDOWS\System32\KERNEL32.DLL
0x00007ffecbb40000 - 0x00007ffecbe09000 	C:\WINDOWS\System32\KERNELBASE.dll
0x00007ffecb720000 - 0x00007ffecb820000 	C:\WINDOWS\System32\ucrtbase.dll
0x00007ffec32d0000 - 0x00007ffec32e9000 	C:\Program Files\Java\jdk-16.0.2\bin\VCRUNTIME140.dll
0x00007ffeb6460000 - 0x00007ffeb6478000 	C:\Program Files\Java\jdk-16.0.2\bin\jli.dll
0x00007ffecd6c0000 - 0x00007ffecd76c000 	C:\WINDOWS\System32\ADVAPI32.dll
0x00007ffecc080000 - 0x00007ffecc11e000 	C:\WINDOWS\System32\msvcrt.dll
0x00007ffecd7e0000 - 0x00007ffecd87b000 	C:\WINDOWS\System32\sechost.dll
0x00007ffecd220000 - 0x00007ffecd34a000 	C:\WINDOWS\System32\RPCRT4.dll
0x00007ffecd880000 - 0x00007ffecda21000 	C:\WINDOWS\System32\USER32.dll
0x00007ffeb1130000 - 0x00007ffeb13ca000 	C:\WINDOWS\WinSxS\amd64_microsoft.windows.common-controls_6595b64144ccf1df_6.0.19041.1110_none_60b5254171f9507e\COMCTL32.dll
0x00007ffecb920000 - 0x00007ffecb942000 	C:\WINDOWS\System32\win32u.dll
0x00007ffecbfc0000 - 0x00007ffecbfeb000 	C:\WINDOWS\System32\GDI32.dll
0x00007ffecb950000 - 0x00007ffecba5b000 	C:\WINDOWS\System32\gdi32full.dll
0x00007ffecb880000 - 0x00007ffecb91d000 	C:\WINDOWS\System32\msvcp_win.dll
0x00007ffec0700000 - 0x00007ffec070a000 	C:\WINDOWS\SYSTEM32\VERSION.dll
0x00007ffecd110000 - 0x00007ffecd140000 	C:\WINDOWS\System32\IMM32.DLL
0x00007ffec32c0000 - 0x00007ffec32cc000 	C:\Program Files\Java\jdk-16.0.2\bin\vcruntime140_1.dll
0x00007ffeb4ee0000 - 0x00007ffeb4f71000 	C:\Program Files\Java\jdk-16.0.2\bin\msvcp140.dll
0x00007ffea1800000 - 0x00007ffea23ab000 	C:\Program Files\Java\jdk-16.0.2\bin\server\jvm.dll
0x00007ffecc480000 - 0x00007ffecc488000 	C:\WINDOWS\System32\PSAPI.DLL
0x00007ffec32f0000 - 0x00007ffec32f9000 	C:\WINDOWS\SYSTEM32\WSOCK32.dll
0x00007ffeb3b30000 - 0x00007ffeb3b57000 	C:\WINDOWS\SYSTEM32\WINMM.dll
0x00007ffecd770000 - 0x00007ffecd7db000 	C:\WINDOWS\System32\WS2_32.dll
0x00007ffec9620000 - 0x00007ffec9632000 	C:\WINDOWS\SYSTEM32\kernel.appcore.dll
0x00007ffeb8af0000 - 0x00007ffeb8afa000 	C:\Program Files\Java\jdk-16.0.2\bin\jimage.dll
0x00007ffec62f0000 - 0x00007ffec64d4000 	C:\WINDOWS\SYSTEM32\DBGHELP.DLL
0x00007ffeb2fc0000 - 0x00007ffeb2fec000 	C:\WINDOWS\SYSTEM32\dbgcore.DLL
0x00007ffecb690000 - 0x00007ffecb713000 	C:\WINDOWS\System32\bcryptPrimitives.dll
0x00007ffec18c0000 - 0x00007ffec18e5000 	C:\Program Files\Java\jdk-16.0.2\bin\java.dll
0x00007ffecc5c0000 - 0x00007ffecccff000 	C:\WINDOWS\System32\SHELL32.dll
0x00007ffec9790000 - 0x00007ffec9f20000 	C:\WINDOWS\SYSTEM32\windows.storage.dll
0x00007ffecc120000 - 0x00007ffecc475000 	C:\WINDOWS\System32\combase.dll
0x00007ffecb010000 - 0x00007ffecb03c000 	C:\WINDOWS\SYSTEM32\Wldp.dll
0x00007ffecd3b0000 - 0x00007ffecd45d000 	C:\WINDOWS\System32\SHCORE.dll
0x00007ffecd0a0000 - 0x00007ffecd0f5000 	C:\WINDOWS\System32\shlwapi.dll
0x00007ffecb5d0000 - 0x00007ffecb5ef000 	C:\WINDOWS\SYSTEM32\profapi.dll
0x00007ffeb8ad0000 - 0x00007ffeb8ae9000 	C:\Program Files\Java\jdk-16.0.2\bin\net.dll
0x00007ffeb9e60000 - 0x00007ffeb9f68000 	C:\WINDOWS\SYSTEM32\WINHTTP.dll
0x00007ffecad70000 - 0x00007ffecadda000 	C:\WINDOWS\system32\mswsock.dll
0x00007ffeb8ab0000 - 0x00007ffeb8ac3000 	C:\Program Files\Java\jdk-16.0.2\bin\nio.dll
0x00007ffeb8a50000 - 0x00007ffeb8a68000 	C:\Program Files\Java\jdk-16.0.2\bin\zip.dll
0x00007ffea6d80000 - 0x00007ffea6f00000 	C:\Program Files\Java\jdk-16.0.2\bin\awt.dll
0x00007ffecd530000 - 0x00007ffecd5fd000 	C:\WINDOWS\System32\OLEAUT32.dll
0x00007ffec5120000 - 0x00007ffec51b0000 	C:\WINDOWS\SYSTEM32\apphelp.dll
0x00007ffec5870000 - 0x00007ffec590e000 	C:\WINDOWS\system32\uxtheme.dll
0x00007ffeccdb0000 - 0x00007ffeccec5000 	C:\WINDOWS\System32\MSCTF.dll
0x00007ffecc490000 - 0x00007ffecc5ba000 	C:\WINDOWS\System32\ole32.dll
0x00007ffec5cd0000 - 0x00007ffec5cff000 	C:\WINDOWS\system32\DWMAPI.DLL
0x00007ffeb8940000 - 0x00007ffeb89c9000 	C:\Program Files\Java\jdk-16.0.2\bin\freetype.dll
0x00007ffea3720000 - 0x00007ffea3816000 	C:\Program Files\Java\jdk-16.0.2\bin\harfbuzz.dll
0x00007ffeb8a20000 - 0x00007ffeb8a32000 	C:\Program Files\Java\jdk-16.0.2\bin\fontmanager.dll
0x00007ffeba120000 - 0x00007ffeba245000 	C:\WINDOWS\system32\opengl32.dll
0x00007ffeba0f0000 - 0x00007ffeba11c000 	C:\WINDOWS\SYSTEM32\GLU32.dll
0x00007ffeccd00000 - 0x00007ffeccda9000 	C:\WINDOWS\System32\clbcatq.dll
0x00007ffec08c0000 - 0x00007ffec0a74000 	C:\WINDOWS\SYSTEM32\WindowsCodecs.dll
0x00007ffecbb10000 - 0x00007ffecbb37000 	C:\WINDOWS\System32\bcrypt.dll
0x00007ffe99990000 - 0x00007ffe999ce000 	C:\WINDOWS\system32\dataexchange.dll
0x00007ffec4450000 - 0x00007ffec4635000 	C:\WINDOWS\system32\dcomp.dll
0x00007ffec3880000 - 0x00007ffec3ae4000 	C:\WINDOWS\system32\d3d11.dll
0x00007ffec9f80000 - 0x00007ffeca074000 	C:\WINDOWS\system32\dxgi.dll
0x00007ffec2350000 - 0x00007ffec2551000 	C:\WINDOWS\system32\twinapi.appcore.dll
0x00007ffecaaa0000 - 0x00007ffecab6c000 	C:\WINDOWS\SYSTEM32\DNSAPI.dll
0x00007ffecaa60000 - 0x00007ffecaa9b000 	C:\WINDOWS\SYSTEM32\IPHLPAPI.DLL
0x00007ffecd4c0000 - 0x00007ffecd4c8000 	C:\WINDOWS\System32\NSI.dll
0x00007ffec07e0000 - 0x00007ffec07ea000 	C:\Windows\System32\rasadhlp.dll
0x00007ffebad00000 - 0x00007ffebad7f000 	C:\WINDOWS\System32\fwpuclnt.dll
0x00007ffecaf60000 - 0x00007ffecaf78000 	C:\WINDOWS\SYSTEM32\CRYPTSP.dll
0x00007ffeca6f0000 - 0x00007ffeca724000 	C:\WINDOWS\system32\rsaenh.dll
0x00007ffecb590000 - 0x00007ffecb5be000 	C:\WINDOWS\SYSTEM32\USERENV.dll
0x00007ffecaf80000 - 0x00007ffecaf8c000 	C:\WINDOWS\SYSTEM32\CRYPTBASE.dll
0x00007ffeba3c0000 - 0x00007ffeba3d7000 	C:\WINDOWS\SYSTEM32\dhcpcsvc6.DLL
0x00007ffeba490000 - 0x00007ffeba4ad000 	C:\WINDOWS\SYSTEM32\dhcpcsvc.DLL
0x00007ffeb4e70000 - 0x00007ffeb4e7e000 	C:\Program Files\Java\jdk-16.0.2\bin\sunmscapi.dll
0x00007ffecbe10000 - 0x00007ffecbf66000 	C:\WINDOWS\System32\CRYPT32.dll
0x00007ffecb0e0000 - 0x00007ffecb107000 	C:\WINDOWS\SYSTEM32\ncrypt.dll
0x00007ffecb040000 - 0x00007ffecb07b000 	C:\WINDOWS\SYSTEM32\NTASN1.dll

dbghelp: loaded successfully - version: 4.0.5 - missing functions: none
symbol engine: initialized successfully - sym options: 0x614 - pdb path: .;C:\Program Files\Java\jdk-16.0.2\bin;C:\WINDOWS\SYSTEM32;C:\WINDOWS\WinSxS\amd64_microsoft.windows.common-controls_6595b64144ccf1df_6.0.19041.1110_none_60b5254171f9507e;C:\Program Files\Java\jdk-16.0.2\bin\server

VM Arguments:
java_command: view.services.TableSuppliers
java_class_path (initial): C:\Users\dell\Documents\NetBeansProjects\projetoGit\projetoN2\target\classes;C:\Users\dell\.m2\repository\mysql\mysql-connector-java\8.0.26\mysql-connector-java-8.0.26.jar;C:\Users\dell\.m2\repository\com\google\protobuf\protobuf-java\3.11.4\protobuf-java-3.11.4.jar;C:\Users\dell\.m2\repository\org\projectlombok\lombok\1.18.20\lombok-1.18.20.jar
Launcher Type: SUN_STANDARD

[Global flags]
     intx CICompilerCount                          = 3                                         {product} {ergonomic}
     uint ConcGCThreads                            = 1                                         {product} {ergonomic}
     uint G1ConcRefinementThreads                  = 4                                         {product} {ergonomic}
   size_t G1HeapRegionSize                         = 1048576                                   {product} {ergonomic}
    uintx GCDrainStackTargetSize                   = 64                                        {product} {ergonomic}
   size_t InitialHeapSize                          = 67108864                                  {product} {ergonomic}
   size_t MarkStackSize                            = 4194304                                   {product} {ergonomic}
   size_t MaxHeapSize                              = 1048576000                                {product} {ergonomic}
   size_t MaxNewSize                               = 629145600                                 {product} {ergonomic}
   size_t MinHeapDeltaBytes                        = 1048576                                   {product} {ergonomic}
   size_t MinHeapSize                              = 8388608                                   {product} {ergonomic}
    uintx NonNMethodCodeHeapSize                   = 5832780                                {pd product} {ergonomic}
    uintx NonProfiledCodeHeapSize                  = 122912730                              {pd product} {ergonomic}
    uintx ProfiledCodeHeapSize                     = 122912730                              {pd product} {ergonomic}
    uintx ReservedCodeCacheSize                    = 251658240                              {pd product} {ergonomic}
     bool SegmentedCodeCache                       = true                                      {product} {ergonomic}
   size_t SoftMaxHeapSize                          = 1048576000                             {manageable} {ergonomic}
     bool UseCompressedClassPointers               = true                           {product lp64_product} {ergonomic}
     bool UseCompressedOops                        = true                           {product lp64_product} {ergonomic}
     bool UseG1GC                                  = true                                      {product} {ergonomic}
     bool UseLargePagesIndividualAllocation        = false                                  {pd product} {ergonomic}

Logging:
Log output configuration:
 #0: stdout all=warning uptime,level,tags
 #1: stderr all=off uptime,level,tags

Environment Variables:
JAVA_HOME=C:\Program Files\Java\jdk-16.0.2
PATH=C:\Program Files\Common Files\Oracle\Java\javapath;C:\Program Files (x86)\Common Files\Oracle\Java\javapath;C:\Program Files\AdoptOpenJDK\jdk-14.0.2.12-hotspot\bin;C:\WINDOWS\system32;C:\WINDOWS;C:\WINDOWS\System32\Wbem;C:\WINDOWS\System32\WindowsPowerShell\v1.0\;C:\WINDOWS\System32\OpenSSH\;C:\Program Files\nodejs\;C:\Program Files (x86)\Intel\Intel(R) Management Engine Components\DAL;C:\Program Files\Intel\Intel(R) Management Engine Components\DAL;C:\MinGW\bin;C:\Program Files\Java\jdk-15.0.2\bin;C:\Program Files\Git\cmd;C:\Program Files\Apache\maven\apache-maven-3.8.3\bin;C:\Program Files\MySQL\MySQL Shell 8.0\bin\;C:\Users\dell\AppData\Local\Microsoft\WindowsApps;C:\Users\dell\AppData\Roaming\npm;C:\MinGW\bin;;C:\Program Files\JetBrains\IntelliJ IDEA Community Edition 2021.2\bin;;C:\Users\dell\AppData\Local\Programs\mongosh\
USERNAME=dell
OS=Windows_NT
PROCESSOR_IDENTIFIER=Intel64 Family 6 Model 142 Stepping 9, GenuineIntel



---------------  S Y S T E M  ---------------

OS:
 Windows 10 , 64 bit Build 19041 (10.0.19041.1202)
OS uptime: 0 days 3:53 hours

CPU: total 4 (initial active 4) (2 cores per cpu, 2 threads per core) family 6 model 142 stepping 9 microcode 0xea, cx8, cmov, fxsr, ht, mmx, 3dnowpref, sse, sse2, sse3, ssse3, sse4.1, sse4.2, popcnt, lzcnt, tsc, tscinvbit, avx, avx2, aes, erms, clmul, bmi1, bmi2, adx, fma, vzeroupper, clflush, clflushopt

Memory: 4k page, system-wide physical 3996M (930M free)
TotalPageFile size 5391M (AvailPageFile size 3M)
current process WorkingSet (physical memory assigned to process): 88M, peak: 89M
current process commit charge ("private bytes"): 166M, peak: 167M

vm_info: Java HotSpot(TM) 64-Bit Server VM (16.0.2+7-67) for windows-amd64 JRE (16.0.2+7-67), built on Jun  8 2021 23:24:19 by "mach5one" with MS VC++ 16.7 (VS2019)

END.
