#
# There is insufficient memory for the Java Runtime Environment to continue.
# Native memory allocation (malloc) failed to allocate 349296 bytes for Chunk::new
# Possible reasons:
#   The system is out of physical RAM or swap space
#   The process is running with CompressedOops enabled, and the Java Heap may be blocking the growth of the native heap
# Possible solutions:
#   Reduce memory load on the system
#   Increase physical memory or swap space
#   Check if swap backing store is full
#   Decrease Java heap size (-Xmx/-Xms)
#   Decrease number of Java threads
#   Decrease Java thread stack sizes (-Xss)
#   Set larger code cache with -XX:ReservedCodeCacheSize=
#   JVM is running with Unscaled Compressed Oops mode in which the Java heap is
#     placed in the first 4GB address space. The Java Heap base address is the
#     maximum limit for the native heap growth. Please use -XX:HeapBaseMinAddress
#     to set the Java Heap base and to place the Java Heap above 4GB virtual address.
# This output file may be truncated or incomplete.
#
#  Out of Memory Error (arena.cpp:195), pid=8360, tid=3268
#
# JRE version: Java(TM) SE Runtime Environment (16.0.2+7) (build 16.0.2+7-67)
# Java VM: Java HotSpot(TM) 64-Bit Server VM (16.0.2+7-67, mixed mode, sharing, tiered, compressed oops, compressed class ptrs, g1 gc, windows-amd64)
# No core dump will be written. Minidumps are not enabled by default on client versions of Windows
#

---------------  S U M M A R Y ------------

Command Line: -Dclassworlds.conf=C:\Program Files\NetBeans-12.5\netbeans\java\maven\bin\..\bin\m2.conf -Dmaven.home=C:\Program Files\NetBeans-12.5\netbeans\java\maven\bin\.. -Dlibrary.jansi.path=C:\Program Files\NetBeans-12.5\netbeans\java\maven\bin\..\lib\jansi-native -Dmaven.multiModuleProjectDirectory=C:\Users\dell\Documents\NetBeansProjects\projetoN2 org.codehaus.plexus.classworlds.launcher.Launcher -Dexec.vmArgs= -Dexec.args=${exec.vmArgs} -classpath %classpath ${exec.mainClass} ${exec.appArgs} -Dexec.executable=C:\Program Files\Java\jdk-16.0.2\bin\java.exe -Dexec.mainClass=view.Tabela -Dexec.classpathScope=runtime -Dexec.appArgs= -Dmaven.ext.class.path=C:\Program Files\NetBeans-12.5\netbeans\java\maven-nblib\netbeans-eventspy.jar -Dfile.encoding=UTF-8 org.codehaus.mojo:exec-maven-plugin:3.0.0:exec

Host: Intel(R) Core(TM) i3-7020U CPU @ 2.30GHz, 4 cores, 3G,  Windows 10 , 64 bit Build 19041 (10.0.19041.1202)
Time: Tue Oct 12 20:41:43 2021 Hora oficial do Brasil elapsed time: 3.867587 seconds (0d 0h 0m 3s)

---------------  T H R E A D  ---------------

Current thread (0x000002eafbd36950):  JavaThread "C2 CompilerThread0" daemon [_thread_in_native, id=3268, stack(0x000000fefcf00000,0x000000fefd000000)]


Current CompileTask:
C2:   3867 3015  s    4       org.fusesource.jansi.AnsiPrintStream::filter (948 bytes)

Stack: [0x000000fefcf00000,0x000000fefd000000]
Native frames: (J=compiled Java code, j=interpreted, Vv=VM code, C=native code)
V  [jvm.dll+0x6681ca]
V  [jvm.dll+0x7c9e69]
V  [jvm.dll+0x7cb61e]
V  [jvm.dll+0x7cbc73]
V  [jvm.dll+0x242c55]
V  [jvm.dll+0xadeba]
V  [jvm.dll+0xae45c]
V  [jvm.dll+0x35a882]
V  [jvm.dll+0x324de1]
V  [jvm.dll+0x32428a]
V  [jvm.dll+0x215cec]
V  [jvm.dll+0x215100]
V  [jvm.dll+0x1a1beb]
V  [jvm.dll+0x225158]
V  [jvm.dll+0x22319c]
V  [jvm.dll+0x77fa62]
V  [jvm.dll+0x7795aa]
V  [jvm.dll+0x667066]
C  [ucrtbase.dll+0x21bb2]
C  [KERNEL32.DLL+0x17034]
C  [ntdll.dll+0x52651]


---------------  P R O C E S S  ---------------

Threads class SMR info:
_java_thread_list=0x000002ea9b09bda0, length=15, elements={
0x000002eafbc60a10, 0x000002eafbd192e0, 0x000002eafbd19eb0, 0x000002eafbd2ecc0,
0x000002eafbd305e0, 0x000002eafbd31f00, 0x000002eafbd32810, 0x000002eafbd36950,
0x000002eaff676480, 0x000002eaff6769e0, 0x000002ea9a050ba0, 0x000002ea9a056c10,
0x000002ea9b3bd7b0, 0x000002ea9b3bdcd0, 0x000002ea9b470a70
}

Java Threads: ( => current thread )
  0x000002eafbc60a10 JavaThread "main" [_thread_in_native, id=7828, stack(0x000000fefc200000,0x000000fefc300000)]
  0x000002eafbd192e0 JavaThread "Reference Handler" daemon [_thread_blocked, id=4460, stack(0x000000fefc900000,0x000000fefca00000)]
  0x000002eafbd19eb0 JavaThread "Finalizer" daemon [_thread_blocked, id=6688, stack(0x000000fefca00000,0x000000fefcb00000)]
  0x000002eafbd2ecc0 JavaThread "Signal Dispatcher" daemon [_thread_blocked, id=7564, stack(0x000000fefcb00000,0x000000fefcc00000)]
  0x000002eafbd305e0 JavaThread "Attach Listener" daemon [_thread_blocked, id=9136, stack(0x000000fefcc00000,0x000000fefcd00000)]
  0x000002eafbd31f00 JavaThread "Service Thread" daemon [_thread_blocked, id=436, stack(0x000000fefcd00000,0x000000fefce00000)]
  0x000002eafbd32810 JavaThread "Monitor Deflation Thread" daemon [_thread_blocked, id=4752, stack(0x000000fefce00000,0x000000fefcf00000)]
=>0x000002eafbd36950 JavaThread "C2 CompilerThread0" daemon [_thread_in_native, id=3268, stack(0x000000fefcf00000,0x000000fefd000000)]
  0x000002eaff676480 JavaThread "C1 CompilerThread0" daemon [_thread_blocked, id=8888, stack(0x000000fefd000000,0x000000fefd100000)]
  0x000002eaff6769e0 JavaThread "Sweeper thread" daemon [_thread_blocked, id=1288, stack(0x000000fefd100000,0x000000fefd200000)]
  0x000002ea9a050ba0 JavaThread "Notification Thread" daemon [_thread_blocked, id=9020, stack(0x000000fefd200000,0x000000fefd300000)]
  0x000002ea9a056c10 JavaThread "Common-Cleaner" daemon [_thread_blocked, id=10048, stack(0x000000fefd400000,0x000000fefd500000)]
  0x000002ea9b3bd7b0 JavaThread "Exec Stream Pumper" daemon [_thread_in_native, id=4440, stack(0x000000fefd900000,0x000000fefda00000)]
  0x000002ea9b3bdcd0 JavaThread "Exec Stream Pumper" daemon [_thread_in_native, id=10120, stack(0x000000fefda00000,0x000000fefdb00000)]
  0x000002ea9b470a70 JavaThread "Exec Input Stream Pumper" daemon [_thread_blocked, id=9316, stack(0x000000fefdb00000,0x000000fefdc00000)]

Other Threads:
  0x000002eafbd169a0 VMThread "VM Thread" [stack: 0x000000fefc800000,0x000000fefc900000] [id=8024]
  0x000002ea9a0558f0 WatcherThread [stack: 0x000000fefd300000,0x000000fefd400000] [id=5180]
  0x000002eafbc918e0 GCTaskThread "GC Thread#0" [stack: 0x000000fefc300000,0x000000fefc400000] [id=5032]
  0x000002ea9a606d40 GCTaskThread "GC Thread#1" [stack: 0x000000fefd600000,0x000000fefd700000] [id=1084]
  0x000002ea9ac7a850 GCTaskThread "GC Thread#2" [stack: 0x000000fefd700000,0x000000fefd800000] [id=8128]
  0x000002ea9ac7ab60 GCTaskThread "GC Thread#3" [stack: 0x000000fefd800000,0x000000fefd900000] [id=9756]
  0x000002eafbc9a530 ConcurrentGCThread "G1 Main Marker" [stack: 0x000000fefc400000,0x000000fefc500000] [id=7884]
  0x000002eafbc9b650 ConcurrentGCThread "G1 Conc#0" [stack: 0x000000fefc500000,0x000000fefc600000] [id=10156]
  0x000002eafbceb510 ConcurrentGCThread "G1 Refine#0" [stack: 0x000000fefc600000,0x000000fefc700000] [id=10032]
  0x000002eafbceddb0 ConcurrentGCThread "G1 Service" [stack: 0x000000fefc700000,0x000000fefc800000] [id=1420]

Threads with active compile tasks:
C2 CompilerThread0     3955 3015  s    4       org.fusesource.jansi.AnsiPrintStream::filter (948 bytes)

VM state: not at safepoint (normal execution)

VM Mutex/Monitor currently owned by a thread: None

Heap address: 0x00000000c1800000, size: 1000 MB, Compressed Oops mode: 32-bit

CDS archive(s) mapped at: [0x0000000800000000-0x0000000800bb0000-0x0000000800bb0000), size 12255232, SharedBaseAddress: 0x0000000800000000, ArchiveRelocationMode: 0.
Compressed class space mapped at: 0x0000000800c00000-0x0000000840c00000, reserved size: 1073741824
Narrow klass base: 0x0000000800000000, Narrow klass shift: 3, Narrow klass range: 0x100000000

GC Precious Log:
 CPUs: 4 total, 4 available
 Memory: 3996M
 Large Page Support: Disabled
 NUMA Support: Disabled
 Compressed Oops: Enabled (32-bit)
 Heap Region Size: 1M
 Heap Min Capacity: 8M
 Heap Initial Capacity: 64M
 Heap Max Capacity: 1000M
 Pre-touch: Disabled
 Parallel Workers: 4
 Concurrent Workers: 1
 Concurrent Refinement Workers: 4
 Periodic GC: Disabled

Heap:
 garbage-first heap   total 65536K, used 10463K [0x00000000c1800000, 0x0000000100000000)
  region size 1024K, 8 young (8192K), 5 survivors (5120K)
 Metaspace       used 14027K, committed 14272K, reserved 1064960K
  class space    used 1593K, committed 1728K, reserved 1048576K

Heap Regions: E=young(eden), S=young(survivor), O=old, HS=humongous(starts), HC=humongous(continues), CS=collection set, F=free, OA=open archive, CA=closed archive, TAMS=top-at-mark-start (previous, next)
|   0|0x00000000c1800000, 0x00000000c1900000, 0x00000000c1900000|100%| O|  |TAMS 0x00000000c1800000, 0x00000000c1800000| Untracked 
|   1|0x00000000c1900000, 0x00000000c1a00000, 0x00000000c1a00000|100%| O|  |TAMS 0x00000000c1900000, 0x00000000c1900000| Untracked 
|   2|0x00000000c1a00000, 0x00000000c1b00000, 0x00000000c1b00000|100%| O|  |TAMS 0x00000000c1a00000, 0x00000000c1a00000| Untracked 
|   3|0x00000000c1b00000, 0x00000000c1b8b000, 0x00000000c1c00000| 54%| O|  |TAMS 0x00000000c1b00000, 0x00000000c1b00000| Untracked 
|   4|0x00000000c1c00000, 0x00000000c1c00000, 0x00000000c1d00000|  0%| F|  |TAMS 0x00000000c1c00000, 0x00000000c1c00000| Untracked 
|   5|0x00000000c1d00000, 0x00000000c1d00000, 0x00000000c1e00000|  0%| F|  |TAMS 0x00000000c1d00000, 0x00000000c1d00000| Untracked 
|   6|0x00000000c1e00000, 0x00000000c1e00000, 0x00000000c1f00000|  0%| F|  |TAMS 0x00000000c1e00000, 0x00000000c1e00000| Untracked 
|   7|0x00000000c1f00000, 0x00000000c1f00000, 0x00000000c2000000|  0%| F|  |TAMS 0x00000000c1f00000, 0x00000000c1f00000| Untracked 
|   8|0x00000000c2000000, 0x00000000c2000000, 0x00000000c2100000|  0%| F|  |TAMS 0x00000000c2000000, 0x00000000c2000000| Untracked 
|   9|0x00000000c2100000, 0x00000000c2100000, 0x00000000c2200000|  0%| F|  |TAMS 0x00000000c2100000, 0x00000000c2100000| Untracked 
|  10|0x00000000c2200000, 0x00000000c2200000, 0x00000000c2300000|  0%| F|  |TAMS 0x00000000c2200000, 0x00000000c2200000| Untracked 
|  11|0x00000000c2300000, 0x00000000c2300000, 0x00000000c2400000|  0%| F|  |TAMS 0x00000000c2300000, 0x00000000c2300000| Untracked 
|  12|0x00000000c2400000, 0x00000000c2400000, 0x00000000c2500000|  0%| F|  |TAMS 0x00000000c2400000, 0x00000000c2400000| Untracked 
|  13|0x00000000c2500000, 0x00000000c2500000, 0x00000000c2600000|  0%| F|  |TAMS 0x00000000c2500000, 0x00000000c2500000| Untracked 
|  14|0x00000000c2600000, 0x00000000c2600000, 0x00000000c2700000|  0%| F|  |TAMS 0x00000000c2600000, 0x00000000c2600000| Untracked 
|  15|0x00000000c2700000, 0x00000000c2700000, 0x00000000c2800000|  0%| F|  |TAMS 0x00000000c2700000, 0x00000000c2700000| Untracked 
|  16|0x00000000c2800000, 0x00000000c2800000, 0x00000000c2900000|  0%| F|  |TAMS 0x00000000c2800000, 0x00000000c2800000| Untracked 
|  17|0x00000000c2900000, 0x00000000c2900000, 0x00000000c2a00000|  0%| F|  |TAMS 0x00000000c2900000, 0x00000000c2900000| Untracked 
|  18|0x00000000c2a00000, 0x00000000c2a00000, 0x00000000c2b00000|  0%| F|  |TAMS 0x00000000c2a00000, 0x00000000c2a00000| Untracked 
|  19|0x00000000c2b00000, 0x00000000c2b00000, 0x00000000c2c00000|  0%| F|  |TAMS 0x00000000c2b00000, 0x00000000c2b00000| Untracked 
|  20|0x00000000c2c00000, 0x00000000c2c00000, 0x00000000c2d00000|  0%| F|  |TAMS 0x00000000c2c00000, 0x00000000c2c00000| Untracked 
|  21|0x00000000c2d00000, 0x00000000c2dace48, 0x00000000c2e00000| 67%| S|CS|TAMS 0x00000000c2d00000, 0x00000000c2d00000| Complete 
|  22|0x00000000c2e00000, 0x00000000c2f00000, 0x00000000c2f00000|100%| S|CS|TAMS 0x00000000c2e00000, 0x00000000c2e00000| Complete 
|  23|0x00000000c2f00000, 0x00000000c2f00000, 0x00000000c3000000|  0%| F|  |TAMS 0x00000000c2f00000, 0x00000000c2f00000| Untracked 
|  24|0x00000000c3000000, 0x00000000c3000000, 0x00000000c3100000|  0%| F|  |TAMS 0x00000000c3000000, 0x00000000c3000000| Untracked 
|  25|0x00000000c3100000, 0x00000000c3100000, 0x00000000c3200000|  0%| F|  |TAMS 0x00000000c3100000, 0x00000000c3100000| Untracked 
|  26|0x00000000c3200000, 0x00000000c3300000, 0x00000000c3300000|100%| S|CS|TAMS 0x00000000c3200000, 0x00000000c3200000| Complete 
|  27|0x00000000c3300000, 0x00000000c3400000, 0x00000000c3400000|100%| S|CS|TAMS 0x00000000c3300000, 0x00000000c3300000| Complete 
|  28|0x00000000c3400000, 0x00000000c3500000, 0x00000000c3500000|100%| S|CS|TAMS 0x00000000c3400000, 0x00000000c3400000| Complete 
|  29|0x00000000c3500000, 0x00000000c3500000, 0x00000000c3600000|  0%| F|  |TAMS 0x00000000c3500000, 0x00000000c3500000| Untracked 
|  30|0x00000000c3600000, 0x00000000c3600000, 0x00000000c3700000|  0%| F|  |TAMS 0x00000000c3600000, 0x00000000c3600000| Untracked 
|  31|0x00000000c3700000, 0x00000000c3700000, 0x00000000c3800000|  0%| F|  |TAMS 0x00000000c3700000, 0x00000000c3700000| Untracked 
|  32|0x00000000c3800000, 0x00000000c3800000, 0x00000000c3900000|  0%| F|  |TAMS 0x00000000c3800000, 0x00000000c3800000| Untracked 
|  33|0x00000000c3900000, 0x00000000c3900000, 0x00000000c3a00000|  0%| F|  |TAMS 0x00000000c3900000, 0x00000000c3900000| Untracked 
|  34|0x00000000c3a00000, 0x00000000c3a00000, 0x00000000c3b00000|  0%| F|  |TAMS 0x00000000c3a00000, 0x00000000c3a00000| Untracked 
|  35|0x00000000c3b00000, 0x00000000c3b00000, 0x00000000c3c00000|  0%| F|  |TAMS 0x00000000c3b00000, 0x00000000c3b00000| Untracked 
|  36|0x00000000c3c00000, 0x00000000c3c00000, 0x00000000c3d00000|  0%| F|  |TAMS 0x00000000c3c00000, 0x00000000c3c00000| Untracked 
|  37|0x00000000c3d00000, 0x00000000c3d00000, 0x00000000c3e00000|  0%| F|  |TAMS 0x00000000c3d00000, 0x00000000c3d00000| Untracked 
|  38|0x00000000c3e00000, 0x00000000c3e00000, 0x00000000c3f00000|  0%| F|  |TAMS 0x00000000c3e00000, 0x00000000c3e00000| Untracked 
|  39|0x00000000c3f00000, 0x00000000c3f00000, 0x00000000c4000000|  0%| F|  |TAMS 0x00000000c3f00000, 0x00000000c3f00000| Untracked 
|  40|0x00000000c4000000, 0x00000000c4000000, 0x00000000c4100000|  0%| F|  |TAMS 0x00000000c4000000, 0x00000000c4000000| Untracked 
|  41|0x00000000c4100000, 0x00000000c4100000, 0x00000000c4200000|  0%| F|  |TAMS 0x00000000c4100000, 0x00000000c4100000| Untracked 
|  42|0x00000000c4200000, 0x00000000c4200000, 0x00000000c4300000|  0%| F|  |TAMS 0x00000000c4200000, 0x00000000c4200000| Untracked 
|  43|0x00000000c4300000, 0x00000000c4300000, 0x00000000c4400000|  0%| F|  |TAMS 0x00000000c4300000, 0x00000000c4300000| Untracked 
|  44|0x00000000c4400000, 0x00000000c4400000, 0x00000000c4500000|  0%| F|  |TAMS 0x00000000c4400000, 0x00000000c4400000| Untracked 
|  45|0x00000000c4500000, 0x00000000c4500000, 0x00000000c4600000|  0%| F|  |TAMS 0x00000000c4500000, 0x00000000c4500000| Untracked 
|  46|0x00000000c4600000, 0x00000000c4600000, 0x00000000c4700000|  0%| F|  |TAMS 0x00000000c4600000, 0x00000000c4600000| Untracked 
|  47|0x00000000c4700000, 0x00000000c4700000, 0x00000000c4800000|  0%| F|  |TAMS 0x00000000c4700000, 0x00000000c4700000| Untracked 
|  48|0x00000000c4800000, 0x00000000c4800000, 0x00000000c4900000|  0%| F|  |TAMS 0x00000000c4800000, 0x00000000c4800000| Untracked 
|  49|0x00000000c4900000, 0x00000000c4900000, 0x00000000c4a00000|  0%| F|  |TAMS 0x00000000c4900000, 0x00000000c4900000| Untracked 
|  50|0x00000000c4a00000, 0x00000000c4a00000, 0x00000000c4b00000|  0%| F|  |TAMS 0x00000000c4a00000, 0x00000000c4a00000| Untracked 
|  51|0x00000000c4b00000, 0x00000000c4b00000, 0x00000000c4c00000|  0%| F|  |TAMS 0x00000000c4b00000, 0x00000000c4b00000| Untracked 
|  52|0x00000000c4c00000, 0x00000000c4c00000, 0x00000000c4d00000|  0%| F|  |TAMS 0x00000000c4c00000, 0x00000000c4c00000| Untracked 
|  53|0x00000000c4d00000, 0x00000000c4d00000, 0x00000000c4e00000|  0%| F|  |TAMS 0x00000000c4d00000, 0x00000000c4d00000| Untracked 
|  54|0x00000000c4e00000, 0x00000000c4e00000, 0x00000000c4f00000|  0%| F|  |TAMS 0x00000000c4e00000, 0x00000000c4e00000| Untracked 
|  55|0x00000000c4f00000, 0x00000000c4f00000, 0x00000000c5000000|  0%| F|  |TAMS 0x00000000c4f00000, 0x00000000c4f00000| Untracked 
|  56|0x00000000c5000000, 0x00000000c5000000, 0x00000000c5100000|  0%| F|  |TAMS 0x00000000c5000000, 0x00000000c5000000| Untracked 
|  57|0x00000000c5100000, 0x00000000c5100000, 0x00000000c5200000|  0%| F|  |TAMS 0x00000000c5100000, 0x00000000c5100000| Untracked 
|  58|0x00000000c5200000, 0x00000000c5200000, 0x00000000c5300000|  0%| F|  |TAMS 0x00000000c5200000, 0x00000000c5200000| Untracked 
|  59|0x00000000c5300000, 0x00000000c5300000, 0x00000000c5400000|  0%| F|  |TAMS 0x00000000c5300000, 0x00000000c5300000| Untracked 
|  60|0x00000000c5400000, 0x00000000c5400000, 0x00000000c5500000|  0%| F|  |TAMS 0x00000000c5400000, 0x00000000c5400000| Untracked 
|  61|0x00000000c5500000, 0x00000000c55a9f70, 0x00000000c5600000| 66%| E|  |TAMS 0x00000000c5500000, 0x00000000c5500000| Complete 
|  62|0x00000000c5600000, 0x00000000c5700000, 0x00000000c5700000|100%| E|CS|TAMS 0x00000000c5600000, 0x00000000c5600000| Complete 
|  63|0x00000000c5700000, 0x00000000c5800000, 0x00000000c5800000|100%| E|CS|TAMS 0x00000000c5700000, 0x00000000c5700000| Complete 

Card table byte_map: [0x000002eafdd40000,0x000002eafdf40000] _byte_map_base: 0x000002eafd734000

Marking Bits (Prev, Next): (CMBitMap*) 0x000002eafbc91e60, (CMBitMap*) 0x000002eafbc91ea0
 Prev Bits: [0x000002eafe140000, 0x000002eaff0e0000)
 Next Bits: [0x000002ea966a0000, 0x000002ea97640000)

Polling page: 0x000002eafbd40000

Metaspace:

Usage:
  Non-class:     12.14 MB used.
      Class:      1.56 MB used.
       Both:     13.70 MB used.

Virtual space:
  Non-class space:       16.00 MB reserved,      12.25 MB ( 77%) committed,  2 nodes.
      Class space:        1.00 GB reserved,       1.69 MB ( <1%) committed,  1 nodes.
              Both:        1.02 GB reserved,      13.94 MB (  1%) committed. 

Chunk freelists:
   Non-Class:  2.89 MB
       Class:  2.15 MB
        Both:  5.04 MB

MaxMetaspaceSize: 17179869184.00 GB
CompressedClassSpaceSize: 1.00 GB
 - commit_granule_bytes: 65536.
 - commit_granule_words: 8192.
 - virtual_space_node_default_size: 1048576.
 - enlarge_chunks_in_place: 1.
 - new_chunks_are_fully_committed: 0.
 - uncommit_free_chunks: 1.
 - use_allocation_guard: 0.
 - handle_deallocations: 1.


Internal statistics:

num_allocs_failed_limit: 0.
num_arena_births: 82.
num_arena_deaths: 0.
num_vsnodes_births: 3.
num_vsnodes_deaths: 0.
num_space_committed: 223.
num_space_uncommitted: 0.
num_chunks_returned_to_freelist: 0.
num_chunks_taken_from_freelist: 551.
num_chunk_merges: 0.
num_chunk_splits: 402.
num_chunks_enlarged: 319.
num_purges: 0.

CodeHeap 'non-profiled nmethods': size=120000Kb used=1351Kb max_used=1351Kb free=118648Kb
 bounds [0x000002ea8f170000, 0x000002ea8f3e0000, 0x000002ea966a0000]
CodeHeap 'profiled nmethods': size=120000Kb used=5968Kb max_used=5968Kb free=114031Kb
 bounds [0x000002ea87c40000, 0x000002ea88220000, 0x000002ea8f170000]
CodeHeap 'non-nmethods': size=5760Kb used=1202Kb max_used=1257Kb free=4558Kb
 bounds [0x000002ea876a0000, 0x000002ea87910000, 0x000002ea87c40000]
 total_blobs=3502 nmethods=3009 adapters=405
 compilation: enabled
              stopped_count=0, restarted_count=0
 full_count=0

Compilation events (20 events):
Event: 3.581 Thread 0x000002eaff676480 nmethod 3004 0x000002ea8820fc10 code [0x000002ea8820fda0, 0x000002ea8820fed8]
Event: 3.581 Thread 0x000002eaff676480 3009       3       sun.invoke.util.Wrapper::forPrimitiveType (49 bytes)
Event: 3.582 Thread 0x000002eafbd36950 nmethod 3003 0x000002ea8f2c0310 code [0x000002ea8f2c04a0, 0x000002ea8f2c05e8]
Event: 3.584 Thread 0x000002eafbd36950 3011       4       java.io.InputStream::<init> (5 bytes)
Event: 3.584 Thread 0x000002eaff676480 nmethod 3009 0x000002ea8820ff90 code [0x000002ea88210300, 0x000002ea882116c8]
Event: 3.584 Thread 0x000002eaff676480 3005       3       java.lang.invoke.MemberName::init (67 bytes)
Event: 3.584 Thread 0x000002eaff676480 nmethod 3005 0x000002ea88211e10 code [0x000002ea88211fc0, 0x000002ea882121f8]
Event: 3.584 Thread 0x000002eaff676480 3010       3       java.lang.invoke.MemberName::isResolved (13 bytes)
Event: 3.584 Thread 0x000002eafbd36950 nmethod 3011 0x000002ea8f2c0710 code [0x000002ea8f2c0880, 0x000002ea8f2c08f8]
Event: 3.584 Thread 0x000002eaff676480 nmethod 3010 0x000002ea88212290 code [0x000002ea88212420, 0x000002ea88212598]
Event: 3.584 Thread 0x000002eaff676480 3008       3       java.lang.invoke.MethodType::toMethodDescriptorString (28 bytes)
Event: 3.585 Thread 0x000002eaff676480 nmethod 3008 0x000002ea88212610 code [0x000002ea882127c0, 0x000002ea882129a8]
Event: 3.597 Thread 0x000002ea9a068580 nmethod 2984 0x000002ea8f2c0a10 code [0x000002ea8f2c0be0, 0x000002ea8f2c1808]
Event: 3.844 Thread 0x000002eaff676480 3012       3       org.fusesource.jansi.FilterPrintStream::write (17 bytes)
Event: 3.844 Thread 0x000002eafbd36950 3015  s    4       org.fusesource.jansi.AnsiPrintStream::filter (948 bytes)
Event: 3.845 Thread 0x000002eaff676480 nmethod 3012 0x000002ea88212a90 code [0x000002ea88212c40, 0x000002ea88212f38]
Event: 3.845 Thread 0x000002eaff676480 3013   !   3       java.io.PrintStream::write (66 bytes)
Event: 3.845 Thread 0x000002eaff676480 nmethod 3013 0x000002ea88213010 code [0x000002ea88213240, 0x000002ea88213958]
Event: 3.845 Thread 0x000002eaff676480 3014  s    3       java.io.BufferedOutputStream::write (35 bytes)
Event: 3.846 Thread 0x000002eaff676480 nmethod 3014 0x000002ea88213c90 code [0x000002ea88213e60, 0x000002ea88214228]

GC Heap History (8 events):
Event: 0.633 GC heap before
{Heap before GC invocations=0 (full 0):
 garbage-first heap   total 65536K, used 12288K [0x00000000c1800000, 0x0000000100000000)
  region size 1024K, 13 young (13312K), 0 survivors (0K)
 Metaspace       used 3516K, committed 3712K, reserved 1056768K
  class space    used 350K, committed 448K, reserved 1048576K
}
Event: 0.639 GC heap after
{Heap after GC invocations=1 (full 0):
 garbage-first heap   total 65536K, used 3089K [0x00000000c1800000, 0x0000000100000000)
  region size 1024K, 2 young (2048K), 2 survivors (2048K)
 Metaspace       used 3516K, committed 3712K, reserved 1056768K
  class space    used 350K, committed 448K, reserved 1048576K
}
Event: 0.971 GC heap before
{Heap before GC invocations=1 (full 0):
 garbage-first heap   total 65536K, used 17425K [0x00000000c1800000, 0x0000000100000000)
  region size 1024K, 16 young (16384K), 2 survivors (2048K)
 Metaspace       used 5265K, committed 5440K, reserved 1056768K
  class space    used 594K, committed 704K, reserved 1048576K
}
Event: 0.978 GC heap after
{Heap after GC invocations=2 (full 0):
 garbage-first heap   total 65536K, used 3869K [0x00000000c1800000, 0x0000000100000000)
  region size 1024K, 1 young (1024K), 1 survivors (1024K)
 Metaspace       used 5265K, committed 5440K, reserved 1056768K
  class space    used 594K, committed 704K, reserved 1048576K
}
Event: 2.145 GC heap before
{Heap before GC invocations=2 (full 0):
 garbage-first heap   total 65536K, used 41757K [0x00000000c1800000, 0x0000000100000000)
  region size 1024K, 38 young (38912K), 1 survivors (1024K)
 Metaspace       used 11739K, committed 11904K, reserved 1064960K
  class space    used 1377K, committed 1472K, reserved 1048576K
}
Event: 2.156 GC heap after
{Heap after GC invocations=3 (full 0):
 garbage-first heap   total 65536K, used 6035K [0x00000000c1800000, 0x0000000100000000)
  region size 1024K, 3 young (3072K), 3 survivors (3072K)
 Metaspace       used 11739K, committed 11904K, reserved 1064960K
  class space    used 1377K, committed 1472K, reserved 1048576K
}
Event: 3.507 GC heap before
{Heap before GC invocations=3 (full 0):
 garbage-first heap   total 65536K, used 41875K [0x00000000c1800000, 0x0000000100000000)
  region size 1024K, 38 young (38912K), 3 survivors (3072K)
 Metaspace       used 13609K, committed 13760K, reserved 1064960K
  class space    used 1538K, committed 1600K, reserved 1048576K
}
Event: 3.521 GC heap after
{Heap after GC invocations=4 (full 0):
 garbage-first heap   total 65536K, used 8415K [0x00000000c1800000, 0x0000000100000000)
  region size 1024K, 5 young (5120K), 5 survivors (5120K)
 Metaspace       used 13609K, committed 13760K, reserved 1064960K
  class space    used 1538K, committed 1600K, reserved 1048576K
}

Deoptimization events (20 events):
Event: 3.434 Thread 0x000002eafbc60a10 Uncommon trap: trap_request=0xffffffde fr.pc=0x000002ea8f21cd10 relative=0x0000000000000070
Event: 3.434 Thread 0x000002eafbc60a10 Uncommon trap: reason=class_check action=maybe_recompile pc=0x000002ea8f21cd10 method=com.google.inject.internal.LinkedBindingImpl.acceptTargetVisitor(Lcom/google/inject/spi/BindingTargetVisitor;)Ljava/lang/Object; @ 2 c2
Event: 3.434 Thread 0x000002eafbc60a10 DEOPT PACKING pc=0x000002ea8f21cd10 sp=0x000000fefc2fda00
Event: 3.434 Thread 0x000002eafbc60a10 DEOPT UNPACKING pc=0x000002ea876ed72e sp=0x000000fefc2fd998 mode 2
Event: 3.434 Thread 0x000002eafbc60a10 Uncommon trap: trap_request=0xffffffde fr.pc=0x000002ea8f21cd10 relative=0x0000000000000070
Event: 3.434 Thread 0x000002eafbc60a10 Uncommon trap: reason=class_check action=maybe_recompile pc=0x000002ea8f21cd10 method=com.google.inject.internal.LinkedBindingImpl.acceptTargetVisitor(Lcom/google/inject/spi/BindingTargetVisitor;)Ljava/lang/Object; @ 2 c2
Event: 3.434 Thread 0x000002eafbc60a10 DEOPT PACKING pc=0x000002ea8f21cd10 sp=0x000000fefc2fda00
Event: 3.434 Thread 0x000002eafbc60a10 DEOPT UNPACKING pc=0x000002ea876ed72e sp=0x000000fefc2fd998 mode 2
Event: 3.494 Thread 0x000002eafbc60a10 Uncommon trap: trap_request=0xffffffde fr.pc=0x000002ea8f21cd10 relative=0x0000000000000070
Event: 3.494 Thread 0x000002eafbc60a10 Uncommon trap: reason=class_check action=maybe_recompile pc=0x000002ea8f21cd10 method=com.google.inject.internal.LinkedBindingImpl.acceptTargetVisitor(Lcom/google/inject/spi/BindingTargetVisitor;)Ljava/lang/Object; @ 2 c2
Event: 3.494 Thread 0x000002eafbc60a10 DEOPT PACKING pc=0x000002ea8f21cd10 sp=0x000000fefc2fda00
Event: 3.494 Thread 0x000002eafbc60a10 DEOPT UNPACKING pc=0x000002ea876ed72e sp=0x000000fefc2fd998 mode 2
Event: 3.494 Thread 0x000002eafbc60a10 Uncommon trap: trap_request=0xffffffde fr.pc=0x000002ea8f21cd10 relative=0x0000000000000070
Event: 3.494 Thread 0x000002eafbc60a10 Uncommon trap: reason=class_check action=maybe_recompile pc=0x000002ea8f21cd10 method=com.google.inject.internal.LinkedBindingImpl.acceptTargetVisitor(Lcom/google/inject/spi/BindingTargetVisitor;)Ljava/lang/Object; @ 2 c2
Event: 3.494 Thread 0x000002eafbc60a10 DEOPT PACKING pc=0x000002ea8f21cd10 sp=0x000000fefc2fda00
Event: 3.494 Thread 0x000002eafbc60a10 DEOPT UNPACKING pc=0x000002ea876ed72e sp=0x000000fefc2fd998 mode 2
Event: 3.540 Thread 0x000002eafbc60a10 DEOPT PACKING pc=0x000002ea87d040b4 sp=0x000000fefc2f8170
Event: 3.540 Thread 0x000002eafbc60a10 DEOPT UNPACKING pc=0x000002ea876edece sp=0x000000fefc2f75a8 mode 0
Event: 3.540 Thread 0x000002eafbc60a10 DEOPT PACKING pc=0x000002ea87d03ccc sp=0x000000fefc2f81e0
Event: 3.540 Thread 0x000002eafbc60a10 DEOPT UNPACKING pc=0x000002ea876edece sp=0x000000fefc2f7688 mode 0

Classes unloaded (0 events):
No events

Classes redefined (0 events):
No events

Internal exceptions (20 events):
Event: 1.807 Thread 0x000002eafbc60a10 Exception <a 'java/lang/NoClassDefFoundError'{0x00000000c3a8d0d0}: javax/annotation/Priority> (0x00000000c3a8d0d0) 
thrown [t:\workspace\open\src\hotspot\share\classfile\systemDictionary.cpp, line 245]
Event: 1.909 Thread 0x000002eafbc60a10 Exception <a 'java/lang/NoSuchMethodError'{0x00000000c38efa70}: 'java.lang.Object java.lang.invoke.DirectMethodHandle$Holder.invokeStatic(java.lang.Object)'> (0x00000000c38efa70) 
thrown [t:\workspace\open\src\hotspot\share\interpreter\linkResolver.cpp, line 790]
Event: 1.913 Thread 0x000002eafbc60a10 Exception <a 'java/lang/NoSuchMethodError'{0x00000000c38fab78}: 'java.lang.Object java.lang.invoke.DirectMethodHandle$Holder.invokeStaticInit(java.lang.Object, int, int, int, int)'> (0x00000000c38fab78) 
thrown [t:\workspace\open\src\hotspot\share\interpreter\linkResolver.cpp, line 790]
Event: 2.678 Thread 0x000002eafbc60a10 Implicit null exception at 0x000002ea8f1ea0e0 to 0x000002ea8f1ea17a
Event: 2.679 Thread 0x000002eafbc60a10 Implicit null exception at 0x000002ea8f1fd30f to 0x000002ea8f1fd6b8
Event: 2.679 Thread 0x000002eafbc60a10 Implicit null exception at 0x000002ea8f1dc9af to 0x000002ea8f1dca2d
Event: 2.764 Thread 0x000002eafbc60a10 Implicit null exception at 0x000002ea8f1dbb0f to 0x000002ea8f1dbea0
Event: 3.456 Thread 0x000002eafbc60a10 Exception <a 'java/lang/NoClassDefFoundError'{0x00000000c36331f8}: org/sonatype/aether/installation/InstallationException> (0x00000000c36331f8) 
thrown [t:\workspace\open\src\hotspot\share\classfile\systemDictionary.cpp, line 245]
Event: 3.464 Thread 0x000002eafbc60a10 Exception <a 'java/lang/NoClassDefFoundError'{0x00000000c3678e60}: org/sonatype/aether/artifact/Artifact> (0x00000000c3678e60) 
thrown [t:\workspace\open\src\hotspot\share\classfile\systemDictionary.cpp, line 245]
Event: 3.471 Thread 0x000002eafbc60a10 Exception <a 'java/lang/NoClassDefFoundError'{0x00000000c36c96d8}: org/sonatype/aether/artifact/Artifact> (0x00000000c36c96d8) 
thrown [t:\workspace\open\src\hotspot\share\classfile\systemDictionary.cpp, line 245]
Event: 3.473 Thread 0x000002eafbc60a10 Exception <a 'java/lang/NoClassDefFoundError'{0x00000000c36dc4b8}: org/sonatype/aether/resolution/ArtifactDescriptorException> (0x00000000c36dc4b8) 
thrown [t:\workspace\open\src\hotspot\share\classfile\systemDictionary.cpp, line 245]
Event: 3.480 Thread 0x000002eafbc60a10 Exception <a 'java/lang/NoClassDefFoundError'{0x00000000c351d0c8}: org/sonatype/aether/deployment/DeploymentException> (0x00000000c351d0c8) 
thrown [t:\workspace\open\src\hotspot\share\classfile\systemDictionary.cpp, line 245]
Event: 3.481 Thread 0x000002eafbc60a10 Exception <a 'java/lang/NoClassDefFoundError'{0x00000000c3525108}: org/sonatype/aether/artifact/Artifact> (0x00000000c3525108) 
thrown [t:\workspace\open\src\hotspot\share\classfile\systemDictionary.cpp, line 245]
Event: 3.482 Thread 0x000002eafbc60a10 Exception <a 'java/lang/NoClassDefFoundError'{0x00000000c3534ca8}: org/sonatype/aether/artifact/ArtifactType> (0x00000000c3534ca8) 
thrown [t:\workspace\open\src\hotspot\share\classfile\systemDictionary.cpp, line 245]
Event: 3.573 Thread 0x000002eafbc60a10 Exception <a 'java/lang/NoSuchMethodError'{0x00000000c56aaf38}: 'void java.lang.invoke.DirectMethodHandle$Holder.invokeStatic(java.lang.Object, long)'> (0x00000000c56aaf38) 
thrown [t:\workspace\open\src\hotspot\share\interpreter\linkResolver.cpp, line 790]
Event: 3.574 Thread 0x000002eafbc60a10 Exception <a 'java/lang/NoSuchMethodError'{0x00000000c56b0b00}: 'java.lang.Object java.lang.invoke.DirectMethodHandle$Holder.newInvokeSpecial(java.lang.Object, long)'> (0x00000000c56b0b00) 
thrown [t:\workspace\open\src\hotspot\share\interpreter\linkResolver.cpp, line 790]
Event: 3.576 Thread 0x000002eafbc60a10 Exception <a 'java/lang/NoSuchMethodError'{0x00000000c56b5730}: 'java.lang.Object java.lang.invoke.DirectMethodHandle$Holder.invokeStaticInit(java.lang.Object)'> (0x00000000c56b5730) 
thrown [t:\workspace\open\src\hotspot\share\interpreter\linkResolver.cpp, line 790]
Event: 3.579 Thread 0x000002eafbc60a10 Exception <a 'java/lang/NoSuchMethodError'{0x00000000c56bf4b0}: 'java.lang.Object java.lang.invoke.DirectMethodHandle$Holder.invokeStaticInit(java.lang.Object, java.lang.Object, long, java.lang.Object)'> (0x00000000c56bf4b0) 
thrown [t:\workspace\open\src\hotspot\share\interpreter\linkResolver.cpp, line 790]
Event: 3.580 Thread 0x000002eafbc60a10 Exception <a 'java/lang/NoSuchMethodError'{0x00000000c56c5ec0}: 'java.lang.Object java.lang.invoke.DirectMethodHandle$Holder.newInvokeSpecial(java.lang.Object, java.lang.Object, long)'> (0x00000000c56c5ec0) 
thrown [t:\workspace\open\src\hotspot\share\interpreter\linkResolver.cpp, line 790]
Event: 3.581 Thread 0x000002eafbc60a10 Exception <a 'java/lang/NoSuchMethodError'{0x00000000c56ca2c0}: 'java.lang.Object java.lang.invoke.Invokers$Holder.linkToTargetMethod(java.lang.Object, long, java.lang.Object)'> (0x00000000c56ca2c0) 
thrown [t:\workspace\open\src\hotspot\share\interpreter\linkResolver.cpp, line 790]

Events (20 events):
Event: 3.582 loading class java/util/concurrent/SynchronousQueue$Transferer done
Event: 3.582 loading class java/util/concurrent/SynchronousQueue$TransferStack done
Event: 3.582 loading class java/util/concurrent/SynchronousQueue$TransferStack$SNode
Event: 3.583 loading class java/util/concurrent/SynchronousQueue$TransferStack$SNode done
Event: 3.583 loading class java/lang/ProcessImpl$2
Event: 3.583 loading class java/lang/ProcessImpl$2 done
Event: 3.583 loading class java/lang/Process$PipeInputStream
Event: 3.583 loading class java/lang/Process$PipeInputStream done
Event: 3.583 Executing  VM operation: HandshakeAllThreads
Event: 3.583 Executing  VM operation: HandshakeAllThreads done
Event: 3.584 loading class jdk/internal/event/ProcessStartEvent
Event: 3.584 loading class jdk/internal/event/Event
Event: 3.584 loading class jdk/internal/event/Event done
Event: 3.584 loading class jdk/internal/event/ProcessStartEvent done
Event: 3.585 loading class java/io/PipedOutputStream
Event: 3.585 loading class java/io/PipedOutputStream done
Event: 3.587 Thread 0x000002ea9b3bd7b0 Thread added: 0x000002ea9b3bd7b0
Event: 3.587 Thread 0x000002ea9b3bdcd0 Thread added: 0x000002ea9b3bdcd0
Event: 3.587 Thread 0x000002ea9b470a70 Thread added: 0x000002ea9b470a70
Event: 3.844 Thread 0x000002ea9a068580 Thread exited: 0x000002ea9a068580


Dynamic libraries:
0x00007ff785230000 - 0x00007ff785240000 	C:\Program Files\Java\jdk-16.0.2\bin\java.exe
0x00007ffef4950000 - 0x00007ffef4b45000 	C:\WINDOWS\SYSTEM32\ntdll.dll
0x00007ffef42a0000 - 0x00007ffef435e000 	C:\WINDOWS\System32\KERNEL32.DLL
0x00007ffef2260000 - 0x00007ffef2529000 	C:\WINDOWS\System32\KERNELBASE.dll
0x00007ffef27a0000 - 0x00007ffef28a0000 	C:\WINDOWS\System32\ucrtbase.dll
0x00007ffeea000000 - 0x00007ffeea019000 	C:\Program Files\Java\jdk-16.0.2\bin\VCRUNTIME140.dll
0x00007ffedd2a0000 - 0x00007ffedd2b8000 	C:\Program Files\Java\jdk-16.0.2\bin\jli.dll
0x00007ffef3b00000 - 0x00007ffef3bac000 	C:\WINDOWS\System32\ADVAPI32.dll
0x00007ffef3c80000 - 0x00007ffef3d1e000 	C:\WINDOWS\System32\msvcrt.dll
0x00007ffef2fd0000 - 0x00007ffef306b000 	C:\WINDOWS\System32\sechost.dll
0x00007ffef47e0000 - 0x00007ffef490a000 	C:\WINDOWS\System32\RPCRT4.dll
0x00007ffef4360000 - 0x00007ffef4501000 	C:\WINDOWS\System32\USER32.dll
0x00007ffed7bb0000 - 0x00007ffed7e4a000 	C:\WINDOWS\WinSxS\amd64_microsoft.windows.common-controls_6595b64144ccf1df_6.0.19041.1110_none_60b5254171f9507e\COMCTL32.dll
0x00007ffef20d0000 - 0x00007ffef20f2000 	C:\WINDOWS\System32\win32u.dll
0x00007ffef46c0000 - 0x00007ffef46eb000 	C:\WINDOWS\System32\GDI32.dll
0x00007ffef2530000 - 0x00007ffef263b000 	C:\WINDOWS\System32\gdi32full.dll
0x00007ffef2100000 - 0x00007ffef219d000 	C:\WINDOWS\System32\msvcp_win.dll
0x00007ffee5c80000 - 0x00007ffee5c8a000 	C:\WINDOWS\SYSTEM32\VERSION.dll
0x00007ffef29a0000 - 0x00007ffef29d0000 	C:\WINDOWS\System32\IMM32.DLL
0x00007ffee9ff0000 - 0x00007ffee9ffc000 	C:\Program Files\Java\jdk-16.0.2\bin\vcruntime140_1.dll
0x00007ffedc930000 - 0x00007ffedc9c1000 	C:\Program Files\Java\jdk-16.0.2\bin\msvcp140.dll
0x00007ffec7350000 - 0x00007ffec7efb000 	C:\Program Files\Java\jdk-16.0.2\bin\server\jvm.dll
0x00007ffef4510000 - 0x00007ffef4518000 	C:\WINDOWS\System32\PSAPI.DLL
0x00007ffeea020000 - 0x00007ffeea029000 	C:\WINDOWS\SYSTEM32\WSOCK32.dll
0x00007ffeda230000 - 0x00007ffeda257000 	C:\WINDOWS\SYSTEM32\WINMM.dll
0x00007ffef4650000 - 0x00007ffef46bb000 	C:\WINDOWS\System32\WS2_32.dll
0x00007ffef0000000 - 0x00007ffef0012000 	C:\WINDOWS\SYSTEM32\kernel.appcore.dll
0x00007ffee9fc0000 - 0x00007ffee9fca000 	C:\Program Files\Java\jdk-16.0.2\bin\jimage.dll
0x00007ffeeccd0000 - 0x00007ffeeceb4000 	C:\WINDOWS\SYSTEM32\DBGHELP.DLL
0x00007ffeda0a0000 - 0x00007ffeda0cc000 	C:\WINDOWS\SYSTEM32\dbgcore.DLL
0x00007ffef21a0000 - 0x00007ffef2223000 	C:\WINDOWS\System32\bcryptPrimitives.dll
0x00007ffee8690000 - 0x00007ffee86b5000 	C:\Program Files\Java\jdk-16.0.2\bin\java.dll
0x00007ffef33c0000 - 0x00007ffef3aff000 	C:\WINDOWS\System32\SHELL32.dll
0x00007ffef0170000 - 0x00007ffef0900000 	C:\WINDOWS\SYSTEM32\windows.storage.dll
0x00007ffef3f40000 - 0x00007ffef4295000 	C:\WINDOWS\System32\combase.dll
0x00007ffef1a50000 - 0x00007ffef1a7c000 	C:\WINDOWS\SYSTEM32\Wldp.dll
0x00007ffef3310000 - 0x00007ffef33be000 	C:\WINDOWS\System32\SHCORE.dll
0x00007ffef46f0000 - 0x00007ffef4745000 	C:\WINDOWS\System32\shlwapi.dll
0x00007ffef1fb0000 - 0x00007ffef1fcf000 	C:\WINDOWS\SYSTEM32\profapi.dll
0x00007ffee6f30000 - 0x00007ffee6f49000 	C:\Program Files\Java\jdk-16.0.2\bin\net.dll
0x00007ffedfcb0000 - 0x00007ffedfdb8000 	C:\WINDOWS\SYSTEM32\WINHTTP.dll
0x00007ffef1750000 - 0x00007ffef17ba000 	C:\WINDOWS\system32\mswsock.dll
0x00007ffee6f10000 - 0x00007ffee6f23000 	C:\Program Files\Java\jdk-16.0.2\bin\nio.dll
0x00007ffee6ef0000 - 0x00007ffee6f08000 	C:\Program Files\Java\jdk-16.0.2\bin\zip.dll
0x00007ffee9fb0000 - 0x00007ffee9fc0000 	C:\Program Files\Java\jdk-16.0.2\bin\verify.dll
0x00007ffee6d40000 - 0x00007ffee6d4a000 	C:\Program Files\NetBeans-12.5\netbeans\java\maven\lib\jansi-native\windows64\jansi.dll

dbghelp: loaded successfully - version: 4.0.5 - missing functions: none
symbol engine: initialized successfully - sym options: 0x614 - pdb path: .;C:\Program Files\Java\jdk-16.0.2\bin;C:\WINDOWS\SYSTEM32;C:\WINDOWS\WinSxS\amd64_microsoft.windows.common-controls_6595b64144ccf1df_6.0.19041.1110_none_60b5254171f9507e;C:\Program Files\Java\jdk-16.0.2\bin\server;C:\Program Files\NetBeans-12.5\netbeans\java\maven\lib\jansi-native\windows64

VM Arguments:
jvm_args: -Dclassworlds.conf=C:\Program Files\NetBeans-12.5\netbeans\java\maven\bin\..\bin\m2.conf -Dmaven.home=C:\Program Files\NetBeans-12.5\netbeans\java\maven\bin\.. -Dlibrary.jansi.path=C:\Program Files\NetBeans-12.5\netbeans\java\maven\bin\..\lib\jansi-native -Dmaven.multiModuleProjectDirectory=C:\Users\dell\Documents\NetBeansProjects\projetoN2 
java_command: org.codehaus.plexus.classworlds.launcher.Launcher -Dexec.vmArgs= -Dexec.args=${exec.vmArgs} -classpath %classpath ${exec.mainClass} ${exec.appArgs} -Dexec.executable=C:\Program Files\Java\jdk-16.0.2\bin\java.exe -Dexec.mainClass=view.Tabela -Dexec.classpathScope=runtime -Dexec.appArgs= -Dmaven.ext.class.path=C:\Program Files\NetBeans-12.5\netbeans\java\maven-nblib\netbeans-eventspy.jar -Dfile.encoding=UTF-8 org.codehaus.mojo:exec-maven-plugin:3.0.0:exec
java_class_path (initial): C:\Program Files\NetBeans-12.5\netbeans\java\maven\bin\..\boot\plexus-classworlds-2.6.0.jar
Launcher Type: SUN_STANDARD

[Global flags]
     intx CICompilerCount                          = 3                                         {product} {ergonomic}
     uint ConcGCThreads                            = 1                                         {product} {ergonomic}
     uint G1ConcRefinementThreads                  = 4                                         {product} {ergonomic}
   size_t G1HeapRegionSize                         = 1048576                                   {product} {ergonomic}
    uintx GCDrainStackTargetSize                   = 64                                        {product} {ergonomic}
   size_t InitialHeapSize                          = 67108864                                  {product} {ergonomic}
   size_t MarkStackSize                            = 4194304                                   {product} {ergonomic}
   size_t MaxHeapSize                              = 1048576000                                {product} {ergonomic}
   size_t MaxNewSize                               = 629145600                                 {product} {ergonomic}
   size_t MinHeapDeltaBytes                        = 1048576                                   {product} {ergonomic}
   size_t MinHeapSize                              = 8388608                                   {product} {ergonomic}
    uintx NonNMethodCodeHeapSize                   = 5832780                                {pd product} {ergonomic}
    uintx NonProfiledCodeHeapSize                  = 122912730                              {pd product} {ergonomic}
    uintx ProfiledCodeHeapSize                     = 122912730                              {pd product} {ergonomic}
    uintx ReservedCodeCacheSize                    = 251658240                              {pd product} {ergonomic}
     bool SegmentedCodeCache                       = true                                      {product} {ergonomic}
   size_t SoftMaxHeapSize                          = 1048576000                             {manageable} {ergonomic}
     bool UseCompressedClassPointers               = true                           {product lp64_product} {ergonomic}
     bool UseCompressedOops                        = true                           {product lp64_product} {ergonomic}
     bool UseG1GC                                  = true                                      {product} {ergonomic}
     bool UseLargePagesIndividualAllocation        = false                                  {pd product} {ergonomic}

Logging:
Log output configuration:
 #0: stdout all=warning uptime,level,tags
 #1: stderr all=off uptime,level,tags

Environment Variables:
JAVA_HOME=C:\Program Files\Java\jdk-16.0.2
PATH=C:\Program Files\Common Files\Oracle\Java\javapath;C:\Program Files (x86)\Common Files\Oracle\Java\javapath;C:\Program Files\AdoptOpenJDK\jdk-14.0.2.12-hotspot\bin;C:\WINDOWS\system32;C:\WINDOWS;C:\WINDOWS\System32\Wbem;C:\WINDOWS\System32\WindowsPowerShell\v1.0\;C:\WINDOWS\System32\OpenSSH\;C:\Program Files\nodejs\;C:\Program Files (x86)\Intel\Intel(R) Management Engine Components\DAL;C:\Program Files\Intel\Intel(R) Management Engine Components\DAL;C:\MinGW\bin;C:\Program Files\Java\jdk-15.0.2\bin;C:\Program Files\Git\cmd;C:\Program Files\Apache\maven\apache-maven-3.8.3\bin;C:\Program Files\MySQL\MySQL Shell 8.0\bin\;C:\Users\dell\AppData\Local\Microsoft\WindowsApps;C:\Users\dell\AppData\Roaming\npm;C:\MinGW\bin;;C:\Program Files\JetBrains\IntelliJ IDEA Community Edition 2021.2\bin;;C:\Users\dell\AppData\Local\Programs\mongosh\
USERNAME=dell
OS=Windows_NT
PROCESSOR_IDENTIFIER=Intel64 Family 6 Model 142 Stepping 9, GenuineIntel



---------------  S Y S T E M  ---------------

OS:
 Windows 10 , 64 bit Build 19041 (10.0.19041.1202)
OS uptime: 0 days 5:16 hours

CPU: total 4 (initial active 4) (2 cores per cpu, 2 threads per core) family 6 model 142 stepping 9 microcode 0xea, cx8, cmov, fxsr, ht, mmx, 3dnowpref, sse, sse2, sse3, ssse3, sse4.1, sse4.2, popcnt, lzcnt, tsc, tscinvbit, avx, avx2, aes, erms, clmul, bmi1, bmi2, adx, fma, vzeroupper, clflush, clflushopt

Memory: 4k page, system-wide physical 3996M (385M free)
TotalPageFile size 5391M (AvailPageFile size 2M)
current process WorkingSet (physical memory assigned to process): 124M, peak: 124M
current process commit charge ("private bytes"): 177M, peak: 179M

vm_info: Java HotSpot(TM) 64-Bit Server VM (16.0.2+7-67) for windows-amd64 JRE (16.0.2+7-67), built on Jun  8 2021 23:24:19 by "mach5one" with MS VC++ 16.7 (VS2019)

END.
