#
# There is insufficient memory for the Java Runtime Environment to continue.
# Native memory allocation (malloc) failed to allocate 80448 bytes for Chunk::new
# Possible reasons:
#   The system is out of physical RAM or swap space
#   The process is running with CompressedOops enabled, and the Java Heap may be blocking the growth of the native heap
# Possible solutions:
#   Reduce memory load on the system
#   Increase physical memory or swap space
#   Check if swap backing store is full
#   Decrease Java heap size (-Xmx/-Xms)
#   Decrease number of Java threads
#   Decrease Java thread stack sizes (-Xss)
#   Set larger code cache with -XX:ReservedCodeCacheSize=
#   JVM is running with Unscaled Compressed Oops mode in which the Java heap is
#     placed in the first 4GB address space. The Java Heap base address is the
#     maximum limit for the native heap growth. Please use -XX:HeapBaseMinAddress
#     to set the Java Heap base and to place the Java Heap above 4GB virtual address.
# This output file may be truncated or incomplete.
#
#  Out of Memory Error (arena.cpp:195), pid=8084, tid=8164
#
# JRE version: Java(TM) SE Runtime Environment (16.0.2+7) (build 16.0.2+7-67)
# Java VM: Java HotSpot(TM) 64-Bit Server VM (16.0.2+7-67, mixed mode, sharing, tiered, compressed oops, compressed class ptrs, g1 gc, windows-amd64)
# No core dump will be written. Minidumps are not enabled by default on client versions of Windows
#

---------------  S U M M A R Y ------------

Command Line: -Dclassworlds.conf=C:\Program Files\NetBeans-12.5\netbeans\java\maven\bin\..\bin\m2.conf -Dmaven.home=C:\Program Files\NetBeans-12.5\netbeans\java\maven\bin\.. -Dlibrary.jansi.path=C:\Program Files\NetBeans-12.5\netbeans\java\maven\bin\..\lib\jansi-native -Dmaven.multiModuleProjectDirectory=C:\Users\dell\Documents\NetBeansProjects\projetoN2 org.codehaus.plexus.classworlds.launcher.Launcher -Dexec.vmArgs= -Dexec.args=${exec.vmArgs} -classpath %classpath ${exec.mainClass} ${exec.appArgs} -Dexec.executable=C:\Program Files\Java\jdk-16.0.2\bin\java.exe -Dexec.mainClass=view.TelaInit -Dexec.classpathScope=runtime -Dexec.appArgs= -Dmaven.ext.class.path=C:\Program Files\NetBeans-12.5\netbeans\java\maven-nblib\netbeans-eventspy.jar -Dfile.encoding=UTF-8 org.codehaus.mojo:exec-maven-plugin:3.0.0:exec

Host: Intel(R) Core(TM) i3-7020U CPU @ 2.30GHz, 4 cores, 3G,  Windows 10 , 64 bit Build 19041 (10.0.19041.1202)
Time: Tue Oct 12 20:30:11 2021 Hora oficial do Brasil elapsed time: 0.161224 seconds (0d 0h 0m 0s)

---------------  T H R E A D  ---------------

Current thread (0x0000026563a15340):  JavaThread "C2 CompilerThread0" daemon [_thread_in_native, id=8164, stack(0x0000007a5ff00000,0x0000007a60000000)]


Current CompileTask:
C2:    161  144       4       java.lang.StringBuilder::append (8 bytes)

Stack: [0x0000007a5ff00000,0x0000007a60000000]
Native frames: (J=compiled Java code, j=interpreted, Vv=VM code, C=native code)
V  [jvm.dll+0x6681ca]
V  [jvm.dll+0x7c9e69]
V  [jvm.dll+0x7cb61e]
V  [jvm.dll+0x7cbc73]
V  [jvm.dll+0x242c55]
V  [jvm.dll+0xadeba]
V  [jvm.dll+0xae45c]
V  [jvm.dll+0x35a8d7]
V  [jvm.dll+0x324de1]
V  [jvm.dll+0x32428a]
V  [jvm.dll+0x215cec]
V  [jvm.dll+0x215100]
V  [jvm.dll+0x1a1beb]
V  [jvm.dll+0x225158]
V  [jvm.dll+0x22319c]
V  [jvm.dll+0x77fa62]
V  [jvm.dll+0x7795aa]
V  [jvm.dll+0x667066]
C  [ucrtbase.dll+0x21bb2]
C  [KERNEL32.DLL+0x17034]
C  [ntdll.dll+0x52651]


---------------  P R O C E S S  ---------------

Threads class SMR info:
_java_thread_list=0x0000026564553f60, length=12, elements={
0x00000265469d0000, 0x00000265639f8d70, 0x00000265639fa0e0, 0x0000026563a10b30,
0x0000026563a10090, 0x0000026563a0eb50, 0x0000026563a105e0, 0x0000026563a15340,
0x0000026563a23150, 0x0000026563a2f6c0, 0x0000026563a0f5f0, 0x0000026563a0fb40
}

Java Threads: ( => current thread )
  0x00000265469d0000 JavaThread "main" [_thread_in_native, id=9688, stack(0x0000007a5f200000,0x0000007a5f300000)]
  0x00000265639f8d70 JavaThread "Reference Handler" daemon [_thread_blocked, id=9916, stack(0x0000007a5f900000,0x0000007a5fa00000)]
  0x00000265639fa0e0 JavaThread "Finalizer" daemon [_thread_blocked, id=3156, stack(0x0000007a5fa00000,0x0000007a5fb00000)]
  0x0000026563a10b30 JavaThread "Signal Dispatcher" daemon [_thread_blocked, id=9104, stack(0x0000007a5fb00000,0x0000007a5fc00000)]
  0x0000026563a10090 JavaThread "Attach Listener" daemon [_thread_blocked, id=7072, stack(0x0000007a5fc00000,0x0000007a5fd00000)]
  0x0000026563a0eb50 JavaThread "Service Thread" daemon [_thread_blocked, id=6008, stack(0x0000007a5fd00000,0x0000007a5fe00000)]
  0x0000026563a105e0 JavaThread "Monitor Deflation Thread" daemon [_thread_blocked, id=8528, stack(0x0000007a5fe00000,0x0000007a5ff00000)]
=>0x0000026563a15340 JavaThread "C2 CompilerThread0" daemon [_thread_in_native, id=8164, stack(0x0000007a5ff00000,0x0000007a60000000)]
  0x0000026563a23150 JavaThread "C1 CompilerThread0" daemon [_thread_in_native, id=8376, stack(0x0000007a60000000,0x0000007a60100000)]
  0x0000026563a2f6c0 JavaThread "Sweeper thread" daemon [_thread_blocked, id=7532, stack(0x0000007a60100000,0x0000007a60200000)]
  0x0000026563a0f5f0 JavaThread "Notification Thread" daemon [_thread_blocked, id=4304, stack(0x0000007a60200000,0x0000007a60300000)]
  0x0000026563a0fb40 JavaThread "Common-Cleaner" daemon [_thread_blocked, id=5160, stack(0x0000007a60400000,0x0000007a60500000)]

Other Threads:
  0x00000265639f3c80 VMThread "VM Thread" [stack: 0x0000007a5f800000,0x0000007a5f900000] [id=4428]
  0x0000026564578600 WatcherThread [stack: 0x0000007a60300000,0x0000007a60400000] [id=9600]
  0x00000265469feac0 GCTaskThread "GC Thread#0" [stack: 0x0000007a5f300000,0x0000007a5f400000] [id=3604]
  0x0000026546a07710 ConcurrentGCThread "G1 Main Marker" [stack: 0x0000007a5f400000,0x0000007a5f500000] [id=3100]
  0x0000026546a08830 ConcurrentGCThread "G1 Conc#0" [stack: 0x0000007a5f500000,0x0000007a5f600000] [id=3592]
  0x0000026546a57e40 ConcurrentGCThread "G1 Refine#0" [stack: 0x0000007a5f600000,0x0000007a5f700000] [id=8184]
  0x0000026546a5aae0 ConcurrentGCThread "G1 Service" [stack: 0x0000007a5f700000,0x0000007a5f800000] [id=9716]

Threads with active compile tasks:
C2 CompilerThread0      375  144       4       java.lang.StringBuilder::append (8 bytes)
C1 CompilerThread0      376  297       3       java.nio.Buffer::position (52 bytes)

VM state: not at safepoint (normal execution)

VM Mutex/Monitor currently owned by a thread: None

Heap address: 0x00000000c1800000, size: 1000 MB, Compressed Oops mode: 32-bit

CDS archive(s) mapped at: [0x0000000800000000-0x0000000800bb0000-0x0000000800bb0000), size 12255232, SharedBaseAddress: 0x0000000800000000, ArchiveRelocationMode: 0.
Compressed class space mapped at: 0x0000000800c00000-0x0000000840c00000, reserved size: 1073741824
Narrow klass base: 0x0000000800000000, Narrow klass shift: 3, Narrow klass range: 0x100000000

GC Precious Log:
 CPUs: 4 total, 4 available
 Memory: 3996M
 Large Page Support: Disabled
 NUMA Support: Disabled
 Compressed Oops: Enabled (32-bit)
 Heap Region Size: 1M
 Heap Min Capacity: 8M
 Heap Initial Capacity: 64M
 Heap Max Capacity: 1000M
 Pre-touch: Disabled
 Parallel Workers: 4
 Concurrent Workers: 1
 Concurrent Refinement Workers: 4
 Periodic GC: Disabled

Heap:
 garbage-first heap   total 65536K, used 4096K [0x00000000c1800000, 0x0000000100000000)
  region size 1024K, 5 young (5120K), 0 survivors (0K)
 Metaspace       used 1125K, committed 1216K, reserved 1056768K
  class space    used 78K, committed 128K, reserved 1048576K

Heap Regions: E=young(eden), S=young(survivor), O=old, HS=humongous(starts), HC=humongous(continues), CS=collection set, F=free, OA=open archive, CA=closed archive, TAMS=top-at-mark-start (previous, next)
|   0|0x00000000c1800000, 0x00000000c1800000, 0x00000000c1900000|  0%| F|  |TAMS 0x00000000c1800000, 0x00000000c1800000| Untracked 
|   1|0x00000000c1900000, 0x00000000c1900000, 0x00000000c1a00000|  0%| F|  |TAMS 0x00000000c1900000, 0x00000000c1900000| Untracked 
|   2|0x00000000c1a00000, 0x00000000c1a00000, 0x00000000c1b00000|  0%| F|  |TAMS 0x00000000c1a00000, 0x00000000c1a00000| Untracked 
|   3|0x00000000c1b00000, 0x00000000c1b00000, 0x00000000c1c00000|  0%| F|  |TAMS 0x00000000c1b00000, 0x00000000c1b00000| Untracked 
|   4|0x00000000c1c00000, 0x00000000c1c00000, 0x00000000c1d00000|  0%| F|  |TAMS 0x00000000c1c00000, 0x00000000c1c00000| Untracked 
|   5|0x00000000c1d00000, 0x00000000c1d00000, 0x00000000c1e00000|  0%| F|  |TAMS 0x00000000c1d00000, 0x00000000c1d00000| Untracked 
|   6|0x00000000c1e00000, 0x00000000c1e00000, 0x00000000c1f00000|  0%| F|  |TAMS 0x00000000c1e00000, 0x00000000c1e00000| Untracked 
|   7|0x00000000c1f00000, 0x00000000c1f00000, 0x00000000c2000000|  0%| F|  |TAMS 0x00000000c1f00000, 0x00000000c1f00000| Untracked 
|   8|0x00000000c2000000, 0x00000000c2000000, 0x00000000c2100000|  0%| F|  |TAMS 0x00000000c2000000, 0x00000000c2000000| Untracked 
|   9|0x00000000c2100000, 0x00000000c2100000, 0x00000000c2200000|  0%| F|  |TAMS 0x00000000c2100000, 0x00000000c2100000| Untracked 
|  10|0x00000000c2200000, 0x00000000c2200000, 0x00000000c2300000|  0%| F|  |TAMS 0x00000000c2200000, 0x00000000c2200000| Untracked 
|  11|0x00000000c2300000, 0x00000000c2300000, 0x00000000c2400000|  0%| F|  |TAMS 0x00000000c2300000, 0x00000000c2300000| Untracked 
|  12|0x00000000c2400000, 0x00000000c2400000, 0x00000000c2500000|  0%| F|  |TAMS 0x00000000c2400000, 0x00000000c2400000| Untracked 
|  13|0x00000000c2500000, 0x00000000c2500000, 0x00000000c2600000|  0%| F|  |TAMS 0x00000000c2500000, 0x00000000c2500000| Untracked 
|  14|0x00000000c2600000, 0x00000000c2600000, 0x00000000c2700000|  0%| F|  |TAMS 0x00000000c2600000, 0x00000000c2600000| Untracked 
|  15|0x00000000c2700000, 0x00000000c2700000, 0x00000000c2800000|  0%| F|  |TAMS 0x00000000c2700000, 0x00000000c2700000| Untracked 
|  16|0x00000000c2800000, 0x00000000c2800000, 0x00000000c2900000|  0%| F|  |TAMS 0x00000000c2800000, 0x00000000c2800000| Untracked 
|  17|0x00000000c2900000, 0x00000000c2900000, 0x00000000c2a00000|  0%| F|  |TAMS 0x00000000c2900000, 0x00000000c2900000| Untracked 
|  18|0x00000000c2a00000, 0x00000000c2a00000, 0x00000000c2b00000|  0%| F|  |TAMS 0x00000000c2a00000, 0x00000000c2a00000| Untracked 
|  19|0x00000000c2b00000, 0x00000000c2b00000, 0x00000000c2c00000|  0%| F|  |TAMS 0x00000000c2b00000, 0x00000000c2b00000| Untracked 
|  20|0x00000000c2c00000, 0x00000000c2c00000, 0x00000000c2d00000|  0%| F|  |TAMS 0x00000000c2c00000, 0x00000000c2c00000| Untracked 
|  21|0x00000000c2d00000, 0x00000000c2d00000, 0x00000000c2e00000|  0%| F|  |TAMS 0x00000000c2d00000, 0x00000000c2d00000| Untracked 
|  22|0x00000000c2e00000, 0x00000000c2e00000, 0x00000000c2f00000|  0%| F|  |TAMS 0x00000000c2e00000, 0x00000000c2e00000| Untracked 
|  23|0x00000000c2f00000, 0x00000000c2f00000, 0x00000000c3000000|  0%| F|  |TAMS 0x00000000c2f00000, 0x00000000c2f00000| Untracked 
|  24|0x00000000c3000000, 0x00000000c3000000, 0x00000000c3100000|  0%| F|  |TAMS 0x00000000c3000000, 0x00000000c3000000| Untracked 
|  25|0x00000000c3100000, 0x00000000c3100000, 0x00000000c3200000|  0%| F|  |TAMS 0x00000000c3100000, 0x00000000c3100000| Untracked 
|  26|0x00000000c3200000, 0x00000000c3200000, 0x00000000c3300000|  0%| F|  |TAMS 0x00000000c3200000, 0x00000000c3200000| Untracked 
|  27|0x00000000c3300000, 0x00000000c3300000, 0x00000000c3400000|  0%| F|  |TAMS 0x00000000c3300000, 0x00000000c3300000| Untracked 
|  28|0x00000000c3400000, 0x00000000c3400000, 0x00000000c3500000|  0%| F|  |TAMS 0x00000000c3400000, 0x00000000c3400000| Untracked 
|  29|0x00000000c3500000, 0x00000000c3500000, 0x00000000c3600000|  0%| F|  |TAMS 0x00000000c3500000, 0x00000000c3500000| Untracked 
|  30|0x00000000c3600000, 0x00000000c3600000, 0x00000000c3700000|  0%| F|  |TAMS 0x00000000c3600000, 0x00000000c3600000| Untracked 
|  31|0x00000000c3700000, 0x00000000c3700000, 0x00000000c3800000|  0%| F|  |TAMS 0x00000000c3700000, 0x00000000c3700000| Untracked 
|  32|0x00000000c3800000, 0x00000000c3800000, 0x00000000c3900000|  0%| F|  |TAMS 0x00000000c3800000, 0x00000000c3800000| Untracked 
|  33|0x00000000c3900000, 0x00000000c3900000, 0x00000000c3a00000|  0%| F|  |TAMS 0x00000000c3900000, 0x00000000c3900000| Untracked 
|  34|0x00000000c3a00000, 0x00000000c3a00000, 0x00000000c3b00000|  0%| F|  |TAMS 0x00000000c3a00000, 0x00000000c3a00000| Untracked 
|  35|0x00000000c3b00000, 0x00000000c3b00000, 0x00000000c3c00000|  0%| F|  |TAMS 0x00000000c3b00000, 0x00000000c3b00000| Untracked 
|  36|0x00000000c3c00000, 0x00000000c3c00000, 0x00000000c3d00000|  0%| F|  |TAMS 0x00000000c3c00000, 0x00000000c3c00000| Untracked 
|  37|0x00000000c3d00000, 0x00000000c3d00000, 0x00000000c3e00000|  0%| F|  |TAMS 0x00000000c3d00000, 0x00000000c3d00000| Untracked 
|  38|0x00000000c3e00000, 0x00000000c3e00000, 0x00000000c3f00000|  0%| F|  |TAMS 0x00000000c3e00000, 0x00000000c3e00000| Untracked 
|  39|0x00000000c3f00000, 0x00000000c3f00000, 0x00000000c4000000|  0%| F|  |TAMS 0x00000000c3f00000, 0x00000000c3f00000| Untracked 
|  40|0x00000000c4000000, 0x00000000c4000000, 0x00000000c4100000|  0%| F|  |TAMS 0x00000000c4000000, 0x00000000c4000000| Untracked 
|  41|0x00000000c4100000, 0x00000000c4100000, 0x00000000c4200000|  0%| F|  |TAMS 0x00000000c4100000, 0x00000000c4100000| Untracked 
|  42|0x00000000c4200000, 0x00000000c4200000, 0x00000000c4300000|  0%| F|  |TAMS 0x00000000c4200000, 0x00000000c4200000| Untracked 
|  43|0x00000000c4300000, 0x00000000c4300000, 0x00000000c4400000|  0%| F|  |TAMS 0x00000000c4300000, 0x00000000c4300000| Untracked 
|  44|0x00000000c4400000, 0x00000000c4400000, 0x00000000c4500000|  0%| F|  |TAMS 0x00000000c4400000, 0x00000000c4400000| Untracked 
|  45|0x00000000c4500000, 0x00000000c4500000, 0x00000000c4600000|  0%| F|  |TAMS 0x00000000c4500000, 0x00000000c4500000| Untracked 
|  46|0x00000000c4600000, 0x00000000c4600000, 0x00000000c4700000|  0%| F|  |TAMS 0x00000000c4600000, 0x00000000c4600000| Untracked 
|  47|0x00000000c4700000, 0x00000000c4700000, 0x00000000c4800000|  0%| F|  |TAMS 0x00000000c4700000, 0x00000000c4700000| Untracked 
|  48|0x00000000c4800000, 0x00000000c4800000, 0x00000000c4900000|  0%| F|  |TAMS 0x00000000c4800000, 0x00000000c4800000| Untracked 
|  49|0x00000000c4900000, 0x00000000c4900000, 0x00000000c4a00000|  0%| F|  |TAMS 0x00000000c4900000, 0x00000000c4900000| Untracked 
|  50|0x00000000c4a00000, 0x00000000c4a00000, 0x00000000c4b00000|  0%| F|  |TAMS 0x00000000c4a00000, 0x00000000c4a00000| Untracked 
|  51|0x00000000c4b00000, 0x00000000c4b00000, 0x00000000c4c00000|  0%| F|  |TAMS 0x00000000c4b00000, 0x00000000c4b00000| Untracked 
|  52|0x00000000c4c00000, 0x00000000c4c00000, 0x00000000c4d00000|  0%| F|  |TAMS 0x00000000c4c00000, 0x00000000c4c00000| Untracked 
|  53|0x00000000c4d00000, 0x00000000c4d00000, 0x00000000c4e00000|  0%| F|  |TAMS 0x00000000c4d00000, 0x00000000c4d00000| Untracked 
|  54|0x00000000c4e00000, 0x00000000c4e00000, 0x00000000c4f00000|  0%| F|  |TAMS 0x00000000c4e00000, 0x00000000c4e00000| Untracked 
|  55|0x00000000c4f00000, 0x00000000c4f00000, 0x00000000c5000000|  0%| F|  |TAMS 0x00000000c4f00000, 0x00000000c4f00000| Untracked 
|  56|0x00000000c5000000, 0x00000000c5000000, 0x00000000c5100000|  0%| F|  |TAMS 0x00000000c5000000, 0x00000000c5000000| Untracked 
|  57|0x00000000c5100000, 0x00000000c5100000, 0x00000000c5200000|  0%| F|  |TAMS 0x00000000c5100000, 0x00000000c5100000| Untracked 
|  58|0x00000000c5200000, 0x00000000c5200000, 0x00000000c5300000|  0%| F|  |TAMS 0x00000000c5200000, 0x00000000c5200000| Untracked 
|  59|0x00000000c5300000, 0x00000000c5344230, 0x00000000c5400000| 26%| E|  |TAMS 0x00000000c5300000, 0x00000000c5300000| Complete 
|  60|0x00000000c5400000, 0x00000000c5500000, 0x00000000c5500000|100%| E|CS|TAMS 0x00000000c5400000, 0x00000000c5400000| Complete 
|  61|0x00000000c5500000, 0x00000000c5600000, 0x00000000c5600000|100%| E|CS|TAMS 0x00000000c5500000, 0x00000000c5500000| Complete 
|  62|0x00000000c5600000, 0x00000000c5700000, 0x00000000c5700000|100%| E|CS|TAMS 0x00000000c5600000, 0x00000000c5600000| Complete 
|  63|0x00000000c5700000, 0x00000000c5800000, 0x00000000c5800000|100%| E|CS|TAMS 0x00000000c5700000, 0x00000000c5700000| Complete 

Card table byte_map: [0x000002655f150000,0x000002655f350000] _byte_map_base: 0x000002655eb44000

Marking Bits (Prev, Next): (CMBitMap*) 0x00000265469ff040, (CMBitMap*) 0x00000265469ff080
 Prev Bits: [0x000002655f550000, 0x00000265604f0000)
 Next Bits: [0x00000265604f0000, 0x0000026561490000)

Polling page: 0x0000026546ab0000

Metaspace:

Usage:
  Non-class:      1.03 MB used.
      Class:     78.73 KB used.
       Both:      1.11 MB used.

Virtual space:
  Non-class space:        8.00 MB reserved,       1.06 MB ( 13%) committed,  1 nodes.
      Class space:        1.00 GB reserved,     128.00 KB ( <1%) committed,  1 nodes.
              Both:        1.01 GB reserved,       1.19 MB ( <1%) committed. 

Chunk freelists:
   Non-Class:  3.58 MB
       Class:  3.69 MB
        Both:  7.27 MB

MaxMetaspaceSize: 17179869184.00 GB
CompressedClassSpaceSize: 1.00 GB
 - commit_granule_bytes: 65536.
 - commit_granule_words: 8192.
 - virtual_space_node_default_size: 1048576.
 - enlarge_chunks_in_place: 1.
 - new_chunks_are_fully_committed: 0.
 - uncommit_free_chunks: 1.
 - use_allocation_guard: 0.
 - handle_deallocations: 1.


Internal statistics:

num_allocs_failed_limit: 0.
num_arena_births: 8.
num_arena_deaths: 0.
num_vsnodes_births: 2.
num_vsnodes_deaths: 0.
num_space_committed: 19.
num_space_uncommitted: 0.
num_chunks_returned_to_freelist: 0.
num_chunks_taken_from_freelist: 37.
num_chunk_merges: 0.
num_chunk_splits: 23.
num_chunks_enlarged: 19.
num_purges: 0.

CodeHeap 'non-profiled nmethods': size=120000Kb used=73Kb max_used=73Kb free=119926Kb
 bounds [0x00000265573f0000, 0x0000026557660000, 0x000002655e920000]
CodeHeap 'profiled nmethods': size=120000Kb used=443Kb max_used=443Kb free=119556Kb
 bounds [0x000002654fec0000, 0x0000026550130000, 0x00000265573f0000]
CodeHeap 'non-nmethods': size=5760Kb used=1116Kb max_used=1116Kb free=4643Kb
 bounds [0x000002654f920000, 0x000002654fb90000, 0x000002654fec0000]
 total_blobs=679 nmethods=290 adapters=302
 compilation: enabled
              stopped_count=0, restarted_count=0
 full_count=0

Compilation events (20 events):
Event: 0.133 Thread 0x0000026563a23150  141       1       java.lang.String::value (5 bytes)
Event: 0.133 Thread 0x0000026563a23150 nmethod 141 0x00000265573f6890 code [0x00000265573f6a20, 0x00000265573f6af8]
Event: 0.134 Thread 0x0000026563a23150  142       3       java.lang.ref.Reference::reachabilityFence (1 bytes)
Event: 0.135 Thread 0x0000026563a23150 nmethod 142 0x000002654feefb90 code [0x000002654feefd20, 0x000002654feefe18]
Event: 0.139 Thread 0x0000026563a23150  143       3       java.lang.StringLatin1::inflate (34 bytes)
Event: 0.139 Thread 0x0000026563a23150 nmethod 143 0x000002654feefe90 code [0x000002654fef0040, 0x000002654fef0258]
Event: 0.139 Thread 0x0000026563a15340 nmethod 136 0x00000265573f6b90 code [0x00000265573f6d20, 0x00000265573f7098]
Event: 0.140 Thread 0x0000026563a15340  131       4       java.lang.StringLatin1::canEncode (13 bytes)
Event: 0.140 Thread 0x0000026563a15340 nmethod 131 0x00000265573f7210 code [0x00000265573f7380, 0x00000265573f73f8]
Event: 0.140 Thread 0x0000026563a15340  144       4       java.lang.StringBuilder::append (8 bytes)
Event: 0.143 Thread 0x0000026563a23150  146       3       java.lang.StringLatin1::toLowerCase (186 bytes)
Event: 0.145 Thread 0x0000026563a23150 nmethod 146 0x000002654fef0410 code [0x000002654fef06a0, 0x000002654fef11f8]
Event: 0.149 Thread 0x0000026563a23150  147       3       jdk.internal.misc.Unsafe::putReferenceRelease (9 bytes)
Event: 0.149 Thread 0x0000026563a23150 nmethod 147 0x000002654fef1610 code [0x000002654fef17a0, 0x000002654fef18f8]
Event: 0.149 Thread 0x0000026563a23150  150       3       java.lang.StringUTF16::compress (50 bytes)
Event: 0.149 Thread 0x0000026563a23150 nmethod 150 0x000002654fef1990 code [0x000002654fef1b40, 0x000002654fef1d98]
Event: 0.149 Thread 0x0000026563a23150  149       3       java.util.concurrent.ConcurrentHashMap::setTabAt (20 bytes)
Event: 0.149 Thread 0x0000026563a23150 nmethod 149 0x000002654fef1f10 code [0x000002654fef20c0, 0x000002654fef22e8]
Event: 0.149 Thread 0x0000026563a23150  151       3       java.lang.String::checkBoundsOffCount (64 bytes)
Event: 0.150 Thread 0x0000026563a23150 nmethod 151 0x000002654fef2390 code [0x000002654fef2620, 0x000002654fef2f18]

GC Heap History (0 events):
No events

Deoptimization events (0 events):
No events

Classes unloaded (0 events):
No events

Classes redefined (0 events):
No events

Internal exceptions (0 events):
No events

Events (20 events):
Event: 0.102 loading class sun/nio/cs/StreamDecoder done
Event: 0.118 loading class java/net/URLClassLoader$1
Event: 0.118 loading class java/net/URLClassLoader$1 done
Event: 0.118 loading class jdk/internal/loader/URLClassPath$FileLoader
Event: 0.118 loading class jdk/internal/loader/URLClassPath$FileLoader done
Event: 0.146 loading class sun/net/www/protocol/file/FileURLConnection
Event: 0.146 loading class sun/net/www/URLConnection
Event: 0.146 loading class java/net/URLConnection
Event: 0.146 loading class java/net/URLConnection done
Event: 0.147 loading class sun/net/www/URLConnection done
Event: 0.147 loading class sun/net/www/protocol/file/FileURLConnection done
Event: 0.147 loading class sun/net/www/MessageHeader
Event: 0.147 loading class sun/net/www/MessageHeader done
Event: 0.147 loading class java/io/FilePermission$1
Event: 0.147 loading class jdk/internal/access/JavaIOFilePermissionAccess
Event: 0.147 loading class jdk/internal/access/JavaIOFilePermissionAccess done
Event: 0.147 loading class java/io/FilePermission$1 done
Event: 0.150 loading class java/io/FilePermissionCollection
Event: 0.150 loading class java/io/FilePermissionCollection done
Event: 0.151 loading class java/util/Vector


Dynamic libraries:
0x00007ff785230000 - 0x00007ff785240000 	C:\Program Files\Java\jdk-16.0.2\bin\java.exe
0x00007ffef4950000 - 0x00007ffef4b45000 	C:\WINDOWS\SYSTEM32\ntdll.dll
0x00007ffef42a0000 - 0x00007ffef435e000 	C:\WINDOWS\System32\KERNEL32.DLL
0x00007ffef2260000 - 0x00007ffef2529000 	C:\WINDOWS\System32\KERNELBASE.dll
0x00007ffef27a0000 - 0x00007ffef28a0000 	C:\WINDOWS\System32\ucrtbase.dll
0x00007ffee86a0000 - 0x00007ffee86b8000 	C:\Program Files\Java\jdk-16.0.2\bin\jli.dll
0x00007ffef3b00000 - 0x00007ffef3bac000 	C:\WINDOWS\System32\ADVAPI32.dll
0x00007ffedf290000 - 0x00007ffedf2a9000 	C:\Program Files\Java\jdk-16.0.2\bin\VCRUNTIME140.dll
0x00007ffef3c80000 - 0x00007ffef3d1e000 	C:\WINDOWS\System32\msvcrt.dll
0x00007ffef2fd0000 - 0x00007ffef306b000 	C:\WINDOWS\System32\sechost.dll
0x00007ffef47e0000 - 0x00007ffef490a000 	C:\WINDOWS\System32\RPCRT4.dll
0x00007ffef4360000 - 0x00007ffef4501000 	C:\WINDOWS\System32\USER32.dll
0x00007ffef20d0000 - 0x00007ffef20f2000 	C:\WINDOWS\System32\win32u.dll
0x00007ffef46c0000 - 0x00007ffef46eb000 	C:\WINDOWS\System32\GDI32.dll
0x00007ffef2530000 - 0x00007ffef263b000 	C:\WINDOWS\System32\gdi32full.dll
0x00007ffef2100000 - 0x00007ffef219d000 	C:\WINDOWS\System32\msvcp_win.dll
0x00007ffed7bb0000 - 0x00007ffed7e4a000 	C:\WINDOWS\WinSxS\amd64_microsoft.windows.common-controls_6595b64144ccf1df_6.0.19041.1110_none_60b5254171f9507e\COMCTL32.dll
0x00007ffee5c80000 - 0x00007ffee5c8a000 	C:\WINDOWS\SYSTEM32\VERSION.dll
0x00007ffef29a0000 - 0x00007ffef29d0000 	C:\WINDOWS\System32\IMM32.DLL
0x00007ffee9fc0000 - 0x00007ffee9fcc000 	C:\Program Files\Java\jdk-16.0.2\bin\vcruntime140_1.dll
0x00007ffed2b20000 - 0x00007ffed2bb1000 	C:\Program Files\Java\jdk-16.0.2\bin\msvcp140.dll
0x00007ffeacb20000 - 0x00007ffead6cb000 	C:\Program Files\Java\jdk-16.0.2\bin\server\jvm.dll
0x00007ffef4510000 - 0x00007ffef4518000 	C:\WINDOWS\System32\PSAPI.DLL
0x00007ffee9ff0000 - 0x00007ffee9ff9000 	C:\WINDOWS\SYSTEM32\WSOCK32.dll
0x00007ffeda230000 - 0x00007ffeda257000 	C:\WINDOWS\SYSTEM32\WINMM.dll
0x00007ffef4650000 - 0x00007ffef46bb000 	C:\WINDOWS\System32\WS2_32.dll
0x00007ffef0000000 - 0x00007ffef0012000 	C:\WINDOWS\SYSTEM32\kernel.appcore.dll
0x00007ffee8670000 - 0x00007ffee867a000 	C:\Program Files\Java\jdk-16.0.2\bin\jimage.dll
0x00007ffeeccd0000 - 0x00007ffeeceb4000 	C:\WINDOWS\SYSTEM32\DBGHELP.DLL
0x00007ffeda0a0000 - 0x00007ffeda0cc000 	C:\WINDOWS\SYSTEM32\dbgcore.DLL
0x00007ffef21a0000 - 0x00007ffef2223000 	C:\WINDOWS\System32\bcryptPrimitives.dll
0x00007ffedc9a0000 - 0x00007ffedc9c5000 	C:\Program Files\Java\jdk-16.0.2\bin\java.dll
0x00007ffef33c0000 - 0x00007ffef3aff000 	C:\WINDOWS\System32\SHELL32.dll
0x00007ffef0170000 - 0x00007ffef0900000 	C:\WINDOWS\SYSTEM32\windows.storage.dll
0x00007ffef3f40000 - 0x00007ffef4295000 	C:\WINDOWS\System32\combase.dll
0x00007ffef1a50000 - 0x00007ffef1a7c000 	C:\WINDOWS\SYSTEM32\Wldp.dll
0x00007ffef3310000 - 0x00007ffef33be000 	C:\WINDOWS\System32\SHCORE.dll
0x00007ffef46f0000 - 0x00007ffef4745000 	C:\WINDOWS\System32\shlwapi.dll
0x00007ffef1fb0000 - 0x00007ffef1fcf000 	C:\WINDOWS\SYSTEM32\profapi.dll
0x00007ffedf270000 - 0x00007ffedf289000 	C:\Program Files\Java\jdk-16.0.2\bin\net.dll
0x00007ffedfcb0000 - 0x00007ffedfdb8000 	C:\WINDOWS\SYSTEM32\WINHTTP.dll
0x00007ffef1750000 - 0x00007ffef17ba000 	C:\WINDOWS\system32\mswsock.dll
0x00007ffedd180000 - 0x00007ffedd193000 	C:\Program Files\Java\jdk-16.0.2\bin\nio.dll
0x00007ffedd140000 - 0x00007ffedd158000 	C:\Program Files\Java\jdk-16.0.2\bin\zip.dll
0x00007ffedd210000 - 0x00007ffedd220000 	C:\Program Files\Java\jdk-16.0.2\bin\verify.dll
0x00007ffee9dc0000 - 0x00007ffee9dca000 	C:\Program Files\NetBeans-12.5\netbeans\java\maven\lib\jansi-native\windows64\jansi.dll

dbghelp: loaded successfully - version: 4.0.5 - missing functions: none
symbol engine: initialized successfully - sym options: 0x614 - pdb path: .;C:\Program Files\Java\jdk-16.0.2\bin;C:\WINDOWS\SYSTEM32;C:\WINDOWS\WinSxS\amd64_microsoft.windows.common-controls_6595b64144ccf1df_6.0.19041.1110_none_60b5254171f9507e;C:\Program Files\Java\jdk-16.0.2\bin\server;C:\Program Files\NetBeans-12.5\netbeans\java\maven\lib\jansi-native\windows64

VM Arguments:
jvm_args: -Dclassworlds.conf=C:\Program Files\NetBeans-12.5\netbeans\java\maven\bin\..\bin\m2.conf -Dmaven.home=C:\Program Files\NetBeans-12.5\netbeans\java\maven\bin\.. -Dlibrary.jansi.path=C:\Program Files\NetBeans-12.5\netbeans\java\maven\bin\..\lib\jansi-native -Dmaven.multiModuleProjectDirectory=C:\Users\dell\Documents\NetBeansProjects\projetoN2 
java_command: org.codehaus.plexus.classworlds.launcher.Launcher -Dexec.vmArgs= -Dexec.args=${exec.vmArgs} -classpath %classpath ${exec.mainClass} ${exec.appArgs} -Dexec.executable=C:\Program Files\Java\jdk-16.0.2\bin\java.exe -Dexec.mainClass=view.TelaInit -Dexec.classpathScope=runtime -Dexec.appArgs= -Dmaven.ext.class.path=C:\Program Files\NetBeans-12.5\netbeans\java\maven-nblib\netbeans-eventspy.jar -Dfile.encoding=UTF-8 org.codehaus.mojo:exec-maven-plugin:3.0.0:exec
java_class_path (initial): C:\Program Files\NetBeans-12.5\netbeans\java\maven\bin\..\boot\plexus-classworlds-2.6.0.jar
Launcher Type: SUN_STANDARD

[Global flags]
     intx CICompilerCount                          = 3                                         {product} {ergonomic}
     uint ConcGCThreads                            = 1                                         {product} {ergonomic}
     uint G1ConcRefinementThreads                  = 4                                         {product} {ergonomic}
   size_t G1HeapRegionSize                         = 1048576                                   {product} {ergonomic}
    uintx GCDrainStackTargetSize                   = 64                                        {product} {ergonomic}
   size_t InitialHeapSize                          = 67108864                                  {product} {ergonomic}
   size_t MarkStackSize                            = 4194304                                   {product} {ergonomic}
   size_t MaxHeapSize                              = 1048576000                                {product} {ergonomic}
   size_t MaxNewSize                               = 629145600                                 {product} {ergonomic}
   size_t MinHeapDeltaBytes                        = 1048576                                   {product} {ergonomic}
   size_t MinHeapSize                              = 8388608                                   {product} {ergonomic}
    uintx NonNMethodCodeHeapSize                   = 5832780                                {pd product} {ergonomic}
    uintx NonProfiledCodeHeapSize                  = 122912730                              {pd product} {ergonomic}
    uintx ProfiledCodeHeapSize                     = 122912730                              {pd product} {ergonomic}
    uintx ReservedCodeCacheSize                    = 251658240                              {pd product} {ergonomic}
     bool SegmentedCodeCache                       = true                                      {product} {ergonomic}
   size_t SoftMaxHeapSize                          = 1048576000                             {manageable} {ergonomic}
     bool UseCompressedClassPointers               = true                           {product lp64_product} {ergonomic}
     bool UseCompressedOops                        = true                           {product lp64_product} {ergonomic}
     bool UseG1GC                                  = true                                      {product} {ergonomic}
     bool UseLargePagesIndividualAllocation        = false                                  {pd product} {ergonomic}

Logging:
Log output configuration:
 #0: stdout all=warning uptime,level,tags
 #1: stderr all=off uptime,level,tags

Environment Variables:
JAVA_HOME=C:\Program Files\Java\jdk-16.0.2
PATH=C:\Program Files\Common Files\Oracle\Java\javapath;C:\Program Files (x86)\Common Files\Oracle\Java\javapath;C:\Program Files\AdoptOpenJDK\jdk-14.0.2.12-hotspot\bin;C:\WINDOWS\system32;C:\WINDOWS;C:\WINDOWS\System32\Wbem;C:\WINDOWS\System32\WindowsPowerShell\v1.0\;C:\WINDOWS\System32\OpenSSH\;C:\Program Files\nodejs\;C:\Program Files (x86)\Intel\Intel(R) Management Engine Components\DAL;C:\Program Files\Intel\Intel(R) Management Engine Components\DAL;C:\MinGW\bin;C:\Program Files\Java\jdk-15.0.2\bin;C:\Program Files\Git\cmd;C:\Program Files\Apache\maven\apache-maven-3.8.3\bin;C:\Program Files\MySQL\MySQL Shell 8.0\bin\;C:\Users\dell\AppData\Local\Microsoft\WindowsApps;C:\Users\dell\AppData\Roaming\npm;C:\MinGW\bin;;C:\Program Files\JetBrains\IntelliJ IDEA Community Edition 2021.2\bin;;C:\Users\dell\AppData\Local\Programs\mongosh\
USERNAME=dell
OS=Windows_NT
PROCESSOR_IDENTIFIER=Intel64 Family 6 Model 142 Stepping 9, GenuineIntel



---------------  S Y S T E M  ---------------

OS:
 Windows 10 , 64 bit Build 19041 (10.0.19041.1202)
OS uptime: 0 days 5:05 hours

CPU: total 4 (initial active 4) (2 cores per cpu, 2 threads per core) family 6 model 142 stepping 9 microcode 0xea, cx8, cmov, fxsr, ht, mmx, 3dnowpref, sse, sse2, sse3, ssse3, sse4.1, sse4.2, popcnt, lzcnt, tsc, tscinvbit, avx, avx2, aes, erms, clmul, bmi1, bmi2, adx, fma, vzeroupper, clflush, clflushopt

Memory: 4k page, system-wide physical 3996M (333M free)
TotalPageFile size 5391M (AvailPageFile size 0M)
current process WorkingSet (physical memory assigned to process): 36M, peak: 36M
current process commit charge ("private bytes"): 138M, peak: 138M

vm_info: Java HotSpot(TM) 64-Bit Server VM (16.0.2+7-67) for windows-amd64 JRE (16.0.2+7-67), built on Jun  8 2021 23:24:19 by "mach5one" with MS VC++ 16.7 (VS2019)

END.
