#
# There is insufficient memory for the Java Runtime Environment to continue.
# Native memory allocation (malloc) failed to allocate 32744 bytes for ChunkPool::allocate
# Possible reasons:
#   The system is out of physical RAM or swap space
#   The process is running with CompressedOops enabled, and the Java Heap may be blocking the growth of the native heap
# Possible solutions:
#   Reduce memory load on the system
#   Increase physical memory or swap space
#   Check if swap backing store is full
#   Decrease Java heap size (-Xmx/-Xms)
#   Decrease number of Java threads
#   Decrease Java thread stack sizes (-Xss)
#   Set larger code cache with -XX:ReservedCodeCacheSize=
#   JVM is running with Unscaled Compressed Oops mode in which the Java heap is
#     placed in the first 4GB address space. The Java Heap base address is the
#     maximum limit for the native heap growth. Please use -XX:HeapBaseMinAddress
#     to set the Java Heap base and to place the Java Heap above 4GB virtual address.
# This output file may be truncated or incomplete.
#
#  Out of Memory Error (arena.cpp:79), pid=1208, tid=1360
#
# JRE version: Java(TM) SE Runtime Environment (16.0.2+7) (build 16.0.2+7-67)
# Java VM: Java HotSpot(TM) 64-Bit Server VM (16.0.2+7-67, mixed mode, sharing, tiered, compressed oops, compressed class ptrs, g1 gc, windows-amd64)
# No core dump will be written. Minidumps are not enabled by default on client versions of Windows
#

---------------  S U M M A R Y ------------

Command Line: scr.Test

Host: Intel(R) Core(TM) i3-7020U CPU @ 2.30GHz, 4 cores, 3G,  Windows 10 , 64 bit Build 19041 (10.0.19041.1202)
Time: Sat Oct 16 05:26:09 2021 Hora oficial do Brasil elapsed time: 0.399642 seconds (0d 0h 0m 0s)

---------------  T H R E A D  ---------------

Current thread (0x000002417b9cff10):  JavaThread "C1 CompilerThread0" daemon [_thread_in_native, id=1360, stack(0x000000931ea00000,0x000000931eb00000)]


Current CompileTask:
C1:    399  195       3       jdk.internal.org.objectweb.asm.Frame::execute (2305 bytes)

Stack: [0x000000931ea00000,0x000000931eb00000]
Native frames: (J=compiled Java code, j=interpreted, Vv=VM code, C=native code)
V  [jvm.dll+0x6681ca]
V  [jvm.dll+0x7c9e69]
V  [jvm.dll+0x7cb61e]
V  [jvm.dll+0x7cbc73]
V  [jvm.dll+0x242c55]
V  [jvm.dll+0xae10f]
V  [jvm.dll+0xae45c]
V  [jvm.dll+0xb9cc1]
V  [jvm.dll+0x17593f]
V  [jvm.dll+0x17d8df]
V  [jvm.dll+0x175130]
V  [jvm.dll+0x174617]
V  [jvm.dll+0x17e38b]
V  [jvm.dll+0x175735]
V  [jvm.dll+0x17960f]
V  [jvm.dll+0x1331c3]
V  [jvm.dll+0x132a5f]
V  [jvm.dll+0x132c99]
V  [jvm.dll+0x1320ff]
V  [jvm.dll+0x133ec1]
V  [jvm.dll+0x225158]
V  [jvm.dll+0x22319c]
V  [jvm.dll+0x77fa62]
V  [jvm.dll+0x7795aa]
V  [jvm.dll+0x667066]
C  [ucrtbase.dll+0x21bb2]
C  [KERNEL32.DLL+0x17034]
C  [ntdll.dll+0x52651]


---------------  P R O C E S S  ---------------

Threads class SMR info:
_java_thread_list=0x000002417c4666c0, length=13, elements={
0x000002416d959fb0, 0x000002417b9a7e90, 0x000002417b9a9c00, 0x000002417b9ba990,
0x000002417b9bb4a0, 0x000002417b9bdfb0, 0x000002417b9c1f10, 0x000002417b9c5400,
0x000002417b9cff10, 0x000002417b9dbee0, 0x000002417c4525e0, 0x000002417c458a50,
0x000002417c49fb00
}

Java Threads: ( => current thread )
  0x000002416d959fb0 JavaThread "main" [_thread_in_vm, id=9260, stack(0x000000931dc00000,0x000000931dd00000)]
  0x000002417b9a7e90 JavaThread "Reference Handler" daemon [_thread_blocked, id=3628, stack(0x000000931e300000,0x000000931e400000)]
  0x000002417b9a9c00 JavaThread "Finalizer" daemon [_thread_blocked, id=6308, stack(0x000000931e400000,0x000000931e500000)]
  0x000002417b9ba990 JavaThread "Signal Dispatcher" daemon [_thread_blocked, id=2140, stack(0x000000931e500000,0x000000931e600000)]
  0x000002417b9bb4a0 JavaThread "Attach Listener" daemon [_thread_blocked, id=9792, stack(0x000000931e600000,0x000000931e700000)]
  0x000002417b9bdfb0 JavaThread "Service Thread" daemon [_thread_blocked, id=6228, stack(0x000000931e700000,0x000000931e800000)]
  0x000002417b9c1f10 JavaThread "Monitor Deflation Thread" daemon [_thread_blocked, id=3920, stack(0x000000931e800000,0x000000931e900000)]
  0x000002417b9c5400 JavaThread "C2 CompilerThread0" daemon [_thread_blocked, id=7504, stack(0x000000931e900000,0x000000931ea00000)]
=>0x000002417b9cff10 JavaThread "C1 CompilerThread0" daemon [_thread_in_native, id=1360, stack(0x000000931ea00000,0x000000931eb00000)]
  0x000002417b9dbee0 JavaThread "Sweeper thread" daemon [_thread_blocked, id=1712, stack(0x000000931eb00000,0x000000931ec00000)]
  0x000002417c4525e0 JavaThread "Notification Thread" daemon [_thread_blocked, id=5004, stack(0x000000931ec00000,0x000000931ed00000)]
  0x000002417c458a50 JavaThread "Common-Cleaner" daemon [_thread_blocked, id=4040, stack(0x000000931ee00000,0x000000931ef00000)]
  0x000002417c49fb00 JavaThread "mysql-cj-abandoned-connection-cleanup" daemon [_thread_blocked, id=7940, stack(0x000000931ef00000,0x000000931f000000)]

Other Threads:
  0x000002417b9a3230 VMThread "VM Thread" [stack: 0x000000931e200000,0x000000931e300000] [id=6828]
  0x000002417c456970 WatcherThread [stack: 0x000000931ed00000,0x000000931ee00000] [id=11172]
  0x000002416d98afd0 GCTaskThread "GC Thread#0" [stack: 0x000000931dd00000,0x000000931de00000] [id=9196]
  0x000002416d994d20 ConcurrentGCThread "G1 Main Marker" [stack: 0x000000931de00000,0x000000931df00000] [id=2120]
  0x000002416d995f30 ConcurrentGCThread "G1 Conc#0" [stack: 0x000000931df00000,0x000000931e000000] [id=2556]
  0x000002416d9e4450 ConcurrentGCThread "G1 Refine#0" [stack: 0x000000931e000000,0x000000931e100000] [id=6092]
  0x000002416d9e4ed0 ConcurrentGCThread "G1 Service" [stack: 0x000000931e100000,0x000000931e200000] [id=7760]

Threads with active compile tasks:
C1 CompilerThread0      661  195       3       jdk.internal.org.objectweb.asm.Frame::execute (2305 bytes)

VM state: not at safepoint (normal execution)

VM Mutex/Monitor currently owned by a thread: None

Heap address: 0x00000000c1800000, size: 1000 MB, Compressed Oops mode: 32-bit

CDS archive(s) mapped at: [0x0000000800000000-0x0000000800bb0000-0x0000000800bb0000), size 12255232, SharedBaseAddress: 0x0000000800000000, ArchiveRelocationMode: 0.
Compressed class space mapped at: 0x0000000800c00000-0x0000000840c00000, reserved size: 1073741824
Narrow klass base: 0x0000000800000000, Narrow klass shift: 3, Narrow klass range: 0x100000000

GC Precious Log:
 CPUs: 4 total, 4 available
 Memory: 3996M
 Large Page Support: Disabled
 NUMA Support: Disabled
 Compressed Oops: Enabled (32-bit)
 Heap Region Size: 1M
 Heap Min Capacity: 8M
 Heap Initial Capacity: 64M
 Heap Max Capacity: 1000M
 Pre-touch: Disabled
 Parallel Workers: 4
 Concurrent Workers: 1
 Concurrent Refinement Workers: 4
 Periodic GC: Disabled

Heap:
 garbage-first heap   total 65536K, used 2048K [0x00000000c1800000, 0x0000000100000000)
  region size 1024K, 3 young (3072K), 0 survivors (0K)
 Metaspace       used 683K, committed 832K, reserved 1056768K
  class space    used 44K, committed 128K, reserved 1048576K

Heap Regions: E=young(eden), S=young(survivor), O=old, HS=humongous(starts), HC=humongous(continues), CS=collection set, F=free, OA=open archive, CA=closed archive, TAMS=top-at-mark-start (previous, next)
|   0|0x00000000c1800000, 0x00000000c1800000, 0x00000000c1900000|  0%| F|  |TAMS 0x00000000c1800000, 0x00000000c1800000| Untracked 
|   1|0x00000000c1900000, 0x00000000c1900000, 0x00000000c1a00000|  0%| F|  |TAMS 0x00000000c1900000, 0x00000000c1900000| Untracked 
|   2|0x00000000c1a00000, 0x00000000c1a00000, 0x00000000c1b00000|  0%| F|  |TAMS 0x00000000c1a00000, 0x00000000c1a00000| Untracked 
|   3|0x00000000c1b00000, 0x00000000c1b00000, 0x00000000c1c00000|  0%| F|  |TAMS 0x00000000c1b00000, 0x00000000c1b00000| Untracked 
|   4|0x00000000c1c00000, 0x00000000c1c00000, 0x00000000c1d00000|  0%| F|  |TAMS 0x00000000c1c00000, 0x00000000c1c00000| Untracked 
|   5|0x00000000c1d00000, 0x00000000c1d00000, 0x00000000c1e00000|  0%| F|  |TAMS 0x00000000c1d00000, 0x00000000c1d00000| Untracked 
|   6|0x00000000c1e00000, 0x00000000c1e00000, 0x00000000c1f00000|  0%| F|  |TAMS 0x00000000c1e00000, 0x00000000c1e00000| Untracked 
|   7|0x00000000c1f00000, 0x00000000c1f00000, 0x00000000c2000000|  0%| F|  |TAMS 0x00000000c1f00000, 0x00000000c1f00000| Untracked 
|   8|0x00000000c2000000, 0x00000000c2000000, 0x00000000c2100000|  0%| F|  |TAMS 0x00000000c2000000, 0x00000000c2000000| Untracked 
|   9|0x00000000c2100000, 0x00000000c2100000, 0x00000000c2200000|  0%| F|  |TAMS 0x00000000c2100000, 0x00000000c2100000| Untracked 
|  10|0x00000000c2200000, 0x00000000c2200000, 0x00000000c2300000|  0%| F|  |TAMS 0x00000000c2200000, 0x00000000c2200000| Untracked 
|  11|0x00000000c2300000, 0x00000000c2300000, 0x00000000c2400000|  0%| F|  |TAMS 0x00000000c2300000, 0x00000000c2300000| Untracked 
|  12|0x00000000c2400000, 0x00000000c2400000, 0x00000000c2500000|  0%| F|  |TAMS 0x00000000c2400000, 0x00000000c2400000| Untracked 
|  13|0x00000000c2500000, 0x00000000c2500000, 0x00000000c2600000|  0%| F|  |TAMS 0x00000000c2500000, 0x00000000c2500000| Untracked 
|  14|0x00000000c2600000, 0x00000000c2600000, 0x00000000c2700000|  0%| F|  |TAMS 0x00000000c2600000, 0x00000000c2600000| Untracked 
|  15|0x00000000c2700000, 0x00000000c2700000, 0x00000000c2800000|  0%| F|  |TAMS 0x00000000c2700000, 0x00000000c2700000| Untracked 
|  16|0x00000000c2800000, 0x00000000c2800000, 0x00000000c2900000|  0%| F|  |TAMS 0x00000000c2800000, 0x00000000c2800000| Untracked 
|  17|0x00000000c2900000, 0x00000000c2900000, 0x00000000c2a00000|  0%| F|  |TAMS 0x00000000c2900000, 0x00000000c2900000| Untracked 
|  18|0x00000000c2a00000, 0x00000000c2a00000, 0x00000000c2b00000|  0%| F|  |TAMS 0x00000000c2a00000, 0x00000000c2a00000| Untracked 
|  19|0x00000000c2b00000, 0x00000000c2b00000, 0x00000000c2c00000|  0%| F|  |TAMS 0x00000000c2b00000, 0x00000000c2b00000| Untracked 
|  20|0x00000000c2c00000, 0x00000000c2c00000, 0x00000000c2d00000|  0%| F|  |TAMS 0x00000000c2c00000, 0x00000000c2c00000| Untracked 
|  21|0x00000000c2d00000, 0x00000000c2d00000, 0x00000000c2e00000|  0%| F|  |TAMS 0x00000000c2d00000, 0x00000000c2d00000| Untracked 
|  22|0x00000000c2e00000, 0x00000000c2e00000, 0x00000000c2f00000|  0%| F|  |TAMS 0x00000000c2e00000, 0x00000000c2e00000| Untracked 
|  23|0x00000000c2f00000, 0x00000000c2f00000, 0x00000000c3000000|  0%| F|  |TAMS 0x00000000c2f00000, 0x00000000c2f00000| Untracked 
|  24|0x00000000c3000000, 0x00000000c3000000, 0x00000000c3100000|  0%| F|  |TAMS 0x00000000c3000000, 0x00000000c3000000| Untracked 
|  25|0x00000000c3100000, 0x00000000c3100000, 0x00000000c3200000|  0%| F|  |TAMS 0x00000000c3100000, 0x00000000c3100000| Untracked 
|  26|0x00000000c3200000, 0x00000000c3200000, 0x00000000c3300000|  0%| F|  |TAMS 0x00000000c3200000, 0x00000000c3200000| Untracked 
|  27|0x00000000c3300000, 0x00000000c3300000, 0x00000000c3400000|  0%| F|  |TAMS 0x00000000c3300000, 0x00000000c3300000| Untracked 
|  28|0x00000000c3400000, 0x00000000c3400000, 0x00000000c3500000|  0%| F|  |TAMS 0x00000000c3400000, 0x00000000c3400000| Untracked 
|  29|0x00000000c3500000, 0x00000000c3500000, 0x00000000c3600000|  0%| F|  |TAMS 0x00000000c3500000, 0x00000000c3500000| Untracked 
|  30|0x00000000c3600000, 0x00000000c3600000, 0x00000000c3700000|  0%| F|  |TAMS 0x00000000c3600000, 0x00000000c3600000| Untracked 
|  31|0x00000000c3700000, 0x00000000c3700000, 0x00000000c3800000|  0%| F|  |TAMS 0x00000000c3700000, 0x00000000c3700000| Untracked 
|  32|0x00000000c3800000, 0x00000000c3800000, 0x00000000c3900000|  0%| F|  |TAMS 0x00000000c3800000, 0x00000000c3800000| Untracked 
|  33|0x00000000c3900000, 0x00000000c3900000, 0x00000000c3a00000|  0%| F|  |TAMS 0x00000000c3900000, 0x00000000c3900000| Untracked 
|  34|0x00000000c3a00000, 0x00000000c3a00000, 0x00000000c3b00000|  0%| F|  |TAMS 0x00000000c3a00000, 0x00000000c3a00000| Untracked 
|  35|0x00000000c3b00000, 0x00000000c3b00000, 0x00000000c3c00000|  0%| F|  |TAMS 0x00000000c3b00000, 0x00000000c3b00000| Untracked 
|  36|0x00000000c3c00000, 0x00000000c3c00000, 0x00000000c3d00000|  0%| F|  |TAMS 0x00000000c3c00000, 0x00000000c3c00000| Untracked 
|  37|0x00000000c3d00000, 0x00000000c3d00000, 0x00000000c3e00000|  0%| F|  |TAMS 0x00000000c3d00000, 0x00000000c3d00000| Untracked 
|  38|0x00000000c3e00000, 0x00000000c3e00000, 0x00000000c3f00000|  0%| F|  |TAMS 0x00000000c3e00000, 0x00000000c3e00000| Untracked 
|  39|0x00000000c3f00000, 0x00000000c3f00000, 0x00000000c4000000|  0%| F|  |TAMS 0x00000000c3f00000, 0x00000000c3f00000| Untracked 
|  40|0x00000000c4000000, 0x00000000c4000000, 0x00000000c4100000|  0%| F|  |TAMS 0x00000000c4000000, 0x00000000c4000000| Untracked 
|  41|0x00000000c4100000, 0x00000000c4100000, 0x00000000c4200000|  0%| F|  |TAMS 0x00000000c4100000, 0x00000000c4100000| Untracked 
|  42|0x00000000c4200000, 0x00000000c4200000, 0x00000000c4300000|  0%| F|  |TAMS 0x00000000c4200000, 0x00000000c4200000| Untracked 
|  43|0x00000000c4300000, 0x00000000c4300000, 0x00000000c4400000|  0%| F|  |TAMS 0x00000000c4300000, 0x00000000c4300000| Untracked 
|  44|0x00000000c4400000, 0x00000000c4400000, 0x00000000c4500000|  0%| F|  |TAMS 0x00000000c4400000, 0x00000000c4400000| Untracked 
|  45|0x00000000c4500000, 0x00000000c4500000, 0x00000000c4600000|  0%| F|  |TAMS 0x00000000c4500000, 0x00000000c4500000| Untracked 
|  46|0x00000000c4600000, 0x00000000c4600000, 0x00000000c4700000|  0%| F|  |TAMS 0x00000000c4600000, 0x00000000c4600000| Untracked 
|  47|0x00000000c4700000, 0x00000000c4700000, 0x00000000c4800000|  0%| F|  |TAMS 0x00000000c4700000, 0x00000000c4700000| Untracked 
|  48|0x00000000c4800000, 0x00000000c4800000, 0x00000000c4900000|  0%| F|  |TAMS 0x00000000c4800000, 0x00000000c4800000| Untracked 
|  49|0x00000000c4900000, 0x00000000c4900000, 0x00000000c4a00000|  0%| F|  |TAMS 0x00000000c4900000, 0x00000000c4900000| Untracked 
|  50|0x00000000c4a00000, 0x00000000c4a00000, 0x00000000c4b00000|  0%| F|  |TAMS 0x00000000c4a00000, 0x00000000c4a00000| Untracked 
|  51|0x00000000c4b00000, 0x00000000c4b00000, 0x00000000c4c00000|  0%| F|  |TAMS 0x00000000c4b00000, 0x00000000c4b00000| Untracked 
|  52|0x00000000c4c00000, 0x00000000c4c00000, 0x00000000c4d00000|  0%| F|  |TAMS 0x00000000c4c00000, 0x00000000c4c00000| Untracked 
|  53|0x00000000c4d00000, 0x00000000c4d00000, 0x00000000c4e00000|  0%| F|  |TAMS 0x00000000c4d00000, 0x00000000c4d00000| Untracked 
|  54|0x00000000c4e00000, 0x00000000c4e00000, 0x00000000c4f00000|  0%| F|  |TAMS 0x00000000c4e00000, 0x00000000c4e00000| Untracked 
|  55|0x00000000c4f00000, 0x00000000c4f00000, 0x00000000c5000000|  0%| F|  |TAMS 0x00000000c4f00000, 0x00000000c4f00000| Untracked 
|  56|0x00000000c5000000, 0x00000000c5000000, 0x00000000c5100000|  0%| F|  |TAMS 0x00000000c5000000, 0x00000000c5000000| Untracked 
|  57|0x00000000c5100000, 0x00000000c5100000, 0x00000000c5200000|  0%| F|  |TAMS 0x00000000c5100000, 0x00000000c5100000| Untracked 
|  58|0x00000000c5200000, 0x00000000c5200000, 0x00000000c5300000|  0%| F|  |TAMS 0x00000000c5200000, 0x00000000c5200000| Untracked 
|  59|0x00000000c5300000, 0x00000000c5300000, 0x00000000c5400000|  0%| F|  |TAMS 0x00000000c5300000, 0x00000000c5300000| Untracked 
|  60|0x00000000c5400000, 0x00000000c5400000, 0x00000000c5500000|  0%| F|  |TAMS 0x00000000c5400000, 0x00000000c5400000| Untracked 
|  61|0x00000000c5500000, 0x00000000c5543138, 0x00000000c5600000| 26%| E|  |TAMS 0x00000000c5500000, 0x00000000c5500000| Complete 
|  62|0x00000000c5600000, 0x00000000c5700000, 0x00000000c5700000|100%| E|CS|TAMS 0x00000000c5600000, 0x00000000c5600000| Complete 
|  63|0x00000000c5700000, 0x00000000c5800000, 0x00000000c5800000|100%| E|CS|TAMS 0x00000000c5700000, 0x00000000c5700000| Complete 

Card table byte_map: [0x0000024177100000,0x0000024177300000] _byte_map_base: 0x0000024176af4000

Marking Bits (Prev, Next): (CMBitMap*) 0x000002416d98c650, (CMBitMap*) 0x000002416d98c690
 Prev Bits: [0x0000024177500000, 0x00000241784a0000)
 Next Bits: [0x00000241784a0000, 0x0000024179440000)

Polling page: 0x000002416da40000

Metaspace:

Usage:
  Non-class:    639.12 KB used.
      Class:     44.27 KB used.
       Both:    683.39 KB used.

Virtual space:
  Non-class space:        8.00 MB reserved,     704.00 KB (  9%) committed,  1 nodes.
      Class space:        1.00 GB reserved,     128.00 KB ( <1%) committed,  1 nodes.
              Both:        1.01 GB reserved,     832.00 KB ( <1%) committed. 

Chunk freelists:
   Non-Class:  3.89 MB
       Class:  3.72 MB
        Both:  7.61 MB

MaxMetaspaceSize: 17179869184.00 GB
CompressedClassSpaceSize: 1.00 GB
 - commit_granule_bytes: 65536.
 - commit_granule_words: 8192.
 - virtual_space_node_default_size: 1048576.
 - enlarge_chunks_in_place: 1.
 - new_chunks_are_fully_committed: 0.
 - uncommit_free_chunks: 1.
 - use_allocation_guard: 0.
 - handle_deallocations: 1.


Internal statistics:

num_allocs_failed_limit: 0.
num_arena_births: 28.
num_arena_deaths: 0.
num_vsnodes_births: 2.
num_vsnodes_deaths: 0.
num_space_committed: 13.
num_space_uncommitted: 0.
num_chunks_returned_to_freelist: 0.
num_chunks_taken_from_freelist: 40.
num_chunk_merges: 0.
num_chunk_splits: 26.
num_chunks_enlarged: 17.
num_purges: 0.

CodeHeap 'non-profiled nmethods': size=120000Kb used=63Kb max_used=63Kb free=119936Kb
 bounds [0x0000024107ad0000, 0x0000024107d40000, 0x000002410f000000]
CodeHeap 'profiled nmethods': size=120000Kb used=203Kb max_used=203Kb free=119796Kb
 bounds [0x00000241005a0000, 0x0000024100810000, 0x0000024107ad0000]
CodeHeap 'non-nmethods': size=5760Kb used=1117Kb max_used=1131Kb free=4642Kb
 bounds [0x0000024100000000, 0x0000024100270000, 0x00000241005a0000]
 total_blobs=588 nmethods=198 adapters=303
 compilation: enabled
              stopped_count=0, restarted_count=0
 full_count=0

Compilation events (20 events):
Event: 0.295 Thread 0x000002417b9cff10  179       3       java.lang.invoke.LambdaForm::argument (27 bytes)
Event: 0.296 Thread 0x000002417b9cff10 nmethod 179 0x00000241005d1890 code [0x00000241005d1a60, 0x00000241005d1cc8]
Event: 0.296 Thread 0x000002417b9cff10  177       3       java.lang.invoke.MethodType::<init> (15 bytes)
Event: 0.297 Thread 0x000002417b9cff10 nmethod 177 0x00000241005d1e10 code [0x00000241005d1fc0, 0x00000241005d21d8]
Event: 0.297 Thread 0x000002417b9cff10  187       3       java.lang.invoke.LambdaForm$Name::initIndex (26 bytes)
Event: 0.297 Thread 0x000002417b9c5400 nmethod 164 0x0000024107adde10 code [0x0000024107addfa0, 0x0000024107ade218]
Event: 0.298 Thread 0x000002417b9cff10 nmethod 187 0x00000241005d2290 code [0x00000241005d2440, 0x00000241005d25f8]
Event: 0.298 Thread 0x000002417b9cff10  185       1       java.lang.invoke.MethodTypeForm::parameterSlotCount (5 bytes)
Event: 0.298 Thread 0x000002417b9cff10 nmethod 185 0x0000024107ade390 code [0x0000024107ade520, 0x0000024107ade5f8]
Event: 0.316 Thread 0x000002417b9cff10  191       3       java.lang.invoke.MemberName::initResolved (53 bytes)
Event: 0.316 Thread 0x000002417b9cff10 nmethod 191 0x00000241005d2690 code [0x00000241005d2840, 0x00000241005d29f8]
Event: 0.316 Thread 0x000002417b9cff10  192       1       java.lang.invoke.MethodHandle::type (5 bytes)
Event: 0.317 Thread 0x000002417b9cff10 nmethod 192 0x0000024107adec90 code [0x0000024107adee20, 0x0000024107adeef8]
Event: 0.317 Thread 0x000002417b9cff10  193       3       jdk.internal.org.objectweb.asm.Symbol::<init> (38 bytes)
Event: 0.318 Thread 0x000002417b9cff10 nmethod 193 0x00000241005d2a90 code [0x00000241005d2c40, 0x00000241005d2ed8]
Event: 0.318 Thread 0x000002417b9cff10  194       1       java.lang.invoke.LambdaForm$Name::index (5 bytes)
Event: 0.318 Thread 0x000002417b9cff10 nmethod 194 0x0000024107adef90 code [0x0000024107adf120, 0x0000024107adf1f8]
Event: 0.319 Thread 0x000002417b9cff10  195       3       jdk.internal.org.objectweb.asm.Frame::execute (2305 bytes)
Event: 0.327 Thread 0x000002417b9c5400  202       4       java.lang.String::length (11 bytes)
Event: 0.329 Thread 0x000002417b9c5400 nmethod 202 0x0000024107adf890 code [0x0000024107adfa20, 0x0000024107adfab8]

GC Heap History (0 events):
No events

Deoptimization events (0 events):
No events

Classes unloaded (0 events):
No events

Classes redefined (0 events):
No events

Internal exceptions (1 events):
Event: 0.333 Thread 0x000002416d959fb0 Exception <a 'java/lang/NoSuchMethodError'{0x00000000c5505910}: 'void java.lang.invoke.DirectMethodHandle$Holder.invokeSpecial(java.lang.Object, java.lang.Object, java.lang.Object)'> (0x00000000c5505910) 
thrown [t:\workspace\open\src\hotspot\share\interpreter\linkResolver.cpp, line 790]

Events (20 events):
Event: 0.239 loading class java/util/concurrent/ThreadPoolExecutor$AbortPolicy done
Event: 0.239 loading class java/util/concurrent/LinkedBlockingQueue
Event: 0.239 loading class java/util/concurrent/BlockingQueue
Event: 0.240 loading class java/util/concurrent/BlockingQueue done
Event: 0.240 loading class java/util/AbstractQueue
Event: 0.240 loading class java/util/AbstractQueue done
Event: 0.240 loading class java/util/concurrent/LinkedBlockingQueue done
Event: 0.241 loading class java/util/concurrent/locks/AbstractQueuedSynchronizer$ConditionObject
Event: 0.241 loading class java/util/concurrent/locks/Condition
Event: 0.241 loading class java/util/concurrent/locks/Condition done
Event: 0.241 loading class java/util/concurrent/locks/AbstractQueuedSynchronizer$ConditionObject done
Event: 0.242 loading class java/util/concurrent/LinkedBlockingQueue$Node
Event: 0.242 loading class java/util/concurrent/LinkedBlockingQueue$Node done
Event: 0.242 loading class java/util/concurrent/ThreadPoolExecutor$Worker
Event: 0.243 loading class java/util/concurrent/ThreadPoolExecutor$Worker done
Event: 0.243 loading class java/lang/Thread$State
Event: 0.243 loading class java/lang/Thread$State done
Event: 0.244 Thread 0x000002417c49fb00 Thread added: 0x000002417c49fb00
Event: 0.261 loading class java/lang/SecurityException
Event: 0.261 loading class java/lang/SecurityException done


Dynamic libraries:
0x00007ff6aa230000 - 0x00007ff6aa240000 	C:\Program Files\Java\jdk-16.0.2\bin\java.exe
0x00007ffa40550000 - 0x00007ffa40745000 	C:\WINDOWS\SYSTEM32\ntdll.dll
0x00007ffa40170000 - 0x00007ffa4022e000 	C:\WINDOWS\System32\KERNEL32.DLL
0x00007ffa3ddd0000 - 0x00007ffa3e099000 	C:\WINDOWS\System32\KERNELBASE.dll
0x00007ffa3dcd0000 - 0x00007ffa3ddd0000 	C:\WINDOWS\System32\ucrtbase.dll
0x00007ffa2fd00000 - 0x00007ffa2fd19000 	C:\Program Files\Java\jdk-16.0.2\bin\VCRUNTIME140.dll
0x00007ffa30ac0000 - 0x00007ffa30ad8000 	C:\Program Files\Java\jdk-16.0.2\bin\jli.dll
0x00007ffa3f050000 - 0x00007ffa3f0fc000 	C:\WINDOWS\System32\ADVAPI32.dll
0x00007ffa40470000 - 0x00007ffa4050e000 	C:\WINDOWS\System32\msvcrt.dll
0x00007ffa3eac0000 - 0x00007ffa3eb5b000 	C:\WINDOWS\System32\sechost.dll
0x00007ffa3f340000 - 0x00007ffa3f46a000 	C:\WINDOWS\System32\RPCRT4.dll
0x00007ffa3f160000 - 0x00007ffa3f301000 	C:\WINDOWS\System32\USER32.dll
0x00007ffa3dca0000 - 0x00007ffa3dcc2000 	C:\WINDOWS\System32\win32u.dll
0x00007ffa29cd0000 - 0x00007ffa29f6a000 	C:\WINDOWS\WinSxS\amd64_microsoft.windows.common-controls_6595b64144ccf1df_6.0.19041.1110_none_60b5254171f9507e\COMCTL32.dll
0x00007ffa3ea90000 - 0x00007ffa3eabb000 	C:\WINDOWS\System32\GDI32.dll
0x00007ffa3e0a0000 - 0x00007ffa3e1ab000 	C:\WINDOWS\System32\gdi32full.dll
0x00007ffa3e1b0000 - 0x00007ffa3e24d000 	C:\WINDOWS\System32\msvcp_win.dll
0x00007ffa36bd0000 - 0x00007ffa36bda000 	C:\WINDOWS\SYSTEM32\VERSION.dll
0x00007ffa40430000 - 0x00007ffa40460000 	C:\WINDOWS\System32\IMM32.DLL
0x00007ffa3aca0000 - 0x00007ffa3acac000 	C:\Program Files\Java\jdk-16.0.2\bin\vcruntime140_1.dll
0x00007ffa24fa0000 - 0x00007ffa25031000 	C:\Program Files\Java\jdk-16.0.2\bin\msvcp140.dll
0x00007ff9fa9b0000 - 0x00007ff9fb55b000 	C:\Program Files\Java\jdk-16.0.2\bin\server\jvm.dll
0x00007ffa40460000 - 0x00007ffa40468000 	C:\WINDOWS\System32\PSAPI.DLL
0x00007ffa3b4a0000 - 0x00007ffa3b4a9000 	C:\WINDOWS\SYSTEM32\WSOCK32.dll
0x00007ffa2ca10000 - 0x00007ffa2ca37000 	C:\WINDOWS\SYSTEM32\WINMM.dll
0x00007ffa40230000 - 0x00007ffa4029b000 	C:\WINDOWS\System32\WS2_32.dll
0x00007ffa3bb70000 - 0x00007ffa3bb82000 	C:\WINDOWS\SYSTEM32\kernel.appcore.dll
0x00007ffa3ac60000 - 0x00007ffa3ac6a000 	C:\Program Files\Java\jdk-16.0.2\bin\jimage.dll
0x00007ffa36d30000 - 0x00007ffa36f14000 	C:\WINDOWS\SYSTEM32\DBGHELP.DLL
0x00007ffa348d0000 - 0x00007ffa348fc000 	C:\WINDOWS\SYSTEM32\dbgcore.DLL
0x00007ffa3e350000 - 0x00007ffa3e3d3000 	C:\WINDOWS\System32\bcryptPrimitives.dll
0x00007ffa293b0000 - 0x00007ffa293d5000 	C:\Program Files\Java\jdk-16.0.2\bin\java.dll
0x00007ffa3f470000 - 0x00007ffa3fbaf000 	C:\WINDOWS\System32\SHELL32.dll
0x00007ffa3bd70000 - 0x00007ffa3c500000 	C:\WINDOWS\SYSTEM32\windows.storage.dll
0x00007ffa3e6d0000 - 0x00007ffa3ea25000 	C:\WINDOWS\System32\combase.dll
0x00007ffa3d5f0000 - 0x00007ffa3d61c000 	C:\WINDOWS\SYSTEM32\Wldp.dll
0x00007ffa3eda0000 - 0x00007ffa3ee4d000 	C:\WINDOWS\System32\SHCORE.dll
0x00007ffa3f100000 - 0x00007ffa3f155000 	C:\WINDOWS\System32\shlwapi.dll
0x00007ffa3dbb0000 - 0x00007ffa3dbcf000 	C:\WINDOWS\SYSTEM32\profapi.dll
0x00007ffa2a740000 - 0x00007ffa2a759000 	C:\Program Files\Java\jdk-16.0.2\bin\net.dll
0x00007ffa315e0000 - 0x00007ffa316e8000 	C:\WINDOWS\SYSTEM32\WINHTTP.dll
0x00007ffa3d350000 - 0x00007ffa3d3ba000 	C:\WINDOWS\system32\mswsock.dll
0x00007ffa25060000 - 0x00007ffa25073000 	C:\Program Files\Java\jdk-16.0.2\bin\nio.dll
0x00007ffa25040000 - 0x00007ffa25058000 	C:\Program Files\Java\jdk-16.0.2\bin\zip.dll

dbghelp: loaded successfully - version: 4.0.5 - missing functions: none
symbol engine: initialized successfully - sym options: 0x614 - pdb path: .;C:\Program Files\Java\jdk-16.0.2\bin;C:\WINDOWS\SYSTEM32;C:\WINDOWS\WinSxS\amd64_microsoft.windows.common-controls_6595b64144ccf1df_6.0.19041.1110_none_60b5254171f9507e;C:\Program Files\Java\jdk-16.0.2\bin\server

VM Arguments:
java_command: scr.Test
java_class_path (initial): C:\Users\dell\Documents\NetBeansProjects\po\projetoN2\target\classes;C:\Users\dell\.m2\repository\mysql\mysql-connector-java\8.0.26\mysql-connector-java-8.0.26.jar;C:\Users\dell\.m2\repository\com\google\protobuf\protobuf-java\3.11.4\protobuf-java-3.11.4.jar;C:\Users\dell\.m2\repository\org\projectlombok\lombok\1.18.20\lombok-1.18.20.jar
Launcher Type: SUN_STANDARD

[Global flags]
     intx CICompilerCount                          = 3                                         {product} {ergonomic}
     uint ConcGCThreads                            = 1                                         {product} {ergonomic}
     uint G1ConcRefinementThreads                  = 4                                         {product} {ergonomic}
   size_t G1HeapRegionSize                         = 1048576                                   {product} {ergonomic}
    uintx GCDrainStackTargetSize                   = 64                                        {product} {ergonomic}
   size_t InitialHeapSize                          = 67108864                                  {product} {ergonomic}
   size_t MarkStackSize                            = 4194304                                   {product} {ergonomic}
   size_t MaxHeapSize                              = 1048576000                                {product} {ergonomic}
   size_t MaxNewSize                               = 629145600                                 {product} {ergonomic}
   size_t MinHeapDeltaBytes                        = 1048576                                   {product} {ergonomic}
   size_t MinHeapSize                              = 8388608                                   {product} {ergonomic}
    uintx NonNMethodCodeHeapSize                   = 5832780                                {pd product} {ergonomic}
    uintx NonProfiledCodeHeapSize                  = 122912730                              {pd product} {ergonomic}
    uintx ProfiledCodeHeapSize                     = 122912730                              {pd product} {ergonomic}
    uintx ReservedCodeCacheSize                    = 251658240                              {pd product} {ergonomic}
     bool SegmentedCodeCache                       = true                                      {product} {ergonomic}
   size_t SoftMaxHeapSize                          = 1048576000                             {manageable} {ergonomic}
     bool UseCompressedClassPointers               = true                           {product lp64_product} {ergonomic}
     bool UseCompressedOops                        = true                           {product lp64_product} {ergonomic}
     bool UseG1GC                                  = true                                      {product} {ergonomic}
     bool UseLargePagesIndividualAllocation        = false                                  {pd product} {ergonomic}

Logging:
Log output configuration:
 #0: stdout all=warning uptime,level,tags
 #1: stderr all=off uptime,level,tags

Environment Variables:
JAVA_HOME=C:\Program Files\Java\jdk-16.0.2
PATH=C:\Program Files\Common Files\Oracle\Java\javapath;C:\Program Files (x86)\Common Files\Oracle\Java\javapath;C:\Program Files\AdoptOpenJDK\jdk-14.0.2.12-hotspot\bin;C:\WINDOWS\system32;C:\WINDOWS;C:\WINDOWS\System32\Wbem;C:\WINDOWS\System32\WindowsPowerShell\v1.0\;C:\WINDOWS\System32\OpenSSH\;C:\Program Files\nodejs\;C:\Program Files (x86)\Intel\Intel(R) Management Engine Components\DAL;C:\Program Files\Intel\Intel(R) Management Engine Components\DAL;C:\MinGW\bin;C:\Program Files\Java\jdk-15.0.2\bin;C:\Program Files\Git\cmd;C:\Program Files\Apache\maven\apache-maven-3.8.3\bin;C:\Program Files\MySQL\MySQL Shell 8.0\bin\;C:\Users\dell\AppData\Local\Microsoft\WindowsApps;C:\Users\dell\AppData\Roaming\npm;C:\MinGW\bin;;C:\Program Files\JetBrains\IntelliJ IDEA Community Edition 2021.2\bin;;C:\Users\dell\AppData\Local\Programs\mongosh\
USERNAME=dell
OS=Windows_NT
PROCESSOR_IDENTIFIER=Intel64 Family 6 Model 142 Stepping 9, GenuineIntel



---------------  S Y S T E M  ---------------

OS:
 Windows 10 , 64 bit Build 19041 (10.0.19041.1202)
OS uptime: 0 days 3:58 hours

CPU: total 4 (initial active 4) (2 cores per cpu, 2 threads per core) family 6 model 142 stepping 9 microcode 0xea, cx8, cmov, fxsr, ht, mmx, 3dnowpref, sse, sse2, sse3, ssse3, sse4.1, sse4.2, popcnt, lzcnt, tsc, tscinvbit, avx, avx2, aes, erms, clmul, bmi1, bmi2, adx, fma, vzeroupper, clflush, clflushopt

Memory: 4k page, system-wide physical 3996M (366M free)
TotalPageFile size 5391M (AvailPageFile size 3M)
current process WorkingSet (physical memory assigned to process): 32M, peak: 32M
current process commit charge ("private bytes"): 136M, peak: 136M

vm_info: Java HotSpot(TM) 64-Bit Server VM (16.0.2+7-67) for windows-amd64 JRE (16.0.2+7-67), built on Jun  8 2021 23:24:19 by "mach5one" with MS VC++ 16.7 (VS2019)

END.
