#
# There is insufficient memory for the Java Runtime Environment to continue.
# Native memory allocation (malloc) failed to allocate 1048576 bytes for AllocateHeap
# Possible reasons:
#   The system is out of physical RAM or swap space
#   The process is running with CompressedOops enabled, and the Java Heap may be blocking the growth of the native heap
# Possible solutions:
#   Reduce memory load on the system
#   Increase physical memory or swap space
#   Check if swap backing store is full
#   Decrease Java heap size (-Xmx/-Xms)
#   Decrease number of Java threads
#   Decrease Java thread stack sizes (-Xss)
#   Set larger code cache with -XX:ReservedCodeCacheSize=
#   JVM is running with Unscaled Compressed Oops mode in which the Java heap is
#     placed in the first 4GB address space. The Java Heap base address is the
#     maximum limit for the native heap growth. Please use -XX:HeapBaseMinAddress
#     to set the Java Heap base and to place the Java Heap above 4GB virtual address.
# This output file may be truncated or incomplete.
#
#  Out of Memory Error (allocation.cpp:44), pid=9600, tid=11044
#
# JRE version:  (16.0.2+7) (build )
# Java VM: Java HotSpot(TM) 64-Bit Server VM (16.0.2+7-67, mixed mode, sharing, tiered, compressed oops, compressed class ptrs, g1 gc, windows-amd64)
# No core dump will be written. Minidumps are not enabled by default on client versions of Windows
#

---------------  S U M M A R Y ------------

Command Line: -Dclassworlds.conf=C:\Program Files\NetBeans-12.5\netbeans\java\maven\bin\..\bin\m2.conf -Dmaven.home=C:\Program Files\NetBeans-12.5\netbeans\java\maven\bin\.. -Dlibrary.jansi.path=C:\Program Files\NetBeans-12.5\netbeans\java\maven\bin\..\lib\jansi-native -Dmaven.multiModuleProjectDirectory=C:\Users\dell\Documents\NetBeansProjects\po\projetoN2 org.codehaus.plexus.classworlds.launcher.Launcher -Dmaven.ext.class.path=C:\Program Files\NetBeans-12.5\netbeans\java\maven-nblib\netbeans-eventspy.jar -Dfile.encoding=UTF-8 install

Host: Intel(R) Core(TM) i3-7020U CPU @ 2.30GHz, 4 cores, 3G,  Windows 10 , 64 bit Build 19041 (10.0.19041.1202)
Time: Fri Oct 15 15:24:46 2021 Hora oficial do Brasil elapsed time: 0.086212 seconds (0d 0h 0m 0s)

---------------  T H R E A D  ---------------

Current thread (0x00000289688cb880):  JavaThread "Unknown thread" [_thread_in_vm, id=11044, stack(0x000000d5e9e00000,0x000000d5e9f00000)]

Stack: [0x000000d5e9e00000,0x000000d5e9f00000]
Native frames: (J=compiled Java code, j=interpreted, Vv=VM code, C=native code)
V  [jvm.dll+0x6681ca]
V  [jvm.dll+0x7c9e69]
V  [jvm.dll+0x7cb61e]
V  [jvm.dll+0x7cbc73]
V  [jvm.dll+0x242c55]
V  [jvm.dll+0xa8732]
V  [jvm.dll+0x2dc6d4]
V  [jvm.dll+0x2d423b]
V  [jvm.dll+0x79c741]
V  [jvm.dll+0x360791]
V  [jvm.dll+0x77a3f0]
V  [jvm.dll+0x3e4e8f]
V  [jvm.dll+0x3e6961]
C  [jli.dll+0x52fb]
C  [ucrtbase.dll+0x21bb2]
C  [KERNEL32.DLL+0x17034]
C  [ntdll.dll+0x52651]


---------------  P R O C E S S  ---------------

Threads class SMR info:
_java_thread_list=0x00007ffd73cccbb8, length=0, elements={
}

Java Threads: ( => current thread )

Other Threads:
  0x00000289688fa4c0 GCTaskThread "GC Thread#0" [stack: 0x000000d5e9f00000,0x000000d5ea000000] [id=6596]

[error occurred during error reporting (printing all threads), id 0xc0000005, EXCEPTION_ACCESS_VIOLATION (0xc0000005) at pc=0x00007ffd734a13c0]

VM state: not at safepoint (not fully initialized)

VM Mutex/Monitor currently owned by a thread:  ([mutex/lock_event])
[0x00000289688c8ce0] Heap_lock - owner thread: 0x00000289688cb880

Heap address: 0x00000000c1800000, size: 1000 MB, Compressed Oops mode: 32-bit

CDS archive(s) mapped at: [0x0000000000000000-0x0000000000000000-0x0000000000000000), size 0, SharedBaseAddress: 0x0000000800000000, ArchiveRelocationMode: 0.
Narrow klass base: 0x0000000000000000, Narrow klass shift: 0, Narrow klass range: 0x0

GC Precious Log:
<Empty>

Heap:
 garbage-first heap   total 0K, used 0K [0x00000000c1800000, 0x0000000100000000)
  region size 1024K, 0 young (0K), 0 survivors (0K)

[error occurred during error reporting (printing heap information), id 0xc0000005, EXCEPTION_ACCESS_VIOLATION (0xc0000005) at pc=0x00007ffd73881eed]

GC Heap History (0 events):
No events

Deoptimization events (0 events):
No events

Classes unloaded (0 events):
No events

Classes redefined (0 events):
No events

Internal exceptions (0 events):
No events

Events (1 events):
Event: 0.009 Loaded shared library C:\Program Files\Java\jdk-16.0.2\bin\java.dll


Dynamic libraries:
0x00007ff78c0b0000 - 0x00007ff78c0c0000 	C:\Program Files\Java\jdk-16.0.2\bin\java.exe
0x00007ffdb5eb0000 - 0x00007ffdb60a5000 	C:\WINDOWS\SYSTEM32\ntdll.dll
0x00007ffdb5b50000 - 0x00007ffdb5c0e000 	C:\WINDOWS\System32\KERNEL32.DLL
0x00007ffdb3700000 - 0x00007ffdb39c9000 	C:\WINDOWS\System32\KERNELBASE.dll
0x00007ffdb35d0000 - 0x00007ffdb36d0000 	C:\WINDOWS\System32\ucrtbase.dll
0x00007ffd9bf60000 - 0x00007ffd9bf78000 	C:\Program Files\Java\jdk-16.0.2\bin\jli.dll
0x00007ffdabcb0000 - 0x00007ffdabcc9000 	C:\Program Files\Java\jdk-16.0.2\bin\VCRUNTIME140.dll
0x00007ffdb4950000 - 0x00007ffdb49fc000 	C:\WINDOWS\System32\ADVAPI32.dll
0x00007ffdb5280000 - 0x00007ffdb531e000 	C:\WINDOWS\System32\msvcrt.dll
0x00007ffdb4030000 - 0x00007ffdb40cb000 	C:\WINDOWS\System32\sechost.dll
0x00007ffdb3f00000 - 0x00007ffdb402a000 	C:\WINDOWS\System32\RPCRT4.dll
0x00007ffdb5c10000 - 0x00007ffdb5db1000 	C:\WINDOWS\System32\USER32.dll
0x00007ffdb36d0000 - 0x00007ffdb36f2000 	C:\WINDOWS\System32\win32u.dll
0x00007ffdb5e40000 - 0x00007ffdb5e6b000 	C:\WINDOWS\System32\GDI32.dll
0x00007ffdb3d40000 - 0x00007ffdb3e4b000 	C:\WINDOWS\System32\gdi32full.dll
0x00007ffd993a0000 - 0x00007ffd9963a000 	C:\WINDOWS\WinSxS\amd64_microsoft.windows.common-controls_6595b64144ccf1df_6.0.19041.1110_none_60b5254171f9507e\COMCTL32.dll
0x00007ffdb3bf0000 - 0x00007ffdb3c8d000 	C:\WINDOWS\System32\msvcp_win.dll
0x00007ffda9520000 - 0x00007ffda952a000 	C:\WINDOWS\SYSTEM32\VERSION.dll
0x00007ffdb4250000 - 0x00007ffdb4280000 	C:\WINDOWS\System32\IMM32.DLL
0x00007ffdabca0000 - 0x00007ffdabcac000 	C:\Program Files\Java\jdk-16.0.2\bin\vcruntime140_1.dll
0x00007ffd99820000 - 0x00007ffd998b1000 	C:\Program Files\Java\jdk-16.0.2\bin\msvcp140.dll
0x00007ffd731c0000 - 0x00007ffd73d6b000 	C:\Program Files\Java\jdk-16.0.2\bin\server\jvm.dll
0x00007ffdb4290000 - 0x00007ffdb4298000 	C:\WINDOWS\System32\PSAPI.DLL
0x00007ffd9b760000 - 0x00007ffd9b787000 	C:\WINDOWS\SYSTEM32\WINMM.dll
0x00007ffdad9b0000 - 0x00007ffdad9b9000 	C:\WINDOWS\SYSTEM32\WSOCK32.dll
0x00007ffdb46c0000 - 0x00007ffdb472b000 	C:\WINDOWS\System32\WS2_32.dll
0x00007ffdb1e40000 - 0x00007ffdb1e52000 	C:\WINDOWS\SYSTEM32\kernel.appcore.dll
0x00007ffdabc70000 - 0x00007ffdabc7a000 	C:\Program Files\Java\jdk-16.0.2\bin\jimage.dll
0x00007ffdae1f0000 - 0x00007ffdae3d4000 	C:\WINDOWS\SYSTEM32\DBGHELP.DLL
0x00007ffd9a210000 - 0x00007ffd9a23c000 	C:\WINDOWS\SYSTEM32\dbgcore.DLL
0x00007ffdb3b60000 - 0x00007ffdb3be3000 	C:\WINDOWS\System32\bcryptPrimitives.dll
0x00007ffda8a00000 - 0x00007ffda8a25000 	C:\Program Files\Java\jdk-16.0.2\bin\java.dll

dbghelp: loaded successfully - version: 4.0.5 - missing functions: none
symbol engine: initialized successfully - sym options: 0x614 - pdb path: .;C:\Program Files\Java\jdk-16.0.2\bin;C:\WINDOWS\SYSTEM32;C:\WINDOWS\WinSxS\amd64_microsoft.windows.common-controls_6595b64144ccf1df_6.0.19041.1110_none_60b5254171f9507e;C:\Program Files\Java\jdk-16.0.2\bin\server

VM Arguments:
jvm_args: -Dclassworlds.conf=C:\Program Files\NetBeans-12.5\netbeans\java\maven\bin\..\bin\m2.conf -Dmaven.home=C:\Program Files\NetBeans-12.5\netbeans\java\maven\bin\.. -Dlibrary.jansi.path=C:\Program Files\NetBeans-12.5\netbeans\java\maven\bin\..\lib\jansi-native -Dmaven.multiModuleProjectDirectory=C:\Users\dell\Documents\NetBeansProjects\po\projetoN2 
java_command: org.codehaus.plexus.classworlds.launcher.Launcher -Dmaven.ext.class.path=C:\Program Files\NetBeans-12.5\netbeans\java\maven-nblib\netbeans-eventspy.jar -Dfile.encoding=UTF-8 install
java_class_path (initial): C:\Program Files\NetBeans-12.5\netbeans\java\maven\bin\..\boot\plexus-classworlds-2.6.0.jar
Launcher Type: SUN_STANDARD

[Global flags]
     intx CICompilerCount                          = 3                                         {product} {ergonomic}
     uint ConcGCThreads                            = 1                                         {product} {ergonomic}
     uint G1ConcRefinementThreads                  = 4                                         {product} {ergonomic}
   size_t G1HeapRegionSize                         = 1048576                                   {product} {ergonomic}
    uintx GCDrainStackTargetSize                   = 64                                        {product} {ergonomic}
   size_t InitialHeapSize                          = 67108864                                  {product} {ergonomic}
   size_t MarkStackSize                            = 4194304                                   {product} {ergonomic}
   size_t MaxHeapSize                              = 1048576000                                {product} {ergonomic}
   size_t MinHeapDeltaBytes                        = 1048576                                   {product} {ergonomic}
   size_t MinHeapSize                              = 8388608                                   {product} {ergonomic}
    uintx NonNMethodCodeHeapSize                   = 5832780                                {pd product} {ergonomic}
    uintx NonProfiledCodeHeapSize                  = 122912730                              {pd product} {ergonomic}
    uintx ProfiledCodeHeapSize                     = 122912730                              {pd product} {ergonomic}
    uintx ReservedCodeCacheSize                    = 251658240                              {pd product} {ergonomic}
     bool SegmentedCodeCache                       = true                                      {product} {ergonomic}
   size_t SoftMaxHeapSize                          = 1048576000                             {manageable} {ergonomic}
     bool UseCompressedClassPointers               = true                           {product lp64_product} {ergonomic}
     bool UseCompressedOops                        = true                           {product lp64_product} {ergonomic}
     bool UseG1GC                                  = true                                      {product} {ergonomic}
     bool UseLargePagesIndividualAllocation        = false                                  {pd product} {ergonomic}

Logging:
Log output configuration:
 #0: stdout all=warning uptime,level,tags
 #1: stderr all=off uptime,level,tags

Environment Variables:
JAVA_HOME=C:\Program Files\Java\jdk-16.0.2
PATH=C:\Program Files\Common Files\Oracle\Java\javapath;C:\Program Files (x86)\Common Files\Oracle\Java\javapath;C:\Program Files\AdoptOpenJDK\jdk-14.0.2.12-hotspot\bin;C:\WINDOWS\system32;C:\WINDOWS;C:\WINDOWS\System32\Wbem;C:\WINDOWS\System32\WindowsPowerShell\v1.0\;C:\WINDOWS\System32\OpenSSH\;C:\Program Files\nodejs\;C:\Program Files (x86)\Intel\Intel(R) Management Engine Components\DAL;C:\Program Files\Intel\Intel(R) Management Engine Components\DAL;C:\MinGW\bin;C:\Program Files\Java\jdk-15.0.2\bin;C:\Program Files\Git\cmd;C:\Program Files\Apache\maven\apache-maven-3.8.3\bin;C:\Program Files\MySQL\MySQL Shell 8.0\bin\;C:\Users\dell\AppData\Local\Microsoft\WindowsApps;C:\Users\dell\AppData\Roaming\npm;C:\MinGW\bin;;C:\Program Files\JetBrains\IntelliJ IDEA Community Edition 2021.2\bin;;C:\Users\dell\AppData\Local\Programs\mongosh\
USERNAME=dell
OS=Windows_NT
PROCESSOR_IDENTIFIER=Intel64 Family 6 Model 142 Stepping 9, GenuineIntel



---------------  S Y S T E M  ---------------

OS:
 Windows 10 , 64 bit Build 19041 (10.0.19041.1202)
OS uptime: 0 days 10:47 hours

CPU: total 4 (initial active 4) (2 cores per cpu, 2 threads per core) family 6 model 142 stepping 9 microcode 0xea, cx8, cmov, fxsr, ht, mmx, 3dnowpref, sse, sse2, sse3, ssse3, sse4.1, sse4.2, popcnt, lzcnt, tsc, tscinvbit, avx, avx2, aes, erms, clmul, bmi1, bmi2, adx, fma, vzeroupper, clflush, clflushopt

Memory: 4k page, system-wide physical 3996M (338M free)
TotalPageFile size 5391M (AvailPageFile size 6M)
current process WorkingSet (physical memory assigned to process): 9M, peak: 9M
current process commit charge ("private bytes"): 50M, peak: 51M

vm_info: Java HotSpot(TM) 64-Bit Server VM (16.0.2+7-67) for windows-amd64 JRE (16.0.2+7-67), built on Jun  8 2021 23:24:19 by "mach5one" with MS VC++ 16.7 (VS2019)

END.
