#
# A fatal error has been detected by the Java Runtime Environment:
#
#  EXCEPTION_ACCESS_VIOLATION (0xc0000005) at pc=0x00007ffd6b79d827, pid=6404, tid=1680
#
# JRE version: Java(TM) SE Runtime Environment (16.0.2+7) (build 16.0.2+7-67)
# Java VM: Java HotSpot(TM) 64-Bit Server VM (16.0.2+7-67, mixed mode, sharing, tiered, compressed oops, compressed class ptrs, g1 gc, windows-amd64)
# Problematic frame:
# V  [jvm.dll+0x37d827]
#
# No core dump will be written. Minidumps are not enabled by default on client versions of Windows
#
# If you would like to submit a bug report, please visit:
#   https://bugreport.java.com/bugreport/crash.jsp
#

---------------  S U M M A R Y ------------

Command Line: view.Tabela

Host: Intel(R) Core(TM) i3-7020U CPU @ 2.30GHz, 4 cores, 3G,  Windows 10 , 64 bit Build 19041 (10.0.19041.1202)
Time: Fri Oct 15 13:11:41 2021 Hora oficial do Brasil elapsed time: 0.685060 seconds (0d 0h 0m 0s)

---------------  T H R E A D  ---------------

Current thread (0x00000165f7ec2120):  JavaThread "AWT-EventQueue-0" [_thread_in_vm, id=1680, stack(0x00000010e7e00000,0x00000010e7f00000)]

Stack: [0x00000010e7e00000,0x00000010e7f00000],  sp=0x00000010e7efcee0,  free space=1011k
Native frames: (J=compiled Java code, j=interpreted, Vv=VM code, C=native code)
V  [jvm.dll+0x37d827]
V  [jvm.dll+0x6680f2]
V  [jvm.dll+0x37d4ee]
V  [jvm.dll+0x6b0b92]
V  [jvm.dll+0x6b0f88]
V  [jvm.dll+0x41cbd7]
C  0x00000165e2efdd22

Java frames: (J=compiled Java code, j=interpreted, Vv=VM code)
j  jdk.internal.reflect.NativeConstructorAccessorImpl.newInstance0(Ljava/lang/reflect/Constructor;[Ljava/lang/Object;)Ljava/lang/Object;+0 java.base@16.0.2
j  jdk.internal.reflect.NativeConstructorAccessorImpl.newInstance([Ljava/lang/Object;)Ljava/lang/Object;+131 java.base@16.0.2
j  jdk.internal.reflect.DelegatingConstructorAccessorImpl.newInstance([Ljava/lang/Object;)Ljava/lang/Object;+5 java.base@16.0.2
j  java.lang.reflect.Constructor.newInstanceWithCaller([Ljava/lang/Object;ZLjava/lang/Class;)Ljava/lang/Object;+65 java.base@16.0.2
j  java.lang.reflect.Constructor.newInstance([Ljava/lang/Object;)Ljava/lang/Object;+30 java.base@16.0.2
j  java.lang.invoke.InnerClassLambdaMetafactory.buildCallSite()Ljava/lang/invoke/CallSite;+127 java.base@16.0.2
j  java.lang.invoke.LambdaMetafactory.metafactory(Ljava/lang/invoke/MethodHandles$Lookup;Ljava/lang/String;Ljava/lang/invoke/MethodType;Ljava/lang/invoke/MethodType;Ljava/lang/invoke/MethodHandle;Ljava/lang/invoke/MethodType;)Ljava/lang/invoke/CallSite;+31 java.base@16.0.2
j  java.lang.invoke.DirectMethodHandle$Holder.invokeStatic(Ljava/lang/Object;Ljava/lang/Object;Ljava/lang/Object;Ljava/lang/Object;Ljava/lang/Object;Ljava/lang/Object;Ljava/lang/Object;)Ljava/lang/Object;+20 java.base@16.0.2
j  java.lang.invoke.Invokers$Holder.invokeExact_MT(Ljava/lang/Object;Ljava/lang/Object;Ljava/lang/Object;Ljava/lang/Object;Ljava/lang/Object;Ljava/lang/Object;Ljava/lang/Object;Ljava/lang/Object;)Ljava/lang/Object;+28 java.base@16.0.2
j  java.lang.invoke.BootstrapMethodInvoker.invoke(Ljava/lang/Class;Ljava/lang/invoke/MethodHandle;Ljava/lang/String;Ljava/lang/Object;Ljava/lang/Object;Ljava/lang/Class;)Ljava/lang/Object;+262 java.base@16.0.2
j  java.lang.invoke.CallSite.makeSite(Ljava/lang/invoke/MethodHandle;Ljava/lang/String;Ljava/lang/invoke/MethodType;Ljava/lang/Object;Ljava/lang/Class;)Ljava/lang/invoke/CallSite;+8 java.base@16.0.2
j  java.lang.invoke.MethodHandleNatives.linkCallSiteImpl(Ljava/lang/Class;Ljava/lang/invoke/MethodHandle;Ljava/lang/String;Ljava/lang/invoke/MethodType;Ljava/lang/Object;[Ljava/lang/Object;)Ljava/lang/invoke/MemberName;+6 java.base@16.0.2
j  java.lang.invoke.MethodHandleNatives.linkCallSite(Ljava/lang/Object;ILjava/lang/Object;Ljava/lang/Object;Ljava/lang/Object;Ljava/lang/Object;[Ljava/lang/Object;)Ljava/lang/invoke/MemberName;+46 java.base@16.0.2
v  ~StubRoutines::call_stub
j  java.lang.Class.methodToString(Ljava/lang/String;[Ljava/lang/Class;)Ljava/lang/String;+42 java.base@16.0.2
j  java.lang.Class.getDeclaredMethod(Ljava/lang/String;[Ljava/lang/Class;)Ljava/lang/reflect/Method;+47 java.base@16.0.2
j  java.awt.Component.isCoalesceEventsOverriden(Ljava/lang/Class;)Z+97 java.desktop@16.0.2
j  java.awt.Component$3.run()Ljava/lang/Boolean;+4 java.desktop@16.0.2
j  java.awt.Component$3.run()Ljava/lang/Object;+1 java.desktop@16.0.2
J 440 c1 java.security.AccessController.doPrivileged(Ljava/security/PrivilegedAction;)Ljava/lang/Object; java.base@16.0.2 (9 bytes) @ 0x00000165e352f5cc [0x00000165e352f460+0x000000000000016c]
j  java.awt.Component.checkCoalescing()Z+56 java.desktop@16.0.2
j  java.awt.Component.<init>()V+113 java.desktop@16.0.2
j  java.awt.Container.<init>()V+1 java.desktop@16.0.2
j  java.awt.Window.<init>()V+1 java.desktop@16.0.2
j  java.awt.Frame.<init>(Ljava/lang/String;)V+1 java.desktop@16.0.2
j  java.awt.Frame.<init>()V+3 java.desktop@16.0.2
j  javax.swing.JFrame.<init>()V+1 java.desktop@16.0.2
j  view.Tabela.<init>()V+1
j  view.Tabela$7.run()V+4
j  java.awt.event.InvocationEvent.dispatch()V+47 java.desktop@16.0.2
j  java.awt.EventQueue.dispatchEventImpl(Ljava/awt/AWTEvent;Ljava/lang/Object;)V+21 java.desktop@16.0.2
j  java.awt.EventQueue$4.run()Ljava/lang/Void;+32 java.desktop@16.0.2
j  java.awt.EventQueue$4.run()Ljava/lang/Object;+1 java.desktop@16.0.2
j  java.security.AccessController.executePrivileged(Ljava/security/PrivilegedAction;Ljava/security/AccessControlContext;Ljava/lang/Class;)Ljava/lang/Object;+29 java.base@16.0.2
j  java.security.AccessController.doPrivileged(Ljava/security/PrivilegedAction;Ljava/security/AccessControlContext;)Ljava/lang/Object;+13 java.base@16.0.2
j  java.security.ProtectionDomain$JavaSecurityAccessImpl.doIntersectionPrivilege(Ljava/security/PrivilegedAction;Ljava/security/AccessControlContext;Ljava/security/AccessControlContext;)Ljava/lang/Object;+18 java.base@16.0.2
j  java.awt.EventQueue.dispatchEvent(Ljava/awt/AWTEvent;)V+46 java.desktop@16.0.2
j  java.awt.EventDispatchThread.pumpOneEventForFilters(I)V+78 java.desktop@16.0.2
j  java.awt.EventDispatchThread.pumpEventsForFilter(ILjava/awt/Conditional;Ljava/awt/EventFilter;)V+35 java.desktop@16.0.2
j  java.awt.EventDispatchThread.pumpEventsForHierarchy(ILjava/awt/Conditional;Ljava/awt/Component;)V+11 java.desktop@16.0.2
j  java.awt.EventDispatchThread.pumpEvents(ILjava/awt/Conditional;)V+4 java.desktop@16.0.2
j  java.awt.EventDispatchThread.pumpEvents(Ljava/awt/Conditional;)V+3 java.desktop@16.0.2
j  java.awt.EventDispatchThread.run()V+9 java.desktop@16.0.2
v  ~StubRoutines::call_stub

siginfo: EXCEPTION_ACCESS_VIOLATION (0xc0000005), writing address 0x00000010e7ef5ee0


Register to memory mapping:

RIP=0x00007ffd6b79d827 jvm.dll
RAX=0x0000000000000001 is an unknown value
RBX=0x00000010e7ef5ee0 is pointing into the stack for thread: 0x00000165f7ec2120
RCX=0x0000000000001000 is an unknown value
RDX=0x0 is NULL
RSP=0x00000010e7efcee0 is pointing into the stack for thread: 0x00000165f7ec2120
RBP=0x00000010e7efcfe0 is pointing into the stack for thread: 0x00000165f7ec2120
RSI=0x00000165f704d480 points into unknown readable memory: 0x00000000c52041e0 | e0 41 20 c5 00 00 00 00
RDI=0x00000010e7efd1b0 is pointing into the stack for thread: 0x00000165f7ec2120
R8 =0x00000010e7efcee0 is pointing into the stack for thread: 0x00000165f7ec2120
R9 =0x0000000000000150 is an unknown value
R10=0x00000010e7efd128 is pointing into the stack for thread: 0x00000165f7ec2120
R11=0x00000010e7efd140 is pointing into the stack for thread: 0x00000165f7ec2120
R12=0x00000010e7efd128 is pointing into the stack for thread: 0x00000165f7ec2120
R13=0x000000000000000a is an unknown value
R14=0x00000010e7efd140 is pointing into the stack for thread: 0x00000165f7ec2120
R15=0x00000165f7ec2120 is a thread


Registers:
RAX=0x0000000000000001, RBX=0x00000010e7ef5ee0, RCX=0x0000000000001000, RDX=0x0000000000000000
RSP=0x00000010e7efcee0, RBP=0x00000010e7efcfe0, RSI=0x00000165f704d480, RDI=0x00000010e7efd1b0
R8 =0x00000010e7efcee0, R9 =0x0000000000000150, R10=0x00000010e7efd128, R11=0x00000010e7efd140
R12=0x00000010e7efd128, R13=0x000000000000000a, R14=0x00000010e7efd140, R15=0x00000165f7ec2120
RIP=0x00007ffd6b79d827, EFLAGS=0x0000000000010202

Top of Stack: (sp=0x00000010e7efcee0)
0x00000010e7efcee0:   00000010e7efcee0 00000165f704d480
0x00000010e7efcef0:   0000000800010d98 00000165f7ebdab0
0x00000010e7efcf00:   00000165f7ebe630 00000165f6ff3d30
0x00000010e7efcf10:   00000000000003d8 00000165f6ff3d40
0x00000010e7efcf20:   00000165f6ff4118 0000000000000000
0x00000010e7efcf30:   0000000000000000 0000000000000000
0x00000010e7efcf40:   0000000800010d98 0000000000000000
0x00000010e7efcf50:   0000000000010101 00007ffd6bce37f0
0x00000010e7efcf60:   00000165f7ebe630 00000165f7ebe795
0x00000010e7efcf70:   00000165f7ebe795 00000165f6ff3d40
0x00000010e7efcf80:   0000016500000000 00000165d9d724c0
0x00000010e7efcf90:   0000000100000016 00000165d9d70000
0x00000010e7efcfa0:   00000165d9d702fc 000001650000000c
0x00000010e7efcfb0:   0000000000000170 00000165d9d70cc0
0x00000010e7efcfc0:   00000000c5201ed8 0000000000000000
0x00000010e7efcfd0:   00000165f704d480 0000000000000170 

Instructions: (pc=0x00007ffd6b79d827)
0x00007ffd6b79d727:   ff 48 98 41 8b 8c 80 58 db 37 00 49 03 c8 ff e1
0x00007ffd6b79d737:   41 bd 0a 00 00 00 eb 4c 41 bd 0b 00 00 00 c6 85
0x00007ffd6b79d747:   90 00 00 00 00 eb 57 41 bd 06 00 00 00 c6 85 90
0x00007ffd6b79d757:   00 00 00 00 eb 48 41 bd 07 00 00 00 c6 85 90 00
0x00007ffd6b79d767:   00 00 00 eb 39 ba b2 00 00 00 48 8d 0d b0 69 57
0x00007ffd6b79d777:   00 e8 63 53 ec ff e8 be a5 2e 00 41 8b 16 41 bd
0x00007ffd6b79d787:   63 00 00 00 83 fa 0c 74 0e 83 fa 0d 74 09 c6 85
0x00007ffd6b79d797:   90 00 00 00 00 eb 07 c6 85 90 00 00 00 01 49 8b
0x00007ffd6b79d7a7:   04 24 8b 48 20 c1 e9 03 f6 c1 01 75 0d 48 8b 47
0x00007ffd6b79d7b7:   58 48 8b 30 48 89 75 f0 eb 07 48 89 5d f8 48 8b
0x00007ffd6b79d7c7:   f3 49 8d 8f d0 03 00 00 e8 6c 26 37 00 e8 87 a6
0x00007ffd6b79d7d7:   2e 00 4c 8b c0 49 8b d4 49 8b cf 48 8b d8 e8 66
0x00007ffd6b79d7e7:   f2 2d 00 84 c0 75 1d 4d 8b cc 48 8d 15 30 69 57
0x00007ffd6b79d7f7:   00 41 b8 8e 01 00 00 49 8b cf e8 fa 8d f3 ff e9
0x00007ffd6b79d807:   3c 02 00 00 48 63 0d de f3 76 00 33 d2 48 8b 05
0x00007ffd6b79d817:   a5 3f 77 00 48 f7 f1 48 83 f8 01 72 0c 48 2b d9
0x00007ffd6b79d827:   c6 03 00 48 83 e8 01 75 f4 4d 8b ce 4c 89 7c 24
0x00007ffd6b79d837:   20 4c 8b c6 48 8d 4c 24 40 49 8b d4 e8 98 fa ff
0x00007ffd6b79d847:   ff 49 83 7f 08 00 0f 85 44 01 00 00 49 8b d7 48
0x00007ffd6b79d857:   8d 4d 00 e8 51 45 fc ff 33 f6 39 77 68 0f 8e 91
0x00007ffd6b79d867:   00 00 00 33 db 0f 1f 40 00 48 8b 47 60 0f b6 0c
0x00007ffd6b79d877:   03 85 c9 74 71 48 8b 47 58 48 8b 14 d8 83 e9 02
0x00007ffd6b79d887:   74 48 83 f9 01 74 1a ba e5 01 00 00 48 8d 0d 8e
0x00007ffd6b79d897:   68 57 00 e8 41 52 ec ff e8 9c a4 2e 00 33 c9 eb
0x00007ffd6b79d8a7:   35 33 c9 48 85 d2 74 2e f6 c2 01 74 0f 48 8d 4a
0x00007ffd6b79d8b7:   ff ff 15 42 33 6f 00 48 8b c8 eb 1a 48 8b ca ff
0x00007ffd6b79d8c7:   15 54 b7 6e 00 48 8b c8 eb 0c 48 85 d2 75 04 33
0x00007ffd6b79d8d7:   c9 eb 03 48 8b 0a 48 8b 47 58 48 89 0c d8 48 8b
0x00007ffd6b79d8e7:   47 60 c6 04 03 01 ff c6 48 ff c3 3b 77 68 0f 8c
0x00007ffd6b79d8f7:   75 ff ff ff 48 8b 47 78 48 8b 5f 58 48 85 c0 74
0x00007ffd6b79d907:   48 48 8b 10 33 c9 e8 5e 4a 12 00 48 85 c0 74 39
0x00007ffd6b79d917:   49 89 87 c0 03 00 00 49 8b 04 24 48 8b 48 08 48 


Stack slot to memory mapping:
stack at sp + 0 slots: 0x00000010e7efcee0 is pointing into the stack for thread: 0x00000165f7ec2120
stack at sp + 1 slots: 0x00000165f704d480 points into unknown readable memory: 0x00000000c52041e0 | e0 41 20 c5 00 00 00 00
stack at sp + 2 slots: 0x0000000800010d98 is a pointer to class: 
java.lang.Class {0x0000000800010da0}
stack at sp + 3 slots: 0x00000165f7ebdab0 points into unknown readable memory: 0x0049004600000002 | 02 00 00 00 46 00 49 00
stack at sp + 4 slots: 0x00000165f7ebe630 points into unknown readable memory: 0x3b000000bebafeca | ca fe ba be 00 00 00 3b
stack at sp + 5 slots: 0x00000165f6ff3d30 points into unknown readable memory: 0x0000000000000000 | 00 00 00 00 00 00 00 00
stack at sp + 6 slots: 0x00000000000003d8 is an unknown value
stack at sp + 7 slots: 0x00000165f6ff3d40 points into unknown readable memory: 0x6e616c2e6176616a | 6a 61 76 61 2e 6c 61 6e


---------------  P R O C E S S  ---------------

Threads class SMR info:
_java_thread_list=0x00000165f7f182c0, length=16, elements={
0x00000165f6f845f0, 0x00000165f6f853c0, 0x00000165f6f9ef90, 0x00000165f6f9f8a0,
0x00000165f6fa01b0, 0x00000165f6fa1260, 0x00000165f6faa300, 0x00000165f6fad8c0,
0x00000165f6fae210, 0x00000165f7c4c880, 0x00000165f7c544d0, 0x00000165f7e7a400,
0x00000165f7e7a920, 0x00000165f7e7afd0, 0x00000165f7ec2120, 0x00000165d9f59cb0
}

Java Threads: ( => current thread )
  0x00000165f6f845f0 JavaThread "Reference Handler" daemon [_thread_blocked, id=3592, stack(0x00000010e6f00000,0x00000010e7000000)]
  0x00000165f6f853c0 JavaThread "Finalizer" daemon [_thread_blocked, id=2324, stack(0x00000010e7000000,0x00000010e7100000)]
  0x00000165f6f9ef90 JavaThread "Signal Dispatcher" daemon [_thread_blocked, id=3496, stack(0x00000010e7100000,0x00000010e7200000)]
  0x00000165f6f9f8a0 JavaThread "Attach Listener" daemon [_thread_blocked, id=6488, stack(0x00000010e7200000,0x00000010e7300000)]
  0x00000165f6fa01b0 JavaThread "Service Thread" daemon [_thread_blocked, id=2108, stack(0x00000010e7300000,0x00000010e7400000)]
  0x00000165f6fa1260 JavaThread "Monitor Deflation Thread" daemon [_thread_blocked, id=3476, stack(0x00000010e7400000,0x00000010e7500000)]
  0x00000165f6faa300 JavaThread "C2 CompilerThread0" daemon [_thread_blocked, id=9524, stack(0x00000010e7500000,0x00000010e7600000)]
  0x00000165f6fad8c0 JavaThread "C1 CompilerThread0" daemon [_thread_blocked, id=4136, stack(0x00000010e7600000,0x00000010e7700000)]
  0x00000165f6fae210 JavaThread "Sweeper thread" daemon [_thread_blocked, id=9748, stack(0x00000010e7700000,0x00000010e7800000)]
  0x00000165f7c4c880 JavaThread "Notification Thread" daemon [_thread_blocked, id=10044, stack(0x00000010e7800000,0x00000010e7900000)]
  0x00000165f7c544d0 JavaThread "Common-Cleaner" daemon [_thread_blocked, id=10268, stack(0x00000010e7a00000,0x00000010e7b00000)]
  0x00000165f7e7a400 JavaThread "Java2D Disposer" daemon [_thread_blocked, id=9592, stack(0x00000010e7b00000,0x00000010e7c00000)]
  0x00000165f7e7a920 JavaThread "AWT-Shutdown" [_thread_blocked, id=6476, stack(0x00000010e7c00000,0x00000010e7d00000)]
  0x00000165f7e7afd0 JavaThread "AWT-Windows" daemon [_thread_in_native, id=7952, stack(0x00000010e7d00000,0x00000010e7e00000)]
=>0x00000165f7ec2120 JavaThread "AWT-EventQueue-0" [_thread_in_vm, id=1680, stack(0x00000010e7e00000,0x00000010e7f00000)]
  0x00000165d9f59cb0 JavaThread "DestroyJavaVM" [_thread_blocked, id=9392, stack(0x00000010e6800000,0x00000010e6900000)]

Other Threads:
  0x00000165f6f802f0 VMThread "VM Thread" [stack: 0x00000010e6e00000,0x00000010e6f00000] [id=6924]
  0x00000165f7c501d0 WatcherThread [stack: 0x00000010e7900000,0x00000010e7a00000] [id=5364]
  0x00000165d9f8b020 GCTaskThread "GC Thread#0" [stack: 0x00000010e6900000,0x00000010e6a00000] [id=11144]
  0x00000165d9f94d00 ConcurrentGCThread "G1 Main Marker" [stack: 0x00000010e6a00000,0x00000010e6b00000] [id=11032]
  0x00000165d9f95e20 ConcurrentGCThread "G1 Conc#0" [stack: 0x00000010e6b00000,0x00000010e6c00000] [id=6736]
  0x00000165d9fe6440 ConcurrentGCThread "G1 Refine#0" [stack: 0x00000010e6c00000,0x00000010e6d00000] [id=8832]
  0x00000165d9fe6dd0 ConcurrentGCThread "G1 Service" [stack: 0x00000010e6d00000,0x00000010e6e00000] [id=9740]

Threads with active compile tasks:

VM state: not at safepoint (normal execution)

VM Mutex/Monitor currently owned by a thread: None

Heap address: 0x00000000c1800000, size: 1000 MB, Compressed Oops mode: 32-bit

CDS archive(s) mapped at: [0x0000000800000000-0x0000000800bb0000-0x0000000800bb0000), size 12255232, SharedBaseAddress: 0x0000000800000000, ArchiveRelocationMode: 0.
Compressed class space mapped at: 0x0000000800c00000-0x0000000840c00000, reserved size: 1073741824
Narrow klass base: 0x0000000800000000, Narrow klass shift: 3, Narrow klass range: 0x100000000

GC Precious Log:
 CPUs: 4 total, 4 available
 Memory: 3996M
 Large Page Support: Disabled
 NUMA Support: Disabled
 Compressed Oops: Enabled (32-bit)
 Heap Region Size: 1M
 Heap Min Capacity: 8M
 Heap Initial Capacity: 64M
 Heap Max Capacity: 1000M
 Pre-touch: Disabled
 Parallel Workers: 4
 Concurrent Workers: 1
 Concurrent Refinement Workers: 4
 Periodic GC: Disabled

Heap:
 garbage-first heap   total 65536K, used 5120K [0x00000000c1800000, 0x0000000100000000)
  region size 1024K, 6 young (6144K), 0 survivors (0K)
 Metaspace       used 5838K, committed 5952K, reserved 1056768K
  class space    used 672K, committed 704K, reserved 1048576K

Heap Regions: E=young(eden), S=young(survivor), O=old, HS=humongous(starts), HC=humongous(continues), CS=collection set, F=free, OA=open archive, CA=closed archive, TAMS=top-at-mark-start (previous, next)
|   0|0x00000000c1800000, 0x00000000c1800000, 0x00000000c1900000|  0%| F|  |TAMS 0x00000000c1800000, 0x00000000c1800000| Untracked 
|   1|0x00000000c1900000, 0x00000000c1900000, 0x00000000c1a00000|  0%| F|  |TAMS 0x00000000c1900000, 0x00000000c1900000| Untracked 
|   2|0x00000000c1a00000, 0x00000000c1a00000, 0x00000000c1b00000|  0%| F|  |TAMS 0x00000000c1a00000, 0x00000000c1a00000| Untracked 
|   3|0x00000000c1b00000, 0x00000000c1b00000, 0x00000000c1c00000|  0%| F|  |TAMS 0x00000000c1b00000, 0x00000000c1b00000| Untracked 
|   4|0x00000000c1c00000, 0x00000000c1c00000, 0x00000000c1d00000|  0%| F|  |TAMS 0x00000000c1c00000, 0x00000000c1c00000| Untracked 
|   5|0x00000000c1d00000, 0x00000000c1d00000, 0x00000000c1e00000|  0%| F|  |TAMS 0x00000000c1d00000, 0x00000000c1d00000| Untracked 
|   6|0x00000000c1e00000, 0x00000000c1e00000, 0x00000000c1f00000|  0%| F|  |TAMS 0x00000000c1e00000, 0x00000000c1e00000| Untracked 
|   7|0x00000000c1f00000, 0x00000000c1f00000, 0x00000000c2000000|  0%| F|  |TAMS 0x00000000c1f00000, 0x00000000c1f00000| Untracked 
|   8|0x00000000c2000000, 0x00000000c2000000, 0x00000000c2100000|  0%| F|  |TAMS 0x00000000c2000000, 0x00000000c2000000| Untracked 
|   9|0x00000000c2100000, 0x00000000c2100000, 0x00000000c2200000|  0%| F|  |TAMS 0x00000000c2100000, 0x00000000c2100000| Untracked 
|  10|0x00000000c2200000, 0x00000000c2200000, 0x00000000c2300000|  0%| F|  |TAMS 0x00000000c2200000, 0x00000000c2200000| Untracked 
|  11|0x00000000c2300000, 0x00000000c2300000, 0x00000000c2400000|  0%| F|  |TAMS 0x00000000c2300000, 0x00000000c2300000| Untracked 
|  12|0x00000000c2400000, 0x00000000c2400000, 0x00000000c2500000|  0%| F|  |TAMS 0x00000000c2400000, 0x00000000c2400000| Untracked 
|  13|0x00000000c2500000, 0x00000000c2500000, 0x00000000c2600000|  0%| F|  |TAMS 0x00000000c2500000, 0x00000000c2500000| Untracked 
|  14|0x00000000c2600000, 0x00000000c2600000, 0x00000000c2700000|  0%| F|  |TAMS 0x00000000c2600000, 0x00000000c2600000| Untracked 
|  15|0x00000000c2700000, 0x00000000c2700000, 0x00000000c2800000|  0%| F|  |TAMS 0x00000000c2700000, 0x00000000c2700000| Untracked 
|  16|0x00000000c2800000, 0x00000000c2800000, 0x00000000c2900000|  0%| F|  |TAMS 0x00000000c2800000, 0x00000000c2800000| Untracked 
|  17|0x00000000c2900000, 0x00000000c2900000, 0x00000000c2a00000|  0%| F|  |TAMS 0x00000000c2900000, 0x00000000c2900000| Untracked 
|  18|0x00000000c2a00000, 0x00000000c2a00000, 0x00000000c2b00000|  0%| F|  |TAMS 0x00000000c2a00000, 0x00000000c2a00000| Untracked 
|  19|0x00000000c2b00000, 0x00000000c2b00000, 0x00000000c2c00000|  0%| F|  |TAMS 0x00000000c2b00000, 0x00000000c2b00000| Untracked 
|  20|0x00000000c2c00000, 0x00000000c2c00000, 0x00000000c2d00000|  0%| F|  |TAMS 0x00000000c2c00000, 0x00000000c2c00000| Untracked 
|  21|0x00000000c2d00000, 0x00000000c2d00000, 0x00000000c2e00000|  0%| F|  |TAMS 0x00000000c2d00000, 0x00000000c2d00000| Untracked 
|  22|0x00000000c2e00000, 0x00000000c2e00000, 0x00000000c2f00000|  0%| F|  |TAMS 0x00000000c2e00000, 0x00000000c2e00000| Untracked 
|  23|0x00000000c2f00000, 0x00000000c2f00000, 0x00000000c3000000|  0%| F|  |TAMS 0x00000000c2f00000, 0x00000000c2f00000| Untracked 
|  24|0x00000000c3000000, 0x00000000c3000000, 0x00000000c3100000|  0%| F|  |TAMS 0x00000000c3000000, 0x00000000c3000000| Untracked 
|  25|0x00000000c3100000, 0x00000000c3100000, 0x00000000c3200000|  0%| F|  |TAMS 0x00000000c3100000, 0x00000000c3100000| Untracked 
|  26|0x00000000c3200000, 0x00000000c3200000, 0x00000000c3300000|  0%| F|  |TAMS 0x00000000c3200000, 0x00000000c3200000| Untracked 
|  27|0x00000000c3300000, 0x00000000c3300000, 0x00000000c3400000|  0%| F|  |TAMS 0x00000000c3300000, 0x00000000c3300000| Untracked 
|  28|0x00000000c3400000, 0x00000000c3400000, 0x00000000c3500000|  0%| F|  |TAMS 0x00000000c3400000, 0x00000000c3400000| Untracked 
|  29|0x00000000c3500000, 0x00000000c3500000, 0x00000000c3600000|  0%| F|  |TAMS 0x00000000c3500000, 0x00000000c3500000| Untracked 
|  30|0x00000000c3600000, 0x00000000c3600000, 0x00000000c3700000|  0%| F|  |TAMS 0x00000000c3600000, 0x00000000c3600000| Untracked 
|  31|0x00000000c3700000, 0x00000000c3700000, 0x00000000c3800000|  0%| F|  |TAMS 0x00000000c3700000, 0x00000000c3700000| Untracked 
|  32|0x00000000c3800000, 0x00000000c3800000, 0x00000000c3900000|  0%| F|  |TAMS 0x00000000c3800000, 0x00000000c3800000| Untracked 
|  33|0x00000000c3900000, 0x00000000c3900000, 0x00000000c3a00000|  0%| F|  |TAMS 0x00000000c3900000, 0x00000000c3900000| Untracked 
|  34|0x00000000c3a00000, 0x00000000c3a00000, 0x00000000c3b00000|  0%| F|  |TAMS 0x00000000c3a00000, 0x00000000c3a00000| Untracked 
|  35|0x00000000c3b00000, 0x00000000c3b00000, 0x00000000c3c00000|  0%| F|  |TAMS 0x00000000c3b00000, 0x00000000c3b00000| Untracked 
|  36|0x00000000c3c00000, 0x00000000c3c00000, 0x00000000c3d00000|  0%| F|  |TAMS 0x00000000c3c00000, 0x00000000c3c00000| Untracked 
|  37|0x00000000c3d00000, 0x00000000c3d00000, 0x00000000c3e00000|  0%| F|  |TAMS 0x00000000c3d00000, 0x00000000c3d00000| Untracked 
|  38|0x00000000c3e00000, 0x00000000c3e00000, 0x00000000c3f00000|  0%| F|  |TAMS 0x00000000c3e00000, 0x00000000c3e00000| Untracked 
|  39|0x00000000c3f00000, 0x00000000c3f00000, 0x00000000c4000000|  0%| F|  |TAMS 0x00000000c3f00000, 0x00000000c3f00000| Untracked 
|  40|0x00000000c4000000, 0x00000000c4000000, 0x00000000c4100000|  0%| F|  |TAMS 0x00000000c4000000, 0x00000000c4000000| Untracked 
|  41|0x00000000c4100000, 0x00000000c4100000, 0x00000000c4200000|  0%| F|  |TAMS 0x00000000c4100000, 0x00000000c4100000| Untracked 
|  42|0x00000000c4200000, 0x00000000c4200000, 0x00000000c4300000|  0%| F|  |TAMS 0x00000000c4200000, 0x00000000c4200000| Untracked 
|  43|0x00000000c4300000, 0x00000000c4300000, 0x00000000c4400000|  0%| F|  |TAMS 0x00000000c4300000, 0x00000000c4300000| Untracked 
|  44|0x00000000c4400000, 0x00000000c4400000, 0x00000000c4500000|  0%| F|  |TAMS 0x00000000c4400000, 0x00000000c4400000| Untracked 
|  45|0x00000000c4500000, 0x00000000c4500000, 0x00000000c4600000|  0%| F|  |TAMS 0x00000000c4500000, 0x00000000c4500000| Untracked 
|  46|0x00000000c4600000, 0x00000000c4600000, 0x00000000c4700000|  0%| F|  |TAMS 0x00000000c4600000, 0x00000000c4600000| Untracked 
|  47|0x00000000c4700000, 0x00000000c4700000, 0x00000000c4800000|  0%| F|  |TAMS 0x00000000c4700000, 0x00000000c4700000| Untracked 
|  48|0x00000000c4800000, 0x00000000c4800000, 0x00000000c4900000|  0%| F|  |TAMS 0x00000000c4800000, 0x00000000c4800000| Untracked 
|  49|0x00000000c4900000, 0x00000000c4900000, 0x00000000c4a00000|  0%| F|  |TAMS 0x00000000c4900000, 0x00000000c4900000| Untracked 
|  50|0x00000000c4a00000, 0x00000000c4a00000, 0x00000000c4b00000|  0%| F|  |TAMS 0x00000000c4a00000, 0x00000000c4a00000| Untracked 
|  51|0x00000000c4b00000, 0x00000000c4b00000, 0x00000000c4c00000|  0%| F|  |TAMS 0x00000000c4b00000, 0x00000000c4b00000| Untracked 
|  52|0x00000000c4c00000, 0x00000000c4c00000, 0x00000000c4d00000|  0%| F|  |TAMS 0x00000000c4c00000, 0x00000000c4c00000| Untracked 
|  53|0x00000000c4d00000, 0x00000000c4d00000, 0x00000000c4e00000|  0%| F|  |TAMS 0x00000000c4d00000, 0x00000000c4d00000| Untracked 
|  54|0x00000000c4e00000, 0x00000000c4e00000, 0x00000000c4f00000|  0%| F|  |TAMS 0x00000000c4e00000, 0x00000000c4e00000| Untracked 
|  55|0x00000000c4f00000, 0x00000000c4f00000, 0x00000000c5000000|  0%| F|  |TAMS 0x00000000c4f00000, 0x00000000c4f00000| Untracked 
|  56|0x00000000c5000000, 0x00000000c5000000, 0x00000000c5100000|  0%| F|  |TAMS 0x00000000c5000000, 0x00000000c5000000| Untracked 
|  57|0x00000000c5100000, 0x00000000c5100000, 0x00000000c5200000|  0%| F|  |TAMS 0x00000000c5100000, 0x00000000c5100000| Untracked 
|  58|0x00000000c5200000, 0x00000000c5243100, 0x00000000c5300000| 26%| E|  |TAMS 0x00000000c5200000, 0x00000000c5200000| Complete 
|  59|0x00000000c5300000, 0x00000000c5400000, 0x00000000c5400000|100%| E|CS|TAMS 0x00000000c5300000, 0x00000000c5300000| Complete 
|  60|0x00000000c5400000, 0x00000000c5500000, 0x00000000c5500000|100%| E|CS|TAMS 0x00000000c5400000, 0x00000000c5400000| Complete 
|  61|0x00000000c5500000, 0x00000000c5600000, 0x00000000c5600000|100%| E|CS|TAMS 0x00000000c5500000, 0x00000000c5500000| Complete 
|  62|0x00000000c5600000, 0x00000000c5700000, 0x00000000c5700000|100%| E|CS|TAMS 0x00000000c5600000, 0x00000000c5600000| Complete 
|  63|0x00000000c5700000, 0x00000000c5800000, 0x00000000c5800000|100%| E|CS|TAMS 0x00000000c5700000, 0x00000000c5700000| Complete 

Card table byte_map: [0x00000165f2710000,0x00000165f2910000] _byte_map_base: 0x00000165f2104000

Marking Bits (Prev, Next): (CMBitMap*) 0x00000165d9f8b620, (CMBitMap*) 0x00000165d9f8b660
 Prev Bits: [0x00000165f2b10000, 0x00000165f3ab0000)
 Next Bits: [0x00000165f3ab0000, 0x00000165f4a50000)

Polling page: 0x00000165d9de0000

Metaspace:

Usage:
  Non-class:      5.05 MB used.
      Class:    672.41 KB used.
       Both:      5.70 MB used.

Virtual space:
  Non-class space:        8.00 MB reserved,       5.12 MB ( 64%) committed,  1 nodes.
      Class space:        1.00 GB reserved,     704.00 KB ( <1%) committed,  1 nodes.
              Both:        1.01 GB reserved,       5.81 MB ( <1%) committed. 

Chunk freelists:
   Non-Class:  2.89 MB
       Class:  3.25 MB
        Both:  6.15 MB

MaxMetaspaceSize: 17179869184.00 GB
CompressedClassSpaceSize: 1.00 GB
 - commit_granule_bytes: 65536.
 - commit_granule_words: 8192.
 - virtual_space_node_default_size: 1048576.
 - enlarge_chunks_in_place: 1.
 - new_chunks_are_fully_committed: 0.
 - uncommit_free_chunks: 1.
 - use_allocation_guard: 0.
 - handle_deallocations: 1.


Internal statistics:

num_allocs_failed_limit: 0.
num_arena_births: 90.
num_arena_deaths: 0.
num_vsnodes_births: 2.
num_vsnodes_deaths: 0.
num_space_committed: 93.
num_space_uncommitted: 0.
num_chunks_returned_to_freelist: 0.
num_chunks_taken_from_freelist: 108.
num_chunk_merges: 0.
num_chunk_splits: 70.
num_chunks_enlarged: 36.
num_purges: 0.

CodeHeap 'non-profiled nmethods': size=120000Kb used=134Kb max_used=134Kb free=119865Kb
 bounds [0x00000165ea9c0000, 0x00000165eac30000, 0x00000165f1ef0000]
CodeHeap 'profiled nmethods': size=120000Kb used=743Kb max_used=743Kb free=119256Kb
 bounds [0x00000165e3490000, 0x00000165e3700000, 0x00000165ea9c0000]
CodeHeap 'non-nmethods': size=5760Kb used=1217Kb max_used=1230Kb free=4542Kb
 bounds [0x00000165e2ef0000, 0x00000165e3160000, 0x00000165e3490000]
 total_blobs=1037 nmethods=516 adapters=434
 compilation: enabled
              stopped_count=0, restarted_count=0
 full_count=0

Compilation events (20 events):
Event: 0.494 Thread 0x00000165f6fad8c0  508       3       java.awt.Dimension::<init> (15 bytes)
Event: 0.494 Thread 0x00000165f6fad8c0 nmethod 508 0x00000165e3545f90 code [0x00000165e3546140, 0x00000165e3546318]
Event: 0.494 Thread 0x00000165f6fad8c0  509       3       java.awt.geom.Dimension2D::<init> (5 bytes)
Event: 0.494 Thread 0x00000165f6fad8c0 nmethod 509 0x00000165e3546410 code [0x00000165e35465c0, 0x00000165e3546718]
Event: 0.494 Thread 0x00000165f6fad8c0  510       3       javax.swing.plaf.nimbus.NimbusDefaults$LazyPainter::<init> (51 bytes)
Event: 0.495 Thread 0x00000165f6fad8c0 nmethod 510 0x00000165e3546810 code [0x00000165e35469e0, 0x00000165e3546df8]
Event: 0.497 Thread 0x00000165f6fad8c0  511       3       java.lang.StringConcatHelper::initialCoder (14 bytes)
Event: 0.497 Thread 0x00000165f6faa300  513       4       java.lang.String::toString (2 bytes)
Event: 0.497 Thread 0x00000165f6fad8c0 nmethod 511 0x00000165e3546f90 code [0x00000165e3547120, 0x00000165e3547238]
Event: 0.497 Thread 0x00000165f6fad8c0  512       3       java.lang.StringConcatHelper::simpleConcat (94 bytes)
Event: 0.498 Thread 0x00000165f6faa300 nmethod 513 0x00000165ea9e1590 code [0x00000165ea9e1700, 0x00000165ea9e1778]
Event: 0.499 Thread 0x00000165f6fad8c0 nmethod 512 0x00000165e3547290 code [0x00000165e35475c0, 0x00000165e35489f8]
Event: 0.499 Thread 0x00000165f6fad8c0  515       3       java.util.LinkedList$ListItr::hasNext (20 bytes)
Event: 0.499 Thread 0x00000165f6fad8c0 nmethod 515 0x00000165e3549110 code [0x00000165e35492a0, 0x00000165e3549418]
Event: 0.499 Thread 0x00000165f6fad8c0  514       3       java.lang.invoke.Invokers$Holder::linkToTargetMethod (9 bytes)
Event: 0.500 Thread 0x00000165f6fad8c0 nmethod 514 0x00000165e3549510 code [0x00000165e35496c0, 0x00000165e3549ad8]
Event: 0.500 Thread 0x00000165f6fad8c0  516       1       java.awt.Color::getRGB (5 bytes)
Event: 0.500 Thread 0x00000165f6fad8c0 nmethod 516 0x00000165ea9e1890 code [0x00000165ea9e1a20, 0x00000165ea9e1af8]
Event: 0.570 Thread 0x00000165f6fad8c0  517       3       java.lang.invoke.MethodType::changeReturnType (20 bytes)
Event: 0.570 Thread 0x00000165f6fad8c0 nmethod 517 0x00000165e3549b90 code [0x00000165e3549d40, 0x00000165e3549f08]

GC Heap History (0 events):
No events

Deoptimization events (2 events):
Event: 0.488 Thread 0x00000165d9f59cb0 DEOPT PACKING pc=0x00000165e34a4e67 sp=0x00000010e68fe030
Event: 0.488 Thread 0x00000165d9f59cb0 DEOPT UNPACKING pc=0x00000165e2f3dece sp=0x00000010e68fd450 mode 0

Classes unloaded (0 events):
No events

Classes redefined (0 events):
No events

Internal exceptions (20 events):
Event: 0.480 Thread 0x00000165d9f59cb0 Exception <a 'java/lang/ClassNotFoundException'{0x00000000c5356d58}: FormattedTextField> (0x00000000c5356d58) 
thrown [t:\workspace\open\src\hotspot\share\classfile\systemDictionary.cpp, line 256]
Event: 0.481 Thread 0x00000165d9f59cb0 Exception <a 'java/lang/ClassNotFoundException'{0x00000000c5357238}: PasswordField> (0x00000000c5357238) 
thrown [t:\workspace\open\src\hotspot\share\classfile\systemDictionary.cpp, line 256]
Event: 0.481 Thread 0x00000165d9f59cb0 Exception <a 'java/lang/ClassNotFoundException'{0x00000000c5357790}: TextArea> (0x00000000c5357790) 
thrown [t:\workspace\open\src\hotspot\share\classfile\systemDictionary.cpp, line 256]
Event: 0.482 Thread 0x00000165d9f59cb0 Exception <a 'java/lang/ClassNotFoundException'{0x00000000c53580d0}: TextPane> (0x00000000c53580d0) 
thrown [t:\workspace\open\src\hotspot\share\classfile\systemDictionary.cpp, line 256]
Event: 0.482 Thread 0x00000165d9f59cb0 Exception <a 'java/lang/ClassNotFoundException'{0x00000000c5358538}: EditorPane> (0x00000000c5358538) 
thrown [t:\workspace\open\src\hotspot\share\classfile\systemDictionary.cpp, line 256]
Event: 0.483 Thread 0x00000165d9f59cb0 Exception <a 'java/lang/ClassNotFoundException'{0x00000000c5358e98}: ToolBar> (0x00000000c5358e98) 
thrown [t:\workspace\open\src\hotspot\share\classfile\systemDictionary.cpp, line 256]
Event: 0.483 Thread 0x00000165d9f59cb0 Exception <a 'java/lang/ClassNotFoundException'{0x00000000c5359390}: ToolBar> (0x00000000c5359390) 
thrown [t:\workspace\open\src\hotspot\share\classfile\systemDictionary.cpp, line 256]
Event: 0.483 Thread 0x00000165d9f59cb0 Exception <a 'java/lang/ClassNotFoundException'{0x00000000c53596f0}: Button> (0x00000000c53596f0) 
thrown [t:\workspace\open\src\hotspot\share\classfile\systemDictionary.cpp, line 256]
Event: 0.483 Thread 0x00000165d9f59cb0 Exception <a 'java/lang/ClassNotFoundException'{0x00000000c5359bb8}: ToolBar> (0x00000000c5359bb8) 
thrown [t:\workspace\open\src\hotspot\share\classfile\systemDictionary.cpp, line 256]
Event: 0.483 Thread 0x00000165d9f59cb0 Exception <a 'java/lang/ClassNotFoundException'{0x00000000c5359f28}: ToggleButton> (0x00000000c5359f28) 
thrown [t:\workspace\open\src\hotspot\share\classfile\systemDictionary.cpp, line 256]
Event: 0.483 Thread 0x00000165d9f59cb0 Exception <a 'java/lang/ClassNotFoundException'{0x00000000c535a368}: javax/swing/JToolBarSeparator> (0x00000000c535a368) 
thrown [t:\workspace\open\src\hotspot\share\classfile\systemDictionary.cpp, line 256]
Event: 0.483 Thread 0x00000165d9f59cb0 Exception <a 'java/lang/ClassNotFoundException'{0x00000000c535a670}: ToolBarSeparator> (0x00000000c535a670) 
thrown [t:\workspace\open\src\hotspot\share\classfile\systemDictionary.cpp, line 256]
Event: 0.483 Thread 0x00000165d9f59cb0 Exception <a 'java/lang/ClassNotFoundException'{0x00000000c535ab88}: ToolTip> (0x00000000c535ab88) 
thrown [t:\workspace\open\src\hotspot\share\classfile\systemDictionary.cpp, line 256]
Event: 0.484 Thread 0x00000165d9f59cb0 Exception <a 'java/lang/ClassNotFoundException'{0x00000000c535b4d8}: Tree> (0x00000000c535b4d8) 
thrown [t:\workspace\open\src\hotspot\share\classfile\systemDictionary.cpp, line 256]
Event: 0.484 Thread 0x00000165d9f59cb0 Exception <a 'java/lang/ClassNotFoundException'{0x00000000c535b9d0}: Tree> (0x00000000c535b9d0) 
thrown [t:\workspace\open\src\hotspot\share\classfile\systemDictionary.cpp, line 256]
Event: 0.484 Thread 0x00000165d9f59cb0 Exception <a 'java/lang/ClassNotFoundException'{0x00000000c535bd40}: javax/swing/JTreeCell> (0x00000000c535bd40) 
thrown [t:\workspace\open\src\hotspot\share\classfile\systemDictionary.cpp, line 256]
Event: 0.484 Thread 0x00000165d9f59cb0 Exception <a 'java/lang/ClassNotFoundException'{0x00000000c535c040}: TreeCell> (0x00000000c535c040) 
thrown [t:\workspace\open\src\hotspot\share\classfile\systemDictionary.cpp, line 256]
Event: 0.485 Thread 0x00000165d9f59cb0 Exception <a 'java/lang/ClassNotFoundException'{0x00000000c535c800}: RootPane> (0x00000000c535c800) 
thrown [t:\workspace\open\src\hotspot\share\classfile\systemDictionary.cpp, line 256]
Event: 0.487 Thread 0x00000165d9f59cb0 Exception <a 'java/lang/ClassNotFoundException'{0x00000000c535f650}: com/sun/swing/internal/plaf/metal/resources/spi/metalProvider> (0x00000000c535f650) 
thrown [t:\workspace\open\src\hotspot\share\classfile\systemDictionary.cpp, line 256]
Event: 0.488 Thread 0x00000165d9f59cb0 Exception <a 'java/lang/ClassNotFoundException'{0x00000000c53631b0}: com/sun/swing/internal/plaf/basic/resources/spi/basicProvider> (0x00000000c53631b0) 
thrown [t:\workspace\open\src\hotspot\share\classfile\systemDictionary.cpp, line 256]

Events (20 events):
Event: 0.567 loading class sun/awt/dnd/SunDragSourceContextPeer
Event: 0.567 loading class java/awt/dnd/peer/DragSourceContextPeer
Event: 0.567 loading class java/awt/dnd/peer/DragSourceContextPeer done
Event: 0.567 loading class sun/awt/dnd/SunDragSourceContextPeer done
Event: 0.567 loading class java/awt/EventQueue$4
Event: 0.567 loading class java/awt/EventQueue$4 done
Event: 0.567 loading class java/awt/MenuComponent
Event: 0.568 loading class java/awt/MenuComponent done
Event: 0.568 loading class java/awt/TrayIcon
Event: 0.568 loading class java/awt/TrayIcon done
Event: 0.568 loading class java/awt/event/InputMethodEvent
Event: 0.568 loading class java/awt/event/InputMethodEvent done
Event: 0.568 loading class java/awt/event/ActionEvent
Event: 0.568 loading class java/awt/event/ActionEvent done
Event: 0.568 loading class java/awt/ComponentOrientation
Event: 0.568 loading class java/awt/ComponentOrientation done
Event: 0.569 loading class java/awt/Component$3
Event: 0.569 loading class java/awt/Component$3 done
Event: 0.569 loading class java/awt/event/MouseEvent
Event: 0.569 loading class java/awt/event/MouseEvent done


Dynamic libraries:
0x00007ff7a5d20000 - 0x00007ff7a5d30000 	C:\Program Files\Java\jdk-16.0.2\bin\java.exe
0x00007ffdb5eb0000 - 0x00007ffdb60a5000 	C:\WINDOWS\SYSTEM32\ntdll.dll
0x00007ffdb5b50000 - 0x00007ffdb5c0e000 	C:\WINDOWS\System32\KERNEL32.DLL
0x00007ffdb3700000 - 0x00007ffdb39c9000 	C:\WINDOWS\System32\KERNELBASE.dll
0x00007ffdb35d0000 - 0x00007ffdb36d0000 	C:\WINDOWS\System32\ucrtbase.dll
0x00007ffda79d0000 - 0x00007ffda79e9000 	C:\Program Files\Java\jdk-16.0.2\bin\VCRUNTIME140.dll
0x00007ffda8e80000 - 0x00007ffda8e98000 	C:\Program Files\Java\jdk-16.0.2\bin\jli.dll
0x00007ffdb4950000 - 0x00007ffdb49fc000 	C:\WINDOWS\System32\ADVAPI32.dll
0x00007ffdb5280000 - 0x00007ffdb531e000 	C:\WINDOWS\System32\msvcrt.dll
0x00007ffdb4030000 - 0x00007ffdb40cb000 	C:\WINDOWS\System32\sechost.dll
0x00007ffdb3f00000 - 0x00007ffdb402a000 	C:\WINDOWS\System32\RPCRT4.dll
0x00007ffdb5c10000 - 0x00007ffdb5db1000 	C:\WINDOWS\System32\USER32.dll
0x00007ffdb36d0000 - 0x00007ffdb36f2000 	C:\WINDOWS\System32\win32u.dll
0x00007ffd993a0000 - 0x00007ffd9963a000 	C:\WINDOWS\WinSxS\amd64_microsoft.windows.common-controls_6595b64144ccf1df_6.0.19041.1110_none_60b5254171f9507e\COMCTL32.dll
0x00007ffdb5e40000 - 0x00007ffdb5e6b000 	C:\WINDOWS\System32\GDI32.dll
0x00007ffdb3d40000 - 0x00007ffdb3e4b000 	C:\WINDOWS\System32\gdi32full.dll
0x00007ffdb3bf0000 - 0x00007ffdb3c8d000 	C:\WINDOWS\System32\msvcp_win.dll
0x00007ffda9520000 - 0x00007ffda952a000 	C:\WINDOWS\SYSTEM32\VERSION.dll
0x00007ffdb4250000 - 0x00007ffdb4280000 	C:\WINDOWS\System32\IMM32.DLL
0x00007ffda79c0000 - 0x00007ffda79cc000 	C:\Program Files\Java\jdk-16.0.2\bin\vcruntime140_1.dll
0x00007ffd9c950000 - 0x00007ffd9c9e1000 	C:\Program Files\Java\jdk-16.0.2\bin\msvcp140.dll
0x00007ffd6b420000 - 0x00007ffd6bfcb000 	C:\Program Files\Java\jdk-16.0.2\bin\server\jvm.dll
0x00007ffdb4290000 - 0x00007ffdb4298000 	C:\WINDOWS\System32\PSAPI.DLL
0x00007ffd9b760000 - 0x00007ffd9b787000 	C:\WINDOWS\SYSTEM32\WINMM.dll
0x00007ffda79f0000 - 0x00007ffda79f9000 	C:\WINDOWS\SYSTEM32\WSOCK32.dll
0x00007ffdb46c0000 - 0x00007ffdb472b000 	C:\WINDOWS\System32\WS2_32.dll
0x00007ffdb1e40000 - 0x00007ffdb1e52000 	C:\WINDOWS\SYSTEM32\kernel.appcore.dll
0x00007ffda79b0000 - 0x00007ffda79ba000 	C:\Program Files\Java\jdk-16.0.2\bin\jimage.dll
0x00007ffdae1f0000 - 0x00007ffdae3d4000 	C:\WINDOWS\SYSTEM32\DBGHELP.DLL
0x00007ffd9a210000 - 0x00007ffd9a23c000 	C:\WINDOWS\SYSTEM32\dbgcore.DLL
0x00007ffdb3b60000 - 0x00007ffdb3be3000 	C:\WINDOWS\System32\bcryptPrimitives.dll
0x00007ffd9e5a0000 - 0x00007ffd9e5c5000 	C:\Program Files\Java\jdk-16.0.2\bin\java.dll
0x00007ffdb5320000 - 0x00007ffdb5a5f000 	C:\WINDOWS\System32\SHELL32.dll
0x00007ffdb16b0000 - 0x00007ffdb1e40000 	C:\WINDOWS\SYSTEM32\windows.storage.dll
0x00007ffdb4360000 - 0x00007ffdb46b5000 	C:\WINDOWS\System32\combase.dll
0x00007ffdb2fb0000 - 0x00007ffdb2fdc000 	C:\WINDOWS\SYSTEM32\Wldp.dll
0x00007ffdb4ba0000 - 0x00007ffdb4c4e000 	C:\WINDOWS\System32\SHCORE.dll
0x00007ffdb42a0000 - 0x00007ffdb42f5000 	C:\WINDOWS\System32\shlwapi.dll
0x00007ffdb3510000 - 0x00007ffdb352f000 	C:\WINDOWS\SYSTEM32\profapi.dll
0x00007ffd9e580000 - 0x00007ffd9e599000 	C:\Program Files\Java\jdk-16.0.2\bin\net.dll
0x00007ffda42c0000 - 0x00007ffda43c8000 	C:\WINDOWS\SYSTEM32\WINHTTP.dll
0x00007ffdb2cb0000 - 0x00007ffdb2d1a000 	C:\WINDOWS\system32\mswsock.dll
0x00007ffd9e560000 - 0x00007ffd9e573000 	C:\Program Files\Java\jdk-16.0.2\bin\nio.dll
0x00007ffd9e540000 - 0x00007ffd9e558000 	C:\Program Files\Java\jdk-16.0.2\bin\zip.dll
0x00007ffd95630000 - 0x00007ffd957b0000 	C:\Program Files\Java\jdk-16.0.2\bin\awt.dll
0x00007ffdb5a60000 - 0x00007ffdb5b2d000 	C:\WINDOWS\System32\OLEAUT32.dll
0x00007ffdad740000 - 0x00007ffdad7d0000 	C:\WINDOWS\SYSTEM32\apphelp.dll
0x00007ffdadc00000 - 0x00007ffdadc9e000 	C:\WINDOWS\system32\uxtheme.dll
0x00007ffdb4130000 - 0x00007ffdb4245000 	C:\WINDOWS\System32\MSCTF.dll
0x00007ffdb47c0000 - 0x00007ffdb48ea000 	C:\WINDOWS\System32\ole32.dll
0x00007ffdadd20000 - 0x00007ffdadd4f000 	C:\WINDOWS\system32\DWMAPI.DLL
0x00007ffd9bc80000 - 0x00007ffd9bd09000 	C:\Program Files\Java\jdk-16.0.2\bin\freetype.dll
0x00007ffd95530000 - 0x00007ffd95626000 	C:\Program Files\Java\jdk-16.0.2\bin\harfbuzz.dll
0x00007ffd9c900000 - 0x00007ffd9c912000 	C:\Program Files\Java\jdk-16.0.2\bin\fontmanager.dll

dbghelp: loaded successfully - version: 4.0.5 - missing functions: none
symbol engine: initialized successfully - sym options: 0x614 - pdb path: .;C:\Program Files\Java\jdk-16.0.2\bin;C:\WINDOWS\SYSTEM32;C:\WINDOWS\WinSxS\amd64_microsoft.windows.common-controls_6595b64144ccf1df_6.0.19041.1110_none_60b5254171f9507e;C:\Program Files\Java\jdk-16.0.2\bin\server

VM Arguments:
java_command: view.Tabela
java_class_path (initial): C:\Users\dell\Documents\NetBeansProjects\po\projetoN2\target\classes;C:\Users\dell\.m2\repository\mysql\mysql-connector-java\8.0.26\mysql-connector-java-8.0.26.jar;C:\Users\dell\.m2\repository\com\google\protobuf\protobuf-java\3.11.4\protobuf-java-3.11.4.jar;C:\Users\dell\.m2\repository\org\projectlombok\lombok\1.18.20\lombok-1.18.20.jar
Launcher Type: SUN_STANDARD

[Global flags]
     intx CICompilerCount                          = 3                                         {product} {ergonomic}
     uint ConcGCThreads                            = 1                                         {product} {ergonomic}
     uint G1ConcRefinementThreads                  = 4                                         {product} {ergonomic}
   size_t G1HeapRegionSize                         = 1048576                                   {product} {ergonomic}
    uintx GCDrainStackTargetSize                   = 64                                        {product} {ergonomic}
   size_t InitialHeapSize                          = 67108864                                  {product} {ergonomic}
   size_t MarkStackSize                            = 4194304                                   {product} {ergonomic}
   size_t MaxHeapSize                              = 1048576000                                {product} {ergonomic}
   size_t MaxNewSize                               = 629145600                                 {product} {ergonomic}
   size_t MinHeapDeltaBytes                        = 1048576                                   {product} {ergonomic}
   size_t MinHeapSize                              = 8388608                                   {product} {ergonomic}
    uintx NonNMethodCodeHeapSize                   = 5832780                                {pd product} {ergonomic}
    uintx NonProfiledCodeHeapSize                  = 122912730                              {pd product} {ergonomic}
    uintx ProfiledCodeHeapSize                     = 122912730                              {pd product} {ergonomic}
    uintx ReservedCodeCacheSize                    = 251658240                              {pd product} {ergonomic}
     bool SegmentedCodeCache                       = true                                      {product} {ergonomic}
   size_t SoftMaxHeapSize                          = 1048576000                             {manageable} {ergonomic}
     bool UseCompressedClassPointers               = true                           {product lp64_product} {ergonomic}
     bool UseCompressedOops                        = true                           {product lp64_product} {ergonomic}
     bool UseG1GC                                  = true                                      {product} {ergonomic}
     bool UseLargePagesIndividualAllocation        = false                                  {pd product} {ergonomic}

Logging:
Log output configuration:
 #0: stdout all=warning uptime,level,tags
 #1: stderr all=off uptime,level,tags

Environment Variables:
JAVA_HOME=C:\Program Files\Java\jdk-16.0.2
PATH=C:\Program Files\Common Files\Oracle\Java\javapath;C:\Program Files (x86)\Common Files\Oracle\Java\javapath;C:\Program Files\AdoptOpenJDK\jdk-14.0.2.12-hotspot\bin;C:\WINDOWS\system32;C:\WINDOWS;C:\WINDOWS\System32\Wbem;C:\WINDOWS\System32\WindowsPowerShell\v1.0\;C:\WINDOWS\System32\OpenSSH\;C:\Program Files\nodejs\;C:\Program Files (x86)\Intel\Intel(R) Management Engine Components\DAL;C:\Program Files\Intel\Intel(R) Management Engine Components\DAL;C:\MinGW\bin;C:\Program Files\Java\jdk-15.0.2\bin;C:\Program Files\Git\cmd;C:\Program Files\Apache\maven\apache-maven-3.8.3\bin;C:\Program Files\MySQL\MySQL Shell 8.0\bin\;C:\Users\dell\AppData\Local\Microsoft\WindowsApps;C:\Users\dell\AppData\Roaming\npm;C:\MinGW\bin;;C:\Program Files\JetBrains\IntelliJ IDEA Community Edition 2021.2\bin;;C:\Users\dell\AppData\Local\Programs\mongosh\
USERNAME=dell
OS=Windows_NT
PROCESSOR_IDENTIFIER=Intel64 Family 6 Model 142 Stepping 9, GenuineIntel



---------------  S Y S T E M  ---------------

OS:
 Windows 10 , 64 bit Build 19041 (10.0.19041.1202)
OS uptime: 0 days 8:34 hours

CPU: total 4 (initial active 4) (2 cores per cpu, 2 threads per core) family 6 model 142 stepping 9 microcode 0xea, cx8, cmov, fxsr, ht, mmx, 3dnowpref, sse, sse2, sse3, ssse3, sse4.1, sse4.2, popcnt, lzcnt, tsc, tscinvbit, avx, avx2, aes, erms, clmul, bmi1, bmi2, adx, fma, vzeroupper, clflush, clflushopt

Memory: 4k page, system-wide physical 3996M (331M free)
TotalPageFile size 5391M (AvailPageFile size 13M)
current process WorkingSet (physical memory assigned to process): 46M, peak: 46M
current process commit charge ("private bytes"): 143M, peak: 143M

vm_info: Java HotSpot(TM) 64-Bit Server VM (16.0.2+7-67) for windows-amd64 JRE (16.0.2+7-67), built on Jun  8 2021 23:24:19 by "mach5one" with MS VC++ 16.7 (VS2019)

END.
