#
# There is insufficient memory for the Java Runtime Environment to continue.
# Native memory allocation (malloc) failed to allocate 32744 bytes for ChunkPool::allocate
# Possible reasons:
#   The system is out of physical RAM or swap space
#   The process is running with CompressedOops enabled, and the Java Heap may be blocking the growth of the native heap
# Possible solutions:
#   Reduce memory load on the system
#   Increase physical memory or swap space
#   Check if swap backing store is full
#   Decrease Java heap size (-Xmx/-Xms)
#   Decrease number of Java threads
#   Decrease Java thread stack sizes (-Xss)
#   Set larger code cache with -XX:ReservedCodeCacheSize=
#   JVM is running with Unscaled Compressed Oops mode in which the Java heap is
#     placed in the first 4GB address space. The Java Heap base address is the
#     maximum limit for the native heap growth. Please use -XX:HeapBaseMinAddress
#     to set the Java Heap base and to place the Java Heap above 4GB virtual address.
# This output file may be truncated or incomplete.
#
#  Out of Memory Error (arena.cpp:79), pid=8816, tid=7496
#
# JRE version: Java(TM) SE Runtime Environment (16.0.2+7) (build 16.0.2+7-67)
# Java VM: Java HotSpot(TM) 64-Bit Server VM (16.0.2+7-67, mixed mode, sharing, tiered, compressed oops, compressed class ptrs, g1 gc, windows-amd64)
# No core dump will be written. Minidumps are not enabled by default on client versions of Windows
#

---------------  S U M M A R Y ------------

Command Line: view.Tabela

Host: Intel(R) Core(TM) i3-7020U CPU @ 2.30GHz, 4 cores, 3G,  Windows 10 , 64 bit Build 19041 (10.0.19041.1202)
Time: Fri Oct 15 13:16:57 2021 Hora oficial do Brasil elapsed time: 104.981724 seconds (0d 0h 1m 44s)

---------------  T H R E A D  ---------------

Current thread (0x000002ad3e745720):  JavaThread "C2 CompilerThread0" daemon [_thread_in_native, id=7496, stack(0x000000ae31400000,0x000000ae31500000)]


Current CompileTask:
C2: 104981 3027 %     4       sun.java2d.marlin.DRenderer::_endRendering @ 256 (2480 bytes)

Stack: [0x000000ae31400000,0x000000ae31500000]
Native frames: (J=compiled Java code, j=interpreted, Vv=VM code, C=native code)
V  [jvm.dll+0x6681ca]
V  [jvm.dll+0x7c9e69]
V  [jvm.dll+0x7cb61e]
V  [jvm.dll+0x7cbc73]
V  [jvm.dll+0x242c55]
V  [jvm.dll+0xae10f]
V  [jvm.dll+0xae45c]
V  [jvm.dll+0x360470]
V  [jvm.dll+0x35f9c1]
V  [jvm.dll+0x35fa04]
V  [jvm.dll+0x358e1c]
V  [jvm.dll+0x1b9cfe]
V  [jvm.dll+0x215e16]
V  [jvm.dll+0x215100]
V  [jvm.dll+0x1a1beb]
V  [jvm.dll+0x225158]
V  [jvm.dll+0x22319c]
V  [jvm.dll+0x77fa62]
V  [jvm.dll+0x7795aa]
V  [jvm.dll+0x667066]
C  [ucrtbase.dll+0x21bb2]
C  [KERNEL32.DLL+0x17034]
C  [ntdll.dll+0x52651]


---------------  P R O C E S S  ---------------

Threads class SMR info:
_java_thread_list=0x000002ad41594f20, length=18, elements={
0x000002ad3e726850, 0x000002ad3e727710, 0x000002ad3e73a4b0, 0x000002ad3e73afc0,
0x000002ad3e73dad0, 0x000002ad3e73e4d0, 0x000002ad3e745720, 0x000002ad3e750230,
0x000002ad3e750c70, 0x000002ad3f451450, 0x000002ad3f453980, 0x000002ad3f4e34b0,
0x000002ad3f662010, 0x000002ad3f6626c0, 0x000002ad3f6ea250, 0x000002ad23638f80,
0x000002ad401acd30, 0x000002ad41926f60
}

Java Threads: ( => current thread )
  0x000002ad3e726850 JavaThread "Reference Handler" daemon [_thread_blocked, id=11008, stack(0x000000ae30e00000,0x000000ae30f00000)]
  0x000002ad3e727710 JavaThread "Finalizer" daemon [_thread_blocked, id=9864, stack(0x000000ae30f00000,0x000000ae31000000)]
  0x000002ad3e73a4b0 JavaThread "Signal Dispatcher" daemon [_thread_blocked, id=2348, stack(0x000000ae31000000,0x000000ae31100000)]
  0x000002ad3e73afc0 JavaThread "Attach Listener" daemon [_thread_blocked, id=10056, stack(0x000000ae31100000,0x000000ae31200000)]
  0x000002ad3e73dad0 JavaThread "Service Thread" daemon [_thread_blocked, id=8316, stack(0x000000ae31200000,0x000000ae31300000)]
  0x000002ad3e73e4d0 JavaThread "Monitor Deflation Thread" daemon [_thread_blocked, id=4528, stack(0x000000ae31300000,0x000000ae31400000)]
=>0x000002ad3e745720 JavaThread "C2 CompilerThread0" daemon [_thread_in_native, id=7496, stack(0x000000ae31400000,0x000000ae31500000)]
  0x000002ad3e750230 JavaThread "C1 CompilerThread0" daemon [_thread_blocked, id=1440, stack(0x000000ae31500000,0x000000ae31600000)]
  0x000002ad3e750c70 JavaThread "Sweeper thread" daemon [_thread_blocked, id=8668, stack(0x000000ae31600000,0x000000ae31700000)]
  0x000002ad3f451450 JavaThread "Notification Thread" daemon [_thread_blocked, id=9696, stack(0x000000ae31700000,0x000000ae31800000)]
  0x000002ad3f453980 JavaThread "Common-Cleaner" daemon [_thread_blocked, id=6196, stack(0x000000ae31900000,0x000000ae31a00000)]
  0x000002ad3f4e34b0 JavaThread "Java2D Disposer" daemon [_thread_blocked, id=2692, stack(0x000000ae31a00000,0x000000ae31b00000)]
  0x000002ad3f662010 JavaThread "AWT-Shutdown" [_thread_blocked, id=1324, stack(0x000000ae31b00000,0x000000ae31c00000)]
  0x000002ad3f6626c0 JavaThread "AWT-Windows" daemon [_thread_in_native, id=8928, stack(0x000000ae31c00000,0x000000ae31d00000)]
  0x000002ad3f6ea250 JavaThread "AWT-EventQueue-0" [_thread_blocked, id=1612, stack(0x000000ae31d00000,0x000000ae31e00000)]
  0x000002ad23638f80 JavaThread "DestroyJavaVM" [_thread_blocked, id=816, stack(0x000000ae30700000,0x000000ae30800000)]
  0x000002ad401acd30 JavaThread "mysql-cj-abandoned-connection-cleanup" daemon [_thread_blocked, id=6524, stack(0x000000ae32200000,0x000000ae32300000)]
  0x000002ad41926f60 JavaThread "TimerQueue" daemon [_thread_blocked, id=10324, stack(0x000000ae31e00000,0x000000ae31f00000)]

Other Threads:
  0x000002ad3e722c00 VMThread "VM Thread" [stack: 0x000000ae30d00000,0x000000ae30e00000] [id=5816]
  0x000002ad3f4565f0 WatcherThread [stack: 0x000000ae31800000,0x000000ae31900000] [id=2028]
  0x000002ad2366a460 GCTaskThread "GC Thread#0" [stack: 0x000000ae30800000,0x000000ae30900000] [id=7056]
  0x000002ad401d9550 GCTaskThread "GC Thread#1" [stack: 0x000000ae32300000,0x000000ae32400000] [id=5840]
  0x000002ad401d9860 GCTaskThread "GC Thread#2" [stack: 0x000000ae32400000,0x000000ae32500000] [id=124]
  0x000002ad3f7ef020 GCTaskThread "GC Thread#3" [stack: 0x000000ae32500000,0x000000ae32600000] [id=7232]
  0x000002ad23674230 ConcurrentGCThread "G1 Main Marker" [stack: 0x000000ae30900000,0x000000ae30a00000] [id=10752]
  0x000002ad23675440 ConcurrentGCThread "G1 Conc#0" [stack: 0x000000ae30a00000,0x000000ae30b00000] [id=6344]
  0x000002ad236c59d0 ConcurrentGCThread "G1 Refine#0" [stack: 0x000000ae30b00000,0x000000ae30c00000] [id=7364]
  0x000002ad4029b7e0 ConcurrentGCThread "G1 Refine#1" [stack: 0x000000ae32600000,0x000000ae32700000] [id=5256]
  0x000002ad4029ac40 ConcurrentGCThread "G1 Refine#2" [stack: 0x000000ae32700000,0x000000ae32800000] [id=6136]
  0x000002ad236c6450 ConcurrentGCThread "G1 Service" [stack: 0x000000ae30c00000,0x000000ae30d00000] [id=10768]

Threads with active compile tasks:
C2 CompilerThread0   105026 3027 %     4       sun.java2d.marlin.DRenderer::_endRendering @ 256 (2480 bytes)

VM state: not at safepoint (normal execution)

VM Mutex/Monitor currently owned by a thread: None

Heap address: 0x00000000c1800000, size: 1000 MB, Compressed Oops mode: 32-bit

CDS archive(s) mapped at: [0x0000000800000000-0x0000000800bb0000-0x0000000800bb0000), size 12255232, SharedBaseAddress: 0x0000000800000000, ArchiveRelocationMode: 0.
Compressed class space mapped at: 0x0000000800c00000-0x0000000840c00000, reserved size: 1073741824
Narrow klass base: 0x0000000800000000, Narrow klass shift: 3, Narrow klass range: 0x100000000

GC Precious Log:
 CPUs: 4 total, 4 available
 Memory: 3996M
 Large Page Support: Disabled
 NUMA Support: Disabled
 Compressed Oops: Enabled (32-bit)
 Heap Region Size: 1M
 Heap Min Capacity: 8M
 Heap Initial Capacity: 64M
 Heap Max Capacity: 1000M
 Pre-touch: Disabled
 Parallel Workers: 4
 Concurrent Workers: 1
 Concurrent Refinement Workers: 4
 Periodic GC: Disabled

Heap:
 garbage-first heap   total 40960K, used 18921K [0x00000000c1800000, 0x0000000100000000)
  region size 1024K, 12 young (12288K), 2 survivors (2048K)
 Metaspace       used 21880K, committed 22080K, reserved 1073152K
  class space    used 2442K, committed 2560K, reserved 1048576K

Heap Regions: E=young(eden), S=young(survivor), O=old, HS=humongous(starts), HC=humongous(continues), CS=collection set, F=free, OA=open archive, CA=closed archive, TAMS=top-at-mark-start (previous, next)
|   0|0x00000000c1800000, 0x00000000c1900000, 0x00000000c1900000|100%| O|  |TAMS 0x00000000c1900000, 0x00000000c1800000| Untracked 
|   1|0x00000000c1900000, 0x00000000c1a00000, 0x00000000c1a00000|100%| O|  |TAMS 0x00000000c1a00000, 0x00000000c1900000| Untracked 
|   2|0x00000000c1a00000, 0x00000000c1b00000, 0x00000000c1b00000|100%| O|  |TAMS 0x00000000c1b00000, 0x00000000c1a00000| Untracked 
|   3|0x00000000c1b00000, 0x00000000c1c00000, 0x00000000c1c00000|100%| O|  |TAMS 0x00000000c1c00000, 0x00000000c1b00000| Untracked 
|   4|0x00000000c1c00000, 0x00000000c1d00000, 0x00000000c1d00000|100%| O|  |TAMS 0x00000000c1c47c00, 0x00000000c1c00000| Untracked 
|   5|0x00000000c1d00000, 0x00000000c1e00000, 0x00000000c1e00000|100%|HS|  |TAMS 0x00000000c1e00000, 0x00000000c1d00000| Complete 
|   6|0x00000000c1e00000, 0x00000000c1f00000, 0x00000000c1f00000|100%|HC|  |TAMS 0x00000000c1f00000, 0x00000000c1e00000| Complete 
|   7|0x00000000c1f00000, 0x00000000c2000000, 0x00000000c2000000|100%| O|  |TAMS 0x00000000c1f00000, 0x00000000c1f00000| Untracked 
|   8|0x00000000c2000000, 0x00000000c2051800, 0x00000000c2100000| 31%| O|  |TAMS 0x00000000c2000000, 0x00000000c2000000| Untracked 
|   9|0x00000000c2100000, 0x00000000c2100000, 0x00000000c2200000|  0%| F|  |TAMS 0x00000000c2100000, 0x00000000c2100000| Untracked 
|  10|0x00000000c2200000, 0x00000000c2200000, 0x00000000c2300000|  0%| F|  |TAMS 0x00000000c2200000, 0x00000000c2200000| Untracked 
|  11|0x00000000c2300000, 0x00000000c2300000, 0x00000000c2400000|  0%| F|  |TAMS 0x00000000c2300000, 0x00000000c2300000| Untracked 
|  12|0x00000000c2400000, 0x00000000c2400000, 0x00000000c2500000|  0%| F|  |TAMS 0x00000000c2400000, 0x00000000c2400000| Untracked 
|  13|0x00000000c2500000, 0x00000000c2500000, 0x00000000c2600000|  0%| F|  |TAMS 0x00000000c2500000, 0x00000000c2500000| Untracked 
|  14|0x00000000c2600000, 0x00000000c2600000, 0x00000000c2700000|  0%| F|  |TAMS 0x00000000c2600000, 0x00000000c2600000| Untracked 
|  15|0x00000000c2700000, 0x00000000c2700000, 0x00000000c2800000|  0%| F|  |TAMS 0x00000000c2700000, 0x00000000c2700000| Untracked 
|  16|0x00000000c2800000, 0x00000000c2800000, 0x00000000c2900000|  0%| F|  |TAMS 0x00000000c2800000, 0x00000000c2800000| Untracked 
|  17|0x00000000c2900000, 0x00000000c2900000, 0x00000000c2a00000|  0%| F|  |TAMS 0x00000000c2900000, 0x00000000c2900000| Untracked 
|  18|0x00000000c2a00000, 0x00000000c2a00000, 0x00000000c2b00000|  0%| F|  |TAMS 0x00000000c2a00000, 0x00000000c2a00000| Untracked 
|  19|0x00000000c2b00000, 0x00000000c2b00000, 0x00000000c2c00000|  0%| F|  |TAMS 0x00000000c2b00000, 0x00000000c2b00000| Untracked 
|  20|0x00000000c2c00000, 0x00000000c2c00000, 0x00000000c2d00000|  0%| F|  |TAMS 0x00000000c2c00000, 0x00000000c2c00000| Untracked 
|  21|0x00000000c2d00000, 0x00000000c2d00000, 0x00000000c2e00000|  0%| F|  |TAMS 0x00000000c2d00000, 0x00000000c2d00000| Untracked 
|  22|0x00000000c2e00000, 0x00000000c2e00000, 0x00000000c2f00000|  0%| F|  |TAMS 0x00000000c2e00000, 0x00000000c2e00000| Untracked 
|  23|0x00000000c2f00000, 0x00000000c2f00000, 0x00000000c3000000|  0%| F|  |TAMS 0x00000000c2f00000, 0x00000000c2f00000| Untracked 
|  24|0x00000000c3000000, 0x00000000c3000000, 0x00000000c3100000|  0%| F|  |TAMS 0x00000000c3000000, 0x00000000c3000000| Untracked 
|  25|0x00000000c3100000, 0x00000000c3100000, 0x00000000c3200000|  0%| F|  |TAMS 0x00000000c3100000, 0x00000000c3100000| Untracked 
|  26|0x00000000c3200000, 0x00000000c3200000, 0x00000000c3300000|  0%| F|  |TAMS 0x00000000c3200000, 0x00000000c3200000| Untracked 
|  27|0x00000000c3300000, 0x00000000c3300000, 0x00000000c3400000|  0%| F|  |TAMS 0x00000000c3300000, 0x00000000c3300000| Untracked 
|  28|0x00000000c3400000, 0x00000000c3500000, 0x00000000c3500000|100%| E|  |TAMS 0x00000000c3400000, 0x00000000c3400000| Complete 
|  29|0x00000000c3500000, 0x00000000c3600000, 0x00000000c3600000|100%| E|CS|TAMS 0x00000000c3500000, 0x00000000c3500000| Complete 
|  30|0x00000000c3600000, 0x00000000c3700000, 0x00000000c3700000|100%| E|CS|TAMS 0x00000000c3600000, 0x00000000c3600000| Complete 
|  31|0x00000000c3700000, 0x00000000c3800000, 0x00000000c3800000|100%| E|CS|TAMS 0x00000000c3700000, 0x00000000c3700000| Complete 
|  32|0x00000000c3800000, 0x00000000c3900000, 0x00000000c3900000|100%| E|CS|TAMS 0x00000000c3800000, 0x00000000c3800000| Complete 
|  33|0x00000000c3900000, 0x00000000c3a00000, 0x00000000c3a00000|100%| E|CS|TAMS 0x00000000c3900000, 0x00000000c3900000| Complete 
|  34|0x00000000c3a00000, 0x00000000c3b00000, 0x00000000c3b00000|100%| E|CS|TAMS 0x00000000c3a00000, 0x00000000c3a00000| Complete 
|  35|0x00000000c3b00000, 0x00000000c3c00000, 0x00000000c3c00000|100%| E|CS|TAMS 0x00000000c3b00000, 0x00000000c3b00000| Complete 
|  36|0x00000000c3c00000, 0x00000000c3d00000, 0x00000000c3d00000|100%| E|CS|TAMS 0x00000000c3c00000, 0x00000000c3c00000| Complete 
|  47|0x00000000c4700000, 0x00000000c4728e40, 0x00000000c4800000| 15%| S|CS|TAMS 0x00000000c4700000, 0x00000000c4700000| Complete 
|  48|0x00000000c4800000, 0x00000000c4900000, 0x00000000c4900000|100%| S|CS|TAMS 0x00000000c4800000, 0x00000000c4800000| Complete 
|  63|0x00000000c5700000, 0x00000000c5800000, 0x00000000c5800000|100%| E|CS|TAMS 0x00000000c5700000, 0x00000000c5700000| Complete 

Card table byte_map: [0x000002ad39fc0000,0x000002ad3a1c0000] _byte_map_base: 0x000002ad399b4000

Marking Bits (Prev, Next): (CMBitMap*) 0x000002ad2366ab90, (CMBitMap*) 0x000002ad2366ab50
 Prev Bits: [0x000002ad3b360000, 0x000002ad3c300000)
 Next Bits: [0x000002ad3a3c0000, 0x000002ad3b360000)

Polling page: 0x000002ad21460000

Metaspace:

Usage:
  Non-class:     18.98 MB used.
      Class:      2.39 MB used.
       Both:     21.37 MB used.

Virtual space:
  Non-class space:       24.00 MB reserved,      19.06 MB ( 79%) committed,  3 nodes.
      Class space:        1.00 GB reserved,       2.50 MB ( <1%) committed,  1 nodes.
              Both:        1.02 GB reserved,      21.56 MB (  2%) committed. 

Chunk freelists:
   Non-Class:  902.00 KB
       Class:  1.51 MB
        Both:  2.39 MB

MaxMetaspaceSize: 17179869184.00 GB
CompressedClassSpaceSize: 1.00 GB
 - commit_granule_bytes: 65536.
 - commit_granule_words: 8192.
 - virtual_space_node_default_size: 1048576.
 - enlarge_chunks_in_place: 1.
 - new_chunks_are_fully_committed: 0.
 - uncommit_free_chunks: 1.
 - use_allocation_guard: 0.
 - handle_deallocations: 1.


Internal statistics:

num_allocs_failed_limit: 3.
num_arena_births: 158.
num_arena_deaths: 0.
num_vsnodes_births: 4.
num_vsnodes_deaths: 0.
num_space_committed: 345.
num_space_uncommitted: 0.
num_chunks_returned_to_freelist: 3.
num_chunks_taken_from_freelist: 367.
num_chunk_merges: 0.
num_chunk_splits: 226.
num_chunks_enlarged: 139.
num_purges: 0.

CodeHeap 'non-profiled nmethods': size=120000Kb used=1130Kb max_used=1130Kb free=118869Kb
 bounds [0x000002ad32890000, 0x000002ad32b00000, 0x000002ad39dc0000]
CodeHeap 'profiled nmethods': size=120000Kb used=6131Kb max_used=6131Kb free=113868Kb
 bounds [0x000002ad2b360000, 0x000002ad2b960000, 0x000002ad32890000]
CodeHeap 'non-nmethods': size=5760Kb used=1413Kb max_used=1446Kb free=4346Kb
 bounds [0x000002ad2adc0000, 0x000002ad2b030000, 0x000002ad2b360000]
 total_blobs=3781 nmethods=3020 adapters=673
 compilation: enabled
              stopped_count=0, restarted_count=0
 full_count=0

Compilation events (20 events):
Event: 28.152 Thread 0x000002ad3e750230 nmethod 3017 0x000002ad2b957f10 code [0x000002ad2b958140, 0x000002ad2b958ae8]
Event: 28.152 Thread 0x000002ad3e750230 3019       3       javax.swing.plaf.nimbus.NimbusStyle::getBackgroundPainter (158 bytes)
Event: 28.153 Thread 0x000002ad3e750230 nmethod 3019 0x000002ad2b958e10 code [0x000002ad2b9590a0, 0x000002ad2b959eb8]
Event: 28.153 Thread 0x000002ad3e750230 3018       3       javax.swing.plaf.nimbus.SynthPainterImpl::paintBackground (68 bytes)
Event: 28.154 Thread 0x000002ad3e750230 nmethod 3018 0x000002ad2b95a390 code [0x000002ad2b95a5a0, 0x000002ad2b95ad18]
Event: 28.154 Thread 0x000002ad3e750230 3020       3       javax.swing.JComponent::paintBorder (28 bytes)
Event: 28.155 Thread 0x000002ad3e750230 nmethod 3020 0x000002ad2b95af90 code [0x000002ad2b95b160, 0x000002ad2b95b658]
Event: 28.155 Thread 0x000002ad3e750230 3021       3       sun.java2d.marlin.MarlinCache::init (130 bytes)
Event: 28.155 Thread 0x000002ad3e750230 nmethod 3021 0x000002ad2b95b790 code [0x000002ad2b95b940, 0x000002ad2b95bc08]
Event: 28.156 Thread 0x000002ad3e750230 3022       3       sun.java2d.marlin.MarlinTileGenerator::init (24 bytes)
Event: 28.156 Thread 0x000002ad3e750230 nmethod 3022 0x000002ad2b95bd10 code [0x000002ad2b95bea0, 0x000002ad2b95bfb8]
Event: 28.156 Thread 0x000002ad3e750230 3023       3       sun.java2d.marlin.MarlinTileGenerator::getBbox (41 bytes)
Event: 28.156 Thread 0x000002ad3e750230 nmethod 3023 0x000002ad2b95c090 code [0x000002ad2b95c240, 0x000002ad2b95c3f8]
Event: 104.788 Thread 0x000002ad3e750230 3024       3       java.util.IdentityHashMap$IdentityHashMapIterator::<init> (63 bytes)
Event: 104.788 Thread 0x000002ad3e750230 nmethod 3024 0x000002ad2b95c510 code [0x000002ad2b95c6c0, 0x000002ad2b95c978]
Event: 104.790 Thread 0x000002ad3e750230 3025       3       java.util.concurrent.locks.ReentrantReadWriteLock::readLock (5 bytes)
Event: 104.790 Thread 0x000002ad3e750230 nmethod 3025 0x000002ad2b95ca90 code [0x000002ad2b95cc20, 0x000002ad2b95cd58]
Event: 104.801 Thread 0x000002ad3e750230 3026       1       javax.swing.table.TableColumn::getWidth (5 bytes)
Event: 104.802 Thread 0x000002ad3e750230 nmethod 3026 0x000002ad329aa690 code [0x000002ad329aa820, 0x000002ad329aa8f8]
Event: 104.806 Thread 0x000002ad3e745720 3027 %     4       sun.java2d.marlin.DRenderer::_endRendering @ 256 (2480 bytes)

GC Heap History (6 events):
Event: 1.023 GC heap before
{Heap before GC invocations=0 (full 0):
 garbage-first heap   total 65536K, used 13312K [0x00000000c1800000, 0x0000000100000000)
  region size 1024K, 13 young (13312K), 0 survivors (0K)
 Metaspace       used 12329K, committed 12480K, reserved 1064960K
  class space    used 1434K, committed 1536K, reserved 1048576K
}
Event: 1.031 GC heap after
{Heap after GC invocations=1 (full 0):
 garbage-first heap   total 65536K, used 4172K [0x00000000c1800000, 0x0000000100000000)
  region size 1024K, 2 young (2048K), 2 survivors (2048K)
 Metaspace       used 12329K, committed 12480K, reserved 1064960K
  class space    used 1434K, committed 1536K, reserved 1048576K
}
Event: 1.404 GC heap before
{Heap before GC invocations=1 (full 0):
 garbage-first heap   total 65536K, used 11340K [0x00000000c1800000, 0x0000000100000000)
  region size 1024K, 9 young (9216K), 2 survivors (2048K)
 Metaspace       used 15928K, committed 16128K, reserved 1064960K
  class space    used 1842K, committed 1920K, reserved 1048576K
}
Event: 1.411 GC heap after
{Heap after GC invocations=2 (full 0):
 garbage-first heap   total 65536K, used 6431K [0x00000000c1800000, 0x0000000100000000)
  region size 1024K, 2 young (2048K), 2 survivors (2048K)
 Metaspace       used 15928K, committed 16128K, reserved 1064960K
  class space    used 1842K, committed 1920K, reserved 1048576K
}
Event: 12.826 GC heap before
{Heap before GC invocations=2 (full 0):
 garbage-first heap   total 65536K, used 19743K [0x00000000c1800000, 0x0000000100000000)
  region size 1024K, 15 young (15360K), 2 survivors (2048K)
 Metaspace       used 21056K, committed 21248K, reserved 1073152K
  class space    used 2364K, committed 2496K, reserved 1048576K
}
Event: 12.832 GC heap after
{Heap after GC invocations=3 (full 0):
 garbage-first heap   total 65536K, used 9705K [0x00000000c1800000, 0x0000000100000000)
  region size 1024K, 2 young (2048K), 2 survivors (2048K)
 Metaspace       used 21056K, committed 21248K, reserved 1073152K
  class space    used 2364K, committed 2496K, reserved 1048576K
}

Deoptimization events (20 events):
Event: 15.987 Thread 0x000002ad3f6ea250 Uncommon trap: trap_request=0xffffff45 fr.pc=0x000002ad32942124 relative=0x0000000000000344
Event: 15.987 Thread 0x000002ad3f6ea250 Uncommon trap: reason=unstable_if action=reinterpret pc=0x000002ad32942124 method=java.awt.MultipleGradientPaintContext.indexIntoGradientsArrays(F)I @ 24 c2
Event: 15.987 Thread 0x000002ad3f6ea250 DEOPT PACKING pc=0x000002ad32942124 sp=0x000000ae31dfac10
Event: 15.987 Thread 0x000002ad3f6ea250 DEOPT UNPACKING pc=0x000002ad2ae0d72e sp=0x000000ae31dfab98 mode 2
Event: 16.002 Thread 0x000002ad3f6ea250 DEOPT PACKING pc=0x000002ad2b8fa432 sp=0x000000ae31dfb880
Event: 16.002 Thread 0x000002ad3f6ea250 DEOPT UNPACKING pc=0x000002ad2ae0dece sp=0x000000ae31dfacf8 mode 0
Event: 16.979 Thread 0x000002ad3f6ea250 DEOPT PACKING pc=0x000002ad2b8fa432 sp=0x000000ae31dfb880
Event: 16.979 Thread 0x000002ad3f6ea250 DEOPT UNPACKING pc=0x000002ad2ae0dece sp=0x000000ae31dfacf8 mode 0
Event: 16.994 Thread 0x000002ad3f6ea250 DEOPT PACKING pc=0x000002ad2b8fa432 sp=0x000000ae31dfb880
Event: 16.994 Thread 0x000002ad3f6ea250 DEOPT UNPACKING pc=0x000002ad2ae0dece sp=0x000000ae31dfacf8 mode 0
Event: 19.367 Thread 0x000002ad3f6ea250 DEOPT PACKING pc=0x000002ad2b8fa432 sp=0x000000ae31dfb880
Event: 19.367 Thread 0x000002ad3f6ea250 DEOPT UNPACKING pc=0x000002ad2ae0dece sp=0x000000ae31dfacf8 mode 0
Event: 19.725 Thread 0x000002ad3f6ea250 DEOPT PACKING pc=0x000002ad2b8fa432 sp=0x000000ae31dfce40
Event: 19.725 Thread 0x000002ad3f6ea250 DEOPT UNPACKING pc=0x000002ad2ae0dece sp=0x000000ae31dfc2b8 mode 0
Event: 19.755 Thread 0x000002ad3f6ea250 DEOPT PACKING pc=0x000002ad2b85fdc5 sp=0x000000ae31dfd530
Event: 19.755 Thread 0x000002ad3f6ea250 DEOPT UNPACKING pc=0x000002ad2ae0dece sp=0x000000ae31dfc970 mode 0
Event: 104.805 Thread 0x000002ad3f6ea250 Uncommon trap: trap_request=0xffffff76 fr.pc=0x000002ad3296ed00 relative=0x00000000000022e0
Event: 104.805 Thread 0x000002ad3f6ea250 Uncommon trap: reason=predicate action=maybe_recompile pc=0x000002ad3296ed00 method=sun.java2d.marlin.DRenderer._endRendering(II)V @ 1653 c2
Event: 104.805 Thread 0x000002ad3f6ea250 DEOPT PACKING pc=0x000002ad3296ed00 sp=0x000000ae31dfcac0
Event: 104.805 Thread 0x000002ad3f6ea250 DEOPT UNPACKING pc=0x000002ad2ae0d72e sp=0x000000ae31dfc8d8 mode 2

Classes unloaded (0 events):
No events

Classes redefined (0 events):
No events

Internal exceptions (20 events):
Event: 0.596 Thread 0x000002ad3f6ea250 Exception <a 'java/lang/NoSuchMethodError'{0x00000000c52ee720}: 'void java.lang.invoke.DirectMethodHandle$Holder.invokeStatic(java.lang.Object, java.lang.Object, java.lang.Object)'> (0x00000000c52ee720) 
thrown [t:\workspace\open\src\hotspot\share\interpreter\linkResolver.cpp, line 790]
Event: 0.598 Thread 0x000002ad3f6ea250 Exception <a 'java/lang/NoSuchMethodError'{0x00000000c52f4f20}: 'void java.lang.invoke.DirectMethodHandle$Holder.invokeStatic(java.lang.Object, java.lang.Object)'> (0x00000000c52f4f20) 
thrown [t:\workspace\open\src\hotspot\share\interpreter\linkResolver.cpp, line 790]
Event: 0.697 Thread 0x000002ad3f6626c0 Exception <a 'java/lang/NoSuchMethodError'{0x00000000c55d7d48}: 'void java.lang.invoke.DirectMethodHandle$Holder.invokeVirtual(java.lang.Object, java.lang.Object)'> (0x00000000c55d7d48) 
thrown [t:\workspace\open\src\hotspot\share\interpreter\linkResolver.cpp, line 790]
Event: 0.714 Thread 0x000002ad3f6ea250 Exception <a 'java/lang/NoSuchMethodError'{0x00000000c5095250}: 'void java.lang.invoke.DirectMethodHandle$Holder.invokeStaticInit(java.lang.Object)'> (0x00000000c5095250) 
thrown [t:\workspace\open\src\hotspot\share\interpreter\linkResolver.cpp, line 790]
Event: 0.875 Thread 0x000002ad3f6ea250 Exception <a 'java/lang/NoSuchMethodError'{0x00000000c4e42728}: 'java.lang.Object java.lang.invoke.DirectMethodHandle$Holder.invokeInterface(java.lang.Object, java.lang.Object)'> (0x00000000c4e42728) 
thrown [t:\workspace\open\src\hotspot\share\interpreter\linkResolver.cpp, line 790]
Event: 0.912 Thread 0x000002ad3f6ea250 Exception <a 'java/lang/NoSuchMethodError'{0x00000000c4edaa10}: 'java.lang.Object java.lang.invoke.DirectMethodHandle$Holder.invokeVirtual(java.lang.Object, java.lang.Object, java.lang.Object)'> (0x00000000c4edaa10) 
thrown [t:\workspace\open\src\hotspot\share\interpreter\linkResolver.cpp, line 790]
Event: 1.149 Thread 0x000002ad3f6ea250 Exception <a 'java/lang/NoSuchMethodError'{0x00000000c55915e0}: 'void java.lang.invoke.DirectMethodHandle$Holder.invokeStaticInit(java.lang.Object, java.lang.Object)'> (0x00000000c55915e0) 
thrown [t:\workspace\open\src\hotspot\share\interpreter\linkResolver.cpp, line 790]
Event: 1.222 Thread 0x000002ad3f6ea250 Exception <a 'sun/nio/fs/WindowsException'{0x00000000c54b4240}> (0x00000000c54b4240) 
thrown [t:\workspace\open\src\hotspot\share\prims\jni.cpp, line 579]
Event: 1.238 Thread 0x000002ad3f6ea250 Exception <a 'java/lang/NoSuchMethodError'{0x00000000c54de6c0}: 'int java.lang.invoke.DirectMethodHandle$Holder.invokeStaticInit(java.lang.Object, java.lang.Object, java.lang.Object, java.lang.Object)'> (0x00000000c54de6c0) 
thrown [t:\workspace\open\src\hotspot\share\interpreter\linkResolver.cpp, line 790]
Event: 1.239 Thread 0x000002ad3f6ea250 Exception <a 'java/lang/IncompatibleClassChangeError'{0x00000000c54e81c0}: Found class java.lang.Object, but interface was expected> (0x00000000c54e81c0) 
thrown [t:\workspace\open\src\hotspot\share\interpreter\linkResolver.cpp, line 857]
Event: 1.241 Thread 0x000002ad3f6ea250 Exception <a 'java/lang/NoSuchMethodError'{0x00000000c54eddf8}: 'int java.lang.invoke.DirectMethodHandle$Holder.invokeStaticInit(java.lang.Object, java.lang.Object)'> (0x00000000c54eddf8) 
thrown [t:\workspace\open\src\hotspot\share\interpreter\linkResolver.cpp, line 790]
Event: 1.305 Thread 0x000002ad3f6ea250 Exception <a 'java/lang/NoSuchMethodError'{0x00000000c52f8c58}: 'java.lang.Object java.lang.invoke.DirectMethodHandle$Holder.invokeStaticInit(java.lang.Object, int, int, int, int)'> (0x00000000c52f8c58) 
thrown [t:\workspace\open\src\hotspot\share\interpreter\linkResolver.cpp, line 790]
Event: 1.368 Thread 0x000002ad3f6ea250 Exception <a 'java/lang/NoSuchMethodError'{0x00000000c51c4570}: 'java.lang.Object java.lang.invoke.DirectMethodHandle$Holder.invokeStaticInit(java.lang.Object, java.lang.Object, int, int, int, int)'> (0x00000000c51c4570) 
thrown [t:\workspace\open\src\hotspot\share\interpreter\linkResolver.cpp, line 790]
Event: 15.349 Thread 0x000002ad3f6ea250 Implicit null exception at 0x000002ad3297364e to 0x000002ad32973c12
Event: 15.349 Thread 0x000002ad3f6ea250 Implicit null exception at 0x000002ad3296bac0 to 0x000002ad3296c253
Event: 15.349 Thread 0x000002ad3f6ea250 Implicit null exception at 0x000002ad3297364e to 0x000002ad32973c12
Event: 15.349 Thread 0x000002ad3f6ea250 Implicit null exception at 0x000002ad3296bac0 to 0x000002ad3296c253
Event: 15.350 Thread 0x000002ad3f6ea250 Implicit null exception at 0x000002ad3297364e to 0x000002ad32973c12
Event: 15.979 Thread 0x000002ad3f6ea250 Exception <a 'java/lang/NoSuchMethodError'{0x00000000c38c8138}: 'int java.lang.invoke.DirectMethodHandle$Holder.invokeStatic(java.lang.Object)'> (0x00000000c38c8138) 
thrown [t:\workspace\open\src\hotspot\share\interpreter\linkResolver.cpp, line 790]
Event: 19.604 Thread 0x000002ad3f6ea250 Exception <a 'java/io/IOException'{0x00000000c3746020}> (0x00000000c3746020) 
thrown [t:\workspace\open\src\hotspot\share\prims\jni.cpp, line 579]

Events (20 events):
Event: 17.005 loading class java/awt/LightweightDispatcher$2
Event: 17.005 loading class java/awt/LightweightDispatcher$2 done
Event: 17.887 Executing  VM operation: Cleanup
Event: 17.887 Executing  VM operation: Cleanup done
Event: 18.895 Executing  VM operation: Cleanup
Event: 18.895 Executing  VM operation: Cleanup done
Event: 19.588 loading class java/awt/KeyboardFocusManager$2
Event: 19.588 loading class java/awt/KeyboardFocusManager$2 done
Event: 19.588 loading class sun/awt/SunToolkit$1
Event: 19.589 loading class sun/awt/SunToolkit$1 done
Event: 19.596 loading class java/awt/Window$1DisposeAction
Event: 19.597 loading class java/awt/Window$1DisposeAction done
Event: 19.673 Thread 0x000002ad3f52f660 Thread added: 0x000002ad3f52f660
Event: 19.896 Executing  VM operation: Cleanup
Event: 19.896 Executing  VM operation: Cleanup done
Event: 20.259 Thread 0x000002ad3f52f660 Thread exited: 0x000002ad3f52f660
Event: 21.901 Executing  VM operation: Cleanup
Event: 21.901 Executing  VM operation: Cleanup done
Event: 28.973 Executing  VM operation: Cleanup
Event: 28.973 Executing  VM operation: Cleanup done


Dynamic libraries:
0x00007ff7a5d20000 - 0x00007ff7a5d30000 	C:\Program Files\Java\jdk-16.0.2\bin\java.exe
0x00007ffdb5eb0000 - 0x00007ffdb60a5000 	C:\WINDOWS\SYSTEM32\ntdll.dll
0x00007ffdb5b50000 - 0x00007ffdb5c0e000 	C:\WINDOWS\System32\KERNEL32.DLL
0x00007ffdb3700000 - 0x00007ffdb39c9000 	C:\WINDOWS\System32\KERNELBASE.dll
0x00007ffdb35d0000 - 0x00007ffdb36d0000 	C:\WINDOWS\System32\ucrtbase.dll
0x00007ffd9c8d0000 - 0x00007ffd9c8e8000 	C:\Program Files\Java\jdk-16.0.2\bin\jli.dll
0x00007ffda8e80000 - 0x00007ffda8e99000 	C:\Program Files\Java\jdk-16.0.2\bin\VCRUNTIME140.dll
0x00007ffdb4950000 - 0x00007ffdb49fc000 	C:\WINDOWS\System32\ADVAPI32.dll
0x00007ffdb5280000 - 0x00007ffdb531e000 	C:\WINDOWS\System32\msvcrt.dll
0x00007ffdb4030000 - 0x00007ffdb40cb000 	C:\WINDOWS\System32\sechost.dll
0x00007ffdb3f00000 - 0x00007ffdb402a000 	C:\WINDOWS\System32\RPCRT4.dll
0x00007ffdb5c10000 - 0x00007ffdb5db1000 	C:\WINDOWS\System32\USER32.dll
0x00007ffdb36d0000 - 0x00007ffdb36f2000 	C:\WINDOWS\System32\win32u.dll
0x00007ffdb5e40000 - 0x00007ffdb5e6b000 	C:\WINDOWS\System32\GDI32.dll
0x00007ffdb3d40000 - 0x00007ffdb3e4b000 	C:\WINDOWS\System32\gdi32full.dll
0x00007ffdb3bf0000 - 0x00007ffdb3c8d000 	C:\WINDOWS\System32\msvcp_win.dll
0x00007ffd993a0000 - 0x00007ffd9963a000 	C:\WINDOWS\WinSxS\amd64_microsoft.windows.common-controls_6595b64144ccf1df_6.0.19041.1110_none_60b5254171f9507e\COMCTL32.dll
0x00007ffda9520000 - 0x00007ffda952a000 	C:\WINDOWS\SYSTEM32\VERSION.dll
0x00007ffdb4250000 - 0x00007ffdb4280000 	C:\WINDOWS\System32\IMM32.DLL
0x00007ffdabc00000 - 0x00007ffdabc0c000 	C:\Program Files\Java\jdk-16.0.2\bin\vcruntime140_1.dll
0x00007ffda8c90000 - 0x00007ffda8d21000 	C:\Program Files\Java\jdk-16.0.2\bin\msvcp140.dll
0x00007ffd73c00000 - 0x00007ffd747ab000 	C:\Program Files\Java\jdk-16.0.2\bin\server\jvm.dll
0x00007ffdb4290000 - 0x00007ffdb4298000 	C:\WINDOWS\System32\PSAPI.DLL
0x00007ffd9b760000 - 0x00007ffd9b787000 	C:\WINDOWS\SYSTEM32\WINMM.dll
0x00007ffdabc60000 - 0x00007ffdabc69000 	C:\WINDOWS\SYSTEM32\WSOCK32.dll
0x00007ffdb46c0000 - 0x00007ffdb472b000 	C:\WINDOWS\System32\WS2_32.dll
0x00007ffdb1e40000 - 0x00007ffdb1e52000 	C:\WINDOWS\SYSTEM32\kernel.appcore.dll
0x00007ffdab650000 - 0x00007ffdab65a000 	C:\Program Files\Java\jdk-16.0.2\bin\jimage.dll
0x00007ffdae1f0000 - 0x00007ffdae3d4000 	C:\WINDOWS\SYSTEM32\DBGHELP.DLL
0x00007ffd9a210000 - 0x00007ffd9a23c000 	C:\WINDOWS\SYSTEM32\dbgcore.DLL
0x00007ffdb3b60000 - 0x00007ffdb3be3000 	C:\WINDOWS\System32\bcryptPrimitives.dll
0x00007ffda8d90000 - 0x00007ffda8db5000 	C:\Program Files\Java\jdk-16.0.2\bin\java.dll
0x00007ffdb5320000 - 0x00007ffdb5a5f000 	C:\WINDOWS\System32\SHELL32.dll
0x00007ffdb16b0000 - 0x00007ffdb1e40000 	C:\WINDOWS\SYSTEM32\windows.storage.dll
0x00007ffdb4360000 - 0x00007ffdb46b5000 	C:\WINDOWS\System32\combase.dll
0x00007ffdb2fb0000 - 0x00007ffdb2fdc000 	C:\WINDOWS\SYSTEM32\Wldp.dll
0x00007ffdb4ba0000 - 0x00007ffdb4c4e000 	C:\WINDOWS\System32\SHCORE.dll
0x00007ffdb42a0000 - 0x00007ffdb42f5000 	C:\WINDOWS\System32\shlwapi.dll
0x00007ffdb3510000 - 0x00007ffdb352f000 	C:\WINDOWS\SYSTEM32\profapi.dll
0x00007ffda8d70000 - 0x00007ffda8d89000 	C:\Program Files\Java\jdk-16.0.2\bin\net.dll
0x00007ffda42c0000 - 0x00007ffda43c8000 	C:\WINDOWS\SYSTEM32\WINHTTP.dll
0x00007ffdb2cb0000 - 0x00007ffdb2d1a000 	C:\WINDOWS\system32\mswsock.dll
0x00007ffda8d50000 - 0x00007ffda8d63000 	C:\Program Files\Java\jdk-16.0.2\bin\nio.dll
0x00007ffda8d30000 - 0x00007ffda8d48000 	C:\Program Files\Java\jdk-16.0.2\bin\zip.dll
0x00007ffda88a0000 - 0x00007ffda8a20000 	C:\Program Files\Java\jdk-16.0.2\bin\awt.dll
0x00007ffdb5a60000 - 0x00007ffdb5b2d000 	C:\WINDOWS\System32\OLEAUT32.dll
0x00007ffdad740000 - 0x00007ffdad7d0000 	C:\WINDOWS\SYSTEM32\apphelp.dll
0x00007ffdadc00000 - 0x00007ffdadc9e000 	C:\WINDOWS\system32\uxtheme.dll
0x00007ffdb4130000 - 0x00007ffdb4245000 	C:\WINDOWS\System32\MSCTF.dll
0x00007ffdb47c0000 - 0x00007ffdb48ea000 	C:\WINDOWS\System32\ole32.dll
0x00007ffdadd20000 - 0x00007ffdadd4f000 	C:\WINDOWS\system32\DWMAPI.DLL
0x00007ffd9e580000 - 0x00007ffd9e609000 	C:\Program Files\Java\jdk-16.0.2\bin\freetype.dll
0x00007ffd9c8f0000 - 0x00007ffd9c9e6000 	C:\Program Files\Java\jdk-16.0.2\bin\harfbuzz.dll
0x00007ffda8c40000 - 0x00007ffda8c52000 	C:\Program Files\Java\jdk-16.0.2\bin\fontmanager.dll
0x00007ffda8770000 - 0x00007ffda8895000 	C:\WINDOWS\system32\opengl32.dll
0x00007ffda8c60000 - 0x00007ffda8c8c000 	C:\WINDOWS\SYSTEM32\GLU32.dll
0x00007ffdb4a00000 - 0x00007ffdb4aa9000 	C:\WINDOWS\System32\clbcatq.dll
0x00007ffda99b0000 - 0x00007ffda9b64000 	C:\WINDOWS\SYSTEM32\WindowsCodecs.dll
0x00007ffdb39d0000 - 0x00007ffdb39f7000 	C:\WINDOWS\System32\bcrypt.dll
0x00007ffd7f490000 - 0x00007ffd7f4ce000 	C:\WINDOWS\system32\dataexchange.dll
0x00007ffdacac0000 - 0x00007ffdacca6000 	C:\WINDOWS\system32\dcomp.dll
0x00007ffdac290000 - 0x00007ffdac4f4000 	C:\WINDOWS\system32\d3d11.dll
0x00007ffdb1ec0000 - 0x00007ffdb1fb4000 	C:\WINDOWS\system32\dxgi.dll
0x00007ffda96c0000 - 0x00007ffda98c1000 	C:\WINDOWS\system32\twinapi.appcore.dll
0x00007ffdb29e0000 - 0x00007ffdb2aac000 	C:\WINDOWS\SYSTEM32\DNSAPI.dll
0x00007ffdb29a0000 - 0x00007ffdb29db000 	C:\WINDOWS\SYSTEM32\IPHLPAPI.DLL
0x00007ffdb4280000 - 0x00007ffdb4288000 	C:\WINDOWS\System32\NSI.dll
0x00007ffda3890000 - 0x00007ffda389a000 	C:\Windows\System32\rasadhlp.dll
0x00007ffda4430000 - 0x00007ffda44af000 	C:\WINDOWS\System32\fwpuclnt.dll
0x00007ffdb2ea0000 - 0x00007ffdb2eb8000 	C:\WINDOWS\SYSTEM32\CRYPTSP.dll
0x00007ffdb2630000 - 0x00007ffdb2664000 	C:\WINDOWS\system32\rsaenh.dll
0x00007ffdb34d0000 - 0x00007ffdb34fe000 	C:\WINDOWS\SYSTEM32\USERENV.dll
0x00007ffdb2ec0000 - 0x00007ffdb2ecc000 	C:\WINDOWS\SYSTEM32\CRYPTBASE.dll
0x00007ffda6110000 - 0x00007ffda6127000 	C:\WINDOWS\SYSTEM32\dhcpcsvc6.DLL
0x00007ffda6190000 - 0x00007ffda61ad000 	C:\WINDOWS\SYSTEM32\dhcpcsvc.DLL
0x00007ffd9e2c0000 - 0x00007ffd9e2ce000 	C:\Program Files\Java\jdk-16.0.2\bin\sunmscapi.dll
0x00007ffdb3a00000 - 0x00007ffdb3b56000 	C:\WINDOWS\System32\CRYPT32.dll
0x00007ffdb3020000 - 0x00007ffdb3047000 	C:\WINDOWS\SYSTEM32\ncrypt.dll
0x00007ffdb2fe0000 - 0x00007ffdb301b000 	C:\WINDOWS\SYSTEM32\NTASN1.dll
0x00007ffda3a00000 - 0x00007ffda3af9000 	C:\WINDOWS\SYSTEM32\textinputframework.dll
0x00007ffdad030000 - 0x00007ffdad38e000 	C:\WINDOWS\System32\CoreUIComponents.dll
0x00007ffdad390000 - 0x00007ffdad482000 	C:\WINDOWS\System32\CoreMessaging.dll
0x00007ffdb23f0000 - 0x00007ffdb2423000 	C:\WINDOWS\SYSTEM32\ntmarta.dll
0x00007ffdabcd0000 - 0x00007ffdabe24000 	C:\WINDOWS\SYSTEM32\wintypes.dll

dbghelp: loaded successfully - version: 4.0.5 - missing functions: none
symbol engine: initialized successfully - sym options: 0x614 - pdb path: .;C:\Program Files\Java\jdk-16.0.2\bin;C:\WINDOWS\SYSTEM32;C:\WINDOWS\WinSxS\amd64_microsoft.windows.common-controls_6595b64144ccf1df_6.0.19041.1110_none_60b5254171f9507e;C:\Program Files\Java\jdk-16.0.2\bin\server

VM Arguments:
java_command: view.Tabela
java_class_path (initial): C:\Users\dell\Documents\NetBeansProjects\po\projetoN2\target\classes;C:\Users\dell\.m2\repository\mysql\mysql-connector-java\8.0.26\mysql-connector-java-8.0.26.jar;C:\Users\dell\.m2\repository\com\google\protobuf\protobuf-java\3.11.4\protobuf-java-3.11.4.jar;C:\Users\dell\.m2\repository\org\projectlombok\lombok\1.18.20\lombok-1.18.20.jar
Launcher Type: SUN_STANDARD

[Global flags]
     intx CICompilerCount                          = 3                                         {product} {ergonomic}
     uint ConcGCThreads                            = 1                                         {product} {ergonomic}
     uint G1ConcRefinementThreads                  = 4                                         {product} {ergonomic}
   size_t G1HeapRegionSize                         = 1048576                                   {product} {ergonomic}
    uintx GCDrainStackTargetSize                   = 64                                        {product} {ergonomic}
   size_t InitialHeapSize                          = 67108864                                  {product} {ergonomic}
   size_t MarkStackSize                            = 4194304                                   {product} {ergonomic}
   size_t MaxHeapSize                              = 1048576000                                {product} {ergonomic}
   size_t MaxNewSize                               = 629145600                                 {product} {ergonomic}
   size_t MinHeapDeltaBytes                        = 1048576                                   {product} {ergonomic}
   size_t MinHeapSize                              = 8388608                                   {product} {ergonomic}
    uintx NonNMethodCodeHeapSize                   = 5832780                                {pd product} {ergonomic}
    uintx NonProfiledCodeHeapSize                  = 122912730                              {pd product} {ergonomic}
    uintx ProfiledCodeHeapSize                     = 122912730                              {pd product} {ergonomic}
    uintx ReservedCodeCacheSize                    = 251658240                              {pd product} {ergonomic}
     bool SegmentedCodeCache                       = true                                      {product} {ergonomic}
   size_t SoftMaxHeapSize                          = 1048576000                             {manageable} {ergonomic}
     bool UseCompressedClassPointers               = true                           {product lp64_product} {ergonomic}
     bool UseCompressedOops                        = true                           {product lp64_product} {ergonomic}
     bool UseG1GC                                  = true                                      {product} {ergonomic}
     bool UseLargePagesIndividualAllocation        = false                                  {pd product} {ergonomic}

Logging:
Log output configuration:
 #0: stdout all=warning uptime,level,tags
 #1: stderr all=off uptime,level,tags

Environment Variables:
JAVA_HOME=C:\Program Files\Java\jdk-16.0.2
PATH=C:\Program Files\Common Files\Oracle\Java\javapath;C:\Program Files (x86)\Common Files\Oracle\Java\javapath;C:\Program Files\AdoptOpenJDK\jdk-14.0.2.12-hotspot\bin;C:\WINDOWS\system32;C:\WINDOWS;C:\WINDOWS\System32\Wbem;C:\WINDOWS\System32\WindowsPowerShell\v1.0\;C:\WINDOWS\System32\OpenSSH\;C:\Program Files\nodejs\;C:\Program Files (x86)\Intel\Intel(R) Management Engine Components\DAL;C:\Program Files\Intel\Intel(R) Management Engine Components\DAL;C:\MinGW\bin;C:\Program Files\Java\jdk-15.0.2\bin;C:\Program Files\Git\cmd;C:\Program Files\Apache\maven\apache-maven-3.8.3\bin;C:\Program Files\MySQL\MySQL Shell 8.0\bin\;C:\Users\dell\AppData\Local\Microsoft\WindowsApps;C:\Users\dell\AppData\Roaming\npm;C:\MinGW\bin;;C:\Program Files\JetBrains\IntelliJ IDEA Community Edition 2021.2\bin;;C:\Users\dell\AppData\Local\Programs\mongosh\
USERNAME=dell
OS=Windows_NT
PROCESSOR_IDENTIFIER=Intel64 Family 6 Model 142 Stepping 9, GenuineIntel



---------------  S Y S T E M  ---------------

OS:
 Windows 10 , 64 bit Build 19041 (10.0.19041.1202)
OS uptime: 0 days 8:39 hours

CPU: total 4 (initial active 4) (2 cores per cpu, 2 threads per core) family 6 model 142 stepping 9 microcode 0xea, cx8, cmov, fxsr, ht, mmx, 3dnowpref, sse, sse2, sse3, ssse3, sse4.1, sse4.2, popcnt, lzcnt, tsc, tscinvbit, avx, avx2, aes, erms, clmul, bmi1, bmi2, adx, fma, vzeroupper, clflush, clflushopt

Memory: 4k page, system-wide physical 3996M (414M free)
TotalPageFile size 5391M (AvailPageFile size 3M)
current process WorkingSet (physical memory assigned to process): 108M, peak: 108M
current process commit charge ("private bytes"): 155M, peak: 179M

vm_info: Java HotSpot(TM) 64-Bit Server VM (16.0.2+7-67) for windows-amd64 JRE (16.0.2+7-67), built on Jun  8 2021 23:24:19 by "mach5one" with MS VC++ 16.7 (VS2019)

END.
