#
# There is insufficient memory for the Java Runtime Environment to continue.
# Native memory allocation (mmap) failed to map 65536 bytes for Failed to commit metaspace.
# Possible reasons:
#   The system is out of physical RAM or swap space
#   The process is running with CompressedOops enabled, and the Java Heap may be blocking the growth of the native heap
# Possible solutions:
#   Reduce memory load on the system
#   Increase physical memory or swap space
#   Check if swap backing store is full
#   Decrease Java heap size (-Xmx/-Xms)
#   Decrease number of Java threads
#   Decrease Java thread stack sizes (-Xss)
#   Set larger code cache with -XX:ReservedCodeCacheSize=
#   JVM is running with Unscaled Compressed Oops mode in which the Java heap is
#     placed in the first 4GB address space. The Java Heap base address is the
#     maximum limit for the native heap growth. Please use -XX:HeapBaseMinAddress
#     to set the Java Heap base and to place the Java Heap above 4GB virtual address.
# This output file may be truncated or incomplete.
#
#  Out of Memory Error (virtualSpaceNode.cpp:108), pid=5388, tid=9552
#
# JRE version: Java(TM) SE Runtime Environment (16.0.2+7) (build 16.0.2+7-67)
# Java VM: Java HotSpot(TM) 64-Bit Server VM (16.0.2+7-67, mixed mode, sharing, tiered, compressed oops, compressed class ptrs, g1 gc, windows-amd64)
# No core dump will be written. Minidumps are not enabled by default on client versions of Windows
#

---------------  S U M M A R Y ------------

Command Line: view.services.TableSuppliers

Host: Intel(R) Core(TM) i3-7020U CPU @ 2.30GHz, 4 cores, 3G,  Windows 10 , 64 bit Build 19041 (10.0.19041.1202)
Time: Thu Oct 21 16:31:14 2021 Hora oficial do Brasil elapsed time: 1.829619 seconds (0d 0h 0m 1s)

---------------  T H R E A D  ---------------

Current thread (0x000001a8dd89b020):  JavaThread "AWT-EventQueue-0" [_thread_in_vm, id=9552, stack(0x0000000167600000,0x0000000167700000)]

Stack: [0x0000000167600000,0x0000000167700000]
Native frames: (J=compiled Java code, j=interpreted, Vv=VM code, C=native code)
V  [jvm.dll+0x6681ca]
V  [jvm.dll+0x7c9e69]
V  [jvm.dll+0x7cb61e]
V  [jvm.dll+0x7cbc73]
V  [jvm.dll+0x242c55]
V  [jvm.dll+0x7c64eb]
V  [jvm.dll+0x60ddd6]
V  [jvm.dll+0x60de3a]
V  [jvm.dll+0x61046a]
V  [jvm.dll+0x60e6d1]
V  [jvm.dll+0x238440]
V  [jvm.dll+0x1ea2df]
V  [jvm.dll+0x1df631]
V  [jvm.dll+0x535ff8]
V  [jvm.dll+0x1f0d52]
V  [jvm.dll+0x741863]
V  [jvm.dll+0x743108]
V  [jvm.dll+0x743433]
V  [jvm.dll+0x23ab24]
V  [jvm.dll+0x375531]
C  0x000001a8c90cc411

Java frames: (J=compiled Java code, j=interpreted, Vv=VM code)
j  javax.swing.RepaintManager.validateInvalidComponents()V+80 java.desktop@16.0.2
j  javax.swing.RepaintManager$ProcessingRunnable.run()V+30 java.desktop@16.0.2
j  java.awt.event.InvocationEvent.dispatch()V+47 java.desktop@16.0.2
j  java.awt.EventQueue.dispatchEventImpl(Ljava/awt/AWTEvent;Ljava/lang/Object;)V+21 java.desktop@16.0.2
j  java.awt.EventQueue$4.run()Ljava/lang/Void;+32 java.desktop@16.0.2
j  java.awt.EventQueue$4.run()Ljava/lang/Object;+1 java.desktop@16.0.2
J 1715 c1 java.security.AccessController.executePrivileged(Ljava/security/PrivilegedAction;Ljava/security/AccessControlContext;Ljava/lang/Class;)Ljava/lang/Object; java.base@16.0.2 (65 bytes) @ 0x000001a8c9982244 [0x000001a8c99820e0+0x0000000000000164]
j  java.security.AccessController.doPrivileged(Ljava/security/PrivilegedAction;Ljava/security/AccessControlContext;)Ljava/lang/Object;+13 java.base@16.0.2
j  java.security.ProtectionDomain$JavaSecurityAccessImpl.doIntersectionPrivilege(Ljava/security/PrivilegedAction;Ljava/security/AccessControlContext;Ljava/security/AccessControlContext;)Ljava/lang/Object;+18 java.base@16.0.2
j  java.awt.EventQueue.dispatchEvent(Ljava/awt/AWTEvent;)V+46 java.desktop@16.0.2
j  java.awt.EventDispatchThread.pumpOneEventForFilters(I)V+78 java.desktop@16.0.2
j  java.awt.EventDispatchThread.pumpEventsForFilter(ILjava/awt/Conditional;Ljava/awt/EventFilter;)V+35 java.desktop@16.0.2
j  java.awt.EventDispatchThread.pumpEventsForFilter(Ljava/awt/Conditional;Ljava/awt/EventFilter;)V+4 java.desktop@16.0.2
j  java.awt.WaitDispatchSupport$2.run()V+59 java.desktop@16.0.2
j  java.awt.WaitDispatchSupport$4.run()Ljava/lang/Void;+4 java.desktop@16.0.2
j  java.awt.WaitDispatchSupport$4.run()Ljava/lang/Object;+1 java.desktop@16.0.2
J 449 c1 java.security.AccessController.doPrivileged(Ljava/security/PrivilegedAction;)Ljava/lang/Object; java.base@16.0.2 (9 bytes) @ 0x000001a8c96f21cc [0x000001a8c96f2060+0x000000000000016c]
j  java.awt.WaitDispatchSupport.enter()Z+260 java.desktop@16.0.2
j  java.awt.Dialog.show()V+225 java.desktop@16.0.2
j  java.awt.Component.show(Z)V+5 java.desktop@16.0.2
j  java.awt.Component.setVisible(Z)V+2 java.desktop@16.0.2
j  java.awt.Window.setVisible(Z)V+2 java.desktop@16.0.2
j  java.awt.Dialog.setVisible(Z)V+2 java.desktop@16.0.2
j  view.services.TableSuppliers$6.run()V+30
j  java.awt.event.InvocationEvent.dispatch()V+47 java.desktop@16.0.2
j  java.awt.EventQueue.dispatchEventImpl(Ljava/awt/AWTEvent;Ljava/lang/Object;)V+21 java.desktop@16.0.2
j  java.awt.EventQueue$4.run()Ljava/lang/Void;+32 java.desktop@16.0.2
j  java.awt.EventQueue$4.run()Ljava/lang/Object;+1 java.desktop@16.0.2
j  java.security.AccessController.executePrivileged(Ljava/security/PrivilegedAction;Ljava/security/AccessControlContext;Ljava/lang/Class;)Ljava/lang/Object;+29 java.base@16.0.2
j  java.security.AccessController.doPrivileged(Ljava/security/PrivilegedAction;Ljava/security/AccessControlContext;)Ljava/lang/Object;+13 java.base@16.0.2
j  java.security.ProtectionDomain$JavaSecurityAccessImpl.doIntersectionPrivilege(Ljava/security/PrivilegedAction;Ljava/security/AccessControlContext;Ljava/security/AccessControlContext;)Ljava/lang/Object;+18 java.base@16.0.2
j  java.awt.EventQueue.dispatchEvent(Ljava/awt/AWTEvent;)V+46 java.desktop@16.0.2
j  java.awt.EventDispatchThread.pumpOneEventForFilters(I)V+78 java.desktop@16.0.2
j  java.awt.EventDispatchThread.pumpEventsForFilter(ILjava/awt/Conditional;Ljava/awt/EventFilter;)V+35 java.desktop@16.0.2
j  java.awt.EventDispatchThread.pumpEventsForHierarchy(ILjava/awt/Conditional;Ljava/awt/Component;)V+11 java.desktop@16.0.2
j  java.awt.EventDispatchThread.pumpEvents(ILjava/awt/Conditional;)V+4 java.desktop@16.0.2
j  java.awt.EventDispatchThread.pumpEvents(Ljava/awt/Conditional;)V+3 java.desktop@16.0.2
j  java.awt.EventDispatchThread.run()V+9 java.desktop@16.0.2
v  ~StubRoutines::call_stub

---------------  P R O C E S S  ---------------

Threads class SMR info:
_java_thread_list=0x000001a8df7e3130, length=17, elements={
0x000001a8dca26bd0, 0x000001a8dca27a90, 0x000001a8dca39990, 0x000001a8dca3b5a0,
0x000001a8dca3c1a0, 0x000001a8dca41bd0, 0x000001a8dca46090, 0x000001a8dca4e9f0,
0x000001a8dca63480, 0x000001a8dd595d90, 0x000001a8dd59cc10, 0x000001a8dd7b4b80,
0x000001a8dd7ceb50, 0x000001a8dd7cf070, 0x000001a8dd89b020, 0x000001a8c1929810,
0x000001a8de3f6170
}

Java Threads: ( => current thread )
  0x000001a8dca26bd0 JavaThread "Reference Handler" daemon [_thread_blocked, id=8368, stack(0x0000000166700000,0x0000000166800000)]
  0x000001a8dca27a90 JavaThread "Finalizer" daemon [_thread_blocked, id=10208, stack(0x0000000166800000,0x0000000166900000)]
  0x000001a8dca39990 JavaThread "Signal Dispatcher" daemon [_thread_blocked, id=2528, stack(0x0000000166900000,0x0000000166a00000)]
  0x000001a8dca3b5a0 JavaThread "Attach Listener" daemon [_thread_blocked, id=3536, stack(0x0000000166a00000,0x0000000166b00000)]
  0x000001a8dca3c1a0 JavaThread "Service Thread" daemon [_thread_blocked, id=4516, stack(0x0000000166b00000,0x0000000166c00000)]
  0x000001a8dca41bd0 JavaThread "Monitor Deflation Thread" daemon [_thread_blocked, id=10192, stack(0x0000000166c00000,0x0000000166d00000)]
  0x000001a8dca46090 JavaThread "C2 CompilerThread0" daemon [_thread_blocked, id=1460, stack(0x0000000166d00000,0x0000000166e00000)]
  0x000001a8dca4e9f0 JavaThread "C1 CompilerThread0" daemon [_thread_blocked, id=2476, stack(0x0000000166e00000,0x0000000166f00000)]
  0x000001a8dca63480 JavaThread "Sweeper thread" daemon [_thread_blocked, id=3360, stack(0x0000000166f00000,0x0000000167000000)]
  0x000001a8dd595d90 JavaThread "Notification Thread" daemon [_thread_blocked, id=10128, stack(0x0000000167000000,0x0000000167100000)]
  0x000001a8dd59cc10 JavaThread "Common-Cleaner" daemon [_thread_blocked, id=4444, stack(0x0000000167200000,0x0000000167300000)]
  0x000001a8dd7b4b80 JavaThread "Java2D Disposer" daemon [_thread_blocked, id=5776, stack(0x0000000167300000,0x0000000167400000)]
  0x000001a8dd7ceb50 JavaThread "AWT-Shutdown" [_thread_blocked, id=2896, stack(0x0000000167400000,0x0000000167500000)]
  0x000001a8dd7cf070 JavaThread "AWT-Windows" daemon [_thread_in_native, id=8172, stack(0x0000000167500000,0x0000000167600000)]
=>0x000001a8dd89b020 JavaThread "AWT-EventQueue-0" [_thread_in_vm, id=9552, stack(0x0000000167600000,0x0000000167700000)]
  0x000001a8c1929810 JavaThread "DestroyJavaVM" [_thread_blocked, id=9508, stack(0x0000000166000000,0x0000000166100000)]
  0x000001a8de3f6170 JavaThread "mysql-cj-abandoned-connection-cleanup" daemon [_thread_blocked, id=9340, stack(0x0000000167a00000,0x0000000167b00000)]

Other Threads:
  0x000001a8dca22f80 VMThread "VM Thread" [stack: 0x0000000166600000,0x0000000166700000] [id=9292]
  0x000001a8dd59bf00 WatcherThread [stack: 0x0000000167100000,0x0000000167200000] [id=1284]
  0x000001a8c195abf0 GCTaskThread "GC Thread#0" [stack: 0x0000000166100000,0x0000000166200000] [id=1540]
  0x000001a8de360ce0 GCTaskThread "GC Thread#1" [stack: 0x0000000167c00000,0x0000000167d00000] [id=2892]
  0x000001a8de4cc1f0 GCTaskThread "GC Thread#2" [stack: 0x0000000167d00000,0x0000000167e00000] [id=3544]
  0x000001a8de4cc500 GCTaskThread "GC Thread#3" [stack: 0x0000000167e00000,0x0000000167f00000] [id=9580]
  0x000001a8c1963930 ConcurrentGCThread "G1 Main Marker" [stack: 0x0000000166200000,0x0000000166300000] [id=9588]
  0x000001a8c1964b40 ConcurrentGCThread "G1 Conc#0" [stack: 0x0000000166300000,0x0000000166400000] [id=6884]
  0x000001a8c19b50d0 ConcurrentGCThread "G1 Refine#0" [stack: 0x0000000166400000,0x0000000166500000] [id=9000]
  0x000001a8de4b9570 ConcurrentGCThread "G1 Refine#1" [stack: 0x0000000167f00000,0x0000000168000000] [id=6736]
  0x000001a8c19b5b50 ConcurrentGCThread "G1 Service" [stack: 0x0000000166500000,0x0000000166600000] [id=6744]

Threads with active compile tasks:

VM state: not at safepoint (normal execution)

VM Mutex/Monitor currently owned by a thread:  ([mutex/lock_event])
[0x000001a8c1927100] MetaspaceExpand_lock - owner thread: 0x000001a8dd89b020

Heap address: 0x00000000c1800000, size: 1000 MB, Compressed Oops mode: 32-bit

CDS archive(s) mapped at: [0x0000000800000000-0x0000000800bb0000-0x0000000800bb0000), size 12255232, SharedBaseAddress: 0x0000000800000000, ArchiveRelocationMode: 0.
Compressed class space mapped at: 0x0000000800c00000-0x0000000840c00000, reserved size: 1073741824
Narrow klass base: 0x0000000800000000, Narrow klass shift: 3, Narrow klass range: 0x100000000

GC Precious Log:
 CPUs: 4 total, 4 available
 Memory: 3996M
 Large Page Support: Disabled
 NUMA Support: Disabled
 Compressed Oops: Enabled (32-bit)
 Heap Region Size: 1M
 Heap Min Capacity: 8M
 Heap Initial Capacity: 64M
 Heap Max Capacity: 1000M
 Pre-touch: Disabled
 Parallel Workers: 4
 Concurrent Workers: 1
 Concurrent Refinement Workers: 4
 Periodic GC: Disabled

Heap:
 garbage-first heap   total 65536K, used 9173K [0x00000000c1800000, 0x0000000100000000)
  region size 1024K, 4 young (4096K), 2 survivors (2048K)
 Metaspace       used 19148K, committed 19328K, reserved 1073152K
  class space    used 2208K, committed 2304K, reserved 1048576K

Heap Regions: E=young(eden), S=young(survivor), O=old, HS=humongous(starts), HC=humongous(continues), CS=collection set, F=free, OA=open archive, CA=closed archive, TAMS=top-at-mark-start (previous, next)
|   0|0x00000000c1800000, 0x00000000c1900000, 0x00000000c1900000|100%| O|  |TAMS 0x00000000c1800000, 0x00000000c1800000| Untracked 
|   1|0x00000000c1900000, 0x00000000c1a00000, 0x00000000c1a00000|100%| O|  |TAMS 0x00000000c1900000, 0x00000000c1900000| Untracked 
|   2|0x00000000c1a00000, 0x00000000c1b00000, 0x00000000c1b00000|100%| O|  |TAMS 0x00000000c1a00000, 0x00000000c1a00000| Untracked 
|   3|0x00000000c1b00000, 0x00000000c1bf5600, 0x00000000c1c00000| 95%| O|  |TAMS 0x00000000c1b00000, 0x00000000c1b00000| Untracked 
|   4|0x00000000c1c00000, 0x00000000c1d00000, 0x00000000c1d00000|100%|HS|  |TAMS 0x00000000c1c00000, 0x00000000c1c00000| Complete 
|   5|0x00000000c1d00000, 0x00000000c1e00000, 0x00000000c1e00000|100%|HC|  |TAMS 0x00000000c1d00000, 0x00000000c1d00000| Complete 
|   6|0x00000000c1e00000, 0x00000000c1e00000, 0x00000000c1f00000|  0%| F|  |TAMS 0x00000000c1e00000, 0x00000000c1e00000| Untracked 
|   7|0x00000000c1f00000, 0x00000000c1f00000, 0x00000000c2000000|  0%| F|  |TAMS 0x00000000c1f00000, 0x00000000c1f00000| Untracked 
|   8|0x00000000c2000000, 0x00000000c2000000, 0x00000000c2100000|  0%| F|  |TAMS 0x00000000c2000000, 0x00000000c2000000| Untracked 
|   9|0x00000000c2100000, 0x00000000c2100000, 0x00000000c2200000|  0%| F|  |TAMS 0x00000000c2100000, 0x00000000c2100000| Untracked 
|  10|0x00000000c2200000, 0x00000000c2200000, 0x00000000c2300000|  0%| F|  |TAMS 0x00000000c2200000, 0x00000000c2200000| Untracked 
|  11|0x00000000c2300000, 0x00000000c2300000, 0x00000000c2400000|  0%| F|  |TAMS 0x00000000c2300000, 0x00000000c2300000| Untracked 
|  12|0x00000000c2400000, 0x00000000c2400000, 0x00000000c2500000|  0%| F|  |TAMS 0x00000000c2400000, 0x00000000c2400000| Untracked 
|  13|0x00000000c2500000, 0x00000000c2500000, 0x00000000c2600000|  0%| F|  |TAMS 0x00000000c2500000, 0x00000000c2500000| Untracked 
|  14|0x00000000c2600000, 0x00000000c2600000, 0x00000000c2700000|  0%| F|  |TAMS 0x00000000c2600000, 0x00000000c2600000| Untracked 
|  15|0x00000000c2700000, 0x00000000c2700000, 0x00000000c2800000|  0%| F|  |TAMS 0x00000000c2700000, 0x00000000c2700000| Untracked 
|  16|0x00000000c2800000, 0x00000000c2800000, 0x00000000c2900000|  0%| F|  |TAMS 0x00000000c2800000, 0x00000000c2800000| Untracked 
|  17|0x00000000c2900000, 0x00000000c2900000, 0x00000000c2a00000|  0%| F|  |TAMS 0x00000000c2900000, 0x00000000c2900000| Untracked 
|  18|0x00000000c2a00000, 0x00000000c2a00000, 0x00000000c2b00000|  0%| F|  |TAMS 0x00000000c2a00000, 0x00000000c2a00000| Untracked 
|  19|0x00000000c2b00000, 0x00000000c2b00000, 0x00000000c2c00000|  0%| F|  |TAMS 0x00000000c2b00000, 0x00000000c2b00000| Untracked 
|  20|0x00000000c2c00000, 0x00000000c2c00000, 0x00000000c2d00000|  0%| F|  |TAMS 0x00000000c2c00000, 0x00000000c2c00000| Untracked 
|  21|0x00000000c2d00000, 0x00000000c2d00000, 0x00000000c2e00000|  0%| F|  |TAMS 0x00000000c2d00000, 0x00000000c2d00000| Untracked 
|  22|0x00000000c2e00000, 0x00000000c2e00000, 0x00000000c2f00000|  0%| F|  |TAMS 0x00000000c2e00000, 0x00000000c2e00000| Untracked 
|  23|0x00000000c2f00000, 0x00000000c2f00000, 0x00000000c3000000|  0%| F|  |TAMS 0x00000000c2f00000, 0x00000000c2f00000| Untracked 
|  24|0x00000000c3000000, 0x00000000c3000000, 0x00000000c3100000|  0%| F|  |TAMS 0x00000000c3000000, 0x00000000c3000000| Untracked 
|  25|0x00000000c3100000, 0x00000000c3100000, 0x00000000c3200000|  0%| F|  |TAMS 0x00000000c3100000, 0x00000000c3100000| Untracked 
|  26|0x00000000c3200000, 0x00000000c3200000, 0x00000000c3300000|  0%| F|  |TAMS 0x00000000c3200000, 0x00000000c3200000| Untracked 
|  27|0x00000000c3300000, 0x00000000c3300000, 0x00000000c3400000|  0%| F|  |TAMS 0x00000000c3300000, 0x00000000c3300000| Untracked 
|  28|0x00000000c3400000, 0x00000000c3400000, 0x00000000c3500000|  0%| F|  |TAMS 0x00000000c3400000, 0x00000000c3400000| Untracked 
|  29|0x00000000c3500000, 0x00000000c3500000, 0x00000000c3600000|  0%| F|  |TAMS 0x00000000c3500000, 0x00000000c3500000| Untracked 
|  30|0x00000000c3600000, 0x00000000c3600000, 0x00000000c3700000|  0%| F|  |TAMS 0x00000000c3600000, 0x00000000c3600000| Untracked 
|  31|0x00000000c3700000, 0x00000000c3700000, 0x00000000c3800000|  0%| F|  |TAMS 0x00000000c3700000, 0x00000000c3700000| Untracked 
|  32|0x00000000c3800000, 0x00000000c3800000, 0x00000000c3900000|  0%| F|  |TAMS 0x00000000c3800000, 0x00000000c3800000| Untracked 
|  33|0x00000000c3900000, 0x00000000c3900000, 0x00000000c3a00000|  0%| F|  |TAMS 0x00000000c3900000, 0x00000000c3900000| Untracked 
|  34|0x00000000c3a00000, 0x00000000c3a00000, 0x00000000c3b00000|  0%| F|  |TAMS 0x00000000c3a00000, 0x00000000c3a00000| Untracked 
|  35|0x00000000c3b00000, 0x00000000c3b00000, 0x00000000c3c00000|  0%| F|  |TAMS 0x00000000c3b00000, 0x00000000c3b00000| Untracked 
|  36|0x00000000c3c00000, 0x00000000c3c00000, 0x00000000c3d00000|  0%| F|  |TAMS 0x00000000c3c00000, 0x00000000c3c00000| Untracked 
|  37|0x00000000c3d00000, 0x00000000c3d00000, 0x00000000c3e00000|  0%| F|  |TAMS 0x00000000c3d00000, 0x00000000c3d00000| Untracked 
|  38|0x00000000c3e00000, 0x00000000c3e00000, 0x00000000c3f00000|  0%| F|  |TAMS 0x00000000c3e00000, 0x00000000c3e00000| Untracked 
|  39|0x00000000c3f00000, 0x00000000c3f00000, 0x00000000c4000000|  0%| F|  |TAMS 0x00000000c3f00000, 0x00000000c3f00000| Untracked 
|  40|0x00000000c4000000, 0x00000000c4000000, 0x00000000c4100000|  0%| F|  |TAMS 0x00000000c4000000, 0x00000000c4000000| Untracked 
|  41|0x00000000c4100000, 0x00000000c4100000, 0x00000000c4200000|  0%| F|  |TAMS 0x00000000c4100000, 0x00000000c4100000| Untracked 
|  42|0x00000000c4200000, 0x00000000c4200000, 0x00000000c4300000|  0%| F|  |TAMS 0x00000000c4200000, 0x00000000c4200000| Untracked 
|  43|0x00000000c4300000, 0x00000000c4300000, 0x00000000c4400000|  0%| F|  |TAMS 0x00000000c4300000, 0x00000000c4300000| Untracked 
|  44|0x00000000c4400000, 0x00000000c4400000, 0x00000000c4500000|  0%| F|  |TAMS 0x00000000c4400000, 0x00000000c4400000| Untracked 
|  45|0x00000000c4500000, 0x00000000c4500000, 0x00000000c4600000|  0%| F|  |TAMS 0x00000000c4500000, 0x00000000c4500000| Untracked 
|  46|0x00000000c4600000, 0x00000000c4600000, 0x00000000c4700000|  0%| F|  |TAMS 0x00000000c4600000, 0x00000000c4600000| Untracked 
|  47|0x00000000c4700000, 0x00000000c4700000, 0x00000000c4800000|  0%| F|  |TAMS 0x00000000c4700000, 0x00000000c4700000| Untracked 
|  48|0x00000000c4800000, 0x00000000c4800000, 0x00000000c4900000|  0%| F|  |TAMS 0x00000000c4800000, 0x00000000c4800000| Untracked 
|  49|0x00000000c4900000, 0x00000000c4900000, 0x00000000c4a00000|  0%| F|  |TAMS 0x00000000c4900000, 0x00000000c4900000| Untracked 
|  50|0x00000000c4a00000, 0x00000000c4a00000, 0x00000000c4b00000|  0%| F|  |TAMS 0x00000000c4a00000, 0x00000000c4a00000| Untracked 
|  51|0x00000000c4b00000, 0x00000000c4b00000, 0x00000000c4c00000|  0%| F|  |TAMS 0x00000000c4b00000, 0x00000000c4b00000| Untracked 
|  52|0x00000000c4c00000, 0x00000000c4d00000, 0x00000000c4d00000|100%| S|CS|TAMS 0x00000000c4c00000, 0x00000000c4c00000| Complete 
|  53|0x00000000c4d00000, 0x00000000c4e00000, 0x00000000c4e00000|100%| S|CS|TAMS 0x00000000c4d00000, 0x00000000c4d00000| Complete 
|  54|0x00000000c4e00000, 0x00000000c4e00000, 0x00000000c4f00000|  0%| F|  |TAMS 0x00000000c4e00000, 0x00000000c4e00000| Untracked 
|  55|0x00000000c4f00000, 0x00000000c4f00000, 0x00000000c5000000|  0%| F|  |TAMS 0x00000000c4f00000, 0x00000000c4f00000| Untracked 
|  56|0x00000000c5000000, 0x00000000c5000000, 0x00000000c5100000|  0%| F|  |TAMS 0x00000000c5000000, 0x00000000c5000000| Untracked 
|  57|0x00000000c5100000, 0x00000000c5100000, 0x00000000c5200000|  0%| F|  |TAMS 0x00000000c5100000, 0x00000000c5100000| Untracked 
|  58|0x00000000c5200000, 0x00000000c5200000, 0x00000000c5300000|  0%| F|  |TAMS 0x00000000c5200000, 0x00000000c5200000| Untracked 
|  59|0x00000000c5300000, 0x00000000c5300000, 0x00000000c5400000|  0%| F|  |TAMS 0x00000000c5300000, 0x00000000c5300000| Untracked 
|  60|0x00000000c5400000, 0x00000000c5400000, 0x00000000c5500000|  0%| F|  |TAMS 0x00000000c5400000, 0x00000000c5400000| Untracked 
|  61|0x00000000c5500000, 0x00000000c5500000, 0x00000000c5600000|  0%| F|  |TAMS 0x00000000c5500000, 0x00000000c5500000| Untracked 
|  62|0x00000000c5600000, 0x00000000c5660de0, 0x00000000c5700000| 37%| E|  |TAMS 0x00000000c5600000, 0x00000000c5600000| Complete 
|  63|0x00000000c5700000, 0x00000000c5800000, 0x00000000c5800000|100%| E|CS|TAMS 0x00000000c5700000, 0x00000000c5700000| Complete 

Card table byte_map: [0x000001a8d82b0000,0x000001a8d84b0000] _byte_map_base: 0x000001a8d7ca4000

Marking Bits (Prev, Next): (CMBitMap*) 0x000001a8c195b260, (CMBitMap*) 0x000001a8c195b2a0
 Prev Bits: [0x000001a8d86b0000, 0x000001a8d9650000)
 Next Bits: [0x000001a8d9650000, 0x000001a8da5f0000)

Polling page: 0x000001a8bfac0000

Metaspace:

Usage:
  Non-class:     16.54 MB used.
      Class:      2.16 MB used.
       Both:     18.70 MB used.

Virtual space:
  Non-class space:       24.00 MB reserved,      16.62 MB ( 69%) committed,  3 nodes.
      Class space:        1.00 GB reserved,       2.25 MB ( <1%) committed,  1 nodes.
              Both:        1.02 GB reserved,      18.88 MB (  2%) committed. 

Chunk freelists:
   Non-Class:  2.83 MB
       Class:  1.66 MB
        Both:  4.48 MB

MaxMetaspaceSize: 17179869184.00 GB
CompressedClassSpaceSize: 1.00 GB
 - commit_granule_bytes: 65536.
 - commit_granule_words: 8192.
 - virtual_space_node_default_size: 1048576.
 - enlarge_chunks_in_place: 1.
 - new_chunks_are_fully_committed: 0.
 - uncommit_free_chunks: 1.
 - use_allocation_guard: 0.
 - handle_deallocations: 1.


Internal statistics:

num_allocs_failed_limit: 0.
num_arena_births: 154.
num_arena_deaths: 0.
num_vsnodes_births: 4.
num_vsnodes_deaths: 0.
num_space_committed: 302.
num_space_uncommitted: 0.
num_chunks_returned_to_freelist: 0.
num_chunks_taken_from_freelist: 354.
num_chunk_merges: 0.
num_chunk_splits: 223.
num_chunks_enlarged: 135.
num_purges: 0.

CodeHeap 'non-profiled nmethods': size=120000Kb used=575Kb max_used=575Kb free=119424Kb
 bounds [0x000001a8d0b80000, 0x000001a8d0df0000, 0x000001a8d80b0000]
CodeHeap 'profiled nmethods': size=120000Kb used=3298Kb max_used=3298Kb free=116701Kb
 bounds [0x000001a8c9650000, 0x000001a8c9990000, 0x000001a8d0b80000]
CodeHeap 'non-nmethods': size=5760Kb used=1381Kb max_used=1395Kb free=4378Kb
 bounds [0x000001a8c90b0000, 0x000001a8c9320000, 0x000001a8c9650000]
 total_blobs=2458 nmethods=1736 adapters=634
 compilation: enabled
              stopped_count=0, restarted_count=0
 full_count=0

Compilation events (20 events):
Event: 1.818 Thread 0x000001a8dca4e9f0 1731       3       java.nio.ByteBuffer::clear (7 bytes)
Event: 1.819 Thread 0x000001a8dca4e9f0 nmethod 1731 0x000001a8c9985610 code [0x000001a8c99857c0, 0x000001a8c9985938]
Event: 1.820 Thread 0x000001a8dca4e9f0 1732       3       java.util.concurrent.locks.ReentrantLock::unlock (10 bytes)
Event: 1.820 Thread 0x000001a8dca4e9f0 nmethod 1732 0x000001a8c9985a10 code [0x000001a8c9985be0, 0x000001a8c9985eb8]
Event: 1.820 Thread 0x000001a8dca4e9f0 1733       3       java.util.concurrent.locks.ReentrantLock$Sync::tryRelease (51 bytes)
Event: 1.821 Thread 0x000001a8dca4e9f0 nmethod 1733 0x000001a8c9986010 code [0x000001a8c99861e0, 0x000001a8c9986528]
Event: 1.821 Thread 0x000001a8dca4e9f0 1734       1       java.awt.Component::isMaximumSizeSet (5 bytes)
Event: 1.821 Thread 0x000001a8dca4e9f0 nmethod 1734 0x000001a8d0c0f990 code [0x000001a8d0c0fb20, 0x000001a8d0c0fbf8]
Event: 1.822 Thread 0x000001a8dca4e9f0 1735       3       java.awt.KeyboardFocusManager::getCurrentKeyboardFocusManager (7 bytes)
Event: 1.822 Thread 0x000001a8dca4e9f0 nmethod 1735 0x000001a8c9986610 code [0x000001a8c9986800, 0x000001a8c9986cd8]
Event: 1.822 Thread 0x000001a8dca4e9f0 1736  s    3       java.awt.KeyboardFocusManager::getCurrentKeyboardFocusManager (32 bytes)
Event: 1.823 Thread 0x000001a8dca4e9f0 nmethod 1736 0x000001a8c9986f10 code [0x000001a8c99870e0, 0x000001a8c9987508]
Event: 1.823 Thread 0x000001a8dca4e9f0 1737       1       java.awt.AWTEvent::getID (5 bytes)
Event: 1.823 Thread 0x000001a8dca4e9f0 nmethod 1737 0x000001a8d0c0fc90 code [0x000001a8d0c0fe20, 0x000001a8d0c0fef8]
Event: 1.823 Thread 0x000001a8dca4e9f0 1739       3       java.util.LinkedList$ListItr::checkForComodification (23 bytes)
Event: 1.823 Thread 0x000001a8dca4e9f0 nmethod 1739 0x000001a8c9987690 code [0x000001a8c9987840, 0x000001a8c9987a08]
Event: 1.823 Thread 0x000001a8dca4e9f0 1740       3       java.util.LinkedList$ListItr::hasPrevious (13 bytes)
Event: 1.824 Thread 0x000001a8dca4e9f0 nmethod 1740 0x000001a8c9987b10 code [0x000001a8c9987ca0, 0x000001a8c9987e18]
Event: 1.824 Thread 0x000001a8dca4e9f0 1738       3       java.util.LinkedList::checkPositionIndex (22 bytes)
Event: 1.825 Thread 0x000001a8dca4e9f0 nmethod 1738 0x000001a8c9987e90 code [0x000001a8c99880e0, 0x000001a8c9988848]

GC Heap History (4 events):
Event: 1.000 GC heap before
{Heap before GC invocations=0 (full 0):
 garbage-first heap   total 65536K, used 12288K [0x00000000c1800000, 0x0000000100000000)
  region size 1024K, 13 young (13312K), 0 survivors (0K)
 Metaspace       used 12426K, committed 12736K, reserved 1064960K
  class space    used 1439K, committed 1600K, reserved 1048576K
}
Event: 1.007 GC heap after
{Heap after GC invocations=1 (full 0):
 garbage-first heap   total 65536K, used 3841K [0x00000000c1800000, 0x0000000100000000)
  region size 1024K, 2 young (2048K), 2 survivors (2048K)
 Metaspace       used 12426K, committed 12736K, reserved 1064960K
  class space    used 1439K, committed 1600K, reserved 1048576K
}
Event: 1.572 GC heap before
{Heap before GC invocations=1 (full 0):
 garbage-first heap   total 65536K, used 14081K [0x00000000c1800000, 0x0000000100000000)
  region size 1024K, 12 young (12288K), 2 survivors (2048K)
 Metaspace       used 18358K, committed 18560K, reserved 1073152K
  class space    used 2122K, committed 2240K, reserved 1048576K
}
Event: 1.580 GC heap after
{Heap after GC invocations=2 (full 0):
 garbage-first heap   total 65536K, used 6101K [0x00000000c1800000, 0x0000000100000000)
  region size 1024K, 2 young (2048K), 2 survivors (2048K)
 Metaspace       used 18358K, committed 18560K, reserved 1073152K
  class space    used 2122K, committed 2240K, reserved 1048576K
}

Deoptimization events (20 events):
Event: 1.444 Thread 0x000001a8dd89b020 Uncommon trap: trap_request=0xffffffc6 fr.pc=0x000001a8d0bf70b8 relative=0x0000000000000d18
Event: 1.444 Thread 0x000001a8dd89b020 Uncommon trap: reason=bimorphic_or_optimized_type_check action=maybe_recompile pc=0x000001a8d0bf70b8 method=java.util.regex.Pattern$Branch.match(Ljava/util/regex/Matcher;ILjava/lang/CharSequence;)Z @ 50 c2
Event: 1.444 Thread 0x000001a8dd89b020 DEOPT PACKING pc=0x000001a8d0bf70b8 sp=0x00000001676fd110
Event: 1.444 Thread 0x000001a8dd89b020 DEOPT UNPACKING pc=0x000001a8c90fd72e sp=0x00000001676fd130 mode 2
Event: 1.444 Thread 0x000001a8dd89b020 Uncommon trap: trap_request=0xffffffc6 fr.pc=0x000001a8d0bf70b8 relative=0x0000000000000d18
Event: 1.444 Thread 0x000001a8dd89b020 Uncommon trap: reason=bimorphic_or_optimized_type_check action=maybe_recompile pc=0x000001a8d0bf70b8 method=java.util.regex.Pattern$Branch.match(Ljava/util/regex/Matcher;ILjava/lang/CharSequence;)Z @ 50 c2
Event: 1.444 Thread 0x000001a8dd89b020 DEOPT PACKING pc=0x000001a8d0bf70b8 sp=0x00000001676fd110
Event: 1.444 Thread 0x000001a8dd89b020 DEOPT UNPACKING pc=0x000001a8c90fd72e sp=0x00000001676fd130 mode 2
Event: 1.469 Thread 0x000001a8dd89b020 Uncommon trap: trap_request=0xffffffde fr.pc=0x000001a8d0be6364 relative=0x00000000000009e4
Event: 1.469 Thread 0x000001a8dd89b020 Uncommon trap: reason=class_check action=maybe_recompile pc=0x000001a8d0be6364 method=java.util.HashMap.putVal(ILjava/lang/Object;Ljava/lang/Object;ZZ)Ljava/lang/Object; @ 253 c2
Event: 1.469 Thread 0x000001a8dd89b020 DEOPT PACKING pc=0x000001a8d0be6364 sp=0x00000001676fd6e0
Event: 1.469 Thread 0x000001a8dd89b020 DEOPT UNPACKING pc=0x000001a8c90fd72e sp=0x00000001676fd680 mode 2
Event: 1.470 Thread 0x000001a8dd89b020 Uncommon trap: trap_request=0xffffffde fr.pc=0x000001a8d0be6364 relative=0x00000000000009e4
Event: 1.470 Thread 0x000001a8dd89b020 Uncommon trap: reason=class_check action=maybe_recompile pc=0x000001a8d0be6364 method=java.util.HashMap.putVal(ILjava/lang/Object;Ljava/lang/Object;ZZ)Ljava/lang/Object; @ 253 c2
Event: 1.470 Thread 0x000001a8dd89b020 DEOPT PACKING pc=0x000001a8d0be6364 sp=0x00000001676fd6e0
Event: 1.470 Thread 0x000001a8dd89b020 DEOPT UNPACKING pc=0x000001a8c90fd72e sp=0x00000001676fd680 mode 2
Event: 1.660 Thread 0x000001a8dd89b020 Uncommon trap: trap_request=0xffffffde fr.pc=0x000001a8d0b9ed3c relative=0x000000000000019c
Event: 1.660 Thread 0x000001a8dd89b020 Uncommon trap: reason=class_check action=maybe_recompile pc=0x000001a8d0b9ed3c method=java.lang.String.equals(Ljava/lang/Object;)Z @ 8 c2
Event: 1.660 Thread 0x000001a8dd89b020 DEOPT PACKING pc=0x000001a8d0b9ed3c sp=0x00000001676fd6b0
Event: 1.660 Thread 0x000001a8dd89b020 DEOPT UNPACKING pc=0x000001a8c90fd72e sp=0x00000001676fd648 mode 2

Classes unloaded (0 events):
No events

Classes redefined (0 events):
No events

Internal exceptions (20 events):
Event: 0.350 Thread 0x000001a8c1929810 Exception <a 'java/lang/ClassNotFoundException'{0x00000000c535a5f0}: TreeCell> (0x00000000c535a5f0) 
thrown [t:\workspace\open\src\hotspot\share\classfile\systemDictionary.cpp, line 256]
Event: 0.351 Thread 0x000001a8c1929810 Exception <a 'java/lang/ClassNotFoundException'{0x00000000c535adb0}: RootPane> (0x00000000c535adb0) 
thrown [t:\workspace\open\src\hotspot\share\classfile\systemDictionary.cpp, line 256]
Event: 0.353 Thread 0x000001a8c1929810 Exception <a 'java/lang/ClassNotFoundException'{0x00000000c535dc00}: com/sun/swing/internal/plaf/metal/resources/spi/metalProvider> (0x00000000c535dc00) 
thrown [t:\workspace\open\src\hotspot\share\classfile\systemDictionary.cpp, line 256]
Event: 0.354 Thread 0x000001a8c1929810 Exception <a 'java/lang/ClassNotFoundException'{0x00000000c5361760}: com/sun/swing/internal/plaf/basic/resources/spi/basicProvider> (0x00000000c5361760) 
thrown [t:\workspace\open\src\hotspot\share\classfile\systemDictionary.cpp, line 256]
Event: 0.394 Thread 0x000001a8dd89b020 Exception <a 'java/lang/ClassNotFoundException'{0x00000000c53d50c8}: com/sun/swing/internal/plaf/synth/resources/spi/synthProvider> (0x00000000c53d50c8) 
thrown [t:\workspace\open\src\hotspot\share\classfile\systemDictionary.cpp, line 256]
Event: 0.536 Thread 0x000001a8dd89b020 Exception <a 'java/lang/NoSuchMethodError'{0x00000000c52aa2c8}: 'void java.lang.invoke.DirectMethodHandle$Holder.invokeStatic(java.lang.Object, java.lang.Object, java.lang.Object)'> (0x00000000c52aa2c8) 
thrown [t:\workspace\open\src\hotspot\share\interpreter\linkResolver.cpp, line 790]
Event: 0.537 Thread 0x000001a8dd89b020 Exception <a 'java/lang/NoSuchMethodError'{0x00000000c52b0ac8}: 'void java.lang.invoke.DirectMethodHandle$Holder.invokeStatic(java.lang.Object, java.lang.Object)'> (0x00000000c52b0ac8) 
thrown [t:\workspace\open\src\hotspot\share\interpreter\linkResolver.cpp, line 790]
Event: 0.593 Thread 0x000001a8dd7cf070 Exception <a 'java/lang/NoSuchMethodError'{0x00000000c55d7b90}: 'void java.lang.invoke.DirectMethodHandle$Holder.invokeVirtual(java.lang.Object, java.lang.Object)'> (0x00000000c55d7b90) 
thrown [t:\workspace\open\src\hotspot\share\interpreter\linkResolver.cpp, line 790]
Event: 0.611 Thread 0x000001a8dd89b020 Exception <a 'java/lang/NoSuchMethodError'{0x00000000c52faf90}: 'void java.lang.invoke.DirectMethodHandle$Holder.invokeStaticInit(java.lang.Object)'> (0x00000000c52faf90) 
thrown [t:\workspace\open\src\hotspot\share\interpreter\linkResolver.cpp, line 790]
Event: 0.754 Thread 0x000001a8dd89b020 Exception <a 'java/lang/NoSuchMethodError'{0x00000000c5094d28}: 'java.lang.Object java.lang.invoke.DirectMethodHandle$Holder.invokeInterface(java.lang.Object, java.lang.Object)'> (0x00000000c5094d28) 
thrown [t:\workspace\open\src\hotspot\share\interpreter\linkResolver.cpp, line 790]
Event: 0.798 Thread 0x000001a8dd89b020 Exception <a 'java/lang/NoSuchMethodError'{0x00000000c4f2da28}: 'java.lang.Object java.lang.invoke.DirectMethodHandle$Holder.invokeVirtual(java.lang.Object, java.lang.Object, java.lang.Object)'> (0x00000000c4f2da28) 
thrown [t:\workspace\open\src\hotspot\share\interpreter\linkResolver.cpp, line 790]
Event: 1.037 Thread 0x000001a8dd89b020 Exception <a 'java/lang/NoSuchMethodError'{0x00000000c5623ec8}: 'void java.lang.invoke.DirectMethodHandle$Holder.invokeStaticInit(java.lang.Object, java.lang.Object)'> (0x00000000c5623ec8) 
thrown [t:\workspace\open\src\hotspot\share\interpreter\linkResolver.cpp, line 790]
Event: 1.101 Thread 0x000001a8dd89b020 Exception <a 'sun/nio/fs/WindowsException'{0x00000000c55635c0}> (0x00000000c55635c0) 
thrown [t:\workspace\open\src\hotspot\share\prims\jni.cpp, line 579]
Event: 1.117 Thread 0x000001a8dd89b020 Exception <a 'java/lang/NoSuchMethodError'{0x00000000c558dc18}: 'int java.lang.invoke.DirectMethodHandle$Holder.invokeStaticInit(java.lang.Object, java.lang.Object, java.lang.Object, java.lang.Object)'> (0x00000000c558dc18) 
thrown [t:\workspace\open\src\hotspot\share\interpreter\linkResolver.cpp, line 790]
Event: 1.119 Thread 0x000001a8dd89b020 Exception <a 'java/lang/IncompatibleClassChangeError'{0x00000000c5597718}: Found class java.lang.Object, but interface was expected> (0x00000000c5597718) 
thrown [t:\workspace\open\src\hotspot\share\interpreter\linkResolver.cpp, line 857]
Event: 1.120 Thread 0x000001a8dd89b020 Exception <a 'java/lang/NoSuchMethodError'{0x00000000c559d458}: 'int java.lang.invoke.DirectMethodHandle$Holder.invokeStaticInit(java.lang.Object, java.lang.Object)'> (0x00000000c559d458) 
thrown [t:\workspace\open\src\hotspot\share\interpreter\linkResolver.cpp, line 790]
Event: 1.183 Thread 0x000001a8dd89b020 Exception <a 'java/lang/NoSuchMethodError'{0x00000000c53a7578}: 'java.lang.Object java.lang.invoke.DirectMethodHandle$Holder.invokeStaticInit(java.lang.Object, int, int, int, int)'> (0x00000000c53a7578) 
thrown [t:\workspace\open\src\hotspot\share\interpreter\linkResolver.cpp, line 790]
Event: 1.251 Thread 0x000001a8dd89b020 Exception <a 'java/lang/NoSuchMethodError'{0x00000000c52706a0}: 'java.lang.Object java.lang.invoke.DirectMethodHandle$Holder.invokeStaticInit(java.lang.Object, java.lang.Object, int, int, int, int)'> (0x00000000c52706a0) 
thrown [t:\workspace\open\src\hotspot\share\interpreter\linkResolver.cpp, line 790]
Event: 1.633 Thread 0x000001a8dd89b020 Exception <a 'java/io/IOException'{0x00000000c57b3b10}> (0x00000000c57b3b10) 
thrown [t:\workspace\open\src\hotspot\share\prims\jni.cpp, line 579]
Event: 1.775 Thread 0x000001a8dd89b020 Exception <a 'java/lang/NoSuchMethodError'{0x00000000c57bcc98}: 'int java.lang.invoke.DirectMethodHandle$Holder.invokeStatic(java.lang.Object)'> (0x00000000c57bcc98) 
thrown [t:\workspace\open\src\hotspot\share\interpreter\linkResolver.cpp, line 790]

Events (20 events):
Event: 1.812 loading class java/lang/StackTraceElement$HashedModules done
Event: 1.821 loading class java/awt/DefaultKeyboardFocusManager$DefaultKeyboardFocusManagerSentEvent
Event: 1.822 loading class java/awt/SentEvent
Event: 1.822 loading class java/awt/SentEvent done
Event: 1.822 loading class java/awt/DefaultKeyboardFocusManager$DefaultKeyboardFocusManagerSentEvent done
Event: 1.822 loading class sun/awt/WeakIdentityHashMap$WeakKey
Event: 1.822 loading class sun/awt/WeakIdentityHashMap$WeakKey done
Event: 1.823 loading class java/util/ArrayList$ListItr
Event: 1.823 loading class java/util/ArrayList$ListItr done
Event: 1.824 Executing  VM operation: HandshakeAllThreads
Event: 1.824 Executing  VM operation: HandshakeAllThreads done
Event: 1.824 loading class java/awt/event/FocusEvent$Cause
Event: 1.825 loading class java/awt/event/FocusEvent$Cause done
Event: 1.825 loading class sun/awt/KeyboardFocusManagerPeerImpl$KfmAccessor
Event: 1.825 loading class sun/awt/KeyboardFocusManagerPeerImpl$KfmAccessor done
Event: 1.825 loading class java/awt/KeyboardFocusManager$HeavyweightFocusRequest
Event: 1.826 loading class java/awt/KeyboardFocusManager$HeavyweightFocusRequest done
Event: 1.826 loading class java/awt/KeyboardFocusManager$LightweightFocusRequest
Event: 1.826 loading class java/awt/KeyboardFocusManager$LightweightFocusRequest done
Event: 1.827 loading class javax/swing/RepaintManager$3


Dynamic libraries:
0x00007ff64c610000 - 0x00007ff64c620000 	C:\Program Files\Java\jdk-16.0.2\bin\java.exe
0x00007ffb703b0000 - 0x00007ffb705a5000 	C:\WINDOWS\SYSTEM32\ntdll.dll
0x00007ffb6fec0000 - 0x00007ffb6ff7e000 	C:\WINDOWS\System32\KERNEL32.DLL
0x00007ffb6e130000 - 0x00007ffb6e3f9000 	C:\WINDOWS\System32\KERNELBASE.dll
0x00007ffb6dd10000 - 0x00007ffb6de10000 	C:\WINDOWS\System32\ucrtbase.dll
0x00007ffb65d10000 - 0x00007ffb65d28000 	C:\Program Files\Java\jdk-16.0.2\bin\jli.dll
0x00007ffb66d10000 - 0x00007ffb66d29000 	C:\Program Files\Java\jdk-16.0.2\bin\VCRUNTIME140.dll
0x00007ffb6e7d0000 - 0x00007ffb6e87c000 	C:\WINDOWS\System32\ADVAPI32.dll
0x00007ffb6f760000 - 0x00007ffb6f7fe000 	C:\WINDOWS\System32\msvcrt.dll
0x00007ffb6ea70000 - 0x00007ffb6eb0b000 	C:\WINDOWS\System32\sechost.dll
0x00007ffb6ee60000 - 0x00007ffb6ef8a000 	C:\WINDOWS\System32\RPCRT4.dll
0x00007ffb6e620000 - 0x00007ffb6e7c1000 	C:\WINDOWS\System32\USER32.dll
0x00007ffb52f50000 - 0x00007ffb531ea000 	C:\WINDOWS\WinSxS\amd64_microsoft.windows.common-controls_6595b64144ccf1df_6.0.19041.1110_none_60b5254171f9507e\COMCTL32.dll
0x00007ffb6dec0000 - 0x00007ffb6dee2000 	C:\WINDOWS\System32\win32u.dll
0x00007ffb6f6d0000 - 0x00007ffb6f6fb000 	C:\WINDOWS\System32\GDI32.dll
0x00007ffb6dad0000 - 0x00007ffb6dbdb000 	C:\WINDOWS\System32\gdi32full.dll
0x00007ffb6dbe0000 - 0x00007ffb6dc7d000 	C:\WINDOWS\System32\msvcp_win.dll
0x00007ffb62e60000 - 0x00007ffb62e6a000 	C:\WINDOWS\SYSTEM32\VERSION.dll
0x00007ffb6f8e0000 - 0x00007ffb6f910000 	C:\WINDOWS\System32\IMM32.DLL
0x00007ffb66e00000 - 0x00007ffb66e0c000 	C:\Program Files\Java\jdk-16.0.2\bin\vcruntime140_1.dll
0x00007ffb58770000 - 0x00007ffb58801000 	C:\Program Files\Java\jdk-16.0.2\bin\msvcp140.dll
0x00007ffb439c0000 - 0x00007ffb4456b000 	C:\Program Files\Java\jdk-16.0.2\bin\server\jvm.dll
0x00007ffb6e590000 - 0x00007ffb6e598000 	C:\WINDOWS\System32\PSAPI.DLL
0x00007ffb55140000 - 0x00007ffb55167000 	C:\WINDOWS\SYSTEM32\WINMM.dll
0x00007ffb67910000 - 0x00007ffb67919000 	C:\WINDOWS\SYSTEM32\WSOCK32.dll
0x00007ffb6e9e0000 - 0x00007ffb6ea4b000 	C:\WINDOWS\System32\WS2_32.dll
0x00007ffb6ba60000 - 0x00007ffb6ba72000 	C:\WINDOWS\SYSTEM32\kernel.appcore.dll
0x00007ffb66d00000 - 0x00007ffb66d0a000 	C:\Program Files\Java\jdk-16.0.2\bin\jimage.dll
0x00007ffb67a20000 - 0x00007ffb67c04000 	C:\WINDOWS\SYSTEM32\DBGHELP.DLL
0x00007ffb54820000 - 0x00007ffb5484c000 	C:\WINDOWS\SYSTEM32\dbgcore.DLL
0x00007ffb6df40000 - 0x00007ffb6dfc3000 	C:\WINDOWS\System32\bcryptPrimitives.dll
0x00007ffb65cb0000 - 0x00007ffb65cd5000 	C:\Program Files\Java\jdk-16.0.2\bin\java.dll
0x00007ffb6ef90000 - 0x00007ffb6f6cf000 	C:\WINDOWS\System32\SHELL32.dll
0x00007ffb6bbd0000 - 0x00007ffb6c360000 	C:\WINDOWS\SYSTEM32\windows.storage.dll
0x00007ffb70010000 - 0x00007ffb70365000 	C:\WINDOWS\System32\combase.dll
0x00007ffb6d450000 - 0x00007ffb6d47c000 	C:\WINDOWS\SYSTEM32\Wldp.dll
0x00007ffb6e930000 - 0x00007ffb6e9dd000 	C:\WINDOWS\System32\SHCORE.dll
0x00007ffb6e530000 - 0x00007ffb6e585000 	C:\WINDOWS\System32\shlwapi.dll
0x00007ffb6da10000 - 0x00007ffb6da2f000 	C:\WINDOWS\SYSTEM32\profapi.dll
0x00007ffb65c90000 - 0x00007ffb65ca9000 	C:\Program Files\Java\jdk-16.0.2\bin\net.dll
0x00007ffb610b0000 - 0x00007ffb611b8000 	C:\WINDOWS\SYSTEM32\WINHTTP.dll
0x00007ffb6d1b0000 - 0x00007ffb6d21a000 	C:\WINDOWS\system32\mswsock.dll
0x00007ffb65c70000 - 0x00007ffb65c83000 	C:\Program Files\Java\jdk-16.0.2\bin\nio.dll
0x00007ffb65c50000 - 0x00007ffb65c68000 	C:\Program Files\Java\jdk-16.0.2\bin\zip.dll
0x00007ffb58810000 - 0x00007ffb58990000 	C:\Program Files\Java\jdk-16.0.2\bin\awt.dll
0x00007ffb6e400000 - 0x00007ffb6e4cd000 	C:\WINDOWS\System32\OLEAUT32.dll
0x00007ffb682b0000 - 0x00007ffb68340000 	C:\WINDOWS\SYSTEM32\apphelp.dll
0x00007ffb68490000 - 0x00007ffb6852e000 	C:\WINDOWS\system32\uxtheme.dll
0x00007ffb6f910000 - 0x00007ffb6fa25000 	C:\WINDOWS\System32\MSCTF.dll
0x00007ffb6ed30000 - 0x00007ffb6ee5a000 	C:\WINDOWS\System32\ole32.dll
0x00007ffb6b7c0000 - 0x00007ffb6b7ef000 	C:\WINDOWS\system32\DWMAPI.DLL
0x00007ffb628f0000 - 0x00007ffb62979000 	C:\Program Files\Java\jdk-16.0.2\bin\freetype.dll
0x00007ffb57d90000 - 0x00007ffb57e86000 	C:\Program Files\Java\jdk-16.0.2\bin\harfbuzz.dll
0x00007ffb65c30000 - 0x00007ffb65c42000 	C:\Program Files\Java\jdk-16.0.2\bin\fontmanager.dll
0x00007ffb58060000 - 0x00007ffb58185000 	C:\WINDOWS\system32\opengl32.dll
0x00007ffb61fe0000 - 0x00007ffb6200c000 	C:\WINDOWS\SYSTEM32\GLU32.dll
0x00007ffb6e880000 - 0x00007ffb6e929000 	C:\WINDOWS\System32\clbcatq.dll
0x00007ffb5d6d0000 - 0x00007ffb5d884000 	C:\WINDOWS\SYSTEM32\WindowsCodecs.dll
0x00007ffb6dce0000 - 0x00007ffb6dd07000 	C:\WINDOWS\System32\bcrypt.dll
0x00007ffb52a30000 - 0x00007ffb52a6e000 	C:\WINDOWS\system32\dataexchange.dll
0x00007ffb63940000 - 0x00007ffb63ba4000 	C:\WINDOWS\system32\d3d11.dll
0x00007ffb64c10000 - 0x00007ffb64df5000 	C:\WINDOWS\system32\dcomp.dll
0x00007ffb6c3c0000 - 0x00007ffb6c4b4000 	C:\WINDOWS\system32\dxgi.dll
0x00007ffb64ec0000 - 0x00007ffb650c1000 	C:\WINDOWS\system32\twinapi.appcore.dll
0x00007ffb6cee0000 - 0x00007ffb6cfac000 	C:\WINDOWS\SYSTEM32\DNSAPI.dll
0x00007ffb6cea0000 - 0x00007ffb6cedb000 	C:\WINDOWS\SYSTEM32\IPHLPAPI.DLL
0x00007ffb6fa30000 - 0x00007ffb6fa38000 	C:\WINDOWS\System32\NSI.dll
0x00007ffb60c90000 - 0x00007ffb60c9a000 	C:\Windows\System32\rasadhlp.dll
0x00007ffb5d960000 - 0x00007ffb5d9df000 	C:\WINDOWS\System32\fwpuclnt.dll
0x00007ffb58710000 - 0x00007ffb5871e000 	C:\Program Files\Java\jdk-16.0.2\bin\sunmscapi.dll
0x00007ffb6dfd0000 - 0x00007ffb6e126000 	C:\WINDOWS\System32\CRYPT32.dll
0x00007ffb6d4c0000 - 0x00007ffb6d4e7000 	C:\WINDOWS\SYSTEM32\ncrypt.dll
0x00007ffb6d480000 - 0x00007ffb6d4bb000 	C:\WINDOWS\SYSTEM32\NTASN1.dll
0x00007ffb6d3a0000 - 0x00007ffb6d3b8000 	C:\WINDOWS\SYSTEM32\CRYPTSP.dll
0x00007ffb6cb30000 - 0x00007ffb6cb64000 	C:\WINDOWS\system32\rsaenh.dll
0x00007ffb6d990000 - 0x00007ffb6d9be000 	C:\WINDOWS\SYSTEM32\USERENV.dll
0x00007ffb6d3c0000 - 0x00007ffb6d3cc000 	C:\WINDOWS\SYSTEM32\CRYPTBASE.dll
0x00007ffb60f00000 - 0x00007ffb60f17000 	C:\WINDOWS\SYSTEM32\dhcpcsvc6.DLL
0x00007ffb61020000 - 0x00007ffb6103d000 	C:\WINDOWS\SYSTEM32\dhcpcsvc.DLL

dbghelp: loaded successfully - version: 4.0.5 - missing functions: none
symbol engine: initialized successfully - sym options: 0x614 - pdb path: .;C:\Program Files\Java\jdk-16.0.2\bin;C:\WINDOWS\SYSTEM32;C:\WINDOWS\WinSxS\amd64_microsoft.windows.common-controls_6595b64144ccf1df_6.0.19041.1110_none_60b5254171f9507e;C:\Program Files\Java\jdk-16.0.2\bin\server

VM Arguments:
java_command: view.services.TableSuppliers
java_class_path (initial): C:\Users\dell\Documents\NetBeansProjects\projetoGit\projetoN2\target\classes;C:\Users\dell\.m2\repository\mysql\mysql-connector-java\8.0.26\mysql-connector-java-8.0.26.jar;C:\Users\dell\.m2\repository\com\google\protobuf\protobuf-java\3.11.4\protobuf-java-3.11.4.jar;C:\Users\dell\.m2\repository\org\projectlombok\lombok\1.18.20\lombok-1.18.20.jar
Launcher Type: SUN_STANDARD

[Global flags]
     intx CICompilerCount                          = 3                                         {product} {ergonomic}
     uint ConcGCThreads                            = 1                                         {product} {ergonomic}
     uint G1ConcRefinementThreads                  = 4                                         {product} {ergonomic}
   size_t G1HeapRegionSize                         = 1048576                                   {product} {ergonomic}
    uintx GCDrainStackTargetSize                   = 64                                        {product} {ergonomic}
   size_t InitialHeapSize                          = 67108864                                  {product} {ergonomic}
   size_t MarkStackSize                            = 4194304                                   {product} {ergonomic}
   size_t MaxHeapSize                              = 1048576000                                {product} {ergonomic}
   size_t MaxNewSize                               = 629145600                                 {product} {ergonomic}
   size_t MinHeapDeltaBytes                        = 1048576                                   {product} {ergonomic}
   size_t MinHeapSize                              = 8388608                                   {product} {ergonomic}
    uintx NonNMethodCodeHeapSize                   = 5832780                                {pd product} {ergonomic}
    uintx NonProfiledCodeHeapSize                  = 122912730                              {pd product} {ergonomic}
    uintx ProfiledCodeHeapSize                     = 122912730                              {pd product} {ergonomic}
    uintx ReservedCodeCacheSize                    = 251658240                              {pd product} {ergonomic}
     bool SegmentedCodeCache                       = true                                      {product} {ergonomic}
   size_t SoftMaxHeapSize                          = 1048576000                             {manageable} {ergonomic}
     bool UseCompressedClassPointers               = true                           {product lp64_product} {ergonomic}
     bool UseCompressedOops                        = true                           {product lp64_product} {ergonomic}
     bool UseG1GC                                  = true                                      {product} {ergonomic}
     bool UseLargePagesIndividualAllocation        = false                                  {pd product} {ergonomic}

Logging:
Log output configuration:
 #0: stdout all=warning uptime,level,tags
 #1: stderr all=off uptime,level,tags

Environment Variables:
JAVA_HOME=C:\Program Files\Java\jdk-16.0.2
PATH=C:\Program Files\Common Files\Oracle\Java\javapath;C:\Program Files (x86)\Common Files\Oracle\Java\javapath;C:\Program Files\AdoptOpenJDK\jdk-14.0.2.12-hotspot\bin;C:\WINDOWS\system32;C:\WINDOWS;C:\WINDOWS\System32\Wbem;C:\WINDOWS\System32\WindowsPowerShell\v1.0\;C:\WINDOWS\System32\OpenSSH\;C:\Program Files\nodejs\;C:\Program Files (x86)\Intel\Intel(R) Management Engine Components\DAL;C:\Program Files\Intel\Intel(R) Management Engine Components\DAL;C:\MinGW\bin;C:\Program Files\Java\jdk-15.0.2\bin;C:\Program Files\Git\cmd;C:\Program Files\Apache\maven\apache-maven-3.8.3\bin;C:\Program Files\MySQL\MySQL Shell 8.0\bin\;C:\Users\dell\AppData\Local\Microsoft\WindowsApps;C:\Users\dell\AppData\Roaming\npm;C:\MinGW\bin;;C:\Program Files\JetBrains\IntelliJ IDEA Community Edition 2021.2\bin;;C:\Users\dell\AppData\Local\Programs\mongosh\
USERNAME=dell
OS=Windows_NT
PROCESSOR_IDENTIFIER=Intel64 Family 6 Model 142 Stepping 9, GenuineIntel



---------------  S Y S T E M  ---------------

OS:
 Windows 10 , 64 bit Build 19041 (10.0.19041.1202)
OS uptime: 0 days 4:22 hours

CPU: total 4 (initial active 4) (2 cores per cpu, 2 threads per core) family 6 model 142 stepping 9 microcode 0xea, cx8, cmov, fxsr, ht, mmx, 3dnowpref, sse, sse2, sse3, ssse3, sse4.1, sse4.2, popcnt, lzcnt, tsc, tscinvbit, avx, avx2, aes, erms, clmul, bmi1, bmi2, adx, fma, vzeroupper, clflush, clflushopt

Memory: 4k page, system-wide physical 3996M (614M free)
TotalPageFile size 5391M (AvailPageFile size 176M)
current process WorkingSet (physical memory assigned to process): 98M, peak: 98M
current process commit charge ("private bytes"): 173M, peak: 173M

vm_info: Java HotSpot(TM) 64-Bit Server VM (16.0.2+7-67) for windows-amd64 JRE (16.0.2+7-67), built on Jun  8 2021 23:24:19 by "mach5one" with MS VC++ 16.7 (VS2019)

END.
