#
# There is insufficient memory for the Java Runtime Environment to continue.
# Native memory allocation (malloc) failed to allocate 32744 bytes for ChunkPool::allocate
# Possible reasons:
#   The system is out of physical RAM or swap space
#   The process is running with CompressedOops enabled, and the Java Heap may be blocking the growth of the native heap
# Possible solutions:
#   Reduce memory load on the system
#   Increase physical memory or swap space
#   Check if swap backing store is full
#   Decrease Java heap size (-Xmx/-Xms)
#   Decrease number of Java threads
#   Decrease Java thread stack sizes (-Xss)
#   Set larger code cache with -XX:ReservedCodeCacheSize=
#   JVM is running with Unscaled Compressed Oops mode in which the Java heap is
#     placed in the first 4GB address space. The Java Heap base address is the
#     maximum limit for the native heap growth. Please use -XX:HeapBaseMinAddress
#     to set the Java Heap base and to place the Java Heap above 4GB virtual address.
# This output file may be truncated or incomplete.
#
#  Out of Memory Error (arena.cpp:79), pid=5068, tid=1484
#
# JRE version: Java(TM) SE Runtime Environment (16.0.2+7) (build 16.0.2+7-67)
# Java VM: Java HotSpot(TM) 64-Bit Server VM (16.0.2+7-67, mixed mode, tiered, compressed oops, compressed class ptrs, g1 gc, windows-amd64)
# No core dump will be written. Minidumps are not enabled by default on client versions of Windows
#

---------------  S U M M A R Y ------------

Command Line: scr.MainClass

Host: Intel(R) Core(TM) i3-7020U CPU @ 2.30GHz, 4 cores, 3G,  Windows 10 , 64 bit Build 19041 (10.0.19041.1202)
Time: Thu Oct 21 16:54:18 2021 Hora oficial do Brasil elapsed time: 0.288456 seconds (0d 0h 0m 0s)

---------------  T H R E A D  ---------------

Current thread (0x000001e0021c0000):  JavaThread "C1 CompilerThread0" daemon [_thread_in_vm, id=1484, stack(0x000000bfc5800000,0x000000bfc5900000)]

Stack: [0x000000bfc5800000,0x000000bfc5900000]
Native frames: (J=compiled Java code, j=interpreted, Vv=VM code, C=native code)
V  [jvm.dll+0x6681ca]
V  [jvm.dll+0x7c9e69]
V  [jvm.dll+0x7cb61e]
V  [jvm.dll+0x7cbc73]
V  [jvm.dll+0x242c55]
V  [jvm.dll+0xae10f]
V  [jvm.dll+0xae45c]
V  [jvm.dll+0x1d351b]
V  [jvm.dll+0x1bff2e]
V  [jvm.dll+0x223eda]
V  [jvm.dll+0x22305a]
V  [jvm.dll+0x77fa62]
V  [jvm.dll+0x7795aa]
V  [jvm.dll+0x667066]
C  [ucrtbase.dll+0x21bb2]
C  [KERNEL32.DLL+0x17034]
C  [ntdll.dll+0x52651]


---------------  P R O C E S S  ---------------

Threads class SMR info:
_java_thread_list=0x000001e00215e9b0, length=10, elements={
0x000001e0668f9c00, 0x000001e002175260, 0x000001e002176030, 0x000001e00219c490,
0x000001e00219dfb0, 0x000001e0021b2010, 0x000001e0021b2a10, 0x000001e0021bed00,
0x000001e0021c0000, 0x000001e0021d4a40
}

Java Threads: ( => current thread )
  0x000001e0668f9c00 JavaThread "main" [_thread_in_vm, id=9392, stack(0x000000bfc4a00000,0x000000bfc4b00000)]
  0x000001e002175260 JavaThread "Reference Handler" daemon [_thread_blocked, id=8552, stack(0x000000bfc5100000,0x000000bfc5200000)]
  0x000001e002176030 JavaThread "Finalizer" daemon [_thread_blocked, id=7868, stack(0x000000bfc5200000,0x000000bfc5300000)]
  0x000001e00219c490 JavaThread "Signal Dispatcher" daemon [_thread_blocked, id=5204, stack(0x000000bfc5300000,0x000000bfc5400000)]
  0x000001e00219dfb0 JavaThread "Attach Listener" daemon [_thread_blocked, id=6916, stack(0x000000bfc5400000,0x000000bfc5500000)]
  0x000001e0021b2010 JavaThread "Service Thread" daemon [_thread_blocked, id=6476, stack(0x000000bfc5500000,0x000000bfc5600000)]
  0x000001e0021b2a10 JavaThread "Monitor Deflation Thread" daemon [_thread_blocked, id=5768, stack(0x000000bfc5600000,0x000000bfc5700000)]
  0x000001e0021bed00 JavaThread "C2 CompilerThread0" daemon [_thread_blocked, id=3272, stack(0x000000bfc5700000,0x000000bfc5800000)]
=>0x000001e0021c0000 JavaThread "C1 CompilerThread0" daemon [_thread_in_vm, id=1484, stack(0x000000bfc5800000,0x000000bfc5900000)]
  0x000001e0021d4a40 JavaThread "Sweeper thread" daemon [_thread_blocked, id=9548, stack(0x000000bfc5900000,0x000000bfc5a00000)]

Other Threads:
  0x000001e002155650 VMThread "VM Thread" [stack: 0x000000bfc5000000,0x000000bfc5100000] [id=5444]
  0x000001e06692a0d0 GCTaskThread "GC Thread#0" [stack: 0x000000bfc4b00000,0x000000bfc4c00000] [id=9904]
  0x000001e066933ea0 ConcurrentGCThread "G1 Main Marker" [stack: 0x000000bfc4c00000,0x000000bfc4d00000] [id=9620]
  0x000001e066934910 ConcurrentGCThread "G1 Conc#0" [stack: 0x000000bfc4d00000,0x000000bfc4e00000] [id=2516]
  0x000001e0669892d0 ConcurrentGCThread "G1 Refine#0" [stack: 0x000000bfc4e00000,0x000000bfc4f00000] [id=2320]
  0x000001e066989d50 ConcurrentGCThread "G1 Service" [stack: 0x000000bfc4f00000,0x000000bfc5000000] [id=8472]

Threads with active compile tasks:

VM state: not at safepoint (normal execution)

VM Mutex/Monitor currently owned by a thread: None

Heap address: 0x00000000c1800000, size: 1000 MB, Compressed Oops mode: 32-bit

CDS disabled.
Compressed class space mapped at: 0x0000000100000000-0x0000000140000000, reserved size: 1073741824
Narrow klass base: 0x0000000000000000, Narrow klass shift: 3, Narrow klass range: 0x140000000

GC Precious Log:
 CPUs: 4 total, 4 available
 Memory: 3996M
 Large Page Support: Disabled
 NUMA Support: Disabled
 Compressed Oops: Enabled (32-bit)
 Heap Region Size: 1M
 Heap Min Capacity: 8M
 Heap Initial Capacity: 64M
 Heap Max Capacity: 1000M
 Pre-touch: Disabled
 Parallel Workers: 4
 Concurrent Workers: 1
 Concurrent Refinement Workers: 4
 Periodic GC: Disabled

Heap:
 garbage-first heap   total 65536K, used 0K [0x00000000c1800000, 0x0000000100000000)
  region size 1024K, 1 young (1024K), 0 survivors (0K)
 Metaspace       used 2624K, committed 2688K, reserved 1056768K
  class space    used 202K, committed 256K, reserved 1048576K

Heap Regions: E=young(eden), S=young(survivor), O=old, HS=humongous(starts), HC=humongous(continues), CS=collection set, F=free, OA=open archive, CA=closed archive, TAMS=top-at-mark-start (previous, next)
|   0|0x00000000c1800000, 0x00000000c1800000, 0x00000000c1900000|  0%| F|  |TAMS 0x00000000c1800000, 0x00000000c1800000| Untracked 
|   1|0x00000000c1900000, 0x00000000c1900000, 0x00000000c1a00000|  0%| F|  |TAMS 0x00000000c1900000, 0x00000000c1900000| Untracked 
|   2|0x00000000c1a00000, 0x00000000c1a00000, 0x00000000c1b00000|  0%| F|  |TAMS 0x00000000c1a00000, 0x00000000c1a00000| Untracked 
|   3|0x00000000c1b00000, 0x00000000c1b00000, 0x00000000c1c00000|  0%| F|  |TAMS 0x00000000c1b00000, 0x00000000c1b00000| Untracked 
|   4|0x00000000c1c00000, 0x00000000c1c00000, 0x00000000c1d00000|  0%| F|  |TAMS 0x00000000c1c00000, 0x00000000c1c00000| Untracked 
|   5|0x00000000c1d00000, 0x00000000c1d00000, 0x00000000c1e00000|  0%| F|  |TAMS 0x00000000c1d00000, 0x00000000c1d00000| Untracked 
|   6|0x00000000c1e00000, 0x00000000c1e00000, 0x00000000c1f00000|  0%| F|  |TAMS 0x00000000c1e00000, 0x00000000c1e00000| Untracked 
|   7|0x00000000c1f00000, 0x00000000c1f00000, 0x00000000c2000000|  0%| F|  |TAMS 0x00000000c1f00000, 0x00000000c1f00000| Untracked 
|   8|0x00000000c2000000, 0x00000000c2000000, 0x00000000c2100000|  0%| F|  |TAMS 0x00000000c2000000, 0x00000000c2000000| Untracked 
|   9|0x00000000c2100000, 0x00000000c2100000, 0x00000000c2200000|  0%| F|  |TAMS 0x00000000c2100000, 0x00000000c2100000| Untracked 
|  10|0x00000000c2200000, 0x00000000c2200000, 0x00000000c2300000|  0%| F|  |TAMS 0x00000000c2200000, 0x00000000c2200000| Untracked 
|  11|0x00000000c2300000, 0x00000000c2300000, 0x00000000c2400000|  0%| F|  |TAMS 0x00000000c2300000, 0x00000000c2300000| Untracked 
|  12|0x00000000c2400000, 0x00000000c2400000, 0x00000000c2500000|  0%| F|  |TAMS 0x00000000c2400000, 0x00000000c2400000| Untracked 
|  13|0x00000000c2500000, 0x00000000c2500000, 0x00000000c2600000|  0%| F|  |TAMS 0x00000000c2500000, 0x00000000c2500000| Untracked 
|  14|0x00000000c2600000, 0x00000000c2600000, 0x00000000c2700000|  0%| F|  |TAMS 0x00000000c2600000, 0x00000000c2600000| Untracked 
|  15|0x00000000c2700000, 0x00000000c2700000, 0x00000000c2800000|  0%| F|  |TAMS 0x00000000c2700000, 0x00000000c2700000| Untracked 
|  16|0x00000000c2800000, 0x00000000c2800000, 0x00000000c2900000|  0%| F|  |TAMS 0x00000000c2800000, 0x00000000c2800000| Untracked 
|  17|0x00000000c2900000, 0x00000000c2900000, 0x00000000c2a00000|  0%| F|  |TAMS 0x00000000c2900000, 0x00000000c2900000| Untracked 
|  18|0x00000000c2a00000, 0x00000000c2a00000, 0x00000000c2b00000|  0%| F|  |TAMS 0x00000000c2a00000, 0x00000000c2a00000| Untracked 
|  19|0x00000000c2b00000, 0x00000000c2b00000, 0x00000000c2c00000|  0%| F|  |TAMS 0x00000000c2b00000, 0x00000000c2b00000| Untracked 
|  20|0x00000000c2c00000, 0x00000000c2c00000, 0x00000000c2d00000|  0%| F|  |TAMS 0x00000000c2c00000, 0x00000000c2c00000| Untracked 
|  21|0x00000000c2d00000, 0x00000000c2d00000, 0x00000000c2e00000|  0%| F|  |TAMS 0x00000000c2d00000, 0x00000000c2d00000| Untracked 
|  22|0x00000000c2e00000, 0x00000000c2e00000, 0x00000000c2f00000|  0%| F|  |TAMS 0x00000000c2e00000, 0x00000000c2e00000| Untracked 
|  23|0x00000000c2f00000, 0x00000000c2f00000, 0x00000000c3000000|  0%| F|  |TAMS 0x00000000c2f00000, 0x00000000c2f00000| Untracked 
|  24|0x00000000c3000000, 0x00000000c3000000, 0x00000000c3100000|  0%| F|  |TAMS 0x00000000c3000000, 0x00000000c3000000| Untracked 
|  25|0x00000000c3100000, 0x00000000c3100000, 0x00000000c3200000|  0%| F|  |TAMS 0x00000000c3100000, 0x00000000c3100000| Untracked 
|  26|0x00000000c3200000, 0x00000000c3200000, 0x00000000c3300000|  0%| F|  |TAMS 0x00000000c3200000, 0x00000000c3200000| Untracked 
|  27|0x00000000c3300000, 0x00000000c3300000, 0x00000000c3400000|  0%| F|  |TAMS 0x00000000c3300000, 0x00000000c3300000| Untracked 
|  28|0x00000000c3400000, 0x00000000c3400000, 0x00000000c3500000|  0%| F|  |TAMS 0x00000000c3400000, 0x00000000c3400000| Untracked 
|  29|0x00000000c3500000, 0x00000000c3500000, 0x00000000c3600000|  0%| F|  |TAMS 0x00000000c3500000, 0x00000000c3500000| Untracked 
|  30|0x00000000c3600000, 0x00000000c3600000, 0x00000000c3700000|  0%| F|  |TAMS 0x00000000c3600000, 0x00000000c3600000| Untracked 
|  31|0x00000000c3700000, 0x00000000c3700000, 0x00000000c3800000|  0%| F|  |TAMS 0x00000000c3700000, 0x00000000c3700000| Untracked 
|  32|0x00000000c3800000, 0x00000000c3800000, 0x00000000c3900000|  0%| F|  |TAMS 0x00000000c3800000, 0x00000000c3800000| Untracked 
|  33|0x00000000c3900000, 0x00000000c3900000, 0x00000000c3a00000|  0%| F|  |TAMS 0x00000000c3900000, 0x00000000c3900000| Untracked 
|  34|0x00000000c3a00000, 0x00000000c3a00000, 0x00000000c3b00000|  0%| F|  |TAMS 0x00000000c3a00000, 0x00000000c3a00000| Untracked 
|  35|0x00000000c3b00000, 0x00000000c3b00000, 0x00000000c3c00000|  0%| F|  |TAMS 0x00000000c3b00000, 0x00000000c3b00000| Untracked 
|  36|0x00000000c3c00000, 0x00000000c3c00000, 0x00000000c3d00000|  0%| F|  |TAMS 0x00000000c3c00000, 0x00000000c3c00000| Untracked 
|  37|0x00000000c3d00000, 0x00000000c3d00000, 0x00000000c3e00000|  0%| F|  |TAMS 0x00000000c3d00000, 0x00000000c3d00000| Untracked 
|  38|0x00000000c3e00000, 0x00000000c3e00000, 0x00000000c3f00000|  0%| F|  |TAMS 0x00000000c3e00000, 0x00000000c3e00000| Untracked 
|  39|0x00000000c3f00000, 0x00000000c3f00000, 0x00000000c4000000|  0%| F|  |TAMS 0x00000000c3f00000, 0x00000000c3f00000| Untracked 
|  40|0x00000000c4000000, 0x00000000c4000000, 0x00000000c4100000|  0%| F|  |TAMS 0x00000000c4000000, 0x00000000c4000000| Untracked 
|  41|0x00000000c4100000, 0x00000000c4100000, 0x00000000c4200000|  0%| F|  |TAMS 0x00000000c4100000, 0x00000000c4100000| Untracked 
|  42|0x00000000c4200000, 0x00000000c4200000, 0x00000000c4300000|  0%| F|  |TAMS 0x00000000c4200000, 0x00000000c4200000| Untracked 
|  43|0x00000000c4300000, 0x00000000c4300000, 0x00000000c4400000|  0%| F|  |TAMS 0x00000000c4300000, 0x00000000c4300000| Untracked 
|  44|0x00000000c4400000, 0x00000000c4400000, 0x00000000c4500000|  0%| F|  |TAMS 0x00000000c4400000, 0x00000000c4400000| Untracked 
|  45|0x00000000c4500000, 0x00000000c4500000, 0x00000000c4600000|  0%| F|  |TAMS 0x00000000c4500000, 0x00000000c4500000| Untracked 
|  46|0x00000000c4600000, 0x00000000c4600000, 0x00000000c4700000|  0%| F|  |TAMS 0x00000000c4600000, 0x00000000c4600000| Untracked 
|  47|0x00000000c4700000, 0x00000000c4700000, 0x00000000c4800000|  0%| F|  |TAMS 0x00000000c4700000, 0x00000000c4700000| Untracked 
|  48|0x00000000c4800000, 0x00000000c4800000, 0x00000000c4900000|  0%| F|  |TAMS 0x00000000c4800000, 0x00000000c4800000| Untracked 
|  49|0x00000000c4900000, 0x00000000c4900000, 0x00000000c4a00000|  0%| F|  |TAMS 0x00000000c4900000, 0x00000000c4900000| Untracked 
|  50|0x00000000c4a00000, 0x00000000c4a00000, 0x00000000c4b00000|  0%| F|  |TAMS 0x00000000c4a00000, 0x00000000c4a00000| Untracked 
|  51|0x00000000c4b00000, 0x00000000c4b00000, 0x00000000c4c00000|  0%| F|  |TAMS 0x00000000c4b00000, 0x00000000c4b00000| Untracked 
|  52|0x00000000c4c00000, 0x00000000c4c00000, 0x00000000c4d00000|  0%| F|  |TAMS 0x00000000c4c00000, 0x00000000c4c00000| Untracked 
|  53|0x00000000c4d00000, 0x00000000c4d00000, 0x00000000c4e00000|  0%| F|  |TAMS 0x00000000c4d00000, 0x00000000c4d00000| Untracked 
|  54|0x00000000c4e00000, 0x00000000c4e00000, 0x00000000c4f00000|  0%| F|  |TAMS 0x00000000c4e00000, 0x00000000c4e00000| Untracked 
|  55|0x00000000c4f00000, 0x00000000c4f00000, 0x00000000c5000000|  0%| F|  |TAMS 0x00000000c4f00000, 0x00000000c4f00000| Untracked 
|  56|0x00000000c5000000, 0x00000000c5000000, 0x00000000c5100000|  0%| F|  |TAMS 0x00000000c5000000, 0x00000000c5000000| Untracked 
|  57|0x00000000c5100000, 0x00000000c5100000, 0x00000000c5200000|  0%| F|  |TAMS 0x00000000c5100000, 0x00000000c5100000| Untracked 
|  58|0x00000000c5200000, 0x00000000c5200000, 0x00000000c5300000|  0%| F|  |TAMS 0x00000000c5200000, 0x00000000c5200000| Untracked 
|  59|0x00000000c5300000, 0x00000000c5300000, 0x00000000c5400000|  0%| F|  |TAMS 0x00000000c5300000, 0x00000000c5300000| Untracked 
|  60|0x00000000c5400000, 0x00000000c5400000, 0x00000000c5500000|  0%| F|  |TAMS 0x00000000c5400000, 0x00000000c5400000| Untracked 
|  61|0x00000000c5500000, 0x00000000c5500000, 0x00000000c5600000|  0%| F|  |TAMS 0x00000000c5500000, 0x00000000c5500000| Untracked 
|  62|0x00000000c5600000, 0x00000000c5600000, 0x00000000c5700000|  0%| F|  |TAMS 0x00000000c5600000, 0x00000000c5600000| Untracked 
|  63|0x00000000c5700000, 0x00000000c57852b8, 0x00000000c5800000| 52%| E|  |TAMS 0x00000000c5700000, 0x00000000c5700000| Complete 

Card table byte_map: [0x000001e07d280000,0x000001e07d480000] _byte_map_base: 0x000001e07cc74000

Marking Bits (Prev, Next): (CMBitMap*) 0x000001e06692a7c0, (CMBitMap*) 0x000001e06692a800
 Prev Bits: [0x000001e07d680000, 0x000001e07e620000)
 Next Bits: [0x000001e07e620000, 0x000001e07f5c0000)

Polling page: 0x000001e064730000

Metaspace:

Usage:
  Non-class:      2.37 MB used.
      Class:    202.71 KB used.
       Both:      2.56 MB used.

Virtual space:
  Non-class space:        8.00 MB reserved,       2.38 MB ( 30%) committed,  1 nodes.
      Class space:        1.00 GB reserved,     256.00 KB ( <1%) committed,  1 nodes.
              Both:        1.01 GB reserved,       2.62 MB ( <1%) committed. 

Chunk freelists:
   Non-Class:  0 bytes
       Class:  3.75 MB
        Both:  3.75 MB

MaxMetaspaceSize: 17179869184.00 GB
CompressedClassSpaceSize: 1.00 GB
 - commit_granule_bytes: 65536.
 - commit_granule_words: 8192.
 - virtual_space_node_default_size: 1048576.
 - enlarge_chunks_in_place: 1.
 - new_chunks_are_fully_committed: 0.
 - uncommit_free_chunks: 1.
 - use_allocation_guard: 0.
 - handle_deallocations: 1.


Internal statistics:

num_allocs_failed_limit: 0.
num_arena_births: 2.
num_arena_deaths: 0.
num_vsnodes_births: 2.
num_vsnodes_deaths: 0.
num_space_committed: 42.
num_space_uncommitted: 0.
num_chunks_returned_to_freelist: 0.
num_chunks_taken_from_freelist: 3.
num_chunk_merges: 0.
num_chunk_splits: 1.
num_chunks_enlarged: 0.
num_purges: 0.

CodeHeap 'non-profiled nmethods': size=120000Kb used=0Kb max_used=0Kb free=120000Kb
 bounds [0x000001e075b50000, 0x000001e075dc0000, 0x000001e07d080000]
CodeHeap 'profiled nmethods': size=120000Kb used=0Kb max_used=0Kb free=120000Kb
 bounds [0x000001e06e620000, 0x000001e06e890000, 0x000001e075b50000]
CodeHeap 'non-nmethods': size=5760Kb used=420Kb max_used=434Kb free=5339Kb
 bounds [0x000001e06e080000, 0x000001e06e2f0000, 0x000001e06e620000]
 total_blobs=220 nmethods=0 adapters=170
 compilation: enabled
              stopped_count=0, restarted_count=0
 full_count=0

Compilation events (0 events):
No events

GC Heap History (0 events):
No events

Deoptimization events (0 events):
No events

Classes unloaded (0 events):
No events

Classes redefined (0 events):
No events

Internal exceptions (0 events):
No events

Events (20 events):
Event: 0.253 loading class jdk/internal/access/JavaLangAccess
Event: 0.253 loading class jdk/internal/access/JavaLangAccess done
Event: 0.253 loading class java/lang/System$2 done
Event: 0.253 loading class java/util/Collections
Event: 0.254 loading class java/util/Collections done
Event: 0.254 loading class java/util/Collections$EmptySet
Event: 0.254 loading class java/util/Collections$EmptySet done
Event: 0.254 loading class java/util/Collections$EmptyList
Event: 0.254 loading class java/util/Collections$EmptyList done
Event: 0.254 loading class java/util/Collections$EmptyMap
Event: 0.254 loading class java/util/Collections$EmptyMap done
Event: 0.255 loading class java/lang/IllegalArgumentException
Event: 0.255 loading class java/lang/IllegalArgumentException done
Event: 0.255 Thread 0x000001e00219c490 Thread added: 0x000001e00219c490
Event: 0.255 Thread 0x000001e00219dfb0 Thread added: 0x000001e00219dfb0
Event: 0.255 Thread 0x000001e0021b2010 Thread added: 0x000001e0021b2010
Event: 0.255 Thread 0x000001e0021b2a10 Thread added: 0x000001e0021b2a10
Event: 0.256 Thread 0x000001e0021bed00 Thread added: 0x000001e0021bed00
Event: 0.256 Thread 0x000001e0021c0000 Thread added: 0x000001e0021c0000
Event: 0.256 Thread 0x000001e0021d4a40 Thread added: 0x000001e0021d4a40


Dynamic libraries:
0x00007ff64c610000 - 0x00007ff64c620000 	C:\Program Files\Java\jdk-16.0.2\bin\java.exe
0x00007ffb703b0000 - 0x00007ffb705a5000 	C:\WINDOWS\SYSTEM32\ntdll.dll
0x00007ffb6fec0000 - 0x00007ffb6ff7e000 	C:\WINDOWS\System32\KERNEL32.DLL
0x00007ffb6e130000 - 0x00007ffb6e3f9000 	C:\WINDOWS\System32\KERNELBASE.dll
0x00007ffb6dd10000 - 0x00007ffb6de10000 	C:\WINDOWS\System32\ucrtbase.dll
0x00007ffb62920000 - 0x00007ffb62938000 	C:\Program Files\Java\jdk-16.0.2\bin\jli.dll
0x00007ffb66ce0000 - 0x00007ffb66cf9000 	C:\Program Files\Java\jdk-16.0.2\bin\VCRUNTIME140.dll
0x00007ffb6e7d0000 - 0x00007ffb6e87c000 	C:\WINDOWS\System32\ADVAPI32.dll
0x00007ffb6f760000 - 0x00007ffb6f7fe000 	C:\WINDOWS\System32\msvcrt.dll
0x00007ffb6ea70000 - 0x00007ffb6eb0b000 	C:\WINDOWS\System32\sechost.dll
0x00007ffb6ee60000 - 0x00007ffb6ef8a000 	C:\WINDOWS\System32\RPCRT4.dll
0x00007ffb6e620000 - 0x00007ffb6e7c1000 	C:\WINDOWS\System32\USER32.dll
0x00007ffb52f50000 - 0x00007ffb531ea000 	C:\WINDOWS\WinSxS\amd64_microsoft.windows.common-controls_6595b64144ccf1df_6.0.19041.1110_none_60b5254171f9507e\COMCTL32.dll
0x00007ffb6dec0000 - 0x00007ffb6dee2000 	C:\WINDOWS\System32\win32u.dll
0x00007ffb6f6d0000 - 0x00007ffb6f6fb000 	C:\WINDOWS\System32\GDI32.dll
0x00007ffb6dad0000 - 0x00007ffb6dbdb000 	C:\WINDOWS\System32\gdi32full.dll
0x00007ffb6dbe0000 - 0x00007ffb6dc7d000 	C:\WINDOWS\System32\msvcp_win.dll
0x00007ffb62e60000 - 0x00007ffb62e6a000 	C:\WINDOWS\SYSTEM32\VERSION.dll
0x00007ffb6f8e0000 - 0x00007ffb6f910000 	C:\WINDOWS\System32\IMM32.DLL
0x00007ffb66cd0000 - 0x00007ffb66cdc000 	C:\Program Files\Java\jdk-16.0.2\bin\vcruntime140_1.dll
0x00007ffb58710000 - 0x00007ffb587a1000 	C:\Program Files\Java\jdk-16.0.2\bin\msvcp140.dll
0x00007ffb315d0000 - 0x00007ffb3217b000 	C:\Program Files\Java\jdk-16.0.2\bin\server\jvm.dll
0x00007ffb6e590000 - 0x00007ffb6e598000 	C:\WINDOWS\System32\PSAPI.DLL
0x00007ffb66e00000 - 0x00007ffb66e09000 	C:\WINDOWS\SYSTEM32\WSOCK32.dll
0x00007ffb6e9e0000 - 0x00007ffb6ea4b000 	C:\WINDOWS\System32\WS2_32.dll
0x00007ffb55140000 - 0x00007ffb55167000 	C:\WINDOWS\SYSTEM32\WINMM.dll
0x00007ffb6ba60000 - 0x00007ffb6ba72000 	C:\WINDOWS\SYSTEM32\kernel.appcore.dll
0x00007ffb66cc0000 - 0x00007ffb66cca000 	C:\Program Files\Java\jdk-16.0.2\bin\jimage.dll
0x00007ffb67a20000 - 0x00007ffb67c04000 	C:\WINDOWS\SYSTEM32\DBGHELP.DLL
0x00007ffb54820000 - 0x00007ffb5484c000 	C:\WINDOWS\SYSTEM32\dbgcore.DLL
0x00007ffb6df40000 - 0x00007ffb6dfc3000 	C:\WINDOWS\System32\bcryptPrimitives.dll
0x00007ffb65cd0000 - 0x00007ffb65cf5000 	C:\Program Files\Java\jdk-16.0.2\bin\java.dll
0x00007ffb6ef90000 - 0x00007ffb6f6cf000 	C:\WINDOWS\System32\SHELL32.dll
0x00007ffb6bbd0000 - 0x00007ffb6c360000 	C:\WINDOWS\SYSTEM32\windows.storage.dll
0x00007ffb70010000 - 0x00007ffb70365000 	C:\WINDOWS\System32\combase.dll
0x00007ffb6d450000 - 0x00007ffb6d47c000 	C:\WINDOWS\SYSTEM32\Wldp.dll
0x00007ffb6e930000 - 0x00007ffb6e9dd000 	C:\WINDOWS\System32\SHCORE.dll
0x00007ffb6e530000 - 0x00007ffb6e585000 	C:\WINDOWS\System32\shlwapi.dll
0x00007ffb6da10000 - 0x00007ffb6da2f000 	C:\WINDOWS\SYSTEM32\profapi.dll

dbghelp: loaded successfully - version: 4.0.5 - missing functions: none
symbol engine: initialized successfully - sym options: 0x614 - pdb path: .;C:\Program Files\Java\jdk-16.0.2\bin;C:\WINDOWS\SYSTEM32;C:\WINDOWS\WinSxS\amd64_microsoft.windows.common-controls_6595b64144ccf1df_6.0.19041.1110_none_60b5254171f9507e;C:\Program Files\Java\jdk-16.0.2\bin\server

VM Arguments:
java_command: scr.MainClass
java_class_path (initial): C:\Users\dell\Documents\NetBeansProjects\projetoGit\projetoN2\target\classes;C:\Users\dell\.m2\repository\mysql\mysql-connector-java\8.0.26\mysql-connector-java-8.0.26.jar;C:\Users\dell\.m2\repository\com\google\protobuf\protobuf-java\3.11.4\protobuf-java-3.11.4.jar;C:\Users\dell\.m2\repository\org\projectlombok\lombok\1.18.20\lombok-1.18.20.jar
Launcher Type: SUN_STANDARD

[Global flags]
     intx CICompilerCount                          = 3                                         {product} {ergonomic}
     uint ConcGCThreads                            = 1                                         {product} {ergonomic}
     uint G1ConcRefinementThreads                  = 4                                         {product} {ergonomic}
   size_t G1HeapRegionSize                         = 1048576                                   {product} {ergonomic}
    uintx GCDrainStackTargetSize                   = 64                                        {product} {ergonomic}
   size_t InitialHeapSize                          = 67108864                                  {product} {ergonomic}
   size_t MarkStackSize                            = 4194304                                   {product} {ergonomic}
   size_t MaxHeapSize                              = 1048576000                                {product} {ergonomic}
   size_t MaxNewSize                               = 629145600                                 {product} {ergonomic}
   size_t MinHeapDeltaBytes                        = 1048576                                   {product} {ergonomic}
   size_t MinHeapSize                              = 8388608                                   {product} {ergonomic}
    uintx NonNMethodCodeHeapSize                   = 5832780                                {pd product} {ergonomic}
    uintx NonProfiledCodeHeapSize                  = 122912730                              {pd product} {ergonomic}
    uintx ProfiledCodeHeapSize                     = 122912730                              {pd product} {ergonomic}
    uintx ReservedCodeCacheSize                    = 251658240                              {pd product} {ergonomic}
     bool SegmentedCodeCache                       = true                                      {product} {ergonomic}
   size_t SoftMaxHeapSize                          = 1048576000                             {manageable} {ergonomic}
     bool UseCompressedClassPointers               = true                           {product lp64_product} {ergonomic}
     bool UseCompressedOops                        = true                           {product lp64_product} {ergonomic}
     bool UseG1GC                                  = true                                      {product} {ergonomic}
     bool UseLargePagesIndividualAllocation        = false                                  {pd product} {ergonomic}

Logging:
Log output configuration:
 #0: stdout all=warning uptime,level,tags
 #1: stderr all=off uptime,level,tags

Environment Variables:
JAVA_HOME=C:\Program Files\Java\jdk-16.0.2
PATH=C:\Program Files\Common Files\Oracle\Java\javapath;C:\Program Files (x86)\Common Files\Oracle\Java\javapath;C:\Program Files\AdoptOpenJDK\jdk-14.0.2.12-hotspot\bin;C:\WINDOWS\system32;C:\WINDOWS;C:\WINDOWS\System32\Wbem;C:\WINDOWS\System32\WindowsPowerShell\v1.0\;C:\WINDOWS\System32\OpenSSH\;C:\Program Files\nodejs\;C:\Program Files (x86)\Intel\Intel(R) Management Engine Components\DAL;C:\Program Files\Intel\Intel(R) Management Engine Components\DAL;C:\MinGW\bin;C:\Program Files\Java\jdk-15.0.2\bin;C:\Program Files\Git\cmd;C:\Program Files\Apache\maven\apache-maven-3.8.3\bin;C:\Program Files\MySQL\MySQL Shell 8.0\bin\;C:\Users\dell\AppData\Local\Microsoft\WindowsApps;C:\Users\dell\AppData\Roaming\npm;C:\MinGW\bin;;C:\Program Files\JetBrains\IntelliJ IDEA Community Edition 2021.2\bin;;C:\Users\dell\AppData\Local\Programs\mongosh\
USERNAME=dell
OS=Windows_NT
PROCESSOR_IDENTIFIER=Intel64 Family 6 Model 142 Stepping 9, GenuineIntel



---------------  S Y S T E M  ---------------

OS:
 Windows 10 , 64 bit Build 19041 (10.0.19041.1202)
OS uptime: 0 days 4:45 hours

CPU: total 4 (initial active 4) (2 cores per cpu, 2 threads per core) family 6 model 142 stepping 9 microcode 0xea, cx8, cmov, fxsr, ht, mmx, 3dnowpref, sse, sse2, sse3, ssse3, sse4.1, sse4.2, popcnt, lzcnt, tsc, tscinvbit, avx, avx2, aes, erms, clmul, bmi1, bmi2, adx, fma, vzeroupper, clflush, clflushopt

Memory: 4k page, system-wide physical 3996M (540M free)
TotalPageFile size 5391M (AvailPageFile size 4M)
current process WorkingSet (physical memory assigned to process): 21M, peak: 21M
current process commit charge ("private bytes"): 124M, peak: 130M

vm_info: Java HotSpot(TM) 64-Bit Server VM (16.0.2+7-67) for windows-amd64 JRE (16.0.2+7-67), built on Jun  8 2021 23:24:19 by "mach5one" with MS VC++ 16.7 (VS2019)

END.
