#
# There is insufficient memory for the Java Runtime Environment to continue.
# Native memory allocation (mmap) failed to map 67108864 bytes for G1 virtual space
# Possible reasons:
#   The system is out of physical RAM or swap space
#   The process is running with CompressedOops enabled, and the Java Heap may be blocking the growth of the native heap
# Possible solutions:
#   Reduce memory load on the system
#   Increase physical memory or swap space
#   Check if swap backing store is full
#   Decrease Java heap size (-Xmx/-Xms)
#   Decrease number of Java threads
#   Decrease Java thread stack sizes (-Xss)
#   Set larger code cache with -XX:ReservedCodeCacheSize=
#   JVM is running with Unscaled Compressed Oops mode in which the Java heap is
#     placed in the first 4GB address space. The Java Heap base address is the
#     maximum limit for the native heap growth. Please use -XX:HeapBaseMinAddress
#     to set the Java Heap base and to place the Java Heap above 4GB virtual address.
# This output file may be truncated or incomplete.
#
#  Out of Memory Error (os_windows.cpp:3466), pid=8428, tid=7024
#
# JRE version:  (16.0.2+7) (build )
# Java VM: Java HotSpot(TM) 64-Bit Server VM (16.0.2+7-67, mixed mode, sharing, tiered, compressed oops, compressed class ptrs, g1 gc, windows-amd64)
# No core dump will be written. Minidumps are not enabled by default on client versions of Windows
#

---------------  S U M M A R Y ------------

Command Line: -Dclassworlds.conf=C:\Program Files\NetBeans-12.5\netbeans\java\maven\bin\..\bin\m2.conf -Dmaven.home=C:\Program Files\NetBeans-12.5\netbeans\java\maven\bin\.. -Dlibrary.jansi.path=C:\Program Files\NetBeans-12.5\netbeans\java\maven\bin\..\lib\jansi-native -Dmaven.multiModuleProjectDirectory=C:\Users\dell\Documents\NetBeansProjects\projetoN2 org.codehaus.plexus.classworlds.launcher.Launcher -Dmaven.ext.class.path=C:\Program Files\NetBeans-12.5\netbeans\java\maven-nblib\netbeans-eventspy.jar -Dfile.encoding=UTF-8 install

Host: Intel(R) Core(TM) i3-7020U CPU @ 2.30GHz, 4 cores, 3G,  Windows 10 , 64 bit Build 19041 (10.0.19041.1202)
Time: Tue Oct 12 15:11:35 2021 Hora oficial do Brasil elapsed time: 0.014554 seconds (0d 0h 0m 0s)

---------------  T H R E A D  ---------------

Current thread (0x000002157d9ee020):  JavaThread "Unknown thread" [_thread_in_vm, id=7024, stack(0x0000004fce900000,0x0000004fcea00000)]

Stack: [0x0000004fce900000,0x0000004fcea00000]
Native frames: (J=compiled Java code, j=interpreted, Vv=VM code, C=native code)
V  [jvm.dll+0x6681ca]
V  [jvm.dll+0x7c9e69]
V  [jvm.dll+0x7cb61e]
V  [jvm.dll+0x7cbc73]
V  [jvm.dll+0x242c55]
V  [jvm.dll+0x664f89]
V  [jvm.dll+0x659b75]
V  [jvm.dll+0x2fbfbb]
V  [jvm.dll+0x3031b6]
V  [jvm.dll+0x35299e]
V  [jvm.dll+0x352bcf]
V  [jvm.dll+0x2d3028]
V  [jvm.dll+0x2d4264]
V  [jvm.dll+0x79c741]
V  [jvm.dll+0x360791]
V  [jvm.dll+0x77a3f0]
V  [jvm.dll+0x3e4e8f]
V  [jvm.dll+0x3e6961]
C  [jli.dll+0x52fb]
C  [ucrtbase.dll+0x21bb2]
C  [KERNEL32.DLL+0x17034]
C  [ntdll.dll+0x52651]


---------------  P R O C E S S  ---------------

Threads class SMR info:
_java_thread_list=0x00007ff89606cbb8, length=0, elements={
}

Java Threads: ( => current thread )

Other Threads:
  0x000002157da1cef0 GCTaskThread "GC Thread#0" [stack: 0x0000004fcea00000,0x0000004fceb00000] [id=12116]
  0x000002157da25c30 ConcurrentGCThread "G1 Main Marker" [stack: 0x0000004fceb00000,0x0000004fcec00000] [id=7056]
  0x000002157da266a0 ConcurrentGCThread "G1 Conc#0" [stack: 0x0000004fcec00000,0x0000004fced00000] [id=2980]

[error occurred during error reporting (printing all threads), id 0xc0000005, EXCEPTION_ACCESS_VIOLATION (0xc0000005) at pc=0x00007ff895843ee7]

VM state: not at safepoint (not fully initialized)

VM Mutex/Monitor currently owned by a thread:  ([mutex/lock_event])
[0x000002157d9e9610] Heap_lock - owner thread: 0x000002157d9ee020

Heap address: 0x00000000c1800000, size: 1000 MB, Compressed Oops mode: 32-bit

CDS archive(s) mapped at: [0x0000000000000000-0x0000000000000000-0x0000000000000000), size 0, SharedBaseAddress: 0x0000000800000000, ArchiveRelocationMode: 0.
Narrow klass base: 0x0000000000000000, Narrow klass shift: 0, Narrow klass range: 0x0

GC Precious Log:
<Empty>

Heap:
 garbage-first heap   total 0K, used 0K [0x00000000c1800000, 0x0000000100000000)
  region size 1024K, 0 young (0K), 0 survivors (0K)

[error occurred during error reporting (printing heap information), id 0xc0000005, EXCEPTION_ACCESS_VIOLATION (0xc0000005) at pc=0x00007ff895c21eed]

GC Heap History (0 events):
No events

Deoptimization events (0 events):
No events

Classes unloaded (0 events):
No events

Classes redefined (0 events):
No events

Internal exceptions (0 events):
No events

Events (1 events):
Event: 0.009 Loaded shared library C:\Program Files\Java\jdk-16.0.2\bin\java.dll


Dynamic libraries:
0x00007ff6357f0000 - 0x00007ff635800000 	C:\Program Files\Java\jdk-16.0.2\bin\java.exe
0x00007ff8dfab0000 - 0x00007ff8dfca5000 	C:\WINDOWS\SYSTEM32\ntdll.dll
0x00007ff8df590000 - 0x00007ff8df64e000 	C:\WINDOWS\System32\KERNEL32.DLL
0x00007ff8dd7d0000 - 0x00007ff8dda99000 	C:\WINDOWS\System32\KERNELBASE.dll
0x00007ff8dd6d0000 - 0x00007ff8dd7d0000 	C:\WINDOWS\System32\ucrtbase.dll
0x00007ff8d55c0000 - 0x00007ff8d55d9000 	C:\Program Files\Java\jdk-16.0.2\bin\VCRUNTIME140.dll
0x00007ff8c8de0000 - 0x00007ff8c8df8000 	C:\Program Files\Java\jdk-16.0.2\bin\jli.dll
0x00007ff8df650000 - 0x00007ff8df6fc000 	C:\WINDOWS\System32\ADVAPI32.dll
0x00007ff8df7b0000 - 0x00007ff8df84e000 	C:\WINDOWS\System32\msvcrt.dll
0x00007ff8de720000 - 0x00007ff8de7bb000 	C:\WINDOWS\System32\sechost.dll
0x00007ff8dddd0000 - 0x00007ff8ddefa000 	C:\WINDOWS\System32\RPCRT4.dll
0x00007ff8de260000 - 0x00007ff8de401000 	C:\WINDOWS\System32\USER32.dll
0x00007ff8ddad0000 - 0x00007ff8ddaf2000 	C:\WINDOWS\System32\win32u.dll
0x00007ff8df0e0000 - 0x00007ff8df10b000 	C:\WINDOWS\System32\GDI32.dll
0x00007ff8dd280000 - 0x00007ff8dd38b000 	C:\WINDOWS\System32\gdi32full.dll
0x00007ff8dd420000 - 0x00007ff8dd4bd000 	C:\WINDOWS\System32\msvcp_win.dll
0x00007ff8c31f0000 - 0x00007ff8c348a000 	C:\WINDOWS\WinSxS\amd64_microsoft.windows.common-controls_6595b64144ccf1df_6.0.19041.1110_none_60b5254171f9507e\COMCTL32.dll
0x00007ff8d2c80000 - 0x00007ff8d2c8a000 	C:\WINDOWS\SYSTEM32\VERSION.dll
0x00007ff8df0b0000 - 0x00007ff8df0e0000 	C:\WINDOWS\System32\IMM32.DLL
0x00007ff8d55b0000 - 0x00007ff8d55bc000 	C:\Program Files\Java\jdk-16.0.2\bin\vcruntime140_1.dll
0x00007ff8b3520000 - 0x00007ff8b35b1000 	C:\Program Files\Java\jdk-16.0.2\bin\msvcp140.dll
0x00007ff895560000 - 0x00007ff89610b000 	C:\Program Files\Java\jdk-16.0.2\bin\server\jvm.dll
0x00007ff8de410000 - 0x00007ff8de418000 	C:\WINDOWS\System32\PSAPI.DLL
0x00007ff8d6680000 - 0x00007ff8d6689000 	C:\WINDOWS\SYSTEM32\WSOCK32.dll
0x00007ff8df040000 - 0x00007ff8df0ab000 	C:\WINDOWS\System32\WS2_32.dll
0x00007ff8c6cc0000 - 0x00007ff8c6ce7000 	C:\WINDOWS\SYSTEM32\WINMM.dll
0x00007ff8db2b0000 - 0x00007ff8db2c2000 	C:\WINDOWS\SYSTEM32\kernel.appcore.dll
0x00007ff8d5570000 - 0x00007ff8d557a000 	C:\Program Files\Java\jdk-16.0.2\bin\jimage.dll
0x00007ff8d7990000 - 0x00007ff8d7b74000 	C:\WINDOWS\SYSTEM32\DBGHELP.DLL
0x00007ff8c6160000 - 0x00007ff8c618c000 	C:\WINDOWS\SYSTEM32\dbgcore.DLL
0x00007ff8dd390000 - 0x00007ff8dd413000 	C:\WINDOWS\System32\bcryptPrimitives.dll
0x00007ff8c8e40000 - 0x00007ff8c8e65000 	C:\Program Files\Java\jdk-16.0.2\bin\java.dll

dbghelp: loaded successfully - version: 4.0.5 - missing functions: none
symbol engine: initialized successfully - sym options: 0x614 - pdb path: .;C:\Program Files\Java\jdk-16.0.2\bin;C:\WINDOWS\SYSTEM32;C:\WINDOWS\WinSxS\amd64_microsoft.windows.common-controls_6595b64144ccf1df_6.0.19041.1110_none_60b5254171f9507e;C:\Program Files\Java\jdk-16.0.2\bin\server

VM Arguments:
jvm_args: -Dclassworlds.conf=C:\Program Files\NetBeans-12.5\netbeans\java\maven\bin\..\bin\m2.conf -Dmaven.home=C:\Program Files\NetBeans-12.5\netbeans\java\maven\bin\.. -Dlibrary.jansi.path=C:\Program Files\NetBeans-12.5\netbeans\java\maven\bin\..\lib\jansi-native -Dmaven.multiModuleProjectDirectory=C:\Users\dell\Documents\NetBeansProjects\projetoN2 
java_command: org.codehaus.plexus.classworlds.launcher.Launcher -Dmaven.ext.class.path=C:\Program Files\NetBeans-12.5\netbeans\java\maven-nblib\netbeans-eventspy.jar -Dfile.encoding=UTF-8 install
java_class_path (initial): C:\Program Files\NetBeans-12.5\netbeans\java\maven\bin\..\boot\plexus-classworlds-2.6.0.jar
Launcher Type: SUN_STANDARD

[Global flags]
     intx CICompilerCount                          = 3                                         {product} {ergonomic}
     uint ConcGCThreads                            = 1                                         {product} {ergonomic}
     uint G1ConcRefinementThreads                  = 4                                         {product} {ergonomic}
   size_t G1HeapRegionSize                         = 1048576                                   {product} {ergonomic}
    uintx GCDrainStackTargetSize                   = 64                                        {product} {ergonomic}
   size_t InitialHeapSize                          = 67108864                                  {product} {ergonomic}
   size_t MarkStackSize                            = 4194304                                   {product} {ergonomic}
   size_t MaxHeapSize                              = 1048576000                                {product} {ergonomic}
   size_t MinHeapDeltaBytes                        = 1048576                                   {product} {ergonomic}
   size_t MinHeapSize                              = 8388608                                   {product} {ergonomic}
    uintx NonNMethodCodeHeapSize                   = 5832780                                {pd product} {ergonomic}
    uintx NonProfiledCodeHeapSize                  = 122912730                              {pd product} {ergonomic}
    uintx ProfiledCodeHeapSize                     = 122912730                              {pd product} {ergonomic}
    uintx ReservedCodeCacheSize                    = 251658240                              {pd product} {ergonomic}
     bool SegmentedCodeCache                       = true                                      {product} {ergonomic}
   size_t SoftMaxHeapSize                          = 1048576000                             {manageable} {ergonomic}
     bool UseCompressedClassPointers               = true                           {product lp64_product} {ergonomic}
     bool UseCompressedOops                        = true                           {product lp64_product} {ergonomic}
     bool UseG1GC                                  = true                                      {product} {ergonomic}
     bool UseLargePagesIndividualAllocation        = false                                  {pd product} {ergonomic}

Logging:
Log output configuration:
 #0: stdout all=warning uptime,level,tags
 #1: stderr all=off uptime,level,tags

Environment Variables:
JAVA_HOME=C:\Program Files\Java\jdk-16.0.2
PATH=C:\Program Files\Common Files\Oracle\Java\javapath;C:\Program Files (x86)\Common Files\Oracle\Java\javapath;C:\Program Files\AdoptOpenJDK\jdk-14.0.2.12-hotspot\bin;C:\WINDOWS\system32;C:\WINDOWS;C:\WINDOWS\System32\Wbem;C:\WINDOWS\System32\WindowsPowerShell\v1.0\;C:\WINDOWS\System32\OpenSSH\;C:\Program Files\nodejs\;C:\Program Files (x86)\Intel\Intel(R) Management Engine Components\DAL;C:\Program Files\Intel\Intel(R) Management Engine Components\DAL;C:\MinGW\bin;C:\Program Files\Java\jdk-15.0.2\bin;C:\Program Files\Git\cmd;C:\Program Files\Apache\maven\apache-maven-3.8.3\bin;C:\Program Files\MySQL\MySQL Shell 8.0\bin\;C:\Users\dell\AppData\Local\Microsoft\WindowsApps;C:\Users\dell\AppData\Roaming\npm;C:\MinGW\bin;;C:\Program Files\JetBrains\IntelliJ IDEA Community Edition 2021.2\bin;;C:\Users\dell\AppData\Local\Programs\mongosh\
USERNAME=dell
OS=Windows_NT
PROCESSOR_IDENTIFIER=Intel64 Family 6 Model 142 Stepping 9, GenuineIntel



---------------  S Y S T E M  ---------------

OS:
 Windows 10 , 64 bit Build 19041 (10.0.19041.1202)
OS uptime: 1 days 0:25 hours

CPU: total 4 (initial active 4) (2 cores per cpu, 2 threads per core) family 6 model 142 stepping 9 microcode 0xea, cx8, cmov, fxsr, ht, mmx, 3dnowpref, sse, sse2, sse3, ssse3, sse4.1, sse4.2, popcnt, lzcnt, tsc, tscinvbit, avx, avx2, aes, erms, clmul, bmi1, bmi2, adx, fma, vzeroupper, clflush, clflushopt

Memory: 4k page, system-wide physical 3996M (662M free)
TotalPageFile size 5391M (AvailPageFile size 8M)
current process WorkingSet (physical memory assigned to process): 9M, peak: 9M
current process commit charge ("private bytes"): 51M, peak: 115M

vm_info: Java HotSpot(TM) 64-Bit Server VM (16.0.2+7-67) for windows-amd64 JRE (16.0.2+7-67), built on Jun  8 2021 23:24:19 by "mach5one" with MS VC++ 16.7 (VS2019)

END.
