#
# There is insufficient memory for the Java Runtime Environment to continue.
# Native memory allocation (mmap) failed to map 67108864 bytes for G1 virtual space
# Possible reasons:
#   The system is out of physical RAM or swap space
#   The process is running with CompressedOops enabled, and the Java Heap may be blocking the growth of the native heap
# Possible solutions:
#   Reduce memory load on the system
#   Increase physical memory or swap space
#   Check if swap backing store is full
#   Decrease Java heap size (-Xmx/-Xms)
#   Decrease number of Java threads
#   Decrease Java thread stack sizes (-Xss)
#   Set larger code cache with -XX:ReservedCodeCacheSize=
#   JVM is running with Unscaled Compressed Oops mode in which the Java heap is
#     placed in the first 4GB address space. The Java Heap base address is the
#     maximum limit for the native heap growth. Please use -XX:HeapBaseMinAddress
#     to set the Java Heap base and to place the Java Heap above 4GB virtual address.
# This output file may be truncated or incomplete.
#
#  Out of Memory Error (os_windows.cpp:3466), pid=5856, tid=1152
#
# JRE version:  (16.0.2+7) (build )
# Java VM: Java HotSpot(TM) 64-Bit Server VM (16.0.2+7-67, mixed mode, sharing, tiered, compressed oops, compressed class ptrs, g1 gc, windows-amd64)
# No core dump will be written. Minidumps are not enabled by default on client versions of Windows
#

---------------  S U M M A R Y ------------

Command Line: scr.MainClass

Host: Intel(R) Core(TM) i3-7020U CPU @ 2.30GHz, 4 cores, 3G,  Windows 10 , 64 bit Build 19041 (10.0.19041.1202)
Time: Thu Oct 21 16:33:48 2021 Hora oficial do Brasil elapsed time: 0.014278 seconds (0d 0h 0m 0s)

---------------  T H R E A D  ---------------

Current thread (0x00000171d18a9e60):  JavaThread "Unknown thread" [_thread_in_vm, id=1152, stack(0x00000025c5c00000,0x00000025c5d00000)]

Stack: [0x00000025c5c00000,0x00000025c5d00000]
Native frames: (J=compiled Java code, j=interpreted, Vv=VM code, C=native code)
V  [jvm.dll+0x6681ca]
V  [jvm.dll+0x7c9e69]
V  [jvm.dll+0x7cb61e]
V  [jvm.dll+0x7cbc73]
V  [jvm.dll+0x242c55]
V  [jvm.dll+0x664f89]
V  [jvm.dll+0x659b75]
V  [jvm.dll+0x2fbfbb]
V  [jvm.dll+0x3031b6]
V  [jvm.dll+0x35299e]
V  [jvm.dll+0x352bcf]
V  [jvm.dll+0x2d3028]
V  [jvm.dll+0x2d4264]
V  [jvm.dll+0x79c741]
V  [jvm.dll+0x360791]
V  [jvm.dll+0x77a3f0]
V  [jvm.dll+0x3e4e8f]
V  [jvm.dll+0x3e6961]
C  [jli.dll+0x52fb]
C  [ucrtbase.dll+0x21bb2]
C  [KERNEL32.DLL+0x17034]
C  [ntdll.dll+0x52651]


---------------  P R O C E S S  ---------------

Threads class SMR info:
_java_thread_list=0x00007ffb444ccbb8, length=0, elements={
}

Java Threads: ( => current thread )

Other Threads:
  0x00000171d18da330 GCTaskThread "GC Thread#0" [stack: 0x00000025c5d00000,0x00000025c5e00000] [id=8452]
  0x00000171d18e48a0 ConcurrentGCThread "G1 Main Marker" [stack: 0x00000025c5e00000,0x00000025c5f00000] [id=9244]
  0x00000171d18e5310 ConcurrentGCThread "G1 Conc#0" [stack: 0x00000025c5f00000,0x00000025c6000000] [id=4320]

[error occurred during error reporting (printing all threads), id 0xc0000005, EXCEPTION_ACCESS_VIOLATION (0xc0000005) at pc=0x00007ffb43ca3ee7]

VM state: not at safepoint (not fully initialized)

VM Mutex/Monitor currently owned by a thread:  ([mutex/lock_event])
[0x00000171d18a6700] Heap_lock - owner thread: 0x00000171d18a9e60

Heap address: 0x00000000c1800000, size: 1000 MB, Compressed Oops mode: 32-bit

CDS archive(s) mapped at: [0x0000000000000000-0x0000000000000000-0x0000000000000000), size 0, SharedBaseAddress: 0x0000000800000000, ArchiveRelocationMode: 0.
Narrow klass base: 0x0000000000000000, Narrow klass shift: 0, Narrow klass range: 0x0

GC Precious Log:
<Empty>

Heap:
 garbage-first heap   total 0K, used 0K [0x00000000c1800000, 0x0000000100000000)
  region size 1024K, 0 young (0K), 0 survivors (0K)

[error occurred during error reporting (printing heap information), id 0xc0000005, EXCEPTION_ACCESS_VIOLATION (0xc0000005) at pc=0x00007ffb44081eed]

GC Heap History (0 events):
No events

Deoptimization events (0 events):
No events

Classes unloaded (0 events):
No events

Classes redefined (0 events):
No events

Internal exceptions (0 events):
No events

Events (1 events):
Event: 0.008 Loaded shared library C:\Program Files\Java\jdk-16.0.2\bin\java.dll


Dynamic libraries:
0x00007ff64c610000 - 0x00007ff64c620000 	C:\Program Files\Java\jdk-16.0.2\bin\java.exe
0x00007ffb703b0000 - 0x00007ffb705a5000 	C:\WINDOWS\SYSTEM32\ntdll.dll
0x00007ffb6fec0000 - 0x00007ffb6ff7e000 	C:\WINDOWS\System32\KERNEL32.DLL
0x00007ffb6e130000 - 0x00007ffb6e3f9000 	C:\WINDOWS\System32\KERNELBASE.dll
0x00007ffb6dd10000 - 0x00007ffb6de10000 	C:\WINDOWS\System32\ucrtbase.dll
0x00007ffb66d10000 - 0x00007ffb66d29000 	C:\Program Files\Java\jdk-16.0.2\bin\VCRUNTIME140.dll
0x00007ffb65c20000 - 0x00007ffb65c38000 	C:\Program Files\Java\jdk-16.0.2\bin\jli.dll
0x00007ffb6e7d0000 - 0x00007ffb6e87c000 	C:\WINDOWS\System32\ADVAPI32.dll
0x00007ffb6f760000 - 0x00007ffb6f7fe000 	C:\WINDOWS\System32\msvcrt.dll
0x00007ffb6ea70000 - 0x00007ffb6eb0b000 	C:\WINDOWS\System32\sechost.dll
0x00007ffb6ee60000 - 0x00007ffb6ef8a000 	C:\WINDOWS\System32\RPCRT4.dll
0x00007ffb6e620000 - 0x00007ffb6e7c1000 	C:\WINDOWS\System32\USER32.dll
0x00007ffb52f50000 - 0x00007ffb531ea000 	C:\WINDOWS\WinSxS\amd64_microsoft.windows.common-controls_6595b64144ccf1df_6.0.19041.1110_none_60b5254171f9507e\COMCTL32.dll
0x00007ffb6dec0000 - 0x00007ffb6dee2000 	C:\WINDOWS\System32\win32u.dll
0x00007ffb6f6d0000 - 0x00007ffb6f6fb000 	C:\WINDOWS\System32\GDI32.dll
0x00007ffb6dad0000 - 0x00007ffb6dbdb000 	C:\WINDOWS\System32\gdi32full.dll
0x00007ffb6dbe0000 - 0x00007ffb6dc7d000 	C:\WINDOWS\System32\msvcp_win.dll
0x00007ffb62e60000 - 0x00007ffb62e6a000 	C:\WINDOWS\SYSTEM32\VERSION.dll
0x00007ffb6f8e0000 - 0x00007ffb6f910000 	C:\WINDOWS\System32\IMM32.DLL
0x00007ffb66e00000 - 0x00007ffb66e0c000 	C:\Program Files\Java\jdk-16.0.2\bin\vcruntime140_1.dll
0x00007ffb58770000 - 0x00007ffb58801000 	C:\Program Files\Java\jdk-16.0.2\bin\msvcp140.dll
0x00007ffb439c0000 - 0x00007ffb4456b000 	C:\Program Files\Java\jdk-16.0.2\bin\server\jvm.dll
0x00007ffb6e590000 - 0x00007ffb6e598000 	C:\WINDOWS\System32\PSAPI.DLL
0x00007ffb67910000 - 0x00007ffb67919000 	C:\WINDOWS\SYSTEM32\WSOCK32.dll
0x00007ffb55140000 - 0x00007ffb55167000 	C:\WINDOWS\SYSTEM32\WINMM.dll
0x00007ffb6e9e0000 - 0x00007ffb6ea4b000 	C:\WINDOWS\System32\WS2_32.dll
0x00007ffb6ba60000 - 0x00007ffb6ba72000 	C:\WINDOWS\SYSTEM32\kernel.appcore.dll
0x00007ffb66d00000 - 0x00007ffb66d0a000 	C:\Program Files\Java\jdk-16.0.2\bin\jimage.dll
0x00007ffb67a20000 - 0x00007ffb67c04000 	C:\WINDOWS\SYSTEM32\DBGHELP.DLL
0x00007ffb54820000 - 0x00007ffb5484c000 	C:\WINDOWS\SYSTEM32\dbgcore.DLL
0x00007ffb6df40000 - 0x00007ffb6dfc3000 	C:\WINDOWS\System32\bcryptPrimitives.dll
0x00007ffb65d10000 - 0x00007ffb65d35000 	C:\Program Files\Java\jdk-16.0.2\bin\java.dll

dbghelp: loaded successfully - version: 4.0.5 - missing functions: none
symbol engine: initialized successfully - sym options: 0x614 - pdb path: .;C:\Program Files\Java\jdk-16.0.2\bin;C:\WINDOWS\SYSTEM32;C:\WINDOWS\WinSxS\amd64_microsoft.windows.common-controls_6595b64144ccf1df_6.0.19041.1110_none_60b5254171f9507e;C:\Program Files\Java\jdk-16.0.2\bin\server

VM Arguments:
java_command: scr.MainClass
java_class_path (initial): C:\Users\dell\Documents\NetBeansProjects\projetoGit\projetoN2\target\classes;C:\Users\dell\.m2\repository\mysql\mysql-connector-java\8.0.26\mysql-connector-java-8.0.26.jar;C:\Users\dell\.m2\repository\com\google\protobuf\protobuf-java\3.11.4\protobuf-java-3.11.4.jar;C:\Users\dell\.m2\repository\org\projectlombok\lombok\1.18.20\lombok-1.18.20.jar
Launcher Type: SUN_STANDARD

[Global flags]
     intx CICompilerCount                          = 3                                         {product} {ergonomic}
     uint ConcGCThreads                            = 1                                         {product} {ergonomic}
     uint G1ConcRefinementThreads                  = 4                                         {product} {ergonomic}
   size_t G1HeapRegionSize                         = 1048576                                   {product} {ergonomic}
    uintx GCDrainStackTargetSize                   = 64                                        {product} {ergonomic}
   size_t InitialHeapSize                          = 67108864                                  {product} {ergonomic}
   size_t MarkStackSize                            = 4194304                                   {product} {ergonomic}
   size_t MaxHeapSize                              = 1048576000                                {product} {ergonomic}
   size_t MinHeapDeltaBytes                        = 1048576                                   {product} {ergonomic}
   size_t MinHeapSize                              = 8388608                                   {product} {ergonomic}
    uintx NonNMethodCodeHeapSize                   = 5832780                                {pd product} {ergonomic}
    uintx NonProfiledCodeHeapSize                  = 122912730                              {pd product} {ergonomic}
    uintx ProfiledCodeHeapSize                     = 122912730                              {pd product} {ergonomic}
    uintx ReservedCodeCacheSize                    = 251658240                              {pd product} {ergonomic}
     bool SegmentedCodeCache                       = true                                      {product} {ergonomic}
   size_t SoftMaxHeapSize                          = 1048576000                             {manageable} {ergonomic}
     bool UseCompressedClassPointers               = true                           {product lp64_product} {ergonomic}
     bool UseCompressedOops                        = true                           {product lp64_product} {ergonomic}
     bool UseG1GC                                  = true                                      {product} {ergonomic}
     bool UseLargePagesIndividualAllocation        = false                                  {pd product} {ergonomic}

Logging:
Log output configuration:
 #0: stdout all=warning uptime,level,tags
 #1: stderr all=off uptime,level,tags

Environment Variables:
JAVA_HOME=C:\Program Files\Java\jdk-16.0.2
PATH=C:\Program Files\Common Files\Oracle\Java\javapath;C:\Program Files (x86)\Common Files\Oracle\Java\javapath;C:\Program Files\AdoptOpenJDK\jdk-14.0.2.12-hotspot\bin;C:\WINDOWS\system32;C:\WINDOWS;C:\WINDOWS\System32\Wbem;C:\WINDOWS\System32\WindowsPowerShell\v1.0\;C:\WINDOWS\System32\OpenSSH\;C:\Program Files\nodejs\;C:\Program Files (x86)\Intel\Intel(R) Management Engine Components\DAL;C:\Program Files\Intel\Intel(R) Management Engine Components\DAL;C:\MinGW\bin;C:\Program Files\Java\jdk-15.0.2\bin;C:\Program Files\Git\cmd;C:\Program Files\Apache\maven\apache-maven-3.8.3\bin;C:\Program Files\MySQL\MySQL Shell 8.0\bin\;C:\Users\dell\AppData\Local\Microsoft\WindowsApps;C:\Users\dell\AppData\Roaming\npm;C:\MinGW\bin;;C:\Program Files\JetBrains\IntelliJ IDEA Community Edition 2021.2\bin;;C:\Users\dell\AppData\Local\Programs\mongosh\
USERNAME=dell
OS=Windows_NT
PROCESSOR_IDENTIFIER=Intel64 Family 6 Model 142 Stepping 9, GenuineIntel



---------------  S Y S T E M  ---------------

OS:
 Windows 10 , 64 bit Build 19041 (10.0.19041.1202)
OS uptime: 0 days 4:24 hours

CPU: total 4 (initial active 4) (2 cores per cpu, 2 threads per core) family 6 model 142 stepping 9 microcode 0xea, cx8, cmov, fxsr, ht, mmx, 3dnowpref, sse, sse2, sse3, ssse3, sse4.1, sse4.2, popcnt, lzcnt, tsc, tscinvbit, avx, avx2, aes, erms, clmul, bmi1, bmi2, adx, fma, vzeroupper, clflush, clflushopt

Memory: 4k page, system-wide physical 3996M (517M free)
TotalPageFile size 5391M (AvailPageFile size 47M)
current process WorkingSet (physical memory assigned to process): 9M, peak: 9M
current process commit charge ("private bytes"): 51M, peak: 115M

vm_info: Java HotSpot(TM) 64-Bit Server VM (16.0.2+7-67) for windows-amd64 JRE (16.0.2+7-67), built on Jun  8 2021 23:24:19 by "mach5one" with MS VC++ 16.7 (VS2019)

END.
