#
# There is insufficient memory for the Java Runtime Environment to continue.
# Native memory allocation (malloc) failed to allocate 206096 bytes for Chunk::new
# Possible reasons:
#   The system is out of physical RAM or swap space
#   The process is running with CompressedOops enabled, and the Java Heap may be blocking the growth of the native heap
# Possible solutions:
#   Reduce memory load on the system
#   Increase physical memory or swap space
#   Check if swap backing store is full
#   Decrease Java heap size (-Xmx/-Xms)
#   Decrease number of Java threads
#   Decrease Java thread stack sizes (-Xss)
#   Set larger code cache with -XX:ReservedCodeCacheSize=
#   JVM is running with Unscaled Compressed Oops mode in which the Java heap is
#     placed in the first 4GB address space. The Java Heap base address is the
#     maximum limit for the native heap growth. Please use -XX:HeapBaseMinAddress
#     to set the Java Heap base and to place the Java Heap above 4GB virtual address.
# This output file may be truncated or incomplete.
#
#  Out of Memory Error (arena.cpp:195), pid=9728, tid=9560
#
# JRE version: Java(TM) SE Runtime Environment (16.0.2+7) (build 16.0.2+7-67)
# Java VM: Java HotSpot(TM) 64-Bit Server VM (16.0.2+7-67, mixed mode, sharing, tiered, compressed oops, compressed class ptrs, g1 gc, windows-amd64)
# No core dump will be written. Minidumps are not enabled by default on client versions of Windows
#

---------------  S U M M A R Y ------------

Command Line: -Dclassworlds.conf=C:\Program Files\NetBeans-12.5\netbeans\java\maven\bin\..\bin\m2.conf -Dmaven.home=C:\Program Files\NetBeans-12.5\netbeans\java\maven\bin\.. -Dlibrary.jansi.path=C:\Program Files\NetBeans-12.5\netbeans\java\maven\bin\..\lib\jansi-native -Dmaven.multiModuleProjectDirectory=C:\Users\dell\Documents\NetBeansProjects\projetoGit\projetoN2 org.codehaus.plexus.classworlds.launcher.Launcher -Dexec.vmArgs= -Dexec.args=${exec.vmArgs} -classpath %classpath ${exec.mainClass} ${exec.appArgs} -Dexec.executable=C:\Program Files\Java\jdk-16.0.2\bin\java.exe -Dexec.mainClass=view.services.LoginFrame -Dexec.classpathScope=runtime -Dexec.appArgs= -Dmaven.ext.class.path=C:\Program Files\NetBeans-12.5\netbeans\java\maven-nblib\netbeans-eventspy.jar -Dfile.encoding=UTF-8 org.codehaus.mojo:exec-maven-plugin:3.0.0:exec

Host: Intel(R) Core(TM) i3-7020U CPU @ 2.30GHz, 4 cores, 3G,  Windows 10 , 64 bit Build 19041 (10.0.19041.1202)
Time: Thu Oct 21 16:28:00 2021 Hora oficial do Brasil elapsed time: 1.333557 seconds (0d 0h 0m 1s)

---------------  T H R E A D  ---------------

Current thread (0x000002d16a070370):  JavaThread "C2 CompilerThread1" daemon [_thread_in_native, id=9560, stack(0x000000e9f9200000,0x000000e9f9300000)]


Current CompileTask:
C2:   1333 1315   !   4       jdk.internal.loader.URLClassPath$JarLoader::getResource (65 bytes)

Stack: [0x000000e9f9200000,0x000000e9f9300000]
Native frames: (J=compiled Java code, j=interpreted, Vv=VM code, C=native code)
V  [jvm.dll+0x6681ca]
V  [jvm.dll+0x7c9e69]
V  [jvm.dll+0x7cb61e]
V  [jvm.dll+0x7cbc73]
V  [jvm.dll+0x242c55]
V  [jvm.dll+0xadeba]
V  [jvm.dll+0xae45c]
V  [jvm.dll+0x2a4cdf]
V  [jvm.dll+0x573c29]
V  [jvm.dll+0x21e48e]
V  [jvm.dll+0x217476]
V  [jvm.dll+0x214ffc]
V  [jvm.dll+0x1a1beb]
V  [jvm.dll+0x225158]
V  [jvm.dll+0x22319c]
V  [jvm.dll+0x77fa62]
V  [jvm.dll+0x7795aa]
V  [jvm.dll+0x667066]
C  [ucrtbase.dll+0x21bb2]
C  [KERNEL32.DLL+0x17034]
C  [ntdll.dll+0x52651]


---------------  P R O C E S S  ---------------

Threads class SMR info:
_java_thread_list=0x000002d16a079440, length=13, elements={
0x000002d14e3fdc40, 0x000002d1694fb820, 0x000002d1694fc5f0, 0x000002d16950e2d0,
0x000002d16950fdf0, 0x000002d169510900, 0x000002d169515230, 0x000002d169519370,
0x000002d169521d80, 0x000002d1695362e0, 0x000002d16a05e370, 0x000002d16a060d50,
0x000002d16a070370
}

Java Threads: ( => current thread )
  0x000002d14e3fdc40 JavaThread "main" [_thread_in_Java, id=1620, stack(0x000000e9f7f00000,0x000000e9f8000000)]
  0x000002d1694fb820 JavaThread "Reference Handler" daemon [_thread_blocked, id=4208, stack(0x000000e9f8600000,0x000000e9f8700000)]
  0x000002d1694fc5f0 JavaThread "Finalizer" daemon [_thread_blocked, id=7304, stack(0x000000e9f8700000,0x000000e9f8800000)]
  0x000002d16950e2d0 JavaThread "Signal Dispatcher" daemon [_thread_blocked, id=9684, stack(0x000000e9f8800000,0x000000e9f8900000)]
  0x000002d16950fdf0 JavaThread "Attach Listener" daemon [_thread_blocked, id=6556, stack(0x000000e9f8900000,0x000000e9f8a00000)]
  0x000002d169510900 JavaThread "Service Thread" daemon [_thread_blocked, id=7452, stack(0x000000e9f8a00000,0x000000e9f8b00000)]
  0x000002d169515230 JavaThread "Monitor Deflation Thread" daemon [_thread_blocked, id=6904, stack(0x000000e9f8b00000,0x000000e9f8c00000)]
  0x000002d169519370 JavaThread "C2 CompilerThread0" daemon [_thread_in_native, id=2712, stack(0x000000e9f8c00000,0x000000e9f8d00000)]
  0x000002d169521d80 JavaThread "C1 CompilerThread0" daemon [_thread_in_native, id=8240, stack(0x000000e9f8d00000,0x000000e9f8e00000)]
  0x000002d1695362e0 JavaThread "Sweeper thread" daemon [_thread_blocked, id=4156, stack(0x000000e9f8e00000,0x000000e9f8f00000)]
  0x000002d16a05e370 JavaThread "Notification Thread" daemon [_thread_blocked, id=8868, stack(0x000000e9f8f00000,0x000000e9f9000000)]
  0x000002d16a060d50 JavaThread "Common-Cleaner" daemon [_thread_blocked, id=9108, stack(0x000000e9f9100000,0x000000e9f9200000)]
=>0x000002d16a070370 JavaThread "C2 CompilerThread1" daemon [_thread_in_native, id=9560, stack(0x000000e9f9200000,0x000000e9f9300000)]

Other Threads:
  0x000002d1694f6dd0 VMThread "VM Thread" [stack: 0x000000e9f8500000,0x000000e9f8600000] [id=6088]
  0x000002d16a0604b0 WatcherThread [stack: 0x000000e9f9000000,0x000000e9f9100000] [id=8404]
  0x000002d14e42cc10 GCTaskThread "GC Thread#0" [stack: 0x000000e9f8000000,0x000000e9f8100000] [id=8628]
  0x000002d16ab04680 GCTaskThread "GC Thread#1" [stack: 0x000000e9f9300000,0x000000e9f9400000] [id=1348]
  0x000002d16a5e56e0 GCTaskThread "GC Thread#2" [stack: 0x000000e9f9400000,0x000000e9f9500000] [id=5468]
  0x000002d16a7d1290 GCTaskThread "GC Thread#3" [stack: 0x000000e9f9500000,0x000000e9f9600000] [id=10064]
  0x000002d14e436870 ConcurrentGCThread "G1 Main Marker" [stack: 0x000000e9f8100000,0x000000e9f8200000] [id=8568]
  0x000002d14e4371f0 ConcurrentGCThread "G1 Conc#0" [stack: 0x000000e9f8200000,0x000000e9f8300000] [id=7192]
  0x000002d14e488e40 ConcurrentGCThread "G1 Refine#0" [stack: 0x000000e9f8300000,0x000000e9f8400000] [id=936]
  0x000002d14e4897d0 ConcurrentGCThread "G1 Service" [stack: 0x000000e9f8400000,0x000000e9f8500000] [id=640]

Threads with active compile tasks:
C2 CompilerThread0     1417 1322   !   4       java.util.zip.ZipFile$Source::getEntryPos (174 bytes)
C1 CompilerThread0     1417 1359       3       jdk.internal.loader.AbstractClassLoaderValue$Sub::hashCode (19 bytes)
C2 CompilerThread1     1417 1315   !   4       jdk.internal.loader.URLClassPath$JarLoader::getResource (65 bytes)

VM state: not at safepoint (normal execution)

VM Mutex/Monitor currently owned by a thread: None

Heap address: 0x00000000c1800000, size: 1000 MB, Compressed Oops mode: 32-bit

CDS archive(s) mapped at: [0x0000000800000000-0x0000000800bb0000-0x0000000800bb0000), size 12255232, SharedBaseAddress: 0x0000000800000000, ArchiveRelocationMode: 0.
Compressed class space mapped at: 0x0000000800c00000-0x0000000840c00000, reserved size: 1073741824
Narrow klass base: 0x0000000800000000, Narrow klass shift: 3, Narrow klass range: 0x100000000

GC Precious Log:
 CPUs: 4 total, 4 available
 Memory: 3996M
 Large Page Support: Disabled
 NUMA Support: Disabled
 Compressed Oops: Enabled (32-bit)
 Heap Region Size: 1M
 Heap Min Capacity: 8M
 Heap Initial Capacity: 64M
 Heap Max Capacity: 1000M
 Pre-touch: Disabled
 Parallel Workers: 4
 Concurrent Workers: 1
 Concurrent Refinement Workers: 4
 Periodic GC: Disabled

Heap:
 garbage-first heap   total 65536K, used 17172K [0x00000000c1800000, 0x0000000100000000)
  region size 1024K, 16 young (16384K), 1 survivors (1024K)
 Metaspace       used 7158K, committed 7296K, reserved 1064960K
  class space    used 818K, committed 896K, reserved 1048576K

Heap Regions: E=young(eden), S=young(survivor), O=old, HS=humongous(starts), HC=humongous(continues), CS=collection set, F=free, OA=open archive, CA=closed archive, TAMS=top-at-mark-start (previous, next)
|   0|0x00000000c1800000, 0x00000000c1900000, 0x00000000c1900000|100%| O|  |TAMS 0x00000000c1800000, 0x00000000c1800000| Untracked 
|   1|0x00000000c1900000, 0x00000000c1a00000, 0x00000000c1a00000|100%| O|  |TAMS 0x00000000c1900000, 0x00000000c1900000| Untracked 
|   2|0x00000000c1a00000, 0x00000000c1b00000, 0x00000000c1b00000|100%| O|  |TAMS 0x00000000c1a00000, 0x00000000c1a00000| Untracked 
|   3|0x00000000c1b00000, 0x00000000c1b17e00, 0x00000000c1c00000|  9%| O|  |TAMS 0x00000000c1b00000, 0x00000000c1b00000| Untracked 
|   4|0x00000000c1c00000, 0x00000000c1c00000, 0x00000000c1d00000|  0%| F|  |TAMS 0x00000000c1c00000, 0x00000000c1c00000| Untracked 
|   5|0x00000000c1d00000, 0x00000000c1d00000, 0x00000000c1e00000|  0%| F|  |TAMS 0x00000000c1d00000, 0x00000000c1d00000| Untracked 
|   6|0x00000000c1e00000, 0x00000000c1e00000, 0x00000000c1f00000|  0%| F|  |TAMS 0x00000000c1e00000, 0x00000000c1e00000| Untracked 
|   7|0x00000000c1f00000, 0x00000000c1f00000, 0x00000000c2000000|  0%| F|  |TAMS 0x00000000c1f00000, 0x00000000c1f00000| Untracked 
|   8|0x00000000c2000000, 0x00000000c2000000, 0x00000000c2100000|  0%| F|  |TAMS 0x00000000c2000000, 0x00000000c2000000| Untracked 
|   9|0x00000000c2100000, 0x00000000c2100000, 0x00000000c2200000|  0%| F|  |TAMS 0x00000000c2100000, 0x00000000c2100000| Untracked 
|  10|0x00000000c2200000, 0x00000000c2200000, 0x00000000c2300000|  0%| F|  |TAMS 0x00000000c2200000, 0x00000000c2200000| Untracked 
|  11|0x00000000c2300000, 0x00000000c2300000, 0x00000000c2400000|  0%| F|  |TAMS 0x00000000c2300000, 0x00000000c2300000| Untracked 
|  12|0x00000000c2400000, 0x00000000c2400000, 0x00000000c2500000|  0%| F|  |TAMS 0x00000000c2400000, 0x00000000c2400000| Untracked 
|  13|0x00000000c2500000, 0x00000000c2500000, 0x00000000c2600000|  0%| F|  |TAMS 0x00000000c2500000, 0x00000000c2500000| Untracked 
|  14|0x00000000c2600000, 0x00000000c2600000, 0x00000000c2700000|  0%| F|  |TAMS 0x00000000c2600000, 0x00000000c2600000| Untracked 
|  15|0x00000000c2700000, 0x00000000c2700000, 0x00000000c2800000|  0%| F|  |TAMS 0x00000000c2700000, 0x00000000c2700000| Untracked 
|  16|0x00000000c2800000, 0x00000000c2800000, 0x00000000c2900000|  0%| F|  |TAMS 0x00000000c2800000, 0x00000000c2800000| Untracked 
|  17|0x00000000c2900000, 0x00000000c2900000, 0x00000000c2a00000|  0%| F|  |TAMS 0x00000000c2900000, 0x00000000c2900000| Untracked 
|  18|0x00000000c2a00000, 0x00000000c2a00000, 0x00000000c2b00000|  0%| F|  |TAMS 0x00000000c2a00000, 0x00000000c2a00000| Untracked 
|  19|0x00000000c2b00000, 0x00000000c2b00000, 0x00000000c2c00000|  0%| F|  |TAMS 0x00000000c2b00000, 0x00000000c2b00000| Untracked 
|  20|0x00000000c2c00000, 0x00000000c2c00000, 0x00000000c2d00000|  0%| F|  |TAMS 0x00000000c2c00000, 0x00000000c2c00000| Untracked 
|  21|0x00000000c2d00000, 0x00000000c2d00000, 0x00000000c2e00000|  0%| F|  |TAMS 0x00000000c2d00000, 0x00000000c2d00000| Untracked 
|  22|0x00000000c2e00000, 0x00000000c2e00000, 0x00000000c2f00000|  0%| F|  |TAMS 0x00000000c2e00000, 0x00000000c2e00000| Untracked 
|  23|0x00000000c2f00000, 0x00000000c2f00000, 0x00000000c3000000|  0%| F|  |TAMS 0x00000000c2f00000, 0x00000000c2f00000| Untracked 
|  24|0x00000000c3000000, 0x00000000c3000000, 0x00000000c3100000|  0%| F|  |TAMS 0x00000000c3000000, 0x00000000c3000000| Untracked 
|  25|0x00000000c3100000, 0x00000000c3100000, 0x00000000c3200000|  0%| F|  |TAMS 0x00000000c3100000, 0x00000000c3100000| Untracked 
|  26|0x00000000c3200000, 0x00000000c3200000, 0x00000000c3300000|  0%| F|  |TAMS 0x00000000c3200000, 0x00000000c3200000| Untracked 
|  27|0x00000000c3300000, 0x00000000c3300000, 0x00000000c3400000|  0%| F|  |TAMS 0x00000000c3300000, 0x00000000c3300000| Untracked 
|  28|0x00000000c3400000, 0x00000000c3400000, 0x00000000c3500000|  0%| F|  |TAMS 0x00000000c3400000, 0x00000000c3400000| Untracked 
|  29|0x00000000c3500000, 0x00000000c3500000, 0x00000000c3600000|  0%| F|  |TAMS 0x00000000c3500000, 0x00000000c3500000| Untracked 
|  30|0x00000000c3600000, 0x00000000c3600000, 0x00000000c3700000|  0%| F|  |TAMS 0x00000000c3600000, 0x00000000c3600000| Untracked 
|  31|0x00000000c3700000, 0x00000000c3700000, 0x00000000c3800000|  0%| F|  |TAMS 0x00000000c3700000, 0x00000000c3700000| Untracked 
|  32|0x00000000c3800000, 0x00000000c3800000, 0x00000000c3900000|  0%| F|  |TAMS 0x00000000c3800000, 0x00000000c3800000| Untracked 
|  33|0x00000000c3900000, 0x00000000c3900000, 0x00000000c3a00000|  0%| F|  |TAMS 0x00000000c3900000, 0x00000000c3900000| Untracked 
|  34|0x00000000c3a00000, 0x00000000c3a00000, 0x00000000c3b00000|  0%| F|  |TAMS 0x00000000c3a00000, 0x00000000c3a00000| Untracked 
|  35|0x00000000c3b00000, 0x00000000c3b00000, 0x00000000c3c00000|  0%| F|  |TAMS 0x00000000c3b00000, 0x00000000c3b00000| Untracked 
|  36|0x00000000c3c00000, 0x00000000c3c00000, 0x00000000c3d00000|  0%| F|  |TAMS 0x00000000c3c00000, 0x00000000c3c00000| Untracked 
|  37|0x00000000c3d00000, 0x00000000c3d00000, 0x00000000c3e00000|  0%| F|  |TAMS 0x00000000c3d00000, 0x00000000c3d00000| Untracked 
|  38|0x00000000c3e00000, 0x00000000c3e00000, 0x00000000c3f00000|  0%| F|  |TAMS 0x00000000c3e00000, 0x00000000c3e00000| Untracked 
|  39|0x00000000c3f00000, 0x00000000c3f00000, 0x00000000c4000000|  0%| F|  |TAMS 0x00000000c3f00000, 0x00000000c3f00000| Untracked 
|  40|0x00000000c4000000, 0x00000000c4000000, 0x00000000c4100000|  0%| F|  |TAMS 0x00000000c4000000, 0x00000000c4000000| Untracked 
|  41|0x00000000c4100000, 0x00000000c4100000, 0x00000000c4200000|  0%| F|  |TAMS 0x00000000c4100000, 0x00000000c4100000| Untracked 
|  42|0x00000000c4200000, 0x00000000c4200000, 0x00000000c4300000|  0%| F|  |TAMS 0x00000000c4200000, 0x00000000c4200000| Untracked 
|  43|0x00000000c4300000, 0x00000000c4300000, 0x00000000c4400000|  0%| F|  |TAMS 0x00000000c4300000, 0x00000000c4300000| Untracked 
|  44|0x00000000c4400000, 0x00000000c4400000, 0x00000000c4500000|  0%| F|  |TAMS 0x00000000c4400000, 0x00000000c4400000| Untracked 
|  45|0x00000000c4500000, 0x00000000c4500000, 0x00000000c4600000|  0%| F|  |TAMS 0x00000000c4500000, 0x00000000c4500000| Untracked 
|  46|0x00000000c4600000, 0x00000000c4600000, 0x00000000c4700000|  0%| F|  |TAMS 0x00000000c4600000, 0x00000000c4600000| Untracked 
|  47|0x00000000c4700000, 0x00000000c4700000, 0x00000000c4800000|  0%| F|  |TAMS 0x00000000c4700000, 0x00000000c4700000| Untracked 
|  48|0x00000000c4800000, 0x00000000c48ad430, 0x00000000c4900000| 67%| S|CS|TAMS 0x00000000c4800000, 0x00000000c4800000| Complete 
|  49|0x00000000c4900000, 0x00000000c497e188, 0x00000000c4a00000| 49%| E|  |TAMS 0x00000000c4900000, 0x00000000c4900000| Complete 
|  50|0x00000000c4a00000, 0x00000000c4b00000, 0x00000000c4b00000|100%| E|CS|TAMS 0x00000000c4a00000, 0x00000000c4a00000| Complete 
|  51|0x00000000c4b00000, 0x00000000c4c00000, 0x00000000c4c00000|100%| E|CS|TAMS 0x00000000c4b00000, 0x00000000c4b00000| Complete 
|  52|0x00000000c4c00000, 0x00000000c4d00000, 0x00000000c4d00000|100%| E|  |TAMS 0x00000000c4c00000, 0x00000000c4c00000| Complete 
|  53|0x00000000c4d00000, 0x00000000c4e00000, 0x00000000c4e00000|100%| E|CS|TAMS 0x00000000c4d00000, 0x00000000c4d00000| Complete 
|  54|0x00000000c4e00000, 0x00000000c4f00000, 0x00000000c4f00000|100%| E|CS|TAMS 0x00000000c4e00000, 0x00000000c4e00000| Complete 
|  55|0x00000000c4f00000, 0x00000000c5000000, 0x00000000c5000000|100%| E|CS|TAMS 0x00000000c4f00000, 0x00000000c4f00000| Complete 
|  56|0x00000000c5000000, 0x00000000c5100000, 0x00000000c5100000|100%| E|CS|TAMS 0x00000000c5000000, 0x00000000c5000000| Complete 
|  57|0x00000000c5100000, 0x00000000c5200000, 0x00000000c5200000|100%| E|CS|TAMS 0x00000000c5100000, 0x00000000c5100000| Complete 
|  58|0x00000000c5200000, 0x00000000c5300000, 0x00000000c5300000|100%| E|CS|TAMS 0x00000000c5200000, 0x00000000c5200000| Complete 
|  59|0x00000000c5300000, 0x00000000c5400000, 0x00000000c5400000|100%| E|CS|TAMS 0x00000000c5300000, 0x00000000c5300000| Complete 
|  60|0x00000000c5400000, 0x00000000c5500000, 0x00000000c5500000|100%| E|CS|TAMS 0x00000000c5400000, 0x00000000c5400000| Complete 
|  61|0x00000000c5500000, 0x00000000c5600000, 0x00000000c5600000|100%| E|CS|TAMS 0x00000000c5500000, 0x00000000c5500000| Complete 
|  62|0x00000000c5600000, 0x00000000c5700000, 0x00000000c5700000|100%| E|CS|TAMS 0x00000000c5600000, 0x00000000c5600000| Complete 
|  63|0x00000000c5700000, 0x00000000c5800000, 0x00000000c5800000|100%| E|CS|TAMS 0x00000000c5700000, 0x00000000c5700000| Complete 

Card table byte_map: [0x000002d164d80000,0x000002d164f80000] _byte_map_base: 0x000002d164774000

Marking Bits (Prev, Next): (CMBitMap*) 0x000002d14e42e1a0, (CMBitMap*) 0x000002d14e42e1e0
 Prev Bits: [0x000002d165180000, 0x000002d166120000)
 Next Bits: [0x000002d166120000, 0x000002d1670c0000)

Polling page: 0x000002d14c3a0000

Metaspace:

Usage:
  Non-class:      6.23 MB used.
      Class:    822.23 KB used.
       Both:      7.03 MB used.

Virtual space:
  Non-class space:       16.00 MB reserved,       6.31 MB ( 39%) committed,  2 nodes.
      Class space:        1.00 GB reserved,     896.00 KB ( <1%) committed,  1 nodes.
              Both:        1.02 GB reserved,       7.19 MB ( <1%) committed. 

Chunk freelists:
   Non-Class:  3.77 MB
       Class:  3.09 MB
        Both:  6.86 MB

MaxMetaspaceSize: 17179869184.00 GB
CompressedClassSpaceSize: 1.00 GB
 - commit_granule_bytes: 65536.
 - commit_granule_words: 8192.
 - virtual_space_node_default_size: 1048576.
 - enlarge_chunks_in_place: 1.
 - new_chunks_are_fully_committed: 0.
 - uncommit_free_chunks: 1.
 - use_allocation_guard: 0.
 - handle_deallocations: 1.


Internal statistics:

num_allocs_failed_limit: 0.
num_arena_births: 26.
num_arena_deaths: 0.
num_vsnodes_births: 3.
num_vsnodes_deaths: 0.
num_space_committed: 115.
num_space_uncommitted: 0.
num_chunks_returned_to_freelist: 0.
num_chunks_taken_from_freelist: 239.
num_chunk_merges: 0.
num_chunk_splits: 176.
num_chunks_enlarged: 150.
num_purges: 0.

CodeHeap 'non-profiled nmethods': size=120000Kb used=516Kb max_used=516Kb free=119484Kb
 bounds [0x000002d15d650000, 0x000002d15d8c0000, 0x000002d164b80000]
CodeHeap 'profiled nmethods': size=120000Kb used=2686Kb max_used=2686Kb free=117313Kb
 bounds [0x000002d156120000, 0x000002d1563c0000, 0x000002d15d650000]
CodeHeap 'non-nmethods': size=5760Kb used=1164Kb max_used=1192Kb free=4595Kb
 bounds [0x000002d155b80000, 0x000002d155df0000, 0x000002d156120000]
 total_blobs=1807 nmethods=1357 adapters=363
 compilation: enabled
              stopped_count=0, restarted_count=0
 full_count=0

Compilation events (20 events):
Event: 1.314 Thread 0x000002d16a070370 nmethod 1313 0x000002d15d6ccd10 code [0x000002d15d6ccea0, 0x000002d15d6ccf58]
Event: 1.314 Thread 0x000002d16a070370 1315   !   4       jdk.internal.loader.URLClassPath$JarLoader::getResource (65 bytes)
Event: 1.314 Thread 0x000002d169521d80 1316       3       java.util.Arrays$ArrayItr::hasNext (18 bytes)
Event: 1.314 Thread 0x000002d169521d80 nmethod 1316 0x000002d1563a3b90 code [0x000002d1563a3d20, 0x000002d1563a3e98]
Event: 1.314 Thread 0x000002d169521d80 1317       3       java.util.Arrays$ArrayItr::next (36 bytes)
Event: 1.315 Thread 0x000002d169521d80 nmethod 1317 0x000002d1563a3f90 code [0x000002d1563a4140, 0x000002d1563a4388]
Event: 1.315 Thread 0x000002d169521d80 1320       3       java.util.TimSort::sort (229 bytes)
Event: 1.316 Thread 0x000002d169521d80 nmethod 1320 0x000002d1563a4490 code [0x000002d1563a46e0, 0x000002d1563a4df8]
Event: 1.316 Thread 0x000002d169521d80 1318       3       com.google.inject.internal.Errors::hasErrors (16 bytes)
Event: 1.316 Thread 0x000002d169521d80 nmethod 1318 0x000002d1563a5190 code [0x000002d1563a5320, 0x000002d1563a5498]
Event: 1.316 Thread 0x000002d169521d80 1321       3       java.util.Arrays::sort (37 bytes)
Event: 1.316 Thread 0x000002d169521d80 nmethod 1321 0x000002d1563a5590 code [0x000002d1563a5760, 0x000002d1563a5958]
Event: 1.316 Thread 0x000002d169521d80 1319       3       java.lang.Class::getDeclaredFields (27 bytes)
Event: 1.317 Thread 0x000002d169521d80 nmethod 1319 0x000002d1563a5a10 code [0x000002d1563a5c00, 0x000002d1563a5f18]
Event: 1.318 Thread 0x000002d169521d80 1324       3       sun.reflect.generics.parser.SignatureParser::parsePackageNameAndSimpleClassTypeSignature (119 bytes)
Event: 1.320 Thread 0x000002d169521d80 nmethod 1324 0x000002d1563a6090 code [0x000002d1563a6380, 0x000002d1563a6e48]
Event: 1.320 Thread 0x000002d169521d80 1323       3       sun.reflect.generics.parser.SignatureParser::parseClassTypeSignature (118 bytes)
Event: 1.322 Thread 0x000002d169521d80 nmethod 1323 0x000002d1563a7290 code [0x000002d1563a7640, 0x000002d1563a8a78]
Event: 1.322 Thread 0x000002d169521d80 1325       3       sun.reflect.generics.tree.SimpleClassTypeSignature::make (11 bytes)
Event: 1.322 Thread 0x000002d169521d80 nmethod 1325 0x000002d1563a9210 code [0x000002d1563a93c0, 0x000002d1563a9698]

GC Heap History (4 events):
Event: 0.704 GC heap before
{Heap before GC invocations=0 (full 0):
 garbage-first heap   total 65536K, used 12288K [0x00000000c1800000, 0x0000000100000000)
  region size 1024K, 13 young (13312K), 0 survivors (0K)
 Metaspace       used 3518K, committed 3712K, reserved 1056768K
  class space    used 350K, committed 448K, reserved 1048576K
}
Event: 0.711 GC heap after
{Heap after GC invocations=1 (full 0):
 garbage-first heap   total 65536K, used 3088K [0x00000000c1800000, 0x0000000100000000)
  region size 1024K, 2 young (2048K), 2 survivors (2048K)
 Metaspace       used 3518K, committed 3712K, reserved 1056768K
  class space    used 350K, committed 448K, reserved 1048576K
}
Event: 1.029 GC heap before
{Heap before GC invocations=1 (full 0):
 garbage-first heap   total 65536K, used 16400K [0x00000000c1800000, 0x0000000100000000)
  region size 1024K, 15 young (15360K), 2 survivors (2048K)
 Metaspace       used 5130K, committed 5312K, reserved 1056768K
  class space    used 581K, committed 640K, reserved 1048576K
}
Event: 1.034 GC heap after
{Heap after GC invocations=2 (full 0):
 garbage-first heap   total 65536K, used 3860K [0x00000000c1800000, 0x0000000100000000)
  region size 1024K, 1 young (1024K), 1 survivors (1024K)
 Metaspace       used 5130K, committed 5312K, reserved 1056768K
  class space    used 581K, committed 640K, reserved 1048576K
}

Deoptimization events (20 events):
Event: 1.110 Thread 0x000002d14e3fdc40 Uncommon trap: trap_request=0xffffffde fr.pc=0x000002d15d6b3a4c relative=0x000000000000012c
Event: 1.110 Thread 0x000002d14e3fdc40 Uncommon trap: reason=class_check action=maybe_recompile pc=0x000002d15d6b3a4c method=jdk.internal.misc.Unsafe.allocateUninitializedArray(Ljava/lang/Class;I)Ljava/lang/Object; @ 51 c2
Event: 1.110 Thread 0x000002d14e3fdc40 DEOPT PACKING pc=0x000002d15d6b3a4c sp=0x000000e9f7ffb8d0
Event: 1.110 Thread 0x000002d14e3fdc40 DEOPT UNPACKING pc=0x000002d155bcd72e sp=0x000000e9f7ffb858 mode 2
Event: 1.110 Thread 0x000002d14e3fdc40 Uncommon trap: trap_request=0xffffffde fr.pc=0x000002d15d6b3a4c relative=0x000000000000012c
Event: 1.110 Thread 0x000002d14e3fdc40 Uncommon trap: reason=class_check action=maybe_recompile pc=0x000002d15d6b3a4c method=jdk.internal.misc.Unsafe.allocateUninitializedArray(Ljava/lang/Class;I)Ljava/lang/Object; @ 51 c2
Event: 1.110 Thread 0x000002d14e3fdc40 DEOPT PACKING pc=0x000002d15d6b3a4c sp=0x000000e9f7ffb5a0
Event: 1.110 Thread 0x000002d14e3fdc40 DEOPT UNPACKING pc=0x000002d155bcd72e sp=0x000000e9f7ffb528 mode 2
Event: 1.111 Thread 0x000002d14e3fdc40 Uncommon trap: trap_request=0xffffffde fr.pc=0x000002d15d6b3a4c relative=0x000000000000012c
Event: 1.111 Thread 0x000002d14e3fdc40 Uncommon trap: reason=class_check action=maybe_recompile pc=0x000002d15d6b3a4c method=jdk.internal.misc.Unsafe.allocateUninitializedArray(Ljava/lang/Class;I)Ljava/lang/Object; @ 51 c2
Event: 1.111 Thread 0x000002d14e3fdc40 DEOPT PACKING pc=0x000002d15d6b3a4c sp=0x000000e9f7ffd770
Event: 1.111 Thread 0x000002d14e3fdc40 DEOPT UNPACKING pc=0x000002d155bcd72e sp=0x000000e9f7ffd6f8 mode 2
Event: 1.150 Thread 0x000002d14e3fdc40 DEOPT PACKING pc=0x000002d15615b288 sp=0x000000e9f7ffd640
Event: 1.150 Thread 0x000002d14e3fdc40 DEOPT UNPACKING pc=0x000002d155bcdece sp=0x000000e9f7ffcb48 mode 0
Event: 1.183 Thread 0x000002d14e3fdc40 Uncommon trap: trap_request=0xffffff45 fr.pc=0x000002d15d6b0954 relative=0x0000000000000334
Event: 1.183 Thread 0x000002d14e3fdc40 Uncommon trap: reason=unstable_if action=reinterpret pc=0x000002d15d6b0954 method=java.lang.String.<init>([CIILjava/lang/Void;)V @ 5 c2
Event: 1.183 Thread 0x000002d14e3fdc40 DEOPT PACKING pc=0x000002d15d6b0954 sp=0x000000e9f7ffd9c0
Event: 1.183 Thread 0x000002d14e3fdc40 DEOPT UNPACKING pc=0x000002d155bcd72e sp=0x000000e9f7ffd980 mode 2
Event: 1.205 Thread 0x000002d14e3fdc40 DEOPT PACKING pc=0x000002d156344011 sp=0x000000e9f7ffdbf0
Event: 1.205 Thread 0x000002d14e3fdc40 DEOPT UNPACKING pc=0x000002d155bcdece sp=0x000000e9f7ffd048 mode 0

Classes unloaded (0 events):
No events

Classes redefined (0 events):
No events

Internal exceptions (2 events):
Event: 0.555 Thread 0x000002d14e3fdc40 Exception <a 'java/lang/NoSuchMethodError'{0x00000000c4ec2538}: 'void java.lang.invoke.DirectMethodHandle$Holder.invokeSpecial(java.lang.Object, java.lang.Object, java.lang.Object)'> (0x00000000c4ec2538) 
thrown [t:\workspace\open\src\hotspot\share\interpreter\linkResolver.cpp, line 790]
Event: 0.784 Thread 0x000002d14e3fdc40 Exception <a 'java/lang/NoSuchMethodError'{0x00000000c551b3f8}: 'java.lang.Object java.lang.invoke.DirectMethodHandle$Holder.newInvokeSpecial(java.lang.Object, java.lang.Object, java.lang.Object, java.lang.Object, java.lang.Object)'> (0x00000000c551b3f8) 
thrown [t:\workspace\open\src\hotspot\share\interpreter\linkResolver.cpp, line 790]

Events (20 events):
Event: 1.129 loading class jdk/internal/reflect/ClassFileAssembler
Event: 1.130 loading class jdk/internal/reflect/ClassFileAssembler done
Event: 1.130 loading class jdk/internal/reflect/UTF8
Event: 1.130 loading class jdk/internal/reflect/UTF8 done
Event: 1.131 loading class jdk/internal/reflect/Label
Event: 1.131 loading class jdk/internal/reflect/Label done
Event: 1.131 loading class jdk/internal/reflect/Label$PatchInfo
Event: 1.131 loading class jdk/internal/reflect/Label$PatchInfo done
Event: 1.131 loading class jdk/internal/reflect/MethodAccessorGenerator$1
Event: 1.131 loading class jdk/internal/reflect/MethodAccessorGenerator$1 done
Event: 1.131 loading class jdk/internal/reflect/ClassDefiner
Event: 1.131 loading class jdk/internal/reflect/ClassDefiner done
Event: 1.131 loading class jdk/internal/reflect/ClassDefiner$1
Event: 1.131 loading class jdk/internal/reflect/ClassDefiner$1 done
Event: 1.131 loading class jdk/internal/reflect/BootstrapConstructorAccessorImpl
Event: 1.131 loading class jdk/internal/reflect/BootstrapConstructorAccessorImpl done
Event: 1.303 loading class java/lang/NumberFormatException
Event: 1.303 loading class java/lang/NumberFormatException done
Event: 1.303 Executing  VM operation: HandshakeAllThreads
Event: 1.303 Executing  VM operation: HandshakeAllThreads done


Dynamic libraries:
0x00007ff64c610000 - 0x00007ff64c620000 	C:\Program Files\Java\jdk-16.0.2\bin\java.exe
0x00007ffb703b0000 - 0x00007ffb705a5000 	C:\WINDOWS\SYSTEM32\ntdll.dll
0x00007ffb6fec0000 - 0x00007ffb6ff7e000 	C:\WINDOWS\System32\KERNEL32.DLL
0x00007ffb6e130000 - 0x00007ffb6e3f9000 	C:\WINDOWS\System32\KERNELBASE.dll
0x00007ffb6dd10000 - 0x00007ffb6de10000 	C:\WINDOWS\System32\ucrtbase.dll
0x00007ffb58960000 - 0x00007ffb58979000 	C:\Program Files\Java\jdk-16.0.2\bin\VCRUNTIME140.dll
0x00007ffb66d10000 - 0x00007ffb66d28000 	C:\Program Files\Java\jdk-16.0.2\bin\jli.dll
0x00007ffb6e7d0000 - 0x00007ffb6e87c000 	C:\WINDOWS\System32\ADVAPI32.dll
0x00007ffb6f760000 - 0x00007ffb6f7fe000 	C:\WINDOWS\System32\msvcrt.dll
0x00007ffb6ea70000 - 0x00007ffb6eb0b000 	C:\WINDOWS\System32\sechost.dll
0x00007ffb6ee60000 - 0x00007ffb6ef8a000 	C:\WINDOWS\System32\RPCRT4.dll
0x00007ffb6e620000 - 0x00007ffb6e7c1000 	C:\WINDOWS\System32\USER32.dll
0x00007ffb52f50000 - 0x00007ffb531ea000 	C:\WINDOWS\WinSxS\amd64_microsoft.windows.common-controls_6595b64144ccf1df_6.0.19041.1110_none_60b5254171f9507e\COMCTL32.dll
0x00007ffb6dec0000 - 0x00007ffb6dee2000 	C:\WINDOWS\System32\win32u.dll
0x00007ffb6f6d0000 - 0x00007ffb6f6fb000 	C:\WINDOWS\System32\GDI32.dll
0x00007ffb6dad0000 - 0x00007ffb6dbdb000 	C:\WINDOWS\System32\gdi32full.dll
0x00007ffb6dbe0000 - 0x00007ffb6dc7d000 	C:\WINDOWS\System32\msvcp_win.dll
0x00007ffb62e60000 - 0x00007ffb62e6a000 	C:\WINDOWS\SYSTEM32\VERSION.dll
0x00007ffb6f8e0000 - 0x00007ffb6f910000 	C:\WINDOWS\System32\IMM32.DLL
0x00007ffb58740000 - 0x00007ffb5874c000 	C:\Program Files\Java\jdk-16.0.2\bin\vcruntime140_1.dll
0x00007ffb566d0000 - 0x00007ffb56761000 	C:\Program Files\Java\jdk-16.0.2\bin\msvcp140.dll
0x00007ffb439c0000 - 0x00007ffb4456b000 	C:\Program Files\Java\jdk-16.0.2\bin\server\jvm.dll
0x00007ffb6e590000 - 0x00007ffb6e598000 	C:\WINDOWS\System32\PSAPI.DLL
0x00007ffb628f0000 - 0x00007ffb628f9000 	C:\WINDOWS\SYSTEM32\WSOCK32.dll
0x00007ffb55140000 - 0x00007ffb55167000 	C:\WINDOWS\SYSTEM32\WINMM.dll
0x00007ffb6e9e0000 - 0x00007ffb6ea4b000 	C:\WINDOWS\System32\WS2_32.dll
0x00007ffb6ba60000 - 0x00007ffb6ba72000 	C:\WINDOWS\SYSTEM32\kernel.appcore.dll
0x00007ffb58730000 - 0x00007ffb5873a000 	C:\Program Files\Java\jdk-16.0.2\bin\jimage.dll
0x00007ffb67a20000 - 0x00007ffb67c04000 	C:\WINDOWS\SYSTEM32\DBGHELP.DLL
0x00007ffb54820000 - 0x00007ffb5484c000 	C:\WINDOWS\SYSTEM32\dbgcore.DLL
0x00007ffb6df40000 - 0x00007ffb6dfc3000 	C:\WINDOWS\System32\bcryptPrimitives.dll
0x00007ffb57e60000 - 0x00007ffb57e85000 	C:\Program Files\Java\jdk-16.0.2\bin\java.dll
0x00007ffb6ef90000 - 0x00007ffb6f6cf000 	C:\WINDOWS\System32\SHELL32.dll
0x00007ffb6bbd0000 - 0x00007ffb6c360000 	C:\WINDOWS\SYSTEM32\windows.storage.dll
0x00007ffb70010000 - 0x00007ffb70365000 	C:\WINDOWS\System32\combase.dll
0x00007ffb6d450000 - 0x00007ffb6d47c000 	C:\WINDOWS\SYSTEM32\Wldp.dll
0x00007ffb6e930000 - 0x00007ffb6e9dd000 	C:\WINDOWS\System32\SHCORE.dll
0x00007ffb6e530000 - 0x00007ffb6e585000 	C:\WINDOWS\System32\shlwapi.dll
0x00007ffb6da10000 - 0x00007ffb6da2f000 	C:\WINDOWS\SYSTEM32\profapi.dll
0x00007ffb57e40000 - 0x00007ffb57e59000 	C:\Program Files\Java\jdk-16.0.2\bin\net.dll
0x00007ffb610b0000 - 0x00007ffb611b8000 	C:\WINDOWS\SYSTEM32\WINHTTP.dll
0x00007ffb6d1b0000 - 0x00007ffb6d21a000 	C:\WINDOWS\system32\mswsock.dll
0x00007ffb57e20000 - 0x00007ffb57e33000 	C:\Program Files\Java\jdk-16.0.2\bin\nio.dll
0x00007ffb57e00000 - 0x00007ffb57e18000 	C:\Program Files\Java\jdk-16.0.2\bin\zip.dll
0x00007ffb586a0000 - 0x00007ffb586b0000 	C:\Program Files\Java\jdk-16.0.2\bin\verify.dll
0x00007ffb66e00000 - 0x00007ffb66e0a000 	C:\Program Files\NetBeans-12.5\netbeans\java\maven\lib\jansi-native\windows64\jansi.dll

dbghelp: loaded successfully - version: 4.0.5 - missing functions: none
symbol engine: initialized successfully - sym options: 0x614 - pdb path: .;C:\Program Files\Java\jdk-16.0.2\bin;C:\WINDOWS\SYSTEM32;C:\WINDOWS\WinSxS\amd64_microsoft.windows.common-controls_6595b64144ccf1df_6.0.19041.1110_none_60b5254171f9507e;C:\Program Files\Java\jdk-16.0.2\bin\server;C:\Program Files\NetBeans-12.5\netbeans\java\maven\lib\jansi-native\windows64

VM Arguments:
jvm_args: -Dclassworlds.conf=C:\Program Files\NetBeans-12.5\netbeans\java\maven\bin\..\bin\m2.conf -Dmaven.home=C:\Program Files\NetBeans-12.5\netbeans\java\maven\bin\.. -Dlibrary.jansi.path=C:\Program Files\NetBeans-12.5\netbeans\java\maven\bin\..\lib\jansi-native -Dmaven.multiModuleProjectDirectory=C:\Users\dell\Documents\NetBeansProjects\projetoGit\projetoN2 
java_command: org.codehaus.plexus.classworlds.launcher.Launcher -Dexec.vmArgs= -Dexec.args=${exec.vmArgs} -classpath %classpath ${exec.mainClass} ${exec.appArgs} -Dexec.executable=C:\Program Files\Java\jdk-16.0.2\bin\java.exe -Dexec.mainClass=view.services.LoginFrame -Dexec.classpathScope=runtime -Dexec.appArgs= -Dmaven.ext.class.path=C:\Program Files\NetBeans-12.5\netbeans\java\maven-nblib\netbeans-eventspy.jar -Dfile.encoding=UTF-8 org.codehaus.mojo:exec-maven-plugin:3.0.0:exec
java_class_path (initial): C:\Program Files\NetBeans-12.5\netbeans\java\maven\bin\..\boot\plexus-classworlds-2.6.0.jar
Launcher Type: SUN_STANDARD

[Global flags]
     intx CICompilerCount                          = 3                                         {product} {ergonomic}
     uint ConcGCThreads                            = 1                                         {product} {ergonomic}
     uint G1ConcRefinementThreads                  = 4                                         {product} {ergonomic}
   size_t G1HeapRegionSize                         = 1048576                                   {product} {ergonomic}
    uintx GCDrainStackTargetSize                   = 64                                        {product} {ergonomic}
   size_t InitialHeapSize                          = 67108864                                  {product} {ergonomic}
   size_t MarkStackSize                            = 4194304                                   {product} {ergonomic}
   size_t MaxHeapSize                              = 1048576000                                {product} {ergonomic}
   size_t MaxNewSize                               = 629145600                                 {product} {ergonomic}
   size_t MinHeapDeltaBytes                        = 1048576                                   {product} {ergonomic}
   size_t MinHeapSize                              = 8388608                                   {product} {ergonomic}
    uintx NonNMethodCodeHeapSize                   = 5832780                                {pd product} {ergonomic}
    uintx NonProfiledCodeHeapSize                  = 122912730                              {pd product} {ergonomic}
    uintx ProfiledCodeHeapSize                     = 122912730                              {pd product} {ergonomic}
    uintx ReservedCodeCacheSize                    = 251658240                              {pd product} {ergonomic}
     bool SegmentedCodeCache                       = true                                      {product} {ergonomic}
   size_t SoftMaxHeapSize                          = 1048576000                             {manageable} {ergonomic}
     bool UseCompressedClassPointers               = true                           {product lp64_product} {ergonomic}
     bool UseCompressedOops                        = true                           {product lp64_product} {ergonomic}
     bool UseG1GC                                  = true                                      {product} {ergonomic}
     bool UseLargePagesIndividualAllocation        = false                                  {pd product} {ergonomic}

Logging:
Log output configuration:
 #0: stdout all=warning uptime,level,tags
 #1: stderr all=off uptime,level,tags

Environment Variables:
JAVA_HOME=C:\Program Files\Java\jdk-16.0.2
PATH=C:\Program Files\Common Files\Oracle\Java\javapath;C:\Program Files (x86)\Common Files\Oracle\Java\javapath;C:\Program Files\AdoptOpenJDK\jdk-14.0.2.12-hotspot\bin;C:\WINDOWS\system32;C:\WINDOWS;C:\WINDOWS\System32\Wbem;C:\WINDOWS\System32\WindowsPowerShell\v1.0\;C:\WINDOWS\System32\OpenSSH\;C:\Program Files\nodejs\;C:\Program Files (x86)\Intel\Intel(R) Management Engine Components\DAL;C:\Program Files\Intel\Intel(R) Management Engine Components\DAL;C:\MinGW\bin;C:\Program Files\Java\jdk-15.0.2\bin;C:\Program Files\Git\cmd;C:\Program Files\Apache\maven\apache-maven-3.8.3\bin;C:\Program Files\MySQL\MySQL Shell 8.0\bin\;C:\Users\dell\AppData\Local\Microsoft\WindowsApps;C:\Users\dell\AppData\Roaming\npm;C:\MinGW\bin;;C:\Program Files\JetBrains\IntelliJ IDEA Community Edition 2021.2\bin;;C:\Users\dell\AppData\Local\Programs\mongosh\
USERNAME=dell
OS=Windows_NT
PROCESSOR_IDENTIFIER=Intel64 Family 6 Model 142 Stepping 9, GenuineIntel



---------------  S Y S T E M  ---------------

OS:
 Windows 10 , 64 bit Build 19041 (10.0.19041.1202)
OS uptime: 0 days 4:19 hours

CPU: total 4 (initial active 4) (2 cores per cpu, 2 threads per core) family 6 model 142 stepping 9 microcode 0xea, cx8, cmov, fxsr, ht, mmx, 3dnowpref, sse, sse2, sse3, ssse3, sse4.1, sse4.2, popcnt, lzcnt, tsc, tscinvbit, avx, avx2, aes, erms, clmul, bmi1, bmi2, adx, fma, vzeroupper, clflush, clflushopt

Memory: 4k page, system-wide physical 3996M (477M free)
TotalPageFile size 5391M (AvailPageFile size 5M)
current process WorkingSet (physical memory assigned to process): 74M, peak: 74M
current process commit charge ("private bytes"): 155M, peak: 156M

vm_info: Java HotSpot(TM) 64-Bit Server VM (16.0.2+7-67) for windows-amd64 JRE (16.0.2+7-67), built on Jun  8 2021 23:24:19 by "mach5one" with MS VC++ 16.7 (VS2019)

END.
