#
# There is insufficient memory for the Java Runtime Environment to continue.
# Native memory allocation (malloc) failed to allocate 32744 bytes for ChunkPool::allocate
# Possible reasons:
#   The system is out of physical RAM or swap space
#   The process is running with CompressedOops enabled, and the Java Heap may be blocking the growth of the native heap
# Possible solutions:
#   Reduce memory load on the system
#   Increase physical memory or swap space
#   Check if swap backing store is full
#   Decrease Java heap size (-Xmx/-Xms)
#   Decrease number of Java threads
#   Decrease Java thread stack sizes (-Xss)
#   Set larger code cache with -XX:ReservedCodeCacheSize=
#   JVM is running with Unscaled Compressed Oops mode in which the Java heap is
#     placed in the first 4GB address space. The Java Heap base address is the
#     maximum limit for the native heap growth. Please use -XX:HeapBaseMinAddress
#     to set the Java Heap base and to place the Java Heap above 4GB virtual address.
# This output file may be truncated or incomplete.
#
#  Out of Memory Error (arena.cpp:79), pid=8224, tid=8280
#
# JRE version: Java(TM) SE Runtime Environment (16.0.2+7) (build 16.0.2+7-67)
# Java VM: Java HotSpot(TM) 64-Bit Server VM (16.0.2+7-67, mixed mode, sharing, tiered, compressed oops, compressed class ptrs, g1 gc, windows-amd64)
# No core dump will be written. Minidumps are not enabled by default on client versions of Windows
#

---------------  S U M M A R Y ------------

Command Line: view.services.TableSuppliers

Host: Intel(R) Core(TM) i3-7020U CPU @ 2.30GHz, 4 cores, 3G,  Windows 10 , 64 bit Build 19041 (10.0.19041.1202)
Time: Sun Oct 17 20:39:44 2021 Hora oficial do Brasil elapsed time: 0.433782 seconds (0d 0h 0m 0s)

---------------  T H R E A D  ---------------

Current thread (0x00000292b4c27a50):  JavaThread "C1 CompilerThread0" daemon [_thread_in_native, id=8280, stack(0x000000c286300000,0x000000c286400000)]


Current CompileTask:
C1:    433  539       3       javax.swing.UIDefaults$TextAndMnemonicHashMap::get (358 bytes)

Stack: [0x000000c286300000,0x000000c286400000]
Native frames: (J=compiled Java code, j=interpreted, Vv=VM code, C=native code)
V  [jvm.dll+0x6681ca]
V  [jvm.dll+0x7c9e69]
V  [jvm.dll+0x7cb61e]
V  [jvm.dll+0x7cbc73]
V  [jvm.dll+0x242c55]
V  [jvm.dll+0xae10f]
V  [jvm.dll+0xae45c]
V  [jvm.dll+0x11a3b5]
V  [jvm.dll+0x178a1c]
V  [jvm.dll+0x1795d3]
V  [jvm.dll+0x1331c3]
V  [jvm.dll+0x132a5f]
V  [jvm.dll+0x132c99]
V  [jvm.dll+0x1320ff]
V  [jvm.dll+0x133ec1]
V  [jvm.dll+0x225158]
V  [jvm.dll+0x22319c]
V  [jvm.dll+0x77fa62]
V  [jvm.dll+0x7795aa]
V  [jvm.dll+0x667066]
C  [ucrtbase.dll+0x21bb2]
C  [KERNEL32.DLL+0x17034]
C  [ntdll.dll+0x52651]


---------------  P R O C E S S  ---------------

Threads class SMR info:
_java_thread_list=0x00000292b5b27ee0, length=16, elements={
0x00000292b4c04d80, 0x00000292b4c05c40, 0x00000292b4c1ab40, 0x00000292b4c1c750,
0x00000292b4c20270, 0x00000292b4c20c70, 0x00000292b4c23a60, 0x00000292b4c27a50,
0x00000292b4c444a0, 0x00000292b584f4d0, 0x00000292b5875120, 0x00000292b5a9c9a0,
0x00000292b5a9cec0, 0x00000292b5a9d3e0, 0x00000292b5afc3f0, 0x0000029299b1ccd0
}

Java Threads: ( => current thread )
  0x00000292b4c04d80 JavaThread "Reference Handler" daemon [_thread_blocked, id=3868, stack(0x000000c285c00000,0x000000c285d00000)]
  0x00000292b4c05c40 JavaThread "Finalizer" daemon [_thread_blocked, id=9336, stack(0x000000c285d00000,0x000000c285e00000)]
  0x00000292b4c1ab40 JavaThread "Signal Dispatcher" daemon [_thread_blocked, id=7288, stack(0x000000c285e00000,0x000000c285f00000)]
  0x00000292b4c1c750 JavaThread "Attach Listener" daemon [_thread_blocked, id=8260, stack(0x000000c285f00000,0x000000c286000000)]
  0x00000292b4c20270 JavaThread "Service Thread" daemon [_thread_blocked, id=8460, stack(0x000000c286000000,0x000000c286100000)]
  0x00000292b4c20c70 JavaThread "Monitor Deflation Thread" daemon [_thread_blocked, id=10232, stack(0x000000c286100000,0x000000c286200000)]
  0x00000292b4c23a60 JavaThread "C2 CompilerThread0" daemon [_thread_in_native, id=10132, stack(0x000000c286200000,0x000000c286300000)]
=>0x00000292b4c27a50 JavaThread "C1 CompilerThread0" daemon [_thread_in_native, id=8280, stack(0x000000c286300000,0x000000c286400000)]
  0x00000292b4c444a0 JavaThread "Sweeper thread" daemon [_thread_blocked, id=5788, stack(0x000000c286400000,0x000000c286500000)]
  0x00000292b584f4d0 JavaThread "Notification Thread" daemon [_thread_blocked, id=6448, stack(0x000000c286500000,0x000000c286600000)]
  0x00000292b5875120 JavaThread "Common-Cleaner" daemon [_thread_blocked, id=1324, stack(0x000000c286700000,0x000000c286800000)]
  0x00000292b5a9c9a0 JavaThread "Java2D Disposer" daemon [_thread_blocked, id=2748, stack(0x000000c286800000,0x000000c286900000)]
  0x00000292b5a9cec0 JavaThread "AWT-Shutdown" [_thread_blocked, id=5628, stack(0x000000c286900000,0x000000c286a00000)]
  0x00000292b5a9d3e0 JavaThread "AWT-Windows" daemon [_thread_in_native, id=8668, stack(0x000000c286a00000,0x000000c286b00000)]
  0x00000292b5afc3f0 JavaThread "AWT-EventQueue-0" [_thread_in_vm, id=4436, stack(0x000000c286b00000,0x000000c286c00000)]
  0x0000029299b1ccd0 JavaThread "DestroyJavaVM" [_thread_blocked, id=4896, stack(0x000000c285500000,0x000000c285600000)]

Other Threads:
  0x00000292b4bfd120 VMThread "VM Thread" [stack: 0x000000c285b00000,0x000000c285c00000] [id=6352]
  0x00000292b5874e30 WatcherThread [stack: 0x000000c286600000,0x000000c286700000] [id=6588]
  0x0000029299b49980 GCTaskThread "GC Thread#0" [stack: 0x000000c285600000,0x000000c285700000] [id=4340]
  0x0000029299b536d0 ConcurrentGCThread "G1 Main Marker" [stack: 0x000000c285700000,0x000000c285800000] [id=6012]
  0x0000029299b558f0 ConcurrentGCThread "G1 Conc#0" [stack: 0x000000c285800000,0x000000c285900000] [id=2760]
  0x0000029299ba43e0 ConcurrentGCThread "G1 Refine#0" [stack: 0x000000c285900000,0x000000c285a00000] [id=1196]
  0x0000029299ba4e60 ConcurrentGCThread "G1 Service" [stack: 0x000000c285a00000,0x000000c285b00000] [id=6536]

Threads with active compile tasks:
C2 CompilerThread0      518  553       4       java.util.HashMap::putVal (300 bytes)
C1 CompilerThread0      518  539       3       javax.swing.UIDefaults$TextAndMnemonicHashMap::get (358 bytes)

VM state: not at safepoint (normal execution)

VM Mutex/Monitor currently owned by a thread:  ([mutex/lock_event])
[0x0000029297a1e3d0] MetaspaceExpand_lock - owner thread: 0x00000292b5afc3f0

Heap address: 0x00000000c1800000, size: 1000 MB, Compressed Oops mode: 32-bit

CDS archive(s) mapped at: [0x0000000800000000-0x0000000800bb0000-0x0000000800bb0000), size 12255232, SharedBaseAddress: 0x0000000800000000, ArchiveRelocationMode: 0.
Compressed class space mapped at: 0x0000000800c00000-0x0000000840c00000, reserved size: 1073741824
Narrow klass base: 0x0000000800000000, Narrow klass shift: 3, Narrow klass range: 0x100000000

GC Precious Log:
 CPUs: 4 total, 4 available
 Memory: 3996M
 Large Page Support: Disabled
 NUMA Support: Disabled
 Compressed Oops: Enabled (32-bit)
 Heap Region Size: 1M
 Heap Min Capacity: 8M
 Heap Initial Capacity: 64M
 Heap Max Capacity: 1000M
 Pre-touch: Disabled
 Parallel Workers: 4
 Concurrent Workers: 1
 Concurrent Refinement Workers: 4
 Periodic GC: Disabled

Heap:
 garbage-first heap   total 65536K, used 5120K [0x00000000c1800000, 0x0000000100000000)
  region size 1024K, 6 young (6144K), 0 survivors (0K)
 Metaspace       used 7427K, committed 7488K, reserved 1056768K
  class space    used 863K, committed 896K, reserved 1048576K

Heap Regions: E=young(eden), S=young(survivor), O=old, HS=humongous(starts), HC=humongous(continues), CS=collection set, F=free, OA=open archive, CA=closed archive, TAMS=top-at-mark-start (previous, next)
|   0|0x00000000c1800000, 0x00000000c1800000, 0x00000000c1900000|  0%| F|  |TAMS 0x00000000c1800000, 0x00000000c1800000| Untracked 
|   1|0x00000000c1900000, 0x00000000c1900000, 0x00000000c1a00000|  0%| F|  |TAMS 0x00000000c1900000, 0x00000000c1900000| Untracked 
|   2|0x00000000c1a00000, 0x00000000c1a00000, 0x00000000c1b00000|  0%| F|  |TAMS 0x00000000c1a00000, 0x00000000c1a00000| Untracked 
|   3|0x00000000c1b00000, 0x00000000c1b00000, 0x00000000c1c00000|  0%| F|  |TAMS 0x00000000c1b00000, 0x00000000c1b00000| Untracked 
|   4|0x00000000c1c00000, 0x00000000c1c00000, 0x00000000c1d00000|  0%| F|  |TAMS 0x00000000c1c00000, 0x00000000c1c00000| Untracked 
|   5|0x00000000c1d00000, 0x00000000c1d00000, 0x00000000c1e00000|  0%| F|  |TAMS 0x00000000c1d00000, 0x00000000c1d00000| Untracked 
|   6|0x00000000c1e00000, 0x00000000c1e00000, 0x00000000c1f00000|  0%| F|  |TAMS 0x00000000c1e00000, 0x00000000c1e00000| Untracked 
|   7|0x00000000c1f00000, 0x00000000c1f00000, 0x00000000c2000000|  0%| F|  |TAMS 0x00000000c1f00000, 0x00000000c1f00000| Untracked 
|   8|0x00000000c2000000, 0x00000000c2000000, 0x00000000c2100000|  0%| F|  |TAMS 0x00000000c2000000, 0x00000000c2000000| Untracked 
|   9|0x00000000c2100000, 0x00000000c2100000, 0x00000000c2200000|  0%| F|  |TAMS 0x00000000c2100000, 0x00000000c2100000| Untracked 
|  10|0x00000000c2200000, 0x00000000c2200000, 0x00000000c2300000|  0%| F|  |TAMS 0x00000000c2200000, 0x00000000c2200000| Untracked 
|  11|0x00000000c2300000, 0x00000000c2300000, 0x00000000c2400000|  0%| F|  |TAMS 0x00000000c2300000, 0x00000000c2300000| Untracked 
|  12|0x00000000c2400000, 0x00000000c2400000, 0x00000000c2500000|  0%| F|  |TAMS 0x00000000c2400000, 0x00000000c2400000| Untracked 
|  13|0x00000000c2500000, 0x00000000c2500000, 0x00000000c2600000|  0%| F|  |TAMS 0x00000000c2500000, 0x00000000c2500000| Untracked 
|  14|0x00000000c2600000, 0x00000000c2600000, 0x00000000c2700000|  0%| F|  |TAMS 0x00000000c2600000, 0x00000000c2600000| Untracked 
|  15|0x00000000c2700000, 0x00000000c2700000, 0x00000000c2800000|  0%| F|  |TAMS 0x00000000c2700000, 0x00000000c2700000| Untracked 
|  16|0x00000000c2800000, 0x00000000c2800000, 0x00000000c2900000|  0%| F|  |TAMS 0x00000000c2800000, 0x00000000c2800000| Untracked 
|  17|0x00000000c2900000, 0x00000000c2900000, 0x00000000c2a00000|  0%| F|  |TAMS 0x00000000c2900000, 0x00000000c2900000| Untracked 
|  18|0x00000000c2a00000, 0x00000000c2a00000, 0x00000000c2b00000|  0%| F|  |TAMS 0x00000000c2a00000, 0x00000000c2a00000| Untracked 
|  19|0x00000000c2b00000, 0x00000000c2b00000, 0x00000000c2c00000|  0%| F|  |TAMS 0x00000000c2b00000, 0x00000000c2b00000| Untracked 
|  20|0x00000000c2c00000, 0x00000000c2c00000, 0x00000000c2d00000|  0%| F|  |TAMS 0x00000000c2c00000, 0x00000000c2c00000| Untracked 
|  21|0x00000000c2d00000, 0x00000000c2d00000, 0x00000000c2e00000|  0%| F|  |TAMS 0x00000000c2d00000, 0x00000000c2d00000| Untracked 
|  22|0x00000000c2e00000, 0x00000000c2e00000, 0x00000000c2f00000|  0%| F|  |TAMS 0x00000000c2e00000, 0x00000000c2e00000| Untracked 
|  23|0x00000000c2f00000, 0x00000000c2f00000, 0x00000000c3000000|  0%| F|  |TAMS 0x00000000c2f00000, 0x00000000c2f00000| Untracked 
|  24|0x00000000c3000000, 0x00000000c3000000, 0x00000000c3100000|  0%| F|  |TAMS 0x00000000c3000000, 0x00000000c3000000| Untracked 
|  25|0x00000000c3100000, 0x00000000c3100000, 0x00000000c3200000|  0%| F|  |TAMS 0x00000000c3100000, 0x00000000c3100000| Untracked 
|  26|0x00000000c3200000, 0x00000000c3200000, 0x00000000c3300000|  0%| F|  |TAMS 0x00000000c3200000, 0x00000000c3200000| Untracked 
|  27|0x00000000c3300000, 0x00000000c3300000, 0x00000000c3400000|  0%| F|  |TAMS 0x00000000c3300000, 0x00000000c3300000| Untracked 
|  28|0x00000000c3400000, 0x00000000c3400000, 0x00000000c3500000|  0%| F|  |TAMS 0x00000000c3400000, 0x00000000c3400000| Untracked 
|  29|0x00000000c3500000, 0x00000000c3500000, 0x00000000c3600000|  0%| F|  |TAMS 0x00000000c3500000, 0x00000000c3500000| Untracked 
|  30|0x00000000c3600000, 0x00000000c3600000, 0x00000000c3700000|  0%| F|  |TAMS 0x00000000c3600000, 0x00000000c3600000| Untracked 
|  31|0x00000000c3700000, 0x00000000c3700000, 0x00000000c3800000|  0%| F|  |TAMS 0x00000000c3700000, 0x00000000c3700000| Untracked 
|  32|0x00000000c3800000, 0x00000000c3800000, 0x00000000c3900000|  0%| F|  |TAMS 0x00000000c3800000, 0x00000000c3800000| Untracked 
|  33|0x00000000c3900000, 0x00000000c3900000, 0x00000000c3a00000|  0%| F|  |TAMS 0x00000000c3900000, 0x00000000c3900000| Untracked 
|  34|0x00000000c3a00000, 0x00000000c3a00000, 0x00000000c3b00000|  0%| F|  |TAMS 0x00000000c3a00000, 0x00000000c3a00000| Untracked 
|  35|0x00000000c3b00000, 0x00000000c3b00000, 0x00000000c3c00000|  0%| F|  |TAMS 0x00000000c3b00000, 0x00000000c3b00000| Untracked 
|  36|0x00000000c3c00000, 0x00000000c3c00000, 0x00000000c3d00000|  0%| F|  |TAMS 0x00000000c3c00000, 0x00000000c3c00000| Untracked 
|  37|0x00000000c3d00000, 0x00000000c3d00000, 0x00000000c3e00000|  0%| F|  |TAMS 0x00000000c3d00000, 0x00000000c3d00000| Untracked 
|  38|0x00000000c3e00000, 0x00000000c3e00000, 0x00000000c3f00000|  0%| F|  |TAMS 0x00000000c3e00000, 0x00000000c3e00000| Untracked 
|  39|0x00000000c3f00000, 0x00000000c3f00000, 0x00000000c4000000|  0%| F|  |TAMS 0x00000000c3f00000, 0x00000000c3f00000| Untracked 
|  40|0x00000000c4000000, 0x00000000c4000000, 0x00000000c4100000|  0%| F|  |TAMS 0x00000000c4000000, 0x00000000c4000000| Untracked 
|  41|0x00000000c4100000, 0x00000000c4100000, 0x00000000c4200000|  0%| F|  |TAMS 0x00000000c4100000, 0x00000000c4100000| Untracked 
|  42|0x00000000c4200000, 0x00000000c4200000, 0x00000000c4300000|  0%| F|  |TAMS 0x00000000c4200000, 0x00000000c4200000| Untracked 
|  43|0x00000000c4300000, 0x00000000c4300000, 0x00000000c4400000|  0%| F|  |TAMS 0x00000000c4300000, 0x00000000c4300000| Untracked 
|  44|0x00000000c4400000, 0x00000000c4400000, 0x00000000c4500000|  0%| F|  |TAMS 0x00000000c4400000, 0x00000000c4400000| Untracked 
|  45|0x00000000c4500000, 0x00000000c4500000, 0x00000000c4600000|  0%| F|  |TAMS 0x00000000c4500000, 0x00000000c4500000| Untracked 
|  46|0x00000000c4600000, 0x00000000c4600000, 0x00000000c4700000|  0%| F|  |TAMS 0x00000000c4600000, 0x00000000c4600000| Untracked 
|  47|0x00000000c4700000, 0x00000000c4700000, 0x00000000c4800000|  0%| F|  |TAMS 0x00000000c4700000, 0x00000000c4700000| Untracked 
|  48|0x00000000c4800000, 0x00000000c4800000, 0x00000000c4900000|  0%| F|  |TAMS 0x00000000c4800000, 0x00000000c4800000| Untracked 
|  49|0x00000000c4900000, 0x00000000c4900000, 0x00000000c4a00000|  0%| F|  |TAMS 0x00000000c4900000, 0x00000000c4900000| Untracked 
|  50|0x00000000c4a00000, 0x00000000c4a00000, 0x00000000c4b00000|  0%| F|  |TAMS 0x00000000c4a00000, 0x00000000c4a00000| Untracked 
|  51|0x00000000c4b00000, 0x00000000c4b00000, 0x00000000c4c00000|  0%| F|  |TAMS 0x00000000c4b00000, 0x00000000c4b00000| Untracked 
|  52|0x00000000c4c00000, 0x00000000c4c00000, 0x00000000c4d00000|  0%| F|  |TAMS 0x00000000c4c00000, 0x00000000c4c00000| Untracked 
|  53|0x00000000c4d00000, 0x00000000c4d00000, 0x00000000c4e00000|  0%| F|  |TAMS 0x00000000c4d00000, 0x00000000c4d00000| Untracked 
|  54|0x00000000c4e00000, 0x00000000c4e00000, 0x00000000c4f00000|  0%| F|  |TAMS 0x00000000c4e00000, 0x00000000c4e00000| Untracked 
|  55|0x00000000c4f00000, 0x00000000c4f00000, 0x00000000c5000000|  0%| F|  |TAMS 0x00000000c4f00000, 0x00000000c4f00000| Untracked 
|  56|0x00000000c5000000, 0x00000000c5000000, 0x00000000c5100000|  0%| F|  |TAMS 0x00000000c5000000, 0x00000000c5000000| Untracked 
|  57|0x00000000c5100000, 0x00000000c5100000, 0x00000000c5200000|  0%| F|  |TAMS 0x00000000c5100000, 0x00000000c5100000| Untracked 
|  58|0x00000000c5200000, 0x00000000c5285a18, 0x00000000c5300000| 52%| E|  |TAMS 0x00000000c5200000, 0x00000000c5200000| Complete 
|  59|0x00000000c5300000, 0x00000000c5400000, 0x00000000c5400000|100%| E|CS|TAMS 0x00000000c5300000, 0x00000000c5300000| Complete 
|  60|0x00000000c5400000, 0x00000000c5500000, 0x00000000c5500000|100%| E|CS|TAMS 0x00000000c5400000, 0x00000000c5400000| Complete 
|  61|0x00000000c5500000, 0x00000000c5600000, 0x00000000c5600000|100%| E|CS|TAMS 0x00000000c5500000, 0x00000000c5500000| Complete 
|  62|0x00000000c5600000, 0x00000000c5700000, 0x00000000c5700000|100%| E|CS|TAMS 0x00000000c5600000, 0x00000000c5600000| Complete 
|  63|0x00000000c5700000, 0x00000000c5800000, 0x00000000c5800000|100%| E|CS|TAMS 0x00000000c5700000, 0x00000000c5700000| Complete 

Card table byte_map: [0x00000292b04a0000,0x00000292b06a0000] _byte_map_base: 0x00000292afe94000

Marking Bits (Prev, Next): (CMBitMap*) 0x0000029299b49ff0, (CMBitMap*) 0x0000029299b4a030
 Prev Bits: [0x00000292b08a0000, 0x00000292b1840000)
 Next Bits: [0x00000292b1840000, 0x00000292b27e0000)

Polling page: 0x0000029297c80000

Metaspace:

Usage:
  Non-class:      6.41 MB used.
      Class:    863.62 KB used.
       Both:      7.25 MB used.

Virtual space:
  Non-class space:        8.00 MB reserved,       6.44 MB ( 80%) committed,  1 nodes.
      Class space:        1.00 GB reserved,     896.00 KB ( <1%) committed,  1 nodes.
              Both:        1.01 GB reserved,       7.31 MB ( <1%) committed. 

Chunk freelists:
   Non-Class:  1.00 MB
       Class:  3.00 MB
        Both:  4.01 MB

MaxMetaspaceSize: 17179869184.00 GB
CompressedClassSpaceSize: 1.00 GB
 - commit_granule_bytes: 65536.
 - commit_granule_words: 8192.
 - virtual_space_node_default_size: 1048576.
 - enlarge_chunks_in_place: 1.
 - new_chunks_are_fully_committed: 0.
 - uncommit_free_chunks: 1.
 - use_allocation_guard: 0.
 - handle_deallocations: 1.


Internal statistics:

num_allocs_failed_limit: 0.
num_arena_births: 90.
num_arena_deaths: 0.
num_vsnodes_births: 2.
num_vsnodes_deaths: 0.
num_space_committed: 117.
num_space_uncommitted: 0.
num_chunks_returned_to_freelist: 0.
num_chunks_taken_from_freelist: 113.
num_chunk_merges: 0.
num_chunk_splits: 70.
num_chunks_enlarged: 37.
num_purges: 0.

CodeHeap 'non-profiled nmethods': size=120000Kb used=135Kb max_used=135Kb free=119864Kb
 bounds [0x00000292a8d70000, 0x00000292a8fe0000, 0x00000292b02a0000]
CodeHeap 'profiled nmethods': size=120000Kb used=785Kb max_used=785Kb free=119214Kb
 bounds [0x00000292a1840000, 0x00000292a1ab0000, 0x00000292a8d70000]
CodeHeap 'non-nmethods': size=5760Kb used=1232Kb max_used=1232Kb free=4527Kb
 bounds [0x00000292a12a0000, 0x00000292a1510000, 0x00000292a1840000]
 total_blobs=1076 nmethods=537 adapters=452
 compilation: enabled
              stopped_count=0, restarted_count=0
 full_count=0

Compilation events (20 events):
Event: 0.381 Thread 0x00000292b4c27a50 nmethod 533 0x00000292a1901490 code [0x00000292a1901660, 0x00000292a1901968]
Event: 0.382 Thread 0x00000292b4c27a50  529       3       java.lang.invoke.Invokers$Holder::linkToTargetMethod (9 bytes)
Event: 0.382 Thread 0x00000292b4c27a50 nmethod 529 0x00000292a1901a90 code [0x00000292a1901c40, 0x00000292a1902058]
Event: 0.382 Thread 0x00000292b4c27a50  531       1       java.awt.Color::getRGB (5 bytes)
Event: 0.382 Thread 0x00000292b4c27a50 nmethod 531 0x00000292a8d91c90 code [0x00000292a8d91e20, 0x00000292a8d91ef8]
Event: 0.382 Thread 0x00000292b4c27a50  532       3       java.util.LinkedList$ListItr::hasNext (20 bytes)
Event: 0.382 Thread 0x00000292b4c27a50 nmethod 532 0x00000292a1902110 code [0x00000292a19022a0, 0x00000292a1902418]
Event: 0.382 Thread 0x00000292b4c27a50  530       3       java.lang.invoke.LambdaForm$MH/0x0000000800c0b000::invoke (25 bytes)
Event: 0.382 Thread 0x00000292b4c27a50 nmethod 530 0x00000292a1902510 code [0x00000292a19026e0, 0x00000292a1902c78]
Event: 0.391 Thread 0x00000292b4c27a50  534       3       java.util.ArrayList$Itr::next (66 bytes)
Event: 0.391 Thread 0x00000292b4c27a50 nmethod 534 0x00000292a1902d90 code [0x00000292a1902f80, 0x00000292a1903348]
Event: 0.391 Thread 0x00000292b4c27a50  536       3       jdk.internal.loader.NativeLibraries$NativeLibraryImpl::find (6 bytes)
Event: 0.391 Thread 0x00000292b4c27a50 nmethod 536 0x00000292a1903510 code [0x00000292a19036c0, 0x00000292a19037e8]
Event: 0.391 Thread 0x00000292b4c27a50  535       3       java.util.ArrayList$Itr::checkForComodification (23 bytes)
Event: 0.392 Thread 0x00000292b4c27a50 nmethod 535 0x00000292a1903890 code [0x00000292a1903a40, 0x00000292a1903c08]
Event: 0.393 Thread 0x00000292b4c27a50  537       3       java.lang.Character::charCount (12 bytes)
Event: 0.393 Thread 0x00000292b4c27a50 nmethod 537 0x00000292a1903d10 code [0x00000292a1903ec0, 0x00000292a1904038]
Event: 0.394 Thread 0x00000292b4c27a50  538       3       java.lang.ref.WeakReference::<init> (7 bytes)
Event: 0.394 Thread 0x00000292b4c27a50 nmethod 538 0x00000292a1904110 code [0x00000292a19042c0, 0x00000292a1904598]
Event: 0.394 Thread 0x00000292b4c27a50  539       3       javax.swing.UIDefaults$TextAndMnemonicHashMap::get (358 bytes)

GC Heap History (0 events):
No events

Deoptimization events (2 events):
Event: 0.381 Thread 0x0000029299b1ccd0 DEOPT PACKING pc=0x00000292a1855e67 sp=0x000000c2855fe970
Event: 0.381 Thread 0x0000029299b1ccd0 DEOPT UNPACKING pc=0x00000292a12edece sp=0x000000c2855fdd90 mode 0

Classes unloaded (0 events):
No events

Classes redefined (0 events):
No events

Internal exceptions (20 events):
Event: 0.363 Thread 0x0000029299b1ccd0 Exception <a 'java/lang/ClassNotFoundException'{0x00000000c53557e8}: PasswordField> (0x00000000c53557e8) 
thrown [t:\workspace\open\src\hotspot\share\classfile\systemDictionary.cpp, line 256]
Event: 0.364 Thread 0x0000029299b1ccd0 Exception <a 'java/lang/ClassNotFoundException'{0x00000000c5355d40}: TextArea> (0x00000000c5355d40) 
thrown [t:\workspace\open\src\hotspot\share\classfile\systemDictionary.cpp, line 256]
Event: 0.365 Thread 0x0000029299b1ccd0 Exception <a 'java/lang/ClassNotFoundException'{0x00000000c5356680}: TextPane> (0x00000000c5356680) 
thrown [t:\workspace\open\src\hotspot\share\classfile\systemDictionary.cpp, line 256]
Event: 0.365 Thread 0x0000029299b1ccd0 Exception <a 'java/lang/ClassNotFoundException'{0x00000000c5356ae8}: EditorPane> (0x00000000c5356ae8) 
thrown [t:\workspace\open\src\hotspot\share\classfile\systemDictionary.cpp, line 256]
Event: 0.365 Thread 0x0000029299b1ccd0 Exception <a 'java/lang/ClassNotFoundException'{0x00000000c5357448}: ToolBar> (0x00000000c5357448) 
thrown [t:\workspace\open\src\hotspot\share\classfile\systemDictionary.cpp, line 256]
Event: 0.365 Thread 0x0000029299b1ccd0 Exception <a 'java/lang/ClassNotFoundException'{0x00000000c5357940}: ToolBar> (0x00000000c5357940) 
thrown [t:\workspace\open\src\hotspot\share\classfile\systemDictionary.cpp, line 256]
Event: 0.365 Thread 0x0000029299b1ccd0 Exception <a 'java/lang/ClassNotFoundException'{0x00000000c5357ca0}: Button> (0x00000000c5357ca0) 
thrown [t:\workspace\open\src\hotspot\share\classfile\systemDictionary.cpp, line 256]
Event: 0.365 Thread 0x0000029299b1ccd0 Exception <a 'java/lang/ClassNotFoundException'{0x00000000c5358168}: ToolBar> (0x00000000c5358168) 
thrown [t:\workspace\open\src\hotspot\share\classfile\systemDictionary.cpp, line 256]
Event: 0.365 Thread 0x0000029299b1ccd0 Exception <a 'java/lang/ClassNotFoundException'{0x00000000c53584d8}: ToggleButton> (0x00000000c53584d8) 
thrown [t:\workspace\open\src\hotspot\share\classfile\systemDictionary.cpp, line 256]
Event: 0.365 Thread 0x0000029299b1ccd0 Exception <a 'java/lang/ClassNotFoundException'{0x00000000c5358918}: javax/swing/JToolBarSeparator> (0x00000000c5358918) 
thrown [t:\workspace\open\src\hotspot\share\classfile\systemDictionary.cpp, line 256]
Event: 0.365 Thread 0x0000029299b1ccd0 Exception <a 'java/lang/ClassNotFoundException'{0x00000000c5358c20}: ToolBarSeparator> (0x00000000c5358c20) 
thrown [t:\workspace\open\src\hotspot\share\classfile\systemDictionary.cpp, line 256]
Event: 0.366 Thread 0x0000029299b1ccd0 Exception <a 'java/lang/ClassNotFoundException'{0x00000000c5359138}: ToolTip> (0x00000000c5359138) 
thrown [t:\workspace\open\src\hotspot\share\classfile\systemDictionary.cpp, line 256]
Event: 0.367 Thread 0x0000029299b1ccd0 Exception <a 'java/lang/ClassNotFoundException'{0x00000000c5359a88}: Tree> (0x00000000c5359a88) 
thrown [t:\workspace\open\src\hotspot\share\classfile\systemDictionary.cpp, line 256]
Event: 0.367 Thread 0x0000029299b1ccd0 Exception <a 'java/lang/ClassNotFoundException'{0x00000000c5359f80}: Tree> (0x00000000c5359f80) 
thrown [t:\workspace\open\src\hotspot\share\classfile\systemDictionary.cpp, line 256]
Event: 0.367 Thread 0x0000029299b1ccd0 Exception <a 'java/lang/ClassNotFoundException'{0x00000000c535a2f0}: javax/swing/JTreeCell> (0x00000000c535a2f0) 
thrown [t:\workspace\open\src\hotspot\share\classfile\systemDictionary.cpp, line 256]
Event: 0.367 Thread 0x0000029299b1ccd0 Exception <a 'java/lang/ClassNotFoundException'{0x00000000c535a5f0}: TreeCell> (0x00000000c535a5f0) 
thrown [t:\workspace\open\src\hotspot\share\classfile\systemDictionary.cpp, line 256]
Event: 0.367 Thread 0x0000029299b1ccd0 Exception <a 'java/lang/ClassNotFoundException'{0x00000000c535adb0}: RootPane> (0x00000000c535adb0) 
thrown [t:\workspace\open\src\hotspot\share\classfile\systemDictionary.cpp, line 256]
Event: 0.369 Thread 0x0000029299b1ccd0 Exception <a 'java/lang/ClassNotFoundException'{0x00000000c535dc00}: com/sun/swing/internal/plaf/metal/resources/spi/metalProvider> (0x00000000c535dc00) 
thrown [t:\workspace\open\src\hotspot\share\classfile\systemDictionary.cpp, line 256]
Event: 0.370 Thread 0x0000029299b1ccd0 Exception <a 'java/lang/ClassNotFoundException'{0x00000000c5361760}: com/sun/swing/internal/plaf/basic/resources/spi/basicProvider> (0x00000000c5361760) 
thrown [t:\workspace\open\src\hotspot\share\classfile\systemDictionary.cpp, line 256]
Event: 0.393 Thread 0x00000292b5afc3f0 Exception <a 'java/lang/ClassNotFoundException'{0x00000000c53d50c8}: com/sun/swing/internal/plaf/synth/resources/spi/synthProvider> (0x00000000c53d50c8) 
thrown [t:\workspace\open\src\hotspot\share\classfile\systemDictionary.cpp, line 256]

Events (20 events):
Event: 0.395 loading class javax/swing/plaf/synth/SynthContext
Event: 0.395 loading class javax/swing/plaf/synth/SynthContext done
Event: 0.395 loading class javax/swing/plaf/nimbus/NimbusStyle
Event: 0.395 loading class javax/swing/plaf/nimbus/NimbusStyle done
Event: 0.395 loading class javax/swing/plaf/nimbus/NimbusStyle$1
Event: 0.395 loading class javax/swing/plaf/nimbus/NimbusStyle$1 done
Event: 0.395 loading class javax/swing/plaf/nimbus/NimbusStyle$CacheKey
Event: 0.395 loading class javax/swing/plaf/nimbus/NimbusStyle$CacheKey done
Event: 0.395 loading class javax/swing/plaf/nimbus/SynthPainterImpl
Event: 0.397 loading class javax/swing/plaf/synth/SynthPainter
Event: 0.397 loading class javax/swing/plaf/synth/SynthPainter done
Event: 0.397 loading class javax/swing/plaf/nimbus/SynthPainterImpl done
Event: 0.398 loading class javax/swing/plaf/synth/SynthPainter$1
Event: 0.398 loading class javax/swing/plaf/synth/SynthPainter$1 done
Event: 0.398 loading class javax/swing/plaf/synth/SynthBorder
Event: 0.398 loading class javax/swing/plaf/synth/SynthBorder done
Event: 0.398 loading class javax/swing/plaf/nimbus/NimbusStyle$Values
Event: 0.398 loading class javax/swing/plaf/nimbus/NimbusStyle$Values done
Event: 0.398 loading class java/util/Hashtable$EntrySet
Event: 0.398 loading class java/util/Hashtable$EntrySet done


Dynamic libraries:
0x00007ff7d98a0000 - 0x00007ff7d98b0000 	C:\Program Files\Java\jdk-16.0.2\bin\java.exe
0x00007ffecdf70000 - 0x00007ffece165000 	C:\WINDOWS\SYSTEM32\ntdll.dll
0x00007ffecd600000 - 0x00007ffecd6be000 	C:\WINDOWS\System32\KERNEL32.DLL
0x00007ffecbb40000 - 0x00007ffecbe09000 	C:\WINDOWS\System32\KERNELBASE.dll
0x00007ffecb720000 - 0x00007ffecb820000 	C:\WINDOWS\System32\ucrtbase.dll
0x00007ffec32d0000 - 0x00007ffec32e9000 	C:\Program Files\Java\jdk-16.0.2\bin\VCRUNTIME140.dll
0x00007ffeb64a0000 - 0x00007ffeb64b8000 	C:\Program Files\Java\jdk-16.0.2\bin\jli.dll
0x00007ffecd6c0000 - 0x00007ffecd76c000 	C:\WINDOWS\System32\ADVAPI32.dll
0x00007ffecc080000 - 0x00007ffecc11e000 	C:\WINDOWS\System32\msvcrt.dll
0x00007ffecd7e0000 - 0x00007ffecd87b000 	C:\WINDOWS\System32\sechost.dll
0x00007ffecd220000 - 0x00007ffecd34a000 	C:\WINDOWS\System32\RPCRT4.dll
0x00007ffecd880000 - 0x00007ffecda21000 	C:\WINDOWS\System32\USER32.dll
0x00007ffeb1130000 - 0x00007ffeb13ca000 	C:\WINDOWS\WinSxS\amd64_microsoft.windows.common-controls_6595b64144ccf1df_6.0.19041.1110_none_60b5254171f9507e\COMCTL32.dll
0x00007ffecb920000 - 0x00007ffecb942000 	C:\WINDOWS\System32\win32u.dll
0x00007ffecbfc0000 - 0x00007ffecbfeb000 	C:\WINDOWS\System32\GDI32.dll
0x00007ffecb950000 - 0x00007ffecba5b000 	C:\WINDOWS\System32\gdi32full.dll
0x00007ffecb880000 - 0x00007ffecb91d000 	C:\WINDOWS\System32\msvcp_win.dll
0x00007ffec0700000 - 0x00007ffec070a000 	C:\WINDOWS\SYSTEM32\VERSION.dll
0x00007ffecd110000 - 0x00007ffecd140000 	C:\WINDOWS\System32\IMM32.DLL
0x00007ffec32c0000 - 0x00007ffec32cc000 	C:\Program Files\Java\jdk-16.0.2\bin\vcruntime140_1.dll
0x00007ffeb4ee0000 - 0x00007ffeb4f71000 	C:\Program Files\Java\jdk-16.0.2\bin\msvcp140.dll
0x00007ffea1800000 - 0x00007ffea23ab000 	C:\Program Files\Java\jdk-16.0.2\bin\server\jvm.dll
0x00007ffecc480000 - 0x00007ffecc488000 	C:\WINDOWS\System32\PSAPI.DLL
0x00007ffeb3b30000 - 0x00007ffeb3b57000 	C:\WINDOWS\SYSTEM32\WINMM.dll
0x00007ffec32f0000 - 0x00007ffec32f9000 	C:\WINDOWS\SYSTEM32\WSOCK32.dll
0x00007ffecd770000 - 0x00007ffecd7db000 	C:\WINDOWS\System32\WS2_32.dll
0x00007ffec9620000 - 0x00007ffec9632000 	C:\WINDOWS\SYSTEM32\kernel.appcore.dll
0x00007ffeb8af0000 - 0x00007ffeb8afa000 	C:\Program Files\Java\jdk-16.0.2\bin\jimage.dll
0x00007ffec62f0000 - 0x00007ffec64d4000 	C:\WINDOWS\SYSTEM32\DBGHELP.DLL
0x00007ffeb2fc0000 - 0x00007ffeb2fec000 	C:\WINDOWS\SYSTEM32\dbgcore.DLL
0x00007ffecb690000 - 0x00007ffecb713000 	C:\WINDOWS\System32\bcryptPrimitives.dll
0x00007ffec18c0000 - 0x00007ffec18e5000 	C:\Program Files\Java\jdk-16.0.2\bin\java.dll
0x00007ffecc5c0000 - 0x00007ffecccff000 	C:\WINDOWS\System32\SHELL32.dll
0x00007ffec9790000 - 0x00007ffec9f20000 	C:\WINDOWS\SYSTEM32\windows.storage.dll
0x00007ffecc120000 - 0x00007ffecc475000 	C:\WINDOWS\System32\combase.dll
0x00007ffecb010000 - 0x00007ffecb03c000 	C:\WINDOWS\SYSTEM32\Wldp.dll
0x00007ffecd3b0000 - 0x00007ffecd45d000 	C:\WINDOWS\System32\SHCORE.dll
0x00007ffecd0a0000 - 0x00007ffecd0f5000 	C:\WINDOWS\System32\shlwapi.dll
0x00007ffecb5d0000 - 0x00007ffecb5ef000 	C:\WINDOWS\SYSTEM32\profapi.dll
0x00007ffeb8ad0000 - 0x00007ffeb8ae9000 	C:\Program Files\Java\jdk-16.0.2\bin\net.dll
0x00007ffeb9e60000 - 0x00007ffeb9f68000 	C:\WINDOWS\SYSTEM32\WINHTTP.dll
0x00007ffecad70000 - 0x00007ffecadda000 	C:\WINDOWS\system32\mswsock.dll
0x00007ffeb8ab0000 - 0x00007ffeb8ac3000 	C:\Program Files\Java\jdk-16.0.2\bin\nio.dll
0x00007ffeb8a50000 - 0x00007ffeb8a68000 	C:\Program Files\Java\jdk-16.0.2\bin\zip.dll
0x00007ffea36a0000 - 0x00007ffea3820000 	C:\Program Files\Java\jdk-16.0.2\bin\awt.dll
0x00007ffecd530000 - 0x00007ffecd5fd000 	C:\WINDOWS\System32\OLEAUT32.dll
0x00007ffec5120000 - 0x00007ffec51b0000 	C:\WINDOWS\SYSTEM32\apphelp.dll
0x00007ffec5870000 - 0x00007ffec590e000 	C:\WINDOWS\system32\uxtheme.dll
0x00007ffeccdb0000 - 0x00007ffeccec5000 	C:\WINDOWS\System32\MSCTF.dll
0x00007ffecc490000 - 0x00007ffecc5ba000 	C:\WINDOWS\System32\ole32.dll
0x00007ffec5cd0000 - 0x00007ffec5cff000 	C:\WINDOWS\system32\DWMAPI.DLL
0x00007ffeb3930000 - 0x00007ffeb39b9000 	C:\Program Files\Java\jdk-16.0.2\bin\freetype.dll
0x00007ffea6e00000 - 0x00007ffea6ef6000 	C:\Program Files\Java\jdk-16.0.2\bin\harfbuzz.dll
0x00007ffeb8a20000 - 0x00007ffeb8a32000 	C:\Program Files\Java\jdk-16.0.2\bin\fontmanager.dll
0x00007ffeba120000 - 0x00007ffeba245000 	C:\WINDOWS\system32\opengl32.dll
0x00007ffeba0f0000 - 0x00007ffeba11c000 	C:\WINDOWS\SYSTEM32\GLU32.dll

dbghelp: loaded successfully - version: 4.0.5 - missing functions: none
symbol engine: initialized successfully - sym options: 0x614 - pdb path: .;C:\Program Files\Java\jdk-16.0.2\bin;C:\WINDOWS\SYSTEM32;C:\WINDOWS\WinSxS\amd64_microsoft.windows.common-controls_6595b64144ccf1df_6.0.19041.1110_none_60b5254171f9507e;C:\Program Files\Java\jdk-16.0.2\bin\server

VM Arguments:
java_command: view.services.TableSuppliers
java_class_path (initial): C:\Users\dell\Documents\NetBeansProjects\projetoGit\projetoN2\target\classes;C:\Users\dell\.m2\repository\mysql\mysql-connector-java\8.0.26\mysql-connector-java-8.0.26.jar;C:\Users\dell\.m2\repository\com\google\protobuf\protobuf-java\3.11.4\protobuf-java-3.11.4.jar;C:\Users\dell\.m2\repository\org\projectlombok\lombok\1.18.20\lombok-1.18.20.jar
Launcher Type: SUN_STANDARD

[Global flags]
     intx CICompilerCount                          = 3                                         {product} {ergonomic}
     uint ConcGCThreads                            = 1                                         {product} {ergonomic}
     uint G1ConcRefinementThreads                  = 4                                         {product} {ergonomic}
   size_t G1HeapRegionSize                         = 1048576                                   {product} {ergonomic}
    uintx GCDrainStackTargetSize                   = 64                                        {product} {ergonomic}
   size_t InitialHeapSize                          = 67108864                                  {product} {ergonomic}
   size_t MarkStackSize                            = 4194304                                   {product} {ergonomic}
   size_t MaxHeapSize                              = 1048576000                                {product} {ergonomic}
   size_t MaxNewSize                               = 629145600                                 {product} {ergonomic}
   size_t MinHeapDeltaBytes                        = 1048576                                   {product} {ergonomic}
   size_t MinHeapSize                              = 8388608                                   {product} {ergonomic}
    uintx NonNMethodCodeHeapSize                   = 5832780                                {pd product} {ergonomic}
    uintx NonProfiledCodeHeapSize                  = 122912730                              {pd product} {ergonomic}
    uintx ProfiledCodeHeapSize                     = 122912730                              {pd product} {ergonomic}
    uintx ReservedCodeCacheSize                    = 251658240                              {pd product} {ergonomic}
     bool SegmentedCodeCache                       = true                                      {product} {ergonomic}
   size_t SoftMaxHeapSize                          = 1048576000                             {manageable} {ergonomic}
     bool UseCompressedClassPointers               = true                           {product lp64_product} {ergonomic}
     bool UseCompressedOops                        = true                           {product lp64_product} {ergonomic}
     bool UseG1GC                                  = true                                      {product} {ergonomic}
     bool UseLargePagesIndividualAllocation        = false                                  {pd product} {ergonomic}

Logging:
Log output configuration:
 #0: stdout all=warning uptime,level,tags
 #1: stderr all=off uptime,level,tags

Environment Variables:
JAVA_HOME=C:\Program Files\Java\jdk-16.0.2
PATH=C:\Program Files\Common Files\Oracle\Java\javapath;C:\Program Files (x86)\Common Files\Oracle\Java\javapath;C:\Program Files\AdoptOpenJDK\jdk-14.0.2.12-hotspot\bin;C:\WINDOWS\system32;C:\WINDOWS;C:\WINDOWS\System32\Wbem;C:\WINDOWS\System32\WindowsPowerShell\v1.0\;C:\WINDOWS\System32\OpenSSH\;C:\Program Files\nodejs\;C:\Program Files (x86)\Intel\Intel(R) Management Engine Components\DAL;C:\Program Files\Intel\Intel(R) Management Engine Components\DAL;C:\MinGW\bin;C:\Program Files\Java\jdk-15.0.2\bin;C:\Program Files\Git\cmd;C:\Program Files\Apache\maven\apache-maven-3.8.3\bin;C:\Program Files\MySQL\MySQL Shell 8.0\bin\;C:\Users\dell\AppData\Local\Microsoft\WindowsApps;C:\Users\dell\AppData\Roaming\npm;C:\MinGW\bin;;C:\Program Files\JetBrains\IntelliJ IDEA Community Edition 2021.2\bin;;C:\Users\dell\AppData\Local\Programs\mongosh\
USERNAME=dell
OS=Windows_NT
PROCESSOR_IDENTIFIER=Intel64 Family 6 Model 142 Stepping 9, GenuineIntel



---------------  S Y S T E M  ---------------

OS:
 Windows 10 , 64 bit Build 19041 (10.0.19041.1202)
OS uptime: 0 days 3:31 hours

CPU: total 4 (initial active 4) (2 cores per cpu, 2 threads per core) family 6 model 142 stepping 9 microcode 0xea, cx8, cmov, fxsr, ht, mmx, 3dnowpref, sse, sse2, sse3, ssse3, sse4.1, sse4.2, popcnt, lzcnt, tsc, tscinvbit, avx, avx2, aes, erms, clmul, bmi1, bmi2, adx, fma, vzeroupper, clflush, clflushopt

Memory: 4k page, system-wide physical 3996M (796M free)
TotalPageFile size 5391M (AvailPageFile size 3M)
current process WorkingSet (physical memory assigned to process): 51M, peak: 51M
current process commit charge ("private bytes"): 147M, peak: 147M

vm_info: Java HotSpot(TM) 64-Bit Server VM (16.0.2+7-67) for windows-amd64 JRE (16.0.2+7-67), built on Jun  8 2021 23:24:19 by "mach5one" with MS VC++ 16.7 (VS2019)

END.
