#
# There is insufficient memory for the Java Runtime Environment to continue.
# Native memory allocation (malloc) failed to allocate 32744 bytes for ChunkPool::allocate
# Possible reasons:
#   The system is out of physical RAM or swap space
#   The process is running with CompressedOops enabled, and the Java Heap may be blocking the growth of the native heap
# Possible solutions:
#   Reduce memory load on the system
#   Increase physical memory or swap space
#   Check if swap backing store is full
#   Decrease Java heap size (-Xmx/-Xms)
#   Decrease number of Java threads
#   Decrease Java thread stack sizes (-Xss)
#   Set larger code cache with -XX:ReservedCodeCacheSize=
#   JVM is running with Unscaled Compressed Oops mode in which the Java heap is
#     placed in the first 4GB address space. The Java Heap base address is the
#     maximum limit for the native heap growth. Please use -XX:HeapBaseMinAddress
#     to set the Java Heap base and to place the Java Heap above 4GB virtual address.
# This output file may be truncated or incomplete.
#
#  Out of Memory Error (arena.cpp:79), pid=7628, tid=10092
#
# JRE version: Java(TM) SE Runtime Environment (16.0.2+7) (build 16.0.2+7-67)
# Java VM: Java HotSpot(TM) 64-Bit Server VM (16.0.2+7-67, mixed mode, sharing, tiered, compressed oops, compressed class ptrs, g1 gc, windows-amd64)
# No core dump will be written. Minidumps are not enabled by default on client versions of Windows
#

---------------  S U M M A R Y ------------

Command Line: -Dclassworlds.conf=C:\Program Files\NetBeans-12.5\netbeans\java\maven\bin\..\bin\m2.conf -Dmaven.home=C:\Program Files\NetBeans-12.5\netbeans\java\maven\bin\.. -Dlibrary.jansi.path=C:\Program Files\NetBeans-12.5\netbeans\java\maven\bin\..\lib\jansi-native -Dmaven.multiModuleProjectDirectory=C:\Users\dell\Documents\NetBeansProjects\po\projetoN2 org.codehaus.plexus.classworlds.launcher.Launcher -Dexec.vmArgs= -Dexec.args=${exec.vmArgs} -classpath %classpath ${exec.mainClass} ${exec.appArgs} -Dexec.executable=C:\Program Files\Java\jdk-16.0.2\bin\java.exe -Dexec.mainClass=view.Tabela -Dexec.classpathScope=runtime -Dexec.appArgs= -Dmaven.ext.class.path=C:\Program Files\NetBeans-12.5\netbeans\java\maven-nblib\netbeans-eventspy.jar -Dfile.encoding=UTF-8 org.codehaus.mojo:exec-maven-plugin:3.0.0:exec

Host: Intel(R) Core(TM) i3-7020U CPU @ 2.30GHz, 4 cores, 3G,  Windows 10 , 64 bit Build 19041 (10.0.19041.1202)
Time: Fri Oct 15 13:16:57 2021 Hora oficial do Brasil elapsed time: 110.555796 seconds (0d 0h 1m 50s)

---------------  T H R E A D  ---------------

Current thread (0x0000023bc2495db0):  JavaThread "C2 CompilerThread0" daemon [_thread_in_native, id=10092, stack(0x000000b525800000,0x000000b525900000)]


Current CompileTask:
C2: 110555 3106  s    4       org.fusesource.jansi.AnsiPrintStream::filter (948 bytes)

Stack: [0x000000b525800000,0x000000b525900000]
Native frames: (J=compiled Java code, j=interpreted, Vv=VM code, C=native code)
V  [jvm.dll+0x6681ca]
V  [jvm.dll+0x7c9e69]
V  [jvm.dll+0x7cb61e]
V  [jvm.dll+0x7cbc73]
V  [jvm.dll+0x242c55]
V  [jvm.dll+0xae10f]
V  [jvm.dll+0xae45c]
V  [jvm.dll+0x11b8d8]
V  [jvm.dll+0x21e453]
V  [jvm.dll+0x217476]
V  [jvm.dll+0x214ffc]
V  [jvm.dll+0x1a1beb]
V  [jvm.dll+0x225158]
V  [jvm.dll+0x22319c]
V  [jvm.dll+0x77fa62]
V  [jvm.dll+0x7795aa]
V  [jvm.dll+0x667066]
C  [ucrtbase.dll+0x21bb2]
C  [KERNEL32.DLL+0x17034]
C  [ntdll.dll+0x52651]


---------------  P R O C E S S  ---------------

Threads class SMR info:
_java_thread_list=0x0000023bc3cb3dd0, length=15, elements={
0x0000023ba738f290, 0x0000023bc24751e0, 0x0000023bc24760a0, 0x0000023bc248bef0,
0x0000023bc248da10, 0x0000023bc248edb0, 0x0000023bc24928d0, 0x0000023bc2495db0,
0x0000023bc249bb50, 0x0000023bc24b4860, 0x0000023bc3058530, 0x0000023bc3057540,
0x0000023bc3057a90, 0x0000023bc3059520, 0x0000023bc3059a70
}

Java Threads: ( => current thread )
  0x0000023ba738f290 JavaThread "main" [_thread_in_native, id=10520, stack(0x000000b524b00000,0x000000b524c00000)]
  0x0000023bc24751e0 JavaThread "Reference Handler" daemon [_thread_blocked, id=10500, stack(0x000000b525200000,0x000000b525300000)]
  0x0000023bc24760a0 JavaThread "Finalizer" daemon [_thread_blocked, id=5612, stack(0x000000b525300000,0x000000b525400000)]
  0x0000023bc248bef0 JavaThread "Signal Dispatcher" daemon [_thread_blocked, id=216, stack(0x000000b525400000,0x000000b525500000)]
  0x0000023bc248da10 JavaThread "Attach Listener" daemon [_thread_blocked, id=3944, stack(0x000000b525500000,0x000000b525600000)]
  0x0000023bc248edb0 JavaThread "Service Thread" daemon [_thread_blocked, id=9068, stack(0x000000b525600000,0x000000b525700000)]
  0x0000023bc24928d0 JavaThread "Monitor Deflation Thread" daemon [_thread_blocked, id=10036, stack(0x000000b525700000,0x000000b525800000)]
=>0x0000023bc2495db0 JavaThread "C2 CompilerThread0" daemon [_thread_in_native, id=10092, stack(0x000000b525800000,0x000000b525900000)]
  0x0000023bc249bb50 JavaThread "C1 CompilerThread0" daemon [_thread_blocked, id=9304, stack(0x000000b525900000,0x000000b525a00000)]
  0x0000023bc24b4860 JavaThread "Sweeper thread" daemon [_thread_blocked, id=3696, stack(0x000000b525a00000,0x000000b525b00000)]
  0x0000023bc3058530 JavaThread "Notification Thread" daemon [_thread_blocked, id=7060, stack(0x000000b525b00000,0x000000b525c00000)]
  0x0000023bc3057540 JavaThread "Common-Cleaner" daemon [_thread_blocked, id=7808, stack(0x000000b525d00000,0x000000b525e00000)]
  0x0000023bc3057a90 JavaThread "Exec Stream Pumper" daemon [_thread_in_native, id=6112, stack(0x000000b526200000,0x000000b526300000)]
  0x0000023bc3059520 JavaThread "Exec Stream Pumper" daemon [_thread_in_native, id=1344, stack(0x000000b526300000,0x000000b526400000)]
  0x0000023bc3059a70 JavaThread "Exec Input Stream Pumper" daemon [_thread_blocked, id=2032, stack(0x000000b526400000,0x000000b526500000)]

Other Threads:
  0x0000023bc246b8d0 VMThread "VM Thread" [stack: 0x000000b525100000,0x000000b525200000] [id=7324]
  0x0000023bc305b930 WatcherThread [stack: 0x000000b525c00000,0x000000b525d00000] [id=2620]
  0x0000023ba73bcfd0 GCTaskThread "GC Thread#0" [stack: 0x000000b524c00000,0x000000b524d00000] [id=3892]
  0x0000023bc352a690 GCTaskThread "GC Thread#1" [stack: 0x000000b525e00000,0x000000b525f00000] [id=4692]
  0x0000023bc323e420 GCTaskThread "GC Thread#2" [stack: 0x000000b525f00000,0x000000b526000000] [id=4408]
  0x0000023bc323e730 GCTaskThread "GC Thread#3" [stack: 0x000000b526000000,0x000000b526100000] [id=8756]
  0x0000023ba73c6d20 ConcurrentGCThread "G1 Main Marker" [stack: 0x000000b524d00000,0x000000b524e00000] [id=11120]
  0x0000023ba73c7790 ConcurrentGCThread "G1 Conc#0" [stack: 0x000000b524e00000,0x000000b524f00000] [id=880]
  0x0000023ba7413ee0 ConcurrentGCThread "G1 Refine#0" [stack: 0x000000b524f00000,0x000000b525000000] [id=10060]
  0x0000023ba7414960 ConcurrentGCThread "G1 Service" [stack: 0x000000b525000000,0x000000b525100000] [id=5572]

Threads with active compile tasks:
C2 CompilerThread0   110618 3106  s    4       org.fusesource.jansi.AnsiPrintStream::filter (948 bytes)

VM state: not at safepoint (normal execution)

VM Mutex/Monitor currently owned by a thread: None

Heap address: 0x00000000c1800000, size: 1000 MB, Compressed Oops mode: 32-bit

CDS archive(s) mapped at: [0x0000000800000000-0x0000000800bb0000-0x0000000800bb0000), size 12255232, SharedBaseAddress: 0x0000000800000000, ArchiveRelocationMode: 0.
Compressed class space mapped at: 0x0000000800c00000-0x0000000840c00000, reserved size: 1073741824
Narrow klass base: 0x0000000800000000, Narrow klass shift: 3, Narrow klass range: 0x100000000

GC Precious Log:
 CPUs: 4 total, 4 available
 Memory: 3996M
 Large Page Support: Disabled
 NUMA Support: Disabled
 Compressed Oops: Enabled (32-bit)
 Heap Region Size: 1M
 Heap Min Capacity: 8M
 Heap Initial Capacity: 64M
 Heap Max Capacity: 1000M
 Pre-touch: Disabled
 Parallel Workers: 4
 Concurrent Workers: 1
 Concurrent Refinement Workers: 4
 Periodic GC: Disabled

Heap:
 garbage-first heap   total 65536K, used 22141K [0x00000000c1800000, 0x0000000100000000)
  region size 1024K, 20 young (20480K), 5 survivors (5120K)
 Metaspace       used 14099K, committed 14336K, reserved 1064960K
  class space    used 1595K, committed 1728K, reserved 1048576K

Heap Regions: E=young(eden), S=young(survivor), O=old, HS=humongous(starts), HC=humongous(continues), CS=collection set, F=free, OA=open archive, CA=closed archive, TAMS=top-at-mark-start (previous, next)
|   0|0x00000000c1800000, 0x00000000c1900000, 0x00000000c1900000|100%| O|  |TAMS 0x00000000c1800000, 0x00000000c1800000| Untracked 
|   1|0x00000000c1900000, 0x00000000c1a00000, 0x00000000c1a00000|100%| O|  |TAMS 0x00000000c1900000, 0x00000000c1900000| Untracked 
|   2|0x00000000c1a00000, 0x00000000c1b00000, 0x00000000c1b00000|100%| O|  |TAMS 0x00000000c1a00000, 0x00000000c1a00000| Untracked 
|   3|0x00000000c1b00000, 0x00000000c1b30800, 0x00000000c1c00000| 18%| O|  |TAMS 0x00000000c1b00000, 0x00000000c1b00000| Untracked 
|   4|0x00000000c1c00000, 0x00000000c1c00000, 0x00000000c1d00000|  0%| F|  |TAMS 0x00000000c1c00000, 0x00000000c1c00000| Untracked 
|   5|0x00000000c1d00000, 0x00000000c1d00000, 0x00000000c1e00000|  0%| F|  |TAMS 0x00000000c1d00000, 0x00000000c1d00000| Untracked 
|   6|0x00000000c1e00000, 0x00000000c1e00000, 0x00000000c1f00000|  0%| F|  |TAMS 0x00000000c1e00000, 0x00000000c1e00000| Untracked 
|   7|0x00000000c1f00000, 0x00000000c1f00000, 0x00000000c2000000|  0%| F|  |TAMS 0x00000000c1f00000, 0x00000000c1f00000| Untracked 
|   8|0x00000000c2000000, 0x00000000c2000000, 0x00000000c2100000|  0%| F|  |TAMS 0x00000000c2000000, 0x00000000c2000000| Untracked 
|   9|0x00000000c2100000, 0x00000000c2100000, 0x00000000c2200000|  0%| F|  |TAMS 0x00000000c2100000, 0x00000000c2100000| Untracked 
|  10|0x00000000c2200000, 0x00000000c2200000, 0x00000000c2300000|  0%| F|  |TAMS 0x00000000c2200000, 0x00000000c2200000| Untracked 
|  11|0x00000000c2300000, 0x00000000c2300000, 0x00000000c2400000|  0%| F|  |TAMS 0x00000000c2300000, 0x00000000c2300000| Untracked 
|  12|0x00000000c2400000, 0x00000000c2400000, 0x00000000c2500000|  0%| F|  |TAMS 0x00000000c2400000, 0x00000000c2400000| Untracked 
|  13|0x00000000c2500000, 0x00000000c2500000, 0x00000000c2600000|  0%| F|  |TAMS 0x00000000c2500000, 0x00000000c2500000| Untracked 
|  14|0x00000000c2600000, 0x00000000c2600000, 0x00000000c2700000|  0%| F|  |TAMS 0x00000000c2600000, 0x00000000c2600000| Untracked 
|  15|0x00000000c2700000, 0x00000000c2700000, 0x00000000c2800000|  0%| F|  |TAMS 0x00000000c2700000, 0x00000000c2700000| Untracked 
|  16|0x00000000c2800000, 0x00000000c2800000, 0x00000000c2900000|  0%| F|  |TAMS 0x00000000c2800000, 0x00000000c2800000| Untracked 
|  17|0x00000000c2900000, 0x00000000c2900000, 0x00000000c2a00000|  0%| F|  |TAMS 0x00000000c2900000, 0x00000000c2900000| Untracked 
|  18|0x00000000c2a00000, 0x00000000c2a00000, 0x00000000c2b00000|  0%| F|  |TAMS 0x00000000c2a00000, 0x00000000c2a00000| Untracked 
|  19|0x00000000c2b00000, 0x00000000c2b00000, 0x00000000c2c00000|  0%| F|  |TAMS 0x00000000c2b00000, 0x00000000c2b00000| Untracked 
|  20|0x00000000c2c00000, 0x00000000c2c00000, 0x00000000c2d00000|  0%| F|  |TAMS 0x00000000c2c00000, 0x00000000c2c00000| Untracked 
|  21|0x00000000c2d00000, 0x00000000c2d6ef28, 0x00000000c2e00000| 43%| S|CS|TAMS 0x00000000c2d00000, 0x00000000c2d00000| Complete 
|  22|0x00000000c2e00000, 0x00000000c2f00000, 0x00000000c2f00000|100%| S|CS|TAMS 0x00000000c2e00000, 0x00000000c2e00000| Complete 
|  23|0x00000000c2f00000, 0x00000000c3000000, 0x00000000c3000000|100%| S|CS|TAMS 0x00000000c2f00000, 0x00000000c2f00000| Complete 
|  24|0x00000000c3000000, 0x00000000c3100000, 0x00000000c3100000|100%| S|CS|TAMS 0x00000000c3000000, 0x00000000c3000000| Complete 
|  25|0x00000000c3100000, 0x00000000c3200000, 0x00000000c3200000|100%| S|CS|TAMS 0x00000000c3100000, 0x00000000c3100000| Complete 
|  26|0x00000000c3200000, 0x00000000c3200000, 0x00000000c3300000|  0%| F|  |TAMS 0x00000000c3200000, 0x00000000c3200000| Untracked 
|  27|0x00000000c3300000, 0x00000000c3300000, 0x00000000c3400000|  0%| F|  |TAMS 0x00000000c3300000, 0x00000000c3300000| Untracked 
|  28|0x00000000c3400000, 0x00000000c3400000, 0x00000000c3500000|  0%| F|  |TAMS 0x00000000c3400000, 0x00000000c3400000| Untracked 
|  29|0x00000000c3500000, 0x00000000c3500000, 0x00000000c3600000|  0%| F|  |TAMS 0x00000000c3500000, 0x00000000c3500000| Untracked 
|  30|0x00000000c3600000, 0x00000000c3600000, 0x00000000c3700000|  0%| F|  |TAMS 0x00000000c3600000, 0x00000000c3600000| Untracked 
|  31|0x00000000c3700000, 0x00000000c3700000, 0x00000000c3800000|  0%| F|  |TAMS 0x00000000c3700000, 0x00000000c3700000| Untracked 
|  32|0x00000000c3800000, 0x00000000c3800000, 0x00000000c3900000|  0%| F|  |TAMS 0x00000000c3800000, 0x00000000c3800000| Untracked 
|  33|0x00000000c3900000, 0x00000000c3900000, 0x00000000c3a00000|  0%| F|  |TAMS 0x00000000c3900000, 0x00000000c3900000| Untracked 
|  34|0x00000000c3a00000, 0x00000000c3a00000, 0x00000000c3b00000|  0%| F|  |TAMS 0x00000000c3a00000, 0x00000000c3a00000| Untracked 
|  35|0x00000000c3b00000, 0x00000000c3b00000, 0x00000000c3c00000|  0%| F|  |TAMS 0x00000000c3b00000, 0x00000000c3b00000| Untracked 
|  36|0x00000000c3c00000, 0x00000000c3c00000, 0x00000000c3d00000|  0%| F|  |TAMS 0x00000000c3c00000, 0x00000000c3c00000| Untracked 
|  37|0x00000000c3d00000, 0x00000000c3d00000, 0x00000000c3e00000|  0%| F|  |TAMS 0x00000000c3d00000, 0x00000000c3d00000| Untracked 
|  38|0x00000000c3e00000, 0x00000000c3e00000, 0x00000000c3f00000|  0%| F|  |TAMS 0x00000000c3e00000, 0x00000000c3e00000| Untracked 
|  39|0x00000000c3f00000, 0x00000000c3f00000, 0x00000000c4000000|  0%| F|  |TAMS 0x00000000c3f00000, 0x00000000c3f00000| Untracked 
|  40|0x00000000c4000000, 0x00000000c4000000, 0x00000000c4100000|  0%| F|  |TAMS 0x00000000c4000000, 0x00000000c4000000| Untracked 
|  41|0x00000000c4100000, 0x00000000c4100000, 0x00000000c4200000|  0%| F|  |TAMS 0x00000000c4100000, 0x00000000c4100000| Untracked 
|  42|0x00000000c4200000, 0x00000000c4200000, 0x00000000c4300000|  0%| F|  |TAMS 0x00000000c4200000, 0x00000000c4200000| Untracked 
|  43|0x00000000c4300000, 0x00000000c4300000, 0x00000000c4400000|  0%| F|  |TAMS 0x00000000c4300000, 0x00000000c4300000| Untracked 
|  44|0x00000000c4400000, 0x00000000c4400000, 0x00000000c4500000|  0%| F|  |TAMS 0x00000000c4400000, 0x00000000c4400000| Untracked 
|  45|0x00000000c4500000, 0x00000000c4500000, 0x00000000c4600000|  0%| F|  |TAMS 0x00000000c4500000, 0x00000000c4500000| Untracked 
|  46|0x00000000c4600000, 0x00000000c4600000, 0x00000000c4700000|  0%| F|  |TAMS 0x00000000c4600000, 0x00000000c4600000| Untracked 
|  47|0x00000000c4700000, 0x00000000c4700000, 0x00000000c4800000|  0%| F|  |TAMS 0x00000000c4700000, 0x00000000c4700000| Untracked 
|  48|0x00000000c4800000, 0x00000000c4800000, 0x00000000c4900000|  0%| F|  |TAMS 0x00000000c4800000, 0x00000000c4800000| Untracked 
|  49|0x00000000c4900000, 0x00000000c49553b8, 0x00000000c4a00000| 33%| E|  |TAMS 0x00000000c4900000, 0x00000000c4900000| Complete 
|  50|0x00000000c4a00000, 0x00000000c4b00000, 0x00000000c4b00000|100%| E|CS|TAMS 0x00000000c4a00000, 0x00000000c4a00000| Complete 
|  51|0x00000000c4b00000, 0x00000000c4c00000, 0x00000000c4c00000|100%| E|CS|TAMS 0x00000000c4b00000, 0x00000000c4b00000| Complete 
|  52|0x00000000c4c00000, 0x00000000c4d00000, 0x00000000c4d00000|100%| E|CS|TAMS 0x00000000c4c00000, 0x00000000c4c00000| Complete 
|  53|0x00000000c4d00000, 0x00000000c4e00000, 0x00000000c4e00000|100%| E|CS|TAMS 0x00000000c4d00000, 0x00000000c4d00000| Complete 
|  54|0x00000000c4e00000, 0x00000000c4f00000, 0x00000000c4f00000|100%| E|CS|TAMS 0x00000000c4e00000, 0x00000000c4e00000| Complete 
|  55|0x00000000c4f00000, 0x00000000c5000000, 0x00000000c5000000|100%| E|CS|TAMS 0x00000000c4f00000, 0x00000000c4f00000| Complete 
|  56|0x00000000c5000000, 0x00000000c5100000, 0x00000000c5100000|100%| E|CS|TAMS 0x00000000c5000000, 0x00000000c5000000| Complete 
|  57|0x00000000c5100000, 0x00000000c5200000, 0x00000000c5200000|100%| E|CS|TAMS 0x00000000c5100000, 0x00000000c5100000| Complete 
|  58|0x00000000c5200000, 0x00000000c5300000, 0x00000000c5300000|100%| E|CS|TAMS 0x00000000c5200000, 0x00000000c5200000| Complete 
|  59|0x00000000c5300000, 0x00000000c5400000, 0x00000000c5400000|100%| E|CS|TAMS 0x00000000c5300000, 0x00000000c5300000| Complete 
|  60|0x00000000c5400000, 0x00000000c5500000, 0x00000000c5500000|100%| E|CS|TAMS 0x00000000c5400000, 0x00000000c5400000| Complete 
|  61|0x00000000c5500000, 0x00000000c5600000, 0x00000000c5600000|100%| E|CS|TAMS 0x00000000c5500000, 0x00000000c5500000| Complete 
|  62|0x00000000c5600000, 0x00000000c5700000, 0x00000000c5700000|100%| E|CS|TAMS 0x00000000c5600000, 0x00000000c5600000| Complete 
|  63|0x00000000c5700000, 0x00000000c5800000, 0x00000000c5800000|100%| E|CS|TAMS 0x00000000c5700000, 0x00000000c5700000| Complete 

Card table byte_map: [0x0000023bbdd10000,0x0000023bbdf10000] _byte_map_base: 0x0000023bbd704000

Marking Bits (Prev, Next): (CMBitMap*) 0x0000023ba73be650, (CMBitMap*) 0x0000023ba73be690
 Prev Bits: [0x0000023bbe110000, 0x0000023bbf0b0000)
 Next Bits: [0x0000023bbf0b0000, 0x0000023bc0050000)

Polling page: 0x0000023ba5540000

Metaspace:

Usage:
  Non-class:     12.21 MB used.
      Class:      1.56 MB used.
       Both:     13.77 MB used.

Virtual space:
  Non-class space:       16.00 MB reserved,      12.31 MB ( 77%) committed,  2 nodes.
      Class space:        1.00 GB reserved,       1.69 MB ( <1%) committed,  1 nodes.
              Both:        1.02 GB reserved,      14.00 MB (  1%) committed. 

Chunk freelists:
   Non-Class:  2.86 MB
       Class:  2.15 MB
        Both:  5.01 MB

MaxMetaspaceSize: 17179869184.00 GB
CompressedClassSpaceSize: 1.00 GB
 - commit_granule_bytes: 65536.
 - commit_granule_words: 8192.
 - virtual_space_node_default_size: 1048576.
 - enlarge_chunks_in_place: 1.
 - new_chunks_are_fully_committed: 0.
 - uncommit_free_chunks: 1.
 - use_allocation_guard: 0.
 - handle_deallocations: 1.


Internal statistics:

num_allocs_failed_limit: 0.
num_arena_births: 82.
num_arena_deaths: 0.
num_vsnodes_births: 3.
num_vsnodes_deaths: 0.
num_space_committed: 224.
num_space_uncommitted: 0.
num_chunks_returned_to_freelist: 0.
num_chunks_taken_from_freelist: 556.
num_chunk_merges: 0.
num_chunk_splits: 403.
num_chunks_enlarged: 315.
num_purges: 0.

CodeHeap 'non-profiled nmethods': size=120000Kb used=1417Kb max_used=1417Kb free=118582Kb
 bounds [0x0000023bb65e0000, 0x0000023bb6850000, 0x0000023bbdb10000]
CodeHeap 'profiled nmethods': size=120000Kb used=6161Kb max_used=6161Kb free=113838Kb
 bounds [0x0000023baf0b0000, 0x0000023baf6c0000, 0x0000023bb65e0000]
CodeHeap 'non-nmethods': size=5760Kb used=1202Kb max_used=1249Kb free=4557Kb
 bounds [0x0000023baeb10000, 0x0000023baed80000, 0x0000023baf0b0000]
 total_blobs=3595 nmethods=3102 adapters=405
 compilation: enabled
              stopped_count=0, restarted_count=0
 full_count=0

Compilation events (20 events):
Event: 5.517 Thread 0x0000023bc249bb50 3092       3       java.lang.invoke.MemberName::init (67 bytes)
Event: 5.517 Thread 0x0000023bc249bb50 nmethod 3092 0x0000023baf6b0090 code [0x0000023baf6b0240, 0x0000023baf6b0478]
Event: 5.518 Thread 0x0000023bc41c2880 nmethod 3096 0x0000023bb6741790 code [0x0000023bb6741920, 0x0000023bb6741a58]
Event: 12.296 Thread 0x0000023bc249bb50 3097       3       java.io.FileInputStream::available (5 bytes)
Event: 12.296 Thread 0x0000023bc249bb50 nmethod 3097 0x0000023baf6b0510 code [0x0000023baf6b06c0, 0x0000023baf6b0808]
Event: 17.433 Thread 0x0000023bc249bb50 3098  s    3       java.io.BufferedInputStream::available (35 bytes)
Event: 17.434 Thread 0x0000023bc249bb50 nmethod 3098 0x0000023baf6b0890 code [0x0000023baf6b0a60, 0x0000023baf6b0eb8]
Event: 21.506 Thread 0x0000023bc249bb50 3099       3       java.io.BufferedInputStream::fill (203 bytes)
Event: 21.507 Thread 0x0000023bc249bb50 nmethod 3099 0x0000023baf6b1010 code [0x0000023baf6b12a0, 0x0000023baf6b2048]
Event: 63.072 Thread 0x0000023bc2495db0 3101  s    4       java.io.BufferedOutputStream::flush (12 bytes)
Event: 63.077 Thread 0x0000023bc2495db0 nmethod 3101 0x0000023bb6741f90 code [0x0000023bb6742140, 0x0000023bb6742488]
Event: 64.870 Thread 0x0000023bc249bb50 3102       3       java.lang.ref.ReferenceQueue::reallyPoll (65 bytes)
Event: 64.871 Thread 0x0000023bc249bb50 nmethod 3102 0x0000023baf6b2410 code [0x0000023baf6b25e0, 0x0000023baf6b2b18]
Event: 110.545 Thread 0x0000023bc249bb50 3103       3       org.fusesource.jansi.FilterPrintStream::write (17 bytes)
Event: 110.545 Thread 0x0000023bc249bb50 nmethod 3103 0x0000023baf6b2c10 code [0x0000023baf6b2dc0, 0x0000023baf6b30b8]
Event: 110.545 Thread 0x0000023bc249bb50 3104   !   3       java.io.PrintStream::write (66 bytes)
Event: 110.546 Thread 0x0000023bc249bb50 nmethod 3104 0x0000023baf6b3190 code [0x0000023baf6b33c0, 0x0000023baf6b3ad8]
Event: 110.546 Thread 0x0000023bc249bb50 3105  s    3       java.io.BufferedOutputStream::write (35 bytes)
Event: 110.546 Thread 0x0000023bc249bb50 nmethod 3105 0x0000023baf6b3e10 code [0x0000023baf6b3fe0, 0x0000023baf6b43a8]
Event: 110.546 Thread 0x0000023bc2495db0 3106  s    4       org.fusesource.jansi.AnsiPrintStream::filter (948 bytes)

GC Heap History (8 events):
Event: 1.643 GC heap before
{Heap before GC invocations=0 (full 0):
 garbage-first heap   total 65536K, used 12288K [0x00000000c1800000, 0x0000000100000000)
  region size 1024K, 13 young (13312K), 0 survivors (0K)
 Metaspace       used 3540K, committed 3712K, reserved 1056768K
  class space    used 350K, committed 448K, reserved 1048576K
}
Event: 1.664 GC heap after
{Heap after GC invocations=1 (full 0):
 garbage-first heap   total 65536K, used 3100K [0x00000000c1800000, 0x0000000100000000)
  region size 1024K, 2 young (2048K), 2 survivors (2048K)
 Metaspace       used 3540K, committed 3712K, reserved 1056768K
  class space    used 350K, committed 448K, reserved 1048576K
}
Event: 1.982 GC heap before
{Heap before GC invocations=1 (full 0):
 garbage-first heap   total 65536K, used 16412K [0x00000000c1800000, 0x0000000100000000)
  region size 1024K, 15 young (15360K), 2 survivors (2048K)
 Metaspace       used 5131K, committed 5312K, reserved 1056768K
  class space    used 581K, committed 640K, reserved 1048576K
}
Event: 1.987 GC heap after
{Heap after GC invocations=2 (full 0):
 garbage-first heap   total 65536K, used 3824K [0x00000000c1800000, 0x0000000100000000)
  region size 1024K, 1 young (1024K), 1 survivors (1024K)
 Metaspace       used 5131K, committed 5312K, reserved 1056768K
  class space    used 581K, committed 640K, reserved 1048576K
}
Event: 2.716 GC heap before
{Heap before GC invocations=2 (full 0):
 garbage-first heap   total 65536K, used 28400K [0x00000000c1800000, 0x0000000100000000)
  region size 1024K, 26 young (26624K), 1 survivors (1024K)
 Metaspace       used 9171K, committed 9280K, reserved 1064960K
  class space    used 1089K, committed 1152K, reserved 1048576K
}
Event: 2.725 GC heap after
{Heap after GC invocations=3 (full 0):
 garbage-first heap   total 65536K, used 5078K [0x00000000c1800000, 0x0000000100000000)
  region size 1024K, 2 young (2048K), 2 survivors (2048K)
 Metaspace       used 9171K, committed 9280K, reserved 1064960K
  class space    used 1089K, committed 1152K, reserved 1048576K
}
Event: 4.848 GC heap before
{Heap before GC invocations=3 (full 0):
 garbage-first heap   total 65536K, used 41942K [0x00000000c1800000, 0x0000000100000000)
  region size 1024K, 38 young (38912K), 2 survivors (2048K)
 Metaspace       used 13044K, committed 13184K, reserved 1064960K
  class space    used 1472K, committed 1536K, reserved 1048576K
}
Event: 4.864 GC heap after
{Heap after GC invocations=4 (full 0):
 garbage-first heap   total 65536K, used 7805K [0x00000000c1800000, 0x0000000100000000)
  region size 1024K, 5 young (5120K), 5 survivors (5120K)
 Metaspace       used 13044K, committed 13184K, reserved 1064960K
  class space    used 1472K, committed 1536K, reserved 1048576K
}

Deoptimization events (20 events):
Event: 5.351 Thread 0x0000023ba738f290 Uncommon trap: trap_request=0xffffffde fr.pc=0x0000023bb668d690 relative=0x0000000000000070
Event: 5.351 Thread 0x0000023ba738f290 Uncommon trap: reason=class_check action=maybe_recompile pc=0x0000023bb668d690 method=com.google.inject.internal.LinkedBindingImpl.acceptTargetVisitor(Lcom/google/inject/spi/BindingTargetVisitor;)Ljava/lang/Object; @ 2 c2
Event: 5.351 Thread 0x0000023ba738f290 DEOPT PACKING pc=0x0000023bb668d690 sp=0x000000b524bfd870
Event: 5.351 Thread 0x0000023ba738f290 DEOPT UNPACKING pc=0x0000023baeb5d72e sp=0x000000b524bfd808 mode 2
Event: 5.424 Thread 0x0000023ba738f290 Uncommon trap: trap_request=0xffffffde fr.pc=0x0000023bb668d690 relative=0x0000000000000070
Event: 5.424 Thread 0x0000023ba738f290 Uncommon trap: reason=class_check action=maybe_recompile pc=0x0000023bb668d690 method=com.google.inject.internal.LinkedBindingImpl.acceptTargetVisitor(Lcom/google/inject/spi/BindingTargetVisitor;)Ljava/lang/Object; @ 2 c2
Event: 5.424 Thread 0x0000023ba738f290 DEOPT PACKING pc=0x0000023bb668d690 sp=0x000000b524bfd870
Event: 5.425 Thread 0x0000023ba738f290 DEOPT UNPACKING pc=0x0000023baeb5d72e sp=0x000000b524bfd808 mode 2
Event: 5.425 Thread 0x0000023ba738f290 Uncommon trap: trap_request=0xffffffde fr.pc=0x0000023bb668d690 relative=0x0000000000000070
Event: 5.425 Thread 0x0000023ba738f290 Uncommon trap: reason=class_check action=maybe_recompile pc=0x0000023bb668d690 method=com.google.inject.internal.LinkedBindingImpl.acceptTargetVisitor(Lcom/google/inject/spi/BindingTargetVisitor;)Ljava/lang/Object; @ 2 c2
Event: 5.425 Thread 0x0000023ba738f290 DEOPT PACKING pc=0x0000023bb668d690 sp=0x000000b524bfd870
Event: 5.425 Thread 0x0000023ba738f290 DEOPT UNPACKING pc=0x0000023baeb5d72e sp=0x000000b524bfd808 mode 2
Event: 5.432 Thread 0x0000023ba738f290 Uncommon trap: trap_request=0xffffff54 fr.pc=0x0000023bb6721bcc relative=0x000000000000034c
Event: 5.432 Thread 0x0000023ba738f290 Uncommon trap: reason=speculate_null_assert action=make_not_entrant pc=0x0000023bb6721bcc method=org.eclipse.sisu.inject.RankedBindings$Itr.hasNext()Z @ 80 c2
Event: 5.432 Thread 0x0000023ba738f290 DEOPT PACKING pc=0x0000023bb6721bcc sp=0x000000b524bfdd00
Event: 5.432 Thread 0x0000023ba738f290 DEOPT UNPACKING pc=0x0000023baeb5d72e sp=0x000000b524bfdcd0 mode 2
Event: 5.456 Thread 0x0000023ba738f290 DEOPT PACKING pc=0x0000023baf175634 sp=0x000000b524bf7fb0
Event: 5.456 Thread 0x0000023ba738f290 DEOPT UNPACKING pc=0x0000023baeb5dece sp=0x000000b524bf73e8 mode 0
Event: 5.456 Thread 0x0000023ba738f290 DEOPT PACKING pc=0x0000023baf17524c sp=0x000000b524bf8020
Event: 5.456 Thread 0x0000023ba738f290 DEOPT UNPACKING pc=0x0000023baeb5dece sp=0x000000b524bf74c8 mode 0

Classes unloaded (0 events):
No events

Classes redefined (0 events):
No events

Internal exceptions (20 events):
Event: 2.937 Thread 0x0000023ba738f290 Exception <a 'java/lang/NoClassDefFoundError'{0x00000000c53a50f0}: javax/annotation/Priority> (0x00000000c53a50f0) 
thrown [t:\workspace\open\src\hotspot\share\classfile\systemDictionary.cpp, line 245]
Event: 3.072 Thread 0x0000023ba738f290 Exception <a 'java/lang/NoSuchMethodError'{0x00000000c50088f8}: 'java.lang.Object java.lang.invoke.DirectMethodHandle$Holder.invokeStatic(java.lang.Object)'> (0x00000000c50088f8) 
thrown [t:\workspace\open\src\hotspot\share\interpreter\linkResolver.cpp, line 790]
Event: 3.076 Thread 0x0000023ba738f290 Exception <a 'java/lang/NoSuchMethodError'{0x00000000c5013a00}: 'java.lang.Object java.lang.invoke.DirectMethodHandle$Holder.invokeStaticInit(java.lang.Object, int, int, int, int)'> (0x00000000c5013a00) 
thrown [t:\workspace\open\src\hotspot\share\interpreter\linkResolver.cpp, line 790]
Event: 3.925 Thread 0x0000023ba738f290 Implicit null exception at 0x0000023bb66583e0 to 0x0000023bb665847a
Event: 3.926 Thread 0x0000023ba738f290 Implicit null exception at 0x0000023bb666d38f to 0x0000023bb666d738
Event: 3.926 Thread 0x0000023ba738f290 Implicit null exception at 0x0000023bb664afaf to 0x0000023bb664b02d
Event: 4.040 Thread 0x0000023ba738f290 Implicit null exception at 0x0000023bb6647c8f to 0x0000023bb6648020
Event: 5.376 Thread 0x0000023ba738f290 Exception <a 'java/lang/NoClassDefFoundError'{0x00000000c4e989e0}: org/sonatype/aether/collection/DependencyCollectionException> (0x00000000c4e989e0) 
thrown [t:\workspace\open\src\hotspot\share\classfile\systemDictionary.cpp, line 245]
Event: 5.377 Thread 0x0000023ba738f290 Exception <a 'java/lang/NoClassDefFoundError'{0x00000000c4eab0c0}: org/sonatype/aether/artifact/Artifact> (0x00000000c4eab0c0) 
thrown [t:\workspace\open\src\hotspot\share\classfile\systemDictionary.cpp, line 245]
Event: 5.387 Thread 0x0000023ba738f290 Exception <a 'java/lang/NoClassDefFoundError'{0x00000000c4efb1c8}: org/sonatype/aether/resolution/ArtifactResolutionException> (0x00000000c4efb1c8) 
thrown [t:\workspace\open\src\hotspot\share\classfile\systemDictionary.cpp, line 245]
Event: 5.404 Thread 0x0000023ba738f290 Exception <a 'java/lang/NoClassDefFoundError'{0x00000000c4d9f170}: org/sonatype/aether/resolution/ArtifactDescriptorException> (0x00000000c4d9f170) 
thrown [t:\workspace\open\src\hotspot\share\classfile\systemDictionary.cpp, line 245]
Event: 5.410 Thread 0x0000023ba738f290 Exception <a 'java/lang/NoClassDefFoundError'{0x00000000c4dd5038}: org/sonatype/aether/artifact/Artifact> (0x00000000c4dd5038) 
thrown [t:\workspace\open\src\hotspot\share\classfile\systemDictionary.cpp, line 245]
Event: 5.411 Thread 0x0000023ba738f290 Exception <a 'java/lang/NoClassDefFoundError'{0x00000000c4ddfb28}: org/sonatype/aether/installation/InstallationException> (0x00000000c4ddfb28) 
thrown [t:\workspace\open\src\hotspot\share\classfile\systemDictionary.cpp, line 245]
Event: 5.417 Thread 0x0000023ba738f290 Exception <a 'java/lang/NoClassDefFoundError'{0x00000000c4c1fca0}: org/sonatype/aether/deployment/DeploymentException> (0x00000000c4c1fca0) 
thrown [t:\workspace\open\src\hotspot\share\classfile\systemDictionary.cpp, line 245]
Event: 5.500 Thread 0x0000023ba738f290 Exception <a 'java/lang/NoSuchMethodError'{0x00000000c4a5b1e0}: 'void java.lang.invoke.DirectMethodHandle$Holder.invokeStatic(java.lang.Object, long)'> (0x00000000c4a5b1e0) 
thrown [t:\workspace\open\src\hotspot\share\interpreter\linkResolver.cpp, line 790]
Event: 5.508 Thread 0x0000023ba738f290 Exception <a 'java/lang/NoSuchMethodError'{0x00000000c4a60da8}: 'java.lang.Object java.lang.invoke.DirectMethodHandle$Holder.newInvokeSpecial(java.lang.Object, long)'> (0x00000000c4a60da8) 
thrown [t:\workspace\open\src\hotspot\share\interpreter\linkResolver.cpp, line 790]
Event: 5.510 Thread 0x0000023ba738f290 Exception <a 'java/lang/NoSuchMethodError'{0x00000000c4a659d8}: 'java.lang.Object java.lang.invoke.DirectMethodHandle$Holder.invokeStaticInit(java.lang.Object)'> (0x00000000c4a659d8) 
thrown [t:\workspace\open\src\hotspot\share\interpreter\linkResolver.cpp, line 790]
Event: 5.512 Thread 0x0000023ba738f290 Exception <a 'java/lang/NoSuchMethodError'{0x00000000c4a6f758}: 'java.lang.Object java.lang.invoke.DirectMethodHandle$Holder.invokeStaticInit(java.lang.Object, java.lang.Object, long, java.lang.Object)'> (0x00000000c4a6f758) 
thrown [t:\workspace\open\src\hotspot\share\interpreter\linkResolver.cpp, line 790]
Event: 5.515 Thread 0x0000023ba738f290 Exception <a 'java/lang/NoSuchMethodError'{0x00000000c4a76168}: 'java.lang.Object java.lang.invoke.DirectMethodHandle$Holder.newInvokeSpecial(java.lang.Object, java.lang.Object, long)'> (0x00000000c4a76168) 
thrown [t:\workspace\open\src\hotspot\share\interpreter\linkResolver.cpp, line 790]
Event: 5.516 Thread 0x0000023ba738f290 Exception <a 'java/lang/NoSuchMethodError'{0x00000000c4a7a568}: 'java.lang.Object java.lang.invoke.Invokers$Holder.linkToTargetMethod(java.lang.Object, long, java.lang.Object)'> (0x00000000c4a7a568) 
thrown [t:\workspace\open\src\hotspot\share\interpreter\linkResolver.cpp, line 790]

Events (20 events):
Event: 5.519 loading class java/lang/ProcessImpl$2
Event: 5.519 loading class java/lang/ProcessImpl$2 done
Event: 5.519 loading class java/lang/Process$PipeInputStream
Event: 5.519 loading class java/lang/Process$PipeInputStream done
Event: 5.520 Executing  VM operation: HandshakeAllThreads
Event: 5.520 Executing  VM operation: HandshakeAllThreads done
Event: 5.520 loading class jdk/internal/event/ProcessStartEvent
Event: 5.520 loading class jdk/internal/event/Event
Event: 5.520 loading class jdk/internal/event/Event done
Event: 5.520 loading class jdk/internal/event/ProcessStartEvent done
Event: 5.521 loading class java/io/PipedOutputStream
Event: 5.521 loading class java/io/PipedOutputStream done
Event: 5.523 Thread 0x0000023bc3057a90 Thread added: 0x0000023bc3057a90
Event: 5.523 Thread 0x0000023bc3059520 Thread added: 0x0000023bc3059520
Event: 5.523 Thread 0x0000023bc3059a70 Thread added: 0x0000023bc3059a70
Event: 6.528 Executing  VM operation: Cleanup
Event: 6.528 Executing  VM operation: Cleanup done
Event: 10.518 Thread 0x0000023bc41c2880 Thread exited: 0x0000023bc41c2880
Event: 25.666 Executing  VM operation: Cleanup
Event: 25.666 Executing  VM operation: Cleanup done


Dynamic libraries:
0x00007ff7a5d20000 - 0x00007ff7a5d30000 	C:\Program Files\Java\jdk-16.0.2\bin\java.exe
0x00007ffdb5eb0000 - 0x00007ffdb60a5000 	C:\WINDOWS\SYSTEM32\ntdll.dll
0x00007ffdb5b50000 - 0x00007ffdb5c0e000 	C:\WINDOWS\System32\KERNEL32.DLL
0x00007ffdb3700000 - 0x00007ffdb39c9000 	C:\WINDOWS\System32\KERNELBASE.dll
0x00007ffdb35d0000 - 0x00007ffdb36d0000 	C:\WINDOWS\System32\ucrtbase.dll
0x00007ffda8e80000 - 0x00007ffda8e99000 	C:\Program Files\Java\jdk-16.0.2\bin\VCRUNTIME140.dll
0x00007ffd9c8d0000 - 0x00007ffd9c8e8000 	C:\Program Files\Java\jdk-16.0.2\bin\jli.dll
0x00007ffdb4950000 - 0x00007ffdb49fc000 	C:\WINDOWS\System32\ADVAPI32.dll
0x00007ffdb5280000 - 0x00007ffdb531e000 	C:\WINDOWS\System32\msvcrt.dll
0x00007ffdb4030000 - 0x00007ffdb40cb000 	C:\WINDOWS\System32\sechost.dll
0x00007ffdb3f00000 - 0x00007ffdb402a000 	C:\WINDOWS\System32\RPCRT4.dll
0x00007ffdb5c10000 - 0x00007ffdb5db1000 	C:\WINDOWS\System32\USER32.dll
0x00007ffdb36d0000 - 0x00007ffdb36f2000 	C:\WINDOWS\System32\win32u.dll
0x00007ffdb5e40000 - 0x00007ffdb5e6b000 	C:\WINDOWS\System32\GDI32.dll
0x00007ffdb3d40000 - 0x00007ffdb3e4b000 	C:\WINDOWS\System32\gdi32full.dll
0x00007ffdb3bf0000 - 0x00007ffdb3c8d000 	C:\WINDOWS\System32\msvcp_win.dll
0x00007ffd993a0000 - 0x00007ffd9963a000 	C:\WINDOWS\WinSxS\amd64_microsoft.windows.common-controls_6595b64144ccf1df_6.0.19041.1110_none_60b5254171f9507e\COMCTL32.dll
0x00007ffda9520000 - 0x00007ffda952a000 	C:\WINDOWS\SYSTEM32\VERSION.dll
0x00007ffdb4250000 - 0x00007ffdb4280000 	C:\WINDOWS\System32\IMM32.DLL
0x00007ffdabc00000 - 0x00007ffdabc0c000 	C:\Program Files\Java\jdk-16.0.2\bin\vcruntime140_1.dll
0x00007ffda8c90000 - 0x00007ffda8d21000 	C:\Program Files\Java\jdk-16.0.2\bin\msvcp140.dll
0x00007ffd73c00000 - 0x00007ffd747ab000 	C:\Program Files\Java\jdk-16.0.2\bin\server\jvm.dll
0x00007ffdb4290000 - 0x00007ffdb4298000 	C:\WINDOWS\System32\PSAPI.DLL
0x00007ffdabc60000 - 0x00007ffdabc69000 	C:\WINDOWS\SYSTEM32\WSOCK32.dll
0x00007ffdb46c0000 - 0x00007ffdb472b000 	C:\WINDOWS\System32\WS2_32.dll
0x00007ffd9b760000 - 0x00007ffd9b787000 	C:\WINDOWS\SYSTEM32\WINMM.dll
0x00007ffdb1e40000 - 0x00007ffdb1e52000 	C:\WINDOWS\SYSTEM32\kernel.appcore.dll
0x00007ffdab650000 - 0x00007ffdab65a000 	C:\Program Files\Java\jdk-16.0.2\bin\jimage.dll
0x00007ffdae1f0000 - 0x00007ffdae3d4000 	C:\WINDOWS\SYSTEM32\DBGHELP.DLL
0x00007ffd9a210000 - 0x00007ffd9a23c000 	C:\WINDOWS\SYSTEM32\dbgcore.DLL
0x00007ffdb3b60000 - 0x00007ffdb3be3000 	C:\WINDOWS\System32\bcryptPrimitives.dll
0x00007ffda8d90000 - 0x00007ffda8db5000 	C:\Program Files\Java\jdk-16.0.2\bin\java.dll
0x00007ffdb5320000 - 0x00007ffdb5a5f000 	C:\WINDOWS\System32\SHELL32.dll
0x00007ffdb16b0000 - 0x00007ffdb1e40000 	C:\WINDOWS\SYSTEM32\windows.storage.dll
0x00007ffdb4360000 - 0x00007ffdb46b5000 	C:\WINDOWS\System32\combase.dll
0x00007ffdb2fb0000 - 0x00007ffdb2fdc000 	C:\WINDOWS\SYSTEM32\Wldp.dll
0x00007ffdb4ba0000 - 0x00007ffdb4c4e000 	C:\WINDOWS\System32\SHCORE.dll
0x00007ffdb42a0000 - 0x00007ffdb42f5000 	C:\WINDOWS\System32\shlwapi.dll
0x00007ffdb3510000 - 0x00007ffdb352f000 	C:\WINDOWS\SYSTEM32\profapi.dll
0x00007ffda8d70000 - 0x00007ffda8d89000 	C:\Program Files\Java\jdk-16.0.2\bin\net.dll
0x00007ffda42c0000 - 0x00007ffda43c8000 	C:\WINDOWS\SYSTEM32\WINHTTP.dll
0x00007ffdb2cb0000 - 0x00007ffdb2d1a000 	C:\WINDOWS\system32\mswsock.dll
0x00007ffda8d50000 - 0x00007ffda8d63000 	C:\Program Files\Java\jdk-16.0.2\bin\nio.dll
0x00007ffda8d30000 - 0x00007ffda8d48000 	C:\Program Files\Java\jdk-16.0.2\bin\zip.dll
0x00007ffdaabd0000 - 0x00007ffdaabe0000 	C:\Program Files\Java\jdk-16.0.2\bin\verify.dll
0x00007ffd9e360000 - 0x00007ffd9e36a000 	C:\Program Files\NetBeans-12.5\netbeans\java\maven\lib\jansi-native\windows64\jansi.dll

dbghelp: loaded successfully - version: 4.0.5 - missing functions: none
symbol engine: initialized successfully - sym options: 0x614 - pdb path: .;C:\Program Files\Java\jdk-16.0.2\bin;C:\WINDOWS\SYSTEM32;C:\WINDOWS\WinSxS\amd64_microsoft.windows.common-controls_6595b64144ccf1df_6.0.19041.1110_none_60b5254171f9507e;C:\Program Files\Java\jdk-16.0.2\bin\server;C:\Program Files\NetBeans-12.5\netbeans\java\maven\lib\jansi-native\windows64

VM Arguments:
jvm_args: -Dclassworlds.conf=C:\Program Files\NetBeans-12.5\netbeans\java\maven\bin\..\bin\m2.conf -Dmaven.home=C:\Program Files\NetBeans-12.5\netbeans\java\maven\bin\.. -Dlibrary.jansi.path=C:\Program Files\NetBeans-12.5\netbeans\java\maven\bin\..\lib\jansi-native -Dmaven.multiModuleProjectDirectory=C:\Users\dell\Documents\NetBeansProjects\po\projetoN2 
java_command: org.codehaus.plexus.classworlds.launcher.Launcher -Dexec.vmArgs= -Dexec.args=${exec.vmArgs} -classpath %classpath ${exec.mainClass} ${exec.appArgs} -Dexec.executable=C:\Program Files\Java\jdk-16.0.2\bin\java.exe -Dexec.mainClass=view.Tabela -Dexec.classpathScope=runtime -Dexec.appArgs= -Dmaven.ext.class.path=C:\Program Files\NetBeans-12.5\netbeans\java\maven-nblib\netbeans-eventspy.jar -Dfile.encoding=UTF-8 org.codehaus.mojo:exec-maven-plugin:3.0.0:exec
java_class_path (initial): C:\Program Files\NetBeans-12.5\netbeans\java\maven\bin\..\boot\plexus-classworlds-2.6.0.jar
Launcher Type: SUN_STANDARD

[Global flags]
     intx CICompilerCount                          = 3                                         {product} {ergonomic}
     uint ConcGCThreads                            = 1                                         {product} {ergonomic}
     uint G1ConcRefinementThreads                  = 4                                         {product} {ergonomic}
   size_t G1HeapRegionSize                         = 1048576                                   {product} {ergonomic}
    uintx GCDrainStackTargetSize                   = 64                                        {product} {ergonomic}
   size_t InitialHeapSize                          = 67108864                                  {product} {ergonomic}
   size_t MarkStackSize                            = 4194304                                   {product} {ergonomic}
   size_t MaxHeapSize                              = 1048576000                                {product} {ergonomic}
   size_t MaxNewSize                               = 629145600                                 {product} {ergonomic}
   size_t MinHeapDeltaBytes                        = 1048576                                   {product} {ergonomic}
   size_t MinHeapSize                              = 8388608                                   {product} {ergonomic}
    uintx NonNMethodCodeHeapSize                   = 5832780                                {pd product} {ergonomic}
    uintx NonProfiledCodeHeapSize                  = 122912730                              {pd product} {ergonomic}
    uintx ProfiledCodeHeapSize                     = 122912730                              {pd product} {ergonomic}
    uintx ReservedCodeCacheSize                    = 251658240                              {pd product} {ergonomic}
     bool SegmentedCodeCache                       = true                                      {product} {ergonomic}
   size_t SoftMaxHeapSize                          = 1048576000                             {manageable} {ergonomic}
     bool UseCompressedClassPointers               = true                           {product lp64_product} {ergonomic}
     bool UseCompressedOops                        = true                           {product lp64_product} {ergonomic}
     bool UseG1GC                                  = true                                      {product} {ergonomic}
     bool UseLargePagesIndividualAllocation        = false                                  {pd product} {ergonomic}

Logging:
Log output configuration:
 #0: stdout all=warning uptime,level,tags
 #1: stderr all=off uptime,level,tags

Environment Variables:
JAVA_HOME=C:\Program Files\Java\jdk-16.0.2
PATH=C:\Program Files\Common Files\Oracle\Java\javapath;C:\Program Files (x86)\Common Files\Oracle\Java\javapath;C:\Program Files\AdoptOpenJDK\jdk-14.0.2.12-hotspot\bin;C:\WINDOWS\system32;C:\WINDOWS;C:\WINDOWS\System32\Wbem;C:\WINDOWS\System32\WindowsPowerShell\v1.0\;C:\WINDOWS\System32\OpenSSH\;C:\Program Files\nodejs\;C:\Program Files (x86)\Intel\Intel(R) Management Engine Components\DAL;C:\Program Files\Intel\Intel(R) Management Engine Components\DAL;C:\MinGW\bin;C:\Program Files\Java\jdk-15.0.2\bin;C:\Program Files\Git\cmd;C:\Program Files\Apache\maven\apache-maven-3.8.3\bin;C:\Program Files\MySQL\MySQL Shell 8.0\bin\;C:\Users\dell\AppData\Local\Microsoft\WindowsApps;C:\Users\dell\AppData\Roaming\npm;C:\MinGW\bin;;C:\Program Files\JetBrains\IntelliJ IDEA Community Edition 2021.2\bin;;C:\Users\dell\AppData\Local\Programs\mongosh\
USERNAME=dell
OS=Windows_NT
PROCESSOR_IDENTIFIER=Intel64 Family 6 Model 142 Stepping 9, GenuineIntel



---------------  S Y S T E M  ---------------

OS:
 Windows 10 , 64 bit Build 19041 (10.0.19041.1202)
OS uptime: 0 days 8:39 hours

CPU: total 4 (initial active 4) (2 cores per cpu, 2 threads per core) family 6 model 142 stepping 9 microcode 0xea, cx8, cmov, fxsr, ht, mmx, 3dnowpref, sse, sse2, sse3, ssse3, sse4.1, sse4.2, popcnt, lzcnt, tsc, tscinvbit, avx, avx2, aes, erms, clmul, bmi1, bmi2, adx, fma, vzeroupper, clflush, clflushopt

Memory: 4k page, system-wide physical 3996M (414M free)
TotalPageFile size 5391M (AvailPageFile size 3M)
current process WorkingSet (physical memory assigned to process): 108M, peak: 116M
current process commit charge ("private bytes"): 162M, peak: 170M

vm_info: Java HotSpot(TM) 64-Bit Server VM (16.0.2+7-67) for windows-amd64 JRE (16.0.2+7-67), built on Jun  8 2021 23:24:19 by "mach5one" with MS VC++ 16.7 (VS2019)

END.
