#
# There is insufficient memory for the Java Runtime Environment to continue.
# Native memory allocation (malloc) failed to allocate 34304 bytes for Chunk::new
# Possible reasons:
#   The system is out of physical RAM or swap space
#   The process is running with CompressedOops enabled, and the Java Heap may be blocking the growth of the native heap
# Possible solutions:
#   Reduce memory load on the system
#   Increase physical memory or swap space
#   Check if swap backing store is full
#   Decrease Java heap size (-Xmx/-Xms)
#   Decrease number of Java threads
#   Decrease Java thread stack sizes (-Xss)
#   Set larger code cache with -XX:ReservedCodeCacheSize=
#   JVM is running with Unscaled Compressed Oops mode in which the Java heap is
#     placed in the first 4GB address space. The Java Heap base address is the
#     maximum limit for the native heap growth. Please use -XX:HeapBaseMinAddress
#     to set the Java Heap base and to place the Java Heap above 4GB virtual address.
# This output file may be truncated or incomplete.
#
#  Out of Memory Error (arena.cpp:195), pid=11044, tid=12164
#
# JRE version: Java(TM) SE Runtime Environment (16.0.2+7) (build 16.0.2+7-67)
# Java VM: Java HotSpot(TM) 64-Bit Server VM (16.0.2+7-67, mixed mode, sharing, tiered, compressed oops, compressed class ptrs, g1 gc, windows-amd64)
# No core dump will be written. Minidumps are not enabled by default on client versions of Windows
#

---------------  S U M M A R Y ------------

Command Line: -Dclassworlds.conf=C:\Program Files\NetBeans-12.5\netbeans\java\maven\bin\..\bin\m2.conf -Dmaven.home=C:\Program Files\NetBeans-12.5\netbeans\java\maven\bin\.. -Dlibrary.jansi.path=C:\Program Files\NetBeans-12.5\netbeans\java\maven\bin\..\lib\jansi-native -Dmaven.multiModuleProjectDirectory=C:\Users\dell\Documents\NetBeansProjects\projetoGit\ContadorDeMercadorias org.codehaus.plexus.classworlds.launcher.Launcher -Dmaven.ext.class.path=C:\Program Files\NetBeans-12.5\netbeans\java\maven-nblib\netbeans-eventspy.jar -Dfile.encoding=UTF-8 clean

Host: Intel(R) Core(TM) i3-7020U CPU @ 2.30GHz, 4 cores, 3G,  Windows 10 , 64 bit Build 19041 (10.0.19041.1348)
Time: Tue Dec 14 11:27:24 2021 Hora oficial do Brasil elapsed time: 1.366191 seconds (0d 0h 0m 1s)

---------------  T H R E A D  ---------------

Current thread (0x000001fcfba00600):  JavaThread "C2 CompilerThread0" daemon [_thread_in_native, id=12164, stack(0x0000002787900000,0x0000002787a00000)]


Current CompileTask:
C2:   1366 1341       4       jdk.internal.loader.URLClassPath::getResource (74 bytes)

Stack: [0x0000002787900000,0x0000002787a00000]
Native frames: (J=compiled Java code, j=interpreted, Vv=VM code, C=native code)
V  [jvm.dll+0x6681ca]
V  [jvm.dll+0x7c9e69]
V  [jvm.dll+0x7cb61e]
V  [jvm.dll+0x7cbc73]
V  [jvm.dll+0x242c55]
V  [jvm.dll+0xadeba]
V  [jvm.dll+0xae45c]
V  [jvm.dll+0x2a521c]
V  [jvm.dll+0x573c29]
V  [jvm.dll+0x21e905]
V  [jvm.dll+0x217c01]
V  [jvm.dll+0x214ffc]
V  [jvm.dll+0x1a1beb]
V  [jvm.dll+0x225158]
V  [jvm.dll+0x22319c]
V  [jvm.dll+0x77fa62]
V  [jvm.dll+0x7795aa]
V  [jvm.dll+0x667066]
C  [ucrtbase.dll+0x21bb2]
C  [KERNEL32.DLL+0x17034]
C  [ntdll.dll+0x52651]


---------------  P R O C E S S  ---------------

Threads class SMR info:
_java_thread_list=0x000001fcfcda5940, length=13, elements={
0x000001fcde99c920, 0x000001fcfb9d8900, 0x000001fcfb9d96d0, 0x000001fcfb9eb460,
0x000001fcfb9ecf80, 0x000001fcfb9ee2a0, 0x000001fcfb9fa7f0, 0x000001fcfba00600,
0x000001fcfba00c10, 0x000001fcfba0b980, 0x000001fcfc456ee0, 0x000001fcfc45bcf0,
0x000001fcfc63e300
}

Java Threads: ( => current thread )
  0x000001fcde99c920 JavaThread "main" [_thread_in_native, id=3128, stack(0x0000002786c00000,0x0000002786d00000)]
  0x000001fcfb9d8900 JavaThread "Reference Handler" daemon [_thread_blocked, id=6136, stack(0x0000002787300000,0x0000002787400000)]
  0x000001fcfb9d96d0 JavaThread "Finalizer" daemon [_thread_blocked, id=1824, stack(0x0000002787400000,0x0000002787500000)]
  0x000001fcfb9eb460 JavaThread "Signal Dispatcher" daemon [_thread_blocked, id=10188, stack(0x0000002787500000,0x0000002787600000)]
  0x000001fcfb9ecf80 JavaThread "Attach Listener" daemon [_thread_blocked, id=6768, stack(0x0000002787600000,0x0000002787700000)]
  0x000001fcfb9ee2a0 JavaThread "Service Thread" daemon [_thread_blocked, id=844, stack(0x0000002787700000,0x0000002787800000)]
  0x000001fcfb9fa7f0 JavaThread "Monitor Deflation Thread" daemon [_thread_blocked, id=11112, stack(0x0000002787800000,0x0000002787900000)]
=>0x000001fcfba00600 JavaThread "C2 CompilerThread0" daemon [_thread_in_native, id=12164, stack(0x0000002787900000,0x0000002787a00000)]
  0x000001fcfba00c10 JavaThread "C1 CompilerThread0" daemon [_thread_blocked, id=9164, stack(0x0000002787a00000,0x0000002787b00000)]
  0x000001fcfba0b980 JavaThread "Sweeper thread" daemon [_thread_blocked, id=8860, stack(0x0000002787b00000,0x0000002787c00000)]
  0x000001fcfc456ee0 JavaThread "Notification Thread" daemon [_thread_blocked, id=8588, stack(0x0000002787c00000,0x0000002787d00000)]
  0x000001fcfc45bcf0 JavaThread "Common-Cleaner" daemon [_thread_blocked, id=9008, stack(0x0000002787e00000,0x0000002787f00000)]
  0x000001fcfc63e300 JavaThread "C2 CompilerThread1" daemon [_thread_in_native, id=7712, stack(0x0000002788200000,0x0000002788300000)]

Other Threads:
  0x000001fcfb9d4590 VMThread "VM Thread" [stack: 0x0000002787200000,0x0000002787300000] [id=11168]
  0x000001fcfc45b050 WatcherThread [stack: 0x0000002787d00000,0x0000002787e00000] [id=8128]
  0x000001fcde9cb570 GCTaskThread "GC Thread#0" [stack: 0x0000002786d00000,0x0000002786e00000] [id=7604]
  0x000001fcfcd62890 GCTaskThread "GC Thread#1" [stack: 0x0000002787f00000,0x0000002788000000] [id=7012]
  0x000001fcfcd5b050 GCTaskThread "GC Thread#2" [stack: 0x0000002788000000,0x0000002788100000] [id=11160]
  0x000001fcfcd5b360 GCTaskThread "GC Thread#3" [stack: 0x0000002788100000,0x0000002788200000] [id=11836]
  0x000001fcde9d42b0 ConcurrentGCThread "G1 Main Marker" [stack: 0x0000002786e00000,0x0000002786f00000] [id=11948]
  0x000001fcde9d4d20 ConcurrentGCThread "G1 Conc#0" [stack: 0x0000002786f00000,0x0000002787000000] [id=10636]
  0x000001fcdea29f30 ConcurrentGCThread "G1 Refine#0" [stack: 0x0000002787000000,0x0000002787100000] [id=1028]
  0x000001fcdea2b8d0 ConcurrentGCThread "G1 Service" [stack: 0x0000002787100000,0x0000002787200000] [id=11336]

Threads with active compile tasks:
C2 CompilerThread0     1514 1341       4       jdk.internal.loader.URLClassPath::getResource (74 bytes)
C2 CompilerThread1     1514 1373 % !   4       java.util.concurrent.ConcurrentHashMap::transfer @ 372 (849 bytes)

VM state: not at safepoint (normal execution)

VM Mutex/Monitor currently owned by a thread: None

Heap address: 0x00000000c1800000, size: 1000 MB, Compressed Oops mode: 32-bit

CDS archive(s) mapped at: [0x0000000800000000-0x0000000800bb0000-0x0000000800bb0000), size 12255232, SharedBaseAddress: 0x0000000800000000, ArchiveRelocationMode: 0.
Compressed class space mapped at: 0x0000000800c00000-0x0000000840c00000, reserved size: 1073741824
Narrow klass base: 0x0000000800000000, Narrow klass shift: 3, Narrow klass range: 0x100000000

GC Precious Log:
 CPUs: 4 total, 4 available
 Memory: 3996M
 Large Page Support: Disabled
 NUMA Support: Disabled
 Compressed Oops: Enabled (32-bit)
 Heap Region Size: 1M
 Heap Min Capacity: 8M
 Heap Initial Capacity: 64M
 Heap Max Capacity: 1000M
 Pre-touch: Disabled
 Parallel Workers: 4
 Concurrent Workers: 1
 Concurrent Refinement Workers: 4
 Periodic GC: Disabled

Heap:
 garbage-first heap   total 65536K, used 22273K [0x00000000c1800000, 0x0000000100000000)
  region size 1024K, 21 young (21504K), 1 survivors (1024K)
 Metaspace       used 8173K, committed 8320K, reserved 1064960K
  class space    used 946K, committed 1024K, reserved 1048576K

Heap Regions: E=young(eden), S=young(survivor), O=old, HS=humongous(starts), HC=humongous(continues), CS=collection set, F=free, OA=open archive, CA=closed archive, TAMS=top-at-mark-start (previous, next)
|   0|0x00000000c1800000, 0x00000000c1900000, 0x00000000c1900000|100%| O|  |TAMS 0x00000000c1800000, 0x00000000c1800000| Untracked 
|   1|0x00000000c1900000, 0x00000000c1a00000, 0x00000000c1a00000|100%| O|  |TAMS 0x00000000c1900000, 0x00000000c1900000| Untracked 
|   2|0x00000000c1a00000, 0x00000000c1b00000, 0x00000000c1b00000|100%| O|  |TAMS 0x00000000c1a00000, 0x00000000c1a00000| Untracked 
|   3|0x00000000c1b00000, 0x00000000c1b2f600, 0x00000000c1c00000| 18%| O|  |TAMS 0x00000000c1b00000, 0x00000000c1b00000| Untracked 
|   4|0x00000000c1c00000, 0x00000000c1c00000, 0x00000000c1d00000|  0%| F|  |TAMS 0x00000000c1c00000, 0x00000000c1c00000| Untracked 
|   5|0x00000000c1d00000, 0x00000000c1d00000, 0x00000000c1e00000|  0%| F|  |TAMS 0x00000000c1d00000, 0x00000000c1d00000| Untracked 
|   6|0x00000000c1e00000, 0x00000000c1e00000, 0x00000000c1f00000|  0%| F|  |TAMS 0x00000000c1e00000, 0x00000000c1e00000| Untracked 
|   7|0x00000000c1f00000, 0x00000000c1f00000, 0x00000000c2000000|  0%| F|  |TAMS 0x00000000c1f00000, 0x00000000c1f00000| Untracked 
|   8|0x00000000c2000000, 0x00000000c2000000, 0x00000000c2100000|  0%| F|  |TAMS 0x00000000c2000000, 0x00000000c2000000| Untracked 
|   9|0x00000000c2100000, 0x00000000c2100000, 0x00000000c2200000|  0%| F|  |TAMS 0x00000000c2100000, 0x00000000c2100000| Untracked 
|  10|0x00000000c2200000, 0x00000000c2200000, 0x00000000c2300000|  0%| F|  |TAMS 0x00000000c2200000, 0x00000000c2200000| Untracked 
|  11|0x00000000c2300000, 0x00000000c2300000, 0x00000000c2400000|  0%| F|  |TAMS 0x00000000c2300000, 0x00000000c2300000| Untracked 
|  12|0x00000000c2400000, 0x00000000c2400000, 0x00000000c2500000|  0%| F|  |TAMS 0x00000000c2400000, 0x00000000c2400000| Untracked 
|  13|0x00000000c2500000, 0x00000000c2500000, 0x00000000c2600000|  0%| F|  |TAMS 0x00000000c2500000, 0x00000000c2500000| Untracked 
|  14|0x00000000c2600000, 0x00000000c2600000, 0x00000000c2700000|  0%| F|  |TAMS 0x00000000c2600000, 0x00000000c2600000| Untracked 
|  15|0x00000000c2700000, 0x00000000c2700000, 0x00000000c2800000|  0%| F|  |TAMS 0x00000000c2700000, 0x00000000c2700000| Untracked 
|  16|0x00000000c2800000, 0x00000000c2800000, 0x00000000c2900000|  0%| F|  |TAMS 0x00000000c2800000, 0x00000000c2800000| Untracked 
|  17|0x00000000c2900000, 0x00000000c2900000, 0x00000000c2a00000|  0%| F|  |TAMS 0x00000000c2900000, 0x00000000c2900000| Untracked 
|  18|0x00000000c2a00000, 0x00000000c2a00000, 0x00000000c2b00000|  0%| F|  |TAMS 0x00000000c2a00000, 0x00000000c2a00000| Untracked 
|  19|0x00000000c2b00000, 0x00000000c2b00000, 0x00000000c2c00000|  0%| F|  |TAMS 0x00000000c2b00000, 0x00000000c2b00000| Untracked 
|  20|0x00000000c2c00000, 0x00000000c2c00000, 0x00000000c2d00000|  0%| F|  |TAMS 0x00000000c2c00000, 0x00000000c2c00000| Untracked 
|  21|0x00000000c2d00000, 0x00000000c2d00000, 0x00000000c2e00000|  0%| F|  |TAMS 0x00000000c2d00000, 0x00000000c2d00000| Untracked 
|  22|0x00000000c2e00000, 0x00000000c2e00000, 0x00000000c2f00000|  0%| F|  |TAMS 0x00000000c2e00000, 0x00000000c2e00000| Untracked 
|  23|0x00000000c2f00000, 0x00000000c2f00000, 0x00000000c3000000|  0%| F|  |TAMS 0x00000000c2f00000, 0x00000000c2f00000| Untracked 
|  24|0x00000000c3000000, 0x00000000c3000000, 0x00000000c3100000|  0%| F|  |TAMS 0x00000000c3000000, 0x00000000c3000000| Untracked 
|  25|0x00000000c3100000, 0x00000000c3100000, 0x00000000c3200000|  0%| F|  |TAMS 0x00000000c3100000, 0x00000000c3100000| Untracked 
|  26|0x00000000c3200000, 0x00000000c3200000, 0x00000000c3300000|  0%| F|  |TAMS 0x00000000c3200000, 0x00000000c3200000| Untracked 
|  27|0x00000000c3300000, 0x00000000c3300000, 0x00000000c3400000|  0%| F|  |TAMS 0x00000000c3300000, 0x00000000c3300000| Untracked 
|  28|0x00000000c3400000, 0x00000000c3400000, 0x00000000c3500000|  0%| F|  |TAMS 0x00000000c3400000, 0x00000000c3400000| Untracked 
|  29|0x00000000c3500000, 0x00000000c3500000, 0x00000000c3600000|  0%| F|  |TAMS 0x00000000c3500000, 0x00000000c3500000| Untracked 
|  30|0x00000000c3600000, 0x00000000c3600000, 0x00000000c3700000|  0%| F|  |TAMS 0x00000000c3600000, 0x00000000c3600000| Untracked 
|  31|0x00000000c3700000, 0x00000000c3700000, 0x00000000c3800000|  0%| F|  |TAMS 0x00000000c3700000, 0x00000000c3700000| Untracked 
|  32|0x00000000c3800000, 0x00000000c3800000, 0x00000000c3900000|  0%| F|  |TAMS 0x00000000c3800000, 0x00000000c3800000| Untracked 
|  33|0x00000000c3900000, 0x00000000c3900000, 0x00000000c3a00000|  0%| F|  |TAMS 0x00000000c3900000, 0x00000000c3900000| Untracked 
|  34|0x00000000c3a00000, 0x00000000c3a00000, 0x00000000c3b00000|  0%| F|  |TAMS 0x00000000c3a00000, 0x00000000c3a00000| Untracked 
|  35|0x00000000c3b00000, 0x00000000c3b00000, 0x00000000c3c00000|  0%| F|  |TAMS 0x00000000c3b00000, 0x00000000c3b00000| Untracked 
|  36|0x00000000c3c00000, 0x00000000c3c00000, 0x00000000c3d00000|  0%| F|  |TAMS 0x00000000c3c00000, 0x00000000c3c00000| Untracked 
|  37|0x00000000c3d00000, 0x00000000c3d00000, 0x00000000c3e00000|  0%| F|  |TAMS 0x00000000c3d00000, 0x00000000c3d00000| Untracked 
|  38|0x00000000c3e00000, 0x00000000c3e00000, 0x00000000c3f00000|  0%| F|  |TAMS 0x00000000c3e00000, 0x00000000c3e00000| Untracked 
|  39|0x00000000c3f00000, 0x00000000c3f00000, 0x00000000c4000000|  0%| F|  |TAMS 0x00000000c3f00000, 0x00000000c3f00000| Untracked 
|  40|0x00000000c4000000, 0x00000000c4000000, 0x00000000c4100000|  0%| F|  |TAMS 0x00000000c4000000, 0x00000000c4000000| Untracked 
|  41|0x00000000c4100000, 0x00000000c4100000, 0x00000000c4200000|  0%| F|  |TAMS 0x00000000c4100000, 0x00000000c4100000| Untracked 
|  42|0x00000000c4200000, 0x00000000c4200000, 0x00000000c4300000|  0%| F|  |TAMS 0x00000000c4200000, 0x00000000c4200000| Untracked 
|  43|0x00000000c4300000, 0x00000000c4400000, 0x00000000c4400000|100%| E|  |TAMS 0x00000000c4300000, 0x00000000c4300000| Complete 
|  44|0x00000000c4400000, 0x00000000c4500000, 0x00000000c4500000|100%| E|  |TAMS 0x00000000c4400000, 0x00000000c4400000| Complete 
|  45|0x00000000c4500000, 0x00000000c4600000, 0x00000000c4600000|100%| E|CS|TAMS 0x00000000c4500000, 0x00000000c4500000| Complete 
|  46|0x00000000c4600000, 0x00000000c4700000, 0x00000000c4700000|100%| E|CS|TAMS 0x00000000c4600000, 0x00000000c4600000| Complete 
|  47|0x00000000c4700000, 0x00000000c4800000, 0x00000000c4800000|100%| E|CS|TAMS 0x00000000c4700000, 0x00000000c4700000| Complete 
|  48|0x00000000c4800000, 0x00000000c4891000, 0x00000000c4900000| 56%| S|CS|TAMS 0x00000000c4800000, 0x00000000c4800000| Complete 
|  49|0x00000000c4900000, 0x00000000c4a00000, 0x00000000c4a00000|100%| E|CS|TAMS 0x00000000c4900000, 0x00000000c4900000| Complete 
|  50|0x00000000c4a00000, 0x00000000c4b00000, 0x00000000c4b00000|100%| E|CS|TAMS 0x00000000c4a00000, 0x00000000c4a00000| Complete 
|  51|0x00000000c4b00000, 0x00000000c4c00000, 0x00000000c4c00000|100%| E|CS|TAMS 0x00000000c4b00000, 0x00000000c4b00000| Complete 
|  52|0x00000000c4c00000, 0x00000000c4d00000, 0x00000000c4d00000|100%| E|CS|TAMS 0x00000000c4c00000, 0x00000000c4c00000| Complete 
|  53|0x00000000c4d00000, 0x00000000c4e00000, 0x00000000c4e00000|100%| E|CS|TAMS 0x00000000c4d00000, 0x00000000c4d00000| Complete 
|  54|0x00000000c4e00000, 0x00000000c4f00000, 0x00000000c4f00000|100%| E|CS|TAMS 0x00000000c4e00000, 0x00000000c4e00000| Complete 
|  55|0x00000000c4f00000, 0x00000000c5000000, 0x00000000c5000000|100%| E|CS|TAMS 0x00000000c4f00000, 0x00000000c4f00000| Complete 
|  56|0x00000000c5000000, 0x00000000c5100000, 0x00000000c5100000|100%| E|CS|TAMS 0x00000000c5000000, 0x00000000c5000000| Complete 
|  57|0x00000000c5100000, 0x00000000c5200000, 0x00000000c5200000|100%| E|CS|TAMS 0x00000000c5100000, 0x00000000c5100000| Complete 
|  58|0x00000000c5200000, 0x00000000c5300000, 0x00000000c5300000|100%| E|CS|TAMS 0x00000000c5200000, 0x00000000c5200000| Complete 
|  59|0x00000000c5300000, 0x00000000c5400000, 0x00000000c5400000|100%| E|CS|TAMS 0x00000000c5300000, 0x00000000c5300000| Complete 
|  60|0x00000000c5400000, 0x00000000c5500000, 0x00000000c5500000|100%| E|CS|TAMS 0x00000000c5400000, 0x00000000c5400000| Complete 
|  61|0x00000000c5500000, 0x00000000c5600000, 0x00000000c5600000|100%| E|CS|TAMS 0x00000000c5500000, 0x00000000c5500000| Complete 
|  62|0x00000000c5600000, 0x00000000c5700000, 0x00000000c5700000|100%| E|CS|TAMS 0x00000000c5600000, 0x00000000c5600000| Complete 
|  63|0x00000000c5700000, 0x00000000c5800000, 0x00000000c5800000|100%| E|CS|TAMS 0x00000000c5700000, 0x00000000c5700000| Complete 

Card table byte_map: [0x000001fcf7150000,0x000001fcf7350000] _byte_map_base: 0x000001fcf6b44000

Marking Bits (Prev, Next): (CMBitMap*) 0x000001fcde9cbbe0, (CMBitMap*) 0x000001fcde9cbc20
 Prev Bits: [0x000001fcf7550000, 0x000001fcf84f0000)
 Next Bits: [0x000001fcf84f0000, 0x000001fcf9490000)

Polling page: 0x000001fcdea80000

Metaspace:

Usage:
  Non-class:      7.07 MB used.
      Class:    949.09 KB used.
       Both:      8.00 MB used.

Virtual space:
  Non-class space:       16.00 MB reserved,       7.19 MB ( 45%) committed,  2 nodes.
      Class space:        1.00 GB reserved,       1.00 MB ( <1%) committed,  1 nodes.
              Both:        1.02 GB reserved,       8.19 MB ( <1%) committed. 

Chunk freelists:
   Non-Class:  2.98 MB
       Class:  2.95 MB
        Both:  5.94 MB

MaxMetaspaceSize: 17179869184.00 GB
CompressedClassSpaceSize: 1.00 GB
 - commit_granule_bytes: 65536.
 - commit_granule_words: 8192.
 - virtual_space_node_default_size: 1048576.
 - enlarge_chunks_in_place: 1.
 - new_chunks_are_fully_committed: 0.
 - uncommit_free_chunks: 1.
 - use_allocation_guard: 0.
 - handle_deallocations: 1.


Internal statistics:

num_allocs_failed_limit: 0.
num_arena_births: 28.
num_arena_deaths: 0.
num_vsnodes_births: 3.
num_vsnodes_deaths: 0.
num_space_committed: 131.
num_space_uncommitted: 0.
num_chunks_returned_to_freelist: 0.
num_chunks_taken_from_freelist: 280.
num_chunk_merges: 0.
num_chunk_splits: 210.
num_chunks_enlarged: 177.
num_purges: 0.

CodeHeap 'non-profiled nmethods': size=120000Kb used=522Kb max_used=522Kb free=119477Kb
 bounds [0x000001fcef400000, 0x000001fcef670000, 0x000001fcf6930000]
CodeHeap 'profiled nmethods': size=120000Kb used=2895Kb max_used=2895Kb free=117104Kb
 bounds [0x000001fce7ed0000, 0x000001fce81b0000, 0x000001fcef400000]
CodeHeap 'non-nmethods': size=5760Kb used=1163Kb max_used=1190Kb free=4596Kb
 bounds [0x000001fce7930000, 0x000001fce7ba0000, 0x000001fce7ed0000]
 total_blobs=1894 nmethods=1443 adapters=364
 compilation: enabled
              stopped_count=0, restarted_count=0
 full_count=0

Compilation events (20 events):
Event: 1.340 Thread 0x000001fcfba00c10 1338       3       sun.reflect.generics.parser.SignatureParser::make (8 bytes)
Event: 1.340 Thread 0x000001fcfba00c10 nmethod 1338 0x000001fce815ce90 code [0x000001fce815d040, 0x000001fce815d258]
Event: 1.340 Thread 0x000001fcfba00c10 1339       3       sun.reflect.generics.parser.SignatureParser::<init> (5 bytes)
Event: 1.340 Thread 0x000001fcfba00c10 nmethod 1339 0x000001fce815d390 code [0x000001fce815d540, 0x000001fce815d698]
Event: 1.345 Thread 0x000001fcfba00c10 1340       3       java.lang.invoke.VarForm::getMemberName (21 bytes)
Event: 1.346 Thread 0x000001fcfba00c10 nmethod 1340 0x000001fce815d790 code [0x000001fce815d940, 0x000001fce815db88]
Event: 1.351 Thread 0x000001fcfba00600 1341       4       jdk.internal.loader.URLClassPath::getResource (74 bytes)
Event: 1.353 Thread 0x000001fcfba00c10 1342       3       com.google.common.collect.ComparisonChain$1::compare (13 bytes)
Event: 1.354 Thread 0x000001fcfba00c10 nmethod 1342 0x000001fce815dc90 code [0x000001fce815de80, 0x000001fce815e2c8]
Event: 1.358 Thread 0x000001fcfba00c10 1343       3       sun.reflect.annotation.AnnotationParser::parseSig (62 bytes)
Event: 1.360 Thread 0x000001fcfba00c10 nmethod 1343 0x000001fce815e490 code [0x000001fce815e780, 0x000001fce815f928]
Event: 1.360 Thread 0x000001fcfba00c10 1344       3       sun.reflect.generics.parser.SignatureParser::parseTypeSig (10 bytes)
Event: 1.360 Thread 0x000001fcfba00c10 nmethod 1344 0x000001fce815ff10 code [0x000001fce81600c0, 0x000001fce81602c8]
Event: 1.360 Thread 0x000001fcfba00c10 1345       3       sun.reflect.annotation.AnnotationParser::toClass (32 bytes)
Event: 1.361 Thread 0x000001fcfba00c10 nmethod 1345 0x000001fce8160390 code [0x000001fce81605e0, 0x000001fce81610e8]
Event: 1.361 Thread 0x000001fcfba00c10 1346       3       java.util.Arrays$ArrayList::iterator (12 bytes)
Event: 1.361 Thread 0x000001fcfba00c10 nmethod 1346 0x000001fce8161310 code [0x000001fce81614c0, 0x000001fce8161758]
Event: 1.361 Thread 0x000001fcfba00c10 1347       3       java.util.Arrays$ArrayItr::<init> (10 bytes)
Event: 1.361 Thread 0x000001fcfba00c10 nmethod 1347 0x000001fce8161890 code [0x000001fce8161a40, 0x000001fce8161bf8]
Event: 1.364 Thread 0x000001fcfba00c10 1348       3       com.google.inject.internal.Errors::size (27 bytes)

GC Heap History (4 events):
Event: 0.652 GC heap before
{Heap before GC invocations=0 (full 0):
 garbage-first heap   total 65536K, used 12288K [0x00000000c1800000, 0x0000000100000000)
  region size 1024K, 13 young (13312K), 0 survivors (0K)
 Metaspace       used 3514K, committed 3712K, reserved 1056768K
  class space    used 350K, committed 448K, reserved 1048576K
}
Event: 0.659 GC heap after
{Heap after GC invocations=1 (full 0):
 garbage-first heap   total 65536K, used 3088K [0x00000000c1800000, 0x0000000100000000)
  region size 1024K, 2 young (2048K), 2 survivors (2048K)
 Metaspace       used 3514K, committed 3712K, reserved 1056768K
  class space    used 350K, committed 448K, reserved 1048576K
}
Event: 0.976 GC heap before
{Heap before GC invocations=1 (full 0):
 garbage-first heap   total 65536K, used 16400K [0x00000000c1800000, 0x0000000100000000)
  region size 1024K, 15 young (15360K), 2 survivors (2048K)
 Metaspace       used 5127K, committed 5312K, reserved 1056768K
  class space    used 581K, committed 640K, reserved 1048576K
}
Event: 0.983 GC heap after
{Heap after GC invocations=2 (full 0):
 garbage-first heap   total 65536K, used 3841K [0x00000000c1800000, 0x0000000100000000)
  region size 1024K, 1 young (1024K), 1 survivors (1024K)
 Metaspace       used 5127K, committed 5312K, reserved 1056768K
  class space    used 581K, committed 640K, reserved 1048576K
}

Deoptimization events (20 events):
Event: 1.050 Thread 0x000001fcde99c920 DEOPT PACKING pc=0x000001fcef4602cc sp=0x0000002786cfd4a0
Event: 1.050 Thread 0x000001fcde99c920 DEOPT UNPACKING pc=0x000001fce797d72e sp=0x0000002786cfd428 mode 2
Event: 1.050 Thread 0x000001fcde99c920 Uncommon trap: trap_request=0xffffffde fr.pc=0x000001fcef4602cc relative=0x000000000000012c
Event: 1.050 Thread 0x000001fcde99c920 Uncommon trap: reason=class_check action=maybe_recompile pc=0x000001fcef4602cc method=jdk.internal.misc.Unsafe.allocateUninitializedArray(Ljava/lang/Class;I)Ljava/lang/Object; @ 51 c2
Event: 1.050 Thread 0x000001fcde99c920 DEOPT PACKING pc=0x000001fcef4602cc sp=0x0000002786cfd520
Event: 1.050 Thread 0x000001fcde99c920 DEOPT UNPACKING pc=0x000001fce797d72e sp=0x0000002786cfd4a8 mode 2
Event: 1.050 Thread 0x000001fcde99c920 Uncommon trap: trap_request=0xffffffde fr.pc=0x000001fcef4602cc relative=0x000000000000012c
Event: 1.050 Thread 0x000001fcde99c920 Uncommon trap: reason=class_check action=maybe_recompile pc=0x000001fcef4602cc method=jdk.internal.misc.Unsafe.allocateUninitializedArray(Ljava/lang/Class;I)Ljava/lang/Object; @ 51 c2
Event: 1.050 Thread 0x000001fcde99c920 DEOPT PACKING pc=0x000001fcef4602cc sp=0x0000002786cfd1f0
Event: 1.050 Thread 0x000001fcde99c920 DEOPT UNPACKING pc=0x000001fce797d72e sp=0x0000002786cfd178 mode 2
Event: 1.110 Thread 0x000001fcde99c920 DEOPT PACKING pc=0x000001fce7f09e88 sp=0x0000002786cfd520
Event: 1.110 Thread 0x000001fcde99c920 DEOPT UNPACKING pc=0x000001fce797dece sp=0x0000002786cfca28 mode 0
Event: 1.121 Thread 0x000001fcde99c920 DEOPT PACKING pc=0x000001fce7effcd6 sp=0x0000002786cfd9e0
Event: 1.122 Thread 0x000001fcde99c920 DEOPT UNPACKING pc=0x000001fce797dece sp=0x0000002786cfce68 mode 0
Event: 1.146 Thread 0x000001fcde99c920 Uncommon trap: trap_request=0xffffff45 fr.pc=0x000001fcef45ddd4 relative=0x0000000000000334
Event: 1.147 Thread 0x000001fcde99c920 Uncommon trap: reason=unstable_if action=reinterpret pc=0x000001fcef45ddd4 method=java.lang.String.<init>([CIILjava/lang/Void;)V @ 5 c2
Event: 1.147 Thread 0x000001fcde99c920 DEOPT PACKING pc=0x000001fcef45ddd4 sp=0x0000002786cfd8a0
Event: 1.147 Thread 0x000001fcde99c920 DEOPT UNPACKING pc=0x000001fce797d72e sp=0x0000002786cfd860 mode 2
Event: 1.188 Thread 0x000001fcde99c920 DEOPT PACKING pc=0x000001fce80b5d93 sp=0x0000002786cfd970
Event: 1.188 Thread 0x000001fcde99c920 DEOPT UNPACKING pc=0x000001fce797dece sp=0x0000002786cfcec0 mode 0

Classes unloaded (0 events):
No events

Classes redefined (0 events):
No events

Internal exceptions (2 events):
Event: 0.526 Thread 0x000001fcde99c920 Exception <a 'java/lang/NoSuchMethodError'{0x00000000c4ec0568}: 'void java.lang.invoke.DirectMethodHandle$Holder.invokeSpecial(java.lang.Object, java.lang.Object, java.lang.Object)'> (0x00000000c4ec0568) 
thrown [t:\workspace\open\src\hotspot\share\interpreter\linkResolver.cpp, line 790]
Event: 0.734 Thread 0x000001fcde99c920 Exception <a 'java/lang/NoSuchMethodError'{0x00000000c553da50}: 'java.lang.Object java.lang.invoke.DirectMethodHandle$Holder.newInvokeSpecial(java.lang.Object, java.lang.Object, java.lang.Object, java.lang.Object, java.lang.Object)'> (0x00000000c553da50) 
thrown [t:\workspace\open\src\hotspot\share\interpreter\linkResolver.cpp, line 790]

Events (20 events):
Event: 1.089 loading class jdk/internal/reflect/Label$PatchInfo
Event: 1.089 loading class jdk/internal/reflect/Label$PatchInfo done
Event: 1.089 loading class jdk/internal/reflect/MethodAccessorGenerator$1
Event: 1.089 loading class jdk/internal/reflect/MethodAccessorGenerator$1 done
Event: 1.089 loading class jdk/internal/reflect/ClassDefiner
Event: 1.089 loading class jdk/internal/reflect/ClassDefiner done
Event: 1.089 loading class jdk/internal/reflect/ClassDefiner$1
Event: 1.089 loading class jdk/internal/reflect/ClassDefiner$1 done
Event: 1.089 loading class jdk/internal/reflect/BootstrapConstructorAccessorImpl
Event: 1.090 loading class jdk/internal/reflect/BootstrapConstructorAccessorImpl done
Event: 1.267 loading class java/lang/NumberFormatException
Event: 1.267 loading class java/lang/NumberFormatException done
Event: 1.267 Executing  VM operation: HandshakeAllThreads
Event: 1.267 Executing  VM operation: HandshakeAllThreads done
Event: 1.314 Executing  VM operation: HandshakeAllThreads
Event: 1.314 Executing  VM operation: HandshakeAllThreads done
Event: 1.327 loading class java/lang/Deprecated
Event: 1.327 loading class java/lang/Deprecated done
Event: 1.339 loading class java/util/EventObject
Event: 1.339 loading class java/util/EventObject done


Dynamic libraries:
0x00007ff71df40000 - 0x00007ff71df50000 	C:\Program Files\Java\jdk-16.0.2\bin\java.exe
0x00007fff1e090000 - 0x00007fff1e285000 	C:\WINDOWS\SYSTEM32\ntdll.dll
0x00007fff1d470000 - 0x00007fff1d52e000 	C:\WINDOWS\System32\KERNEL32.DLL
0x00007fff1be10000 - 0x00007fff1c0d8000 	C:\WINDOWS\System32\KERNELBASE.dll
0x00007fff1bb20000 - 0x00007fff1bc20000 	C:\WINDOWS\System32\ucrtbase.dll
0x00007fff13dc0000 - 0x00007fff13dd9000 	C:\Program Files\Java\jdk-16.0.2\bin\VCRUNTIME140.dll
0x00007fff0a0f0000 - 0x00007fff0a108000 	C:\Program Files\Java\jdk-16.0.2\bin\jli.dll
0x00007fff1ddd0000 - 0x00007fff1de7c000 	C:\WINDOWS\System32\ADVAPI32.dll
0x00007fff1de90000 - 0x00007fff1df2e000 	C:\WINDOWS\System32\msvcrt.dll
0x00007fff1df40000 - 0x00007fff1dfdb000 	C:\WINDOWS\System32\sechost.dll
0x00007fff1d070000 - 0x00007fff1d19a000 	C:\WINDOWS\System32\RPCRT4.dll
0x00007fff1d2c0000 - 0x00007fff1d461000 	C:\WINDOWS\System32\USER32.dll
0x00007fff00460000 - 0x00007fff006fa000 	C:\WINDOWS\WinSxS\amd64_microsoft.windows.common-controls_6595b64144ccf1df_6.0.19041.1110_none_60b5254171f9507e\COMCTL32.dll
0x00007fff1bd10000 - 0x00007fff1bd32000 	C:\WINDOWS\System32\win32u.dll
0x00007fff1d290000 - 0x00007fff1d2bb000 	C:\WINDOWS\System32\GDI32.dll
0x00007fff1ba10000 - 0x00007fff1bb1b000 	C:\WINDOWS\System32\gdi32full.dll
0x00007fff1bd40000 - 0x00007fff1bddd000 	C:\WINDOWS\System32\msvcp_win.dll
0x00007fff10d50000 - 0x00007fff10d5a000 	C:\WINDOWS\SYSTEM32\VERSION.dll
0x00007fff1dda0000 - 0x00007fff1ddd0000 	C:\WINDOWS\System32\IMM32.DLL
0x00007fff13fd0000 - 0x00007fff13fdc000 	C:\Program Files\Java\jdk-16.0.2\bin\vcruntime140_1.dll
0x00007fff0a500000 - 0x00007fff0a591000 	C:\Program Files\Java\jdk-16.0.2\bin\msvcp140.dll
0x00007ffede940000 - 0x00007ffedf4eb000 	C:\Program Files\Java\jdk-16.0.2\bin\server\jvm.dll
0x00007fff1de80000 - 0x00007fff1de88000 	C:\WINDOWS\System32\PSAPI.DLL
0x00007fff154f0000 - 0x00007fff154f9000 	C:\WINDOWS\SYSTEM32\WSOCK32.dll
0x00007ffeff7e0000 - 0x00007ffeff807000 	C:\WINDOWS\SYSTEM32\WINMM.dll
0x00007fff1dfe0000 - 0x00007fff1e04b000 	C:\WINDOWS\System32\WS2_32.dll
0x00007fff19740000 - 0x00007fff19752000 	C:\WINDOWS\SYSTEM32\kernel.appcore.dll
0x00007fff13d20000 - 0x00007fff13d2a000 	C:\Program Files\Java\jdk-16.0.2\bin\jimage.dll
0x00007fff15f60000 - 0x00007fff16144000 	C:\WINDOWS\SYSTEM32\DBGHELP.DLL
0x00007fff02600000 - 0x00007fff0262c000 	C:\WINDOWS\SYSTEM32\dbgcore.DLL
0x00007fff1bc20000 - 0x00007fff1bca3000 	C:\WINDOWS\System32\bcryptPrimitives.dll
0x00007fff0a030000 - 0x00007fff0a055000 	C:\Program Files\Java\jdk-16.0.2\bin\java.dll
0x00007fff1d660000 - 0x00007fff1dd9f000 	C:\WINDOWS\System32\SHELL32.dll
0x00007fff198b0000 - 0x00007fff1a040000 	C:\WINDOWS\SYSTEM32\windows.storage.dll
0x00007fff1c700000 - 0x00007fff1ca55000 	C:\WINDOWS\System32\combase.dll
0x00007fff1b200000 - 0x00007fff1b22e000 	C:\WINDOWS\SYSTEM32\Wldp.dll
0x00007fff1c2f0000 - 0x00007fff1c39d000 	C:\WINDOWS\System32\SHCORE.dll
0x00007fff1d1a0000 - 0x00007fff1d1f5000 	C:\WINDOWS\System32\shlwapi.dll
0x00007fff1b6f0000 - 0x00007fff1b70f000 	C:\WINDOWS\SYSTEM32\profapi.dll
0x00007fff137f0000 - 0x00007fff13809000 	C:\Program Files\Java\jdk-16.0.2\bin\net.dll
0x00007fff07f70000 - 0x00007fff0807c000 	C:\WINDOWS\SYSTEM32\WINHTTP.dll
0x00007fff1ae90000 - 0x00007fff1aefa000 	C:\WINDOWS\system32\mswsock.dll
0x00007fff0a5c0000 - 0x00007fff0a5d3000 	C:\Program Files\Java\jdk-16.0.2\bin\nio.dll
0x00007fff0a5a0000 - 0x00007fff0a5b8000 	C:\Program Files\Java\jdk-16.0.2\bin\zip.dll
0x00007fff13d10000 - 0x00007fff13d20000 	C:\Program Files\Java\jdk-16.0.2\bin\verify.dll
0x00007fff0a2e0000 - 0x00007fff0a2ea000 	C:\Program Files\NetBeans-12.5\netbeans\java\maven\lib\jansi-native\windows64\jansi.dll

dbghelp: loaded successfully - version: 4.0.5 - missing functions: none
symbol engine: initialized successfully - sym options: 0x614 - pdb path: .;C:\Program Files\Java\jdk-16.0.2\bin;C:\WINDOWS\SYSTEM32;C:\WINDOWS\WinSxS\amd64_microsoft.windows.common-controls_6595b64144ccf1df_6.0.19041.1110_none_60b5254171f9507e;C:\Program Files\Java\jdk-16.0.2\bin\server;C:\Program Files\NetBeans-12.5\netbeans\java\maven\lib\jansi-native\windows64

VM Arguments:
jvm_args: -Dclassworlds.conf=C:\Program Files\NetBeans-12.5\netbeans\java\maven\bin\..\bin\m2.conf -Dmaven.home=C:\Program Files\NetBeans-12.5\netbeans\java\maven\bin\.. -Dlibrary.jansi.path=C:\Program Files\NetBeans-12.5\netbeans\java\maven\bin\..\lib\jansi-native -Dmaven.multiModuleProjectDirectory=C:\Users\dell\Documents\NetBeansProjects\projetoGit\ContadorDeMercadorias 
java_command: org.codehaus.plexus.classworlds.launcher.Launcher -Dmaven.ext.class.path=C:\Program Files\NetBeans-12.5\netbeans\java\maven-nblib\netbeans-eventspy.jar -Dfile.encoding=UTF-8 clean
java_class_path (initial): C:\Program Files\NetBeans-12.5\netbeans\java\maven\bin\..\boot\plexus-classworlds-2.6.0.jar
Launcher Type: SUN_STANDARD

[Global flags]
     intx CICompilerCount                          = 3                                         {product} {ergonomic}
     uint ConcGCThreads                            = 1                                         {product} {ergonomic}
     uint G1ConcRefinementThreads                  = 4                                         {product} {ergonomic}
   size_t G1HeapRegionSize                         = 1048576                                   {product} {ergonomic}
    uintx GCDrainStackTargetSize                   = 64                                        {product} {ergonomic}
   size_t InitialHeapSize                          = 67108864                                  {product} {ergonomic}
   size_t MarkStackSize                            = 4194304                                   {product} {ergonomic}
   size_t MaxHeapSize                              = 1048576000                                {product} {ergonomic}
   size_t MaxNewSize                               = 629145600                                 {product} {ergonomic}
   size_t MinHeapDeltaBytes                        = 1048576                                   {product} {ergonomic}
   size_t MinHeapSize                              = 8388608                                   {product} {ergonomic}
    uintx NonNMethodCodeHeapSize                   = 5832780                                {pd product} {ergonomic}
    uintx NonProfiledCodeHeapSize                  = 122912730                              {pd product} {ergonomic}
    uintx ProfiledCodeHeapSize                     = 122912730                              {pd product} {ergonomic}
    uintx ReservedCodeCacheSize                    = 251658240                              {pd product} {ergonomic}
     bool SegmentedCodeCache                       = true                                      {product} {ergonomic}
   size_t SoftMaxHeapSize                          = 1048576000                             {manageable} {ergonomic}
     bool UseCompressedClassPointers               = true                           {product lp64_product} {ergonomic}
     bool UseCompressedOops                        = true                           {product lp64_product} {ergonomic}
     bool UseG1GC                                  = true                                      {product} {ergonomic}
     bool UseLargePagesIndividualAllocation        = false                                  {pd product} {ergonomic}

Logging:
Log output configuration:
 #0: stdout all=warning uptime,level,tags
 #1: stderr all=off uptime,level,tags

Environment Variables:
JAVA_HOME=C:\Program Files\Java\jdk-16.0.2
PATH=C:\Program Files\Common Files\Oracle\Java\javapath;C:\Program Files (x86)\Common Files\Oracle\Java\javapath;C:\Program Files\AdoptOpenJDK\jdk-14.0.2.12-hotspot\bin;C:\WINDOWS\system32;C:\WINDOWS;C:\WINDOWS\System32\Wbem;C:\WINDOWS\System32\WindowsPowerShell\v1.0\;C:\WINDOWS\System32\OpenSSH\;C:\Program Files\nodejs\;C:\Program Files (x86)\Intel\Intel(R) Management Engine Components\DAL;C:\Program Files\Intel\Intel(R) Management Engine Components\DAL;C:\MinGW\bin;C:\Program Files\Java\jdk-15.0.2\bin;C:\Program Files\Git\cmd;C:\Program Files\Apache\maven\apache-maven-3.8.3\bin;C:\Program Files\MySQL\MySQL Shell 8.0\bin\;C:\Users\dell\AppData\Local\Microsoft\WindowsApps;C:\Users\dell\AppData\Roaming\npm;C:\MinGW\bin;;C:\Program Files\JetBrains\IntelliJ IDEA Community Edition 2021.2\bin;;C:\Users\dell\AppData\Local\Programs\mongosh\
USERNAME=dell
OS=Windows_NT
PROCESSOR_IDENTIFIER=Intel64 Family 6 Model 142 Stepping 9, GenuineIntel



---------------  S Y S T E M  ---------------

OS:
 Windows 10 , 64 bit Build 19041 (10.0.19041.1348)
OS uptime: 0 days 23:33 hours

CPU: total 4 (initial active 4) (2 cores per cpu, 2 threads per core) family 6 model 142 stepping 9 microcode 0xea, cx8, cmov, fxsr, ht, mmx, 3dnowpref, sse, sse2, sse3, ssse3, sse4.1, sse4.2, popcnt, lzcnt, tsc, tscinvbit, avx, avx2, aes, erms, clmul, bmi1, bmi2, adx, fma, vzeroupper, clflush, clflushopt

Memory: 4k page, system-wide physical 3996M (433M free)
TotalPageFile size 5396M (AvailPageFile size 5M)
current process WorkingSet (physical memory assigned to process): 79M, peak: 79M
current process commit charge ("private bytes"): 155M, peak: 155M

vm_info: Java HotSpot(TM) 64-Bit Server VM (16.0.2+7-67) for windows-amd64 JRE (16.0.2+7-67), built on Jun  8 2021 23:24:19 by "mach5one" with MS VC++ 16.7 (VS2019)

END.
