#
# There is insufficient memory for the Java Runtime Environment to continue.
# Native memory allocation (mmap) failed to map 65536 bytes for Failed to commit metaspace.
# Possible reasons:
#   The system is out of physical RAM or swap space
#   The process is running with CompressedOops enabled, and the Java Heap may be blocking the growth of the native heap
# Possible solutions:
#   Reduce memory load on the system
#   Increase physical memory or swap space
#   Check if swap backing store is full
#   Decrease Java heap size (-Xmx/-Xms)
#   Decrease number of Java threads
#   Decrease Java thread stack sizes (-Xss)
#   Set larger code cache with -XX:ReservedCodeCacheSize=
#   JVM is running with Unscaled Compressed Oops mode in which the Java heap is
#     placed in the first 4GB address space. The Java Heap base address is the
#     maximum limit for the native heap growth. Please use -XX:HeapBaseMinAddress
#     to set the Java Heap base and to place the Java Heap above 4GB virtual address.
# This output file may be truncated or incomplete.
#
#  Out of Memory Error (virtualSpaceNode.cpp:108), pid=10024, tid=5660
#
# JRE version: Java(TM) SE Runtime Environment (16.0.2+7) (build 16.0.2+7-67)
# Java VM: Java HotSpot(TM) 64-Bit Server VM (16.0.2+7-67, mixed mode, sharing, tiered, compressed oops, compressed class ptrs, g1 gc, windows-amd64)
# No core dump will be written. Minidumps are not enabled by default on client versions of Windows
#

---------------  S U M M A R Y ------------

Command Line: -Dclassworlds.conf=C:\Program Files\NetBeans-12.5\netbeans\java\maven\bin\..\bin\m2.conf -Dmaven.home=C:\Program Files\NetBeans-12.5\netbeans\java\maven\bin\.. -Dlibrary.jansi.path=C:\Program Files\NetBeans-12.5\netbeans\java\maven\bin\..\lib\jansi-native -Dmaven.multiModuleProjectDirectory=C:\Users\dell\Documents\NetBeansProjects\projetoGit\ContadorDeMercadorias org.codehaus.plexus.classworlds.launcher.Launcher -Dmaven.ext.class.path=C:\Program Files\NetBeans-12.5\netbeans\java\maven-nblib\netbeans-eventspy.jar -Dfile.encoding=UTF-8

Host: Intel(R) Core(TM) i3-7020U CPU @ 2.30GHz, 4 cores, 3G,  Windows 10 , 64 bit Build 19041 (10.0.19041.1348)
Time: Tue Dec 14 11:20:04 2021 Hora oficial do Brasil elapsed time: 3.337376 seconds (0d 0h 0m 3s)

---------------  T H R E A D  ---------------

Current thread (0x00000195ccebe1d0):  JavaThread "main" [_thread_in_vm, id=5660, stack(0x0000000ea2600000,0x0000000ea2700000)]

Stack: [0x0000000ea2600000,0x0000000ea2700000]
Native frames: (J=compiled Java code, j=interpreted, Vv=VM code, C=native code)
V  [jvm.dll+0x6681ca]
V  [jvm.dll+0x7c9e69]
V  [jvm.dll+0x7cb61e]
V  [jvm.dll+0x7cbc73]
V  [jvm.dll+0x242c55]
V  [jvm.dll+0x7c64eb]
V  [jvm.dll+0x60ddd6]
V  [jvm.dll+0x1be6ce]
V  [jvm.dll+0x610531]
V  [jvm.dll+0x60e6d1]
V  [jvm.dll+0x61fa42]
V  [jvm.dll+0x619006]
V  [jvm.dll+0x375dea]
C  0x00000195d5e0cb5f

Java frames: (J=compiled Java code, j=interpreted, Vv=VM code)
j  org.apache.maven.model.RepositoryBase.setUrl(Ljava/lang/String;)V+0
j  org.apache.maven.model.io.xpp3.MavenXpp3ReaderEx.parseRepository(Lorg/codehaus/plexus/util/xml/pull/XmlPullParser;ZLorg/apache/maven/model/InputSource;)Lorg/apache/maven/model/Repository;+390
j  org.apache.maven.model.io.xpp3.MavenXpp3ReaderEx.parseModel(Lorg/codehaus/plexus/util/xml/pull/XmlPullParser;ZLorg/apache/maven/model/InputSource;)Lorg/apache/maven/model/Model;+1804
j  org.apache.maven.model.io.xpp3.MavenXpp3ReaderEx.read(Lorg/codehaus/plexus/util/xml/pull/XmlPullParser;ZLorg/apache/maven/model/InputSource;)Lorg/apache/maven/model/Model;+107
j  org.apache.maven.model.io.xpp3.MavenXpp3ReaderEx.read(Ljava/io/Reader;ZLorg/apache/maven/model/InputSource;)Lorg/apache/maven/model/Model;+42
j  org.apache.maven.model.io.DefaultModelReader.read(Ljava/io/Reader;ZLorg/apache/maven/model/InputSource;)Lorg/apache/maven/model/Model;+14
j  org.apache.maven.model.io.DefaultModelReader.read(Ljava/io/InputStream;Ljava/util/Map;)Lorg/apache/maven/model/Model;+27
j  org.apache.maven.model.building.DefaultModelProcessor.read(Ljava/io/InputStream;Ljava/util/Map;)Lorg/apache/maven/model/Model;+6
j  org.apache.maven.model.superpom.DefaultSuperPomProvider.getSuperModel(Ljava/lang/String;)Lorg/apache/maven/model/Model;+185
j  org.apache.maven.model.building.DefaultModelBuilder.getSuperModel()Lorg/apache/maven/model/Model;+7
j  org.apache.maven.model.building.DefaultModelBuilder.build(Lorg/apache/maven/model/building/ModelBuildingRequest;)Lorg/apache/maven/model/building/ModelBuildingResult;+200
j  org.apache.maven.project.DefaultProjectBuilder.build(Ljava/util/List;Ljava/util/List;Ljava/util/Map;Ljava/io/File;Ljava/util/Set;ZZLorg/apache/maven/project/DefaultProjectBuilder$InternalConfig;)Z+91
j  org.apache.maven.project.DefaultProjectBuilder.build(Ljava/util/List;Ljava/util/List;Ljava/util/Map;Ljava/util/List;Ljava/util/Set;ZZLorg/apache/maven/project/DefaultProjectBuilder$InternalConfig;)Z+58
j  org.apache.maven.project.DefaultProjectBuilder.build(Ljava/util/List;ZLorg/apache/maven/project/ProjectBuildingRequest;)Ljava/util/List;+92
j  org.apache.maven.graph.DefaultGraphBuilder.collectProjects(Ljava/util/List;Ljava/util/List;Lorg/apache/maven/execution/MavenExecutionRequest;)V+21
j  org.apache.maven.graph.DefaultGraphBuilder.getProjectsForMavenReactor(Lorg/apache/maven/execution/MavenSession;)Ljava/util/List;+129
j  org.apache.maven.graph.DefaultGraphBuilder.build(Lorg/apache/maven/execution/MavenSession;)Lorg/apache/maven/model/building/Result;+12
j  org.apache.maven.DefaultMaven.buildGraph(Lorg/apache/maven/execution/MavenSession;Lorg/apache/maven/execution/MavenExecutionResult;)Lorg/apache/maven/model/building/Result;+5
j  org.apache.maven.DefaultMaven.doExecute(Lorg/apache/maven/execution/MavenExecutionRequest;Lorg/apache/maven/execution/MavenSession;Lorg/apache/maven/execution/MavenExecutionResult;Lorg/eclipse/aether/DefaultRepositorySystemSession;)Lorg/apache/maven/execution/MavenExecutionResult;+75
j  org.apache.maven.DefaultMaven.doExecute(Lorg/apache/maven/execution/MavenExecutionRequest;)Lorg/apache/maven/execution/MavenExecutionResult;+98
j  org.apache.maven.DefaultMaven.execute(Lorg/apache/maven/execution/MavenExecutionRequest;)Lorg/apache/maven/execution/MavenExecutionResult;+2
j  org.apache.maven.cli.MavenCli.execute(Lorg/apache/maven/cli/CliRequest;)I+27
j  org.apache.maven.cli.MavenCli.doMain(Lorg/apache/maven/cli/CliRequest;)I+66
j  org.apache.maven.cli.MavenCli.main([Ljava/lang/String;Lorg/codehaus/plexus/classworlds/ClassWorld;)I+24
v  ~StubRoutines::call_stub
j  jdk.internal.reflect.NativeMethodAccessorImpl.invoke0(Ljava/lang/reflect/Method;Ljava/lang/Object;[Ljava/lang/Object;)Ljava/lang/Object;+0 java.base@16.0.2
j  jdk.internal.reflect.NativeMethodAccessorImpl.invoke(Ljava/lang/Object;[Ljava/lang/Object;)Ljava/lang/Object;+146 java.base@16.0.2
j  jdk.internal.reflect.DelegatingMethodAccessorImpl.invoke(Ljava/lang/Object;[Ljava/lang/Object;)Ljava/lang/Object;+6 java.base@16.0.2
j  java.lang.reflect.Method.invoke(Ljava/lang/Object;[Ljava/lang/Object;)Ljava/lang/Object;+59 java.base@16.0.2
j  org.codehaus.plexus.classworlds.launcher.Launcher.launchEnhanced([Ljava/lang/String;)V+45
j  org.codehaus.plexus.classworlds.launcher.Launcher.launch([Ljava/lang/String;)V+2
j  org.codehaus.plexus.classworlds.launcher.Launcher.mainWithExitCode([Ljava/lang/String;)I+101
j  org.codehaus.plexus.classworlds.launcher.Launcher.main([Ljava/lang/String;)V+1
v  ~StubRoutines::call_stub

---------------  P R O C E S S  ---------------

Threads class SMR info:
_java_thread_list=0x00000195eb9123d0, length=12, elements={
0x00000195ccebe1d0, 0x00000195e9e96d20, 0x00000195e9e97720, 0x00000195e9eab5b0,
0x00000195e9eabec0, 0x00000195e9eaced0, 0x00000195e9eb1440, 0x00000195e9eb62d0,
0x00000195e9eb9070, 0x00000195e9ecf830, 0x00000195e9f9d7d0, 0x00000195ea96b900
}

Java Threads: ( => current thread )
=>0x00000195ccebe1d0 JavaThread "main" [_thread_in_vm, id=5660, stack(0x0000000ea2600000,0x0000000ea2700000)]
  0x00000195e9e96d20 JavaThread "Reference Handler" daemon [_thread_blocked, id=5004, stack(0x0000000ea2d00000,0x0000000ea2e00000)]
  0x00000195e9e97720 JavaThread "Finalizer" daemon [_thread_blocked, id=10524, stack(0x0000000ea2e00000,0x0000000ea2f00000)]
  0x00000195e9eab5b0 JavaThread "Signal Dispatcher" daemon [_thread_blocked, id=10976, stack(0x0000000ea2f00000,0x0000000ea3000000)]
  0x00000195e9eabec0 JavaThread "Attach Listener" daemon [_thread_blocked, id=10936, stack(0x0000000ea3000000,0x0000000ea3100000)]
  0x00000195e9eaced0 JavaThread "Service Thread" daemon [_thread_blocked, id=6492, stack(0x0000000ea3100000,0x0000000ea3200000)]
  0x00000195e9eb1440 JavaThread "Monitor Deflation Thread" daemon [_thread_blocked, id=1212, stack(0x0000000ea3200000,0x0000000ea3300000)]
  0x00000195e9eb62d0 JavaThread "C2 CompilerThread0" daemon [_thread_in_native, id=11644, stack(0x0000000ea3300000,0x0000000ea3400000)]
  0x00000195e9eb9070 JavaThread "C1 CompilerThread0" daemon [_thread_blocked, id=8584, stack(0x0000000ea3400000,0x0000000ea3500000)]
  0x00000195e9ecf830 JavaThread "Sweeper thread" daemon [_thread_blocked, id=5528, stack(0x0000000ea3500000,0x0000000ea3600000)]
  0x00000195e9f9d7d0 JavaThread "Notification Thread" daemon [_thread_blocked, id=9664, stack(0x0000000ea3600000,0x0000000ea3700000)]
  0x00000195ea96b900 JavaThread "Common-Cleaner" daemon [_thread_blocked, id=4120, stack(0x0000000ea3800000,0x0000000ea3900000)]

Other Threads:
  0x00000195e9e92b90 VMThread "VM Thread" [stack: 0x0000000ea2c00000,0x0000000ea2d00000] [id=7600]
  0x00000195ea969600 WatcherThread [stack: 0x0000000ea3700000,0x0000000ea3800000] [id=5932]
  0x00000195cceebe90 GCTaskThread "GC Thread#0" [stack: 0x0000000ea2700000,0x0000000ea2800000] [id=1016]
  0x00000195eb23c530 GCTaskThread "GC Thread#1" [stack: 0x0000000ea3900000,0x0000000ea3a00000] [id=11660]
  0x00000195eb1828e0 GCTaskThread "GC Thread#2" [stack: 0x0000000ea3a00000,0x0000000ea3b00000] [id=6708]
  0x00000195eb182bf0 GCTaskThread "GC Thread#3" [stack: 0x0000000ea3b00000,0x0000000ea3c00000] [id=6804]
  0x00000195ccef4bd0 ConcurrentGCThread "G1 Main Marker" [stack: 0x0000000ea2800000,0x0000000ea2900000] [id=10316]
  0x00000195ccef5640 ConcurrentGCThread "G1 Conc#0" [stack: 0x0000000ea2900000,0x0000000ea2a00000] [id=6404]
  0x00000195ccf47eb0 ConcurrentGCThread "G1 Refine#0" [stack: 0x0000000ea2a00000,0x0000000ea2b00000] [id=4980]
  0x00000195ccf4baf0 ConcurrentGCThread "G1 Service" [stack: 0x0000000ea2b00000,0x0000000ea2c00000] [id=6812]

Threads with active compile tasks:
C2 CompilerThread0     3436 2021       4       jdk.internal.module.SystemModuleFinders$SystemModuleReader::findImageLocation (42 bytes)

VM state: not at safepoint (normal execution)

VM Mutex/Monitor currently owned by a thread:  ([mutex/lock_event])
[0x00000195cce9cb00] MetaspaceExpand_lock - owner thread: 0x00000195ccebe1d0

Heap address: 0x00000000c1800000, size: 1000 MB, Compressed Oops mode: 32-bit

CDS archive(s) mapped at: [0x0000000800000000-0x0000000800bb0000-0x0000000800bb0000), size 12255232, SharedBaseAddress: 0x0000000800000000, ArchiveRelocationMode: 0.
Compressed class space mapped at: 0x0000000800c00000-0x0000000840c00000, reserved size: 1073741824
Narrow klass base: 0x0000000800000000, Narrow klass shift: 3, Narrow klass range: 0x100000000

GC Precious Log:
 CPUs: 4 total, 4 available
 Memory: 3996M
 Large Page Support: Disabled
 NUMA Support: Disabled
 Compressed Oops: Enabled (32-bit)
 Heap Region Size: 1M
 Heap Min Capacity: 8M
 Heap Initial Capacity: 64M
 Heap Max Capacity: 1000M
 Pre-touch: Disabled
 Parallel Workers: 4
 Concurrent Workers: 1
 Concurrent Refinement Workers: 4
 Periodic GC: Disabled

Heap:
 garbage-first heap   total 65536K, used 17370K [0x00000000c1800000, 0x0000000100000000)
  region size 1024K, 15 young (15360K), 2 survivors (2048K)
 Metaspace       used 11516K, committed 11712K, reserved 1064960K
  class space    used 1352K, committed 1472K, reserved 1048576K

Heap Regions: E=young(eden), S=young(survivor), O=old, HS=humongous(starts), HC=humongous(continues), CS=collection set, F=free, OA=open archive, CA=closed archive, TAMS=top-at-mark-start (previous, next)
|   0|0x00000000c1800000, 0x00000000c1900000, 0x00000000c1900000|100%| O|  |TAMS 0x00000000c1800000, 0x00000000c1800000| Untracked 
|   1|0x00000000c1900000, 0x00000000c1a00000, 0x00000000c1a00000|100%| O|  |TAMS 0x00000000c1900000, 0x00000000c1900000| Untracked 
|   2|0x00000000c1a00000, 0x00000000c1b00000, 0x00000000c1b00000|100%| O|  |TAMS 0x00000000c1a00000, 0x00000000c1a00000| Untracked 
|   3|0x00000000c1b00000, 0x00000000c1b1aa00, 0x00000000c1c00000| 10%| O|  |TAMS 0x00000000c1b00000, 0x00000000c1b00000| Untracked 
|   4|0x00000000c1c00000, 0x00000000c1c00000, 0x00000000c1d00000|  0%| F|  |TAMS 0x00000000c1c00000, 0x00000000c1c00000| Untracked 
|   5|0x00000000c1d00000, 0x00000000c1d00000, 0x00000000c1e00000|  0%| F|  |TAMS 0x00000000c1d00000, 0x00000000c1d00000| Untracked 
|   6|0x00000000c1e00000, 0x00000000c1e00000, 0x00000000c1f00000|  0%| F|  |TAMS 0x00000000c1e00000, 0x00000000c1e00000| Untracked 
|   7|0x00000000c1f00000, 0x00000000c1f00000, 0x00000000c2000000|  0%| F|  |TAMS 0x00000000c1f00000, 0x00000000c1f00000| Untracked 
|   8|0x00000000c2000000, 0x00000000c2000000, 0x00000000c2100000|  0%| F|  |TAMS 0x00000000c2000000, 0x00000000c2000000| Untracked 
|   9|0x00000000c2100000, 0x00000000c2100000, 0x00000000c2200000|  0%| F|  |TAMS 0x00000000c2100000, 0x00000000c2100000| Untracked 
|  10|0x00000000c2200000, 0x00000000c2200000, 0x00000000c2300000|  0%| F|  |TAMS 0x00000000c2200000, 0x00000000c2200000| Untracked 
|  11|0x00000000c2300000, 0x00000000c2300000, 0x00000000c2400000|  0%| F|  |TAMS 0x00000000c2300000, 0x00000000c2300000| Untracked 
|  12|0x00000000c2400000, 0x00000000c2400000, 0x00000000c2500000|  0%| F|  |TAMS 0x00000000c2400000, 0x00000000c2400000| Untracked 
|  13|0x00000000c2500000, 0x00000000c2500000, 0x00000000c2600000|  0%| F|  |TAMS 0x00000000c2500000, 0x00000000c2500000| Untracked 
|  14|0x00000000c2600000, 0x00000000c2600000, 0x00000000c2700000|  0%| F|  |TAMS 0x00000000c2600000, 0x00000000c2600000| Untracked 
|  15|0x00000000c2700000, 0x00000000c2700000, 0x00000000c2800000|  0%| F|  |TAMS 0x00000000c2700000, 0x00000000c2700000| Untracked 
|  16|0x00000000c2800000, 0x00000000c2800000, 0x00000000c2900000|  0%| F|  |TAMS 0x00000000c2800000, 0x00000000c2800000| Untracked 
|  17|0x00000000c2900000, 0x00000000c2900000, 0x00000000c2a00000|  0%| F|  |TAMS 0x00000000c2900000, 0x00000000c2900000| Untracked 
|  18|0x00000000c2a00000, 0x00000000c2a00000, 0x00000000c2b00000|  0%| F|  |TAMS 0x00000000c2a00000, 0x00000000c2a00000| Untracked 
|  19|0x00000000c2b00000, 0x00000000c2b00000, 0x00000000c2c00000|  0%| F|  |TAMS 0x00000000c2b00000, 0x00000000c2b00000| Untracked 
|  20|0x00000000c2c00000, 0x00000000c2c00000, 0x00000000c2d00000|  0%| F|  |TAMS 0x00000000c2c00000, 0x00000000c2c00000| Untracked 
|  21|0x00000000c2d00000, 0x00000000c2d00000, 0x00000000c2e00000|  0%| F|  |TAMS 0x00000000c2d00000, 0x00000000c2d00000| Untracked 
|  22|0x00000000c2e00000, 0x00000000c2e00000, 0x00000000c2f00000|  0%| F|  |TAMS 0x00000000c2e00000, 0x00000000c2e00000| Untracked 
|  23|0x00000000c2f00000, 0x00000000c2f00000, 0x00000000c3000000|  0%| F|  |TAMS 0x00000000c2f00000, 0x00000000c2f00000| Untracked 
|  24|0x00000000c3000000, 0x00000000c3000000, 0x00000000c3100000|  0%| F|  |TAMS 0x00000000c3000000, 0x00000000c3000000| Untracked 
|  25|0x00000000c3100000, 0x00000000c3100000, 0x00000000c3200000|  0%| F|  |TAMS 0x00000000c3100000, 0x00000000c3100000| Untracked 
|  26|0x00000000c3200000, 0x00000000c3200000, 0x00000000c3300000|  0%| F|  |TAMS 0x00000000c3200000, 0x00000000c3200000| Untracked 
|  27|0x00000000c3300000, 0x00000000c3300000, 0x00000000c3400000|  0%| F|  |TAMS 0x00000000c3300000, 0x00000000c3300000| Untracked 
|  28|0x00000000c3400000, 0x00000000c3400000, 0x00000000c3500000|  0%| F|  |TAMS 0x00000000c3400000, 0x00000000c3400000| Untracked 
|  29|0x00000000c3500000, 0x00000000c3500000, 0x00000000c3600000|  0%| F|  |TAMS 0x00000000c3500000, 0x00000000c3500000| Untracked 
|  30|0x00000000c3600000, 0x00000000c3600000, 0x00000000c3700000|  0%| F|  |TAMS 0x00000000c3600000, 0x00000000c3600000| Untracked 
|  31|0x00000000c3700000, 0x00000000c3700000, 0x00000000c3800000|  0%| F|  |TAMS 0x00000000c3700000, 0x00000000c3700000| Untracked 
|  32|0x00000000c3800000, 0x00000000c3800000, 0x00000000c3900000|  0%| F|  |TAMS 0x00000000c3800000, 0x00000000c3800000| Untracked 
|  33|0x00000000c3900000, 0x00000000c3900000, 0x00000000c3a00000|  0%| F|  |TAMS 0x00000000c3900000, 0x00000000c3900000| Untracked 
|  34|0x00000000c3a00000, 0x00000000c3a00000, 0x00000000c3b00000|  0%| F|  |TAMS 0x00000000c3a00000, 0x00000000c3a00000| Untracked 
|  35|0x00000000c3b00000, 0x00000000c3b00000, 0x00000000c3c00000|  0%| F|  |TAMS 0x00000000c3b00000, 0x00000000c3b00000| Untracked 
|  36|0x00000000c3c00000, 0x00000000c3cdbf70, 0x00000000c3d00000| 85%| S|CS|TAMS 0x00000000c3c00000, 0x00000000c3c00000| Complete 
|  37|0x00000000c3d00000, 0x00000000c3e00000, 0x00000000c3e00000|100%| S|CS|TAMS 0x00000000c3d00000, 0x00000000c3d00000| Complete 
|  38|0x00000000c3e00000, 0x00000000c3e00000, 0x00000000c3f00000|  0%| F|  |TAMS 0x00000000c3e00000, 0x00000000c3e00000| Untracked 
|  39|0x00000000c3f00000, 0x00000000c3f00000, 0x00000000c4000000|  0%| F|  |TAMS 0x00000000c3f00000, 0x00000000c3f00000| Untracked 
|  40|0x00000000c4000000, 0x00000000c4000000, 0x00000000c4100000|  0%| F|  |TAMS 0x00000000c4000000, 0x00000000c4000000| Untracked 
|  41|0x00000000c4100000, 0x00000000c4100000, 0x00000000c4200000|  0%| F|  |TAMS 0x00000000c4100000, 0x00000000c4100000| Untracked 
|  42|0x00000000c4200000, 0x00000000c4200000, 0x00000000c4300000|  0%| F|  |TAMS 0x00000000c4200000, 0x00000000c4200000| Untracked 
|  43|0x00000000c4300000, 0x00000000c4300000, 0x00000000c4400000|  0%| F|  |TAMS 0x00000000c4300000, 0x00000000c4300000| Untracked 
|  44|0x00000000c4400000, 0x00000000c4400000, 0x00000000c4500000|  0%| F|  |TAMS 0x00000000c4400000, 0x00000000c4400000| Untracked 
|  45|0x00000000c4500000, 0x00000000c4500000, 0x00000000c4600000|  0%| F|  |TAMS 0x00000000c4500000, 0x00000000c4500000| Untracked 
|  46|0x00000000c4600000, 0x00000000c4600000, 0x00000000c4700000|  0%| F|  |TAMS 0x00000000c4600000, 0x00000000c4600000| Untracked 
|  47|0x00000000c4700000, 0x00000000c4700000, 0x00000000c4800000|  0%| F|  |TAMS 0x00000000c4700000, 0x00000000c4700000| Untracked 
|  48|0x00000000c4800000, 0x00000000c4800000, 0x00000000c4900000|  0%| F|  |TAMS 0x00000000c4800000, 0x00000000c4800000| Untracked 
|  49|0x00000000c4900000, 0x00000000c4900000, 0x00000000c4a00000|  0%| F|  |TAMS 0x00000000c4900000, 0x00000000c4900000| Untracked 
|  50|0x00000000c4a00000, 0x00000000c4a00000, 0x00000000c4b00000|  0%| F|  |TAMS 0x00000000c4a00000, 0x00000000c4a00000| Untracked 
|  51|0x00000000c4b00000, 0x00000000c4c00000, 0x00000000c4c00000|100%| E|  |TAMS 0x00000000c4b00000, 0x00000000c4b00000| Complete 
|  52|0x00000000c4c00000, 0x00000000c4d00000, 0x00000000c4d00000|100%| E|CS|TAMS 0x00000000c4c00000, 0x00000000c4c00000| Complete 
|  53|0x00000000c4d00000, 0x00000000c4e00000, 0x00000000c4e00000|100%| E|CS|TAMS 0x00000000c4d00000, 0x00000000c4d00000| Complete 
|  54|0x00000000c4e00000, 0x00000000c4f00000, 0x00000000c4f00000|100%| E|CS|TAMS 0x00000000c4e00000, 0x00000000c4e00000| Complete 
|  55|0x00000000c4f00000, 0x00000000c5000000, 0x00000000c5000000|100%| E|CS|TAMS 0x00000000c4f00000, 0x00000000c4f00000| Complete 
|  56|0x00000000c5000000, 0x00000000c5100000, 0x00000000c5100000|100%| E|CS|TAMS 0x00000000c5000000, 0x00000000c5000000| Complete 
|  57|0x00000000c5100000, 0x00000000c5200000, 0x00000000c5200000|100%| E|CS|TAMS 0x00000000c5100000, 0x00000000c5100000| Complete 
|  58|0x00000000c5200000, 0x00000000c5300000, 0x00000000c5300000|100%| E|CS|TAMS 0x00000000c5200000, 0x00000000c5200000| Complete 
|  59|0x00000000c5300000, 0x00000000c5400000, 0x00000000c5400000|100%| E|CS|TAMS 0x00000000c5300000, 0x00000000c5300000| Complete 
|  60|0x00000000c5400000, 0x00000000c5500000, 0x00000000c5500000|100%| E|CS|TAMS 0x00000000c5400000, 0x00000000c5400000| Complete 
|  61|0x00000000c5500000, 0x00000000c5600000, 0x00000000c5600000|100%| E|CS|TAMS 0x00000000c5500000, 0x00000000c5500000| Complete 
|  62|0x00000000c5600000, 0x00000000c5700000, 0x00000000c5700000|100%| E|CS|TAMS 0x00000000c5600000, 0x00000000c5600000| Complete 
|  63|0x00000000c5700000, 0x00000000c5800000, 0x00000000c5800000|100%| E|CS|TAMS 0x00000000c5700000, 0x00000000c5700000| Complete 

Card table byte_map: [0x00000195e5620000,0x00000195e5820000] _byte_map_base: 0x00000195e5014000

Marking Bits (Prev, Next): (CMBitMap*) 0x00000195cceec500, (CMBitMap*) 0x00000195cceec540
 Prev Bits: [0x00000195e5a20000, 0x00000195e69c0000)
 Next Bits: [0x00000195e69c0000, 0x00000195e7960000)

Polling page: 0x00000195ccd40000

Metaspace:

Usage:
  Non-class:      9.93 MB used.
      Class:      1.32 MB used.
       Both:     11.25 MB used.

Virtual space:
  Non-class space:       16.00 MB reserved,      10.00 MB ( 62%) committed,  2 nodes.
      Class space:        1.00 GB reserved,       1.44 MB ( <1%) committed,  1 nodes.
              Both:        1.02 GB reserved,      11.44 MB (  1%) committed. 

Chunk freelists:
   Non-Class:  624.00 KB
       Class:  2.61 MB
        Both:  3.22 MB

MaxMetaspaceSize: 17179869184.00 GB
CompressedClassSpaceSize: 1.00 GB
 - commit_granule_bytes: 65536.
 - commit_granule_words: 8192.
 - virtual_space_node_default_size: 1048576.
 - enlarge_chunks_in_place: 1.
 - new_chunks_are_fully_committed: 0.
 - uncommit_free_chunks: 1.
 - use_allocation_guard: 0.
 - handle_deallocations: 1.


Internal statistics:

num_allocs_failed_limit: 0.
num_arena_births: 58.
num_arena_deaths: 0.
num_vsnodes_births: 3.
num_vsnodes_deaths: 0.
num_space_committed: 183.
num_space_uncommitted: 0.
num_chunks_returned_to_freelist: 0.
num_chunks_taken_from_freelist: 437.
num_chunk_merges: 0.
num_chunk_splits: 322.
num_chunks_enlarged: 258.
num_purges: 0.

CodeHeap 'non-profiled nmethods': size=120000Kb used=752Kb max_used=752Kb free=119247Kb
 bounds [0x00000195dd8d0000, 0x00000195ddb40000, 0x00000195e4e00000]
CodeHeap 'profiled nmethods': size=120000Kb used=4011Kb max_used=4011Kb free=115988Kb
 bounds [0x00000195d63a0000, 0x00000195d6790000, 0x00000195dd8d0000]
CodeHeap 'non-nmethods': size=5760Kb used=1181Kb max_used=1205Kb free=4578Kb
 bounds [0x00000195d5e00000, 0x00000195d6070000, 0x00000195d63a0000]
 total_blobs=2498 nmethods=2031 adapters=379
 compilation: enabled
              stopped_count=0, restarted_count=0
 full_count=0

Compilation events (20 events):
Event: 3.292 Thread 0x00000195e9eb9070 nmethod 2026 0x00000195dd98bd90 code [0x00000195dd98bf20, 0x00000195dd98bff8]
Event: 3.302 Thread 0x00000195e9eb9070 2030       3       java.nio.Buffer::remaining (20 bytes)
Event: 3.302 Thread 0x00000195e9eb9070 nmethod 2030 0x00000195d6782f90 code [0x00000195d6783140, 0x00000195d67832d8]
Event: 3.303 Thread 0x00000195e9eb9070 2031       3       java.lang.Integer::stringSize (47 bytes)
Event: 3.303 Thread 0x00000195e9eb9070 nmethod 2031 0x00000195d6783390 code [0x00000195d6783540, 0x00000195d6783798]
Event: 3.303 Thread 0x00000195e9eb9070 2036   !   3       java.io.BufferedWriter::write (117 bytes)
Event: 3.305 Thread 0x00000195e9eb9070 nmethod 2036 0x00000195d6783890 code [0x00000195d6783aa0, 0x00000195d6784088]
Event: 3.305 Thread 0x00000195e9eb9070 2033       3       java.io.PrintStream::print (9 bytes)
Event: 3.306 Thread 0x00000195e9eb9070 nmethod 2033 0x00000195d6784410 code [0x00000195d67845c0, 0x00000195d6784738]
Event: 3.306 Thread 0x00000195e9eb9070 2034   !   3       java.io.PrintStream::write (83 bytes)
Event: 3.309 Thread 0x00000195e9eb9070 nmethod 2034 0x00000195d6784810 code [0x00000195d6784ac0, 0x00000195d6785718]
Event: 3.309 Thread 0x00000195e9eb9070 2035       3       java.io.Writer::write (11 bytes)
Event: 3.309 Thread 0x00000195e9eb9070 nmethod 2035 0x00000195d6785d90 code [0x00000195d6785f60, 0x00000195d6786248]
Event: 3.309 Thread 0x00000195e9eb9070 2032       3       java.lang.Integer::getChars (131 bytes)
Event: 3.310 Thread 0x00000195e9eb9070 nmethod 2032 0x00000195d6786390 code [0x00000195d6786560, 0x00000195d6786998]
Event: 3.332 Thread 0x00000195e9eb9070 2037       3       java.lang.StringBuilder::append (8 bytes)
Event: 3.332 Thread 0x00000195e9eb9070 nmethod 2037 0x00000195d6786c10 code [0x00000195d6786dc0, 0x00000195d6786f08]
Event: 3.333 Thread 0x00000195e9eb9070 2039       3       java.lang.AbstractStringBuilder::append (45 bytes)
Event: 3.333 Thread 0x00000195e9eb9070 nmethod 2039 0x00000195d6786f90 code [0x00000195d6787180, 0x00000195d67874c8]
Event: 3.333 Thread 0x00000195e9eb9070 2038   !   3       sun.nio.fs.WindowsPath::initOffsets (153 bytes)

GC Heap History (6 events):
Event: 0.741 GC heap before
{Heap before GC invocations=0 (full 0):
 garbage-first heap   total 65536K, used 12288K [0x00000000c1800000, 0x0000000100000000)
  region size 1024K, 13 young (13312K), 0 survivors (0K)
 Metaspace       used 3519K, committed 3712K, reserved 1056768K
  class space    used 350K, committed 448K, reserved 1048576K
}
Event: 0.754 GC heap after
{Heap after GC invocations=1 (full 0):
 garbage-first heap   total 65536K, used 3096K [0x00000000c1800000, 0x0000000100000000)
  region size 1024K, 2 young (2048K), 2 survivors (2048K)
 Metaspace       used 3519K, committed 3712K, reserved 1056768K
  class space    used 350K, committed 448K, reserved 1048576K
}
Event: 1.346 GC heap before
{Heap before GC invocations=1 (full 0):
 garbage-first heap   total 65536K, used 15384K [0x00000000c1800000, 0x0000000100000000)
  region size 1024K, 14 young (14336K), 2 survivors (2048K)
 Metaspace       used 5024K, committed 5184K, reserved 1056768K
  class space    used 572K, committed 640K, reserved 1048576K
}
Event: 1.352 GC heap after
{Heap after GC invocations=2 (full 0):
 garbage-first heap   total 65536K, used 3764K [0x00000000c1800000, 0x0000000100000000)
  region size 1024K, 1 young (1024K), 1 survivors (1024K)
 Metaspace       used 5024K, committed 5184K, reserved 1056768K
  class space    used 572K, committed 640K, reserved 1048576K
}
Event: 2.468 GC heap before
{Heap before GC invocations=2 (full 0):
 garbage-first heap   total 65536K, used 28340K [0x00000000c1800000, 0x0000000100000000)
  region size 1024K, 26 young (26624K), 1 survivors (1024K)
 Metaspace       used 8998K, committed 9152K, reserved 1064960K
  class space    used 1064K, committed 1152K, reserved 1048576K
}
Event: 2.476 GC heap after
{Heap after GC invocations=3 (full 0):
 garbage-first heap   total 65536K, used 5082K [0x00000000c1800000, 0x0000000100000000)
  region size 1024K, 2 young (2048K), 2 survivors (2048K)
 Metaspace       used 8998K, committed 9152K, reserved 1064960K
  class space    used 1064K, committed 1152K, reserved 1048576K
}

Deoptimization events (20 events):
Event: 1.778 Thread 0x00000195ccebe1d0 DEOPT PACKING pc=0x00000195d65ca811 sp=0x0000000ea26fddb0
Event: 1.778 Thread 0x00000195ccebe1d0 DEOPT UNPACKING pc=0x00000195d5e4dece sp=0x0000000ea26fd208 mode 0
Event: 1.797 Thread 0x00000195ccebe1d0 DEOPT PACKING pc=0x00000195d65ca811 sp=0x0000000ea26fdbc0
Event: 1.797 Thread 0x00000195ccebe1d0 DEOPT UNPACKING pc=0x00000195d5e4dece sp=0x0000000ea26fd018 mode 0
Event: 2.923 Thread 0x00000195ccebe1d0 Uncommon trap: trap_request=0xffffff45 fr.pc=0x00000195dd8f037c relative=0x00000000000001dc
Event: 2.923 Thread 0x00000195ccebe1d0 Uncommon trap: reason=unstable_if action=reinterpret pc=0x00000195dd8f037c method=java.lang.String.startsWith(Ljava/lang/String;I)Z @ 1 c2
Event: 2.923 Thread 0x00000195ccebe1d0 DEOPT PACKING pc=0x00000195dd8f037c sp=0x0000000ea26f7150
Event: 2.923 Thread 0x00000195ccebe1d0 DEOPT UNPACKING pc=0x00000195d5e4d72e sp=0x0000000ea26f70b8 mode 2
Event: 3.072 Thread 0x00000195ccebe1d0 Uncommon trap: trap_request=0xffffff45 fr.pc=0x00000195dd9857ec relative=0x000000000000036c
Event: 3.072 Thread 0x00000195ccebe1d0 Uncommon trap: reason=unstable_if action=reinterpret pc=0x00000195dd9857ec method=org.eclipse.sisu.inject.InjectorBindings.isAssignableFrom(Lcom/google/inject/TypeLiteral;Lcom/google/inject/Binding;)Z @ 14 c2
Event: 3.072 Thread 0x00000195ccebe1d0 DEOPT PACKING pc=0x00000195dd9857ec sp=0x0000000ea26fd600
Event: 3.072 Thread 0x00000195ccebe1d0 DEOPT UNPACKING pc=0x00000195d5e4d72e sp=0x0000000ea26fd5c0 mode 2
Event: 3.332 Thread 0x00000195ccebe1d0 Uncommon trap: trap_request=0xffffff45 fr.pc=0x00000195dd8f2a24 relative=0x00000000000005e4
Event: 3.332 Thread 0x00000195ccebe1d0 Uncommon trap: reason=unstable_if action=reinterpret pc=0x00000195dd8f2a24 method=java.lang.AbstractStringBuilder.append(Ljava/lang/String;)Ljava/lang/AbstractStringBuilder; @ 1 c2
Event: 3.332 Thread 0x00000195ccebe1d0 DEOPT PACKING pc=0x00000195dd8f2a24 sp=0x0000000ea26fdf80
Event: 3.332 Thread 0x00000195ccebe1d0 DEOPT UNPACKING pc=0x00000195d5e4d72e sp=0x0000000ea26fdf00 mode 2
Event: 3.332 Thread 0x00000195ccebe1d0 Uncommon trap: trap_request=0xffffff45 fr.pc=0x00000195dd8fdec4 relative=0x0000000000000604
Event: 3.332 Thread 0x00000195ccebe1d0 Uncommon trap: reason=unstable_if action=reinterpret pc=0x00000195dd8fdec4 method=java.lang.AbstractStringBuilder.append(Ljava/lang/String;)Ljava/lang/AbstractStringBuilder; @ 1 c2
Event: 3.332 Thread 0x00000195ccebe1d0 DEOPT PACKING pc=0x00000195dd8fdec4 sp=0x0000000ea26fdf20
Event: 3.332 Thread 0x00000195ccebe1d0 DEOPT UNPACKING pc=0x00000195d5e4d72e sp=0x0000000ea26fdf08 mode 2

Classes unloaded (0 events):
No events

Classes redefined (0 events):
No events

Internal exceptions (8 events):
Event: 0.547 Thread 0x00000195ccebe1d0 Exception <a 'java/lang/NoSuchMethodError'{0x00000000c4ec05a0}: 'void java.lang.invoke.DirectMethodHandle$Holder.invokeSpecial(java.lang.Object, java.lang.Object, java.lang.Object)'> (0x00000000c4ec05a0) 
thrown [t:\workspace\open\src\hotspot\share\interpreter\linkResolver.cpp, line 790]
Event: 0.945 Thread 0x00000195ccebe1d0 Exception <a 'java/lang/NoSuchMethodError'{0x00000000c553e298}: 'java.lang.Object java.lang.invoke.DirectMethodHandle$Holder.newInvokeSpecial(java.lang.Object, java.lang.Object, java.lang.Object, java.lang.Object, java.lang.Object)'> (0x00000000c553e298) 
thrown [t:\workspace\open\src\hotspot\share\interpreter\linkResolver.cpp, line 790]
Event: 2.667 Thread 0x00000195ccebe1d0 Exception <a 'java/lang/NoClassDefFoundError'{0x00000000c528b248}: com/google/inject/servlet/ServletModuleTargetVisitor> (0x00000000c528b248) 
thrown [t:\workspace\open\src\hotspot\share\classfile\systemDictionary.cpp, line 245]
Event: 2.668 Thread 0x00000195ccebe1d0 Exception <a 'java/lang/NoClassDefFoundError'{0x00000000c528d0d0}: javax/annotation/Priority> (0x00000000c528d0d0) 
thrown [t:\workspace\open\src\hotspot\share\classfile\systemDictionary.cpp, line 245]
Event: 2.958 Thread 0x00000195ccebe1d0 Exception <a 'java/lang/NoSuchMethodError'{0x00000000c50eef28}: 'java.lang.Object java.lang.invoke.DirectMethodHandle$Holder.invokeStatic(java.lang.Object)'> (0x00000000c50eef28) 
thrown [t:\workspace\open\src\hotspot\share\interpreter\linkResolver.cpp, line 790]
Event: 2.963 Thread 0x00000195ccebe1d0 Exception <a 'java/lang/NoSuchMethodError'{0x00000000c50fa030}: 'java.lang.Object java.lang.invoke.DirectMethodHandle$Holder.invokeStaticInit(java.lang.Object, int, int, int, int)'> (0x00000000c50fa030) 
thrown [t:\workspace\open\src\hotspot\share\interpreter\linkResolver.cpp, line 790]
Event: 3.332 Thread 0x00000195ccebe1d0 Implicit null exception at 0x00000195dd8f2472 to 0x00000195dd8f2a0c
Event: 3.332 Thread 0x00000195ccebe1d0 Implicit null exception at 0x00000195dd8fd8f2 to 0x00000195dd8fdeac

Events (20 events):
Event: 2.961 loading class sun/security/provider/AbstractDrbg
Event: 2.961 loading class sun/security/provider/AbstractDrbg done
Event: 2.961 loading class sun/security/provider/AbstractHashDrbg done
Event: 2.961 loading class sun/security/provider/HashDrbg done
Event: 2.962 loading class sun/security/provider/EntropySource
Event: 2.962 loading class sun/security/provider/EntropySource done
Event: 3.009 Executing  VM operation: HandshakeAllThreads
Event: 3.009 Executing  VM operation: HandshakeAllThreads done
Event: 3.085 Executing  VM operation: ICBufferFull
Event: 3.085 Executing  VM operation: ICBufferFull done
Event: 3.124 loading class java/lang/ProcessEnvironment$CheckedKeySet
Event: 3.124 loading class java/lang/ProcessEnvironment$CheckedKeySet done
Event: 3.125 loading class java/util/Stack
Event: 3.140 loading class java/util/Stack done
Event: 3.250 loading class java/util/ArrayList$SubList$1
Event: 3.261 loading class java/util/ArrayList$SubList$1 done
Event: 3.266 loading class java/nio/channels/OverlappingFileLockException
Event: 3.266 loading class java/nio/channels/OverlappingFileLockException done
Event: 3.283 loading class java/util/regex/Pattern$Pos
Event: 3.286 loading class java/util/regex/Pattern$Pos done


Dynamic libraries:
0x00007ff71df40000 - 0x00007ff71df50000 	C:\Program Files\Java\jdk-16.0.2\bin\java.exe
0x00007fff1e090000 - 0x00007fff1e285000 	C:\WINDOWS\SYSTEM32\ntdll.dll
0x00007fff1d470000 - 0x00007fff1d52e000 	C:\WINDOWS\System32\KERNEL32.DLL
0x00007fff1be10000 - 0x00007fff1c0d8000 	C:\WINDOWS\System32\KERNELBASE.dll
0x00007fff1bb20000 - 0x00007fff1bc20000 	C:\WINDOWS\System32\ucrtbase.dll
0x00007fff13dc0000 - 0x00007fff13dd9000 	C:\Program Files\Java\jdk-16.0.2\bin\VCRUNTIME140.dll
0x00007fff03e30000 - 0x00007fff03e48000 	C:\Program Files\Java\jdk-16.0.2\bin\jli.dll
0x00007fff1ddd0000 - 0x00007fff1de7c000 	C:\WINDOWS\System32\ADVAPI32.dll
0x00007fff1de90000 - 0x00007fff1df2e000 	C:\WINDOWS\System32\msvcrt.dll
0x00007fff1df40000 - 0x00007fff1dfdb000 	C:\WINDOWS\System32\sechost.dll
0x00007fff1d070000 - 0x00007fff1d19a000 	C:\WINDOWS\System32\RPCRT4.dll
0x00007fff1d2c0000 - 0x00007fff1d461000 	C:\WINDOWS\System32\USER32.dll
0x00007fff00460000 - 0x00007fff006fa000 	C:\WINDOWS\WinSxS\amd64_microsoft.windows.common-controls_6595b64144ccf1df_6.0.19041.1110_none_60b5254171f9507e\COMCTL32.dll
0x00007fff1bd10000 - 0x00007fff1bd32000 	C:\WINDOWS\System32\win32u.dll
0x00007fff1d290000 - 0x00007fff1d2bb000 	C:\WINDOWS\System32\GDI32.dll
0x00007fff1ba10000 - 0x00007fff1bb1b000 	C:\WINDOWS\System32\gdi32full.dll
0x00007fff10d50000 - 0x00007fff10d5a000 	C:\WINDOWS\SYSTEM32\VERSION.dll
0x00007fff1bd40000 - 0x00007fff1bddd000 	C:\WINDOWS\System32\msvcp_win.dll
0x00007fff1dda0000 - 0x00007fff1ddd0000 	C:\WINDOWS\System32\IMM32.DLL
0x00007fff13fd0000 - 0x00007fff13fdc000 	C:\Program Files\Java\jdk-16.0.2\bin\vcruntime140_1.dll
0x00007fff0a500000 - 0x00007fff0a591000 	C:\Program Files\Java\jdk-16.0.2\bin\msvcp140.dll
0x00007ffede940000 - 0x00007ffedf4eb000 	C:\Program Files\Java\jdk-16.0.2\bin\server\jvm.dll
0x00007fff1de80000 - 0x00007fff1de88000 	C:\WINDOWS\System32\PSAPI.DLL
0x00007ffeff7e0000 - 0x00007ffeff807000 	C:\WINDOWS\SYSTEM32\WINMM.dll
0x00007fff154f0000 - 0x00007fff154f9000 	C:\WINDOWS\SYSTEM32\WSOCK32.dll
0x00007fff1dfe0000 - 0x00007fff1e04b000 	C:\WINDOWS\System32\ws2_32.DLL
0x00007fff19740000 - 0x00007fff19752000 	C:\WINDOWS\SYSTEM32\kernel.appcore.dll
0x00007fff13d20000 - 0x00007fff13d2a000 	C:\Program Files\Java\jdk-16.0.2\bin\jimage.dll
0x00007fff15f60000 - 0x00007fff16144000 	C:\WINDOWS\SYSTEM32\DBGHELP.DLL
0x00007fff02600000 - 0x00007fff0262c000 	C:\WINDOWS\SYSTEM32\dbgcore.DLL
0x00007fff1bc20000 - 0x00007fff1bca3000 	C:\WINDOWS\System32\bcryptPrimitives.dll
0x00007fff0a030000 - 0x00007fff0a055000 	C:\Program Files\Java\jdk-16.0.2\bin\java.dll
0x00007fff1d660000 - 0x00007fff1dd9f000 	C:\WINDOWS\System32\SHELL32.dll
0x00007fff198b0000 - 0x00007fff1a040000 	C:\WINDOWS\SYSTEM32\windows.storage.dll
0x00007fff1c700000 - 0x00007fff1ca55000 	C:\WINDOWS\System32\combase.dll
0x00007fff1b200000 - 0x00007fff1b22e000 	C:\WINDOWS\SYSTEM32\Wldp.dll
0x00007fff1c2f0000 - 0x00007fff1c39d000 	C:\WINDOWS\System32\SHCORE.dll
0x00007fff1d1a0000 - 0x00007fff1d1f5000 	C:\WINDOWS\System32\shlwapi.dll
0x00007fff1b6f0000 - 0x00007fff1b70f000 	C:\WINDOWS\SYSTEM32\profapi.dll
0x00007fff137f0000 - 0x00007fff13809000 	C:\Program Files\Java\jdk-16.0.2\bin\net.dll
0x00007fff07f70000 - 0x00007fff0807c000 	C:\WINDOWS\SYSTEM32\WINHTTP.dll
0x00007fff1ae90000 - 0x00007fff1aefa000 	C:\WINDOWS\system32\mswsock.dll
0x00007fff0a5c0000 - 0x00007fff0a5d3000 	C:\Program Files\Java\jdk-16.0.2\bin\nio.dll
0x00007fff0a5a0000 - 0x00007fff0a5b8000 	C:\Program Files\Java\jdk-16.0.2\bin\zip.dll
0x00007fff13d10000 - 0x00007fff13d20000 	C:\Program Files\Java\jdk-16.0.2\bin\verify.dll
0x00007fff041f0000 - 0x00007fff041fa000 	C:\Program Files\NetBeans-12.5\netbeans\java\maven\lib\jansi-native\windows64\jansi.dll

dbghelp: loaded successfully - version: 4.0.5 - missing functions: none
symbol engine: initialized successfully - sym options: 0x614 - pdb path: .;C:\Program Files\Java\jdk-16.0.2\bin;C:\WINDOWS\SYSTEM32;C:\WINDOWS\WinSxS\amd64_microsoft.windows.common-controls_6595b64144ccf1df_6.0.19041.1110_none_60b5254171f9507e;C:\Program Files\Java\jdk-16.0.2\bin\server;C:\Program Files\NetBeans-12.5\netbeans\java\maven\lib\jansi-native\windows64

VM Arguments:
jvm_args: -Dclassworlds.conf=C:\Program Files\NetBeans-12.5\netbeans\java\maven\bin\..\bin\m2.conf -Dmaven.home=C:\Program Files\NetBeans-12.5\netbeans\java\maven\bin\.. -Dlibrary.jansi.path=C:\Program Files\NetBeans-12.5\netbeans\java\maven\bin\..\lib\jansi-native -Dmaven.multiModuleProjectDirectory=C:\Users\dell\Documents\NetBeansProjects\projetoGit\ContadorDeMercadorias 
java_command: org.codehaus.plexus.classworlds.launcher.Launcher -Dmaven.ext.class.path=C:\Program Files\NetBeans-12.5\netbeans\java\maven-nblib\netbeans-eventspy.jar -Dfile.encoding=UTF-8
java_class_path (initial): C:\Program Files\NetBeans-12.5\netbeans\java\maven\bin\..\boot\plexus-classworlds-2.6.0.jar
Launcher Type: SUN_STANDARD

[Global flags]
     intx CICompilerCount                          = 3                                         {product} {ergonomic}
     uint ConcGCThreads                            = 1                                         {product} {ergonomic}
     uint G1ConcRefinementThreads                  = 4                                         {product} {ergonomic}
   size_t G1HeapRegionSize                         = 1048576                                   {product} {ergonomic}
    uintx GCDrainStackTargetSize                   = 64                                        {product} {ergonomic}
   size_t InitialHeapSize                          = 67108864                                  {product} {ergonomic}
   size_t MarkStackSize                            = 4194304                                   {product} {ergonomic}
   size_t MaxHeapSize                              = 1048576000                                {product} {ergonomic}
   size_t MaxNewSize                               = 629145600                                 {product} {ergonomic}
   size_t MinHeapDeltaBytes                        = 1048576                                   {product} {ergonomic}
   size_t MinHeapSize                              = 8388608                                   {product} {ergonomic}
    uintx NonNMethodCodeHeapSize                   = 5832780                                {pd product} {ergonomic}
    uintx NonProfiledCodeHeapSize                  = 122912730                              {pd product} {ergonomic}
    uintx ProfiledCodeHeapSize                     = 122912730                              {pd product} {ergonomic}
    uintx ReservedCodeCacheSize                    = 251658240                              {pd product} {ergonomic}
     bool SegmentedCodeCache                       = true                                      {product} {ergonomic}
   size_t SoftMaxHeapSize                          = 1048576000                             {manageable} {ergonomic}
     bool UseCompressedClassPointers               = true                           {product lp64_product} {ergonomic}
     bool UseCompressedOops                        = true                           {product lp64_product} {ergonomic}
     bool UseG1GC                                  = true                                      {product} {ergonomic}
     bool UseLargePagesIndividualAllocation        = false                                  {pd product} {ergonomic}

Logging:
Log output configuration:
 #0: stdout all=warning uptime,level,tags
 #1: stderr all=off uptime,level,tags

Environment Variables:
JAVA_HOME=C:\Program Files\Java\jdk-16.0.2
PATH=C:\Program Files\Common Files\Oracle\Java\javapath;C:\Program Files (x86)\Common Files\Oracle\Java\javapath;C:\Program Files\AdoptOpenJDK\jdk-14.0.2.12-hotspot\bin;C:\WINDOWS\system32;C:\WINDOWS;C:\WINDOWS\System32\Wbem;C:\WINDOWS\System32\WindowsPowerShell\v1.0\;C:\WINDOWS\System32\OpenSSH\;C:\Program Files\nodejs\;C:\Program Files (x86)\Intel\Intel(R) Management Engine Components\DAL;C:\Program Files\Intel\Intel(R) Management Engine Components\DAL;C:\MinGW\bin;C:\Program Files\Java\jdk-15.0.2\bin;C:\Program Files\Git\cmd;C:\Program Files\Apache\maven\apache-maven-3.8.3\bin;C:\Program Files\MySQL\MySQL Shell 8.0\bin\;C:\Users\dell\AppData\Local\Microsoft\WindowsApps;C:\Users\dell\AppData\Roaming\npm;C:\MinGW\bin;;C:\Program Files\JetBrains\IntelliJ IDEA Community Edition 2021.2\bin;;C:\Users\dell\AppData\Local\Programs\mongosh\
USERNAME=dell
OS=Windows_NT
PROCESSOR_IDENTIFIER=Intel64 Family 6 Model 142 Stepping 9, GenuineIntel



---------------  S Y S T E M  ---------------

OS:
 Windows 10 , 64 bit Build 19041 (10.0.19041.1348)
OS uptime: 0 days 23:26 hours

CPU: total 4 (initial active 4) (2 cores per cpu, 2 threads per core) family 6 model 142 stepping 9 microcode 0xea, cx8, cmov, fxsr, ht, mmx, 3dnowpref, sse, sse2, sse3, ssse3, sse4.1, sse4.2, popcnt, lzcnt, tsc, tscinvbit, avx, avx2, aes, erms, clmul, bmi1, bmi2, adx, fma, vzeroupper, clflush, clflushopt

Memory: 4k page, system-wide physical 3996M (370M free)
TotalPageFile size 5396M (AvailPageFile size 3M)
current process WorkingSet (physical memory assigned to process): 94M, peak: 94M
current process commit charge ("private bytes"): 163M, peak: 164M

vm_info: Java HotSpot(TM) 64-Bit Server VM (16.0.2+7-67) for windows-amd64 JRE (16.0.2+7-67), built on Jun  8 2021 23:24:19 by "mach5one" with MS VC++ 16.7 (VS2019)

END.
